INFO:root:Program starts to run...
INFO:root:Program starts to run...
INFO:root:Program starts to run...
INFO:root:Program starts to run...
INFO:root:Program starts to run...
INFO:root:Program starts to run...
INFO:root:Program starts to run...
INFO:root:Program starts to run...
INFO:root:Program starts to run...
INFO:root:Program starts to run...
INFO:root:Program starts to run...
INFO:root:Program starts to run...
INFO:root:Program starts to run...
INFO:root:Program starts to run...
INFO:root:Program starts to run...
INFO:root:Program starts to run...
INFO:root:Program starts to run...
INFO:root:Program starts to run...
INFO:root:Program starts to run...
INFO:root:Program starts to run...
INFO:root:Program starts to run...
INFO:root:Program starts to run...
INFO:root:Program starts to run...
INFO:root:Program starts to run...
INFO:root:Program starts to run...
INFO:root:Program starts to run...
INFO:root:Program starts to run...
INFO:root:Program starts to run...
INFO:root:Program starts to run...
INFO:root:Program starts to run...
INFO:root:Program starts to run...
INFO:root:Program starts to run...
INFO:root:Program starts to run...
INFO:root:Program starts to run...
ERROR:root:Unexpected Exception!
Traceback (most recent call last):
  File "/home/pi/PlasticMonkeysCanSat/code/mergeblock/merge.py", line 77, in run
    tails = get_tails(directories,line_length)
  File "/home/pi/PlasticMonkeysCanSat/code/mergeblock/merge.py", line 32, in get_tails
    number = int(all_numbers[-1])
IndexError: list index out of range
ERROR:root:Unexpected Exception!
Traceback (most recent call last):
  File "/home/pi/PlasticMonkeysCanSat/code/mergeblock/merge.py", line 77, in run
    tails = get_tails(directories,line_length)
  File "/home/pi/PlasticMonkeysCanSat/code/mergeblock/merge.py", line 32, in get_tails
    number = int(all_numbers[-1])
IndexError: list index out of range
INFO:root:Program starts to run...
INFO:root:Program starts to run...
INFO:root:Program starts to run...
INFO:root:Program starts to run...
INFO:root:Program starts to run...
INFO:root:Program starts to run...
INFO:root:Program starts to run...
INFO:root:Program starts to run...
INFO:root:Program starts to run...
INFO:root:Program starts to run...
INFO:root:Program starts to run...
INFO:root:Program starts to run...
INFO:root:Program starts to run...
INFO:root:Program starts to run...
