04242019 23:55:30 [ERROR]: negative seek position -1
04242019 23:55:30 [INFO]: b'TX:M\x15\x84\xa1t\xcd\x02t\xa1e\xcd\x01\xdc\xa1r\xcd\x15\x1b\xa1p\xcd\x15\x0c--'
04242019 23:55:30 [INFO]: b'RX:B\x00'
04242019 23:55:30 [INFO]: b'TX:M\x15\x84\xa1t\xcd\x02t\xa1e\xcd\x01\xdc\xa1r\xcd\x15\x1b\xa1p\xcd\x15\x0c--'
04242019 23:55:30 [INFO]: b'RX:B\x00'
04242019 23:55:30 [INFO]: b'TX:M\x15\x84\xa1t\xcd\x02t\xa1e\xcd\x01\xdc\xa1r\xcd\x15\x1b\xa1p\xcd\x15\x0c--'
04242019 23:55:31 [INFO]: b'RX:B\x00'
04242019 23:55:31 [INFO]: b'TX:M\x15\x84\xa1t\xcd\x02t\xa1e\xcd\x01\xdc\xa1r\xcd\x15\x1b\xa1p\xcd\x15\x0c--'
04242019 23:55:31 [INFO]: b'RX:B\x00'
04242019 23:55:31 [INFO]: b'TX:M\x15\x84\xa1t\xcd\x02t\xa1e\xcd\x01\xdc\xa1r\xcd\x15\x1b\xa1p\xcd\x15\x0c--'
04242019 23:55:31 [INFO]: b'RX:B\x00'
04242019 23:55:31 [INFO]: b'TX:M\x12\x83\xa1a\xce\x00\x89T@\xa1o\xce\x01\x12\xa8\x80\xa1h\x00-----'
04242019 23:55:31 [INFO]: b'RX:B\x00'
04242019 23:55:32 [INFO]: b'TX:M\x12\x83\xa1a\xce\x00\x89T@\xa1o\xce\x01\x12\xa8\x80\xa1h\x00-----'
04242019 23:55:32 [INFO]: b'RX:B\x00'
04242019 23:55:32 [INFO]: b'TX:M\x12\x83\xa1a\xce\x00\x89T@\xa1o\xce\x01\x12\xa8\x80\xa1h\x00-----'
04242019 23:55:32 [INFO]: b'RX:B\x00'
04242019 23:55:32 [INFO]: b'TX:M\x12\x83\xa1a\xce\x00\x89T@\xa1o\xce\x01\x12\xa8\x80\xa1h\x00-----'
04242019 23:55:32 [INFO]: b'RX:B\x00'
04242019 23:55:32 [INFO]: b'TX:M\x12\x83\xa1a\xce\x00\x89T@\xa1o\xce\x01\x12\xa8\x80\xa1h\x00-----'
04242019 23:55:33 [INFO]: b'RX:B\x00'
04242019 23:55:33 [INFO]: b'TX:M\x15\x84\xa1t\xcd\x02t\xa1e\xcd\x01\xdc\xa1r\xcd\x15\x1b\xa1p\xcd\x15\x0c--'
04242019 23:55:33 [INFO]: b'RX:B\x00'
04242019 23:55:33 [INFO]: b'TX:M\x12\x83\xa1a\xce\x00\x89T@\xa1o\xce\x01\x12\xa8\x80\xa1h\x00-----'
04242019 23:55:33 [INFO]: b'RX:B\x00'
04242019 23:55:33 [INFO]: b'TX:M\x15\x84\xa1t\xcd\x02t\xa1e\xcd\x01\xdc\xa1r\xcd\x15\x1b\xa1p\xcd\x15\x0c--'
04242019 23:55:34 [INFO]: b'RX:B\x00'
04242019 23:55:34 [INFO]: b'TX:M\x12\x83\xa1a\xce\x00\x89T@\xa1o\xce\x01\x12\xa8\x80\xa1h\x00-----'
04242019 23:55:34 [INFO]: b'RX:B\x00'
04242019 23:55:34 [INFO]: b'TX:M\x12\x83\xa1a\xce\x00\x89T@\xa1o\xce\x01\x12\xa8\x80\xa1h\x00-----'
04242019 23:55:34 [INFO]: b'RX:B\x00'
04242019 23:55:34 [INFO]: b'TX:M\x15\x84\xa1t\xcd\x02t\xa1e\xcd\x01\xdc\xa1r\xcd\x15\x1b\xa1p\xcd\x15\x0c--'
04242019 23:55:34 [INFO]: b'RX:B\x00'
04242019 23:55:34 [INFO]: b'TX:M\x12\x83\xa1a\xce\x00\x89T@\xa1o\xce\x01\x12\xa8\x80\xa1h\x00-----'
04242019 23:55:35 [INFO]: b'RX:B\x00'
04242019 23:55:35 [INFO]: b'TX:M\x15\x84\xa1t\xcd\x02t\xa1e\xcd\x01\xdc\xa1r\xcd\x15\x1b\xa1p\xcd\x15\x0c--'
04242019 23:55:35 [INFO]: b'RX:B\x00'
04242019 23:55:35 [INFO]: b'TX:M\x12\x83\xa1a\xce\x00\x89T@\xa1o\xce\x01\x12\xa8\x80\xa1h\x00-----'
04242019 23:55:35 [INFO]: b'RX:B\x00'
04242019 23:55:35 [INFO]: b'TX:M\x15\x84\xa1t\xcd\x02t\xa1e\xcd\x01\xdc\xa1r\xcd\x15\x1b\xa1p\xcd\x15\r--'
04242019 23:55:35 [INFO]: b'RX:B\x00'
04242019 23:55:36 [INFO]: b'TX:M\x12\x83\xa1a\xce\x00\x89T@\xa1o\xce\x01\x12\xa8\x80\xa1h\x00-----'
04242019 23:55:36 [INFO]: b'RX:B\x00'
04242019 23:55:36 [INFO]: b'TX:M\x15\x84\xa1t\xcd\x02t\xa1e\xcd\x01\xdc\xa1r\xcd\x15\x1b\xa1p\xcd\x15\x0c--'
04242019 23:55:36 [INFO]: b'RX:B\x00'
04242019 23:55:36 [INFO]: b'TX:M\x15\x84\xa1t\xcd\x02t\xa1e\xcd\x01\xdc\xa1r\xcd\x15\x1b\xa1p\xcd\x15\x0c--'
04242019 23:55:36 [INFO]: b'RX:B\x00'
04242019 23:55:36 [INFO]: b'TX:M\x12\x83\xa1a\xce\x00\x89T@\xa1o\xce\x01\x12\xa8\x80\xa1h\x00-----'
04242019 23:55:37 [INFO]: b'RX:B\x00'
04242019 23:55:37 [INFO]: b'TX:M\x15\x84\xa1t\xcd\x02t\xa1e\xcd\x01\xdc\xa1r\xcd\x15\x1b\xa1p\xcd\x15\x0c--'
04242019 23:55:37 [INFO]: b'RX:B\x00'
04242019 23:55:37 [INFO]: b'TX:M\x12\x83\xa1a\xce\x00\x89T@\xa1o\xce\x01\x12\xa8\x80\xa1h\x00-----'
04242019 23:55:37 [INFO]: b'RX:B\x00'
04242019 23:55:37 [INFO]: b'TX:M\x15\x84\xa1t\xcd\x02t\xa1e\xcd\x01\xdc\xa1r\xcd\x15\x1b\xa1p\xcd\x15\x0c--'
04242019 23:55:37 [INFO]: b'RX:B\x00'
04242019 23:55:38 [INFO]: b'TX:M\x12\x83\xa1a\xce\x00\x89T@\xa1o\xce\x01\x12\xa8\x80\xa1h\x00-----'
04242019 23:55:38 [INFO]: b'RX:B\x00'
04242019 23:55:38 [INFO]: b'TX:M\x15\x84\xa1t\xcd\x02t\xa1e\xcd\x01\xdc\xa1r\xcd\x15\x1b\xa1p\xcd\x15\x0c--'
04242019 23:55:38 [INFO]: b'RX:B\x00'
04242019 23:55:38 [INFO]: b'TX:M\x12\x83\xa1a\xce\x00\x89T@\xa1o\xce\x01\x12\xa8\x80\xa1h\x00-----'
04242019 23:55:38 [INFO]: b'RX:B\x00'
04242019 23:55:38 [INFO]: b'TX:M\x15\x84\xa1t\xcd\x02t\xa1e\xcd\x01\xdc\xa1r\xcd\x15\x1b\xa1p\xcd\x15\x0c--'
04242019 23:55:39 [INFO]: b'RX:B\x00'
04242019 23:55:39 [INFO]: b'TX:M\x12\x83\xa1a\xce\x00\x89T@\xa1o\xce\x01\x12\xa8\x80\xa1h\x00-----'
04242019 23:55:39 [INFO]: b'RX:B\x00'
04242019 23:55:39 [INFO]: b'TX:M\x15\x84\xa1t\xcd\x02t\xa1e\xcd\x01\xdc\xa1r\xcd\x15\x1b\xa1p\xcd\x15\r--'
04242019 23:55:39 [INFO]: b'RX:B\x00'
04242019 23:55:39 [INFO]: b'TX:M\x12\x83\xa1a\xce\x00\x89T@\xa1o\xce\x01\x12\xa8\x80\xa1h\x00-----'
04242019 23:55:39 [INFO]: b'RX:B\x00'
04242019 23:55:39 [INFO]: b'TX:M\x15\x84\xa1t\xcd\x02t\xa1e\xcd\x01\xdc\xa1r\xcd\x15\x1b\xa1p\xcd\x15\r--'
04242019 23:55:40 [INFO]: b'RX:B\x00'
04242019 23:55:40 [INFO]: b'TX:M\x12\x83\xa1a\xce\x00\x89T@\xa1o\xce\x01\x12\xa8\x80\xa1h\x00-----'
04242019 23:55:40 [INFO]: b'RX:B\x00'
04242019 23:55:40 [INFO]: b'TX:M\x12\x83\xa1a\xce\x00\x89T@\xa1o\xce\x01\x12\xa8\x80\xa1h\x00-----'
04242019 23:55:40 [INFO]: b'RX:B\x00'
04242019 23:55:40 [INFO]: b'TX:M\x15\x84\xa1t\xcd\x02t\xa1e\xcd\x01\xdc\xa1r\xcd\x15\x1b\xa1p\xcd\x15\r--'
04242019 23:55:41 [INFO]: b'RX:B\x00'
04242019 23:55:41 [INFO]: b'TX:M\x12\x83\xa1a\xce\x00\x89T@\xa1o\xce\x01\x12\xa8\x80\xa1h\x00-----'
04242019 23:55:41 [INFO]: b'RX:B\x00'
04242019 23:55:41 [INFO]: b'TX:M\x15\x84\xa1t\xcd\x02t\xa1e\xcd\x01\xdc\xa1r\xcd\x15\x1b\xa1p\xcd\x15\x0c--'
04242019 23:55:41 [INFO]: b'RX:B\x00'
04242019 23:55:41 [INFO]: b'TX:M\x12\x83\xa1a\xce\x00\x89T@\xa1o\xce\x01\x12\xa8\x80\xa1h\x00-----'
04242019 23:55:41 [INFO]: b'RX:B\x00'
04242019 23:55:41 [INFO]: b'TX:M\x15\x84\xa1t\xcd\x02t\xa1e\xcd\x01\xdc\xa1r\xcd\x15\x1b\xa1p\xcd\x15\x0c--'
04242019 23:55:42 [INFO]: b'RX:B\x00'
04242019 23:55:42 [INFO]: b'TX:M\x12\x83\xa1a\xce\x00\x89T@\xa1o\xce\x01\x12\xa8\x80\xa1h\x00-----'
04242019 23:55:42 [INFO]: b'RX:B\x00'
04242019 23:55:42 [INFO]: b'TX:M\x15\x84\xa1t\xcd\x02t\xa1e\xcd\x01\xdc\xa1r\xcd\x15\x1c\xa1p\xcd\x15\x0c--'
04242019 23:55:42 [INFO]: b'RX:B\x00'
04242019 23:55:42 [INFO]: b'TX:M\x12\x83\xa1a\xce\x00\x89T@\xa1o\xce\x01\x12\xa8\x80\xa1h\x00-----'
04242019 23:55:43 [INFO]: b'RX:B\x00'
04242019 23:55:43 [INFO]: b'TX:M\x15\x84\xa1t\xcd\x02t\xa1e\xcd\x01\xdc\xa1r\xcd\x15\x1b\xa1p\xcd\x15\x0c--'
04242019 23:55:43 [INFO]: b'RX:B\x00'
04242019 23:55:43 [INFO]: b'TX:M\x15\x84\xa1t\xcd\x02t\xa1e\xcd\x01\xdc\xa1r\xcd\x15\x1b\xa1p\xcd\x15\x0c--'
04242019 23:55:43 [INFO]: b'RX:B\x00'
04242019 23:55:43 [INFO]: b'TX:M\x12\x83\xa1a\xce\x00\x89T@\xa1o\xce\x01\x12\xa8\x80\xa1h\x00-----'
04242019 23:55:43 [INFO]: b'RX:B\x00'
04242019 23:55:43 [INFO]: b'TX:M\x15\x84\xa1t\xcd\x02t\xa1e\xcd\x01\xdc\xa1r\xcd\x15\x1c\xa1p\xcd\x15\r--'
04242019 23:55:44 [INFO]: b'RX:B\x00'
04242019 23:55:44 [INFO]: b'TX:M\x12\x83\xa1a\xce\x00\x89T@\xa1o\xce\x01\x12\xa8\x80\xa1h\x00-----'
04242019 23:55:44 [INFO]: b'RX:B\x00'
04242019 23:55:44 [INFO]: b'TX:M\x15\x84\xa1t\xcd\x02t\xa1e\xcd\x01\xdc\xa1r\xcd\x15\x1c\xa1p\xcd\x15\r--'
04242019 23:55:44 [INFO]: b'RX:B\x00'
04242019 23:55:44 [INFO]: b'TX:M\x12\x83\xa1a\xce\x00\x89T@\xa1o\xce\x01\x12\xa8\x80\xa1h\x00-----'
04242019 23:55:45 [INFO]: b'RX:B\x00'
04242019 23:55:45 [ERROR]: Buffer overflow
04242019 23:55:45 [INFO]: b'TX:M\x12\x83\xa1a\xce\x00\x89T@\xa1o\xce\x01\x12\xa8\x80\xa1h\x00-----'
04242019 23:55:45 [INFO]: b'RX:B\x00'
04242019 23:55:45 [INFO]: b'TX:M\x15\x84\xa1t\xcd\x02t\xa1e\xcd\x01\xdc\xa1r\xcd\x15\x1b\xa1p\xcd\x15\x0c--'
04242019 23:55:45 [INFO]: b'RX:B\x00'
04242019 23:55:45 [INFO]: b'TX:M\x12\x83\xa1a\xce\x00\x89T@\xa1o\xce\x01\x12\xa8\x80\xa1h\x00-----'
04242019 23:55:45 [INFO]: b'RX:B\x00'
04242019 23:55:45 [INFO]: b'TX:M\x15\x84\xa1t\xcd\x02t\xa1e\xcd\x01\xdc\xa1r\xcd\x15\x1b\xa1p\xcd\x15\x0c--'
04242019 23:55:46 [INFO]: b'RX:B\x00'
04242019 23:55:46 [INFO]: b'TX:M\x12\x83\xa1a\xce\x00\x89T@\xa1o\xce\x01\x12\xa8\x80\xa1h\x00-----'
04242019 23:55:46 [INFO]: b'RX:B\x00'
04242019 23:55:46 [INFO]: b'TX:M\x15\x84\xa1t\xcd\x02t\xa1e\xcd\x01\xdc\xa1r\xcd\x15\x1b\xa1p\xcd\x15\r--'
04242019 23:55:46 [INFO]: b'RX:B\x00'
04242019 23:55:46 [INFO]: b'TX:M\x12\x83\xa1a\xce\x00\x89T@\xa1o\xce\x01\x12\xa8\x80\xa1h\x00-----'
04242019 23:55:47 [INFO]: b'RX:B\x00'
04242019 23:55:47 [INFO]: b'TX:M\x15\x84\xa1t\xcd\x02t\xa1e\xcd\x01\xdc\xa1r\xcd\x15\x1b\xa1p\xcd\x15\x0e--'
04242019 23:55:47 [INFO]: b'RX:B\x00'
04242019 23:55:47 [INFO]: b'TX:M\x15\x84\xa1t\xcd\x02t\xa1e\xcd\x01\xdc\xa1r\xcd\x15\x1b\xa1p\xcd\x15\x0e--'
04242019 23:55:47 [INFO]: b'RX:B\x00'
04242019 23:55:47 [INFO]: b'TX:M\x12\x83\xa1a\xce\x00\x89T@\xa1o\xce\x01\x12\xa8\x80\xa1h\x00-----'
04242019 23:55:47 [INFO]: b'RX:B\x00'
04242019 23:55:47 [INFO]: b'TX:M\x15\x84\xa1t\xcd\x02t\xa1e\xcd\x01\xdc\xa1r\xcd\x15\x1c\xa1p\xcd\x15\r--'
04242019 23:55:48 [INFO]: b'RX:B\x00'
04242019 23:55:48 [INFO]: b'TX:M\x12\x83\xa1a\xce\x00\x89T@\xa1o\xce\x01\x12\xa8\x80\xa1h\x00-----'
04242019 23:55:48 [INFO]: b'RX:B\x00'
04242019 23:55:48 [ERROR]: Buffer overflow
04242019 23:55:48 [INFO]: b'TX:M\x12\x83\xa1a\xce\x00\x89T@\xa1o\xce\x01\x12\xa8\x80\xa1h\x00-----'
04242019 23:55:48 [INFO]: b'RX:B\x00'
04242019 23:55:48 [INFO]: b'TX:M\x15\x84\xa1t\xcd\x02t\xa1e\xcd\x01\xdc\xa1r\xcd\x15\x1b\xa1p\xcd\x15\x0c--'
04242019 23:55:49 [INFO]: b'RX:B\x00'
04242019 23:55:49 [INFO]: b'TX:M\x12\x83\xa1a\xce\x00\x89T@\xa1o\xce\x01\x12\xa8\x80\xa1h\x00-----'
04242019 23:55:49 [INFO]: b'RX:B\x00'
04242019 23:55:49 [INFO]: b'TX:M\x15\x84\xa1t\xcd\x02u\xa1e\xcd\x01\xdc\xa1r\xcd\x15\x1c\xa1p\xcd\x15\x0c--'
04242019 23:55:49 [INFO]: b'RX:B\x00'
04242019 23:55:49 [INFO]: b'TX:M\x12\x83\xa1a\xce\x00\x89T@\xa1o\xce\x01\x12\xa8\x80\xa1h\x00-----'
04242019 23:55:49 [INFO]: b'RX:B\x00'
04242019 23:55:49 [INFO]: b'TX:M\x15\x84\xa1t\xcd\x02u\xa1e\xcd\x01\xdc\xa1r\xcd\x15\x1c\xa1p\xcd\x15\x0c--'
04242019 23:55:50 [INFO]: b'RX:B\x00'
04242019 23:55:50 [INFO]: b'TX:M\x12\x83\xa1a\xce\x00\x89T@\xa1o\xce\x01\x12\xa8\x80\xa1h\x00-----'
04242019 23:55:50 [INFO]: b'RX:B\x00'
04242019 23:55:50 [INFO]: b'TX:M\x15\x84\xa1t\xcd\x02t\xa1e\xcd\x01\xdc\xa1r\xcd\x15\x1b\xa1p\xcd\x15\r--'
04242019 23:55:50 [INFO]: b'RX:B\x00'
04242019 23:55:50 [INFO]: b'TX:M\x12\x83\xa1a\xce\x00\x89T@\xa1o\xce\x01\x12\xa8\x80\xa1h\x00-----'
04242019 23:55:51 [INFO]: b'RX:B\x00'
04242019 23:55:51 [INFO]: b'TX:M\x15\x84\xa1t\xcd\x02t\xa1e\xcd\x01\xdc\xa1r\xcd\x15\x1b\xa1p\xcd\x15\x0c--'
04242019 23:55:51 [INFO]: b'RX:B\x00'
04242019 23:55:51 [INFO]: b'TX:M\x15\x84\xa1t\xcd\x02t\xa1e\xcd\x01\xdc\xa1r\xcd\x15\x1b\xa1p\xcd\x15\x0c--'
04242019 23:55:51 [INFO]: b'RX:B\x00'
04242019 23:55:51 [INFO]: b'TX:M\x12\x83\xa1a\xce\x00\x89T@\xa1o\xce\x01\x12\xa8\x80\xa1h\x00-----'
04242019 23:55:51 [INFO]: b'RX:B\x00'
04242019 23:55:51 [ERROR]: Buffer overflow
04242019 23:55:51 [INFO]: b'TX:M\x12\x83\xa1a\xce\x00\x89T@\xa1o\xce\x01\x12\xa8\x80\xa1h\x00-----'
04242019 23:55:52 [INFO]: b'RX:B\x00'
04242019 23:55:52 [INFO]: b'TX:M\x15\x84\xa1t\xcd\x02u\xa1e\xcd\x01\xdc\xa1r\xcd\x15\x1b\xa1p\xcd\x15\r--'
04242019 23:55:52 [INFO]: b'RX:B\x00'
04242019 23:55:52 [INFO]: b'TX:M\x12\x83\xa1a\xce\x00\x89T@\xa1o\xce\x01\x12\xa8\x80\xa1h\x00-----'
04242019 23:55:52 [INFO]: b'RX:B\x00'
04242019 23:55:52 [INFO]: b'TX:M\x15\x84\xa1t\xcd\x02u\xa1e\xcd\x01\xdc\xa1r\xcd\x15\x1b\xa1p\xcd\x15\r--'
04242019 23:55:52 [INFO]: b'RX:B\x00'
04242019 23:55:53 [INFO]: b'TX:M\x12\x83\xa1a\xce\x00\x89T@\xa1o\xce\x01\x12\xa8\x80\xa1h\x00-----'
04242019 23:55:53 [INFO]: b'RX:B\x00'
04242019 23:55:53 [INFO]: b'TX:M\x15\x84\xa1t\xcd\x02t\xa1e\xcd\x01\xdc\xa1r\xcd\x15\x1b\xa1p\xcd\x15\x0c--'
04242019 23:55:53 [INFO]: b'RX:B\x00'
04242019 23:55:53 [INFO]: b'TX:M\x12\x83\xa1a\xce\x00\x89T@\xa1o\xce\x01\x12\xa8\x80\xa1h\x00-----'
04242019 23:55:53 [INFO]: b'RX:B\x00'
04242019 23:55:53 [INFO]: b'TX:M\x15\x84\xa1t\xcd\x02t\xa1e\xcd\x01\xdc\xa1r\xcd\x15\x1b\xa1p\xcd\x15\x0c--'
04242019 23:55:54 [INFO]: b'RX:B\x00'
04242019 23:55:54 [INFO]: b'TX:M\x12\x83\xa1a\xce\x00\x89T@\xa1o\xce\x01\x12\xa8\x80\xa1h\x00-----'
04242019 23:55:54 [INFO]: b'RX:B\x00'
04242019 23:55:54 [INFO]: b'TX:M\x15\x84\xa1t\xcd\x02t\xa1e\xcd\x01\xdc\xa1r\xcd\x15\x1b\xa1p\xcd\x15\r--'
04242019 23:55:54 [INFO]: b'RX:B\x00'
04242019 23:55:54 [INFO]: b'TX:M\x12\x83\xa1a\xce\x00\x89T@\xa1o\xce\x01\x12\xa8\x80\xa1h\x00-----'
04242019 23:55:54 [INFO]: b'RX:B\x00'
04242019 23:55:55 [ERROR]: Buffer overflow
04242019 23:55:55 [INFO]: b'TX:M\x15\x84\xa1t\xcd\x02u\xa1e\xcd\x01\xdc\xa1r\xcd\x15\x1b\xa1p\xcd\x15\x0c--'
04242019 23:55:55 [INFO]: b'RX:B\x00'
04242019 23:55:55 [INFO]: b'TX:M\x12\x83\xa1a\xce\x00\x89T@\xa1o\xce\x01\x12\xa8\x80\xa1h\x00-----'
04242019 23:55:55 [INFO]: b'RX:B\x00'
04242019 23:55:55 [INFO]: b'TX:M\x15\x84\xa1t\xcd\x02u\xa1e\xcd\x01\xdc\xa1r\xcd\x15\x1b\xa1p\xcd\x15\x0c--'
04242019 23:55:55 [INFO]: b'RX:B\x00'
04242019 23:55:55 [INFO]: b'TX:M\x12\x83\xa1a\xce\x00\x89T@\xa1o\xce\x01\x12\xa8\x80\xa1h\x00-----'
04242019 23:55:56 [INFO]: b'RX:B\x00'
04242019 23:55:56 [INFO]: b'TX:M\x15\x84\xa1t\xcd\x02t\xa1e\xcd\x01\xdc\xa1r\xcd\x15\x1b\xa1p\xcd\x15\x0c--'
04242019 23:55:56 [INFO]: b'RX:B\x00'
04242019 23:55:56 [INFO]: b'TX:M\x12\x83\xa1a\xce\x00\x89T@\xa1o\xce\x01\x12\xa8\x80\xa1h\x00-----'
04242019 23:55:56 [INFO]: b'RX:B\x00'
04242019 23:55:56 [INFO]: b'TX:M\x15\x84\xa1t\xcd\x02t\xa1e\xcd\x01\xdc\xa1r\xcd\x15\x1b\xa1p\xcd\x15\x0c--'
04242019 23:55:57 [INFO]: b'RX:B\x00'
04242019 23:55:57 [INFO]: b'TX:M\x12\x83\xa1a\xce\x00\x89T@\xa1o\xce\x01\x12\xa8\x80\xa1h\x00-----'
04242019 23:55:57 [INFO]: b'RX:B\x00'
04242019 23:55:57 [INFO]: b'TX:M\x15\x84\xa1t\xcd\x02u\xa1e\xcd\x01\xdc\xa1r\xcd\x15\x1b\xa1p\xcd\x15\x0c--'
04242019 23:55:57 [INFO]: b'RX:B\x00'
04242019 23:55:57 [INFO]: b'TX:M\x12\x83\xa1a\xce\x00\x89T@\xa1o\xce\x01\x12\xa8\x80\xa1h\x00-----'
04242019 23:55:57 [INFO]: b'RX:B\x00'
04242019 23:55:57 [INFO]: b'TX:M\x15\x84\xa1t\xcd\x02u\xa1e\xcd\x01\xdc\xa1r\xcd\x15\x1b\xa1p\xcd\x15\x0c--'
04242019 23:55:58 [INFO]: b'RX:B\x00'
04242019 23:55:58 [ERROR]: Buffer overflow
04242019 23:55:58 [INFO]: b'TX:M\x12\x83\xa1a\xce\x00\x89T@\xa1o\xce\x01\x12\xa8\x80\xa1h\x00-----'
04242019 23:55:58 [INFO]: b'RX:B\x00'
04242019 23:55:58 [INFO]: b'TX:M\x15\x84\xa1t\xcd\x02u\xa1e\xcd\x01\xdc\xa1r\xcd\x15\x1b\xa1p\xcd\x15\r--'
04242019 23:55:58 [INFO]: b'RX:B\x00'
04242019 23:55:58 [INFO]: b'TX:M\x12\x83\xa1a\xce\x00\x89T@\xa1o\xce\x01\x12\xa8\x80\xa1h\x00-----'
04242019 23:55:59 [INFO]: b'RX:B\x00'
04242019 23:55:59 [INFO]: b'TX:M\x15\x84\xa1t\xcd\x02u\xa1e\xcd\x01\xdc\xa1r\xcd\x15\x1b\xa1p\xcd\x15\r--'
04242019 23:55:59 [INFO]: b'RX:B\x00'
04242019 23:55:59 [INFO]: b'TX:M\x12\x83\xa1a\xce\x00\x89T@\xa1o\xce\x01\x12\xa8\x80\xa1h\x00-----'
04242019 23:55:59 [INFO]: b'RX:B\x00'
04242019 23:55:59 [INFO]: b'TX:M\x15\x84\xa1t\xcd\x02u\xa1e\xcd\x01\xdc\xa1r\xcd\x15\x1b\xa1p\xcd\x15\r--'
04242019 23:55:59 [INFO]: b'RX:B\x00'
04242019 23:55:59 [INFO]: b'TX:M\x12\x83\xa1a\xce\x00\x89T@\xa1o\xce\x01\x12\xa8\x80\xa1h\x00-----'
04242019 23:56:00 [INFO]: b'RX:B\x00'
04242019 23:56:00 [INFO]: b'TX:M\x15\x84\xa1t\xcd\x02u\xa1e\xcd\x01\xdc\xa1r\xcd\x15\x1c\xa1p\xcd\x15\x0c--'
04242019 23:56:00 [INFO]: b'RX:B\x00'
04242019 23:56:00 [INFO]: b'TX:M\x12\x83\xa1a\xce\x00\x89T@\xa1o\xce\x01\x12\xa8\x80\xa1h\x00-----'
04242019 23:56:00 [INFO]: b'RX:B\x00'
04242019 23:56:00 [INFO]: b'TX:M\x15\x84\xa1t\xcd\x02u\xa1e\xcd\x01\xdc\xa1r\xcd\x15\x1c\xa1p\xcd\x15\x0c--'
04242019 23:56:01 [INFO]: b'RX:B\x00'
04242019 23:56:01 [INFO]: b'TX:M\x12\x83\xa1a\xce\x00\x89T@\xa1o\xce\x01\x12\xa8\x80\xa1h\x00-----'
04242019 23:56:01 [INFO]: b'RX:B\x00'
04242019 23:56:01 [INFO]: b'TX:M\x15\x84\xa1t\xcd\x02u\xa1e\xcd\x01\xdc\xa1r\xcd\x15\x1b\xa1p\xcd\x15\x0c--'
04242019 23:56:01 [INFO]: b'RX:B\x00'
04242019 23:56:01 [ERROR]: Buffer overflow
04242019 23:56:01 [INFO]: b'TX:M\x12\x83\xa1a\xce\x00\x89T@\xa1o\xce\x01\x12\xa8\x80\xa1h\x00-----'
04242019 23:56:01 [INFO]: b'RX:B\x00'
04242019 23:56:01 [INFO]: b'TX:M\x15\x84\xa1t\xcd\x02u\xa1e\xcd\x01\xdc\xa1r\xcd\x15\x1b\xa1p\xcd\x15\x0c--'
04242019 23:56:02 [INFO]: b'RX:B\x00'
04242019 23:56:02 [INFO]: b'TX:M\x12\x83\xa1a\xce\x00\x89T@\xa1o\xce\x01\x12\xa8\x80\xa1h\x00-----'
04242019 23:56:02 [INFO]: b'RX:B\x00'
04242019 23:56:02 [INFO]: b'TX:M\x15\x84\xa1t\xcd\x02u\xa1e\xcd\x01\xdc\xa1r\xcd\x15\x1b\xa1p\xcd\x15\x0c--'
04242019 23:56:02 [INFO]: b'RX:B\x00'
04242019 23:56:02 [INFO]: b'TX:M\x12\x83\xa1a\xce\x00\x89T@\xa1o\xce\x01\x12\xa8\x80\xa1h\x00-----'
04242019 23:56:03 [INFO]: b'RX:B\x00'
04242019 23:56:03 [INFO]: b'TX:M\x15\x84\xa1t\xcd\x02u\xa1e\xcd\x01\xdc\xa1r\xcd\x15\x1b\xa1p\xcd\x15\x0c--'
04242019 23:56:03 [INFO]: b'RX:B\x00'
04242019 23:56:03 [INFO]: b'TX:M\x12\x83\xa1a\xce\x00\x89T@\xa1o\xce\x01\x12\xa8\x80\xa1h\x00-----'
04242019 23:56:03 [INFO]: b'RX:B\x00'
04242019 23:56:03 [INFO]: b'TX:M\x15\x84\xa1t\xcd\x02u\xa1e\xcd\x01\xdc\xa1r\xcd\x15\x1b\xa1p\xcd\x15\r--'
04242019 23:56:03 [INFO]: b'RX:B\x00'
04242019 23:56:03 [INFO]: b'TX:M\x12\x83\xa1a\xce\x00\x89T@\xa1o\xce\x01\x12\xa8\x80\xa1h\x00-----'
04242019 23:56:04 [INFO]: b'RX:B\x00'
04242019 23:56:04 [INFO]: b'TX:M\x15\x84\xa1t\xcd\x02u\xa1e\xcd\x01\xdc\xa1r\xcd\x15\x1b\xa1p\xcd\x15\x0c--'
04242019 23:56:04 [INFO]: b'RX:B\x00'
04242019 23:56:04 [INFO]: b'TX:M\x12\x83\xa1a\xce\x00\x89T@\xa1o\xce\x01\x12\xa8\x80\xa1h\x00-----'
04242019 23:56:04 [INFO]: b'RX:B\x00'
04242019 23:56:04 [INFO]: b'TX:M\x15\x84\xa1t\xcd\x02u\xa1e\xcd\x01\xdc\xa1r\xcd\x15\x1b\xa1p\xcd\x15\x0c--'
04242019 23:56:05 [ERROR]: Buffer overflow
04242019 23:56:05 [INFO]: b'TX:M\x15\x84\xa1t\xcd\x02u\xa1e\xcd\x01\xdc\xa1r\xcd\x15\x1b\xa1p\xcd\x15\x0c--'
04242019 23:56:05 [INFO]: b'TX:M\x12\x83\xa1a\xce\x00\x89T@\xa1o\xce\x01\x12\xa8\x80\xa1h\x00-----'
04242019 23:56:05 [INFO]: b'RX:B\x00'
04242019 23:56:05 [INFO]: b'TX:M\x12\x83\xa1a\xce\x00\x89T@\xa1o\xce\x01\x12\xa8\x80\xa1h\x00-----'
04242019 23:56:05 [INFO]: b'RX:B\x00'
04242019 23:56:05 [INFO]: b'TX:M\x15\x84\xa1t\xcd\x02u\xa1e\xcd\x01\xdc\xa1r\xcd\x15\x1b\xa1p\xcd\x15\x0c--'
04242019 23:56:06 [INFO]: b'RX:B\x00'
04242019 23:56:06 [INFO]: b'TX:M\x12\x83\xa1a\xce\x00\x89T@\xa1o\xce\x01\x12\xa8\x80\xa1h\x00-----'
04242019 23:56:06 [INFO]: b'RX:B\x00'
04242019 23:56:06 [INFO]: b'TX:M\x15\x84\xa1t\xcd\x02u\xa1e\xcd\x01\xdc\xa1r\xcd\x15\x1c\xa1p\xcd\x15\r--'
04242019 23:56:06 [INFO]: b'RX:B\x00'
04242019 23:56:06 [INFO]: b'TX:M\x12\x83\xa1a\xce\x00\x89T@\xa1o\xce\x01\x12\xa8\x80\xa1h\x00-----'
04242019 23:56:07 [INFO]: b'RX:B\x00'
04242019 23:56:07 [INFO]: b'TX:M\x15\x84\xa1t\xcd\x02u\xa1e\xcd\x01\xdc\xa1r\xcd\x15\x1c\xa1p\xcd\x15\r--'
04242019 23:56:07 [INFO]: b'RX:B\x00'
04242019 23:56:07 [INFO]: b'TX:M\x12\x83\xa1a\xce\x00\x89T@\xa1o\xce\x01\x12\xa8\x80\xa1h\x00-----'
04242019 23:56:07 [INFO]: b'RX:B\x00'
04242019 23:56:07 [INFO]: b'TX:M\x15\x84\xa1t\xcd\x02u\xa1e\xcd\x01\xdc\xa1r\xcd\x15\x1b\xa1p\xcd\x15\x0c--'
04242019 23:56:07 [INFO]: b'RX:B\x00'
04242019 23:56:07 [INFO]: b'TX:M\x12\x83\xa1a\xce\x00\x89T@\xa1o\xce\x01\x12\xa8\x80\xa1h\x00-----'
04242019 23:56:08 [INFO]: b'RX:B\x00'
04242019 23:56:08 [INFO]: b'TX:M\x15\x84\xa1t\xcd\x02u\xa1e\xcd\x01\xdc\xa1r\xcd\x15\x1b\xa1p\xcd\x15\r--'
04242019 23:56:08 [INFO]: b'RX:B\x00'
04242019 23:56:08 [ERROR]: Buffer overflow
04242019 23:56:08 [INFO]: b'TX:M\x12\x83\xa1a\xce\x00\x89T@\xa1o\xce\x01\x12\xa8\x80\xa1h\x00-----'
04242019 23:56:08 [INFO]: b'RX:B\x00'
04242019 23:56:08 [INFO]: b'TX:M\x15\x84\xa1t\xcd\x02u\xa1e\xcd\x01\xdc\xa1r\xcd\x15\x1b\xa1p\xcd\x15\r--'
04242019 23:56:09 [INFO]: b'RX:B\x00'
04242019 23:56:09 [INFO]: b'TX:M\x12\x83\xa1a\xce\x00\x89T@\xa1o\xce\x01\x12\xa8\x80\xa1h\x00-----'
04242019 23:56:09 [INFO]: b'RX:B\x00'
04242019 23:56:09 [INFO]: b'TX:M\x12\x83\xa1a\xce\x00\x89T@\xa1o\xce\x01\x12\xa8\x80\xa1h\x00-----'
04242019 23:56:09 [INFO]: b'RX:B\x00'
04242019 23:56:09 [INFO]: b'TX:M\x15\x84\xa1t\xcd\x02u\xa1e\xcd\x01\xdc\xa1r\xcd\x15\x1b\xa1p\xcd\x15\r--'
04242019 23:56:09 [INFO]: b'RX:B\x00'
04242019 23:56:10 [INFO]: b'TX:M\x15\x84\xa1t\xcd\x02u\xa1e\xcd\x01\xdc\xa1r\xcd\x15\x1b\xa1p\xcd\x15\r--'
04242019 23:56:10 [INFO]: b'RX:B\x00'
04242019 23:56:10 [INFO]: b'TX:M\x12\x83\xa1a\xce\x00\x89T@\xa1o\xce\x01\x12\xa8\x80\xa1h\x00-----'
04242019 23:56:10 [INFO]: b'RX:B\x00'
04242019 23:56:10 [INFO]: b'TX:M\x15\x84\xa1t\xcd\x02u\xa1e\xcd\x01\xdc\xa1r\xcd\x15\x1b\xa1p\xcd\x15\x0c--'
04242019 23:56:10 [INFO]: b'RX:B\x00'
04242019 23:56:10 [INFO]: b'TX:M\x12\x83\xa1a\xce\x00\x89T@\xa1o\xce\x01\x12\xa8\x80\xa1h\x00-----'
04242019 23:56:11 [INFO]: b'RX:B\x00'
04242019 23:56:11 [INFO]: b'TX:M\x15\x84\xa1t\xcd\x02u\xa1e\xcd\x01\xdc\xa1r\xcd\x15\x1b\xa1p\xcd\x15\x0c--'
04242019 23:56:11 [INFO]: b'RX:B\x00'
04242019 23:56:11 [INFO]: b'TX:M\x12\x83\xa1a\xce\x00\x89T@\xa1o\xce\x01\x12\xa8\x80\xa1h\x00-----'
04242019 23:56:11 [INFO]: b'RX:B\x00'
04242019 23:56:11 [INFO]: b'TX:M\x15\x84\xa1t\xcd\x02u\xa1e\xcd\x01\xdc\xa1r\xcd\x15\x1c\xa1p\xcd\x15\r--'
04242019 23:56:11 [INFO]: b'RX:B\x00'
04242019 23:56:11 [ERROR]: Buffer overflow
04242019 23:56:11 [INFO]: b'TX:M\x12\x83\xa1a\xce\x00\x89T@\xa1o\xce\x01\x12\xa8\x80\xa1h\x00-----'
04242019 23:56:12 [INFO]: b'RX:B\x00'
04242019 23:56:12 [INFO]: b'TX:M\x12\x83\xa1a\xce\x00\x89T@\xa1o\xce\x01\x12\xa8\x80\xa1h\x00-----'
04242019 23:56:12 [INFO]: b'RX:B\x00'
04242019 23:56:12 [INFO]: b'TX:M\x15\x84\xa1t\xcd\x02u\xa1e\xcd\x01\xdc\xa1r\xcd\x15\x1b\xa1p\xcd\x15\x0c--'
04242019 23:56:12 [INFO]: b'RX:B\x00'
04242019 23:56:12 [INFO]: b'TX:M\x15\x84\xa1t\xcd\x02u\xa1e\xcd\x01\xdc\xa1r\xcd\x15\x1b\xa1p\xcd\x15\x0c--'
04242019 23:56:13 [INFO]: b'RX:B\x00'
04242019 23:56:13 [INFO]: b'TX:M\x12\x83\xa1a\xce\x00\x89T@\xa1o\xce\x01\x12\xa8\x80\xa1h\x00-----'
04242019 23:56:13 [INFO]: b'RX:B\x00'
04242019 23:56:13 [INFO]: b'TX:M\x15\x84\xa1t\xcd\x02u\xa1e\xcd\x01\xdc\xa1r\xcd\x15\x1b\xa1p\xcd\x15\r--'
04242019 23:56:13 [INFO]: b'RX:B\x00'
04242019 23:56:13 [INFO]: b'TX:M\x12\x83\xa1a\xce\x00\x89T@\xa1o\xce\x01\x12\xa8\x80\xa1h\x00-----'
04242019 23:56:13 [INFO]: b'RX:B\x00'
04242019 23:56:13 [INFO]: b'TX:M\x15\x84\xa1t\xcd\x02u\xa1e\xcd\x01\xdc\xa1r\xcd\x15\x1b\xa1p\xcd\x15\r--'
04242019 23:56:14 [INFO]: b'RX:B\x00'
04242019 23:56:14 [INFO]: b'TX:M\x12\x83\xa1a\xce\x00\x89T@\xa1o\xce\x01\x12\xa8\x80\xa1h\x00-----'
04242019 23:56:14 [INFO]: b'RX:B\x00'
04242019 23:56:14 [INFO]: b'TX:M\x15\x84\xa1t\xcd\x02u\xa1e\xcd\x01\xdc\xa1r\xcd\x15\x1b\xa1p\xcd\x15\x0c--'
04242019 23:56:14 [INFO]: b'RX:B\x00'
04242019 23:56:14 [INFO]: b'TX:M\x12\x83\xa1a\xce\x00\x89T@\xa1o\xce\x01\x12\xa8\x80\xa1h\x00-----'
04242019 23:56:15 [INFO]: b'RX:B\x00'
04242019 23:56:15 [INFO]: b'TX:M\x15\x84\xa1t\xcd\x02u\xa1e\xcd\x01\xdc\xa1r\xcd\x15\x1b\xa1p\xcd\x15\x0c--'
04242019 23:56:15 [INFO]: b'RX:B\x00'
04242019 23:56:15 [ERROR]: Buffer overflow
04242019 23:56:15 [INFO]: b'TX:M\x15\x84\xa1t\xcd\x02u\xa1e\xcd\x01\xdc\xa1r\xcd\x15\x1b\xa1p\xcd\x15\r--'
04242019 23:56:15 [INFO]: b'RX:B\x00'
04242019 23:56:15 [INFO]: b'TX:M\x15\x84\xa1t\xcd\x02u\xa1e\xcd\x01\xdc\xa1r\xcd\x15\x1c\xa1p\xcd\x15\r--'
04242019 23:56:15 [INFO]: b'RX:B\x00'
04242019 23:56:15 [INFO]: b'TX:M\x12\x83\xa1a\xce\x00\x89T@\xa1o\xce\x01\x12\xa8\x80\xa1h\x00-----'
04242019 23:56:16 [INFO]: b'RX:B\x00'
04242019 23:56:16 [INFO]: b'TX:M\x12\x83\xa1a\xce\x00\x89T@\xa1o\xce\x01\x12\xa8\x80\xa1h\x00-----'
04242019 23:56:16 [INFO]: b'RX:B\x00'
04242019 23:56:16 [INFO]: b'TX:M\x15\x84\xa1t\xcd\x02u\xa1e\xcd\x01\xdc\xa1r\xcd\x15\x1b\xa1p\xcd\x15\x0c--'
04242019 23:56:16 [INFO]: b'RX:B\x00'
04242019 23:56:16 [INFO]: b'TX:M\x12\x83\xa1a\xce\x00\x89T@\xa1o\xce\x01\x12\xa8\x80\xa1h\x00-----'
04242019 23:56:17 [INFO]: b'RX:B\x00'
04242019 23:56:17 [INFO]: b'TX:M\x15\x84\xa1t\xcd\x02u\xa1e\xcd\x01\xdc\xa1r\xcd\x15\x1b\xa1p\xcd\x15\x0c--'
04242019 23:56:17 [INFO]: b'RX:B\x00'
04242019 23:56:17 [INFO]: b'TX:M\x15\x84\xa1t\xcd\x02u\xa1e\xcd\x01\xdc\xa1r\xcd\x15\x1b\xa1p\xcd\x15\x0c--'
04242019 23:56:17 [INFO]: b'RX:B\x00'
04242019 23:56:17 [INFO]: b'TX:M\x12\x83\xa1a\xce\x00\x89T@\xa1o\xce\x01\x12\xa8\x80\xa1h\x00-----'
04242019 23:56:17 [INFO]: b'RX:B\x00'
04242019 23:56:17 [INFO]: b'TX:M\x15\x84\xa1t\xcd\x02u\xa1e\xcd\x01\xdc\xa1r\xcd\x15\x1b\xa1p\xcd\x15\x0c--'
04242019 23:56:18 [INFO]: b'RX:B\x00'
04242019 23:56:18 [INFO]: b'TX:M\x12\x83\xa1a\xce\x00\x89T@\xa1o\xce\x01\x12\xa8\x80\xa1h\x00-----'
04242019 23:56:18 [INFO]: b'RX:B\x00'
04242019 23:56:18 [INFO]: b'TX:M\x15\x84\xa1t\xcd\x02u\xa1e\xcd\x01\xdc\xa1r\xcd\x15\x1b\xa1p\xcd\x15\x0c--'
04242019 23:56:18 [INFO]: b'RX:B\x00'
04242019 23:56:18 [ERROR]: Buffer overflow
04242019 23:56:18 [INFO]: b'TX:M\x12\x83\xa1a\xce\x00\x89T@\xa1o\xce\x01\x12\xa8\x80\xa1h\x00-----'
04242019 23:56:19 [INFO]: b'RX:B\x00'
04242019 23:56:19 [INFO]: b'TX:M\x15\x84\xa1t\xcd\x02u\xa1e\xcd\x01\xdc\xa1r\xcd\x15\x1b\xa1p\xcd\x15\r--'
04242019 23:56:19 [INFO]: b'RX:B\x00'
04242019 23:56:19 [INFO]: b'TX:M\x12\x83\xa1a\xce\x00\x89T@\xa1o\xce\x01\x12\xa8\x80\xa1h\x00-----'
04242019 23:56:19 [INFO]: b'RX:B\x00'
04242019 23:56:19 [INFO]: b'TX:M\x15\x84\xa1t\xcd\x02u\xa1e\xcd\x01\xdc\xa1r\xcd\x15\x1b\xa1p\xcd\x15\r--'
04242019 23:56:19 [INFO]: b'RX:B\x00'
04242019 23:56:19 [INFO]: b'TX:M\x12\x83\xa1a\xce\x00\x89T@\xa1o\xce\x01\x12\xa8\x80\xa1h\x00-----'
04242019 23:56:20 [INFO]: b'RX:B\x00'
04242019 23:56:20 [INFO]: b'TX:M\x12\x83\xa1a\xce\x00\x89T@\xa1o\xce\x01\x12\xa8\x80\xa1h\x00-----'
04242019 23:56:20 [INFO]: b'RX:B\x00'
04242019 23:56:20 [INFO]: b'TX:M\x15\x84\xa1t\xcd\x02u\xa1e\xcd\x01\xdc\xa1r\xcd\x15\x1b\xa1p\xcd\x15\r--'
04242019 23:56:20 [INFO]: b'RX:B\x00'
04242019 23:56:20 [INFO]: b'TX:M\x12\x83\xa1a\xce\x00\x89T@\xa1o\xce\x01\x12\xa8\x80\xa1h\x00-----'
04242019 23:56:20 [INFO]: b'RX:B\x00'
04242019 23:56:21 [INFO]: b'TX:M\x15\x84\xa1t\xcd\x02u\xa1e\xcd\x01\xdc\xa1r\xcd\x15\x1b\xa1p\xcd\x15\r--'
04242019 23:56:21 [INFO]: b'RX:B\x00'
04242019 23:56:21 [INFO]: b'TX:M\x15\x84\xa1t\xcd\x02u\xa1e\xcd\x01\xdc\xa1r\xcd\x15\x1b\xa1p\xcd\x15\x0c--'
04242019 23:56:21 [INFO]: b'RX:B\x00'
04242019 23:56:21 [INFO]: b'TX:M\x12\x83\xa1a\xce\x00\x89T@\xa1o\xce\x01\x12\xa8\x80\xa1h\x00-----'
04242019 23:56:21 [INFO]: b'RX:B\x00'
04242019 23:56:21 [INFO]: b'TX:M\x15\x84\xa1t\xcd\x02u\xa1e\xcd\x01\xdc\xa1r\xcd\x15\x1b\xa1p\xcd\x15\x0c--'
04242019 23:56:22 [INFO]: b'RX:B\x00'
04242019 23:56:22 [ERROR]: Buffer overflow
04242019 23:56:22 [INFO]: b'TX:M\x12\x83\xa1a\xce\x00\x89T@\xa1o\xce\x01\x12\xa8\x80\xa1h\x00-----'
04242019 23:56:22 [INFO]: b'RX:B\x00'
04242019 23:56:22 [INFO]: b'TX:M\x15\x84\xa1t\xcd\x02u\xa1e\xcd\x01\xdc\xa1r\xcd\x15\x1b\xa1p\xcd\x15\r--'
04242019 23:56:22 [INFO]: b'RX:B\x00'
04242019 23:56:22 [INFO]: b'TX:M\x12\x83\xa1a\xce\x00\x89T@\xa1o\xce\x01\x12\xa8\x80\xa1h\x00-----'
04242019 23:56:22 [INFO]: b'RX:B\x00'
04242019 23:56:23 [INFO]: b'TX:M\x12\x83\xa1a\xce\x00\x89T@\xa1o\xce\x01\x12\xa8\x80\xa1h\x00-----'
04242019 23:56:23 [INFO]: b'RX:B\x00'
04242019 23:56:23 [INFO]: b'TX:M\x15\x84\xa1t\xcd\x02u\xa1e\xcd\x01\xdc\xa1r\xcd\x15\x1b\xa1p\xcd\x15\r--'
04242019 23:56:23 [INFO]: b'RX:B\x00'
04242019 23:56:23 [INFO]: b'TX:M\x12\x83\xa1a\xce\x00\x89T@\xa1o\xce\x01\x12\xa8\x80\xa1h\x00-----'
04242019 23:56:23 [INFO]: b'RX:B\x00'
04242019 23:56:23 [INFO]: b'TX:M\x15\x84\xa1t\xcd\x02u\xa1e\xcd\x01\xdc\xa1r\xcd\x15\x1b\xa1p\xcd\x15\r--'
04242019 23:56:24 [INFO]: b'RX:B\x00'
04242019 23:56:24 [INFO]: b'TX:M\x12\x83\xa1a\xce\x00\x89T@\xa1o\xce\x01\x12\xa8\x80\xa1h\x00-----'
04242019 23:56:24 [INFO]: b'RX:B\x00'
04242019 23:56:24 [INFO]: b'TX:M\x15\x84\xa1t\xcd\x02u\xa1e\xcd\x01\xdc\xa1r\xcd\x15\x1b\xa1p\xcd\x15\r--'
04242019 23:56:24 [INFO]: b'RX:B\x00'
04242019 23:56:24 [INFO]: b'TX:M\x15\x84\xa1t\xcd\x02u\xa1e\xcd\x01\xdc\xa1r\xcd\x15\x1b\xa1p\xcd\x15\r--'
04242019 23:56:24 [INFO]: b'RX:B\x00'
04242019 23:56:25 [INFO]: b'TX:M\x12\x83\xa1a\xce\x00\x89T@\xa1o\xce\x01\x12\xa8\x80\xa1h\x00-----'
04242019 23:56:25 [INFO]: b'RX:B\x00'
04242019 23:56:25 [INFO]: b'TX:M\x15\x84\xa1t\xcd\x02u\xa1e\xcd\x01\xdc\xa1r\xcd\x15\x1b\xa1p\xcd\x15\r--'
04242019 23:56:25 [INFO]: b'RX:B\x00'
04242019 23:56:25 [ERROR]: Buffer overflow
04242019 23:56:25 [INFO]: b'TX:M\x12\x83\xa1a\xce\x00\x89T@\xa1o\xce\x01\x12\xa8\x80\xa1h\x00-----'
04242019 23:56:25 [INFO]: b'RX:B\x00'
04242019 23:56:25 [INFO]: b'TX:M\x12\x83\xa1a\xce\x00\x89T@\xa1o\xce\x01\x12\xa8\x80\xa1h\x00-----'
04242019 23:56:26 [INFO]: b'RX:B\x00'
04242019 23:56:26 [INFO]: b'TX:M\x15\x84\xa1t\xcd\x02u\xa1e\xcd\x01\xdc\xa1r\xcd\x15\x1b\xa1p\xcd\x15\x0c--'
04242019 23:56:26 [INFO]: b'RX:B\x00'
04242019 23:56:26 [INFO]: b'TX:M\x12\x83\xa1a\xce\x00\x89T@\xa1o\xce\x01\x12\xa8\x80\xa1h\x00-----'
04242019 23:56:26 [INFO]: b'RX:B\x00'
04242019 23:56:26 [INFO]: b'TX:M\x15\x84\xa1t\xcd\x02u\xa1e\xcd\x01\xdc\xa1r\xcd\x15\x1b\xa1p\xcd\x15\x0c--'
04242019 23:56:26 [INFO]: b'RX:B\x00'
04242019 23:56:27 [INFO]: b'TX:M\x12\x83\xa1a\xce\x00\x89T@\xa1o\xce\x01\x12\xa8\x80\xa1h\x00-----'
04242019 23:56:27 [INFO]: b'RX:B\x00'
04242019 23:56:27 [INFO]: b'TX:M\x15\x84\xa1t\xcd\x02u\xa1e\xcd\x01\xdc\xa1r\xcd\x15\x1b\xa1p\xcd\x15\x0c--'
04242019 23:56:27 [INFO]: b'RX:B\x00'
04242019 23:56:27 [INFO]: b'TX:M\x12\x83\xa1a\xce\x00\x89T@\xa1o\xce\x01\x12\xa8\x80\xa1h\x00-----'
04242019 23:56:27 [INFO]: b'RX:B\x00'
04242019 23:56:27 [INFO]: b'TX:M\x15\x84\xa1t\xcd\x02u\xa1e\xcd\x01\xdc\xa1r\xcd\x15\x1b\xa1p\xcd\x15\r--'
04242019 23:56:28 [INFO]: b'RX:B\x00'
04242019 23:56:28 [INFO]: b'TX:M\x15\x84\xa1t\xcd\x02u\xa1e\xcd\x01\xdc\xa1r\xcd\x15\x1b\xa1p\xcd\x15\r--'
04242019 23:56:28 [INFO]: b'RX:B\x00'
04242019 23:56:28 [INFO]: b'TX:M\x12\x83\xa1a\xce\x00\x89T@\xa1o\xce\x01\x12\xa8\x80\xa1h\x00-----'
04242019 23:56:28 [INFO]: b'RX:B\x00'
04242019 23:56:28 [INFO]: b'TX:M\x15\x84\xa1t\xcd\x02u\xa1e\xcd\x01\xdc\xa1r\xcd\x15\x1b\xa1p\xcd\x15\r--'
04242019 23:56:28 [INFO]: b'RX:B\x00'
04242019 23:56:29 [ERROR]: Buffer overflow
04242019 23:56:29 [INFO]: b'TX:M\x12\x83\xa1a\xce\x00\x89T@\xa1o\xce\x01\x12\xa8\x80\xa1h\x00-----'
04242019 23:56:29 [INFO]: b'RX:B\x00'
04242019 23:56:29 [INFO]: b'TX:M\x15\x84\xa1t\xcd\x02u\xa1e\xcd\x01\xdc\xa1r\xcd\x15\x1b\xa1p\xcd\x15\x0c--'
04242019 23:56:29 [INFO]: b'RX:B\x00'
04242019 23:56:29 [INFO]: b'TX:M\x12\x83\xa1a\xce\x00\x89T@\xa1o\xce\x01\x12\xa8\x80\xa1h\x00-----'
04242019 23:56:29 [INFO]: b'RX:B\x00'
04242019 23:56:29 [INFO]: b'TX:M\x12\x83\xa1a\xce\x00\x89T@\xa1o\xce\x01\x12\xa8\x80\xa1h\x00-----'
04242019 23:56:30 [INFO]: b'RX:B\x00'
04242019 23:56:30 [INFO]: b'TX:M\x15\x84\xa1t\xcd\x02u\xa1e\xcd\x01\xdc\xa1r\xcd\x15\x1b\xa1p\xcd\x15\x0c--'
04242019 23:56:30 [INFO]: b'RX:B\x00'
04242019 23:56:30 [INFO]: b'TX:M\x12\x83\xa1a\xce\x00\x89T@\xa1o\xce\x01\x12\xa8\x80\xa1h\x00-----'
04242019 23:56:30 [INFO]: b'RX:B\x00'
04242019 23:56:30 [INFO]: b'TX:M\x15\x84\xa1t\xcd\x02u\xa1e\xcd\x01\xdc\xa1r\xcd\x15\x1b\xa1p\xcd\x15\x0c--'
04242019 23:56:30 [INFO]: b'RX:B\x00'
04242019 23:56:31 [INFO]: b'TX:M\x12\x83\xa1a\xce\x00\x89T@\xa1o\xce\x01\x12\xa8\x80\xa1h\x00-----'
04242019 23:56:31 [INFO]: b'RX:B\x00'
04242019 23:56:31 [INFO]: b'TX:M\x15\x84\xa1t\xcd\x02u\xa1e\xcd\x01\xdc\xa1r\xcd\x15\x1b\xa1p\xcd\x15\x0c--'
04242019 23:56:31 [INFO]: b'RX:B\x00'
04242019 23:56:31 [INFO]: b'TX:M\x12\x83\xa1a\xce\x00\x89T@\xa1o\xce\x01\x12\xa8\x80\xa1h\x00-----'
04242019 23:56:31 [INFO]: b'RX:B\x00'
04242019 23:56:31 [INFO]: b'TX:M\x15\x84\xa1t\xcd\x02u\xa1e\xcd\x01\xdc\xa1r\xcd\x15\x1b\xa1p\xcd\x15\x0c--'
04242019 23:56:32 [INFO]: b'RX:B\x00'
04242019 23:56:32 [INFO]: b'TX:M\x12\x83\xa1a\xce\x00\x89T@\xa1o\xce\x01\x12\xa8\x80\xa1h\x00-----'
04242019 23:56:32 [INFO]: b'RX:B\x00'
04242019 23:56:32 [ERROR]: Buffer overflow
04242019 23:56:32 [INFO]: b'TX:M\x12\x83\xa1a\xce\x00\x89T@\xa1o\xce\x01\x12\xa8\x80\xa1h\x00-----'
04242019 23:56:32 [INFO]: b'RX:B\x00'
04242019 23:56:32 [INFO]: b'TX:M\x12\x83\xa1a\xce\x00\x89T@\xa1o\xce\x01\x12\xa8\x80\xa1h\x00-----'
04242019 23:56:32 [INFO]: b'RX:B\x00'
04242019 23:56:33 [INFO]: b'TX:M\x15\x84\xa1t\xcd\x02u\xa1e\xcd\x01\xdc\xa1r\xcd\x15\x1b\xa1p\xcd\x15\x0c--'
04242019 23:56:33 [INFO]: b'RX:B\x00'
04242019 23:56:33 [INFO]: b'TX:M\x12\x83\xa1a\xce\x00\x89T@\xa1o\xce\x01\x12\xa8\x80\xa1h\x00-----'
04242019 23:56:33 [INFO]: b'RX:B\x00'
04242019 23:56:33 [INFO]: b'TX:M\x15\x84\xa1t\xcd\x02u\xa1e\xcd\x01\xdc\xa1r\xcd\x15\x1b\xa1p\xcd\x15\r--'
04242019 23:56:33 [INFO]: b'RX:B\x00'
04242019 23:56:33 [INFO]: b'TX:M\x12\x83\xa1a\xce\x00\x89T@\xa1o\xce\x01\x12\xa8\x80\xa1h\x00-----'
04242019 23:56:34 [INFO]: b'RX:B\x00'
04242019 23:56:34 [INFO]: b'TX:M\x15\x84\xa1t\xcd\x02u\xa1e\xcd\x01\xdc\xa1r\xcd\x15\x1b\xa1p\xcd\x15\r--'
04242019 23:56:34 [INFO]: b'RX:B\x00'
04242019 23:56:34 [INFO]: b'TX:M\x12\x83\xa1a\xce\x00\x89T@\xa1o\xce\x01\x12\xa8\x80\xa1h\x00-----'
04242019 23:56:34 [INFO]: b'RX:B\x00'
04242019 23:56:34 [INFO]: b'TX:M\x15\x84\xa1t\xcd\x02u\xa1e\xcd\x01\xdc\xa1r\xcd\x15\x1b\xa1p\xcd\x15\x0c--'
04242019 23:56:34 [INFO]: b'RX:B\x00'
04242019 23:56:35 [INFO]: b'TX:M\x12\x83\xa1a\xce\x00\x89T@\xa1o\xce\x01\x12\xa8\x80\xa1h\x00-----'
04242019 23:56:35 [INFO]: b'RX:B\x00'
04242019 23:56:35 [INFO]: b'TX:M\x15\x84\xa1t\xcd\x02u\xa1e\xcd\x01\xdc\xa1r\xcd\x15\x1b\xa1p\xcd\x15\x0c--'
04242019 23:56:35 [INFO]: b'RX:B\x00'
04242019 23:56:35 [INFO]: b'TX:M\x12\x83\xa1a\xce\x00\x89T@\xa1o\xce\x01\x12\xa8\x80\xa1h\x00-----'
04242019 23:56:35 [INFO]: b'RX:B\x00'
04242019 23:56:35 [ERROR]: Buffer overflow
04242019 23:56:35 [INFO]: b'TX:M\x12\x83\xa1a\xce\x00\x89T@\xa1o\xce\x01\x12\xa8\x80\xa1h\x00-----'
04242019 23:56:36 [INFO]: b'RX:B\x00'
04242019 23:56:36 [INFO]: b'TX:M\x12\x83\xa1a\xce\x00\x89T@\xa1o\xce\x01\x12\xa8\x80\xa1h\x00-----'
04242019 23:56:36 [INFO]: b'RX:B\x00'
04242019 23:56:36 [INFO]: b'TX:M\x15\x84\xa1t\xcd\x02u\xa1e\xcd\x01\xdc\xa1r\xcd\x15\x1b\xa1p\xcd\x15\r--'
04242019 23:56:36 [INFO]: b'TX:M\x12\x83\xa1a\xce\x00\x89T@\xa1o\xce\x01\x12\xa8\x80\xa1h\x00-----'
04242019 23:56:36 [INFO]: b'RX:B\x00'
04242019 23:56:37 [INFO]: b'TX:M\x15\x84\xa1t\xcd\x02u\xa1e\xcd\x01\xdc\xa1r\xcd\x15\x1b\xa1p\xcd\x15\r--'
04242019 23:56:37 [INFO]: b'RX:B\x00'
04242019 23:56:37 [INFO]: b'TX:M\x12\x83\xa1a\xce\x00\x89T@\xa1o\xce\x01\x12\xa8\x80\xa1h\x00-----'
04242019 23:56:37 [INFO]: b'RX:B\x00'
04242019 23:56:37 [INFO]: b'TX:M\x15\x84\xa1t\xcd\x02u\xa1e\xcd\x01\xdc\xa1r\xcd\x15\x1b\xa1p\xcd\x15\x0c--'
04242019 23:56:37 [INFO]: b'RX:B\x00'
04242019 23:56:37 [INFO]: b'TX:M\x12\x83\xa1a\xce\x00\x89T@\xa1o\xce\x01\x12\xa8\x80\xa1h\x00-----'
04242019 23:56:38 [INFO]: b'RX:B\x00'
04242019 23:56:38 [INFO]: b'TX:M\x15\x84\xa1t\xcd\x02u\xa1e\xcd\x01\xdc\xa1r\xcd\x15\x1b\xa1p\xcd\x15\x0c--'
04242019 23:56:38 [INFO]: b'RX:B\x00'
04242019 23:56:38 [INFO]: b'TX:M\x12\x83\xa1a\xce\x00\x89T@\xa1o\xce\x01\x12\xa8\x80\xa1h\x00-----'
04242019 23:56:38 [INFO]: b'RX:B\x00'
04242019 23:56:38 [INFO]: b'TX:M\x15\x84\xa1t\xcd\x02u\xa1e\xcd\x01\xdc\xa1r\xcd\x15\x1b\xa1p\xcd\x15\x0c--'
04242019 23:56:38 [INFO]: b'RX:B\x00'
04242019 23:56:38 [ERROR]: Buffer overflow
04242019 23:56:39 [INFO]: b'TX:M\x15\x84\xa1t\xcd\x02u\xa1e\xcd\x01\xdc\xa1r\xcd\x15\x1b\xa1p\xcd\x15\x0c--'
04242019 23:56:39 [INFO]: b'RX:B\x00'
04242019 23:56:39 [INFO]: b'TX:M\x12\x83\xa1a\xce\x00\x89T@\xa1o\xce\x01\x12\xa8\x80\xa1h\x00-----'
04242019 23:56:39 [INFO]: b'RX:B\x00'
04242019 23:56:39 [INFO]: b'TX:M\x12\x83\xa1a\xce\x00\x89T@\xa1o\xce\x01\x12\xa8\x80\xa1h\x00-----'
04242019 23:56:39 [INFO]: b'RX:B\x00'
04242019 23:56:39 [INFO]: b'TX:M\x15\x84\xa1t\xcd\x02u\xa1e\xcd\x01\xdc\xa1r\xcd\x15\x1c\xa1p\xcd\x15\r--'
04242019 23:56:40 [INFO]: b'RX:B\x00'
04242019 23:56:40 [INFO]: b'TX:M\x12\x83\xa1a\xce\x00\x89T@\xa1o\xce\x01\x12\xa8\x80\xa1h\x00-----'
04242019 23:56:40 [INFO]: b'RX:B\x00'
04242019 23:56:40 [INFO]: b'TX:M\x15\x84\xa1t\xcd\x02u\xa1e\xcd\x01\xdc\xa1r\xcd\x15\x1c\xa1p\xcd\x15\r--'
04242019 23:56:40 [INFO]: b'RX:B\x00'
04242019 23:56:40 [INFO]: b'TX:M\x12\x83\xa1a\xce\x00\x89T@\xa1o\xce\x01\x12\xa8\x80\xa1h\x00-----'
04242019 23:56:40 [INFO]: b'RX:B\x00'
04242019 23:56:41 [INFO]: b'TX:M\x15\x84\xa1t\xcd\x02u\xa1e\xcd\x01\xdc\xa1r\xcd\x15\x1b\xa1p\xcd\x15\x0c--'
04242019 23:56:41 [INFO]: b'RX:B\x00'
04242019 23:56:41 [INFO]: b'TX:M\x12\x83\xa1a\xce\x00\x89T@\xa1o\xce\x01\x12\xa8\x80\xa1h\x00-----'
04242019 23:56:41 [INFO]: b'RX:B\x00'
04242019 23:56:41 [INFO]: b'TX:M\x15\x84\xa1t\xcd\x02u\xa1e\xcd\x01\xdc\xa1r\xcd\x15\x1b\xa1p\xcd\x15\r--'
04242019 23:56:41 [INFO]: b'RX:B\x00'
04242019 23:56:41 [INFO]: b'TX:M\x12\x83\xa1a\xce\x00\x89T@\xa1o\xce\x01\x12\xa8\x80\xa1h\x00-----'
04242019 23:56:42 [INFO]: b'RX:B\x00'
04242019 23:56:42 [INFO]: b'TX:M\x15\x84\xa1t\xcd\x02u\xa1e\xcd\x01\xdc\xa1r\xcd\x15\x1b\xa1p\xcd\x15\r--'
04242019 23:56:42 [INFO]: b'RX:B\x00'
04242019 23:56:42 [ERROR]: Buffer overflow
04242019 23:56:42 [INFO]: b'TX:M\x15\x84\xa1t\xcd\x02u\xa1e\xcd\x01\xdc\xa1r\xcd\x15\x1b\xa1p\xcd\x15\x0e--'
04242019 23:56:42 [INFO]: b'RX:B\x00'
04242019 23:56:42 [INFO]: b'TX:M\x12\x83\xa1a\xce\x00\x89T@\xa1o\xce\x01\x12\xa8\x80\xa1h\x00-----'
04242019 23:56:42 [INFO]: b'RX:B\x00'
04242019 23:56:42 [INFO]: b'TX:M\x12\x83\xa1a\xce\x00\x89T@\xa1o\xce\x01\x12\xa8\x80\xa1h\x00-----'
04242019 23:56:43 [INFO]: b'RX:B\x00'
04242019 23:56:43 [INFO]: b'TX:M\x15\x84\xa1t\xcd\x02u\xa1e\xcd\x01\xdc\xa1r\xcd\x15\x1b\xa1p\xcd\x15\x0e--'
04242019 23:56:43 [INFO]: b'RX:B\x00'
04242019 23:56:43 [INFO]: b'TX:M\x12\x83\xa1a\xce\x00\x89T@\xa1o\xce\x01\x12\xa8\x80\xa1h\x00-----'
04242019 23:56:43 [INFO]: b'RX:B\x00'
04242019 23:56:43 [INFO]: b'TX:M\x15\x84\xa1t\xcd\x02u\xa1e\xcd\x01\xdc\xa1r\xcd\x15\x1b\xa1p\xcd\x15\r--'
04242019 23:56:44 [INFO]: b'RX:B\x00'
04242019 23:56:44 [INFO]: b'TX:M\x12\x83\xa1a\xce\x00\x89T@\xa1o\xce\x01\x12\xa8\x80\xa1h\x00-----'
04242019 23:56:44 [INFO]: b'RX:B\x00'
04242019 23:56:44 [INFO]: b'TX:M\x15\x84\xa1t\xcd\x02u\xa1e\xcd\x01\xdc\xa1r\xcd\x15\x1b\xa1p\xcd\x15\r--'
04242019 23:56:44 [INFO]: b'RX:B\x00'
04242019 23:56:44 [INFO]: b'TX:M\x12\x83\xa1a\xce\x00\x89T@\xa1o\xce\x01\x12\xa8\x80\xa1h\x00-----'
04242019 23:56:44 [INFO]: b'RX:B\x00'
04242019 23:56:44 [INFO]: b'TX:M\x15\x84\xa1t\xcd\x02u\xa1e\xcd\x01\xdc\xa1r\xcd\x15\x1b\xa1p\xcd\x15\x0b--'
04242019 23:56:45 [INFO]: b'RX:B\x00'
04242019 23:56:45 [INFO]: b'TX:M\x12\x83\xa1a\xce\x00\x89T@\xa1o\xce\x01\x12\xa8\x80\xa1h\x00-----'
04242019 23:56:45 [INFO]: b'RX:B\x00'
04242019 23:56:45 [INFO]: b'TX:M\x15\x84\xa1t\xcd\x02u\xa1e\xcd\x01\xdc\xa1r\xcd\x15\x1b\xa1p\xcd\x15\r--'
04242019 23:56:45 [INFO]: b'RX:B\x00'
04242019 23:56:45 [ERROR]: Buffer overflow
04242019 23:56:45 [INFO]: b'TX:M\x12\x83\xa1a\xce\x00\x89T@\xa1o\xce\x01\x12\xa8\x80\xa1h\x00-----'
04242019 23:56:46 [INFO]: b'RX:B\x00'
04242019 23:56:46 [INFO]: b'TX:M\x15\x84\xa1t\xcd\x02u\xa1e\xcd\x01\xdc\xa1r\xcd\x15\x1c\xa1p\xcd\x15\x0c--'
04242019 23:56:46 [INFO]: b'RX:B\x00'
04242019 23:56:46 [INFO]: b'TX:M\x12\x83\xa1a\xce\x00\x89T@\xa1o\xce\x01\x12\xa8\x80\xa1h\x00-----'
04242019 23:56:46 [INFO]: b'RX:B\x00'
04242019 23:56:46 [INFO]: b'TX:M\x15\x84\xa1t\xcd\x02u\xa1e\xcd\x01\xdc\xa1r\xcd\x15\x1b\xa1p\xcd\x15\r--'
04242019 23:56:46 [INFO]: b'RX:B\x00'
04242019 23:56:46 [INFO]: b'TX:M\x12\x83\xa1a\xce\x00\x89T@\xa1o\xce\x01\x12\xa8\x80\xa1h\x00-----'
04242019 23:56:47 [INFO]: b'RX:B\x00'
04242019 23:56:47 [INFO]: b'TX:M\x15\x84\xa1t\xcd\x02u\xa1e\xcd\x01\xdc\xa1r\xcd\x15\x1b\xa1p\xcd\x15\r--'
04242019 23:56:47 [INFO]: b'RX:B\x00'
04242019 23:56:47 [INFO]: b'TX:M\x12\x83\xa1a\xce\x00\x89T@\xa1o\xce\x01\x12\xa8\x80\xa1h\x00-----'
04242019 23:56:47 [INFO]: b'RX:B\x00'
04242019 23:56:47 [INFO]: b'TX:M\x15\x84\xa1t\xcd\x02u\xa1e\xcd\x01\xdc\xa1r\xcd\x15\x1b\xa1p\xcd\x15\r--'
04242019 23:56:48 [INFO]: b'RX:B\x00'
04242019 23:56:48 [INFO]: b'TX:M\x12\x83\xa1a\xce\x00\x89T@\xa1o\xce\x01\x12\xa8\x80\xa1h\x00-----'
04242019 23:56:48 [INFO]: b'RX:B\x00'
04242019 23:56:48 [INFO]: b'TX:M\x15\x84\xa1t\xcd\x02u\xa1e\xcd\x01\xdc\xa1r\xcd\x15\x1b\xa1p\xcd\x15\r--'
04242019 23:56:48 [INFO]: b'RX:B\x00'
04242019 23:56:48 [INFO]: b'TX:M\x12\x83\xa1a\xce\x00\x89T@\xa1o\xce\x01\x12\xa8\x80\xa1h\x00-----'
04242019 23:56:48 [INFO]: b'RX:B\x00'
04242019 23:56:48 [INFO]: b'TX:M\x15\x84\xa1t\xcd\x02u\xa1e\xcd\x01\xdc\xa1r\xcd\x15\x1b\xa1p\xcd\x15\x0c--'
04242019 23:56:49 [INFO]: b'RX:B\x00'
04242019 23:56:49 [ERROR]: Buffer overflow
04242019 23:56:49 [INFO]: b'TX:M\x12\x83\xa1a\xce\x00\x89T@\xa1o\xce\x01\x12\xa8\x80\xa1h\x00-----'
04242019 23:56:49 [INFO]: b'RX:"\x00'
04242019 23:56:49 [INFO]: b'TX:M\x15\x84\xa1t\xcd\x02u\xa1e\xcd\x01\xdc\xa1r\xcd\x15\x1c\xa1p\xcd\x15\r--'
04242019 23:56:49 [INFO]: b'RX:B\x00'
04242019 23:56:49 [INFO]: b'TX:M\x12\x83\xa1a\xce\x00\x89T@\xa1o\xce\x01\x12\xa8\x80\xa1h\x00-----'
04242019 23:56:50 [INFO]: b'RX:B\x00'
04242019 23:56:50 [INFO]: b'TX:M\x15\x84\xa1t\xcd\x02u\xa1e\xcd\x01\xdc\xa1r\xcd\x15\x1b\xa1p\xcd\x15\r--'
04242019 23:56:50 [INFO]: b'RX:B\x00'
04242019 23:56:50 [INFO]: b'TX:M\x12\x83\xa1a\xce\x00\x89T@\xa1o\xce\x01\x12\xa8\x80\xa1h\x00-----'
04242019 23:56:50 [INFO]: b'RX:B\x00'
04242019 23:56:50 [INFO]: b'TX:M\x15\x84\xa1t\xcd\x02u\xa1e\xcd\x01\xdc\xa1r\xcd\x15\x1b\xa1p\xcd\x15\r--'
04242019 23:56:50 [INFO]: b'RX:B\x00'
04242019 23:56:50 [INFO]: b'TX:M\x12\x83\xa1a\xce\x00\x89T@\xa1o\xce\x01\x12\xa8\x80\xa1h\x00-----'
04242019 23:56:51 [INFO]: b'RX:B\x00'
04242019 23:56:51 [INFO]: b'TX:M\x15\x84\xa1t\xcd\x02u\xa1e\xcd\x01\xdc\xa1r\xcd\x15\x1b\xa1p\xcd\x15\r--'
04242019 23:56:51 [INFO]: b'RX:B\x00'
04242019 23:56:51 [INFO]: b'TX:M\x12\x83\xa1a\xce\x00\x89T@\xa1o\xce\x01\x12\xa8\x80\xa1h\x00-----'
04242019 23:56:51 [INFO]: b'RX:B\x00'
04242019 23:56:51 [INFO]: b'TX:M\x15\x84\xa1t\xcd\x02u\xa1e\xcd\x01\xdc\xa1r\xcd\x15\x1b\xa1p\xcd\x15\r--'
04242019 23:56:52 [INFO]: b'RX:B\x00'
04242019 23:56:52 [INFO]: b'TX:M\x12\x83\xa1a\xce\x00\x89T@\xa1o\xce\x01\x12\xa8\x80\xa1h\x00-----'
04242019 23:56:52 [INFO]: b'RX:B\x00'
04242019 23:56:52 [INFO]: b'TX:M\x15\x84\xa1t\xcd\x02u\xa1e\xcd\x01\xdc\xa1r\xcd\x15\x1b\xa1p\xcd\x15\r--'
04242019 23:56:52 [INFO]: b'RX:B\x00'
04242019 23:56:52 [ERROR]: Buffer overflow
04242019 23:56:52 [INFO]: b'TX:M\x12\x83\xa1a\xce\x00\x89T@\xa1o\xce\x01\x12\xa8\x80\xa1h\x00-----'
