04242019 15:11:50 [ERROR]: negative seek position -1
04242019 15:11:50 [INFO]: b'TX:M\x15\x84\xa1r\xcd\x15\x1d\xa1e\xcd\x01\xdf\xa1t\xcd\x02k\xa1p\xcd\x15\x0e--'
04242019 15:11:51 [INFO]: b'RX:B\x00'
04242019 15:11:51 [INFO]: b'TX:M\x15\x84\xa1r\xcd\x15\x1e\xa1e\xcd\x01\xdf\xa1t\xcd\x02k\xa1p\xcd\x15\x0e--'
04242019 15:11:51 [INFO]: b'RX:B\x00'
04242019 15:11:51 [INFO]: b'TX:M\x15\x84\xa1r\xcd\x15\x1e\xa1e\xcd\x01\xdf\xa1t\xcd\x02k\xa1p\xcd\x15\r--'
04242019 15:11:51 [INFO]: b'RX:B\x00'
04242019 15:11:51 [INFO]: b'TX:M\x15\x84\xa1r\xcd\x15\x1d\xa1e\xcd\x01\xdf\xa1t\xcd\x02k\xa1p\xcd\x15\x0e--'
04242019 15:11:51 [INFO]: b'RX:B\x00'
04242019 15:11:51 [INFO]: b'TX:M\x15\x84\xa1r\xcd\x15\x1d\xa1e\xcd\x01\xdf\xa1t\xcd\x02k\xa1p\xcd\x15\x0e--'
04242019 15:11:52 [INFO]: b'RX:B\x00'
04242019 15:11:52 [INFO]: b'TX:M\x12\x83\xa1h\x00\xa1a\xce\x00\x89T@\xa1o\xce\x01\x12\xa8\x80-----'
04242019 15:11:52 [INFO]: b'RX:B\x00'
04242019 15:11:52 [INFO]: b'TX:M\x12\x83\xa1h\x00\xa1a\xce\x00\x89T@\xa1o\xce\x01\x12\xa8\x80-----'
04242019 15:11:52 [INFO]: b'RX:B\x00'
04242019 15:11:52 [INFO]: b'TX:M\x12\x83\xa1h\x00\xa1a\xce\x00\x89T@\xa1o\xce\x01\x12\xa8\x80-----'
04242019 15:11:53 [INFO]: b'RX:B\x00'
04242019 15:11:53 [INFO]: b'TX:M\x12\x83\xa1h\x00\xa1a\xce\x00\x89T@\xa1o\xce\x01\x12\xa8\x80-----'
04242019 15:11:53 [INFO]: b'RX:B\x00'
04242019 15:11:53 [INFO]: b'TX:M\x12\x83\xa1h\x00\xa1a\xce\x00\x89T@\xa1o\xce\x01\x12\xa8\x80-----'
04242019 15:11:53 [INFO]: b'RX:B\x00'
04242019 15:11:53 [INFO]: b'TX:M\x15\x84\xa1r\xcd\x15\x1e\xa1e\xcd\x01\xdf\xa1t\xcd\x02k\xa1p\xcd\x15\x0e--'
04242019 15:11:53 [INFO]: b'RX:B\x00'
04242019 15:11:53 [INFO]: b'TX:M\x12\x83\xa1h\x00\xa1a\xce\x00\x89T@\xa1o\xce\x01\x12\xa8\x80-----'
04242019 15:11:54 [INFO]: b'RX:B\x00'
04242019 15:11:54 [INFO]: b'TX:M\x15\x84\xa1r\xcd\x15\x1e\xa1e\xcd\x01\xdf\xa1t\xcd\x02k\xa1p\xcd\x15\x0e--'
04242019 15:11:54 [INFO]: b'RX:B\x00'
04242019 15:11:54 [INFO]: b'TX:M\x12\x83\xa1h\x00\xa1a\xce\x00\x89T@\xa1o\xce\x01\x12\xa8\x80-----'
04242019 15:11:54 [INFO]: b'RX:B\x00'
04242019 15:11:54 [INFO]: b'TX:M\x15\x84\xa1r\xcd\x15\x1d\xa1e\xcd\x01\xdf\xa1t\xcd\x02k\xa1p\xcd\x15\x0e--'
04242019 15:11:55 [INFO]: b'RX:B\x00'
04242019 15:11:55 [INFO]: b'TX:M\x12\x83\xa1h\x00\xa1a\xce\x00\x89T@\xa1o\xce\x01\x12\xa8\x80-----'
04242019 15:11:55 [INFO]: b'RX:B\x00'
04242019 15:11:55 [INFO]: b'TX:M\x15\x84\xa1r\xcd\x15\x1d\xa1e\xcd\x01\xdf\xa1t\xcd\x02k\xa1p\xcd\x15\x0e--'
04242019 15:11:55 [INFO]: b'RX:B\x00'
04242019 15:11:55 [INFO]: b'TX:M\x12\x83\xa1h\x00\xa1a\xce\x00\x89T@\xa1o\xce\x01\x12\xa8\x80-----'
04242019 15:11:55 [INFO]: b'RX:B\x00'
04242019 15:11:55 [INFO]: b'TX:M\x15\x84\xa1r\xcd\x15\x1d\xa1e\xcd\x01\xdf\xa1t\xcd\x02k\xa1p\xcd\x15\x0e--'
04242019 15:11:56 [INFO]: b'RX:B\x00'
04242019 15:11:56 [INFO]: b'TX:M\x12\x83\xa1h\x00\xa1a\xce\x00\x89T@\xa1o\xce\x01\x12\xa8\x80-----'
04242019 15:11:56 [INFO]: b'RX:B\x00'
04242019 15:11:56 [INFO]: b'TX:M\x15\x84\xa1r\xcd\x15\x1d\xa1e\xcd\x01\xdf\xa1t\xcd\x02k\xa1p\xcd\x15\x0e--'
04242019 15:11:56 [INFO]: b'RX:B\x00'
04242019 15:11:56 [INFO]: b'TX:M\x12\x83\xa1h\x00\xa1a\xce\x00\x89T@\xa1o\xce\x01\x12\xa8\x80-----'
04242019 15:11:57 [INFO]: b'RX:B\x00'
04242019 15:11:57 [INFO]: b'TX:M\x15\x84\xa1r\xcd\x15\x1d\xa1e\xcd\x01\xdf\xa1t\xcd\x02k\xa1p\xcd\x15\x0e--'
04242019 15:11:57 [INFO]: b'RX:B\x00'
04242019 15:11:57 [INFO]: b'TX:M\x12\x83\xa1h\x00\xa1a\xce\x00\x89T@\xa1o\xce\x01\x12\xa8\x80-----'
04242019 15:11:57 [INFO]: b'RX:B\x00'
04242019 15:11:57 [INFO]: b'TX:M\x15\x84\xa1r\xcd\x15\x1e\xa1e\xcd\x01\xdf\xa1t\xcd\x02k\xa1p\xcd\x15\x0e--'
04242019 15:11:57 [INFO]: b'RX:B\x00'
04242019 15:11:57 [INFO]: b'TX:M\x12\x83\xa1h\x00\xa1a\xce\x00\x89T@\xa1o\xce\x01\x12\xa8\x80-----'
04242019 15:11:58 [INFO]: b'RX:B\x00'
04242019 15:11:58 [INFO]: b'TX:M\x15\x84\xa1r\xcd\x15\x1d\xa1e\xcd\x01\xdf\xa1t\xcd\x02k\xa1p\xcd\x15\x0e--'
04242019 15:11:58 [INFO]: b'RX:B\x00'
04242019 15:11:58 [INFO]: b'TX:M\x12\x83\xa1h\x00\xa1a\xce\x00\x89T@\xa1o\xce\x01\x12\xa8\x80-----'
04242019 15:11:58 [INFO]: b'RX:B\x00'
04242019 15:11:58 [INFO]: b'TX:M\x15\x84\xa1r\xcd\x15\x1d\xa1e\xcd\x01\xdf\xa1t\xcd\x02k\xa1p\xcd\x15\x0e--'
04242019 15:11:59 [INFO]: b'RX:B\x00'
04242019 15:11:59 [INFO]: b'TX:M\x12\x83\xa1h\x00\xa1a\xce\x00\x89T@\xa1o\xce\x01\x12\xa8\x80-----'
04242019 15:11:59 [INFO]: b'RX:B\x00'
04242019 15:11:59 [INFO]: b'TX:M\x15\x84\xa1r\xcd\x15\x1d\xa1e\xcd\x01\xdf\xa1t\xcd\x02k\xa1p\xcd\x15\x0f--'
04242019 15:11:59 [INFO]: b'RX:B\x00'
04242019 15:11:59 [INFO]: b'TX:M\x12\x83\xa1h\x00\xa1a\xce\x00\x89T@\xa1o\xce\x01\x12\xa8\x80-----'
04242019 15:11:59 [INFO]: b'RX:B\x00'
04242019 15:11:59 [INFO]: b'TX:M\x15\x84\xa1r\xcd\x15\x1d\xa1e\xcd\x01\xdf\xa1t\xcd\x02k\xa1p\xcd\x15\x0f--'
04242019 15:12:00 [INFO]: b'RX:B\x00'
04242019 15:12:00 [INFO]: b'TX:M\x12\x83\xa1h\x00\xa1a\xce\x00\x89T@\xa1o\xce\x01\x12\xa8\x80-----'
04242019 15:12:00 [INFO]: b'RX:B\x00'
04242019 15:12:00 [INFO]: b'TX:M\x15\x84\xa1r\xcd\x15\x1e\xa1e\xcd\x01\xdf\xa1t\xcd\x02k\xa1p\xcd\x15\r--'
04242019 15:12:00 [INFO]: b'RX:B\x00'
04242019 15:12:00 [INFO]: b'TX:M\x12\x83\xa1h\x00\xa1a\xce\x00\x89T@\xa1o\xce\x01\x12\xa8\x80-----'
04242019 15:12:01 [INFO]: b'RX:B\x00'
04242019 15:12:01 [INFO]: b'TX:M\x15\x84\xa1r\xcd\x15\x1d\xa1e\xcd\x01\xdf\xa1t\xcd\x02k\xa1p\xcd\x15\r--'
04242019 15:12:01 [INFO]: b'RX:B\x00'
04242019 15:12:01 [INFO]: b'TX:M\x12\x83\xa1h\x00\xa1a\xce\x00\x89T@\xa1o\xce\x01\x12\xa8\x80-----'
04242019 15:12:01 [INFO]: b'RX:B\x00'
04242019 15:12:01 [INFO]: b'TX:M\x15\x84\xa1r\xcd\x15\x1d\xa1e\xcd\x01\xdf\xa1t\xcd\x02k\xa1p\xcd\x15\x0e--'
04242019 15:12:01 [INFO]: b'RX:B\x00'
04242019 15:12:01 [INFO]: b'TX:M\x12\x83\xa1h\x00\xa1a\xce\x00\x89T@\xa1o\xce\x01\x12\xa8\x80-----'
04242019 15:12:02 [INFO]: b'RX:B\x00'
04242019 15:12:02 [INFO]: b'TX:M\x15\x84\xa1r\xcd\x15\x1d\xa1e\xcd\x01\xdf\xa1t\xcd\x02k\xa1p\xcd\x15\x0e--'
04242019 15:12:02 [INFO]: b'RX:B\x00'
04242019 15:12:02 [INFO]: b'TX:M\x12\x83\xa1h\x00\xa1a\xce\x00\x89T@\xa1o\xce\x01\x12\xa8\x80-----'
04242019 15:12:02 [INFO]: b'RX:B\x00'
04242019 15:12:02 [INFO]: b'TX:M\x15\x84\xa1r\xcd\x15\x1d\xa1e\xcd\x01\xdf\xa1t\xcd\x02k\xa1p\xcd\x15\x0e--'
04242019 15:12:03 [INFO]: b'RX:B\x00'
04242019 15:12:03 [INFO]: b'TX:M\x12\x83\xa1h\x00\xa1a\xce\x00\x89T@\xa1o\xce\x01\x12\xa8\x80-----'
04242019 15:12:03 [INFO]: b'RX:B\x00'
04242019 15:12:03 [INFO]: b'TX:M\x15\x84\xa1r\xcd\x15\x1d\xa1e\xcd\x01\xdf\xa1t\xcd\x02k\xa1p\xcd\x15\x0e--'
04242019 15:12:03 [INFO]: b'RX:B\x00'
04242019 15:12:03 [INFO]: b'TX:M\x12\x83\xa1h\x00\xa1a\xce\x00\x89T@\xa1o\xce\x01\x12\xa8\x80-----'
04242019 15:12:03 [INFO]: b'RX:B\x00'
04242019 15:12:03 [INFO]: b'TX:M\x15\x84\xa1r\xcd\x15\x1d\xa1e\xcd\x01\xdf\xa1t\xcd\x02k\xa1p\xcd\x15\x0e--'
04242019 15:12:04 [INFO]: b'RX:B\x00'
04242019 15:12:04 [INFO]: b'TX:M\x12\x83\xa1h\x00\xa1a\xce\x00\x89T@\xa1o\xce\x01\x12\xa8\x80-----'
04242019 15:12:04 [INFO]: b'RX:B\x00'
04242019 15:12:04 [INFO]: b'TX:M\x15\x84\xa1r\xcd\x15\x1d\xa1e\xcd\x01\xdf\xa1t\xcd\x02k\xa1p\xcd\x15\x0e--'
04242019 15:12:04 [INFO]: b'RX:B\x00'
04242019 15:12:04 [INFO]: b'TX:M\x12\x83\xa1h\x00\xa1a\xce\x00\x89T@\xa1o\xce\x01\x12\xa8\x80-----'
04242019 15:12:05 [INFO]: b'RX:B\x00'
04242019 15:12:05 [INFO]: b'TX:M\x12\x83\xa1h\x00\xa1a\xce\x00\x89T@\xa1o\xce\x01\x12\xa8\x80-----'
04242019 15:12:05 [INFO]: b'RX:B\x00'
04242019 15:12:05 [ERROR]: Buffer overflow
04242019 15:12:05 [INFO]: b'TX:M\x12\x83\xa1h\x00\xa1a\xce\x00\x89T@\xa1o\xce\x01\x12\xa8\x80-----'
04242019 15:12:05 [INFO]: b'RX:B\x00'
04242019 15:12:05 [INFO]: b'TX:M\x15\x84\xa1r\xcd\x15\x1e\xa1e\xcd\x01\xdf\xa1t\xcd\x02k\xa1p\xcd\x15\x0e--'
04242019 15:12:05 [INFO]: b'RX:B\x00'
04242019 15:12:05 [INFO]: b'TX:M\x12\x83\xa1h\x00\xa1a\xce\x00\x89T@\xa1o\xce\x01\x12\xa8\x80-----'
04242019 15:12:06 [INFO]: b'RX:B\x00'
04242019 15:12:06 [INFO]: b'TX:M\x15\x84\xa1r\xcd\x15\x1e\xa1e\xcd\x01\xdf\xa1t\xcd\x02k\xa1p\xcd\x15\x0e--'
04242019 15:12:06 [INFO]: b'RX:B\x00'
04242019 15:12:06 [INFO]: b'TX:M\x12\x83\xa1h\x00\xa1a\xce\x00\x89T@\xa1o\xce\x01\x12\xa8\x80-----'
04242019 15:12:06 [INFO]: b'RX:B\x00'
04242019 15:12:06 [INFO]: b'TX:M\x15\x84\xa1r\xcd\x15\x1e\xa1e\xcd\x01\xdf\xa1t\xcd\x02k\xa1p\xcd\x15\x0e--'
04242019 15:12:07 [INFO]: b'RX:B\x00'
04242019 15:12:07 [INFO]: b'TX:M\x12\x83\xa1h\x00\xa1a\xce\x00\x89T@\xa1o\xce\x01\x12\xa8\x80-----'
04242019 15:12:07 [INFO]: b'RX:B\x00'
04242019 15:12:07 [INFO]: b'TX:M\x15\x84\xa1r\xcd\x15\x1d\xa1e\xcd\x01\xdf\xa1t\xcd\x02k\xa1p\xcd\x15\x0e--'
04242019 15:12:07 [INFO]: b'RX:B\x00'
04242019 15:12:07 [INFO]: b'TX:M\x12\x83\xa1h\x00\xa1a\xce\x00\x89T@\xa1o\xce\x01\x12\xa8\x80-----'
04242019 15:12:07 [INFO]: b'RX:B\x00'
04242019 15:12:07 [INFO]: b'TX:M\x15\x84\xa1r\xcd\x15\x1e\xa1e\xcd\x01\xdf\xa1t\xcd\x02k\xa1p\xcd\x15\x0e--'
04242019 15:12:08 [INFO]: b'RX:B\x00'
04242019 15:12:08 [INFO]: b'TX:M\x12\x83\xa1h\x00\xa1a\xce\x00\x89T@\xa1o\xce\x01\x12\xa8\x80-----'
04242019 15:12:08 [INFO]: b'RX:B\x00'
04242019 15:12:08 [INFO]: b'TX:M\x15\x84\xa1r\xcd\x15\x1e\xa1e\xcd\x01\xdf\xa1t\xcd\x02k\xa1p\xcd\x15\x0e--'
04242019 15:12:08 [INFO]: b'RX:B\x00'
04242019 15:12:08 [ERROR]: Buffer overflow
04242019 15:12:08 [INFO]: b'TX:M\x12\x83\xa1h\x00\xa1a\xce\x00\x89T@\xa1o\xce\x01\x12\xa8\x80-----'
04242019 15:12:09 [INFO]: b'RX:B\x00'
04242019 15:12:09 [INFO]: b'TX:M\x15\x84\xa1r\xcd\x15\x1d\xa1e\xcd\x01\xdf\xa1t\xcd\x02k\xa1p\xcd\x15\x0e--'
04242019 15:12:09 [INFO]: b'RX:B\x00'
04242019 15:12:09 [INFO]: b'TX:M\x12\x83\xa1h\x00\xa1a\xce\x00\x89T@\xa1o\xce\x01\x12\xa8\x80-----'
04242019 15:12:09 [INFO]: b'RX:B\x00'
04242019 15:12:09 [INFO]: b'TX:M\x15\x84\xa1r\xcd\x15\x1d\xa1e\xcd\x01\xdf\xa1t\xcd\x02k\xa1p\xcd\x15\x0e--'
04242019 15:12:09 [INFO]: b'RX:B\x00'
04242019 15:12:09 [INFO]: b'TX:M\x12\x83\xa1h\x00\xa1a\xce\x00\x89T@\xa1o\xce\x01\x12\xa8\x80-----'
04242019 15:12:10 [INFO]: b'RX:B\x00'
04242019 15:12:10 [INFO]: b'TX:M\x15\x84\xa1r\xcd\x15\x1d\xa1e\xcd\x01\xdf\xa1t\xcd\x02k\xa1p\xcd\x15\r--'
04242019 15:12:10 [INFO]: b'RX:B\x00'
04242019 15:12:10 [INFO]: b'TX:M\x12\x83\xa1h\x00\xa1a\xce\x00\x89T@\xa1o\xce\x01\x12\xa8\x80-----'
04242019 15:12:10 [INFO]: b'RX:B\x00'
04242019 15:12:10 [INFO]: b'TX:M\x15\x84\xa1r\xcd\x15\x1d\xa1e\xcd\x01\xdf\xa1t\xcd\x02k\xa1p\xcd\x15\r--'
04242019 15:12:11 [INFO]: b'RX:B\x00'
04242019 15:12:11 [INFO]: b'TX:M\x12\x83\xa1h\x00\xa1a\xce\x00\x89T@\xa1o\xce\x01\x12\xa8\x80-----'
04242019 15:12:11 [INFO]: b'RX:B\x00'
04242019 15:12:11 [INFO]: b'TX:M\x15\x84\xa1r\xcd\x15\x1d\xa1e\xcd\x01\xdf\xa1t\xcd\x02k\xa1p\xcd\x15\x0e--'
04242019 15:12:11 [INFO]: b'RX:B\x00'
04242019 15:12:11 [INFO]: b'TX:M\x12\x83\xa1h\x00\xa1a\xce\x00\x89T@\xa1o\xce\x01\x12\xa8\x80-----'
04242019 15:12:11 [INFO]: b'RX:B\x00'
04242019 15:12:11 [INFO]: b'TX:M\x15\x84\xa1r\xcd\x15\x1d\xa1e\xcd\x01\xdf\xa1t\xcd\x02k\xa1p\xcd\x15\x0f--'
04242019 15:12:12 [INFO]: b'RX:B\x00'
04242019 15:12:12 [ERROR]: Buffer overflow
04242019 15:12:12 [INFO]: b'TX:M\x12\x83\xa1h\x00\xa1a\xce\x00\x89T@\xa1o\xce\x01\x12\xa8\x80-----'
04242019 15:12:12 [INFO]: b'RX:B\x00'
04242019 15:12:12 [INFO]: b'TX:M\x15\x84\xa1r\xcd\x15\x1d\xa1e\xcd\x01\xdf\xa1t\xcd\x02k\xa1p\xcd\x15\x0e--'
04242019 15:12:12 [INFO]: b'RX:B\x00'
04242019 15:12:12 [INFO]: b'TX:M\x12\x83\xa1h\x00\xa1a\xce\x00\x89T@\xa1o\xce\x01\x12\xa8\x80-----'
04242019 15:12:13 [INFO]: b'RX:B\x00'
04242019 15:12:13 [INFO]: b'TX:M\x12\x83\xa1h\x00\xa1a\xce\x00\x89T@\xa1o\xce\x01\x12\xa8\x80-----'
04242019 15:12:13 [INFO]: b'RX:B\x00'
04242019 15:12:13 [INFO]: b'TX:M\x15\x84\xa1r\xcd\x15\x1e\xa1e\xcd\x01\xdf\xa1t\xcd\x02k\xa1p\xcd\x15\x0e--'
04242019 15:12:13 [INFO]: b'RX:B\x00'
04242019 15:12:13 [INFO]: b'TX:M\x15\x84\xa1r\xcd\x15\x1d\xa1e\xcd\x01\xdf\xa1t\xcd\x02k\xa1p\xcd\x15\x0e--'
04242019 15:12:13 [INFO]: b'RX:B\x00'
04242019 15:12:14 [INFO]: b'TX:M\x12\x83\xa1h\x00\xa1a\xce\x00\x89T@\xa1o\xce\x01\x12\xa8\x80-----'
04242019 15:12:14 [INFO]: b'RX:B\x00'
04242019 15:12:14 [INFO]: b'TX:M\x15\x84\xa1r\xcd\x15\x1d\xa1e\xcd\x01\xdf\xa1t\xcd\x02k\xa1p\xcd\x15\x0f--'
04242019 15:12:14 [INFO]: b'RX:B\x00'
04242019 15:12:14 [INFO]: b'TX:M\x12\x83\xa1h\x00\xa1a\xce\x00\x89T@\xa1o\xce\x01\x12\xa8\x80-----'
04242019 15:12:14 [INFO]: b'RX:B\x00'
04242019 15:12:14 [INFO]: b'TX:M\x15\x84\xa1r\xcd\x15\x1d\xa1e\xcd\x01\xdf\xa1t\xcd\x02k\xa1p\xcd\x15\x0e--'
04242019 15:12:15 [INFO]: b'RX:B\x00'
04242019 15:12:15 [INFO]: b'TX:M\x12\x83\xa1h\x00\xa1a\xce\x00\x89T@\xa1o\xce\x01\x12\xa8\x80-----'
04242019 15:12:15 [INFO]: b'RX:B\x00'
04242019 15:12:15 [INFO]: b'TX:M\x15\x84\xa1r\xcd\x15\x1d\xa1e\xcd\x01\xdf\xa1t\xcd\x02k\xa1p\xcd\x15\x0e--'
04242019 15:12:15 [INFO]: b'RX:B\x00'
04242019 15:12:15 [ERROR]: Buffer overflow
04242019 15:12:15 [INFO]: b'TX:M\x12\x83\xa1h\x00\xa1a\xce\x00\x89T@\xa1o\xce\x01\x12\xa8\x80-----'
04242019 15:12:16 [INFO]: b'RX:B\x00'
04242019 15:12:16 [INFO]: b'TX:M\x15\x84\xa1r\xcd\x15\x1d\xa1e\xcd\x01\xdf\xa1t\xcd\x02k\xa1p\xcd\x15\x0e--'
04242019 15:12:16 [INFO]: b'RX:B\x00'
04242019 15:12:16 [INFO]: b'TX:M\x12\x83\xa1h\x00\xa1a\xce\x00\x89T@\xa1o\xce\x01\x12\xa8\x80-----'
04242019 15:12:16 [INFO]: b'RX:B\x00'
04242019 15:12:16 [INFO]: b'TX:M\x15\x84\xa1r\xcd\x15\x1d\xa1e\xcd\x01\xdf\xa1t\xcd\x02k\xa1p\xcd\x15\x0e--'
04242019 15:12:16 [INFO]: b'RX:B\x00'
04242019 15:12:16 [INFO]: b'TX:M\x12\x83\xa1h\x00\xa1a\xce\x00\x89T@\xa1o\xce\x01\x12\xa8\x80-----'
04242019 15:12:17 [INFO]: b'RX:B\x00'
04242019 15:12:17 [INFO]: b'TX:M\x12\x83\xa1h\x00\xa1a\xce\x00\x89T@\xa1o\xce\x01\x12\xa8\x80-----'
04242019 15:12:17 [INFO]: b'RX:B\x00'
04242019 15:12:17 [INFO]: b'TX:M\x15\x84\xa1r\xcd\x15\x1d\xa1e\xcd\x01\xdf\xa1t\xcd\x02k\xa1p\xcd\x15\x0e--'
04242019 15:12:17 [INFO]: b'RX:B\x00'
04242019 15:12:17 [INFO]: b'TX:M\x12\x83\xa1h\x00\xa1a\xce\x00\x89T@\xa1o\xce\x01\x12\xa8\x80-----'
04242019 15:12:18 [INFO]: b'RX:B\x00'
04242019 15:12:18 [INFO]: b'TX:M\x15\x84\xa1r\xcd\x15\x1d\xa1e\xcd\x01\xdf\xa1t\xcd\x02k\xa1p\xcd\x15\x0e--'
04242019 15:12:18 [INFO]: b'RX:B\x00'
04242019 15:12:18 [INFO]: b'TX:M\x15\x84\xa1r\xcd\x15\x1d\xa1e\xcd\x01\xdf\xa1t\xcd\x02k\xa1p\xcd\x15\x0e--'
04242019 15:12:18 [INFO]: b'RX:B\x00'
04242019 15:12:18 [INFO]: b'TX:M\x12\x83\xa1h\x00\xa1a\xce\x00\x89T@\xa1o\xce\x01\x12\xa8\x80-----'
04242019 15:12:18 [INFO]: b'RX:B\x00'
04242019 15:12:18 [ERROR]: Buffer overflow
04242019 15:12:18 [INFO]: b'TX:M\x15\x84\xa1r\xcd\x15\x1d\xa1e\xcd\x01\xdf\xa1t\xcd\x02k\xa1p\xcd\x15\x0e--'
04242019 15:12:19 [INFO]: b'RX:B\x00'
04242019 15:12:19 [INFO]: b'TX:M\x12\x83\xa1h\x00\xa1a\xce\x00\x89T@\xa1o\xce\x01\x12\xa8\x80-----'
04242019 15:12:19 [INFO]: b'RX:B\x00'
04242019 15:12:19 [INFO]: b'TX:M\x15\x84\xa1r\xcd\x15\x1d\xa1e\xcd\x01\xdf\xa1t\xcd\x02k\xa1p\xcd\x15\x0e--'
04242019 15:12:19 [INFO]: b'RX:B\x00'
04242019 15:12:19 [INFO]: b'TX:M\x12\x83\xa1h\x00\xa1a\xce\x00\x89T@\xa1o\xce\x01\x12\xa8\x80-----'
04242019 15:12:19 [INFO]: b'RX:B\x00'
04242019 15:12:20 [INFO]: b'TX:M\x15\x84\xa1r\xcd\x15\x1d\xa1e\xcd\x01\xdf\xa1t\xcd\x02k\xa1p\xcd\x15\x0e--'
04242019 15:12:20 [INFO]: b'RX:B\x00'
04242019 15:12:20 [INFO]: b'TX:M\x12\x83\xa1h\x00\xa1a\xce\x00\x89T@\xa1o\xce\x01\x12\xa8\x80-----'
04242019 15:12:20 [INFO]: b'RX:B\x00'
04242019 15:12:20 [INFO]: b'TX:M\x15\x84\xa1r\xcd\x15\x1d\xa1e\xcd\x01\xdf\xa1t\xcd\x02k\xa1p\xcd\x15\x0e--'
04242019 15:12:20 [INFO]: b'RX:B\x00'
04242019 15:12:20 [INFO]: b'TX:M\x12\x83\xa1h\x00\xa1a\xce\x00\x89T@\xa1o\xce\x01\x12\xa8\x80-----'
04242019 15:12:21 [INFO]: b'RX:B\x00'
04242019 15:12:21 [INFO]: b'TX:M\x12\x83\xa1h\x00\xa1a\xce\x00\x89T@\xa1o\xce\x01\x12\xa8\x80-----'
04242019 15:12:21 [INFO]: b'RX:B\x00'
04242019 15:12:21 [INFO]: b'TX:M\x15\x84\xa1r\xcd\x15\x1d\xa1e\xcd\x01\xdf\xa1t\xcd\x02k\xa1p\xcd\x15\x0e--'
04242019 15:12:21 [INFO]: b'RX:B\x00'
04242019 15:12:21 [INFO]: b'TX:M\x12\x83\xa1h\x00\xa1a\xce\x00\x89T@\xa1o\xce\x01\x12\xa8\x80-----'
04242019 15:12:21 [INFO]: b'RX:B\x00'
04242019 15:12:22 [INFO]: b'TX:M\x15\x84\xa1r\xcd\x15\x1d\xa1e\xcd\x01\xdf\xa1t\xcd\x02k\xa1p\xcd\x15\x0e--'
04242019 15:12:22 [INFO]: b'RX:B\x00'
04242019 15:12:22 [ERROR]: Buffer overflow
04242019 15:12:22 [INFO]: b'TX:M\x15\x84\xa1r\xcd\x15\x1d\xa1e\xcd\x01\xdf\xa1t\xcd\x02k\xa1p\xcd\x15\x0e--'
04242019 15:12:22 [INFO]: b'RX:B\x00'
04242019 15:12:22 [INFO]: b'TX:M\x12\x83\xa1h\x00\xa1a\xce\x00\x89T@\xa1o\xce\x01\x12\xa8\x80-----'
04242019 15:12:22 [INFO]: b'RX:B\x00'
04242019 15:12:22 [INFO]: b'TX:M\x15\x84\xa1r\xcd\x15\x1d\xa1e\xcd\x01\xdf\xa1t\xcd\x02k\xa1p\xcd\x15\x0e--'
04242019 15:12:23 [INFO]: b'RX:B\x00'
04242019 15:12:23 [INFO]: b'TX:M\x12\x83\xa1h\x00\xa1a\xce\x00\x89T@\xa1o\xce\x01\x12\xa8\x80-----'
04242019 15:12:23 [INFO]: b'RX:B\x00'
04242019 15:12:23 [INFO]: b'TX:M\x15\x84\xa1r\xcd\x15\x1d\xa1e\xcd\x01\xdf\xa1t\xcd\x02k\xa1p\xcd\x15\x0e--'
04242019 15:12:23 [INFO]: b'RX:B\x00'
04242019 15:12:23 [INFO]: b'TX:M\x12\x83\xa1h\x00\xa1a\xce\x00\x89T@\xa1o\xce\x01\x12\xa8\x80-----'
04242019 15:12:24 [INFO]: b'RX:B\x00'
04242019 15:12:24 [INFO]: b'TX:M\x15\x84\xa1r\xcd\x15\x1d\xa1e\xcd\x01\xdf\xa1t\xcd\x02k\xa1p\xcd\x15\x0e--'
04242019 15:12:24 [INFO]: b'RX:B\x00'
04242019 15:12:24 [INFO]: b'TX:M\x12\x83\xa1h\x00\xa1a\xce\x00\x89T@\xa1o\xce\x01\x12\xa8\x80-----'
04242019 15:12:24 [INFO]: b'RX:B\x00'
04242019 15:12:24 [INFO]: b'TX:M\x15\x84\xa1r\xcd\x15\x1d\xa1e\xcd\x01\xdf\xa1t\xcd\x02k\xa1p\xcd\x15\x0e--'
04242019 15:12:24 [INFO]: b'RX:B\x00'
04242019 15:12:24 [INFO]: b'TX:M\x12\x83\xa1h\x00\xa1a\xce\x00\x89T@\xa1o\xce\x01\x12\xa8\x80-----'
04242019 15:12:25 [INFO]: b'RX:B\x00'
04242019 15:12:25 [INFO]: b'TX:M\x15\x84\xa1r\xcd\x15\x1d\xa1e\xcd\x01\xdf\xa1t\xcd\x02k\xa1p\xcd\x15\x0e--'
04242019 15:12:25 [INFO]: b'RX:B\x00'
04242019 15:12:25 [ERROR]: Buffer overflow
04242019 15:12:25 [INFO]: b'TX:M\x15\x84\xa1r\xcd\x15\x1d\xa1e\xcd\x01\xdf\xa1t\xcd\x02k\xa1p\xcd\x15\x0f--'
04242019 15:12:25 [INFO]: b'RX:B\x00'
04242019 15:12:25 [INFO]: b'TX:M\x12\x83\xa1h\x00\xa1a\xce\x00\x89T@\xa1o\xce\x01\x12\xa8\x80-----'
04242019 15:12:26 [INFO]: b'RX:B\x00'
04242019 15:12:26 [INFO]: b'TX:M\x15\x84\xa1r\xcd\x15\x1d\xa1e\xcd\x01\xdf\xa1t\xcd\x02k\xa1p\xcd\x15\r--'
04242019 15:12:26 [INFO]: b'RX:B\x00'
04242019 15:12:26 [INFO]: b'TX:M\x15\x84\xa1r\xcd\x15\x1d\xa1e\xcd\x01\xdf\xa1t\xcd\x02k\xa1p\xcd\x15\r--'
04242019 15:12:26 [INFO]: b'RX:B\x00'
04242019 15:12:26 [INFO]: b'TX:M\x12\x83\xa1h\x00\xa1a\xce\x00\x89T@\xa1o\xce\x01\x12\xa8\x80-----'
04242019 15:12:26 [INFO]: b'RX:B\x00'
04242019 15:12:26 [INFO]: b'TX:M\x15\x84\xa1r\xcd\x15\x1c\xa1e\xcd\x01\xdf\xa1t\xcd\x02k\xa1p\xcd\x15\x0e--'
04242019 15:12:27 [INFO]: b'RX:B\x00'
04242019 15:12:27 [INFO]: b'TX:M\x12\x83\xa1h\x00\xa1a\xce\x00\x89T@\xa1o\xce\x01\x12\xa8\x80-----'
04242019 15:12:27 [INFO]: b'RX:B\x00'
04242019 15:12:27 [INFO]: b'TX:M\x15\x84\xa1r\xcd\x15\x1c\xa1e\xcd\x01\xdf\xa1t\xcd\x02k\xa1p\xcd\x15\x0e--'
04242019 15:12:27 [INFO]: b'RX:B\x00'
04242019 15:12:27 [INFO]: b'TX:M\x12\x83\xa1h\x00\xa1a\xce\x00\x89T@\xa1o\xce\x01\x12\xa8\x80-----'
04242019 15:12:28 [INFO]: b'RX:B\x00'
04242019 15:12:28 [INFO]: b'TX:M\x15\x84\xa1r\xcd\x15\x1d\xa1e\xcd\x01\xdf\xa1t\xcd\x02k\xa1p\xcd\x15\x0f--'
04242019 15:12:28 [INFO]: b'RX:B\x00'
04242019 15:12:28 [INFO]: b'TX:M\x12\x83\xa1h\x00\xa1a\xce\x00\x89T@\xa1o\xce\x01\x12\xa8\x80-----'
04242019 15:12:28 [INFO]: b'RX:B\x00'
04242019 15:12:28 [INFO]: b'TX:M\x15\x84\xa1r\xcd\x15\x1d\xa1e\xcd\x01\xdf\xa1t\xcd\x02k\xa1p\xcd\x15\x0f--'
04242019 15:12:28 [INFO]: b'RX:B\x00'
04242019 15:12:28 [ERROR]: Buffer overflow
04242019 15:12:28 [INFO]: b'TX:M\x15\x84\xa1r\xcd\x15\x1d\xa1e\xcd\x01\xdf\xa1t\xcd\x02k\xa1p\xcd\x15\x0e--'
04242019 15:12:29 [INFO]: b'RX:00000000000\xa0'
04242019 15:12:29 [INFO]: b'TX:M\x12\x83\xa1h\x00\xa1a\xce\x00\x89T@\xa1o\xce\x01\x12\xa8\x80-----'
04242019 15:12:29 [INFO]: b'RX:00000000000\xa0'
04242019 15:12:29 [INFO]: b'TX:M\x15\x84\xa1r\xcd\x15\x1d\xa1e\xcd\x01\xdf\xa1t\xcd\x02k\xa1p\xcd\x15\x0f--'
04242019 15:12:29 [INFO]: b'RX:00000000000\xa0'
04242019 15:12:29 [INFO]: b'TX:M\x12\x83\xa1h\x00\xa1a\xce\x00\x89T@\xa1o\xce\x01\x12\xa8\x80-----'
04242019 15:12:30 [INFO]: b'RX:00000000000\xa0'
04242019 15:12:30 [INFO]: b'TX:M\x15\x84\xa1r\xcd\x15\x1d\xa1e\xcd\x01\xdf\xa1t\xcd\x02k\xa1p\xcd\x15\x0e--'
04242019 15:12:30 [INFO]: b'RX:00000000000\xa0'
04242019 15:12:30 [INFO]: b'TX:M\x12\x83\xa1h\x00\xa1a\xce\x00\x89T@\xa1o\xce\x01\x12\xa8\x80-----'
04242019 15:12:30 [INFO]: b'RX:00000000000\xa0'
04242019 15:12:30 [INFO]: b'TX:M\x15\x84\xa1r\xcd\x15\x1d\xa1e\xcd\x01\xdf\xa1t\xcd\x02k\xa1p\xcd\x15\x0e--'
04242019 15:12:30 [WARNING]: WRONG CRC
04242019 15:12:30 [INFO]: b'TX:M\x15\x84\xa1r\xcd\x15\x1d\xa1e\xcd\x01\xdf\xa1t\xcd\x02k\xa1p\xcd\x15\x0e--'
04242019 15:12:31 [WARNING]: WRONG CRC
04242019 15:12:31 [INFO]: b'TX:M\x12\x83\xa1h\x00\xa1a\xce\x00\x89T@\xa1o\xce\x01\x12\xa8\x80-----'
04242019 15:12:31 [WARNING]: WRONG CRC
04242019 15:12:31 [INFO]: b'TX:M\x15\x84\xa1r\xcd\x15\x1d\xa1e\xcd\x01\xdf\xa1t\xcd\x02k\xa1p\xcd\x15\x0e--'
04242019 15:12:31 [WARNING]: WRONG CRC
04242019 15:12:31 [INFO]: b'TX:M\x12\x83\xa1h\x00\xa1a\xce\x00\x89T@\xa1o\xce\x01\x12\xa8\x80-----'
04242019 15:12:31 [WARNING]: WRONG CRC
04242019 15:12:32 [INFO]: b'TX:M\x15\x84\xa1r\xcd\x15\x1e\xa1e\xcd\x01\xdf\xa1t\xcd\x02k\xa1p\xcd\x15\x0e--'
04242019 15:12:32 [WARNING]: WRONG CRC
04242019 15:12:32 [ERROR]: Buffer overflow
04242019 15:12:32 [INFO]: b'TX:M\x15\x84\xa1r\xcd\x15\x1d\xa1e\xcd\x01\xdf\xa1t\xcd\x02k\xa1p\xcd\x15\x0e--'
04242019 15:12:32 [WARNING]: WRONG CRC
04242019 15:12:32 [INFO]: b'TX:M\x12\x83\xa1h\x00\xa1a\xce\x00\x89T@\xa1o\xce\x01\x12\xa8\x80-----'
04242019 15:12:32 [WARNING]: WRONG CRC
04242019 15:12:32 [INFO]: b'TX:M\x15\x84\xa1r\xcd\x15\x1d\xa1e\xcd\x01\xdf\xa1t\xcd\x02k\xa1p\xcd\x15\x0e--'
04242019 15:12:33 [WARNING]: WRONG CRC
04242019 15:12:33 [INFO]: b'TX:M\x12\x83\xa1h\x00\xa1a\xce\x00\x89T@\xa1o\xce\x01\x12\xa8\x80-----'
04242019 15:12:33 [WARNING]: WRONG CRC
04242019 15:12:33 [INFO]: b'TX:M\x15\x84\xa1r\xcd\x15\x1d\xa1e\xcd\x01\xdf\xa1t\xcd\x02k\xa1p\xcd\x15\x0e--'
04242019 15:12:33 [WARNING]: WRONG CRC
04242019 15:12:33 [INFO]: b'TX:M\x12\x83\xa1h\x00\xa1a\xce\x00\x89T@\xa1o\xce\x01\x12\xa8\x80-----'
04242019 15:12:34 [WARNING]: WRONG CRC
04242019 15:12:34 [INFO]: b'TX:M\x15\x84\xa1r\xcd\x15\x1d\xa1e\xcd\x01\xdf\xa1t\xcd\x02k\xa1p\xcd\x15\x0e--'
04242019 15:12:34 [WARNING]: WRONG CRC
04242019 15:12:34 [INFO]: b'TX:M\x12\x83\xa1h\x00\xa1a\xce\x00\x89T@\xa1o\xce\x01\x12\xa8\x80-----'
04242019 15:12:34 [WARNING]: WRONG CRC
04242019 15:12:34 [INFO]: b'TX:M\x15\x84\xa1r\xcd\x15\x1d\xa1e\xcd\x01\xdf\xa1t\xcd\x02k\xa1p\xcd\x15\x0e--'
04242019 15:12:34 [WARNING]: WRONG CRC
04242019 15:12:34 [INFO]: b'TX:M\x15\x84\xa1r\xcd\x15\x1d\xa1e\xcd\x01\xdf\xa1t\xcd\x02k\xa1p\xcd\x15\x0e--'
04242019 15:12:35 [WARNING]: WRONG CRC
04242019 15:12:35 [INFO]: b'TX:M\x12\x83\xa1h\x00\xa1a\xce\x00\x89T@\xa1o\xce\x01\x12\xa8\x80-----'
04242019 15:12:35 [WARNING]: WRONG CRC
04242019 15:12:35 [INFO]: b'TX:M\x15\x84\xa1r\xcd\x15\x1d\xa1e\xcd\x01\xdf\xa1t\xcd\x02k\xa1p\xcd\x15\x0e--'
04242019 15:12:35 [WARNING]: WRONG CRC
04242019 15:12:35 [ERROR]: Buffer overflow
04242019 15:12:35 [INFO]: b'TX:M\x12\x83\xa1h\x00\xa1a\xce\x00\x89T@\xa1o\xce\x01\x12\xa8\x80-----'
04242019 15:12:35 [WARNING]: WRONG CRC
04242019 15:12:36 [INFO]: b'TX:M\x12\x83\xa1h\x00\xa1a\xce\x00\x89T@\xa1o\xce\x01\x12\xa8\x80-----'
04242019 15:12:36 [WARNING]: WRONG CRC
04242019 15:12:36 [INFO]: b'TX:M\x15\x84\xa1r\xcd\x15\x1d\xa1e\xcd\x01\xdf\xa1t\xcd\x02k\xa1p\xcd\x15\x0e--'
04242019 15:12:36 [WARNING]: WRONG CRC
04242019 15:12:36 [INFO]: b'TX:M\x12\x83\xa1h\x00\xa1a\xce\x00\x89T@\xa1o\xce\x01\x12\xa8\x80-----'
04242019 15:12:36 [WARNING]: WRONG CRC
04242019 15:12:36 [INFO]: b'TX:M\x15\x84\xa1r\xcd\x15\x1d\xa1e\xcd\x01\xdf\xa1t\xcd\x02k\xa1p\xcd\x15\x0e--'
04242019 15:12:37 [WARNING]: WRONG CRC
04242019 15:12:37 [INFO]: b'TX:M\x12\x83\xa1h\x00\xa1a\xce\x00\x89T@\xa1o\xce\x01\x12\xa8\x80-----'
04242019 15:12:37 [WARNING]: WRONG CRC
04242019 15:12:37 [INFO]: b'TX:M\x15\x84\xa1r\xcd\x15\x1d\xa1e\xcd\x01\xdf\xa1t\xcd\x02k\xa1p\xcd\x15\x0e--'
04242019 15:12:37 [WARNING]: WRONG CRC
04242019 15:12:37 [INFO]: b'TX:M\x12\x83\xa1h\x00\xa1a\xce\x00\x89T@\xa1o\xce\x01\x12\xa8\x80-----'
04242019 15:12:37 [WARNING]: WRONG CRC
04242019 15:12:38 [INFO]: b'TX:M\x15\x84\xa1r\xcd\x15\x1d\xa1e\xcd\x01\xdf\xa1t\xcd\x02k\xa1p\xcd\x15\x0e--'
04242019 15:12:38 [WARNING]: WRONG CRC
04242019 15:12:38 [INFO]: b'TX:M\x12\x83\xa1h\x00\xa1a\xce\x00\x89T@\xa1o\xce\x01\x12\xa8\x80-----'
04242019 15:12:38 [WARNING]: WRONG CRC
04242019 15:12:38 [INFO]: b'TX:M\x15\x84\xa1r\xcd\x15\x1d\xa1e\xcd\x01\xdf\xa1t\xcd\x02k\xa1p\xcd\x15\x0e--'
04242019 15:12:38 [WARNING]: WRONG CRC
04242019 15:12:38 [INFO]: b'TX:M\x15\x84\xa1r\xcd\x15\x1d\xa1e\xcd\x01\xdf\xa1t\xcd\x02k\xa1p\xcd\x15\x0e--'
04242019 15:12:39 [WARNING]: WRONG CRC
04242019 15:12:39 [ERROR]: Buffer overflow
04242019 15:12:39 [INFO]: b'TX:M\x12\x83\xa1h\x00\xa1a\xce\x00\x89T@\xa1o\xce\x01\x12\xa8\x80-----'
04242019 15:12:39 [WARNING]: WRONG CRC
04242019 15:12:39 [INFO]: b'TX:M\x15\x84\xa1r\xcd\x15\x1d\xa1e\xcd\x01\xdf\xa1t\xcd\x02k\xa1p\xcd\x15\x0f--'
04242019 15:12:39 [WARNING]: WRONG CRC
04242019 15:12:39 [INFO]: b'TX:M\x12\x83\xa1h\x00\xa1a\xce\x00\x89T@\xa1o\xce\x01\x12\xa8\x80-----'
04242019 15:12:39 [WARNING]: WRONG CRC
04242019 15:12:40 [INFO]: b'TX:M\x12\x83\xa1h\x00\xa1a\xce\x00\x89T@\xa1o\xce\x01\x12\xa8\x80-----'
04242019 15:12:40 [INFO]: b'RX:T54444q'
04242019 15:12:40 [INFO]: CMD: T51046----

04242019 15:12:40 [INFO]: b'TX:ST51046------------------'
04242019 15:12:40 [WARNING]: WRONG CRC
04242019 15:12:40 [INFO]: b'TX:T\xd4\xdd\xd1\xd9\xd4\xd8\xd2\xdb\xd1\xda\xd6\xdd\xd8\xdf\xdb\xe6\xed\xf4\xff\xff\xff\xff\xff\xff'
04242019 15:12:40 [WARNING]: WRONG CRC
04242019 15:12:41 [INFO]: b'TX:M\x15\x84\xa1r\xcd\x15\x1d\xa1e\xcd\x01\xdf\xa1t\xcd\x02k\xa1p\xcd\x15\x0e--'
04242019 15:12:41 [WARNING]: WRONG CRC
04242019 15:12:41 [INFO]: b'TX:T\xd4\xdd\xd1\xd9\xd4\xd8\xd2\xdb\xd1\xda\xd6\xdd\xd8\xdf\xdb\xe6\xed\xf4\xff\xff\xff\xff\xff\xff'
04242019 15:12:41 [WARNING]: WRONG CRC
04242019 15:12:41 [INFO]: b'TX:M\x12\x83\xa1h\x00\xa1a\xce\x00\x89T@\xa1o\xce\x01\x12\xa8\x80-----'
04242019 15:12:41 [WARNING]: WRONG CRC
04242019 15:12:41 [INFO]: b'TX:T\xd4\xdd\xd1\xd9\xd4\xd8\xd2\xdb\xd1\xda\xd6\xdd\xd8\xdf\xdb\xe6\xed\xf4\xff\xff\xff\xff\xff\xff'
04242019 15:12:42 [WARNING]: WRONG CRC
04242019 15:12:42 [ERROR]: Buffer overflow
04242019 15:12:42 [INFO]: b'TX:M\x12\x83\xa1h\x00\xa1a\xce\x00\x89T@\xa1o\xce\x01\x12\xa8\x80-----'
04242019 15:12:42 [WARNING]: WRONG CRC
04242019 15:12:42 [INFO]: b'TX:T\xd4\xdd\xd1\xd9\xd4\xd8\xd2\xdb\xd1\xda\xd6\xdd\xd8\xdf\xdb\xe6\xed\xf4\xff\xff\xff\xff\xff\xff'
04242019 15:12:42 [WARNING]: WRONG CRC
04242019 15:12:42 [INFO]: b'TX:M\x15\x84\xa1r\xcd\x15\x1d\xa1e\xcd\x01\xdf\xa1t\xcd\x02k\xa1p\xcd\x15\x0e--'
04242019 15:12:42 [WARNING]: WRONG CRC
04242019 15:12:42 [INFO]: b'TX:T\xd4\xdd\xd1\xd9\xd4\xd8\xd2\xdb\xd1\xda\xd6\xdd\xd8\xdf\xdb\xe6\xed\xf4\xff\xff\xff\xff\xff\xff'
04242019 15:12:43 [WARNING]: WRONG CRC
04242019 15:12:43 [INFO]: b'TX:M\x12\x83\xa1h\x00\xa1a\xce\x00\x89T@\xa1o\xce\x01\x12\xa8\x80-----'
04242019 15:12:43 [WARNING]: WRONG CRC
04242019 15:12:43 [INFO]: b'TX:T\xd4\xdd\xd1\xd9\xd4\xd8\xd2\xdb\xd1\xda\xd6\xdd\xd8\xdf\xdb\xe6\xed\xf4\xff\xff\xff\xff\xff\xff'
04242019 15:12:43 [WARNING]: WRONG CRC
04242019 15:12:43 [INFO]: b'TX:M\x15\x84\xa1r\xcd\x15\x1d\xa1e\xcd\x01\xdf\xa1t\xcd\x02k\xa1p\xcd\x15\x0f--'
04242019 15:12:44 [WARNING]: WRONG CRC
04242019 15:12:44 [INFO]: b'TX:T\xd4\xdd\xd1\xd9\xd4\xd8\xd2\xdb\xd1\xda\xd6\xdd\xd8\xdf\xdb\xe6\xed\xf4\xff\xff\xff\xff\xff\xff'
04242019 15:12:44 [WARNING]: WRONG CRC
04242019 15:12:44 [ERROR]: Buffer overflow
04242019 15:12:44 [INFO]: b'TX:M\x15\x84\xa1r\xcd\x15\x1d\xa1e\xcd\x01\xdf\xa1t\xcd\x02k\xa1p\xcd\x15\x0e--'
04242019 15:12:44 [WARNING]: WRONG CRC
04242019 15:12:44 [INFO]: b'TX:T\xd4\xdd\xd1\xd9\xd4\xd8\xd2\xdb\xd1\xda\xd6\xdd\xd8\xdf\xdb\xe6\xed\xf4\xff\xff\xff\xff\xff\xff'
04242019 15:12:44 [WARNING]: WRONG CRC
04242019 15:12:44 [INFO]: b'TX:M\x12\x83\xa1h\x00\xa1a\xce\x00\x89T@\xa1o\xce\x01\x12\xa8\x80-----'
04242019 15:12:45 [WARNING]: WRONG CRC
04242019 15:12:45 [INFO]: b'TX:T\xd4\xdd\xd1\xd9\xd4\xd8\xd2\xdb\xd1\xda\xd6\xdd\xd8\xdf\xdb\xe6\xed\xf4\xff\xff\xff\xff\xff\xff'
04242019 15:12:45 [WARNING]: WRONG CRC
04242019 15:12:45 [INFO]: b'TX:M\x15\x84\xa1r\xcd\x15\x1d\xa1e\xcd\x01\xdf\xa1t\xcd\x02k\xa1p\xcd\x15\x0e--'
04242019 15:12:45 [WARNING]: WRONG CRC
04242019 15:12:45 [INFO]: b'TX:T\xd4\xdd\xd1\xd9\xd4\xd8\xd2\xdb\xd1\xda\xd6\xdd\xd8\xdf\xdb\xe6\xed\xf4\xff\xff\xff\xff\xff\xff'
04242019 15:12:45 [WARNING]: WRONG CRC
04242019 15:12:46 [ERROR]: Buffer overflow
04242019 15:12:46 [INFO]: b'TX:M\x15\x84\xa1r\xcd\x15\x1d\xa1e\xcd\x01\xdf\xa1t\xcd\x02k\xa1p\xcd\x15\x0f--'
04242019 15:12:46 [WARNING]: WRONG CRC
04242019 15:12:46 [INFO]: b'TX:T\xd4\xdd\xd1\xd9\xd4\xd8\xd2\xdb\xd1\xda\xd6\xdd\xd8\xdf\xdb\xe6\xed\xf4\xff\xff\xff\xff\xff\xff'
04242019 15:12:46 [WARNING]: WRONG CRC
04242019 15:12:46 [INFO]: b'TX:M\x12\x83\xa1h\x00\xa1a\xce\x00\x89T@\xa1o\xce\x01\x12\xa8\x80-----'
04242019 15:12:46 [WARNING]: WRONG CRC
04242019 15:12:46 [INFO]: b'TX:T\xd4\xdd\xd1\xd9\xd4\xd8\xd2\xdb\xd1\xda\xd6\xdd\xd8\xdf\xdb\xe6\xed\xf4\xff\xff\xff\xff\xff\xff'
04242019 15:12:47 [WARNING]: WRONG CRC
04242019 15:12:47 [INFO]: b'TX:M\x15\x84\xa1r\xcd\x15\x1d\xa1e\xcd\x01\xdf\xa1t\xcd\x02k\xa1p\xcd\x15\x0f--'
04242019 15:12:47 [WARNING]: WRONG CRC
04242019 15:12:47 [INFO]: b'TX:T\xd4\xdd\xd1\xd9\xd4\xd8\xd2\xdb\xd1\xda\xd6\xdd\xd8\xdf\xdb\xe6\xed\xf4\xff\xff\xff\xff\xff\xff'
04242019 15:12:47 [WARNING]: WRONG CRC
04242019 15:12:47 [INFO]: b'TX:M\x12\x83\xa1h\x00\xa1a\xce\x00\x89T@\xa1o\xce\x01\x12\xa8\x80-----'
04242019 15:12:47 [WARNING]: WRONG CRC
04242019 15:12:47 [INFO]: b'TX:T\xd4\xdd\xd1\xd9\xd4\xd8\xd2\xdb\xd1\xda\xd6\xdd\xd8\xdf\xdb\xe6\xed\xf4\xff\xff\xff\xff\xff\xff'
04242019 15:12:48 [WARNING]: WRONG CRC
04242019 15:12:48 [ERROR]: Buffer overflow
04242019 15:12:48 [INFO]: b'TX:M\x12\x83\xa1h\x00\xa1a\xce\x00\x89T@\xa1o\xce\x01\x12\xa8\x80-----'
04242019 15:12:48 [WARNING]: WRONG CRC
04242019 15:12:48 [INFO]: b'TX:T\xd4\xdd\xd1\xd9\xd4\xd8\xd2\xdb\xd1\xda\xd6\xdd\xd8\xdf\xdb\xe6\xed\xf4\xff\xff\xff\xff\xff\xff'
04242019 15:12:48 [WARNING]: WRONG CRC
04242019 15:12:48 [INFO]: b'TX:M\x15\x84\xa1r\xcd\x15\x1d\xa1e\xcd\x01\xdf\xa1t\xcd\x02k\xa1p\xcd\x15\x0e--'
04242019 15:12:49 [WARNING]: WRONG CRC
04242019 15:12:49 [INFO]: b'TX:T\xd4\xdd\xd1\xd9\xd4\xd8\xd2\xdb\xd1\xda\xd6\xdd\xd8\xdf\xdb\xe6\xed\xf4\xff\xff\xff\xff\xff\xff'
04242019 15:12:49 [WARNING]: WRONG CRC
04242019 15:12:49 [INFO]: b'TX:M\x15\x84\xa1r\xcd\x15\x1d\xa1e\xcd\x01\xdf\xa1t\xcd\x02k\xa1p\xcd\x15\x0e--'
04242019 15:12:49 [WARNING]: WRONG CRC
04242019 15:12:49 [INFO]: b'TX:T\xd4\xdd\xd1\xd9\xd4\xd8\xd2\xdb\xd1\xda\xd6\xdd\xd8\xdf\xdb\xe6\xed\xf4\xff\xff\xff\xff\xff\xff'
04242019 15:12:49 [WARNING]: WRONG CRC
04242019 15:12:49 [INFO]: b'TX:M\x12\x83\xa1h\x00\xa1a\xce\x00\x89T@\xa1o\xce\x01\x12\xa8\x80-----'
04242019 15:12:50 [WARNING]: WRONG CRC
04242019 15:12:50 [INFO]: b'TX:T\xd4\xdd\xd1\xd9\xd4\xd8\xd2\xdb\xd1\xda\xd6\xdd\xd8\xdf\xdb\xe6\xed\xf4\xff\xff\xff\xff\xff\xff'
04242019 15:12:50 [WARNING]: WRONG CRC
04242019 15:12:50 [ERROR]: Buffer overflow
04242019 15:12:50 [INFO]: b'TX:M\x12\x83\xa1h\x00\xa1a\xce\x00\x89T@\xa1o\xce\x01\x12\xa8\x80-----'
04242019 15:12:50 [WARNING]: WRONG CRC
04242019 15:12:50 [INFO]: b'TX:T\xd4\xdd\xd1\xd9\xd4\xd8\xd2\xdb\xd1\xda\xd6\xdd\xd8\xdf\xdb\xe6\xed\xf4\xff\xff\xff\xff\xff\xff'
04242019 15:12:50 [WARNING]: WRONG CRC
04242019 15:12:51 [INFO]: b'TX:M\x12\x83\xa1h\x00\xa1a\xce\x00\x89T@\xa1o\xce\x01\x12\xa8\x80-----'
04242019 15:12:51 [WARNING]: WRONG CRC
04242019 15:12:51 [INFO]: b'TX:T\xd4\xdd\xd1\xd9\xd4\xd8\xd2\xdb\xd1\xda\xd6\xdd\xd8\xdf\xdb\xe6\xed\xf4\xff\xff\xff\xff\xff\xff'
04242019 15:12:51 [WARNING]: WRONG CRC
04242019 15:12:51 [INFO]: b'TX:M\x15\x84\xa1r\xcd\x15\x1d\xa1e\xcd\x01\xdf\xa1t\xcd\x02k\xa1p\xcd\x15\x0e--'
04242019 15:12:51 [WARNING]: WRONG CRC
04242019 15:12:51 [INFO]: b'TX:T\xd4\xdd\xd1\xd9\xd4\xd8\xd2\xdb\xd1\xda\xd6\xdd\xd8\xdf\xdb\xe6\xed\xf4\xff\xff\xff\xff\xff\xff'
04242019 15:12:52 [WARNING]: WRONG CRC
04242019 15:12:52 [INFO]: b'TX:M\x12\x83\xa1h\x00\xa1a\xce\x00\x89T@\xa1o\xce\x01\x12\xa8\x80-----'
04242019 15:12:52 [WARNING]: WRONG CRC
04242019 15:12:52 [INFO]: b'TX:T\xd4\xdd\xd1\xd9\xd4\xd8\xd2\xdb\xd1\xda\xd6\xdd\xd8\xdf\xdb\xe6\xed\xf4\xff\xff\xff\xff\xff\xff'
04242019 15:12:52 [WARNING]: WRONG CRC
04242019 15:12:52 [ERROR]: Buffer overflow
04242019 15:12:52 [INFO]: b'TX:M\x15\x84\xa1r\xcd\x15\x1d\xa1e\xcd\x01\xdf\xa1t\xcd\x02k\xa1p\xcd\x15\x0e--'
04242019 15:12:52 [WARNING]: WRONG CRC
04242019 15:12:52 [INFO]: b'TX:T\xd4\xdd\xd1\xd9\xd4\xd8\xd2\xdb\xd1\xda\xd6\xdd\xd8\xdf\xdb\xe6\xed\xf4\xff\xff\xff\xff\xff\xff'
04242019 15:12:53 [WARNING]: WRONG CRC
04242019 15:12:53 [INFO]: b'TX:M\x12\x83\xa1h\x00\xa1a\xce\x00\x89T@\xa1o\xce\x01\x12\xa8\x80-----'
04242019 15:12:53 [WARNING]: WRONG CRC
04242019 15:12:53 [INFO]: b'TX:T\xd4\xdd\xd1\xd9\xd4\xd8\xd2\xdb\xd1\xda\xd6\xdd\xd8\xdf\xdb\xe6\xed\xf4\xff\xff\xff\xff\xff\xff'
04242019 15:12:53 [WARNING]: WRONG CRC
04242019 15:12:53 [INFO]: b'TX:M\x15\x84\xa1r\xcd\x15\x1d\xa1e\xcd\x01\xdf\xa1t\xcd\x02k\xa1p\xcd\x15\x0e--'
04242019 15:12:54 [WARNING]: WRONG CRC
04242019 15:12:54 [INFO]: b'TX:T\xd4\xdd\xd1\xd9\xd4\xd8\xd2\xdb\xd1\xda\xd6\xdd\xd8\xdf\xdb\xe6\xed\xf4\xff\xff\xff\xff\xff\xff'
04242019 15:12:54 [WARNING]: WRONG CRC
04242019 15:12:54 [INFO]: b'TX:M\x15\x84\xa1r\xcd\x15\x1d\xa1e\xcd\x01\xdf\xa1t\xcd\x02k\xa1p\xcd\x15\x0e--'
04242019 15:12:54 [WARNING]: WRONG CRC
04242019 15:12:54 [INFO]: b'TX:T\xd4\xdd\xd1\xd9\xd4\xd8\xd2\xdb\xd1\xda\xd6\xdd\xd8\xdf\xdb\xe6\xed\xf4\xff\xff\xff\xff\xff\xff'
04242019 15:12:54 [WARNING]: WRONG CRC
04242019 15:12:54 [ERROR]: Buffer overflow
04242019 15:12:54 [INFO]: b'TX:M\x15\x84\xa1r\xcd\x15\x1c\xa1e\xcd\x01\xdf\xa1t\xcd\x02k\xa1p\xcd\x15\x0e--'
04242019 15:12:55 [WARNING]: WRONG CRC
04242019 15:12:55 [INFO]: b'TX:T\xd4\xdd\xd1\xd9\xd4\xd8\xd2\xdb\xd1\xda\xd6\xdd\xd8\xdf\xdb\xe6\xed\xf4\xff\xff\xff\xff\xff\xff'
04242019 15:12:55 [WARNING]: WRONG CRC
04242019 15:12:55 [INFO]: b'TX:M\x12\x83\xa1h\x00\xa1a\xce\x00\x89T@\xa1o\xce\x01\x12\xa8\x80-----'
04242019 15:12:55 [WARNING]: WRONG CRC
