04242019 23:46:14 [ERROR]: negative seek position -1
04242019 23:46:14 [INFO]: b'TX:M\x15\x84\xa1t\xcd\x02l\xa1e\xcd\x01\xdb\xa1p\xcd\x15\r\xa1r\xcd\x15\x1b--'
04242019 23:46:15 [INFO]: b'RX:B\x00'
04242019 23:46:15 [INFO]: b'TX:M\x15\x84\xa1t\xcd\x02l\xa1e\xcd\x01\xdb\xa1p\xcd\x15\r\xa1r\xcd\x15\x1b--'
04242019 23:46:15 [INFO]: b'RX:B\x00'
04242019 23:46:15 [INFO]: b'TX:M\x15\x84\xa1t\xcd\x02l\xa1e\xcd\x01\xdb\xa1p\xcd\x15\r\xa1r\xcd\x15\x1b--'
04242019 23:46:15 [INFO]: b'RX:B\x00'
04242019 23:46:15 [INFO]: b'TX:M\x15\x84\xa1t\xcd\x02l\xa1e\xcd\x01\xdb\xa1p\xcd\x15\r\xa1r\xcd\x15\x1b--'
04242019 23:46:15 [INFO]: b'RX:B\x00'
04242019 23:46:15 [INFO]: b'TX:M\x15\x84\xa1t\xcd\x02l\xa1e\xcd\x01\xdb\xa1p\xcd\x15\r\xa1r\xcd\x15\x1b--'
04242019 23:46:16 [INFO]: b'RX:B\x00'
04242019 23:46:16 [INFO]: b'TX:M\x12\x83\xa1a\xce\x00\x89T@\xa1o\xce\x01\x12\xa8\x80\xa1h\x00-----'
04242019 23:46:16 [INFO]: b'RX:B\x00'
04242019 23:46:16 [INFO]: b'TX:M\x12\x83\xa1a\xce\x00\x89T@\xa1o\xce\x01\x12\xa8\x80\xa1h\x00-----'
04242019 23:46:16 [INFO]: b'RX:B\x00'
04242019 23:46:16 [INFO]: b'TX:M\x12\x83\xa1a\xce\x00\x89T@\xa1o\xce\x01\x12\xa8\x80\xa1h\x00-----'
04242019 23:46:16 [INFO]: b'RX:B\x00'
04242019 23:46:17 [INFO]: b'TX:M\x12\x83\xa1a\xce\x00\x89T@\xa1o\xce\x01\x12\xa8\x80\xa1h\x00-----'
04242019 23:46:17 [INFO]: b'RX:B\x00'
04242019 23:46:17 [INFO]: b'TX:M\x12\x83\xa1a\xce\x00\x89T@\xa1o\xce\x01\x12\xa8\x80\xa1h\x00-----'
04242019 23:46:17 [INFO]: b'RX:B\x00'
04242019 23:46:17 [INFO]: b'TX:M\x15\x84\xa1t\xcd\x02l\xa1e\xcd\x01\xdb\xa1p\xcd\x15\r\xa1r\xcd\x15\x1b--'
04242019 23:46:17 [INFO]: b'RX:B\x00'
04242019 23:46:17 [INFO]: b'TX:M\x12\x83\xa1a\xce\x00\x89T@\xa1o\xce\x01\x12\xa8\x80\xa1h\x00-----'
04242019 23:46:18 [INFO]: b'RX:B\x00'
04242019 23:46:18 [INFO]: b'TX:M\x15\x84\xa1t\xcd\x02l\xa1e\xcd\x01\xdb\xa1p\xcd\x15\r\xa1r\xcd\x15\x1c--'
04242019 23:46:18 [INFO]: b'RX:B\x00'
04242019 23:46:18 [INFO]: b'TX:M\x12\x83\xa1a\xce\x00\x89T@\xa1o\xce\x01\x12\xa8\x80\xa1h\x00-----'
04242019 23:46:18 [INFO]: b'RX:B\x00'
04242019 23:46:18 [INFO]: b'TX:M\x15\x84\xa1t\xcd\x02l\xa1e\xcd\x01\xdb\xa1p\xcd\x15\r\xa1r\xcd\x15\x1b--'
04242019 23:46:18 [INFO]: b'RX:B\x00'
04242019 23:46:19 [INFO]: b'TX:M\x15\x84\xa1t\xcd\x02l\xa1e\xcd\x01\xdb\xa1p\xcd\x15\r\xa1r\xcd\x15\x1b--'
04242019 23:46:19 [INFO]: b'RX:B\x00'
04242019 23:46:19 [INFO]: b'TX:M\x12\x83\xa1a\xce\x00\x89T@\xa1o\xce\x01\x12\xa8\x80\xa1h\x00-----'
04242019 23:46:19 [INFO]: b'RX:B\x00'
04242019 23:46:19 [INFO]: b'TX:M\x15\x84\xa1t\xcd\x02l\xa1e\xcd\x01\xdb\xa1p\xcd\x15\r\xa1r\xcd\x15\x1c--'
04242019 23:46:19 [INFO]: b'RX:B\x00'
04242019 23:46:19 [INFO]: b'TX:M\x12\x83\xa1a\xce\x00\x89T@\xa1o\xce\x01\x12\xa8\x80\xa1h\x00-----'
04242019 23:46:20 [INFO]: b'RX:B\x00'
04242019 23:46:20 [INFO]: b'TX:M\x15\x84\xa1t\xcd\x02l\xa1e\xcd\x01\xdb\xa1p\xcd\x15\r\xa1r\xcd\x15\x1c--'
04242019 23:46:20 [INFO]: b'RX:B\x00'
04242019 23:46:20 [INFO]: b'TX:M\x12\x83\xa1a\xce\x00\x89T@\xa1o\xce\x01\x12\xa8\x80\xa1h\x00-----'
04242019 23:46:20 [INFO]: b'RX:B\x00'
04242019 23:46:20 [INFO]: b'TX:M\x15\x84\xa1t\xcd\x02l\xa1e\xcd\x01\xdb\xa1p\xcd\x15\x0e\xa1r\xcd\x15\x1c--'
04242019 23:46:20 [INFO]: b'RX:B\x00'
04242019 23:46:21 [INFO]: b'TX:M\x12\x83\xa1a\xce\x00\x89T@\xa1o\xce\x01\x12\xa8\x80\xa1h\x00-----'
04242019 23:46:21 [INFO]: b'RX:B\x00'
04242019 23:46:21 [INFO]: b'TX:M\x15\x84\xa1t\xcd\x02l\xa1e\xcd\x01\xdb\xa1p\xcd\x15\x0e\xa1r\xcd\x15\x1c--'
04242019 23:46:21 [INFO]: b'RX:B\x00'
04242019 23:46:21 [INFO]: b'TX:M\x12\x83\xa1a\xce\x00\x89T@\xa1o\xce\x01\x12\xa8\x80\xa1h\x00-----'
04242019 23:46:21 [INFO]: b'RX:B\x00'
04242019 23:46:21 [INFO]: b'TX:M\x15\x84\xa1t\xcd\x02l\xa1e\xcd\x01\xdb\xa1p\xcd\x15\x0e\xa1r\xcd\x15\x1c--'
04242019 23:46:22 [INFO]: b'RX:B\x00'
04242019 23:46:22 [INFO]: b'TX:M\x12\x83\xa1a\xce\x00\x89T@\xa1o\xce\x01\x12\xa8\x80\xa1h\x00-----'
04242019 23:46:22 [INFO]: b'RX:B\x00'
04242019 23:46:22 [INFO]: b'TX:M\x15\x84\xa1t\xcd\x02l\xa1e\xcd\x01\xdb\xa1p\xcd\x15\x0e\xa1r\xcd\x15\x1b--'
04242019 23:46:22 [INFO]: b'RX:B\x00'
04242019 23:46:22 [INFO]: b'TX:M\x12\x83\xa1a\xce\x00\x89T@\xa1o\xce\x01\x12\xa8\x80\xa1h\x00-----'
04242019 23:46:22 [INFO]: b'RX:B\x00'
04242019 23:46:22 [INFO]: b'TX:M\x15\x84\xa1t\xcd\x02l\xa1e\xcd\x01\xdb\xa1p\xcd\x15\x0c\xa1r\xcd\x15\x1b--'
04242019 23:46:23 [INFO]: b'RX:B\x00'
04242019 23:46:23 [INFO]: b'TX:M\x12\x83\xa1a\xce\x00\x89T@\xa1o\xce\x01\x12\xa8\x80\xa1h\x00-----'
04242019 23:46:23 [INFO]: b'RX:B\x00'
04242019 23:46:23 [INFO]: b'TX:M\x12\x83\xa1a\xce\x00\x89T@\xa1o\xce\x01\x12\xa8\x80\xa1h\x00-----'
04242019 23:46:23 [INFO]: b'RX:B\x00'
04242019 23:46:23 [INFO]: b'TX:M\x15\x84\xa1t\xcd\x02l\xa1e\xcd\x01\xdb\xa1p\xcd\x15\x0c\xa1r\xcd\x15\x1c--'
04242019 23:46:24 [INFO]: b'RX:B\x00'
04242019 23:46:24 [INFO]: b'TX:M\x12\x83\xa1a\xce\x00\x89T@\xa1o\xce\x01\x12\xa8\x80\xa1h\x00-----'
04242019 23:46:24 [INFO]: b'RX:B\x00'
04242019 23:46:24 [INFO]: b'TX:M\x15\x84\xa1t\xcd\x02l\xa1e\xcd\x01\xdb\xa1p\xcd\x15\x0e\xa1r\xcd\x15\x1b--'
04242019 23:46:24 [INFO]: b'RX:B\x00'
04242019 23:46:24 [INFO]: b'TX:M\x12\x83\xa1a\xce\x00\x89T@\xa1o\xce\x01\x12\xa8\x80\xa1h\x00-----'
04242019 23:46:24 [INFO]: b'RX:B\x00'
04242019 23:46:24 [INFO]: b'TX:M\x15\x84\xa1t\xcd\x02l\xa1e\xcd\x01\xdb\xa1p\xcd\x15\r\xa1r\xcd\x15\x1b--'
04242019 23:46:25 [INFO]: b'RX:B\x00'
04242019 23:46:25 [INFO]: b'TX:M\x15\x84\xa1t\xcd\x02l\xa1e\xcd\x01\xdb\xa1p\xcd\x15\r\xa1r\xcd\x15\x1c--'
04242019 23:46:25 [INFO]: b'RX:B\x00'
04242019 23:46:25 [INFO]: b'TX:M\x12\x83\xa1a\xce\x00\x89T@\xa1o\xce\x01\x12\xa8\x80\xa1h\x00-----'
04242019 23:46:25 [INFO]: b'RX:B\x00'
04242019 23:46:25 [INFO]: b'TX:M\x15\x84\xa1t\xcd\x02l\xa1e\xcd\x01\xdb\xa1p\xcd\x15\r\xa1r\xcd\x15\x1c--'
04242019 23:46:26 [INFO]: b'RX:B\x00'
04242019 23:46:26 [INFO]: b'TX:M\x12\x83\xa1a\xce\x00\x89T@\xa1o\xce\x01\x12\xa8\x80\xa1h\x00-----'
04242019 23:46:26 [INFO]: b'RX:B\x00'
04242019 23:46:26 [INFO]: b'TX:M\x15\x84\xa1t\xcd\x02l\xa1e\xcd\x01\xdb\xa1p\xcd\x15\r\xa1r\xcd\x15\x1b--'
04242019 23:46:26 [INFO]: b'RX:B\x00'
04242019 23:46:26 [INFO]: b'TX:M\x12\x83\xa1a\xce\x00\x89T@\xa1o\xce\x01\x12\xa8\x80\xa1h\x00-----'
04242019 23:46:26 [INFO]: b'RX:B\x00'
04242019 23:46:26 [INFO]: b'TX:M\x15\x84\xa1t\xcd\x02l\xa1e\xcd\x01\xdb\xa1p\xcd\x15\r\xa1r\xcd\x15\x1b--'
04242019 23:46:27 [INFO]: b'RX:B\x00'
04242019 23:46:27 [INFO]: b'TX:M\x12\x83\xa1a\xce\x00\x89T@\xa1o\xce\x01\x12\xa8\x80\xa1h\x00-----'
04242019 23:46:27 [INFO]: b'RX:B\x00'
04242019 23:46:27 [INFO]: b'TX:M\x15\x84\xa1t\xcd\x02l\xa1e\xcd\x01\xdb\xa1p\xcd\x15\r\xa1r\xcd\x15\x1c--'
04242019 23:46:27 [INFO]: b'RX:B\x00'
04242019 23:46:27 [INFO]: b'TX:M\x12\x83\xa1a\xce\x00\x89T@\xa1o\xce\x01\x12\xa8\x80\xa1h\x00-----'
04242019 23:46:27 [INFO]: b'RX:B\x00'
04242019 23:46:28 [INFO]: b'TX:M\x15\x84\xa1t\xcd\x02l\xa1e\xcd\x01\xdb\xa1p\xcd\x15\r\xa1r\xcd\x15\x1b--'
04242019 23:46:28 [INFO]: b'RX:B\x00'
04242019 23:46:28 [INFO]: b'TX:M\x12\x83\xa1a\xce\x00\x89T@\xa1o\xce\x01\x12\xa8\x80\xa1h\x00-----'
04242019 23:46:28 [INFO]: b'RX:B\x00'
04242019 23:46:28 [INFO]: b'TX:M\x15\x84\xa1t\xcd\x02l\xa1e\xcd\x01\xdb\xa1p\xcd\x15\r\xa1r\xcd\x15\x1b--'
04242019 23:46:28 [INFO]: b'RX:B\x00'
04242019 23:46:28 [INFO]: b'TX:M\x12\x83\xa1a\xce\x00\x89T@\xa1o\xce\x01\x12\xa8\x80\xa1h\x00-----'
04242019 23:46:29 [INFO]: b'RX:B\x00'
04242019 23:46:29 [ERROR]: Buffer overflow
04242019 23:46:29 [INFO]: b'TX:M\x15\x84\xa1t\xcd\x02l\xa1e\xcd\x01\xdb\xa1p\xcd\x15\x0c\xa1r\xcd\x15\x1c--'
04242019 23:46:29 [INFO]: b'RX:B\x00'
04242019 23:46:29 [INFO]: b'TX:M\x12\x83\xa1a\xce\x00\x89T@\xa1o\xce\x01\x12\xa8\x80\xa1h\x00-----'
04242019 23:46:29 [INFO]: b'RX:B\x00'
04242019 23:46:29 [INFO]: b'TX:M\x15\x84\xa1t\xcd\x02l\xa1e\xcd\x01\xdb\xa1p\xcd\x15\r\xa1r\xcd\x15\x1c--'
04242019 23:46:29 [INFO]: b'RX:B\x00'
04242019 23:46:30 [INFO]: b'TX:M\x12\x83\xa1a\xce\x00\x89T@\xa1o\xce\x01\x12\xa8\x80\xa1h\x00-----'
04242019 23:46:30 [INFO]: b'RX:B\x00'
04242019 23:46:30 [INFO]: b'TX:M\x15\x84\xa1t\xcd\x02l\xa1e\xcd\x01\xdb\xa1p\xcd\x15\r\xa1r\xcd\x15\x1b--'
04242019 23:46:30 [INFO]: b'RX:B\x00'
04242019 23:46:30 [INFO]: b'TX:M\x12\x83\xa1a\xce\x00\x89T@\xa1o\xce\x01\x12\xa8\x80\xa1h\x00-----'
04242019 23:46:30 [INFO]: b'RX:B\x00'
04242019 23:46:30 [INFO]: b'TX:M\x15\x84\xa1t\xcd\x02l\xa1e\xcd\x01\xdb\xa1p\xcd\x15\r\xa1r\xcd\x15\x1c--'
04242019 23:46:31 [INFO]: b'RX:B\x00'
04242019 23:46:31 [INFO]: b'TX:M\x12\x83\xa1a\xce\x00\x89T@\xa1o\xce\x01\x12\xa8\x80\xa1h\x00-----'
04242019 23:46:31 [INFO]: b'RX:B\x00'
04242019 23:46:31 [INFO]: b'TX:M\x12\x83\xa1a\xce\x00\x89T@\xa1o\xce\x01\x12\xa8\x80\xa1h\x00-----'
04242019 23:46:31 [INFO]: b'RX:B\x00'
04242019 23:46:31 [INFO]: b'TX:M\x15\x84\xa1t\xcd\x02l\xa1e\xcd\x01\xdb\xa1p\xcd\x15\r\xa1r\xcd\x15\x1c--'
04242019 23:46:31 [INFO]: b'RX:B\x00'
04242019 23:46:32 [INFO]: b'TX:M\x12\x83\xa1a\xce\x00\x89T@\xa1o\xce\x01\x12\xa8\x80\xa1h\x00-----'
04242019 23:46:32 [INFO]: b'RX:B\x00'
04242019 23:46:32 [INFO]: b'TX:M\x15\x84\xa1t\xcd\x02l\xa1e\xcd\x01\xdb\xa1p\xcd\x15\r\xa1r\xcd\x15\x1b--'
04242019 23:46:32 [INFO]: b'RX:B\x00'
04242019 23:46:32 [ERROR]: Buffer overflow
04242019 23:46:32 [INFO]: b'TX:M\x15\x84\xa1t\xcd\x02l\xa1e\xcd\x01\xdb\xa1p\xcd\x15\r\xa1r\xcd\x15\x1c--'
04242019 23:46:32 [INFO]: b'RX:B\x00'
04242019 23:46:32 [INFO]: b'TX:M\x12\x83\xa1a\xce\x00\x89T@\xa1o\xce\x01\x12\xa8\x80\xa1h\x00-----'
04242019 23:46:33 [INFO]: b'RX:B\x00'
04242019 23:46:33 [INFO]: b'TX:M\x15\x84\xa1t\xcd\x02l\xa1e\xcd\x01\xdb\xa1p\xcd\x15\r\xa1r\xcd\x15\x1c--'
04242019 23:46:33 [INFO]: b'RX:B\x00'
04242019 23:46:33 [INFO]: b'TX:M\x12\x83\xa1a\xce\x00\x89T@\xa1o\xce\x01\x12\xa8\x80\xa1h\x00-----'
04242019 23:46:33 [INFO]: b'RX:B\x00'
04242019 23:46:33 [INFO]: b'TX:M\x15\x84\xa1t\xcd\x02l\xa1e\xcd\x01\xdb\xa1p\xcd\x15\x0c\xa1r\xcd\x15\x1c--'
04242019 23:46:33 [INFO]: b'RX:B\x00'
04242019 23:46:34 [INFO]: b'TX:M\x12\x83\xa1a\xce\x00\x89T@\xa1o\xce\x01\x12\xa8\x80\xa1h\x00-----'
04242019 23:46:34 [INFO]: b'RX:B\x00'
04242019 23:46:34 [INFO]: b'TX:M\x12\x83\xa1a\xce\x00\x89T@\xa1o\xce\x01\x12\xa8\x80\xa1h\x00-----'
04242019 23:46:34 [INFO]: b'RX:B\x00'
04242019 23:46:34 [INFO]: b'TX:M\x15\x84\xa1t\xcd\x02l\xa1e\xcd\x01\xdb\xa1p\xcd\x15\x0e\xa1r\xcd\x15\x1b--'
04242019 23:46:34 [INFO]: b'RX:B\x00'
04242019 23:46:34 [INFO]: b'TX:M\x12\x83\xa1a\xce\x00\x89T@\xa1o\xce\x01\x12\xa8\x80\xa1h\x00-----'
04242019 23:46:35 [INFO]: b'RX:B\x00'
04242019 23:46:35 [INFO]: b'TX:M\x15\x84\xa1t\xcd\x02l\xa1e\xcd\x01\xdb\xa1p\xcd\x15\x0e\xa1r\xcd\x15\x1c--'
04242019 23:46:35 [INFO]: b'RX:B\x00'
04242019 23:46:35 [INFO]: b'TX:M\x12\x83\xa1a\xce\x00\x89T@\xa1o\xce\x01\x12\xa8\x80\xa1h\x00-----'
04242019 23:46:35 [INFO]: b'RX:B\x00'
04242019 23:46:35 [INFO]: b'TX:M\x15\x84\xa1t\xcd\x02l\xa1e\xcd\x01\xdb\xa1p\xcd\x15\r\xa1r\xcd\x15\x1c--'
04242019 23:46:35 [INFO]: b'RX:B\x00'
04242019 23:46:35 [ERROR]: Buffer overflow
04242019 23:46:35 [INFO]: b'TX:M\x15\x84\xa1t\xcd\x02l\xa1e\xcd\x01\xdb\xa1p\xcd\x15\r\xa1r\xcd\x15\x1b--'
04242019 23:46:36 [INFO]: b'RX:B\x00'
04242019 23:46:36 [INFO]: b'TX:M\x12\x83\xa1a\xce\x00\x89T@\xa1o\xce\x01\x12\xa8\x80\xa1h\x00-----'
04242019 23:46:36 [INFO]: b'RX:B\x00'
04242019 23:46:36 [INFO]: b'TX:M\x15\x84\xa1t\xcd\x02l\xa1e\xcd\x01\xdb\xa1p\xcd\x15\r\xa1r\xcd\x15\x1b--'
04242019 23:46:36 [INFO]: b'RX:B\x00'
04242019 23:46:36 [INFO]: b'TX:M\x12\x83\xa1a\xce\x00\x89T@\xa1o\xce\x01\x12\xa8\x80\xa1h\x00-----'
04242019 23:46:37 [INFO]: b'RX:B\x00'
04242019 23:46:37 [INFO]: b'TX:M\x15\x84\xa1t\xcd\x02l\xa1e\xcd\x01\xdb\xa1p\xcd\x15\r\xa1r\xcd\x15\x1b--'
04242019 23:46:37 [INFO]: b'RX:B\x00'
04242019 23:46:37 [INFO]: b'TX:M\x12\x83\xa1a\xce\x00\x89T@\xa1o\xce\x01\x12\xa8\x80\xa1h\x00-----'
04242019 23:46:37 [INFO]: b'RX:B\x00'
04242019 23:46:37 [INFO]: b'TX:M\x12\x83\xa1a\xce\x00\x89T@\xa1o\xce\x01\x12\xa8\x80\xa1h\x00-----'
04242019 23:46:37 [INFO]: b'RX:B\x00'
04242019 23:46:37 [INFO]: b'TX:M\x15\x84\xa1t\xcd\x02l\xa1e\xcd\x01\xdb\xa1p\xcd\x15\x0c\xa1r\xcd\x15\x1b--'
04242019 23:46:38 [INFO]: b'RX:B\x00'
04242019 23:46:38 [INFO]: b'TX:M\x12\x83\xa1a\xce\x00\x89T@\xa1o\xce\x01\x12\xa8\x80\xa1h\x00-----'
04242019 23:46:38 [INFO]: b'RX:B\x00'
04242019 23:46:38 [INFO]: b'TX:M\x15\x84\xa1t\xcd\x02l\xa1e\xcd\x01\xdb\xa1p\xcd\x15\x0c\xa1r\xcd\x15\x1c--'
04242019 23:46:38 [INFO]: b'RX:B\x00'
04242019 23:46:38 [INFO]: b'TX:M\x12\x83\xa1a\xce\x00\x89T@\xa1o\xce\x01\x12\xa8\x80\xa1h\x00-----'
04242019 23:46:39 [INFO]: b'RX:B\x00'
04242019 23:46:39 [INFO]: b'TX:M\x15\x84\xa1t\xcd\x02l\xa1e\xcd\x01\xdb\xa1p\xcd\x15\x0c\xa1r\xcd\x15\x1c--'
04242019 23:46:39 [INFO]: b'RX:B\x00'
04242019 23:46:39 [ERROR]: Buffer overflow
04242019 23:46:39 [INFO]: b'TX:M\x15\x84\xa1t\xcd\x02l\xa1e\xcd\x01\xdb\xa1p\xcd\x15\r\xa1r\xcd\x15\x1c--'
04242019 23:46:39 [INFO]: b'RX:B\x00'
04242019 23:46:39 [INFO]: b'TX:M\x12\x83\xa1a\xce\x00\x89T@\xa1o\xce\x01\x12\xa8\x80\xa1h\x00-----'
04242019 23:46:39 [INFO]: b'RX:B\x00'
04242019 23:46:39 [INFO]: b'TX:M\x15\x84\xa1t\xcd\x02l\xa1e\xcd\x01\xdb\xa1p\xcd\x15\r\xa1r\xcd\x15\x1c--'
04242019 23:46:40 [INFO]: b'RX:B\x00'
04242019 23:46:40 [INFO]: b'TX:M\x12\x83\xa1a\xce\x00\x89T@\xa1o\xce\x01\x12\xa8\x80\xa1h\x00-----'
04242019 23:46:40 [INFO]: b'RX:B\x00'
04242019 23:46:40 [INFO]: b'TX:M\x15\x84\xa1t\xcd\x02l\xa1e\xcd\x01\xdb\xa1p\xcd\x15\r\xa1r\xcd\x15\x1c--'
04242019 23:46:40 [INFO]: b'RX:B\x00'
04242019 23:46:40 [INFO]: b'TX:M\x12\x83\xa1a\xce\x00\x89T@\xa1o\xce\x01\x12\xa8\x80\xa1h\x00-----'
04242019 23:46:41 [INFO]: b'RX:B\x00'
04242019 23:46:41 [INFO]: b'TX:M\x12\x83\xa1a\xce\x00\x89T@\xa1o\xce\x01\x12\xa8\x80\xa1h\x00-----'
04242019 23:46:41 [INFO]: b'RX:B\x00'
04242019 23:46:41 [INFO]: b'TX:M\x15\x84\xa1t\xcd\x02l\xa1e\xcd\x01\xdb\xa1p\xcd\x15\r\xa1r\xcd\x15\x1c--'
04242019 23:46:41 [INFO]: b'RX:B\x00'
04242019 23:46:41 [INFO]: b'TX:M\x12\x83\xa1a\xce\x00\x89T@\xa1o\xce\x01\x12\xa8\x80\xa1h\x00-----'
04242019 23:46:41 [INFO]: b'RX:B\x00'
04242019 23:46:41 [INFO]: b'TX:M\x15\x84\xa1t\xcd\x02l\xa1e\xcd\x01\xdb\xa1p\xcd\x15\r\xa1r\xcd\x15\x1c--'
04242019 23:46:42 [INFO]: b'RX:B\x00'
04242019 23:46:42 [INFO]: b'TX:M\x12\x83\xa1a\xce\x00\x89T@\xa1o\xce\x01\x12\xa8\x80\xa1h\x00-----'
04242019 23:46:42 [INFO]: b'RX:B\x00'
04242019 23:46:42 [INFO]: b'TX:M\x15\x84\xa1t\xcd\x02l\xa1e\xcd\x01\xdb\xa1p\xcd\x15\x0c\xa1r\xcd\x15\x1c--'
04242019 23:46:42 [ERROR]: Buffer overflow
04242019 23:46:42 [INFO]: b'RX:B\x00'
04242019 23:46:42 [INFO]: b'TX:M\x15\x84\xa1t\xcd\x02l\xa1e\xcd\x01\xdb\xa1p\xcd\x15\r\xa1r\xcd\x15\x1b--'
