04242019 23:45:08 [ERROR]: negative seek position -1
04242019 23:45:08 [INFO]: b'TX:M\x15\x84\xa1r\xcd\x15\x1d\xa1p\xcd\x15\x0e\xa1t\xcd\x02f\xa1e\xcd\x01\xda--'
04242019 23:45:09 [INFO]: b'RX:B\x00'
04242019 23:45:09 [INFO]: b'TX:M\x15\x84\xa1r\xcd\x15\x1d\xa1p\xcd\x15\x0e\xa1t\xcd\x02f\xa1e\xcd\x01\xda--'
04242019 23:45:09 [INFO]: b'RX:B\x00'
04242019 23:45:09 [INFO]: b'TX:M\x15\x84\xa1r\xcd\x15\x1c\xa1p\xcd\x15\x0e\xa1t\xcd\x02f\xa1e\xcd\x01\xda--'
04242019 23:45:09 [INFO]: b'RX:B\x00'
04242019 23:45:09 [INFO]: b'TX:M\x15\x84\xa1r\xcd\x15\x1d\xa1p\xcd\x15\x0e\xa1t\xcd\x02f\xa1e\xcd\x01\xda--'
04242019 23:45:10 [INFO]: b'RX:B\x00'
04242019 23:45:10 [INFO]: b'TX:M\x15\x84\xa1r\xcd\x15\x1d\xa1p\xcd\x15\x0e\xa1t\xcd\x02f\xa1e\xcd\x01\xda--'
04242019 23:45:10 [INFO]: b'RX:B\x00'
04242019 23:45:10 [INFO]: b'TX:M\x12\x83\xa1o\xce\x01\x12\xa8\x80\xa1a\xce\x00\x89T@\xa1h\x00-----'
04242019 23:45:10 [INFO]: b'RX:B\x00'
04242019 23:45:10 [INFO]: b'TX:M\x12\x83\xa1o\xce\x01\x12\xa8\x80\xa1a\xce\x00\x89T@\xa1h\x00-----'
04242019 23:45:10 [INFO]: b'RX:B\x00'
04242019 23:45:10 [INFO]: b'TX:M\x12\x83\xa1o\xce\x01\x12\xa8\x80\xa1a\xce\x00\x89T@\xa1h\x00-----'
04242019 23:45:11 [INFO]: b'RX:B\x00'
04242019 23:45:11 [INFO]: b'TX:M\x12\x83\xa1o\xce\x01\x12\xa8\x80\xa1a\xce\x00\x89T@\xa1h\x00-----'
04242019 23:45:11 [INFO]: b'RX:B\x00'
04242019 23:45:11 [INFO]: b'TX:M\x12\x83\xa1o\xce\x01\x12\xa8\x80\xa1a\xce\x00\x89T@\xa1h\x00-----'
04242019 23:45:11 [INFO]: b'RX:B\x00'
04242019 23:45:11 [WARNING]: Buffer empty!
04242019 23:45:11 [WARNING]: Nothing to send!
04242019 23:45:11 [INFO]: b'TX:SSBuffer Empty!----------'
04242019 23:45:12 [INFO]: b'RX:B\x00'
04242019 23:45:12 [WARNING]: Buffer empty!
04242019 23:45:12 [WARNING]: Nothing to send!
04242019 23:45:12 [INFO]: b'TX:SSBuffer Empty!----------'
04242019 23:45:12 [INFO]: b'RX:B\x00'
04242019 23:45:12 [WARNING]: Buffer empty!
04242019 23:45:12 [WARNING]: Nothing to send!
04242019 23:45:12 [INFO]: b'TX:SSBuffer Empty!----------'
04242019 23:45:12 [INFO]: b'RX:B\x00'
04242019 23:45:12 [WARNING]: Buffer empty!
04242019 23:45:12 [WARNING]: Nothing to send!
04242019 23:45:12 [INFO]: b'TX:SSBuffer Empty!----------'
04242019 23:45:12 [INFO]: b'RX:B\x00'
04242019 23:45:12 [WARNING]: Buffer empty!
04242019 23:45:12 [WARNING]: Nothing to send!
04242019 23:45:12 [INFO]: b'TX:SSBuffer Empty!----------'
04242019 23:45:13 [INFO]: b'RX:B\x00'
04242019 23:45:13 [WARNING]: Buffer empty!
04242019 23:45:13 [WARNING]: Nothing to send!
04242019 23:45:13 [INFO]: b'TX:SSBuffer Empty!----------'
04242019 23:45:13 [INFO]: b'RX:B\x00'
04242019 23:45:13 [WARNING]: Buffer empty!
04242019 23:45:13 [WARNING]: Nothing to send!
04242019 23:45:13 [INFO]: b'TX:SSBuffer Empty!----------'
04242019 23:45:13 [INFO]: b'RX:B\x00'
04242019 23:45:13 [WARNING]: Buffer empty!
04242019 23:45:13 [WARNING]: Nothing to send!
04242019 23:45:13 [INFO]: b'TX:SSBuffer Empty!----------'
04242019 23:45:14 [INFO]: b'RX:B\x00'
04242019 23:45:14 [WARNING]: Buffer empty!
04242019 23:45:14 [WARNING]: Nothing to send!
04242019 23:45:14 [INFO]: b'TX:SSBuffer Empty!----------'
04242019 23:45:14 [INFO]: b'RX:B\x00'
04242019 23:45:14 [WARNING]: Buffer empty!
04242019 23:45:14 [WARNING]: Nothing to send!
04242019 23:45:14 [INFO]: b'TX:SSBuffer Empty!----------'
04242019 23:45:14 [INFO]: b'RX:B\x00'
04242019 23:45:14 [WARNING]: Buffer empty!
04242019 23:45:14 [WARNING]: Nothing to send!
04242019 23:45:14 [INFO]: b'TX:SSBuffer Empty!----------'
04242019 23:45:14 [INFO]: b'RX:B\x00'
04242019 23:45:15 [WARNING]: Buffer empty!
04242019 23:45:15 [WARNING]: Nothing to send!
04242019 23:45:15 [INFO]: b'TX:SSBuffer Empty!----------'
04242019 23:45:15 [INFO]: b'RX:B\x00'
04242019 23:45:15 [WARNING]: Buffer empty!
04242019 23:45:15 [WARNING]: Nothing to send!
04242019 23:45:15 [INFO]: b'TX:SSBuffer Empty!----------'
04242019 23:45:15 [INFO]: b'RX:B\x00'
04242019 23:45:15 [WARNING]: Buffer empty!
04242019 23:45:15 [WARNING]: Nothing to send!
04242019 23:45:15 [INFO]: b'TX:SSBuffer Empty!----------'
04242019 23:45:15 [INFO]: b'RX:B\x00'
04242019 23:45:15 [WARNING]: Buffer empty!
04242019 23:45:15 [WARNING]: Nothing to send!
04242019 23:45:15 [INFO]: b'TX:SSBuffer Empty!----------'
04242019 23:45:16 [INFO]: b'RX:B\x00'
04242019 23:45:16 [WARNING]: Buffer empty!
04242019 23:45:16 [WARNING]: Nothing to send!
04242019 23:45:16 [INFO]: b'TX:SSBuffer Empty!----------'
04242019 23:45:16 [INFO]: b'RX:B\x00'
04242019 23:45:16 [WARNING]: Buffer empty!
04242019 23:45:16 [WARNING]: Nothing to send!
04242019 23:45:16 [INFO]: b'TX:SSBuffer Empty!----------'
04242019 23:45:16 [INFO]: b'RX:B\x00'
04242019 23:45:16 [WARNING]: Buffer empty!
04242019 23:45:16 [WARNING]: Nothing to send!
04242019 23:45:16 [INFO]: b'TX:SSBuffer Empty!----------'
04242019 23:45:17 [INFO]: b'RX:B\x00'
04242019 23:45:17 [WARNING]: Buffer empty!
04242019 23:45:17 [WARNING]: Nothing to send!
04242019 23:45:17 [INFO]: b'TX:SSBuffer Empty!----------'
04242019 23:45:17 [INFO]: b'RX:B\x00'
04242019 23:45:17 [WARNING]: Buffer empty!
04242019 23:45:17 [WARNING]: Nothing to send!
04242019 23:45:17 [INFO]: b'TX:SSBuffer Empty!----------'
04242019 23:45:17 [INFO]: b'RX:B\x00'
04242019 23:45:17 [WARNING]: Buffer empty!
04242019 23:45:17 [WARNING]: Nothing to send!
04242019 23:45:17 [INFO]: b'TX:SSBuffer Empty!----------'
04242019 23:45:17 [INFO]: b'RX:B\x00'
04242019 23:45:17 [WARNING]: Buffer empty!
04242019 23:45:17 [WARNING]: Nothing to send!
04242019 23:45:17 [INFO]: b'TX:SSBuffer Empty!----------'
04242019 23:45:18 [INFO]: b'RX:B\x00'
04242019 23:45:18 [WARNING]: Buffer empty!
04242019 23:45:18 [WARNING]: Nothing to send!
04242019 23:45:18 [INFO]: b'TX:SSBuffer Empty!----------'
04242019 23:45:18 [INFO]: b'RX:B\x00'
04242019 23:45:18 [WARNING]: Buffer empty!
04242019 23:45:18 [WARNING]: Nothing to send!
04242019 23:45:18 [INFO]: b'TX:SSBuffer Empty!----------'
04242019 23:45:18 [INFO]: b'RX:B\x00'
04242019 23:45:18 [WARNING]: Buffer empty!
04242019 23:45:18 [WARNING]: Nothing to send!
04242019 23:45:18 [INFO]: b'TX:SSBuffer Empty!----------'
04242019 23:45:19 [INFO]: b'RX:B\x00'
04242019 23:45:19 [WARNING]: Buffer empty!
04242019 23:45:19 [WARNING]: Nothing to send!
04242019 23:45:19 [INFO]: b'TX:SSBuffer Empty!----------'
04242019 23:45:19 [INFO]: b'RX:B\x00'
04242019 23:45:19 [WARNING]: Buffer empty!
04242019 23:45:19 [WARNING]: Nothing to send!
04242019 23:45:19 [INFO]: b'TX:SSBuffer Empty!----------'
04242019 23:45:19 [INFO]: b'RX:B\x00'
04242019 23:45:19 [WARNING]: Buffer empty!
04242019 23:45:19 [WARNING]: Nothing to send!
04242019 23:45:19 [INFO]: b'TX:SSBuffer Empty!----------'
04242019 23:45:19 [INFO]: b'RX:B\x00'
04242019 23:45:20 [WARNING]: Buffer empty!
04242019 23:45:20 [WARNING]: Nothing to send!
04242019 23:45:20 [INFO]: b'TX:SSBuffer Empty!----------'
04242019 23:45:20 [INFO]: b'RX:B\x00'
04242019 23:45:20 [WARNING]: Buffer empty!
04242019 23:45:20 [WARNING]: Nothing to send!
04242019 23:45:20 [INFO]: b'TX:SSBuffer Empty!----------'
04242019 23:45:20 [INFO]: b'RX:B\x00'
04242019 23:45:20 [WARNING]: Buffer empty!
04242019 23:45:20 [WARNING]: Nothing to send!
04242019 23:45:20 [INFO]: b'TX:SSBuffer Empty!----------'
04242019 23:45:20 [INFO]: b'RX:B\x00'
04242019 23:45:20 [WARNING]: Buffer empty!
04242019 23:45:20 [WARNING]: Nothing to send!
04242019 23:45:20 [INFO]: b'TX:SSBuffer Empty!----------'
04242019 23:45:21 [INFO]: b'RX:B\x00'
04242019 23:45:21 [WARNING]: Buffer empty!
04242019 23:45:21 [WARNING]: Nothing to send!
04242019 23:45:21 [INFO]: b'TX:SSBuffer Empty!----------'
04242019 23:45:21 [INFO]: b'RX:B\x00'
04242019 23:45:21 [WARNING]: Buffer empty!
04242019 23:45:21 [WARNING]: Nothing to send!
04242019 23:45:21 [INFO]: b'TX:SSBuffer Empty!----------'
04242019 23:45:21 [INFO]: b'RX:B\x00'
04242019 23:45:21 [WARNING]: Buffer empty!
04242019 23:45:21 [WARNING]: Nothing to send!
04242019 23:45:21 [INFO]: b'TX:SSBuffer Empty!----------'
04242019 23:45:21 [INFO]: b'RX:B\x00'
04242019 23:45:22 [WARNING]: Buffer empty!
04242019 23:45:22 [WARNING]: Nothing to send!
04242019 23:45:22 [INFO]: b'TX:SSBuffer Empty!----------'
04242019 23:45:22 [INFO]: b'RX:B\x00'
04242019 23:45:22 [WARNING]: Buffer empty!
04242019 23:45:22 [WARNING]: Nothing to send!
04242019 23:45:22 [INFO]: b'TX:SSBuffer Empty!----------'
04242019 23:45:22 [INFO]: b'RX:B\x00'
04242019 23:45:22 [WARNING]: Buffer empty!
04242019 23:45:22 [WARNING]: Nothing to send!
04242019 23:45:22 [INFO]: b'TX:SSBuffer Empty!----------'
04242019 23:45:22 [INFO]: b'RX:B\x00'
04242019 23:45:22 [WARNING]: Buffer empty!
04242019 23:45:22 [WARNING]: Nothing to send!
04242019 23:45:22 [INFO]: b'TX:SSBuffer Empty!----------'
04242019 23:45:23 [INFO]: b'RX:B\x00'
04242019 23:45:23 [WARNING]: Buffer empty!
04242019 23:45:23 [WARNING]: Nothing to send!
04242019 23:45:23 [INFO]: b'TX:SSBuffer Empty!----------'
04242019 23:45:23 [INFO]: b'RX:B\x00'
04242019 23:45:23 [WARNING]: Buffer empty!
04242019 23:45:23 [WARNING]: Nothing to send!
04242019 23:45:23 [INFO]: b'TX:SSBuffer Empty!----------'
04242019 23:45:23 [INFO]: b'RX:B\x00'
04242019 23:45:23 [WARNING]: Buffer empty!
04242019 23:45:23 [WARNING]: Nothing to send!
04242019 23:45:23 [INFO]: b'TX:SSBuffer Empty!----------'
04242019 23:45:24 [INFO]: b'RX:B\x00'
04242019 23:45:24 [WARNING]: Buffer empty!
04242019 23:45:24 [WARNING]: Nothing to send!
04242019 23:45:24 [INFO]: b'TX:SSBuffer Empty!----------'
04242019 23:45:24 [INFO]: b'RX:B\x00'
04242019 23:45:24 [WARNING]: Buffer empty!
04242019 23:45:24 [WARNING]: Nothing to send!
04242019 23:45:24 [INFO]: b'TX:SSBuffer Empty!----------'
04242019 23:45:24 [INFO]: b'RX:B\x00'
04242019 23:45:24 [WARNING]: Buffer empty!
04242019 23:45:24 [WARNING]: Nothing to send!
04242019 23:45:24 [INFO]: b'TX:SSBuffer Empty!----------'
04242019 23:45:24 [INFO]: b'RX:B\x00'
04242019 23:45:24 [WARNING]: Buffer empty!
04242019 23:45:24 [WARNING]: Nothing to send!
04242019 23:45:25 [INFO]: b'TX:SSBuffer Empty!----------'
04242019 23:45:25 [INFO]: b'RX:B\x00'
04242019 23:45:25 [WARNING]: Buffer empty!
04242019 23:45:25 [WARNING]: Nothing to send!
04242019 23:45:25 [INFO]: b'TX:SSBuffer Empty!----------'
04242019 23:45:25 [INFO]: b'RX:B\x00'
04242019 23:45:25 [WARNING]: Buffer empty!
04242019 23:45:25 [WARNING]: Nothing to send!
04242019 23:45:25 [INFO]: b'TX:SSBuffer Empty!----------'
04242019 23:45:25 [INFO]: b'RX:B\x00'
04242019 23:45:25 [WARNING]: Buffer empty!
04242019 23:45:25 [WARNING]: Nothing to send!
04242019 23:45:25 [INFO]: b'TX:SSBuffer Empty!----------'
04242019 23:45:26 [INFO]: b'RX:B\x00'
04242019 23:45:26 [WARNING]: Buffer empty!
04242019 23:45:26 [WARNING]: Nothing to send!
04242019 23:45:26 [INFO]: b'TX:SSBuffer Empty!----------'
04242019 23:45:26 [INFO]: b'RX:B\x00'
04242019 23:45:26 [WARNING]: Buffer empty!
04242019 23:45:26 [WARNING]: Nothing to send!
04242019 23:45:26 [INFO]: b'TX:SSBuffer Empty!----------'
04242019 23:45:26 [INFO]: b'RX:B\x00'
04242019 23:45:26 [WARNING]: Buffer empty!
04242019 23:45:26 [WARNING]: Nothing to send!
04242019 23:45:26 [INFO]: b'TX:SSBuffer Empty!----------'
04242019 23:45:26 [INFO]: b'RX:B\x00'
04242019 23:45:27 [WARNING]: Buffer empty!
04242019 23:45:27 [WARNING]: Nothing to send!
04242019 23:45:27 [INFO]: b'TX:SSBuffer Empty!----------'
04242019 23:45:27 [INFO]: b'RX:B\x00'
04242019 23:45:27 [WARNING]: Buffer empty!
04242019 23:45:27 [WARNING]: Nothing to send!
04242019 23:45:27 [INFO]: b'TX:SSBuffer Empty!----------'
04242019 23:45:27 [INFO]: b'RX:B\x00'
04242019 23:45:27 [WARNING]: Buffer empty!
04242019 23:45:27 [WARNING]: Nothing to send!
04242019 23:45:27 [INFO]: b'TX:SSBuffer Empty!----------'
04242019 23:45:27 [INFO]: b'RX:B\x00'
04242019 23:45:27 [WARNING]: Buffer empty!
04242019 23:45:27 [WARNING]: Nothing to send!
04242019 23:45:27 [INFO]: b'TX:SSBuffer Empty!----------'
04242019 23:45:28 [INFO]: b'RX:B\x00'
04242019 23:45:28 [WARNING]: Buffer empty!
04242019 23:45:28 [WARNING]: Nothing to send!
04242019 23:45:28 [INFO]: b'TX:SSBuffer Empty!----------'
04242019 23:45:28 [INFO]: b'RX:B\x00'
04242019 23:45:28 [WARNING]: Buffer empty!
04242019 23:45:28 [WARNING]: Nothing to send!
04242019 23:45:28 [INFO]: b'TX:SSBuffer Empty!----------'
04242019 23:45:28 [INFO]: b'RX:B\x00'
04242019 23:45:28 [WARNING]: Buffer empty!
04242019 23:45:28 [WARNING]: Nothing to send!
04242019 23:45:28 [INFO]: b'TX:SSBuffer Empty!----------'
04242019 23:45:29 [INFO]: b'RX:B\x00'
04242019 23:45:29 [WARNING]: Buffer empty!
04242019 23:45:29 [WARNING]: Nothing to send!
04242019 23:45:29 [INFO]: b'TX:SSBuffer Empty!----------'
04242019 23:45:29 [INFO]: b'RX:B\x00'
04242019 23:45:29 [WARNING]: Buffer empty!
04242019 23:45:29 [WARNING]: Nothing to send!
04242019 23:45:29 [INFO]: b'TX:SSBuffer Empty!----------'
04242019 23:45:29 [INFO]: b'RX:B\x00'
04242019 23:45:29 [WARNING]: Buffer empty!
04242019 23:45:29 [WARNING]: Nothing to send!
04242019 23:45:29 [INFO]: b'TX:SSBuffer Empty!----------'
04242019 23:45:30 [INFO]: b'RX:B\x00'
04242019 23:45:30 [WARNING]: Buffer empty!
04242019 23:45:30 [WARNING]: Nothing to send!
04242019 23:45:30 [INFO]: b'TX:SSBuffer Empty!----------'
04242019 23:45:30 [INFO]: b'RX:B\x00'
04242019 23:45:30 [WARNING]: Buffer empty!
04242019 23:45:30 [WARNING]: Nothing to send!
04242019 23:45:30 [INFO]: b'TX:SSBuffer Empty!----------'
04242019 23:45:30 [INFO]: b'RX:B\x00'
04242019 23:45:30 [WARNING]: Buffer empty!
04242019 23:45:30 [WARNING]: Nothing to send!
04242019 23:45:30 [INFO]: b'TX:SSBuffer Empty!----------'
04242019 23:45:31 [INFO]: b'RX:B\x00'
04242019 23:45:31 [WARNING]: Buffer empty!
04242019 23:45:31 [WARNING]: Nothing to send!
04242019 23:45:31 [INFO]: b'TX:SSBuffer Empty!----------'
04242019 23:45:31 [INFO]: b'RX:B\x00'
04242019 23:45:31 [WARNING]: Buffer empty!
04242019 23:45:31 [WARNING]: Nothing to send!
04242019 23:45:31 [INFO]: b'TX:SSBuffer Empty!----------'
04242019 23:45:31 [INFO]: b'RX:B\x00'
04242019 23:45:31 [WARNING]: Buffer empty!
04242019 23:45:31 [WARNING]: Nothing to send!
04242019 23:45:31 [INFO]: b'TX:SSBuffer Empty!----------'
04242019 23:45:32 [INFO]: b'RX:B\x00'
04242019 23:45:32 [WARNING]: Buffer empty!
04242019 23:45:32 [WARNING]: Nothing to send!
04242019 23:45:32 [INFO]: b'TX:SSBuffer Empty!----------'
04242019 23:45:32 [INFO]: b'RX:B\x00'
04242019 23:45:32 [WARNING]: Buffer empty!
04242019 23:45:32 [WARNING]: Nothing to send!
04242019 23:45:32 [INFO]: b'TX:SSBuffer Empty!----------'
04242019 23:45:32 [INFO]: b'RX:B\x00'
04242019 23:45:32 [WARNING]: Buffer empty!
04242019 23:45:32 [WARNING]: Nothing to send!
04242019 23:45:32 [INFO]: b'TX:SSBuffer Empty!----------'
04242019 23:45:32 [INFO]: b'RX:B\x00'
04242019 23:45:32 [WARNING]: Buffer empty!
04242019 23:45:32 [WARNING]: Nothing to send!
04242019 23:45:32 [INFO]: b'TX:SSBuffer Empty!----------'
04242019 23:45:33 [INFO]: b'RX:B\x00'
04242019 23:45:33 [WARNING]: Buffer empty!
04242019 23:45:33 [WARNING]: Nothing to send!
04242019 23:45:33 [INFO]: b'TX:SSBuffer Empty!----------'
04242019 23:45:33 [INFO]: b'RX:B\x00'
04242019 23:45:33 [WARNING]: Buffer empty!
04242019 23:45:33 [WARNING]: Nothing to send!
04242019 23:45:33 [INFO]: b'TX:SSBuffer Empty!----------'
04242019 23:45:33 [INFO]: b'RX:B\x00'
04242019 23:45:33 [WARNING]: Buffer empty!
04242019 23:45:33 [WARNING]: Nothing to send!
04242019 23:45:33 [INFO]: b'TX:SSBuffer Empty!----------'
04242019 23:45:34 [INFO]: b'RX:B\x00'
04242019 23:45:34 [WARNING]: Buffer empty!
04242019 23:45:34 [WARNING]: Nothing to send!
04242019 23:45:34 [INFO]: b'TX:SSBuffer Empty!----------'
04242019 23:45:34 [INFO]: b'RX:B\x00'
04242019 23:45:34 [WARNING]: Buffer empty!
04242019 23:45:34 [WARNING]: Nothing to send!
04242019 23:45:34 [INFO]: b'TX:SSBuffer Empty!----------'
04242019 23:45:34 [INFO]: b'RX:B\x00'
04242019 23:45:34 [WARNING]: Buffer empty!
04242019 23:45:34 [WARNING]: Nothing to send!
04242019 23:45:34 [INFO]: b'TX:SSBuffer Empty!----------'
04242019 23:45:34 [INFO]: b'RX:B\x00'
04242019 23:45:34 [WARNING]: Buffer empty!
04242019 23:45:34 [WARNING]: Nothing to send!
04242019 23:45:35 [INFO]: b'TX:SSBuffer Empty!----------'
04242019 23:45:35 [INFO]: b'RX:B\x00'
04242019 23:45:35 [WARNING]: Buffer empty!
04242019 23:45:35 [WARNING]: Nothing to send!
04242019 23:45:35 [INFO]: b'TX:SSBuffer Empty!----------'
04242019 23:45:35 [INFO]: b'RX:B\x00'
04242019 23:45:35 [WARNING]: Buffer empty!
04242019 23:45:35 [WARNING]: Nothing to send!
04242019 23:45:35 [INFO]: b'TX:SSBuffer Empty!----------'
04242019 23:45:35 [INFO]: b'RX:B\x00'
04242019 23:45:35 [WARNING]: Buffer empty!
04242019 23:45:35 [WARNING]: Nothing to send!
04242019 23:45:35 [INFO]: b'TX:SSBuffer Empty!----------'
04242019 23:45:36 [INFO]: b'RX:B\x00'
04242019 23:45:36 [WARNING]: Buffer empty!
04242019 23:45:36 [WARNING]: Nothing to send!
04242019 23:45:36 [INFO]: b'TX:SSBuffer Empty!----------'
04242019 23:45:36 [INFO]: b'RX:B\x00'
04242019 23:45:36 [WARNING]: Buffer empty!
04242019 23:45:36 [WARNING]: Nothing to send!
04242019 23:45:36 [INFO]: b'TX:SSBuffer Empty!----------'
04242019 23:45:36 [INFO]: b'RX:B\x00'
04242019 23:45:36 [WARNING]: Buffer empty!
04242019 23:45:36 [WARNING]: Nothing to send!
04242019 23:45:36 [INFO]: b'TX:SSBuffer Empty!----------'
04242019 23:45:37 [INFO]: b'RX:B\x00'
04242019 23:45:37 [WARNING]: Buffer empty!
04242019 23:45:37 [WARNING]: Nothing to send!
04242019 23:45:37 [INFO]: b'TX:SSBuffer Empty!----------'
04242019 23:45:37 [INFO]: b'RX:B\x00'
04242019 23:45:37 [WARNING]: Buffer empty!
04242019 23:45:37 [WARNING]: Nothing to send!
04242019 23:45:37 [INFO]: b'TX:SSBuffer Empty!----------'
04242019 23:45:37 [INFO]: b'RX:B\x00'
04242019 23:45:37 [WARNING]: Buffer empty!
04242019 23:45:37 [WARNING]: Nothing to send!
04242019 23:45:37 [INFO]: b'TX:SSBuffer Empty!----------'
04242019 23:45:37 [INFO]: b'RX:B\x00'
04242019 23:45:37 [WARNING]: Buffer empty!
04242019 23:45:37 [WARNING]: Nothing to send!
04242019 23:45:37 [INFO]: b'TX:SSBuffer Empty!----------'
04242019 23:45:38 [INFO]: b'RX:B\x00'
04242019 23:45:38 [WARNING]: Buffer empty!
04242019 23:45:38 [WARNING]: Nothing to send!
04242019 23:45:38 [INFO]: b'TX:SSBuffer Empty!----------'
04242019 23:45:38 [INFO]: b'RX:B\x00'
04242019 23:45:38 [WARNING]: Buffer empty!
04242019 23:45:38 [WARNING]: Nothing to send!
04242019 23:45:38 [INFO]: b'TX:SSBuffer Empty!----------'
04242019 23:45:38 [INFO]: b'RX:B\x00'
04242019 23:45:38 [WARNING]: Buffer empty!
04242019 23:45:38 [WARNING]: Nothing to send!
04242019 23:45:38 [INFO]: b'TX:SSBuffer Empty!----------'
04242019 23:45:39 [INFO]: b'RX:B\x00'
04242019 23:45:39 [WARNING]: Buffer empty!
04242019 23:45:39 [WARNING]: Nothing to send!
04242019 23:45:39 [INFO]: b'TX:SSBuffer Empty!----------'
04242019 23:45:39 [INFO]: b'RX:B\x00'
04242019 23:45:39 [WARNING]: Buffer empty!
04242019 23:45:39 [WARNING]: Nothing to send!
04242019 23:45:39 [INFO]: b'TX:SSBuffer Empty!----------'
04242019 23:45:39 [INFO]: b'RX:B\x00'
04242019 23:45:39 [WARNING]: Buffer empty!
04242019 23:45:39 [WARNING]: Nothing to send!
04242019 23:45:39 [INFO]: b'TX:SSBuffer Empty!----------'
04242019 23:45:39 [INFO]: b'RX:B\x00'
04242019 23:45:40 [WARNING]: Buffer empty!
04242019 23:45:40 [WARNING]: Nothing to send!
04242019 23:45:40 [INFO]: b'TX:SSBuffer Empty!----------'
04242019 23:45:40 [INFO]: b'RX:B\x00'
04242019 23:45:40 [WARNING]: Buffer empty!
04242019 23:45:40 [WARNING]: Nothing to send!
04242019 23:45:40 [INFO]: b'TX:SSBuffer Empty!----------'
04242019 23:45:40 [INFO]: b'RX:B\x00'
04242019 23:45:40 [WARNING]: Buffer empty!
04242019 23:45:40 [WARNING]: Nothing to send!
04242019 23:45:40 [INFO]: b'TX:SSBuffer Empty!----------'
