04242019 14:40:21 [INFO]: CMD: NULLCMD--

04242019 14:40:21 [INFO]: b'TX:M\x15\x84\xa1t\xcd\x02h\xa1r\xcd\x15\x1f\xa1p\xcd\x15\x11\xa1e\xcd\x01\xe0--'
04242019 14:40:21 [INFO]: b'RX:B\x00'
04242019 14:40:21 [INFO]: b'TX:M\x15\x84\xa1t\xcd\x02h\xa1r\xcd\x15\x1f\xa1p\xcd\x15\x11\xa1e\xcd\x01\xe0--'
04242019 14:40:22 [INFO]: b'RX:B\x00'
04242019 14:40:22 [INFO]: b'TX:M\x15\x84\xa1t\xcd\x02h\xa1r\xcd\x15\x1f\xa1p\xcd\x15\x11\xa1e\xcd\x01\xe0--'
04242019 14:40:22 [INFO]: b'RX:B\x00'
04242019 14:40:22 [INFO]: b'TX:M\x15\x84\xa1t\xcd\x02h\xa1r\xcd\x15\x1e\xa1p\xcd\x15\x11\xa1e\xcd\x01\xe0--'
04242019 14:40:22 [INFO]: b'RX:B\x00'
04242019 14:40:22 [INFO]: b'TX:M\x15\x84\xa1t\xcd\x02h\xa1r\xcd\x15\x1e\xa1p\xcd\x15\x11\xa1e\xcd\x01\xe0--'
04242019 14:40:22 [INFO]: b'RX:B\x00'
04242019 14:40:22 [INFO]: b'TX:M\x12\x83\xa1o\xce\x01\x12\xa8\x80\xa1a\xce\x00\x89T@\xa1h\x00-----'
04242019 14:40:23 [INFO]: b'RX:B\x00'
04242019 14:40:23 [INFO]: b'TX:M\x12\x83\xa1o\xce\x01\x12\xa8\x80\xa1a\xce\x00\x89T@\xa1h\x00-----'
04242019 14:40:23 [INFO]: b'RX:B\x00'
04242019 14:40:23 [INFO]: b'TX:M\x12\x83\xa1o\xce\x01\x12\xa8\x80\xa1a\xce\x00\x89T@\xa1h\x00-----'
04242019 14:40:23 [INFO]: b'RX:B\x00'
04242019 14:40:23 [INFO]: b'TX:M\x12\x83\xa1o\xce\x01\x12\xa8\x80\xa1a\xce\x00\x89T@\xa1h\x00-----'
04242019 14:40:23 [INFO]: b'RX:B\x00'
04242019 14:40:24 [INFO]: b'TX:M\x12\x83\xa1o\xce\x01\x12\xa8\x80\xa1a\xce\x00\x89T@\xa1h\x00-----'
04242019 14:40:24 [INFO]: b'RX:B\x00'
04242019 14:40:24 [INFO]: b'TX:M\x15\x84\xa1t\xcd\x02h\xa1r\xcd\x15\x1f\xa1p\xcd\x15\x11\xa1e\xcd\x01\xe0--'
04242019 14:40:24 [INFO]: b'RX:B\x00'
04242019 14:40:24 [INFO]: b'TX:M\x12\x83\xa1o\xce\x01\x12\xa8\x80\xa1a\xce\x00\x89T@\xa1h\x00-----'
04242019 14:40:24 [INFO]: b'RX:B\x00'
04242019 14:40:24 [INFO]: b'TX:M\x15\x84\xa1t\xcd\x02h\xa1r\xcd\x15\x1f\xa1p\xcd\x15\x11\xa1e\xcd\x01\xe0--'
04242019 14:40:25 [INFO]: b'RX:B\x00'
04242019 14:40:25 [INFO]: b'TX:M\x12\x83\xa1o\xce\x01\x12\xa8\x80\xa1a\xce\x00\x89T@\xa1h\x00-----'
04242019 14:40:25 [INFO]: b'RX:B\x00'
04242019 14:40:25 [INFO]: b'TX:M\x15\x84\xa1t\xcd\x02h\xa1r\xcd\x15\x1f\xa1p\xcd\x15\x11\xa1e\xcd\x01\xe0--'
04242019 14:40:25 [INFO]: b'RX:B\x00'
04242019 14:40:25 [INFO]: b'TX:M\x12\x83\xa1o\xce\x01\x12\xa8\x80\xa1a\xce\x00\x89T@\xa1h\x00-----'
04242019 14:40:25 [INFO]: b'RX:B\x00'
04242019 14:40:26 [INFO]: b'TX:M\x15\x84\xa1t\xcd\x02h\xa1r\xcd\x15\x1f\xa1p\xcd\x15\x11\xa1e\xcd\x01\xe0--'
04242019 14:40:26 [INFO]: b'RX:B\x00'
04242019 14:40:26 [INFO]: b'TX:M\x12\x83\xa1o\xce\x01\x12\xa8\x80\xa1a\xce\x00\x89T@\xa1h\x00-----'
04242019 14:40:26 [INFO]: b'RX:B\x00'
04242019 14:40:26 [INFO]: b'TX:M\x15\x84\xa1t\xcd\x02h\xa1r\xcd\x15\x1f\xa1p\xcd\x15\x11\xa1e\xcd\x01\xe0--'
04242019 14:40:26 [INFO]: b'RX:B\x00'
04242019 14:40:26 [INFO]: b'TX:M\x12\x83\xa1o\xce\x01\x12\xa8\x80\xa1a\xce\x00\x89T@\xa1h\x00-----'
04242019 14:40:27 [INFO]: b'RX:B\x00'
04242019 14:40:27 [INFO]: b'TX:M\x15\x84\xa1t\xcd\x02h\xa1r\xcd\x15\x1f\xa1p\xcd\x15\x11\xa1e\xcd\x01\xe0--'
04242019 14:40:27 [INFO]: b'RX:B\x00'
04242019 14:40:27 [INFO]: b'TX:M\x12\x83\xa1o\xce\x01\x12\xa8\x80\xa1a\xce\x00\x89T@\xa1h\x00-----'
04242019 14:40:27 [INFO]: b'RX:B\x00'
04242019 14:40:27 [INFO]: b'TX:M\x12\x83\xa1o\xce\x01\x12\xa8\x80\xa1a\xce\x00\x89T@\xa1h\x00-----'
04242019 14:40:27 [INFO]: b'RX:B\x00'
04242019 14:40:28 [INFO]: b'TX:M\x15\x84\xa1t\xcd\x02h\xa1r\xcd\x15\x1f\xa1p\xcd\x15\x11\xa1e\xcd\x01\xe0--'
04242019 14:40:28 [INFO]: b'RX:B\x00'
04242019 14:40:28 [INFO]: b'TX:M\x12\x83\xa1o\xce\x01\x12\xa8\x80\xa1a\xce\x00\x89T@\xa1h\x00-----'
04242019 14:40:28 [INFO]: b'RX:B\x00'
04242019 14:40:28 [INFO]: b'TX:M\x15\x84\xa1t\xcd\x02h\xa1r\xcd\x15\x1f\xa1p\xcd\x15\x11\xa1e\xcd\x01\xe0--'
04242019 14:40:28 [INFO]: b'RX:B\x00'
04242019 14:40:28 [INFO]: b'TX:M\x12\x83\xa1o\xce\x01\x12\xa8\x80\xa1a\xce\x00\x89T@\xa1h\x00-----'
04242019 14:40:29 [INFO]: b'RX:B\x00'
04242019 14:40:29 [INFO]: b'TX:M\x15\x84\xa1t\xcd\x02h\xa1r\xcd\x15\x1f\xa1p\xcd\x15\x11\xa1e\xcd\x01\xe0--'
04242019 14:40:29 [INFO]: b'RX:B\x00'
04242019 14:40:29 [INFO]: b'TX:M\x12\x83\xa1o\xce\x01\x12\xa8\x80\xa1a\xce\x00\x89T@\xa1h\x00-----'
04242019 14:40:29 [INFO]: b'RX:B\x00'
04242019 14:40:29 [INFO]: b'TX:M\x15\x84\xa1t\xcd\x02h\xa1r\xcd\x15\x1f\xa1p\xcd\x15\x11\xa1e\xcd\x01\xe0--'
04242019 14:40:29 [INFO]: b'RX:B\x00'
04242019 14:40:30 [INFO]: b'TX:M\x15\x84\xa1t\xcd\x02h\xa1r\xcd\x15\x1f\xa1p\xcd\x15\x11\xa1e\xcd\x01\xe0--'
04242019 14:40:30 [INFO]: b'RX:B\x00'
04242019 14:40:30 [INFO]: b'TX:M\x12\x83\xa1o\xce\x01\x12\xa8\x80\xa1a\xce\x00\x89T@\xa1h\x00-----'
04242019 14:40:30 [INFO]: b'RX:B\x00'
04242019 14:40:30 [INFO]: b'TX:M\x15\x84\xa1t\xcd\x02h\xa1r\xcd\x15\x1e\xa1p\xcd\x15\x11\xa1e\xcd\x01\xe0--'
04242019 14:40:30 [INFO]: b'RX:B\x00'
04242019 14:40:30 [INFO]: b'TX:M\x12\x83\xa1o\xce\x01\x12\xa8\x80\xa1a\xce\x00\x89T@\xa1h\x00-----'
04242019 14:40:31 [INFO]: b'RX:B\x00'
04242019 14:40:31 [INFO]: b'TX:M\x15\x84\xa1t\xcd\x02h\xa1r\xcd\x15\x1e\xa1p\xcd\x15\x11\xa1e\xcd\x01\xe0--'
04242019 14:40:31 [INFO]: b'RX:B\x00'
04242019 14:40:31 [INFO]: b'TX:M\x12\x83\xa1o\xce\x01\x12\xa8\x80\xa1a\xce\x00\x89T@\xa1h\x00-----'
04242019 14:40:31 [INFO]: b'RX:B\x00'
04242019 14:40:31 [INFO]: b'TX:M\x15\x84\xa1t\xcd\x02h\xa1r\xcd\x15\x1e\xa1p\xcd\x15\x11\xa1e\xcd\x01\xe0--'
04242019 14:40:31 [INFO]: b'RX:B\x00'
04242019 14:40:32 [INFO]: b'TX:M\x12\x83\xa1o\xce\x01\x12\xa8\x80\xa1a\xce\x00\x89T@\xa1h\x00-----'
04242019 14:40:32 [INFO]: b'RX:B\x00'
04242019 14:40:32 [INFO]: b'TX:M\x15\x84\xa1t\xcd\x02h\xa1r\xcd\x15\x1e\xa1p\xcd\x15\x11\xa1e\xcd\x01\xe0--'
04242019 14:40:32 [INFO]: b'RX:B\x00'
04242019 14:40:32 [INFO]: b'TX:M\x12\x83\xa1o\xce\x01\x12\xa8\x80\xa1a\xce\x00\x89T@\xa1h\x00-----'
04242019 14:40:32 [INFO]: b'RX:B\x00'
04242019 14:40:32 [INFO]: b'TX:M\x15\x84\xa1t\xcd\x02h\xa1r\xcd\x15\x1f\xa1p\xcd\x15\x11\xa1e\xcd\x01\xe0--'
04242019 14:40:33 [INFO]: b'RX:B\x00'
04242019 14:40:33 [INFO]: b'TX:M\x12\x83\xa1o\xce\x01\x12\xa8\x80\xa1a\xce\x00\x89T@\xa1h\x00-----'
04242019 14:40:33 [INFO]: b'RX:B\x00'
04242019 14:40:33 [INFO]: b'TX:M\x15\x84\xa1t\xcd\x02h\xa1r\xcd\x15\x1f\xa1p\xcd\x15\x11\xa1e\xcd\x01\xe0--'
04242019 14:40:33 [INFO]: b'RX:B\x00'
04242019 14:40:33 [INFO]: b'TX:M\x12\x83\xa1o\xce\x01\x12\xa8\x80\xa1a\xce\x00\x89T@\xa1h\x00-----'
04242019 14:40:33 [INFO]: b'RX:B\x00'
04242019 14:40:34 [INFO]: b'TX:M\x12\x83\xa1o\xce\x01\x12\xa8\x80\xa1a\xce\x00\x89T@\xa1h\x00-----'
04242019 14:40:34 [INFO]: b'RX:B\x00'
04242019 14:40:34 [INFO]: b'TX:M\x15\x84\xa1t\xcd\x02h\xa1r\xcd\x15\x1f\xa1p\xcd\x15\x11\xa1e\xcd\x01\xe0--'
04242019 14:40:34 [INFO]: b'RX:B\x00'
04242019 14:40:34 [INFO]: b'TX:M\x12\x83\xa1o\xce\x01\x12\xa8\x80\xa1a\xce\x00\x89T@\xa1h\x00-----'
04242019 14:40:34 [INFO]: b'RX:B\x00'
04242019 14:40:34 [INFO]: b'TX:M\x15\x84\xa1t\xcd\x02h\xa1r\xcd\x15\x1e\xa1p\xcd\x15\x11\xa1e\xcd\x01\xe0--'
04242019 14:40:35 [INFO]: b'RX:B\x00'
04242019 14:40:35 [INFO]: b'TX:M\x12\x83\xa1o\xce\x01\x12\xa8\x80\xa1a\xce\x00\x89T@\xa1h\x00-----'
04242019 14:40:35 [INFO]: b'RX:B\x00'
04242019 14:40:35 [INFO]: b'TX:M\x15\x84\xa1t\xcd\x02h\xa1r\xcd\x15\x1e\xa1p\xcd\x15\x11\xa1e\xcd\x01\xe0--'
04242019 14:40:35 [INFO]: b'RX:B\x00'
04242019 14:40:35 [INFO]: b'TX:M\x15\x84\xa1t\xcd\x02h\xa1r\xcd\x15\x1f\xa1p\xcd\x15\x10\xa1e\xcd\x01\xe0--'
04242019 14:40:35 [INFO]: b'RX:B\x00'
04242019 14:40:35 [ERROR]: Buffer overflow
04242019 14:40:36 [INFO]: b'TX:M\x12\x83\xa1o\xce\x01\x12\xa8\x80\xa1a\xce\x00\x89T@\xa1h\x00-----'
04242019 14:40:36 [INFO]: b'RX:B\x00'
04242019 14:40:36 [INFO]: b'TX:M\x15\x84\xa1t\xcd\x02h\xa1r\xcd\x15\x1f\xa1p\xcd\x15\x11\xa1e\xcd\x01\xe0--'
04242019 14:40:36 [INFO]: b'RX:B\x00'
04242019 14:40:36 [INFO]: b'TX:M\x12\x83\xa1o\xce\x01\x12\xa8\x80\xa1a\xce\x00\x89T@\xa1h\x00-----'
04242019 14:40:36 [INFO]: b'RX:B\x00'
04242019 14:40:36 [INFO]: b'TX:M\x15\x84\xa1t\xcd\x02h\xa1r\xcd\x15\x1f\xa1p\xcd\x15\x11\xa1e\xcd\x01\xe0--'
04242019 14:40:37 [INFO]: b'RX:B\x00'
04242019 14:40:37 [INFO]: b'TX:M\x12\x83\xa1o\xce\x01\x12\xa8\x80\xa1a\xce\x00\x89T@\xa1h\x00-----'
04242019 14:40:37 [INFO]: b'RX:B\x00'
04242019 14:40:37 [INFO]: b'TX:M\x12\x83\xa1o\xce\x01\x12\xa8\x80\xa1a\xce\x00\x89T@\xa1h\x00-----'
04242019 14:40:37 [INFO]: b'RX:B\x00'
04242019 14:40:37 [INFO]: b'TX:M\x15\x84\xa1t\xcd\x02h\xa1r\xcd\x15\x1f\xa1p\xcd\x15\x11\xa1e\xcd\x01\xe0--'
04242019 14:40:37 [INFO]: b'RX:B\x00'
04242019 14:40:37 [INFO]: b'TX:M\x12\x83\xa1o\xce\x01\x12\xa8\x80\xa1a\xce\x00\x89T@\xa1h\x00-----'
04242019 14:40:38 [INFO]: b'RX:B\x00'
04242019 14:40:38 [INFO]: b'TX:M\x15\x84\xa1t\xcd\x02h\xa1r\xcd\x15\x1f\xa1p\xcd\x15\x11\xa1e\xcd\x01\xe0--'
04242019 14:40:38 [INFO]: b'RX:B\x00'
04242019 14:40:38 [INFO]: b'TX:M\x12\x83\xa1o\xce\x01\x12\xa8\x80\xa1a\xce\x00\x89T@\xa1h\x00-----'
04242019 14:40:38 [INFO]: b'TX:M\x15\x84\xa1t\xcd\x02h\xa1r\xcd\x15\x1f\xa1p\xcd\x15\x12\xa1e\xcd\x01\xe0--'
04242019 14:40:39 [INFO]: b'RX:B\x00'
04242019 14:40:39 [INFO]: b'TX:M\x12\x83\xa1o\xce\x01\x12\xa8\x80\xa1a\xce\x00\x89T@\xa1h\x00-----'
04242019 14:40:39 [INFO]: b'RX:B\x00'
04242019 14:40:39 [ERROR]: Buffer overflow
04242019 14:40:39 [INFO]: b'TX:M\x12\x83\xa1o\xce\x01\x12\xa8\x80\xa1a\xce\x00\x89T@\xa1h\x00-----'
04242019 14:40:39 [INFO]: b'RX:B\x00'
04242019 14:40:39 [INFO]: b'TX:M\x15\x84\xa1t\xcd\x02h\xa1r\xcd\x15\x1f\xa1p\xcd\x15\x11\xa1e\xcd\x01\xe0--'
04242019 14:40:39 [INFO]: b'RX:B\x00'
04242019 14:40:39 [INFO]: b'TX:M\x12\x83\xa1o\xce\x01\x12\xa8\x80\xa1a\xce\x00\x89T@\xa1h\x00-----'
04242019 14:40:40 [INFO]: b'RX:B\x00'
04242019 14:40:40 [INFO]: b'TX:M\x15\x84\xa1t\xcd\x02h\xa1r\xcd\x15\x1f\xa1p\xcd\x15\x11\xa1e\xcd\x01\xe0--'
04242019 14:40:40 [INFO]: b'RX:B\x00'
04242019 14:40:40 [INFO]: b'TX:M\x12\x83\xa1o\xce\x01\x12\xa8\x80\xa1a\xce\x00\x89T@\xa1h\x00-----'
04242019 14:40:40 [INFO]: b'RX:B\x00'
04242019 14:40:40 [INFO]: b'TX:M\x12\x83\xa1o\xce\x01\x12\xa8\x80\xa1a\xce\x00\x89T@\xa1h\x00-----'
04242019 14:40:41 [INFO]: b'RX:B\x00'
04242019 14:40:41 [INFO]: b'TX:M\x15\x84\xa1t\xcd\x02h\xa1r\xcd\x15\x1f\xa1p\xcd\x15\x11\xa1e\xcd\x01\xe0--'
04242019 14:40:41 [INFO]: b'RX:B\x00'
04242019 14:40:41 [INFO]: b'TX:M\x12\x83\xa1o\xce\x01\x12\xa8\x80\xa1a\xce\x00\x89T@\xa1h\x00-----'
04242019 14:40:41 [INFO]: b'RX:B\x00'
04242019 14:40:41 [INFO]: b'TX:M\x15\x84\xa1t\xcd\x02h\xa1r\xcd\x15\x1f\xa1p\xcd\x15\x11\xa1e\xcd\x01\xe0--'
04242019 14:40:41 [INFO]: b'RX:B\x00'
04242019 14:40:41 [INFO]: b'TX:M\x12\x83\xa1o\xce\x01\x12\xa8\x80\xa1a\xce\x00\x89T@\xa1h\x00-----'
04242019 14:40:42 [WARNING]: WRONG CRC
04242019 14:40:42 [INFO]: b'TX:M\x15\x84\xa1t\xcd\x02h\xa1r\xcd\x15\x1f\xa1p\xcd\x15\x11\xa1e\xcd\x01\xe0--'
04242019 14:40:42 [INFO]: b'RX:B\x00'
04242019 14:40:42 [INFO]: b'TX:M\x12\x83\xa1o\xce\x01\x12\xa8\x80\xa1a\xce\x00\x89T@\xa1h\x00-----'
04242019 14:40:42 [INFO]: b'RX:B\x00'
04242019 14:40:42 [ERROR]: Buffer overflow
04242019 14:40:42 [INFO]: b'TX:M\x12\x83\xa1o\xce\x01\x12\xa8\x80\xa1a\xce\x00\x89T@\xa1h\x00-----'
04242019 14:40:43 [INFO]: b'TX:M\x15\x84\xa1t\xcd\x02h\xa1r\xcd\x15\x1e\xa1p\xcd\x15\x11\xa1e\xcd\x01\xe0--'
04242019 14:40:43 [INFO]: b'RX:B\x00'
04242019 14:40:43 [INFO]: b'TX:M\x12\x83\xa1o\xce\x01\x12\xa8\x80\xa1a\xce\x00\x89T@\xa1h\x00-----'
04242019 14:40:43 [INFO]: b'RX:B\x00'
04242019 14:40:43 [INFO]: b'TX:M\x15\x84\xa1t\xcd\x02h\xa1r\xcd\x15\x1e\xa1p\xcd\x15\x11\xa1e\xcd\x01\xe0--'
04242019 14:40:43 [INFO]: b'RX:B\x00'
04242019 14:40:43 [INFO]: b'TX:M\x12\x83\xa1o\xce\x01\x12\xa8\x80\xa1a\xce\x00\x89T@\xa1h\x00-----'
04242019 14:40:44 [INFO]: b'RX:B\x00'
04242019 14:40:44 [INFO]: b'TX:M\x12\x83\xa1o\xce\x01\x12\xa8\x80\xa1a\xce\x00\x89T@\xa1h\x00-----'
04242019 14:40:44 [INFO]: b'RX:B\x00'
04242019 14:40:44 [INFO]: b'TX:M\x15\x84\xa1t\xcd\x02h\xa1r\xcd\x15\x1e\xa1p\xcd\x15\x11\xa1e\xcd\x01\xe0--'
04242019 14:40:44 [INFO]: b'RX:B\x00'
04242019 14:40:44 [INFO]: b'TX:M\x12\x83\xa1o\xce\x01\x12\xa8\x80\xa1a\xce\x00\x89T@\xa1h\x00-----'
04242019 14:40:44 [INFO]: b'RX:B\x00'
04242019 14:40:45 [INFO]: b'TX:M\x15\x84\xa1t\xcd\x02h\xa1r\xcd\x15\x1e\xa1p\xcd\x15\x10\xa1e\xcd\x01\xe0--'
04242019 14:40:45 [INFO]: b'RX:B\x00'
04242019 14:40:45 [INFO]: b'TX:M\x12\x83\xa1o\xce\x01\x12\xa8\x80\xa1a\xce\x00\x89T@\xa1h\x00-----'
04242019 14:40:45 [INFO]: b'RX:B\x00'
04242019 14:40:45 [INFO]: b'TX:M\x15\x84\xa1t\xcd\x02h\xa1r\xcd\x15\x1f\xa1p\xcd\x15\x10\xa1e\xcd\x01\xe0--'
04242019 14:40:45 [INFO]: b'RX:B\x00'
04242019 14:40:45 [ERROR]: Buffer overflow
04242019 14:40:45 [INFO]: b'TX:M\x15\x84\xa1t\xcd\x02h\xa1r\xcd\x15\x1f\xa1p\xcd\x15\x10\xa1e\xcd\x01\xe0--'
04242019 14:40:46 [INFO]: b'RX:B\x00'
04242019 14:40:46 [INFO]: b'TX:M\x12\x83\xa1o\xce\x01\x12\xa8\x80\xa1a\xce\x00\x89T@\xa1h\x00-----'
04242019 14:40:46 [INFO]: b'RX:B\x00'
04242019 14:40:46 [INFO]: b'TX:M\x15\x84\xa1t\xcd\x02h\xa1r\xcd\x15\x1e\xa1p\xcd\x15\x11\xa1e\xcd\x01\xe0--'
04242019 14:40:46 [INFO]: b'RX:B\x00'
04242019 14:40:46 [INFO]: b'TX:M\x12\x83\xa1o\xce\x01\x12\xa8\x80\xa1a\xce\x00\x89T@\xa1h\x00-----'
04242019 14:40:47 [INFO]: b'RX:B\x00'
04242019 14:40:47 [INFO]: b'TX:M\x15\x84\xa1t\xcd\x02h\xa1r\xcd\x15\x1e\xa1p\xcd\x15\x11\xa1e\xcd\x01\xe0--'
04242019 14:40:47 [INFO]: b'RX:B\x00'
04242019 14:40:47 [INFO]: b'TX:M\x12\x83\xa1o\xce\x01\x12\xa8\x80\xa1a\xce\x00\x89T@\xa1h\x00-----'
04242019 14:40:47 [INFO]: b'RX:B\x00'
04242019 14:40:47 [INFO]: b'TX:M\x12\x83\xa1o\xce\x01\x12\xa8\x80\xa1a\xce\x00\x89T@\xa1h\x00-----'
04242019 14:40:47 [INFO]: b'RX:B\x00'
04242019 14:40:47 [INFO]: b'TX:M\x15\x84\xa1t\xcd\x02h\xa1r\xcd\x15\x1f\xa1p\xcd\x15\x11\xa1e\xcd\x01\xe0--'
04242019 14:40:48 [INFO]: b'RX:B\x00'
04242019 14:40:48 [INFO]: b'TX:M\x12\x83\xa1o\xce\x01\x12\xa8\x80\xa1a\xce\x00\x89T@\xa1h\x00-----'
04242019 14:40:48 [INFO]: b'RX:B\x00'
04242019 14:40:48 [INFO]: b'TX:M\x15\x84\xa1t\xcd\x02h\xa1r\xcd\x15\x1f\xa1p\xcd\x15\x11\xa1e\xcd\x01\xe0--'
04242019 14:40:48 [INFO]: b'RX:B\x00'
04242019 14:40:48 [INFO]: b'TX:M\x12\x83\xa1o\xce\x01\x12\xa8\x80\xa1a\xce\x00\x89T@\xa1h\x00-----'
04242019 14:40:48 [INFO]: b'RX:B\x00'
04242019 14:40:49 [INFO]: b'TX:M\x15\x84\xa1t\xcd\x02h\xa1r\xcd\x15\x1f\xa1p\xcd\x15\x11\xa1e\xcd\x01\xe0--'
04242019 14:40:49 [INFO]: b'RX:B\x00'
04242019 14:40:49 [ERROR]: Buffer overflow
04242019 14:40:49 [INFO]: b'TX:M\x15\x84\xa1t\xcd\x02h\xa1r\xcd\x15\x1f\xa1p\xcd\x15\x11\xa1e\xcd\x01\xe0--'
04242019 14:40:49 [INFO]: b'RX:B\x00'
04242019 14:40:49 [INFO]: b'TX:M\x12\x83\xa1o\xce\x01\x12\xa8\x80\xa1a\xce\x00\x89T@\xa1h\x00-----'
04242019 14:40:49 [INFO]: b'RX:B\x00'
04242019 14:40:49 [INFO]: b'TX:M\x15\x84\xa1t\xcd\x02h\xa1r\xcd\x15\x1f\xa1p\xcd\x15\x11\xa1e\xcd\x01\xe0--'
04242019 14:40:50 [INFO]: b'RX:B\x00'
04242019 14:40:50 [INFO]: b'TX:M\x12\x83\xa1o\xce\x01\x12\xa8\x80\xa1a\xce\x00\x89T@\xa1h\x00-----'
04242019 14:40:50 [INFO]: b'RX:B\x00'
04242019 14:40:50 [INFO]: b'TX:M\x15\x84\xa1t\xcd\x02h\xa1r\xcd\x15\x1e\xa1p\xcd\x15\x11\xa1e\xcd\x01\xe0--'
04242019 14:40:50 [INFO]: b'TX:M\x12\x83\xa1o\xce\x01\x12\xa8\x80\xa1a\xce\x00\x89T@\xa1h\x00-----'
04242019 14:40:50 [INFO]: b'RX:B\x00'
04242019 14:40:51 [INFO]: b'TX:M\x12\x83\xa1o\xce\x01\x12\xa8\x80\xa1a\xce\x00\x89T@\xa1h\x00-----'
04242019 14:40:51 [INFO]: b'RX:B\x00'
04242019 14:40:51 [INFO]: b'TX:M\x15\x84\xa1t\xcd\x02h\xa1r\xcd\x15\x1e\xa1p\xcd\x15\x11\xa1e\xcd\x01\xe0--'
04242019 14:40:51 [INFO]: b'RX:B\x00'
04242019 14:40:51 [INFO]: b'TX:M\x12\x83\xa1o\xce\x01\x12\xa8\x80\xa1a\xce\x00\x89T@\xa1h\x00-----'
04242019 14:40:51 [INFO]: b'RX:B\x00'
04242019 14:40:51 [INFO]: b'TX:M\x15\x84\xa1t\xcd\x02h\xa1r\xcd\x15\x1f\xa1p\xcd\x15\x10\xa1e\xcd\x01\xe0--'
04242019 14:40:52 [INFO]: b'RX:B\x00'
04242019 14:40:52 [INFO]: b'TX:M\x12\x83\xa1o\xce\x01\x12\xa8\x80\xa1a\xce\x00\x89T@\xa1h\x00-----'
04242019 14:40:52 [INFO]: b'RX:B\x00'
04242019 14:40:52 [INFO]: b'TX:M\x15\x84\xa1t\xcd\x02h\xa1r\xcd\x15\x1f\xa1p\xcd\x15\x10\xa1e\xcd\x01\xe0--'
04242019 14:40:52 [INFO]: b'RX:B\x00'
04242019 14:40:52 [ERROR]: Buffer overflow
04242019 14:40:52 [INFO]: b'TX:M\x15\x84\xa1t\xcd\x02h\xa1r\xcd\x15\x1f\xa1p\xcd\x15\x12\xa1e\xcd\x01\xe0--'
04242019 14:40:52 [INFO]: b'RX:B\x00'
04242019 14:40:53 [INFO]: b'TX:M\x12\x83\xa1o\xce\x01\x12\xa8\x80\xa1a\xce\x00\x89T@\xa1h\x00-----'
04242019 14:40:53 [INFO]: b'RX:B\x00'
04242019 14:40:53 [INFO]: b'TX:M\x15\x84\xa1t\xcd\x02h\xa1r\xcd\x15\x1f\xa1p\xcd\x15\x12\xa1e\xcd\x01\xe0--'
04242019 14:40:53 [INFO]: b'RX:B\x00'
04242019 14:40:53 [INFO]: b'TX:M\x12\x83\xa1o\xce\x01\x12\xa8\x80\xa1a\xce\x00\x89T@\xa1h\x00-----'
04242019 14:40:53 [INFO]: b'RX:B\x00'
04242019 14:40:53 [INFO]: b'TX:M\x15\x84\xa1t\xcd\x02h\xa1r\xcd\x15\x1f\xa1p\xcd\x15\x11\xa1e\xcd\x01\xe0--'
04242019 14:40:54 [INFO]: b'RX:B\x00'
04242019 14:40:54 [INFO]: b'TX:M\x12\x83\xa1o\xce\x01\x12\xa8\x80\xa1a\xce\x00\x89T@\xa1h\x00-----'
04242019 14:40:54 [INFO]: b'RX:B\x00'
04242019 14:40:54 [INFO]: b'TX:M\x12\x83\xa1o\xce\x01\x12\xa8\x80\xa1a\xce\x00\x89T@\xa1h\x00-----'
04242019 14:40:54 [INFO]: b'RX:B\x00'
04242019 14:40:54 [INFO]: b'TX:M\x15\x84\xa1t\xcd\x02h\xa1r\xcd\x15\x1f\xa1p\xcd\x15\x11\xa1e\xcd\x01\xe0--'
04242019 14:40:55 [INFO]: b'RX:B\x00'
04242019 14:40:55 [INFO]: b'TX:M\x12\x83\xa1o\xce\x01\x12\xa8\x80\xa1a\xce\x00\x89T@\xa1h\x00-----'
04242019 14:40:55 [INFO]: b'RX:B\x00'
04242019 14:40:55 [INFO]: b'TX:M\x15\x84\xa1t\xcd\x02h\xa1r\xcd\x15\x1f\xa1p\xcd\x15\x11\xa1e\xcd\x01\xe0--'
