04242019 14:46:52 [INFO]: CMD: NULLCMD--

04242019 14:46:52 [INFO]: b'TX:M\x15\x84\xa1e\xcd\x01\xe1\xa1r\xcd\x15\x1e\xa1p\xcd\x15\x10\xa1t\xcd\x02h--'
04242019 14:46:52 [INFO]: b'RX:B\x00'
04242019 14:46:53 [INFO]: b'TX:M\x15\x84\xa1e\xcd\x01\xe1\xa1r\xcd\x15\x1e\xa1p\xcd\x15\x10\xa1t\xcd\x02h--'
04242019 14:46:53 [INFO]: b'RX:B\x00'
04242019 14:46:53 [INFO]: b'TX:M\x15\x84\xa1e\xcd\x01\xe1\xa1r\xcd\x15\x1f\xa1p\xcd\x15\x11\xa1t\xcd\x02h--'
04242019 14:46:53 [INFO]: b'RX:B\x00'
04242019 14:46:53 [INFO]: b'TX:M\x15\x84\xa1e\xcd\x01\xe1\xa1r\xcd\x15\x1f\xa1p\xcd\x15\x11\xa1t\xcd\x02h--'
04242019 14:46:53 [INFO]: b'RX:B\x00'
04242019 14:46:53 [INFO]: b'TX:M\x15\x84\xa1e\xcd\x01\xe1\xa1r\xcd\x15\x1f\xa1p\xcd\x15\x11\xa1t\xcd\x02h--'
04242019 14:46:54 [INFO]: b'RX:B\x00'
04242019 14:46:54 [INFO]: b'TX:M\x12\x83\xa1h\x00\xa1o\xce\x01\x12\xa8\x80\xa1a\xce\x00\x89T@-----'
04242019 14:46:54 [INFO]: b'RX:B\x00'
04242019 14:46:54 [INFO]: b'TX:M\x12\x83\xa1h\x00\xa1o\xce\x01\x12\xa8\x80\xa1a\xce\x00\x89T@-----'
04242019 14:46:54 [INFO]: b'RX:B\x00'
04242019 14:46:54 [INFO]: b'TX:M\x12\x83\xa1h\x00\xa1o\xce\x01\x12\xa8\x80\xa1a\xce\x00\x89T@-----'
04242019 14:46:54 [INFO]: b'RX:B\x00'
04242019 14:46:55 [INFO]: b'TX:M\x12\x83\xa1h\x00\xa1o\xce\x01\x12\xa8\x80\xa1a\xce\x00\x89T@-----'
04242019 14:46:55 [INFO]: b'RX:B\x00'
04242019 14:46:55 [INFO]: b'TX:M\x12\x83\xa1h\x00\xa1o\xce\x01\x12\xa8\x80\xa1a\xce\x00\x89T@-----'
04242019 14:46:55 [INFO]: b'RX:B\x00'
04242019 14:46:55 [INFO]: b'TX:M\x15\x84\xa1e\xcd\x01\xe1\xa1r\xcd\x15\x1f\xa1p\xcd\x15\x10\xa1t\xcd\x02h--'
04242019 14:46:55 [INFO]: b'RX:B\x00'
04242019 14:46:55 [INFO]: b'TX:M\x15\x84\xa1e\xcd\x01\xe1\xa1r\xcd\x15\x1f\xa1p\xcd\x15\x10\xa1t\xcd\x02h--'
04242019 14:46:56 [INFO]: b'RX:B\x00'
04242019 14:46:56 [INFO]: b'TX:M\x12\x83\xa1h\x00\xa1o\xce\x01\x12\xa8\x80\xa1a\xce\x00\x89T@-----'
04242019 14:46:56 [INFO]: b'RX:B\x00'
04242019 14:46:56 [INFO]: b'TX:M\x15\x84\xa1e\xcd\x01\xe1\xa1r\xcd\x15\x1f\xa1p\xcd\x15\x11\xa1t\xcd\x02h--'
04242019 14:46:56 [INFO]: b'RX:B\x00'
04242019 14:46:56 [INFO]: b'TX:M\x12\x83\xa1h\x00\xa1o\xce\x01\x12\xa8\x80\xa1a\xce\x00\x89T@-----'
04242019 14:46:56 [INFO]: b'RX:B\x00'
04242019 14:46:57 [INFO]: b'TX:M\x15\x84\xa1e\xcd\x01\xe1\xa1r\xcd\x15\x1f\xa1p\xcd\x15\x11\xa1t\xcd\x02h--'
04242019 14:46:57 [INFO]: b'RX:B\x00'
04242019 14:46:57 [INFO]: b'TX:M\x12\x83\xa1h\x00\xa1o\xce\x01\x12\xa8\x80\xa1a\xce\x00\x89T@-----'
04242019 14:46:57 [INFO]: b'RX:B\x00'
04242019 14:46:57 [INFO]: b'TX:M\x15\x84\xa1e\xcd\x01\xe1\xa1r\xcd\x15\x1e\xa1p\xcd\x15\x10\xa1t\xcd\x02h--'
04242019 14:46:57 [INFO]: b'RX:B\x00'
04242019 14:46:57 [INFO]: b'TX:M\x12\x83\xa1h\x00\xa1o\xce\x01\x12\xa8\x80\xa1a\xce\x00\x89T@-----'
04242019 14:46:58 [INFO]: b'RX:B\x00'
04242019 14:46:58 [INFO]: b'TX:M\x15\x84\xa1e\xcd\x01\xe1\xa1r\xcd\x15\x1e\xa1p\xcd\x15\x10\xa1t\xcd\x02h--'
04242019 14:46:58 [INFO]: b'RX:B\x00'
04242019 14:46:58 [INFO]: b'TX:M\x12\x83\xa1h\x00\xa1o\xce\x01\x12\xa8\x80\xa1a\xce\x00\x89T@-----'
04242019 14:46:58 [INFO]: b'RX:B\x00'
04242019 14:46:58 [INFO]: b'TX:M\x15\x84\xa1e\xcd\x01\xe1\xa1r\xcd\x15\x1f\xa1p\xcd\x15\x10\xa1t\xcd\x02h--'
04242019 14:46:58 [INFO]: b'RX:B\x00'
04242019 14:46:59 [INFO]: b'TX:M\x12\x83\xa1h\x00\xa1o\xce\x01\x12\xa8\x80\xa1a\xce\x00\x89T@-----'
04242019 14:46:59 [INFO]: b'RX:B\x00'
04242019 14:46:59 [INFO]: b'TX:M\x15\x84\xa1e\xcd\x01\xe1\xa1r\xcd\x15\x1f\xa1p\xcd\x15\x10\xa1t\xcd\x02h--'
04242019 14:46:59 [INFO]: b'RX:B\x00'
04242019 14:46:59 [INFO]: b'TX:M\x12\x83\xa1h\x00\xa1o\xce\x01\x12\xa8\x80\xa1a\xce\x00\x89T@-----'
04242019 14:46:59 [INFO]: b'RX:B\x00'
04242019 14:46:59 [INFO]: b'TX:M\x15\x84\xa1e\xcd\x01\xe1\xa1r\xcd\x15\x1e\xa1p\xcd\x15\x10\xa1t\xcd\x02h--'
04242019 14:47:00 [INFO]: b'RX:B\x00'
04242019 14:47:00 [INFO]: b'TX:M\x12\x83\xa1h\x00\xa1o\xce\x01\x12\xa8\x80\xa1a\xce\x00\x89T@-----'
04242019 14:47:00 [INFO]: b'RX:B\x00'
04242019 14:47:00 [INFO]: b'TX:M\x15\x84\xa1e\xcd\x01\xe1\xa1r\xcd\x15\x1f\xa1p\xcd\x15\x10\xa1t\xcd\x02h--'
04242019 14:47:00 [INFO]: b'RX:B\x00'
04242019 14:47:00 [INFO]: b'TX:M\x12\x83\xa1h\x00\xa1o\xce\x01\x12\xa8\x80\xa1a\xce\x00\x89T@-----'
04242019 14:47:00 [INFO]: b'RX:B\x00'
04242019 14:47:01 [INFO]: b'TX:M\x12\x83\xa1h\x00\xa1o\xce\x01\x12\xa8\x80\xa1a\xce\x00\x89T@-----'
04242019 14:47:01 [INFO]: b'RX:B\x00'
04242019 14:47:01 [INFO]: b'TX:M\x15\x84\xa1e\xcd\x01\xe1\xa1r\xcd\x15\x1f\xa1p\xcd\x15\x10\xa1t\xcd\x02h--'
04242019 14:47:01 [INFO]: b'RX:B\x00'
04242019 14:47:01 [INFO]: b'TX:M\x12\x83\xa1h\x00\xa1o\xce\x01\x12\xa8\x80\xa1a\xce\x00\x89T@-----'
04242019 14:47:01 [INFO]: b'RX:B\x00'
04242019 14:47:01 [INFO]: b'TX:M\x15\x84\xa1e\xcd\x01\xe1\xa1r\xcd\x15\x1f\xa1p\xcd\x15\x10\xa1t\xcd\x02h--'
04242019 14:47:02 [INFO]: b'RX:B\x00'
04242019 14:47:02 [INFO]: b'TX:M\x12\x83\xa1h\x00\xa1o\xce\x01\x12\xa8\x80\xa1a\xce\x00\x89T@-----'
04242019 14:47:02 [INFO]: b'RX:B\x00'
04242019 14:47:02 [INFO]: b'TX:M\x15\x84\xa1e\xcd\x01\xe1\xa1r\xcd\x15\x1f\xa1p\xcd\x15\x11\xa1t\xcd\x02h--'
04242019 14:47:02 [INFO]: b'RX:B\x00'
04242019 14:47:02 [INFO]: b'TX:M\x12\x83\xa1h\x00\xa1o\xce\x01\x12\xa8\x80\xa1a\xce\x00\x89T@-----'
04242019 14:47:02 [INFO]: b'RX:B\x00'
04242019 14:47:03 [INFO]: b'TX:M\x15\x84\xa1e\xcd\x01\xe1\xa1r\xcd\x15\x1f\xa1p\xcd\x15\x11\xa1t\xcd\x02h--'
04242019 14:47:03 [INFO]: b'RX:B\x00'
04242019 14:47:03 [INFO]: b'TX:M\x15\x84\xa1e\xcd\x01\xe1\xa1r\xcd\x15\x1f\xa1p\xcd\x15\x10\xa1t\xcd\x02h--'
04242019 14:47:03 [INFO]: b'RX:B\x00'
04242019 14:47:03 [INFO]: b'TX:M\x12\x83\xa1h\x00\xa1o\xce\x01\x12\xa8\x80\xa1a\xce\x00\x89T@-----'
04242019 14:47:03 [INFO]: b'RX:B\x00'
04242019 14:47:03 [INFO]: b'TX:M\x15\x84\xa1e\xcd\x01\xe1\xa1r\xcd\x15\x1f\xa1p\xcd\x15\x10\xa1t\xcd\x02h--'
04242019 14:47:04 [INFO]: b'RX:B\x00'
04242019 14:47:04 [INFO]: b'TX:M\x12\x83\xa1h\x00\xa1o\xce\x01\x12\xa8\x80\xa1a\xce\x00\x89T@-----'
04242019 14:47:04 [INFO]: b'RX:B\x00'
04242019 14:47:04 [INFO]: b'TX:M\x15\x84\xa1e\xcd\x01\xe1\xa1r\xcd\x15\x1f\xa1p\xcd\x15\x10\xa1t\xcd\x02h--'
04242019 14:47:04 [INFO]: b'RX:B\x00'
04242019 14:47:04 [INFO]: b'TX:M\x12\x83\xa1h\x00\xa1o\xce\x01\x12\xa8\x80\xa1a\xce\x00\x89T@-----'
04242019 14:47:04 [INFO]: b'RX:B\x00'
04242019 14:47:05 [INFO]: b'TX:M\x15\x84\xa1e\xcd\x01\xe1\xa1r\xcd\x15\x1f\xa1p\xcd\x15\x10\xa1t\xcd\x02h--'
04242019 14:47:05 [INFO]: b'RX:B\x00'
04242019 14:47:05 [INFO]: b'TX:M\x12\x83\xa1h\x00\xa1o\xce\x01\x12\xa8\x80\xa1a\xce\x00\x89T@-----'
04242019 14:47:05 [INFO]: b'RX:B\x00'
04242019 14:47:05 [INFO]: b'TX:M\x15\x84\xa1e\xcd\x01\xe1\xa1r\xcd\x15\x1e\xa1p\xcd\x15\x10\xa1t\xcd\x02h--'
04242019 14:47:05 [INFO]: b'RX:B\x00'
04242019 14:47:05 [INFO]: b'TX:M\x12\x83\xa1h\x00\xa1o\xce\x01\x12\xa8\x80\xa1a\xce\x00\x89T@-----'
04242019 14:47:06 [INFO]: b'RX:B\x00'
04242019 14:47:06 [INFO]: b'TX:M\x15\x84\xa1e\xcd\x01\xe1\xa1r\xcd\x15\x1e\xa1p\xcd\x15\x10\xa1t\xcd\x02h--'
04242019 14:47:06 [INFO]: b'RX:B\x00'
04242019 14:47:06 [INFO]: b'TX:M\x12\x83\xa1h\x00\xa1o\xce\x01\x12\xa8\x80\xa1a\xce\x00\x89T@-----'
04242019 14:47:06 [INFO]: b'RX:B\x00'
04242019 14:47:06 [INFO]: b'TX:M\x12\x83\xa1h\x00\xa1o\xce\x01\x12\xa8\x80\xa1a\xce\x00\x89T@-----'
04242019 14:47:07 [INFO]: b'RX:B\x00'
04242019 14:47:07 [ERROR]: Buffer overflow
04242019 14:47:07 [INFO]: b'TX:M\x15\x84\xa1e\xcd\x01\xe1\xa1r\xcd\x15\x1e\xa1p\xcd\x15\x10\xa1t\xcd\x02h--'
04242019 14:47:07 [INFO]: b'RX:B\x00'
04242019 14:47:07 [INFO]: b'TX:M\x15\x84\xa1e\xcd\x01\xe1\xa1r\xcd\x15\x1f\xa1p\xcd\x15\x10\xa1t\xcd\x02h--'
04242019 14:47:07 [INFO]: b'RX:B\x00'
04242019 14:47:07 [INFO]: b'TX:M\x12\x83\xa1h\x00\xa1o\xce\x01\x12\xa8\x80\xa1a\xce\x00\x89T@-----'
04242019 14:47:07 [INFO]: b'RX:B\x00'
04242019 14:47:07 [INFO]: b'TX:M\x15\x84\xa1e\xcd\x01\xe1\xa1r\xcd\x15\x1f\xa1p\xcd\x15\x10\xa1t\xcd\x02h--'
04242019 14:47:08 [INFO]: b'RX:B\x00'
04242019 14:47:08 [INFO]: b'TX:M\x12\x83\xa1h\x00\xa1o\xce\x01\x12\xa8\x80\xa1a\xce\x00\x89T@-----'
04242019 14:47:08 [INFO]: b'RX:B\x00'
04242019 14:47:08 [INFO]: b'TX:M\x15\x84\xa1e\xcd\x01\xe1\xa1r\xcd\x15\x1f\xa1p\xcd\x15\x10\xa1t\xcd\x02h--'
04242019 14:47:08 [INFO]: b'RX:B\x00'
04242019 14:47:08 [INFO]: b'TX:M\x12\x83\xa1h\x00\xa1o\xce\x01\x12\xa8\x80\xa1a\xce\x00\x89T@-----'
04242019 14:47:09 [INFO]: b'RX:B\x00'
04242019 14:47:09 [INFO]: b'TX:M\x15\x84\xa1e\xcd\x01\xe1\xa1r\xcd\x15\x1f\xa1p\xcd\x15\x10\xa1t\xcd\x02h--'
04242019 14:47:09 [INFO]: b'RX:B\x00'
04242019 14:47:09 [INFO]: b'TX:M\x12\x83\xa1h\x00\xa1o\xce\x01\x12\xa8\x80\xa1a\xce\x00\x89T@-----'
04242019 14:47:09 [INFO]: b'RX:B\x00'
04242019 14:47:09 [INFO]: b'TX:M\x15\x84\xa1e\xcd\x01\xe1\xa1r\xcd\x15\x1e\xa1p\xcd\x15\x10\xa1t\xcd\x02h--'
04242019 14:47:09 [INFO]: b'RX:B\x00'
04242019 14:47:09 [INFO]: b'TX:M\x12\x83\xa1h\x00\xa1o\xce\x01\x12\xa8\x80\xa1a\xce\x00\x89T@-----'
04242019 14:47:10 [INFO]: b'RX:B\x00'
04242019 14:47:10 [INFO]: b'TX:M\x12\x83\xa1h\x00\xa1o\xce\x01\x12\xa8\x80\xa1a\xce\x00\x89T@-----'
04242019 14:47:10 [INFO]: b'RX:B\x00'
04242019 14:47:10 [ERROR]: Buffer overflow
04242019 14:47:10 [INFO]: b'TX:M\x15\x84\xa1e\xcd\x01\xe1\xa1r\xcd\x15\x1e\xa1p\xcd\x15\x10\xa1t\xcd\x02h--'
04242019 14:47:10 [INFO]: b'RX:B\x00'
04242019 14:47:10 [INFO]: b'TX:M\x12\x83\xa1h\x00\xa1o\xce\x01\x12\xa8\x80\xa1a\xce\x00\x89T@-----'
04242019 14:47:11 [INFO]: b'RX:B\x00'
04242019 14:47:11 [INFO]: b'TX:M\x15\x84\xa1e\xcd\x01\xe1\xa1r\xcd\x15\x1f\xa1p\xcd\x15\x10\xa1t\xcd\x02h--'
04242019 14:47:11 [INFO]: b'RX:B\x00'
04242019 14:47:11 [INFO]: b'TX:M\x15\x84\xa1e\xcd\x01\xe1\xa1r\xcd\x15\x1f\xa1p\xcd\x15\x10\xa1t\xcd\x02h--'
04242019 14:47:11 [INFO]: b'RX:B\x00'
04242019 14:47:11 [INFO]: b'TX:M\x12\x83\xa1h\x00\xa1o\xce\x01\x12\xa8\x80\xa1a\xce\x00\x89T@-----'
04242019 14:47:11 [INFO]: b'RX:B\x00'
04242019 14:47:11 [INFO]: b'TX:M\x15\x84\xa1e\xcd\x01\xe1\xa1r\xcd\x15\x1f\xa1p\xcd\x15\x10\xa1t\xcd\x02h--'
04242019 14:47:12 [INFO]: b'RX:B\x00'
04242019 14:47:12 [INFO]: b'TX:M\x12\x83\xa1h\x00\xa1o\xce\x01\x12\xa8\x80\xa1a\xce\x00\x89T@-----'
04242019 14:47:12 [INFO]: b'RX:B\x00'
04242019 14:47:12 [INFO]: b'TX:M\x15\x84\xa1e\xcd\x01\xe1\xa1r\xcd\x15\x1f\xa1p\xcd\x15\x10\xa1t\xcd\x02h--'
04242019 14:47:12 [INFO]: b'RX:B\x00'
04242019 14:47:12 [INFO]: b'TX:M\x12\x83\xa1h\x00\xa1o\xce\x01\x12\xa8\x80\xa1a\xce\x00\x89T@-----'
04242019 14:47:13 [INFO]: b'RX:B\x00'
04242019 14:47:13 [INFO]: b'TX:M\x15\x84\xa1e\xcd\x01\xe1\xa1r\xcd\x15\x1f\xa1p\xcd\x15\x10\xa1t\xcd\x02h--'
04242019 14:47:13 [INFO]: b'RX:B\x00'
