04262019 10:09:30 [ERROR]: negative seek position -1
04262019 10:09:30 [INFO]: b'TX:M\x15\x84\xa1p\xcd\x15\x19\xa1r\xcd\x15&\xa1e\xcd\x02\n\xa1t\xcd\x02\xa7--'
04262019 10:09:30 [INFO]: b'RX:B\x00'
04262019 10:09:30 [INFO]: b'TX:M\x15\x84\xa1p\xcd\x15\x19\xa1r\xcd\x15&\xa1e\xcd\x02\n\xa1t\xcd\x02\xa7--'
04262019 10:09:31 [INFO]: b'RX:B\x00'
04262019 10:09:31 [INFO]: b'TX:M\x15\x84\xa1p\xcd\x15\x19\xa1r\xcd\x15&\xa1e\xcd\x02\n\xa1t\xcd\x02\xa6--'
04262019 10:09:31 [INFO]: b'RX:B\x00'
04262019 10:09:31 [INFO]: b'TX:M\x15\x84\xa1p\xcd\x15\x19\xa1r\xcd\x15&\xa1e\xcd\x02\n\xa1t\xcd\x02\xa6--'
04262019 10:09:31 [INFO]: b'RX:B\x00'
04262019 10:09:31 [INFO]: b"TX:M\x15\x84\xa1p\xcd\x15\x19\xa1r\xcd\x15'\xa1e\xcd\x02\n\xa1t\xcd\x02\xa6--"
04262019 10:09:31 [INFO]: b'RX:B\x00'
04262019 10:09:31 [INFO]: b'TX:M\x12\x83\xa1a\xce\x00\x89T@\xa1h\x00\xa1o\xce\x01\x12\xa8\x80-----'
04262019 10:09:32 [INFO]: b'RX:B\x00'
04262019 10:09:32 [INFO]: b'TX:M\x12\x83\xa1a\xce\x00\x89T@\xa1h\x00\xa1o\xce\x01\x12\xa8\x80-----'
04262019 10:09:32 [INFO]: b'RX:B\x00'
04262019 10:09:32 [INFO]: b'TX:M\x12\x83\xa1a\xce\x00\x89T@\xa1h\x00\xa1o\xce\x01\x12\xa8\x80-----'
04262019 10:09:32 [INFO]: b'RX:B\x00'
04262019 10:09:32 [INFO]: b'TX:M\x12\x83\xa1a\xce\x00\x89T@\xa1h\x00\xa1o\xce\x01\x12\xa8\x80-----'
04262019 10:09:33 [INFO]: b'RX:B\x00'
04262019 10:09:33 [INFO]: b'TX:M\x12\x83\xa1a\xce\x00\x89T@\xa1h\x00\xa1o\xce\x01\x12\xa8\x80-----'
04262019 10:09:33 [INFO]: b'RX:B\x00'
04262019 10:09:33 [INFO]: b'TX:M\x15\x84\xa1p\xcd\x15\x19\xa1r\xcd\x15&\xa1e\xcd\x02\n\xa1t\xcd\x02\xa6--'
04262019 10:09:33 [INFO]: b'RX:B\x00'
04262019 10:09:33 [INFO]: b'TX:M\x12\x83\xa1a\xce\x00\x89T@\xa1h\x00\xa1o\xce\x01\x12\xa8\x80-----'
04262019 10:09:34 [INFO]: b'RX:B\x00'
04262019 10:09:34 [INFO]: b'TX:M\x15\x84\xa1p\xcd\x15\x19\xa1r\xcd\x15&\xa1e\xcd\x02\n\xa1t\xcd\x02\xa6--'
04262019 10:09:34 [INFO]: b'RX:B\x00'
04262019 10:09:34 [INFO]: b'TX:M\x12\x83\xa1a\xce\x00\x89T@\xa1h\x00\xa1o\xce\x01\x12\xa8\x80-----'
04262019 10:09:34 [INFO]: b'RX:B\x00'
04262019 10:09:34 [INFO]: b'TX:M\x15\x84\xa1p\xcd\x15\x19\xa1r\xcd\x15&\xa1e\xcd\x02\n\xa1t\xcd\x02\xa6--'
04262019 10:09:35 [INFO]: b'RX:B\x00'
04262019 10:09:35 [INFO]: b'TX:M\x12\x83\xa1a\xce\x00\x89T@\xa1h\x00\xa1o\xce\x01\x12\xa8\x80-----'
04262019 10:09:35 [INFO]: b'RX:B\x00'
04262019 10:09:35 [INFO]: b'TX:M\x12\x83\xa1a\xce\x00\x89T@\xa1h\x00\xa1o\xce\x01\x12\xa8\x80-----'
04262019 10:09:35 [INFO]: b'RX:B\x00'
04262019 10:09:35 [INFO]: b'TX:M\x15\x84\xa1p\xcd\x15\x19\xa1r\xcd\x15&\xa1e\xcd\x02\n\xa1t\xcd\x02\xa6--'
04262019 10:09:35 [INFO]: b'RX:B\x00'
04262019 10:09:35 [INFO]: b'TX:M\x12\x83\xa1a\xce\x00\x89T@\xa1h\x00\xa1o\xce\x01\x12\xa8\x80-----'
04262019 10:09:36 [INFO]: b'RX:B\x00'
04262019 10:09:36 [INFO]: b'TX:M\x15\x84\xa1p\xcd\x15\x19\xa1r\xcd\x15&\xa1e\xcd\x02\n\xa1t\xcd\x02\xa6--'
04262019 10:09:36 [INFO]: b'RX:B\x00'
04262019 10:09:36 [INFO]: b'TX:M\x15\x84\xa1p\xcd\x15\x19\xa1r\xcd\x15&\xa1e\xcd\x02\n\xa1t\xcd\x02\xa6--'
04262019 10:09:36 [INFO]: b'RX:B\x00'
04262019 10:09:36 [INFO]: b'TX:M\x12\x83\xa1a\xce\x00\x89T@\xa1h\x00\xa1o\xce\x01\x12\xa8\x80-----'
04262019 10:09:37 [INFO]: b'RX:B\x00'
04262019 10:09:37 [INFO]: b'TX:M\x15\x84\xa1p\xcd\x15\x19\xa1r\xcd\x15&\xa1e\xcd\x02\n\xa1t\xcd\x02\xa6--'
04262019 10:09:37 [INFO]: b'RX:B\x00'
04262019 10:09:37 [INFO]: b'TX:M\x12\x83\xa1a\xce\x00\x89T@\xa1h\x00\xa1o\xce\x01\x12\xa8\x80-----'
04262019 10:09:37 [INFO]: b'RX:B\x00'
04262019 10:09:37 [INFO]: b'TX:M\x15\x84\xa1p\xcd\x15\x19\xa1r\xcd\x15&\xa1e\xcd\x02\n\xa1t\xcd\x02\xa5--'
04262019 10:09:37 [INFO]: b'RX:B\x00'
04262019 10:09:37 [INFO]: b'TX:M\x12\x83\xa1a\xce\x00\x89T@\xa1h\x00\xa1o\xce\x01\x12\xa8\x80-----'
04262019 10:09:38 [INFO]: b'RX:B\x00'
04262019 10:09:38 [INFO]: b'TX:M\x12\x83\xa1a\xce\x00\x89T@\xa1h\x00\xa1o\xce\x01\x12\xa8\x80-----'
04262019 10:09:38 [INFO]: b'RX:B\x00'
04262019 10:09:38 [INFO]: b'TX:M\x15\x84\xa1p\xcd\x15\x19\xa1r\xcd\x15&\xa1e\xcd\x02\n\xa1t\xcd\x02\xa5--'
04262019 10:09:38 [INFO]: b'RX:B\x00'
04262019 10:09:38 [INFO]: b'TX:M\x15\x84\xa1p\xcd\x15\x19\xa1r\xcd\x15&\xa1e\xcd\x02\n\xa1t\xcd\x02\xa5--'
04262019 10:09:39 [INFO]: b'RX:B\x00'
04262019 10:09:39 [INFO]: b'TX:M\x12\x83\xa1a\xce\x00\x89T@\xa1h\x00\xa1o\xce\x01\x12\xa8\x80-----'
04262019 10:09:39 [INFO]: b'RX:B\x00'
04262019 10:09:39 [INFO]: b'TX:M\x15\x84\xa1p\xcd\x15\x19\xa1r\xcd\x15&\xa1e\xcd\x02\n\xa1t\xcd\x02\xa6--'
04262019 10:09:39 [INFO]: b'RX:B\x00'
04262019 10:09:39 [INFO]: b'TX:M\x12\x83\xa1a\xce\x00\x89T@\xa1h\x00\xa1o\xce\x01\x12\xa8\x80-----'
04262019 10:09:39 [INFO]: b'RX:B\x00'
04262019 10:09:39 [INFO]: b'TX:M\x12\x83\xa1a\xce\x00\x89T@\xa1h\x00\xa1o\xce\x01\x12\xa8\x80-----'
04262019 10:09:40 [INFO]: b'RX:B\x00'
04262019 10:09:40 [INFO]: b'TX:M\x15\x84\xa1p\xcd\x15\x19\xa1r\xcd\x15&\xa1e\xcd\x02\n\xa1t\xcd\x02\xa6--'
04262019 10:09:40 [INFO]: b'RX:B\x00'
04262019 10:09:40 [INFO]: b'TX:M\x12\x83\xa1a\xce\x00\x89T@\xa1h\x00\xa1o\xce\x01\x12\xa8\x80-----'
04262019 10:09:40 [INFO]: b'RX:B\x00'
04262019 10:09:40 [INFO]: b'TX:M\x15\x84\xa1p\xcd\x15\x19\xa1r\xcd\x15&\xa1e\xcd\x02\n\xa1t\xcd\x02\xa6--'
04262019 10:09:41 [INFO]: b'RX:B\x00'
04262019 10:09:41 [INFO]: b'TX:M\x12\x83\xa1a\xce\x00\x89T@\xa1h\x00\xa1o\xce\x01\x12\xa8\x80-----'
04262019 10:09:41 [INFO]: b'RX:B\x00'
04262019 10:09:41 [INFO]: b'TX:M\x15\x84\xa1p\xcd\x15\x19\xa1r\xcd\x15&\xa1e\xcd\x02\n\xa1t\xcd\x02\xa6--'
04262019 10:09:41 [INFO]: b'RX:B\x00'
04262019 10:09:41 [INFO]: b'TX:M\x12\x83\xa1a\xce\x00\x89T@\xa1h\x00\xa1o\xce\x01\x12\xa8\x80-----'
04262019 10:09:41 [INFO]: b'RX:B\x00'
04262019 10:09:41 [INFO]: b'TX:M\x15\x84\xa1p\xcd\x15\x19\xa1r\xcd\x15&\xa1e\xcd\x02\n\xa1t\xcd\x02\xa6--'
04262019 10:09:42 [INFO]: b'RX:B\x00'
04262019 10:09:42 [INFO]: b'TX:M\x15\x84\xa1p\xcd\x15\x19\xa1r\xcd\x15&\xa1e\xcd\x02\n\xa1t\xcd\x02\xa6--'
04262019 10:09:42 [INFO]: b'RX:B\x00'
04262019 10:09:42 [INFO]: b'TX:M\x12\x83\xa1a\xce\x00\x89T@\xa1h\x00\xa1o\xce\x01\x12\xa8\x80-----'
04262019 10:09:42 [INFO]: b'RX:B\x00'
04262019 10:09:42 [INFO]: b'TX:M\x15\x84\xa1p\xcd\x15\x19\xa1r\xcd\x15&\xa1e\xcd\x02\n\xa1t\xcd\x02\xa6--'
04262019 10:09:42 [INFO]: b'RX:B\x00'
04262019 10:09:43 [INFO]: b'TX:M\x12\x83\xa1a\xce\x00\x89T@\xa1h\x00\xa1o\xce\x01\x12\xa8\x80-----'
04262019 10:09:43 [INFO]: b'RX:B\x00'
04262019 10:09:43 [INFO]: b'TX:M\x15\x84\xa1p\xcd\x15\x19\xa1r\xcd\x15&\xa1e\xcd\x02\n\xa1t\xcd\x02\xa6--'
04262019 10:09:43 [INFO]: b'RX:B\x00'
04262019 10:09:43 [INFO]: b'TX:M\x12\x83\xa1a\xce\x00\x89T@\xa1h\x00\xa1o\xce\x01\x12\xa8\x80-----'
04262019 10:09:43 [INFO]: b'RX:B\x00'
04262019 10:09:43 [INFO]: b'TX:M\x15\x84\xa1p\xcd\x15\x19\xa1r\xcd\x15&\xa1e\xcd\x02\n\xa1t\xcd\x02\xa6--'
04262019 10:09:44 [INFO]: b'RX:B\x00'
04262019 10:09:44 [INFO]: b'TX:M\x12\x83\xa1a\xce\x00\x89T@\xa1h\x00\xa1o\xce\x01\x12\xa8\x80-----'
04262019 10:09:44 [INFO]: b'RX:B\x00'
04262019 10:09:44 [INFO]: b'TX:M\x15\x84\xa1p\xcd\x15\x18\xa1r\xcd\x15&\xa1e\xcd\x02\n\xa1t\xcd\x02\xa6--'
04262019 10:09:44 [INFO]: b'RX:B\x00'
04262019 10:09:44 [INFO]: b'TX:M\x12\x83\xa1a\xce\x00\x89T@\xa1h\x00\xa1o\xce\x01\x12\xa8\x80-----'
04262019 10:09:44 [INFO]: b'RX:B\x00'
04262019 10:09:45 [ERROR]: Buffer overflow
04262019 10:09:45 [INFO]: b'TX:M\x12\x83\xa1a\xce\x00\x89T@\xa1h\x00\xa1o\xce\x01\x12\xa8\x80-----'
04262019 10:09:45 [INFO]: b'RX:B\x00'
04262019 10:09:45 [INFO]: b"TX:M\x15\x84\xa1p\xcd\x15\x19\xa1r\xcd\x15'\xa1e\xcd\x02\n\xa1t\xcd\x02\xa6--"
04262019 10:09:45 [INFO]: b'RX:B\x00'
04262019 10:09:45 [INFO]: b'TX:M\x12\x83\xa1a\xce\x00\x89T@\xa1h\x00\xa1o\xce\x01\x12\xa8\x80-----'
04262019 10:09:45 [INFO]: b'RX:B\x00'
04262019 10:09:45 [INFO]: b'TX:M\x15\x84\xa1p\xcd\x15\x19\xa1r\xcd\x15&\xa1e\xcd\x02\n\xa1t\xcd\x02\xa6--'
04262019 10:09:46 [INFO]: b'RX:B\x00'
04262019 10:09:46 [INFO]: b'TX:M\x15\x84\xa1p\xcd\x15\x18\xa1r\xcd\x15%\xa1e\xcd\x02\n\xa1t\xcd\x02\xa6--'
04262019 10:09:46 [INFO]: b'TX:M\x12\x83\xa1a\xce\x00\x89T@\xa1h\x00\xa1o\xce\x01\x12\xa8\x80-----'
04262019 10:09:46 [INFO]: b'RX:B\x00'
04262019 10:09:46 [INFO]: b'TX:M\x15\x84\xa1p\xcd\x15\x18\xa1r\xcd\x15%\xa1e\xcd\x02\n\xa1t\xcd\x02\xa6--'
04262019 10:09:47 [INFO]: b'RX:B\x00'
04262019 10:09:47 [INFO]: b'TX:M\x12\x83\xa1a\xce\x00\x89T@\xa1h\x00\xa1o\xce\x01\x12\xa8\x80-----'
04262019 10:09:47 [INFO]: b'RX:B\x00'
04262019 10:09:47 [INFO]: b'TX:M\x15\x84\xa1p\xcd\x15\x19\xa1r\xcd\x15&\xa1e\xcd\x02\n\xa1t\xcd\x02\xa6--'
04262019 10:09:47 [INFO]: b'RX:B\x00'
04262019 10:09:47 [INFO]: b'TX:M\x12\x83\xa1a\xce\x00\x89T@\xa1h\x00\xa1o\xce\x01\x12\xa8\x80-----'
04262019 10:09:47 [INFO]: b'RX:B\x00'
04262019 10:09:48 [INFO]: b'TX:M\x15\x84\xa1p\xcd\x15\x19\xa1r\xcd\x15&\xa1e\xcd\x02\n\xa1t\xcd\x02\xa6--'
04262019 10:09:48 [INFO]: b'RX:B\x00'
04262019 10:09:48 [ERROR]: Buffer overflow
04262019 10:09:48 [INFO]: b'TX:M\x15\x84\xa1p\xcd\x15\x19\xa1r\xcd\x15&\xa1e\xcd\x02\n\xa1t\xcd\x02\xa6--'
04262019 10:09:48 [INFO]: b'RX:B\x00'
04262019 10:09:48 [INFO]: b'TX:M\x12\x83\xa1a\xce\x00\x89T@\xa1h\x00\xa1o\xce\x01\x12\xa8\x80-----'
04262019 10:09:48 [INFO]: b'RX:B\x00'
04262019 10:09:49 [INFO]: b'TX:M\x15\x84\xa1p\xcd\x15\x19\xa1r\xcd\x15&\xa1e\xcd\x02\n\xa1t\xcd\x02\xa7--'
04262019 10:09:49 [INFO]: b'RX:B\x00'
04262019 10:09:49 [INFO]: b'TX:M\x12\x83\xa1a\xce\x00\x89T@\xa1h\x00\xa1o\xce\x01\x12\xa8\x80-----'
04262019 10:09:49 [INFO]: b'RX:B\x00'
04262019 10:09:49 [INFO]: b'TX:M\x15\x84\xa1p\xcd\x15\x19\xa1r\xcd\x15&\xa1e\xcd\x02\n\xa1t\xcd\x02\xa7--'
04262019 10:09:49 [INFO]: b'RX:B\x00'
04262019 10:09:49 [INFO]: b'TX:M\x12\x83\xa1a\xce\x00\x89T@\xa1h\x00\xa1o\xce\x01\x12\xa8\x80-----'
04262019 10:09:50 [INFO]: b'RX:B\x00'
04262019 10:09:50 [INFO]: b'TX:M\x15\x84\xa1p\xcd\x15\x19\xa1r\xcd\x15&\xa1e\xcd\x02\n\xa1t\xcd\x02\xa7--'
04262019 10:09:50 [INFO]: b'RX:B\x00'
04262019 10:09:50 [INFO]: b'TX:M\x15\x84\xa1p\xcd\x15\x19\xa1r\xcd\x15&\xa1e\xcd\x02\n\xa1t\xcd\x02\xa7--'
04262019 10:09:50 [INFO]: b'RX:B\x00'
04262019 10:09:50 [INFO]: b'TX:M\x12\x83\xa1a\xce\x00\x89T@\xa1h\x00\xa1o\xce\x01\x12\xa8\x80-----'
04262019 10:09:50 [INFO]: b'RX:B\x00'
04262019 10:09:51 [INFO]: b'TX:M\x15\x84\xa1p\xcd\x15\x19\xa1r\xcd\x15&\xa1e\xcd\x02\n\xa1t\xcd\x02\xa7--'
04262019 10:09:51 [INFO]: b'RX:B\x00'
04262019 10:09:51 [INFO]: b'TX:M\x12\x83\xa1a\xce\x00\x89T@\xa1h\x00\xa1o\xce\x01\x12\xa8\x80-----'
04262019 10:09:51 [INFO]: b'RX:B\x00'
04262019 10:09:51 [ERROR]: Buffer overflow
04262019 10:09:51 [INFO]: b'TX:M\x12\x83\xa1a\xce\x00\x89T@\xa1h\x00\xa1o\xce\x01\x12\xa8\x80-----'
04262019 10:09:51 [INFO]: b'RX:B\x00'
04262019 10:09:51 [INFO]: b'TX:M\x15\x84\xa1p\xcd\x15\x19\xa1r\xcd\x15&\xa1e\xcd\x02\n\xa1t\xcd\x02\xa7--'
04262019 10:09:52 [INFO]: b'RX:B\x00'
04262019 10:09:52 [INFO]: b'TX:M\x12\x83\xa1a\xce\x00\x89T@\xa1h\x00\xa1o\xce\x01\x12\xa8\x80-----'
04262019 10:09:52 [INFO]: b'RX:B\x00'
04262019 10:09:52 [INFO]: b'TX:M\x15\x84\xa1p\xcd\x15\x19\xa1r\xcd\x15&\xa1e\xcd\x02\n\xa1t\xcd\x02\xa7--'
04262019 10:09:52 [INFO]: b'RX:B\x00'
04262019 10:09:52 [INFO]: b'TX:M\x12\x83\xa1a\xce\x00\x89T@\xa1h\x00\xa1o\xce\x01\x12\xa8\x80-----'
04262019 10:09:52 [INFO]: b'RX:B\x00'
04262019 10:09:53 [INFO]: b'TX:M\x15\x84\xa1p\xcd\x15\x19\xa1r\xcd\x15&\xa1e\xcd\x02\t\xa1t\xcd\x02\xa7--'
04262019 10:09:53 [INFO]: b'RX:B\x00'
04262019 10:09:53 [INFO]: b'TX:M\x12\x83\xa1a\xce\x00\x89T@\xa1h\x00\xa1o\xce\x01\x12\xa8\x80-----'
04262019 10:09:53 [INFO]: b'RX:B\x00'
04262019 10:09:53 [INFO]: b'TX:M\x15\x84\xa1p\xcd\x15\x19\xa1r\xcd\x15&\xa1e\xcd\x02\t\xa1t\xcd\x02\xa7--'
04262019 10:09:53 [INFO]: b'RX:B\x00'
04262019 10:09:53 [INFO]: b'TX:M\x12\x83\xa1a\xce\x00\x89T@\xa1h\x00\xa1o\xce\x01\x12\xa8\x80-----'
04262019 10:09:54 [INFO]: b'RX:B\x00'
04262019 10:09:54 [INFO]: b'TX:M\x15\x84\xa1p\xcd\x15\x19\xa1r\xcd\x15&\xa1e\xcd\x02\t\xa1t\xcd\x02\xa7--'
04262019 10:09:54 [INFO]: b'RX:B\x00'
04262019 10:09:54 [INFO]: b'TX:M\x12\x83\xa1a\xce\x00\x89T@\xa1h\x00\xa1o\xce\x01\x12\xa8\x80-----'
04262019 10:09:54 [INFO]: b'RX:B\x00'
04262019 10:09:54 [INFO]: b'TX:M\x15\x84\xa1p\xcd\x15\x19\xa1r\xcd\x15&\xa1e\xcd\x02\t\xa1t\xcd\x02\xa7--'
04262019 10:09:54 [INFO]: b'RX:B\x00'
04262019 10:09:54 [ERROR]: Buffer overflow
04262019 10:09:55 [INFO]: b'TX:M\x12\x83\xa1a\xce\x00\x89T@\xa1h\x00\xa1o\xce\x01\x12\xa8\x80-----'
04262019 10:09:55 [INFO]: b'RX:B\x00'
04262019 10:09:55 [INFO]: b'TX:M\x15\x84\xa1p\xcd\x15\x19\xa1r\xcd\x15&\xa1e\xcd\x02\t\xa1t\xcd\x02\xa7--'
04262019 10:09:55 [INFO]: b'RX:B\x00'
04262019 10:09:55 [INFO]: b'TX:M\x12\x83\xa1a\xce\x00\x89T@\xa1h\x00\xa1o\xce\x01\x12\xa8\x80-----'
04262019 10:09:55 [INFO]: b'RX:B\x00'
04262019 10:09:55 [INFO]: b"TX:M\x15\x84\xa1p\xcd\x15\x19\xa1r\xcd\x15'\xa1e\xcd\x02\t\xa1t\xcd\x02\xa7--"
04262019 10:09:56 [INFO]: b'RX:B\x00'
04262019 10:09:56 [INFO]: b'TX:M\x12\x83\xa1a\xce\x00\x89T@\xa1h\x00\xa1o\xce\x01\x12\xa8\x80-----'
04262019 10:09:56 [INFO]: b'RX:B\x00'
04262019 10:09:56 [INFO]: b"TX:M\x15\x84\xa1p\xcd\x15\x19\xa1r\xcd\x15'\xa1e\xcd\x02\t\xa1t\xcd\x02\xa7--"
04262019 10:09:56 [INFO]: b'RX:B\x00'
04262019 10:09:56 [INFO]: b"TX:M\x15\x84\xa1p\xcd\x15\x18\xa1r\xcd\x15'\xa1e\xcd\x02\t\xa1t\xcd\x02\xa7--"
04262019 10:09:56 [INFO]: b'RX:B\x00'
04262019 10:09:56 [INFO]: b'TX:M\x12\x83\xa1a\xce\x00\x89T@\xa1h\x00\xa1o\xce\x01\x12\xa8\x80-----'
04262019 10:09:57 [INFO]: b'RX:B\x00'
04262019 10:09:57 [INFO]: b"TX:M\x15\x84\xa1p\xcd\x15\x18\xa1r\xcd\x15'\xa1e\xcd\x02\t\xa1t\xcd\x02\xa7--"
04262019 10:09:57 [INFO]: b'RX:B\x00'
04262019 10:09:57 [INFO]: b'TX:M\x12\x83\xa1a\xce\x00\x89T@\xa1h\x00\xa1o\xce\x01\x12\xa8\x80-----'
04262019 10:09:57 [INFO]: b'RX:B\x00'
04262019 10:09:57 [INFO]: b'TX:M\x15\x84\xa1p\xcd\x15\x19\xa1r\xcd\x15&\xa1e\xcd\x02\t\xa1t\xcd\x02\xa7--'
04262019 10:09:58 [INFO]: b'RX:B\x00'
04262019 10:09:58 [INFO]: b'TX:M\x12\x83\xa1a\xce\x00\x89T@\xa1h\x00\xa1o\xce\x01\x12\xa8\x80-----'
04262019 10:09:58 [INFO]: b'RX:B\x00'
04262019 10:09:58 [ERROR]: Buffer overflow
04262019 10:09:58 [INFO]: b'TX:M\x12\x83\xa1a\xce\x00\x89T@\xa1h\x00\xa1o\xce\x01\x12\xa8\x80-----'
04262019 10:09:58 [INFO]: b'RX:B\x00'
04262019 10:09:58 [INFO]: b'TX:M\x15\x84\xa1p\xcd\x15\x19\xa1r\xcd\x15&\xa1e\xcd\x02\t\xa1t\xcd\x02\xa7--'
04262019 10:09:58 [INFO]: b'RX:B\x00'
04262019 10:09:58 [INFO]: b'TX:M\x12\x83\xa1a\xce\x00\x89T@\xa1h\x00\xa1o\xce\x01\x12\xa8\x80-----'
04262019 10:09:59 [INFO]: b'RX:B\x00'
04262019 10:09:59 [INFO]: b'TX:M\x15\x84\xa1p\xcd\x15\x19\xa1r\xcd\x15&\xa1e\xcd\x02\t\xa1t\xcd\x02\xa7--'
04262019 10:09:59 [INFO]: b'RX:B\x00'
04262019 10:09:59 [INFO]: b'TX:M\x12\x83\xa1a\xce\x00\x89T@\xa1h\x00\xa1o\xce\x01\x12\xa8\x80-----'
04262019 10:09:59 [INFO]: b'RX:B\x00'
04262019 10:09:59 [INFO]: b"TX:M\x15\x84\xa1p\xcd\x15\x1a\xa1r\xcd\x15'\xa1e\xcd\x02\t\xa1t\xcd\x02\xa7--"
04262019 10:10:00 [INFO]: b'RX:B\x00'
04262019 10:10:00 [INFO]: b'TX:M\x12\x83\xa1a\xce\x00\x89T@\xa1h\x00\xa1o\xce\x01\x12\xa8\x80-----'
04262019 10:10:00 [INFO]: b'RX:B\x00'
04262019 10:10:00 [INFO]: b"TX:M\x15\x84\xa1p\xcd\x15\x1a\xa1r\xcd\x15'\xa1e\xcd\x02\t\xa1t\xcd\x02\xa7--"
04262019 10:10:00 [INFO]: b'RX:B\x00'
04262019 10:10:00 [INFO]: b'TX:M\x15\x84\xa1p\xcd\x15\x19\xa1r\xcd\x15&\xa1e\xcd\x02\t\xa1t\xcd\x02\xa7--'
04262019 10:10:01 [INFO]: b'RX:B\x00'
04262019 10:10:01 [INFO]: b'TX:M\x12\x83\xa1a\xce\x00\x89T@\xa1h\x00\xa1o\xce\x01\x12\xa8\x80-----'
04262019 10:10:01 [INFO]: b'RX:B\x00'
04262019 10:10:01 [ERROR]: Buffer overflow
04262019 10:10:01 [INFO]: b'TX:M\x12\x83\xa1a\xce\x00\x89T@\xa1h\x00\xa1o\xce\x01\x12\xa8\x80-----'
04262019 10:10:01 [INFO]: b'RX:B\x00'
04262019 10:10:01 [INFO]: b'TX:M\x15\x84\xa1p\xcd\x15\x19\xa1r\xcd\x15&\xa1e\xcd\x02\t\xa1t\xcd\x02\xa7--'
04262019 10:10:02 [INFO]: b'RX:B\x00'
04262019 10:10:02 [INFO]: b'TX:M\x12\x83\xa1a\xce\x00\x89T@\xa1h\x00\xa1o\xce\x01\x12\xa8\x80-----'
04262019 10:10:02 [INFO]: b'RX:B\x00'
04262019 10:10:02 [INFO]: b"TX:M\x15\x84\xa1p\xcd\x15\x19\xa1r\xcd\x15'\xa1e\xcd\x02\t\xa1t\xcd\x02\xa7--"
04262019 10:10:02 [INFO]: b'RX:B\x00'
04262019 10:10:02 [INFO]: b'TX:M\x12\x83\xa1a\xce\x00\x89T@\xa1h\x00\xa1o\xce\x01\x12\xa8\x80-----'
04262019 10:10:02 [INFO]: b'RX:B\x00'
04262019 10:10:03 [INFO]: b'TX:M\x15\x84\xa1p\xcd\x15\x19\xa1r\xcd\x15&\xa1e\xcd\x02\t\xa1t\xcd\x02\xa7--'
04262019 10:10:03 [INFO]: b'RX:B\x00'
04262019 10:10:03 [INFO]: b'TX:M\x12\x83\xa1a\xce\x00\x89T@\xa1h\x00\xa1o\xce\x01\x12\xa8\x80-----'
04262019 10:10:03 [INFO]: b'RX:B\x00'
04262019 10:10:03 [INFO]: b'TX:M\x15\x84\xa1p\xcd\x15\x19\xa1r\xcd\x15&\xa1e\xcd\x02\t\xa1t\xcd\x02\xa7--'
04262019 10:10:03 [INFO]: b'RX:B\x00'
04262019 10:10:03 [INFO]: b'TX:M\x12\x83\xa1a\xce\x00\x89T@\xa1h\x00\xa1o\xce\x01\x12\xa8\x80-----'
04262019 10:10:04 [INFO]: b'RX:B\x00'
04262019 10:10:04 [INFO]: b'TX:M\x15\x84\xa1p\xcd\x15\x19\xa1r\xcd\x15&\xa1e\xcd\x02\t\xa1t\xcd\x02\xa7--'
04262019 10:10:04 [INFO]: b'RX:B\x00'
04262019 10:10:04 [INFO]: b'TX:M\x15\x84\xa1p\xcd\x15\x19\xa1r\xcd\x15&\xa1e\xcd\x02\t\xa1t\xcd\x02\xa7--'
04262019 10:10:04 [INFO]: b'RX:B\x00'
04262019 10:10:04 [INFO]: b'TX:M\x12\x83\xa1a\xce\x00\x89T@\xa1h\x00\xa1o\xce\x01\x12\xa8\x80-----'
04262019 10:10:05 [INFO]: b'RX:B\x00'
04262019 10:10:05 [ERROR]: Buffer overflow
04262019 10:10:05 [INFO]: b'TX:M\x12\x83\xa1a\xce\x00\x89T@\xa1h\x00\xa1o\xce\x01\x12\xa8\x80-----'
04262019 10:10:05 [INFO]: b'RX:B\x00'
04262019 10:10:05 [INFO]: b"TX:M\x15\x84\xa1p\xcd\x15\x1a\xa1r\xcd\x15'\xa1e\xcd\x02\t\xa1t\xcd\x02\xa7--"
04262019 10:10:05 [INFO]: b'RX:B\x00'
04262019 10:10:05 [INFO]: b'TX:M\x12\x83\xa1a\xce\x00\x89T@\xa1h\x00\xa1o\xce\x01\x12\xa8\x80-----'
04262019 10:10:05 [INFO]: b'RX:B\x00'
04262019 10:10:05 [INFO]: b"TX:M\x15\x84\xa1p\xcd\x15\x1a\xa1r\xcd\x15'\xa1e\xcd\x02\t\xa1t\xcd\x02\xa7--"
04262019 10:10:06 [INFO]: b'RX:B\x00'
04262019 10:10:06 [INFO]: b'TX:M\x12\x83\xa1a\xce\x00\x89T@\xa1h\x00\xa1o\xce\x01\x12\xa8\x80-----'
04262019 10:10:06 [INFO]: b'RX:B\x00'
04262019 10:10:06 [INFO]: b'TX:M\x15\x84\xa1p\xcd\x15\x1a\xa1r\xcd\x15&\xa1e\xcd\x02\t\xa1t\xcd\x02\xa7--'
04262019 10:10:06 [INFO]: b'RX:B\x00'
04262019 10:10:06 [INFO]: b'TX:M\x12\x83\xa1a\xce\x00\x89T@\xa1h\x00\xa1o\xce\x01\x12\xa8\x80-----'
04262019 10:10:07 [INFO]: b'RX:B\x00'
04262019 10:10:07 [INFO]: b"TX:M\x15\x84\xa1p\xcd\x15\x1a\xa1r\xcd\x15'\xa1e\xcd\x02\t\xa1t\xcd\x02\xa7--"
04262019 10:10:07 [INFO]: b'RX:B\x00'
04262019 10:10:07 [INFO]: b'TX:M\x12\x83\xa1a\xce\x00\x89T@\xa1h\x00\xa1o\xce\x01\x12\xa8\x80-----'
04262019 10:10:07 [INFO]: b'RX:B\x00'
04262019 10:10:07 [INFO]: b"TX:M\x15\x84\xa1p\xcd\x15\x1a\xa1r\xcd\x15'\xa1e\xcd\x02\t\xa1t\xcd\x02\xa7--"
04262019 10:10:07 [INFO]: b'RX:B\x00'
04262019 10:10:07 [INFO]: b'TX:M\x12\x83\xa1a\xce\x00\x89T@\xa1h\x00\xa1o\xce\x01\x12\xa8\x80-----'
04262019 10:10:08 [INFO]: b'RX:B\x00'
04262019 10:10:08 [ERROR]: Buffer overflow
04262019 10:10:08 [INFO]: b'TX:M\x15\x84\xa1p\xcd\x15\x19\xa1r\xcd\x15&\xa1e\xcd\x02\t\xa1t\xcd\x02\xa8--'
04262019 10:10:08 [INFO]: b'RX:B\x00'
04262019 10:10:08 [INFO]: b'TX:M\x12\x83\xa1a\xce\x00\x89T@\xa1h\x00\xa1o\xce\x01\x12\xa8\x80-----'
04262019 10:10:08 [INFO]: b'RX:B\x00'
04262019 10:10:08 [INFO]: b'TX:M\x15\x84\xa1p\xcd\x15\x19\xa1r\xcd\x15&\xa1e\xcd\x02\t\xa1t\xcd\x02\xa8--'
04262019 10:10:09 [INFO]: b'RX:B\x00'
04262019 10:10:09 [INFO]: b'TX:M\x12\x83\xa1a\xce\x00\x89T@\xa1h\x00\xa1o\xce\x01\x12\xa8\x80-----'
04262019 10:10:09 [INFO]: b'RX:B\x00'
04262019 10:10:09 [INFO]: b'TX:M\x15\x84\xa1p\xcd\x15\x19\xa1r\xcd\x15&\xa1e\xcd\x02\t\xa1t\xcd\x02\xa8--'
04262019 10:10:09 [INFO]: b'RX:B\x00'
04262019 10:10:09 [INFO]: b'TX:M\x12\x83\xa1a\xce\x00\x89T@\xa1h\x00\xa1o\xce\x01\x12\xa8\x80-----'
04262019 10:10:09 [INFO]: b'RX:B\x00'
04262019 10:10:09 [INFO]: b"TX:M\x15\x84\xa1p\xcd\x15\x19\xa1r\xcd\x15'\xa1e\xcd\x02\t\xa1t\xcd\x02\xa8--"
04262019 10:10:10 [INFO]: b'RX:B\x00'
04262019 10:10:10 [INFO]: b'TX:M\x12\x83\xa1a\xce\x00\x89T@\xa1h\x00\xa1o\xce\x01\x12\xa8\x80-----'
04262019 10:10:10 [INFO]: b'RX:B\x00'
04262019 10:10:10 [INFO]: b"TX:M\x15\x84\xa1p\xcd\x15\x19\xa1r\xcd\x15'\xa1e\xcd\x02\t\xa1t\xcd\x02\xa8--"
04262019 10:10:10 [INFO]: b'RX:B\x00'
04262019 10:10:10 [INFO]: b'TX:M\x12\x83\xa1a\xce\x00\x89T@\xa1h\x00\xa1o\xce\x01\x12\xa8\x80-----'
04262019 10:10:11 [INFO]: b'RX:B\x00'
04262019 10:10:11 [INFO]: b'TX:M\x15\x84\xa1p\xcd\x15\x19\xa1r\xcd\x15&\xa1e\xcd\x02\t\xa1t\xcd\x02\xa8--'
04262019 10:10:11 [INFO]: b'RX:B\x00'
04262019 10:10:11 [INFO]: b'TX:M\x12\x83\xa1a\xce\x00\x89T@\xa1h\x00\xa1o\xce\x01\x12\xa8\x80-----'
04262019 10:10:11 [INFO]: b'RX:B\x00'
04262019 10:10:11 [ERROR]: Buffer overflow
04262019 10:10:11 [INFO]: b'TX:M\x15\x84\xa1p\xcd\x15\x18\xa1r\xcd\x15&\xa1e\xcd\x02\t\xa1t\xcd\x02\xa8--'
04262019 10:10:11 [INFO]: b'RX:B\x00'
04262019 10:10:11 [INFO]: b'TX:M\x12\x83\xa1a\xce\x00\x89T@\xa1h\x00\xa1o\xce\x01\x12\xa8\x80-----'
04262019 10:10:12 [INFO]: b'RX:B\x00'
04262019 10:10:12 [INFO]: b"TX:M\x15\x84\xa1p\xcd\x15\x1a\xa1r\xcd\x15'\xa1e\xcd\x02\t\xa1t\xcd\x02\xa8--"
04262019 10:10:12 [INFO]: b'RX:B\x00'
04262019 10:10:12 [INFO]: b'TX:M\x12\x83\xa1a\xce\x00\x89T@\xa1h\x00\xa1o\xce\x01\x12\xa8\x80-----'
04262019 10:10:12 [INFO]: b'RX:B\x00'
04262019 10:10:12 [INFO]: b"TX:M\x15\x84\xa1p\xcd\x15\x19\xa1r\xcd\x15'\xa1e\xcd\x02\t\xa1t\xcd\x02\xa8--"
04262019 10:10:13 [INFO]: b'RX:B\x00'
04262019 10:10:13 [INFO]: b'TX:M\x12\x83\xa1a\xce\x00\x89T@\xa1h\x00\xa1o\xce\x01\x12\xa8\x80-----'
04262019 10:10:13 [INFO]: b'RX:B\x00'
04262019 10:10:13 [INFO]: b"TX:M\x15\x84\xa1p\xcd\x15\x19\xa1r\xcd\x15'\xa1e\xcd\x02\t\xa1t\xcd\x02\xa8--"
04262019 10:10:13 [INFO]: b'RX:B\x00'
04262019 10:10:13 [INFO]: b'TX:M\x12\x83\xa1a\xce\x00\x89T@\xa1h\x00\xa1o\xce\x01\x12\xa8\x80-----'
04262019 10:10:14 [INFO]: b'RX:B\x00'
04262019 10:10:14 [INFO]: b'TX:M\x15\x84\xa1p\xcd\x15\x19\xa1r\xcd\x15&\xa1e\xcd\x02\t\xa1t\xcd\x02\xa8--'
04262019 10:10:14 [INFO]: b'RX:B\x00'
04262019 10:10:14 [INFO]: b'TX:M\x12\x83\xa1a\xce\x00\x89T@\xa1h\x00\xa1o\xce\x01\x12\xa8\x80-----'
04262019 10:10:14 [INFO]: b'RX:B\x00'
04262019 10:10:14 [INFO]: b'TX:M\x15\x84\xa1p\xcd\x15\x19\xa1r\xcd\x15&\xa1e\xcd\x02\t\xa1t\xcd\x02\xa8--'
04262019 10:10:14 [INFO]: b'RX:B\x00'
04262019 10:10:14 [ERROR]: Buffer overflow
04262019 10:10:15 [INFO]: b'TX:M\x12\x83\xa1a\xce\x00\x89T@\xa1h\x00\xa1o\xce\x01\x12\xa8\x80-----'
04262019 10:10:15 [INFO]: b'RX:B\x00'
04262019 10:10:15 [INFO]: b'TX:M\x15\x84\xa1p\xcd\x15\x19\xa1r\xcd\x15&\xa1e\xcd\x02\n\xa1t\xcd\x02\xa8--'
04262019 10:10:15 [INFO]: b'RX:B\x00'
04262019 10:10:15 [INFO]: b'TX:M\x12\x83\xa1a\xce\x00\x89T@\xa1h\x00\xa1o\xce\x01\x12\xa8\x80-----'
04262019 10:10:15 [INFO]: b'RX:B\x00'
04262019 10:10:15 [INFO]: b'TX:M\x15\x84\xa1p\xcd\x15\x19\xa1r\xcd\x15&\xa1e\xcd\x02\n\xa1t\xcd\x02\xa8--'
04262019 10:10:16 [INFO]: b'RX:B\x00'
04262019 10:10:16 [INFO]: b'TX:M\x12\x83\xa1a\xce\x00\x89T@\xa1h\x00\xa1o\xce\x01\x12\xa8\x80-----'
04262019 10:10:16 [INFO]: b'RX:B\x00'
04262019 10:10:16 [INFO]: b"TX:M\x15\x84\xa1p\xcd\x15\x19\xa1r\xcd\x15'\xa1e\xcd\x02\n\xa1t\xcd\x02\xa8--"
04262019 10:10:16 [INFO]: b'RX:B\x00'
04262019 10:10:16 [INFO]: b'TX:M\x12\x83\xa1a\xce\x00\x89T@\xa1h\x00\xa1o\xce\x01\x12\xa8\x80-----'
04262019 10:10:16 [INFO]: b'RX:B\x00'
04262019 10:10:17 [INFO]: b'TX:M\x15\x84\xa1p\xcd\x15\x19\xa1r\xcd\x15&\xa1e\xcd\x02\n\xa1t\xcd\x02\xa9--'
04262019 10:10:17 [INFO]: b'RX:B\x00'
04262019 10:10:17 [INFO]: b'TX:M\x12\x83\xa1a\xce\x00\x89T@\xa1h\x00\xa1o\xce\x01\x12\xa8\x80-----'
04262019 10:10:17 [INFO]: b'RX:B\x00'
04262019 10:10:17 [INFO]: b'TX:M\x15\x84\xa1p\xcd\x15\x19\xa1r\xcd\x15&\xa1e\xcd\x02\n\xa1t\xcd\x02\xa9--'
04262019 10:10:17 [INFO]: b'RX:B\x00'
04262019 10:10:17 [INFO]: b'TX:M\x12\x83\xa1a\xce\x00\x89T@\xa1h\x00\xa1o\xce\x01\x12\xa8\x80-----'
04262019 10:10:18 [INFO]: b'RX:B\x00'
04262019 10:10:18 [ERROR]: Buffer overflow
04262019 10:10:18 [INFO]: b'TX:M\x12\x83\xa1a\xce\x00\x89T@\xa1h\x00\xa1o\xce\x01\x12\xa8\x80-----'
04262019 10:10:18 [INFO]: b'RX:B\x00'
04262019 10:10:18 [INFO]: b'TX:M\x15\x84\xa1p\xcd\x15\x1a\xa1r\xcd\x15&\xa1e\xcd\x02\t\xa1t\xcd\x02\xa9--'
04262019 10:10:18 [INFO]: b'RX:B\x00'
04262019 10:10:18 [INFO]: b'TX:M\x15\x84\xa1p\xcd\x15\x1a\xa1r\xcd\x15&\xa1e\xcd\x02\t\xa1t\xcd\x02\xa9--'
04262019 10:10:18 [INFO]: b'RX:B\x00'
04262019 10:10:19 [INFO]: b'TX:M\x12\x83\xa1a\xce\x00\x89T@\xa1h\x00\xa1o\xce\x01\x12\xa8\x80-----'
04262019 10:10:19 [INFO]: b'RX:B\x00'
04262019 10:10:19 [INFO]: b'TX:M\x15\x84\xa1p\xcd\x15\x1a\xa1r\xcd\x15&\xa1e\xcd\x02\t\xa1t\xcd\x02\xa9--'
04262019 10:10:19 [INFO]: b'RX:B\x00'
04262019 10:10:19 [INFO]: b'TX:M\x12\x83\xa1a\xce\x00\x89T@\xa1h\x00\xa1o\xce\x01\x12\xa8\x80-----'
04262019 10:10:19 [INFO]: b'RX:B\x00'
04262019 10:10:19 [INFO]: b'TX:M\x15\x84\xa1p\xcd\x15\x1a\xa1r\xcd\x15&\xa1e\xcd\x02\t\xa1t\xcd\x02\xa9--'
04262019 10:10:20 [INFO]: b'RX:B\x00'
04262019 10:10:20 [INFO]: b'TX:M\x12\x83\xa1a\xce\x00\x89T@\xa1h\x00\xa1o\xce\x01\x12\xa8\x80-----'
04262019 10:10:20 [INFO]: b'RX:B\x00'
04262019 10:10:20 [INFO]: b"TX:M\x15\x84\xa1p\xcd\x15\x19\xa1r\xcd\x15'\xa1e\xcd\x02\t\xa1t\xcd\x02\xa9--"
04262019 10:10:20 [INFO]: b'RX:B\x00'
04262019 10:10:20 [INFO]: b'TX:M\x12\x83\xa1a\xce\x00\x89T@\xa1h\x00\xa1o\xce\x01\x12\xa8\x80-----'
04262019 10:10:20 [INFO]: b'RX:B\x00'
04262019 10:10:21 [INFO]: b'TX:M\x15\x84\xa1p\xcd\x15\x19\xa1r\xcd\x15&\xa1e\xcd\x02\t\xa1t\xcd\x02\xa9--'
04262019 10:10:21 [INFO]: b'RX:B\x00'
04262019 10:10:21 [INFO]: b'TX:M\x12\x83\xa1a\xce\x00\x89T@\xa1h\x00\xa1o\xce\x01\x12\xa8\x80-----'
04262019 10:10:21 [INFO]: b'RX:B\x00'
04262019 10:10:21 [ERROR]: Buffer overflow
04262019 10:10:21 [INFO]: b'TX:M\x15\x84\xa1p\xcd\x15\x19\xa1r\xcd\x15&\xa1e\xcd\x02\t\xa1t\xcd\x02\xa9--'
04262019 10:10:21 [INFO]: b'RX:B\x00'
04262019 10:10:21 [INFO]: b'TX:M\x12\x83\xa1a\xce\x00\x89T@\xa1h\x00\xa1o\xce\x01\x12\xa8\x80-----'
04262019 10:10:22 [INFO]: b'RX:B\x00'
04262019 10:10:22 [INFO]: b"TX:M\x15\x84\xa1p\xcd\x15\x19\xa1r\xcd\x15'\xa1e\xcd\x02\t\xa1t\xcd\x02\xa9--"
04262019 10:10:22 [INFO]: b'RX:B\x00'
04262019 10:10:22 [INFO]: b'TX:M\x12\x83\xa1a\xce\x00\x89T@\xa1h\x00\xa1o\xce\x01\x12\xa8\x80-----'
04262019 10:10:22 [INFO]: b'RX:B\x00'
04262019 10:10:22 [INFO]: b"TX:M\x15\x84\xa1p\xcd\x15\x19\xa1r\xcd\x15'\xa1e\xcd\x02\t\xa1t\xcd\x02\xa9--"
04262019 10:10:22 [INFO]: b'RX:B\x00'
04262019 10:10:23 [INFO]: b'TX:M\x12\x83\xa1a\xce\x00\x89T@\xa1h\x00\xa1o\xce\x01\x12\xa8\x80-----'
04262019 10:10:23 [INFO]: b'RX:B\x00'
04262019 10:10:23 [INFO]: b'TX:M\x15\x84\xa1p\xcd\x15\x19\xa1r\xcd\x15&\xa1e\xcd\x02\t\xa1t\xcd\x02\xa9--'
04262019 10:10:23 [INFO]: b'RX:B\x00'
04262019 10:10:23 [INFO]: b'TX:M\x12\x83\xa1a\xce\x00\x89T@\xa1h\x00\xa1o\xce\x01\x12\xa8\x80-----'
04262019 10:10:23 [INFO]: b'RX:B\x00'
04262019 10:10:23 [INFO]: b'TX:M\x15\x84\xa1p\xcd\x15\x19\xa1r\xcd\x15&\xa1e\xcd\x02\t\xa1t\xcd\x02\xa9--'
04262019 10:10:24 [INFO]: b'RX:B\x00'
04262019 10:10:24 [INFO]: b'TX:M\x12\x83\xa1a\xce\x00\x89T@\xa1h\x00\xa1o\xce\x01\x12\xa8\x80-----'
04262019 10:10:24 [INFO]: b'RX:B\x00'
04262019 10:10:24 [INFO]: b"TX:M\x15\x84\xa1p\xcd\x15\x19\xa1r\xcd\x15'\xa1e\xcd\x02\t\xa1t\xcd\x02\xa9--"
04262019 10:10:24 [INFO]: b'RX:B\x00'
04262019 10:10:24 [INFO]: b'TX:M\x12\x83\xa1a\xce\x00\x89T@\xa1h\x00\xa1o\xce\x01\x12\xa8\x80-----'
04262019 10:10:24 [INFO]: b'RX:B\x00'
04262019 10:10:25 [ERROR]: Buffer overflow
04262019 10:10:25 [INFO]: b"TX:M\x15\x84\xa1p\xcd\x15\x19\xa1r\xcd\x15'\xa1e\xcd\x02\t\xa1t\xcd\x02\xa9--"
04262019 10:10:25 [INFO]: b'RX:B\x00'
04262019 10:10:25 [INFO]: b'TX:M\x12\x83\xa1a\xce\x00\x89T@\xa1h\x00\xa1o\xce\x01\x12\xa8\x80-----'
04262019 10:10:25 [INFO]: b'RX:B\x00'
04262019 10:10:25 [INFO]: b"TX:M\x15\x84\xa1p\xcd\x15\x19\xa1r\xcd\x15'\xa1e\xcd\x02\t\xa1t\xcd\x02\xa9--"
04262019 10:10:25 [INFO]: b'RX:B\x00'
04262019 10:10:25 [INFO]: b'TX:M\x12\x83\xa1a\xce\x00\x89T@\xa1h\x00\xa1o\xce\x01\x12\xa8\x80-----'
04262019 10:10:26 [INFO]: b'RX:B\x00'
04262019 10:10:26 [INFO]: b'TX:M\x15\x84\xa1p\xcd\x15\x19\xa1r\xcd\x15&\xa1e\xcd\x02\t\xa1t\xcd\x02\xa9--'
04262019 10:10:26 [INFO]: b'RX:B\x00'
04262019 10:10:26 [INFO]: b'TX:M\x12\x83\xa1a\xce\x00\x89T@\xa1h\x00\xa1o\xce\x01\x12\xa8\x80-----'
04262019 10:10:26 [INFO]: b'RX:B\x00'
04262019 10:10:26 [INFO]: b'TX:M\x15\x84\xa1p\xcd\x15\x19\xa1r\xcd\x15&\xa1e\xcd\x02\t\xa1t\xcd\x02\xa9--'
04262019 10:10:27 [INFO]: b'RX:B\x00'
04262019 10:10:27 [INFO]: b'TX:M\x12\x83\xa1a\xce\x00\x89T@\xa1h\x00\xa1o\xce\x01\x12\xa8\x80-----'
04262019 10:10:27 [INFO]: b'RX:B\x00'
04262019 10:10:27 [INFO]: b'TX:M\x15\x84\xa1p\xcd\x15\x19\xa1r\xcd\x15&\xa1e\xcd\x02\t\xa1t\xcd\x02\xaa--'
04262019 10:10:27 [INFO]: b'RX:B\x00'
04262019 10:10:27 [INFO]: b'TX:M\x12\x83\xa1a\xce\x00\x89T@\xa1h\x00\xa1o\xce\x01\x12\xa8\x80-----'
04262019 10:10:27 [INFO]: b'RX:B\x00'
04262019 10:10:27 [INFO]: b'TX:M\x12\x83\xa1a\xce\x00\x89T@\xa1h\x00\xa1o\xce\x01\x12\xa8\x80-----'
04262019 10:10:28 [INFO]: b'RX:B\x00'
04262019 10:10:28 [ERROR]: Buffer overflow
04262019 10:10:28 [INFO]: b'TX:M\x15\x84\xa1p\xcd\x15\x19\xa1r\xcd\x15&\xa1e\xcd\x02\t\xa1t\xcd\x02\xaa--'
04262019 10:10:28 [INFO]: b'RX:B\x00'
04262019 10:10:28 [INFO]: b'TX:M\x12\x83\xa1a\xce\x00\x89T@\xa1h\x00\xa1o\xce\x01\x12\xa8\x80-----'
04262019 10:10:28 [INFO]: b'RX:B\x00'
04262019 10:10:28 [INFO]: b'TX:M\x15\x84\xa1p\xcd\x15\x18\xa1r\xcd\x15&\xa1e\xcd\x02\t\xa1t\xcd\x02\xaa--'
04262019 10:10:29 [INFO]: b'RX:B\x00'
04262019 10:10:29 [INFO]: b'TX:M\x15\x84\xa1p\xcd\x15\x18\xa1r\xcd\x15&\xa1e\xcd\x02\t\xa1t\xcd\x02\xaa--'
04262019 10:10:29 [INFO]: b'RX:B\x00'
04262019 10:10:29 [INFO]: b'TX:M\x12\x83\xa1a\xce\x00\x89T@\xa1h\x00\xa1o\xce\x01\x12\xa8\x80-----'
04262019 10:10:29 [INFO]: b'RX:B\x00'
04262019 10:10:29 [INFO]: b"TX:M\x15\x84\xa1p\xcd\x15\x1a\xa1r\xcd\x15'\xa1e\xcd\x02\t\xa1t\xcd\x02\xaa--"
04262019 10:10:30 [INFO]: b'RX:B\x00'
04262019 10:10:30 [INFO]: b'TX:M\x12\x83\xa1a\xce\x00\x89T@\xa1h\x00\xa1o\xce\x01\x12\xa8\x80-----'
04262019 10:10:30 [INFO]: b'RX:B\x00'
04262019 10:10:30 [INFO]: b'TX:M\x15\x84\xa1p\xcd\x15\x19\xa1r\xcd\x15&\xa1e\xcd\x02\t\xa1t\xcd\x02\xaa--'
04262019 10:10:30 [INFO]: b'RX:B\x00'
04262019 10:10:30 [INFO]: b'TX:M\x12\x83\xa1a\xce\x00\x89T@\xa1h\x00\xa1o\xce\x01\x12\xa8\x80-----'
04262019 10:10:30 [INFO]: b'RX:B\x00'
04262019 10:10:30 [INFO]: b'TX:M\x15\x84\xa1p\xcd\x15\x19\xa1r\xcd\x15&\xa1e\xcd\x02\t\xa1t\xcd\x02\xaa--'
04262019 10:10:31 [INFO]: b'RX:B\x00'
04262019 10:10:31 [INFO]: b'TX:M\x12\x83\xa1a\xce\x00\x89T@\xa1h\x00\xa1o\xce\x01\x12\xa8\x80-----'
04262019 10:10:31 [INFO]: b'RX:B\x00'
04262019 10:10:31 [ERROR]: Buffer overflow
04262019 10:10:31 [INFO]: b'TX:M\x12\x83\xa1a\xce\x00\x89T@\xa1h\x00\xa1o\xce\x01\x12\xa8\x80-----'
04262019 10:10:31 [INFO]: b'RX:B\x00'
04262019 10:10:31 [INFO]: b"TX:M\x15\x84\xa1p\xcd\x15\x19\xa1r\xcd\x15'\xa1e\xcd\x02\x08\xa1t\xcd\x02\xaa--"
04262019 10:10:32 [INFO]: b'RX:B\x00'
04262019 10:10:32 [INFO]: b'TX:M\x12\x83\xa1a\xce\x00\x89T@\xa1h\x00\xa1o\xce\x01\x12\xa8\x80-----'
04262019 10:10:32 [INFO]: b'RX:B\x00'
04262019 10:10:32 [INFO]: b"TX:M\x15\x84\xa1p\xcd\x15\x19\xa1r\xcd\x15'\xa1e\xcd\x02\x08\xa1t\xcd\x02\xaa--"
04262019 10:10:32 [INFO]: b'RX:B\x00'
04262019 10:10:32 [INFO]: b'TX:M\x12\x83\xa1a\xce\x00\x89T@\xa1h\x00\xa1o\xce\x01\x12\xa8\x80-----'
04262019 10:10:32 [INFO]: b'RX:B\x00'
04262019 10:10:32 [INFO]: b"TX:M\x15\x84\xa1p\xcd\x15\x19\xa1r\xcd\x15'\xa1e\xcd\x02\x08\xa1t\xcd\x02\xaa--"
04262019 10:10:33 [INFO]: b'RX:B\x00'
04262019 10:10:33 [INFO]: b"TX:M\x15\x84\xa1p\xcd\x15\x19\xa1r\xcd\x15'\xa1e\xcd\x02\x08\xa1t\xcd\x02\xaa--"
04262019 10:10:33 [INFO]: b'RX:B\x00'
04262019 10:10:33 [INFO]: b'TX:M\x12\x83\xa1a\xce\x00\x89T@\xa1h\x00\xa1o\xce\x01\x12\xa8\x80-----'
04262019 10:10:33 [INFO]: b'RX:B\x00'
04262019 10:10:33 [INFO]: b"TX:M\x15\x84\xa1p\xcd\x15\x1a\xa1r\xcd\x15'\xa1e\xcd\x02\x08\xa1t\xcd\x02\xaa--"
04262019 10:10:34 [INFO]: b'RX:B\x00'
04262019 10:10:34 [INFO]: b'TX:M\x12\x83\xa1a\xce\x00\x89T@\xa1h\x00\xa1o\xce\x01\x12\xa8\x80-----'
04262019 10:10:34 [INFO]: b'RX:B\x00'
04262019 10:10:34 [INFO]: b"TX:M\x15\x84\xa1p\xcd\x15\x19\xa1r\xcd\x15'\xa1e\xcd\x02\x08\xa1t\xcd\x02\xaa--"
04262019 10:10:34 [INFO]: b'RX:B\x00'
04262019 10:10:34 [INFO]: b'TX:M\x12\x83\xa1a\xce\x00\x89T@\xa1h\x00\xa1o\xce\x01\x12\xa8\x80-----'
04262019 10:10:34 [INFO]: b'RX:B\x00'
04262019 10:10:34 [ERROR]: Buffer overflow
04262019 10:10:34 [INFO]: b'TX:M\x15\x84\xa1p\xcd\x15\x19\xa1r\xcd\x15&\xa1e\xcd\x02\x08\xa1t\xcd\x02\xaa--'
04262019 10:10:35 [INFO]: b'RX:B\x00'
04262019 10:10:35 [INFO]: b'TX:M\x12\x83\xa1a\xce\x00\x89T@\xa1h\x00\xa1o\xce\x01\x12\xa8\x80-----'
04262019 10:10:35 [INFO]: b'RX:B\x00'
04262019 10:10:35 [INFO]: b"TX:M\x15\x84\xa1p\xcd\x15\x19\xa1r\xcd\x15'\xa1e\xcd\x02\x08\xa1t\xcd\x02\xab--"
04262019 10:10:35 [INFO]: b'RX:B\x00'
04262019 10:10:35 [INFO]: b'TX:M\x12\x83\xa1a\xce\x00\x89T@\xa1h\x00\xa1o\xce\x01\x12\xa8\x80-----'
04262019 10:10:35 [INFO]: b'RX:B\x00'
04262019 10:10:36 [INFO]: b"TX:M\x15\x84\xa1p\xcd\x15\x19\xa1r\xcd\x15'\xa1e\xcd\x02\x08\xa1t\xcd\x02\xab--"
04262019 10:10:36 [INFO]: b'RX:B\x00'
04262019 10:10:36 [INFO]: b'TX:M\x12\x83\xa1a\xce\x00\x89T@\xa1h\x00\xa1o\xce\x01\x12\xa8\x80-----'
04262019 10:10:36 [INFO]: b'RX:B\x00'
04262019 10:10:36 [INFO]: b'TX:M\x15\x84\xa1p\xcd\x15\x19\xa1r\xcd\x15&\xa1e\xcd\x02\x08\xa1t\xcd\x02\xab--'
04262019 10:10:36 [INFO]: b'RX:B\x00'
04262019 10:10:36 [INFO]: b'TX:M\x12\x83\xa1a\xce\x00\x89T@\xa1h\x00\xa1o\xce\x01\x12\xa8\x80-----'
04262019 10:10:37 [INFO]: b'RX:B\x00'
04262019 10:10:37 [INFO]: b'TX:M\x12\x83\xa1a\xce\x00\x89T@\xa1h\x00\xa1o\xce\x01\x12\xa8\x80-----'
04262019 10:10:37 [INFO]: b'RX:B\x00'
04262019 10:10:37 [INFO]: b'TX:M\x15\x84\xa1p\xcd\x15\x19\xa1r\xcd\x15&\xa1e\xcd\x02\x08\xa1t\xcd\x02\xab--'
04262019 10:10:37 [INFO]: b'RX:B\x00'
04262019 10:10:37 [INFO]: b'TX:M\x12\x83\xa1a\xce\x00\x89T@\xa1h\x00\xa1o\xce\x01\x12\xa8\x80-----'
04262019 10:10:37 [INFO]: b'RX:B\x00'
04262019 10:10:38 [INFO]: b'TX:M\x15\x84\xa1p\xcd\x15\x1a\xa1r\xcd\x15&\xa1e\xcd\x02\x08\xa1t\xcd\x02\xab--'
04262019 10:10:38 [INFO]: b'RX:B\x00'
04262019 10:10:38 [ERROR]: Buffer overflow
04262019 10:10:38 [INFO]: b'TX:M\x12\x83\xa1a\xce\x00\x89T@\xa1h\x00\xa1o\xce\x01\x12\xa8\x80-----'
04262019 10:10:38 [INFO]: b'RX:B\x00'
04262019 10:10:38 [INFO]: b'TX:M\x15\x84\xa1p\xcd\x15\x19\xa1r\xcd\x15&\xa1e\xcd\x02\x08\xa1t\xcd\x02\xab--'
04262019 10:10:38 [INFO]: b'RX:B\x00'
04262019 10:10:38 [INFO]: b'TX:M\x15\x84\xa1p\xcd\x15\x19\xa1r\xcd\x15&\xa1e\xcd\x02\x08\xa1t\xcd\x02\xab--'
04262019 10:10:39 [INFO]: b'RX:B\x00'
04262019 10:10:39 [INFO]: b'TX:M\x12\x83\xa1a\xce\x00\x89T@\xa1h\x00\xa1o\xce\x01\x12\xa8\x80-----'
04262019 10:10:39 [INFO]: b'RX:B\x00'
04262019 10:10:39 [INFO]: b"TX:M\x15\x84\xa1p\xcd\x15\x19\xa1r\xcd\x15'\xa1e\xcd\x02\x08\xa1t\xcd\x02\xab--"
04262019 10:10:39 [INFO]: b'RX:B\x00'
04262019 10:10:39 [INFO]: b'TX:M\x12\x83\xa1a\xce\x00\x89T@\xa1h\x00\xa1o\xce\x01\x12\xa8\x80-----'
04262019 10:10:40 [INFO]: b'RX:B\x00'
04262019 10:10:40 [INFO]: b"TX:M\x15\x84\xa1p\xcd\x15\x19\xa1r\xcd\x15'\xa1e\xcd\x02\x08\xa1t\xcd\x02\xab--"
04262019 10:10:40 [INFO]: b'TX:M\x12\x83\xa1a\xce\x00\x89T@\xa1h\x00\xa1o\xce\x01\x12\xa8\x80-----'
04262019 10:10:40 [INFO]: b'RX:B\x00'
04262019 10:10:40 [INFO]: b'RX:B\x00'
04262019 10:10:40 [INFO]: b'TX:M\x15\x84\xa1p\xcd\x15\x19\xa1r\xcd\x15&\xa1e\xcd\x02\x07\xa1t\xcd\x02\xab--'
04262019 10:10:41 [INFO]: b'RX:B\x00'
04262019 10:10:41 [INFO]: b'TX:M\x12\x83\xa1a\xce\x00\x89T@\xa1h\x00\xa1o\xce\x01\x12\xa8\x80-----'
04262019 10:10:41 [INFO]: b'RX:B\x00'
04262019 10:10:41 [INFO]: b'TX:M\x12\x83\xa1a\xce\x00\x89T@\xa1h\x00\xa1o\xce\x01\x12\xa8\x80-----'
04262019 10:10:41 [INFO]: b'RX:B\x00'
04262019 10:10:41 [ERROR]: Buffer overflow
04262019 10:10:41 [INFO]: b"TX:M\x15\x84\xa1p\xcd\x15\x1a\xa1r\xcd\x15'\xa1e\xcd\x02\x08\xa1t\xcd\x02\xab--"
04262019 10:10:42 [INFO]: b'RX:B\x00'
04262019 10:10:42 [INFO]: b'TX:M\x12\x83\xa1a\xce\x00\x89T@\xa1h\x00\xa1o\xce\x01\x12\xa8\x80-----'
04262019 10:10:42 [INFO]: b'RX:B\x00'
04262019 10:10:42 [INFO]: b"TX:M\x15\x84\xa1p\xcd\x15\x1a\xa1r\xcd\x15'\xa1e\xcd\x02\x08\xa1t\xcd\x02\xab--"
04262019 10:10:42 [INFO]: b'RX:B\x00'
04262019 10:10:42 [INFO]: b'TX:M\x15\x84\xa1p\xcd\x15\x19\xa1r\xcd\x15&\xa1e\xcd\x02\x07\xa1t\xcd\x02\xab--'
04262019 10:10:42 [INFO]: b'RX:B\x00'
04262019 10:10:43 [INFO]: b'TX:M\x12\x83\xa1a\xce\x00\x89T@\xa1h\x00\xa1o\xce\x01\x12\xa8\x80-----'
04262019 10:10:43 [INFO]: b'RX:B\x00'
04262019 10:10:43 [INFO]: b'TX:M\x15\x84\xa1p\xcd\x15\x19\xa1r\xcd\x15&\xa1e\xcd\x02\x07\xa1t\xcd\x02\xab--'
04262019 10:10:43 [INFO]: b'RX:B\x00'
04262019 10:10:43 [INFO]: b'TX:M\x12\x83\xa1a\xce\x00\x89T@\xa1h\x00\xa1o\xce\x01\x12\xa8\x80-----'
04262019 10:10:43 [INFO]: b'RX:B\x00'
04262019 10:10:43 [INFO]: b"TX:M\x15\x84\xa1p\xcd\x15\x19\xa1r\xcd\x15'\xa1e\xcd\x02\x07\xa1t\xcd\x02\xab--"
04262019 10:10:44 [INFO]: b'RX:B\x00'
04262019 10:10:44 [INFO]: b'TX:M\x12\x83\xa1a\xce\x00\x89T@\xa1h\x00\xa1o\xce\x01\x12\xa8\x80-----'
04262019 10:10:44 [INFO]: b'RX:B\x00'
04262019 10:10:44 [INFO]: b'TX:M\x12\x83\xa1a\xce\x00\x89T@\xa1h\x00\xa1o\xce\x01\x12\xa8\x80-----'
04262019 10:10:44 [INFO]: b'RX:B\x00'
04262019 10:10:44 [INFO]: b"TX:M\x15\x84\xa1p\xcd\x15\x19\xa1r\xcd\x15'\xa1e\xcd\x02\x07\xa1t\xcd\x02\xab--"
04262019 10:10:44 [INFO]: b'RX:B\x00'
04262019 10:10:45 [ERROR]: Buffer overflow
04262019 10:10:45 [INFO]: b'TX:M\x12\x83\xa1a\xce\x00\x89T@\xa1h\x00\xa1o\xce\x01\x12\xa8\x80-----'
04262019 10:10:45 [INFO]: b'RX:B\x00'
04262019 10:10:45 [INFO]: b'TX:M\x15\x84\xa1p\xcd\x15\x18\xa1r\xcd\x15&\xa1e\xcd\x02\x07\xa1t\xcd\x02\xac--'
04262019 10:10:45 [INFO]: b'RX:B\x00'
04262019 10:10:45 [INFO]: b"TX:M\x15\x84\xa1p\xcd\x15\x18\xa1r\xcd\x15'\xa1e\xcd\x02\x07\xa1t\xcd\x02\xac--"
04262019 10:10:45 [INFO]: b'RX:B\x00'
04262019 10:10:45 [INFO]: b'TX:M\x12\x83\xa1a\xce\x00\x89T@\xa1h\x00\xa1o\xce\x01\x12\xa8\x80-----'
04262019 10:10:46 [INFO]: b'RX:B\x00'
04262019 10:10:46 [INFO]: b"TX:M\x15\x84\xa1p\xcd\x15\x18\xa1r\xcd\x15'\xa1e\xcd\x02\x07\xa1t\xcd\x02\xac--"
04262019 10:10:46 [INFO]: b'RX:B\x00'
04262019 10:10:46 [INFO]: b'TX:M\x12\x83\xa1a\xce\x00\x89T@\xa1h\x00\xa1o\xce\x01\x12\xa8\x80-----'
04262019 10:10:46 [INFO]: b'RX:B\x00'
04262019 10:10:46 [INFO]: b'TX:M\x15\x84\xa1p\xcd\x15\x19\xa1r\xcd\x15&\xa1e\xcd\x02\x07\xa1t\xcd\x02\xac--'
04262019 10:10:47 [INFO]: b'RX:B\x00'
04262019 10:10:47 [INFO]: b'TX:M\x12\x83\xa1a\xce\x00\x89T@\xa1h\x00\xa1o\xce\x01\x12\xa8\x80-----'
04262019 10:10:47 [INFO]: b'RX:B\x00'
04262019 10:10:47 [INFO]: b'TX:M\x12\x83\xa1a\xce\x00\x89T@\xa1h\x00\xa1o\xce\x01\x12\xa8\x80-----'
04262019 10:10:47 [INFO]: b'RX:B\x00'
04262019 10:10:47 [INFO]: b'TX:M\x15\x84\xa1p\xcd\x15\x19\xa1r\xcd\x15&\xa1e\xcd\x02\x07\xa1t\xcd\x02\xac--'
04262019 10:10:47 [INFO]: b'RX:B\x00'
04262019 10:10:47 [INFO]: b'TX:M\x12\x83\xa1a\xce\x00\x89T@\xa1h\x00\xa1o\xce\x01\x12\xa8\x80-----'
04262019 10:10:48 [INFO]: b'RX:B\x00'
04262019 10:10:48 [INFO]: b"TX:M\x15\x84\xa1p\xcd\x15\x17\xa1r\xcd\x15'\xa1e\xcd\x02\x07\xa1t\xcd\x02\xac--"
04262019 10:10:48 [INFO]: b'RX:B\x00'
04262019 10:10:48 [ERROR]: Buffer overflow
04262019 10:10:48 [INFO]: b'TX:M\x12\x83\xa1a\xce\x00\x89T@\xa1h\x00\xa1o\xce\x01\x12\xa8\x80-----'
04262019 10:10:48 [INFO]: b'RX:B\x00'
04262019 10:10:48 [INFO]: b"TX:M\x15\x84\xa1p\xcd\x15\x17\xa1r\xcd\x15'\xa1e\xcd\x02\x07\xa1t\xcd\x02\xac--"
04262019 10:10:49 [INFO]: b'RX:B\x00'
04262019 10:10:49 [INFO]: b'TX:M\x12\x83\xa1a\xce\x00\x89T@\xa1h\x00\xa1o\xce\x01\x12\xa8\x80-----'
04262019 10:10:49 [INFO]: b'RX:B\x00'
04262019 10:10:49 [INFO]: b"TX:M\x15\x84\xa1p\xcd\x15\x17\xa1r\xcd\x15'\xa1e\xcd\x02\x07\xa1t\xcd\x02\xac--"
04262019 10:10:49 [INFO]: b'RX:B\x00'
04262019 10:10:49 [INFO]: b'TX:M\x12\x83\xa1a\xce\x00\x89T@\xa1h\x00\xa1o\xce\x01\x12\xa8\x80-----'
04262019 10:10:49 [INFO]: b'RX:B\x00'
04262019 10:10:49 [INFO]: b'TX:M\x15\x84\xa1p\xcd\x15\x18\xa1r\xcd\x15&\xa1e\xcd\x02\x07\xa1t\xcd\x02\xac--'
04262019 10:10:50 [INFO]: b'RX:B\x00'
04262019 10:10:50 [INFO]: b'TX:M\x12\x83\xa1a\xce\x00\x89T@\xa1h\x00\xa1o\xce\x01\x12\xa8\x80-----'
04262019 10:10:50 [INFO]: b'RX:B\x00'
04262019 10:10:50 [INFO]: b'TX:M\x15\x84\xa1p\xcd\x15\x18\xa1r\xcd\x15&\xa1e\xcd\x02\x07\xa1t\xcd\x02\xac--'
04262019 10:10:50 [INFO]: b'RX:B\x00'
04262019 10:10:50 [INFO]: b'TX:M\x12\x83\xa1a\xce\x00\x89T@\xa1h\x00\xa1o\xce\x01\x12\xa8\x80-----'
04262019 10:10:51 [INFO]: b'RX:B\x00'
04262019 10:10:51 [INFO]: b'TX:M\x15\x84\xa1p\xcd\x15\x18\xa1r\xcd\x15&\xa1e\xcd\x02\x07\xa1t\xcd\x02\xac--'
04262019 10:10:51 [INFO]: b'RX:B\x00'
04262019 10:10:51 [INFO]: b'TX:M\x12\x83\xa1a\xce\x00\x89T@\xa1h\x00\xa1o\xce\x01\x12\xa8\x80-----'
04262019 10:10:51 [INFO]: b'RX:B\x00'
04262019 10:10:51 [INFO]: b'TX:M\x15\x84\xa1p\xcd\x15\x18\xa1r\xcd\x15&\xa1e\xcd\x02\x07\xa1t\xcd\x02\xac--'
04262019 10:10:51 [INFO]: b'RX:B\x00'
04262019 10:10:51 [ERROR]: Buffer overflow
04262019 10:10:51 [INFO]: b'TX:M\x12\x83\xa1a\xce\x00\x89T@\xa1h\x00\xa1o\xce\x01\x12\xa8\x80-----'
04262019 10:10:52 [INFO]: b'RX:B\x00'
04262019 10:10:52 [INFO]: b'TX:M\x15\x84\xa1p\xcd\x15\x19\xa1r\xcd\x15&\xa1e\xcd\x02\x07\xa1t\xcd\x02\xac--'
04262019 10:10:52 [INFO]: b'RX:B\x00'
04262019 10:10:52 [INFO]: b'TX:M\x12\x83\xa1a\xce\x00\x89T@\xa1h\x00\xa1o\xce\x01\x12\xa8\x80-----'
04262019 10:10:52 [INFO]: b'RX:B\x00'
04262019 10:10:52 [INFO]: b'TX:M\x15\x84\xa1p\xcd\x15\x18\xa1r\xcd\x15&\xa1e\xcd\x02\x07\xa1t\xcd\x02\xac--'
04262019 10:10:53 [INFO]: b'RX:B\x00'
04262019 10:10:53 [INFO]: b'TX:M\x12\x83\xa1a\xce\x00\x89T@\xa1h\x00\xa1o\xce\x01\x12\xa8\x80-----'
04262019 10:10:53 [INFO]: b'RX:B\x00'
04262019 10:10:53 [INFO]: b'TX:M\x15\x84\xa1p\xcd\x15\x18\xa1r\xcd\x15&\xa1e\xcd\x02\x07\xa1t\xcd\x02\xac--'
04262019 10:10:53 [INFO]: b'RX:B\x00'
04262019 10:10:53 [INFO]: b'TX:M\x12\x83\xa1a\xce\x00\x89T@\xa1h\x00\xa1o\xce\x01\x12\xa8\x80-----'
04262019 10:10:53 [INFO]: b'RX:B\x00'
04262019 10:10:54 [INFO]: b"TX:M\x15\x84\xa1p\xcd\x15\x18\xa1r\xcd\x15'\xa1e\xcd\x02\x07\xa1t\xcd\x02\xac--"
04262019 10:10:54 [INFO]: b'RX:B\x00'
04262019 10:10:54 [INFO]: b'TX:M\x12\x83\xa1a\xce\x00\x89T@\xa1h\x00\xa1o\xce\x01\x12\xa8\x80-----'
04262019 10:10:54 [INFO]: b'RX:B\x00'
04262019 10:10:54 [INFO]: b'TX:M\x12\x83\xa1a\xce\x00\x89T@\xa1h\x00\xa1o\xce\x01\x12\xa8\x80-----'
04262019 10:10:54 [INFO]: b'RX:B\x00'
04262019 10:10:54 [ERROR]: Buffer overflow
04262019 10:10:54 [INFO]: b'TX:M\x12\x83\xa1a\xce\x00\x89T@\xa1h\x00\xa1o\xce\x01\x12\xa8\x80-----'
04262019 10:10:55 [INFO]: b'RX:B\x00'
04262019 10:10:55 [INFO]: b'TX:M\x15\x84\xa1p\xcd\x15\x18\xa1r\xcd\x15&\xa1e\xcd\x02\x07\xa1t\xcd\x02\xad--'
04262019 10:10:55 [INFO]: b'RX:B\x00'
04262019 10:10:55 [INFO]: b'TX:M\x12\x83\xa1a\xce\x00\x89T@\xa1h\x00\xa1o\xce\x01\x12\xa8\x80-----'
04262019 10:10:55 [INFO]: b'RX:B\x00'
04262019 10:10:55 [INFO]: b"TX:M\x15\x84\xa1p\xcd\x15\x18\xa1r\xcd\x15'\xa1e\xcd\x02\x07\xa1t\xcd\x02\xad--"
04262019 10:10:56 [INFO]: b'RX:B\x00'
04262019 10:10:56 [INFO]: b'TX:M\x12\x83\xa1a\xce\x00\x89T@\xa1h\x00\xa1o\xce\x01\x12\xa8\x80-----'
04262019 10:10:56 [INFO]: b'RX:B\x00'
04262019 10:10:56 [INFO]: b"TX:M\x15\x84\xa1p\xcd\x15\x18\xa1r\xcd\x15'\xa1e\xcd\x02\x07\xa1t\xcd\x02\xad--"
04262019 10:10:56 [INFO]: b'RX:B\x00'
04262019 10:10:56 [INFO]: b'TX:M\x12\x83\xa1a\xce\x00\x89T@\xa1h\x00\xa1o\xce\x01\x12\xa8\x80-----'
04262019 10:10:56 [INFO]: b'RX:B\x00'
04262019 10:10:57 [INFO]: b"TX:M\x15\x84\xa1p\xcd\x15\x18\xa1r\xcd\x15'\xa1e\xcd\x02\x07\xa1t\xcd\x02\xad--"
04262019 10:10:57 [INFO]: b'RX:B\x00'
04262019 10:10:57 [INFO]: b'TX:M\x12\x83\xa1a\xce\x00\x89T@\xa1h\x00\xa1o\xce\x01\x12\xa8\x80-----'
04262019 10:10:57 [INFO]: b'RX:B\x00'
04262019 10:10:57 [INFO]: b"TX:M\x15\x84\xa1p\xcd\x15\x18\xa1r\xcd\x15'\xa1e\xcd\x02\x07\xa1t\xcd\x02\xad--"
04262019 10:10:57 [INFO]: b'RX:B\x00'
04262019 10:10:57 [INFO]: b'TX:M\x12\x83\xa1a\xce\x00\x89T@\xa1h\x00\xa1o\xce\x01\x12\xa8\x80-----'
04262019 10:10:58 [INFO]: b'RX:B\x00'
04262019 10:10:58 [INFO]: b'TX:M\x15\x84\xa1p\xcd\x15\x18\xa1r\xcd\x15&\xa1e\xcd\x02\x07\xa1t\xcd\x02\xad--'
04262019 10:10:58 [INFO]: b'RX:B\x00'
04262019 10:10:58 [ERROR]: Buffer overflow
04262019 10:10:58 [INFO]: b'TX:M\x12\x83\xa1a\xce\x00\x89T@\xa1h\x00\xa1o\xce\x01\x12\xa8\x80-----'
04262019 10:10:58 [INFO]: b'RX:B\x00'
04262019 10:10:58 [INFO]: b'TX:M\x15\x84\xa1p\xcd\x15\x18\xa1r\xcd\x15&\xa1e\xcd\x02\x06\xa1t\xcd\x02\xad--'
04262019 10:10:58 [INFO]: b'RX:B\x00'
04262019 10:10:59 [INFO]: b'TX:M\x12\x83\xa1a\xce\x00\x89T@\xa1h\x00\xa1o\xce\x01\x12\xa8\x80-----'
04262019 10:10:59 [INFO]: b'RX:B\x00'
04262019 10:10:59 [INFO]: b'TX:M\x15\x84\xa1p\xcd\x15\x18\xa1r\xcd\x15&\xa1e\xcd\x02\x06\xa1t\xcd\x02\xad--'
04262019 10:10:59 [INFO]: b'RX:B\x00'
04262019 10:10:59 [INFO]: b'TX:M\x12\x83\xa1a\xce\x00\x89T@\xa1h\x00\xa1o\xce\x01\x12\xa8\x80-----'
04262019 10:10:59 [INFO]: b'RX:B\x00'
04262019 10:10:59 [INFO]: b'TX:M\x15\x84\xa1p\xcd\x15\x18\xa1r\xcd\x15&\xa1e\xcd\x02\x06\xa1t\xcd\x02\xad--'
04262019 10:11:00 [INFO]: b'RX:B\x00'
04262019 10:11:00 [INFO]: b'TX:M\x12\x83\xa1a\xce\x00\x89T@\xa1h\x00\xa1o\xce\x01\x12\xa8\x80-----'
04262019 10:11:00 [INFO]: b'RX:B\x00'
04262019 10:11:00 [INFO]: b'TX:M\x15\x84\xa1p\xcd\x15\x18\xa1r\xcd\x15&\xa1e\xcd\x02\x06\xa1t\xcd\x02\xad--'
04262019 10:11:00 [INFO]: b'RX:B\x00'
04262019 10:11:00 [INFO]: b'TX:M\x12\x83\xa1a\xce\x00\x89T@\xa1h\x00\xa1o\xce\x01\x12\xa8\x80-----'
04262019 10:11:01 [INFO]: b'RX:B\x00'
04262019 10:11:01 [INFO]: b'TX:M\x15\x84\xa1p\xcd\x15\x18\xa1r\xcd\x15&\xa1e\xcd\x02\x06\xa1t\xcd\x02\xad--'
04262019 10:11:01 [INFO]: b'RX:B\x00'
04262019 10:11:01 [INFO]: b'TX:M\x12\x83\xa1a\xce\x00\x89T@\xa1h\x00\xa1o\xce\x01\x12\xa8\x80-----'
04262019 10:11:01 [INFO]: b'RX:B\x00'
04262019 10:11:01 [INFO]: b'TX:M\x15\x84\xa1p\xcd\x15\x18\xa1r\xcd\x15&\xa1e\xcd\x02\x06\xa1t\xcd\x02\xad--'
04262019 10:11:01 [INFO]: b'RX:B\x00'
04262019 10:11:01 [ERROR]: Buffer overflow
04262019 10:11:01 [INFO]: b'TX:M\x12\x83\xa1a\xce\x00\x89T@\xa1h\x00\xa1o\xce\x01\x12\xa8\x80-----'
04262019 10:11:02 [INFO]: b'RX:B\x00'
04262019 10:11:02 [INFO]: b"TX:M\x15\x84\xa1p\xcd\x15\x18\xa1r\xcd\x15'\xa1e\xcd\x02\x06\xa1t\xcd\x02\xae--"
04262019 10:11:02 [INFO]: b'RX:B\x00'
04262019 10:11:02 [INFO]: b'TX:M\x12\x83\xa1a\xce\x00\x89T@\xa1h\x00\xa1o\xce\x01\x12\xa8\x80-----'
04262019 10:11:02 [INFO]: b'RX:B\x00'
04262019 10:11:02 [INFO]: b"TX:M\x15\x84\xa1p\xcd\x15\x18\xa1r\xcd\x15'\xa1e\xcd\x02\x06\xa1t\xcd\x02\xae--"
04262019 10:11:03 [INFO]: b'RX:B\x00'
04262019 10:11:03 [INFO]: b'TX:M\x12\x83\xa1a\xce\x00\x89T@\xa1h\x00\xa1o\xce\x01\x12\xa8\x80-----'
04262019 10:11:03 [INFO]: b'RX:B\x00'
04262019 10:11:03 [INFO]: b'TX:M\x15\x84\xa1p\xcd\x15\x18\xa1r\xcd\x15&\xa1e\xcd\x02\x06\xa1t\xcd\x02\xae--'
04262019 10:11:03 [INFO]: b'RX:B\x00'
04262019 10:11:03 [INFO]: b'TX:M\x12\x83\xa1a\xce\x00\x89T@\xa1h\x00\xa1o\xce\x01\x12\xa8\x80-----'
04262019 10:11:03 [INFO]: b'RX:B\x00'
04262019 10:11:03 [INFO]: b'TX:M\x15\x84\xa1p\xcd\x15\x19\xa1r\xcd\x15&\xa1e\xcd\x02\x06\xa1t\xcd\x02\xae--'
04262019 10:11:04 [INFO]: b'RX:B\x00'
04262019 10:11:04 [INFO]: b'TX:M\x12\x83\xa1a\xce\x00\x89T@\xa1h\x00\xa1o\xce\x01\x12\xa8\x80-----'
04262019 10:11:04 [INFO]: b'RX:B\x00'
04262019 10:11:04 [INFO]: b'TX:M\x15\x84\xa1p\xcd\x15\x19\xa1r\xcd\x15&\xa1e\xcd\x02\x06\xa1t\xcd\x02\xae--'
04262019 10:11:04 [INFO]: b'RX:B\x00'
04262019 10:11:04 [INFO]: b'TX:M\x12\x83\xa1a\xce\x00\x89T@\xa1h\x00\xa1o\xce\x01\x12\xa8\x80-----'
04262019 10:11:05 [INFO]: b'RX:B\x00'
04262019 10:11:05 [ERROR]: Buffer overflow
04262019 10:11:05 [INFO]: b'TX:M\x15\x84\xa1p\xcd\x15\x18\xa1r\xcd\x15(\xa1e\xcd\x02\x06\xa1t\xcd\x02\xae--'
04262019 10:11:05 [INFO]: b'RX:B\x00'
04262019 10:11:05 [INFO]: b'TX:M\x12\x83\xa1a\xce\x00\x89T@\xa1h\x00\xa1o\xce\x01\x12\xa8\x80-----'
04262019 10:11:05 [INFO]: b'RX:B\x00'
04262019 10:11:05 [INFO]: b'TX:M\x15\x84\xa1p\xcd\x15\x18\xa1r\xcd\x15(\xa1e\xcd\x02\x06\xa1t\xcd\x02\xae--'
04262019 10:11:05 [INFO]: b'RX:B\x00'
04262019 10:11:05 [INFO]: b'TX:M\x12\x83\xa1a\xce\x00\x89T@\xa1h\x00\xa1o\xce\x01\x12\xa8\x80-----'
04262019 10:11:06 [INFO]: b'RX:B\x00'
04262019 10:11:06 [INFO]: b"TX:M\x15\x84\xa1p\xcd\x15\x18\xa1r\xcd\x15'\xa1e\xcd\x02\x06\xa1t\xcd\x02\xae--"
04262019 10:11:06 [INFO]: b'RX:B\x00'
04262019 10:11:06 [INFO]: b'TX:M\x12\x83\xa1a\xce\x00\x89T@\xa1h\x00\xa1o\xce\x01\x12\xa8\x80-----'
04262019 10:11:06 [INFO]: b'RX:B\x00'
04262019 10:11:06 [INFO]: b"TX:M\x15\x84\xa1p\xcd\x15\x18\xa1r\xcd\x15'\xa1e\xcd\x02\x06\xa1t\xcd\x02\xae--"
04262019 10:11:07 [INFO]: b'RX:B\x00'
04262019 10:11:07 [INFO]: b'TX:M\x12\x83\xa1a\xce\x00\x89T@\xa1h\x00\xa1o\xce\x01\x12\xa8\x80-----'
04262019 10:11:07 [INFO]: b'RX:B\x00'
04262019 10:11:07 [INFO]: b"TX:M\x15\x84\xa1p\xcd\x15\x19\xa1r\xcd\x15'\xa1e\xcd\x02\x06\xa1t\xcd\x02\xae--"
04262019 10:11:07 [INFO]: b'RX:B\x00'
04262019 10:11:07 [INFO]: b'TX:M\x12\x83\xa1a\xce\x00\x89T@\xa1h\x00\xa1o\xce\x01\x12\xa8\x80-----'
04262019 10:11:07 [INFO]: b'RX:B\x00'
04262019 10:11:08 [INFO]: b'TX:M\x15\x84\xa1p\xcd\x15\x19\xa1r\xcd\x15&\xa1e\xcd\x02\x06\xa1t\xcd\x02\xae--'
04262019 10:11:08 [INFO]: b'RX:B\x00'
04262019 10:11:08 [ERROR]: Buffer overflow
04262019 10:11:08 [INFO]: b'TX:M\x12\x83\xa1a\xce\x00\x89T@\xa1h\x00\xa1o\xce\x01\x12\xa8\x80-----'
04262019 10:11:08 [INFO]: b'RX:B\x00'
04262019 10:11:08 [INFO]: b"TX:M\x15\x84\xa1p\xcd\x15\x19\xa1r\xcd\x15'\xa1e\xcd\x02\x06\xa1t\xcd\x02\xae--"
04262019 10:11:08 [INFO]: b'RX:B\x00'
04262019 10:11:09 [INFO]: b'TX:M\x12\x83\xa1a\xce\x00\x89T@\xa1h\x00\xa1o\xce\x01\x12\xa8\x80-----'
04262019 10:11:09 [INFO]: b'RX:B\x00'
04262019 10:11:09 [INFO]: b"TX:M\x15\x84\xa1p\xcd\x15\x19\xa1r\xcd\x15'\xa1e\xcd\x02\x06\xa1t\xcd\x02\xaf--"
04262019 10:11:09 [INFO]: b'RX:B\x00'
04262019 10:11:09 [INFO]: b'TX:M\x12\x83\xa1a\xce\x00\x89T@\xa1h\x00\xa1o\xce\x01\x12\xa8\x80-----'
04262019 10:11:09 [INFO]: b'RX:B\x00'
04262019 10:11:10 [INFO]: b"TX:M\x15\x84\xa1p\xcd\x15\x19\xa1r\xcd\x15'\xa1e\xcd\x02\x06\xa1t\xcd\x02\xaf--"
04262019 10:11:10 [INFO]: b'RX:B\x00'
04262019 10:11:10 [INFO]: b'TX:M\x12\x83\xa1a\xce\x00\x89T@\xa1h\x00\xa1o\xce\x01\x12\xa8\x80-----'
04262019 10:11:10 [INFO]: b'RX:B\x00'
04262019 10:11:10 [INFO]: b'TX:M\x15\x84\xa1p\xcd\x15\x19\xa1r\xcd\x15&\xa1e\xcd\x02\x06\xa1t\xcd\x02\xaf--'
04262019 10:11:10 [INFO]: b'RX:B\x00'
04262019 10:11:10 [INFO]: b'TX:M\x12\x83\xa1a\xce\x00\x89T@\xa1h\x00\xa1o\xce\x01\x12\xa8\x80-----'
04262019 10:11:11 [INFO]: b'RX:B\x00'
04262019 10:11:11 [INFO]: b"TX:M\x15\x84\xa1p\xcd\x15\x19\xa1r\xcd\x15'\xa1e\xcd\x02\x06\xa1t\xcd\x02\xaf--"
04262019 10:11:11 [INFO]: b'RX:B\x00'
04262019 10:11:11 [ERROR]: Buffer overflow
04262019 10:11:11 [INFO]: b"TX:M\x15\x84\xa1p\xcd\x15\x18\xa1r\xcd\x15'\xa1e\xcd\x02\x06\xa1t\xcd\x02\xaf--"
04262019 10:11:11 [INFO]: b'RX:B\x00'
04262019 10:11:11 [INFO]: b'TX:M\x12\x83\xa1a\xce\x00\x89T@\xa1h\x00\xa1o\xce\x01\x12\xa8\x80-----'
04262019 10:11:12 [INFO]: b'RX:B\x00'
04262019 10:11:12 [INFO]: b"TX:M\x15\x84\xa1p\xcd\x15\x19\xa1r\xcd\x15'\xa1e\xcd\x02\x06\xa1t\xcd\x02\xaf--"
04262019 10:11:12 [INFO]: b'RX:B\x00'
04262019 10:11:12 [INFO]: b"TX:M\x15\x84\xa1p\xcd\x15\x18\xa1r\xcd\x15'\xa1e\xcd\x02\x06\xa1t\xcd\x02\xaf--"
04262019 10:11:12 [INFO]: b'RX:B\x00'
04262019 10:11:12 [INFO]: b'TX:M\x12\x83\xa1a\xce\x00\x89T@\xa1h\x00\xa1o\xce\x01\x12\xa8\x80-----'
04262019 10:11:12 [INFO]: b'RX:B\x00'
04262019 10:11:12 [INFO]: b"TX:M\x15\x84\xa1p\xcd\x15\x18\xa1r\xcd\x15'\xa1e\xcd\x02\x06\xa1t\xcd\x02\xaf--"
04262019 10:11:13 [INFO]: b'RX:B\x00'
04262019 10:11:13 [INFO]: b'TX:M\x12\x83\xa1a\xce\x00\x89T@\xa1h\x00\xa1o\xce\x01\x12\xa8\x80-----'
04262019 10:11:13 [INFO]: b'RX:B\x00'
04262019 10:11:13 [INFO]: b"TX:M\x15\x84\xa1p\xcd\x15\x18\xa1r\xcd\x15'\xa1e\xcd\x02\x05\xa1t\xcd\x02\xaf--"
04262019 10:11:13 [INFO]: b'RX:B\x00'
04262019 10:11:13 [INFO]: b'TX:M\x12\x83\xa1a\xce\x00\x89T@\xa1h\x00\xa1o\xce\x01\x12\xa8\x80-----'
04262019 10:11:14 [INFO]: b'RX:B\x00'
04262019 10:11:14 [INFO]: b"TX:M\x15\x84\xa1p\xcd\x15\x18\xa1r\xcd\x15'\xa1e\xcd\x02\x05\xa1t\xcd\x02\xaf--"
04262019 10:11:14 [INFO]: b'RX:B\x00'
04262019 10:11:14 [INFO]: b'TX:M\x12\x83\xa1a\xce\x00\x89T@\xa1h\x00\xa1o\xce\x01\x12\xa8\x80-----'
04262019 10:11:14 [INFO]: b'RX:B\x00'
04262019 10:11:14 [INFO]: b"TX:M\x15\x84\xa1p\xcd\x15\x19\xa1r\xcd\x15'\xa1e\xcd\x02\x06\xa1t\xcd\x02\xaf--"
04262019 10:11:14 [INFO]: b'RX:B\x00'
04262019 10:11:14 [ERROR]: Buffer overflow
04262019 10:11:14 [INFO]: b'TX:M\x12\x83\xa1a\xce\x00\x89T@\xa1h\x00\xa1o\xce\x01\x12\xa8\x80-----'
04262019 10:11:15 [INFO]: b'RX:B\x00'
04262019 10:11:15 [INFO]: b"TX:M\x15\x84\xa1p\xcd\x15\x19\xa1r\xcd\x15'\xa1e\xcd\x02\x05\xa1t\xcd\x02\xaf--"
04262019 10:11:15 [INFO]: b'RX:B\x00'
04262019 10:11:15 [INFO]: b'TX:M\x12\x83\xa1a\xce\x00\x89T@\xa1h\x00\xa1o\xce\x01\x12\xa8\x80-----'
04262019 10:11:15 [INFO]: b'RX:B\x00'
04262019 10:11:15 [INFO]: b"TX:M\x15\x84\xa1p\xcd\x15\x19\xa1r\xcd\x15'\xa1e\xcd\x02\x05\xa1t\xcd\x02\xaf--"
04262019 10:11:16 [INFO]: b'RX:B\x00'
04262019 10:11:16 [INFO]: b'TX:M\x12\x83\xa1a\xce\x00\x89T@\xa1h\x00\xa1o\xce\x01\x12\xa8\x80-----'
04262019 10:11:16 [INFO]: b'RX:B\x00'
04262019 10:11:16 [INFO]: b'TX:M\x15\x84\xa1p\xcd\x15\x19\xa1r\xcd\x15(\xa1e\xcd\x02\x05\xa1t\xcd\x02\xb0--'
04262019 10:11:16 [INFO]: b'RX:B\x00'
04262019 10:11:16 [INFO]: b'TX:M\x12\x83\xa1a\xce\x00\x89T@\xa1h\x00\xa1o\xce\x01\x12\xa8\x80-----'
04262019 10:11:16 [INFO]: b'RX:B\x00'
04262019 10:11:16 [INFO]: b'TX:M\x15\x84\xa1p\xcd\x15\x19\xa1r\xcd\x15(\xa1e\xcd\x02\x05\xa1t\xcd\x02\xb0--'
04262019 10:11:17 [INFO]: b'RX:B\x00'
04262019 10:11:17 [INFO]: b'TX:M\x12\x83\xa1a\xce\x00\x89T@\xa1h\x00\xa1o\xce\x01\x12\xa8\x80-----'
04262019 10:11:17 [INFO]: b'RX:B\x00'
04262019 10:11:17 [INFO]: b"TX:M\x15\x84\xa1p\xcd\x15\x18\xa1r\xcd\x15'\xa1e\xcd\x02\x05\xa1t\xcd\x02\xb0--"
04262019 10:11:17 [INFO]: b'RX:B\x00'
04262019 10:11:17 [INFO]: b'TX:M\x12\x83\xa1a\xce\x00\x89T@\xa1h\x00\xa1o\xce\x01\x12\xa8\x80-----'
04262019 10:11:18 [INFO]: b'RX:B\x00'
04262019 10:11:18 [INFO]: b'TX:M\x15\x84\xa1p\xcd\x15\x18\xa1r\xcd\x15&\xa1e\xcd\x02\x05\xa1t\xcd\x02\xb0--'
04262019 10:11:18 [INFO]: b'RX:B\x00'
04262019 10:11:18 [ERROR]: Buffer overflow
04262019 10:11:18 [INFO]: b'TX:M\x12\x83\xa1a\xce\x00\x89T@\xa1h\x00\xa1o\xce\x01\x12\xa8\x80-----'
04262019 10:11:18 [INFO]: b'RX:B\x00'
04262019 10:11:18 [INFO]: b"TX:M\x15\x84\xa1p\xcd\x15\x19\xa1r\xcd\x15'\xa1e\xcd\x02\x05\xa1t\xcd\x02\xb0--"
04262019 10:11:18 [INFO]: b'RX:B\x00'
04262019 10:11:18 [INFO]: b'TX:M\x12\x83\xa1a\xce\x00\x89T@\xa1h\x00\xa1o\xce\x01\x12\xa8\x80-----'
04262019 10:11:19 [INFO]: b'TX:M\x12\x83\xa1a\xce\x00\x89T@\xa1h\x00\xa1o\xce\x01\x12\xa8\x80-----'
04262019 10:11:19 [INFO]: b'RX:B\x00'
04262019 10:11:19 [INFO]: b"TX:M\x15\x84\xa1p\xcd\x15\x19\xa1r\xcd\x15'\xa1e\xcd\x02\x05\xa1t\xcd\x02\xb0--"
04262019 10:11:19 [INFO]: b'RX:B\x00'
04262019 10:11:19 [INFO]: b'TX:M\x12\x83\xa1a\xce\x00\x89T@\xa1h\x00\xa1o\xce\x01\x12\xa8\x80-----'
04262019 10:11:20 [INFO]: b'RX:B\x00'
04262019 10:11:20 [INFO]: b"TX:M\x15\x84\xa1p\xcd\x15\x19\xa1r\xcd\x15'\xa1e\xcd\x02\x05\xa1t\xcd\x02\xb0--"
04262019 10:11:20 [INFO]: b'RX:B\x00'
04262019 10:11:20 [INFO]: b'TX:M\x12\x83\xa1a\xce\x00\x89T@\xa1h\x00\xa1o\xce\x01\x12\xa8\x80-----'
04262019 10:11:20 [INFO]: b"TX:M\x15\x84\xa1p\xcd\x15\x19\xa1r\xcd\x15'\xa1e\xcd\x02\x05\xa1t\xcd\x02\xb0--"
04262019 10:11:20 [INFO]: b'RX:B\x00'
04262019 10:11:21 [INFO]: b'TX:M\x12\x83\xa1a\xce\x00\x89T@\xa1h\x00\xa1o\xce\x01\x12\xa8\x80-----'
04262019 10:11:21 [INFO]: b'RX:B\x00'
04262019 10:11:21 [INFO]: b"TX:M\x15\x84\xa1p\xcd\x15\x19\xa1r\xcd\x15'\xa1e\xcd\x02\x05\xa1t\xcd\x02\xb0--"
04262019 10:11:21 [INFO]: b'RX:B\x00'
04262019 10:11:21 [ERROR]: Buffer overflow
04262019 10:11:21 [INFO]: b"TX:M\x15\x84\xa1p\xcd\x15\x19\xa1r\xcd\x15'\xa1e\xcd\x02\x05\xa1t\xcd\x02\xaf--"
04262019 10:11:21 [INFO]: b'RX:B\x00'
04262019 10:11:22 [INFO]: b'TX:M\x12\x83\xa1a\xce\x00\x89T@\xa1h\x00\xa1o\xce\x01\x12\xa8\x80-----'
04262019 10:11:22 [INFO]: b'RX:B\x00'
04262019 10:11:22 [INFO]: b'TX:M\x15\x84\xa1p\xcd\x15\x19\xa1r\xcd\x15(\xa1e\xcd\x02\x05\xa1t\xcd\x02\xb0--'
04262019 10:11:22 [INFO]: b'RX:B\x00'
04262019 10:11:22 [INFO]: b'TX:M\x12\x83\xa1a\xce\x00\x89T@\xa1h\x00\xa1o\xce\x01\x12\xa8\x80-----'
04262019 10:11:22 [INFO]: b'RX:B\x00'
04262019 10:11:22 [INFO]: b'TX:M\x15\x84\xa1p\xcd\x15\x19\xa1r\xcd\x15(\xa1e\xcd\x02\x05\xa1t\xcd\x02\xb0--'
04262019 10:11:23 [INFO]: b'RX:B\x00'
04262019 10:11:23 [INFO]: b'TX:M\x12\x83\xa1a\xce\x00\x89T@\xa1h\x00\xa1o\xce\x01\x12\xa8\x80-----'
04262019 10:11:23 [INFO]: b'RX:B\x00'
04262019 10:11:23 [INFO]: b'TX:M\x12\x83\xa1a\xce\x00\x89T@\xa1h\x00\xa1o\xce\x01\x12\xa8\x80-----'
04262019 10:11:23 [INFO]: b'RX:B\x00'
04262019 10:11:23 [INFO]: b"TX:M\x15\x84\xa1p\xcd\x15\x1a\xa1r\xcd\x15'\xa1e\xcd\x02\x05\xa1t\xcd\x02\xb0--"
04262019 10:11:24 [INFO]: b'RX:B\x00'
04262019 10:11:24 [INFO]: b'TX:M\x12\x83\xa1a\xce\x00\x89T@\xa1h\x00\xa1o\xce\x01\x12\xa8\x80-----'
04262019 10:11:24 [INFO]: b'RX:B\x00'
04262019 10:11:24 [INFO]: b"TX:M\x15\x84\xa1p\xcd\x15\x1a\xa1r\xcd\x15'\xa1e\xcd\x02\x05\xa1t\xcd\x02\xb0--"
04262019 10:11:24 [INFO]: b'RX:B\x00'
04262019 10:11:24 [INFO]: b'TX:M\x12\x83\xa1a\xce\x00\x89T@\xa1h\x00\xa1o\xce\x01\x12\xa8\x80-----'
04262019 10:11:24 [INFO]: b'RX:B\x00'
04262019 10:11:24 [ERROR]: Buffer overflow
04262019 10:11:25 [INFO]: b'TX:M\x12\x83\xa1a\xce\x00\x89T@\xa1h\x00\xa1o\xce\x01\x12\xa8\x80-----'
04262019 10:11:25 [INFO]: b'RX:B\x00'
04262019 10:11:25 [INFO]: b"TX:M\x15\x84\xa1p\xcd\x15\x1a\xa1r\xcd\x15'\xa1e\xcd\x02\x04\xa1t\xcd\x02\xb1--"
04262019 10:11:25 [INFO]: b'RX:B\x00'
04262019 10:11:25 [INFO]: b'TX:M\x12\x83\xa1a\xce\x00\x89T@\xa1h\x00\xa1o\xce\x01\x12\xa8\x80-----'
04262019 10:11:25 [INFO]: b'RX:B\x00'
04262019 10:11:25 [INFO]: b"TX:M\x15\x84\xa1p\xcd\x15\x1a\xa1r\xcd\x15'\xa1e\xcd\x02\x04\xa1t\xcd\x02\xb1--"
04262019 10:11:26 [INFO]: b'RX:B\x00'
04262019 10:11:26 [INFO]: b'TX:M\x12\x83\xa1a\xce\x00\x89T@\xa1h\x00\xa1o\xce\x01\x12\xa8\x80-----'
04262019 10:11:26 [INFO]: b'RX:B\x00'
04262019 10:11:26 [INFO]: b"TX:M\x15\x84\xa1p\xcd\x15\x19\xa1r\xcd\x15'\xa1e\xcd\x02\x04\xa1t\xcd\x02\xb1--"
04262019 10:11:26 [INFO]: b'RX:B\x00'
04262019 10:11:26 [INFO]: b'TX:M\x12\x83\xa1a\xce\x00\x89T@\xa1h\x00\xa1o\xce\x01\x12\xa8\x80-----'
04262019 10:11:26 [INFO]: b'RX:B\x00'
04262019 10:11:26 [INFO]: b"TX:M\x15\x84\xa1p\xcd\x15\x19\xa1r\xcd\x15'\xa1e\xcd\x02\x04\xa1t\xcd\x02\xb1--"
04262019 10:11:27 [INFO]: b'RX:B\x00'
04262019 10:11:27 [INFO]: b'TX:M\x12\x83\xa1a\xce\x00\x89T@\xa1h\x00\xa1o\xce\x01\x12\xa8\x80-----'
04262019 10:11:27 [INFO]: b'RX:B\x00'
04262019 10:11:27 [INFO]: b'TX:M\x12\x83\xa1a\xce\x00\x89T@\xa1h\x00\xa1o\xce\x01\x12\xa8\x80-----'
04262019 10:11:27 [INFO]: b'RX:B\x00'
04262019 10:11:27 [INFO]: b"TX:M\x15\x84\xa1p\xcd\x15\x19\xa1r\xcd\x15'\xa1e\xcd\x02\x04\xa1t\xcd\x02\xb1--"
04262019 10:11:28 [INFO]: b'RX:B\x00'
04262019 10:11:28 [INFO]: b'TX:M\x12\x83\xa1a\xce\x00\x89T@\xa1h\x00\xa1o\xce\x01\x12\xa8\x80-----'
04262019 10:11:28 [INFO]: b'RX:B\x00'
04262019 10:11:28 [ERROR]: Buffer overflow
04262019 10:11:28 [INFO]: b"TX:M\x15\x84\xa1p\xcd\x15\x19\xa1r\xcd\x15'\xa1e\xcd\x02\x04\xa1t\xcd\x02\xb1--"
04262019 10:11:28 [INFO]: b'RX:B\x00'
04262019 10:11:28 [INFO]: b'TX:M\x12\x83\xa1a\xce\x00\x89T@\xa1h\x00\xa1o\xce\x01\x12\xa8\x80-----'
04262019 10:11:28 [INFO]: b'RX:B\x00'
04262019 10:11:28 [INFO]: b'TX:M\x15\x84\xa1p\xcd\x15\x1a\xa1r\xcd\x15(\xa1e\xcd\x02\x04\xa1t\xcd\x02\xb1--'
04262019 10:11:29 [INFO]: b'RX:B\x00'
04262019 10:11:29 [INFO]: b'TX:M\x12\x83\xa1a\xce\x00\x89T@\xa1h\x00\xa1o\xce\x01\x12\xa8\x80-----'
04262019 10:11:29 [INFO]: b'RX:B\x00'
04262019 10:11:29 [INFO]: b"TX:M\x15\x84\xa1p\xcd\x15\x1a\xa1r\xcd\x15'\xa1e\xcd\x02\x04\xa1t\xcd\x02\xb1--"
04262019 10:11:29 [INFO]: b'RX:B\x00'
04262019 10:11:29 [INFO]: b'TX:M\x12\x83\xa1a\xce\x00\x89T@\xa1h\x00\xa1o\xce\x01\x12\xa8\x80-----'
04262019 10:11:30 [INFO]: b'RX:B\x00'
04262019 10:11:30 [INFO]: b"TX:M\x15\x84\xa1p\xcd\x15\x19\xa1r\xcd\x15'\xa1e\xcd\x02\x04\xa1t\xcd\x02\xb1--"
04262019 10:11:30 [INFO]: b'RX:B\x00'
04262019 10:11:30 [INFO]: b'TX:M\x12\x83\xa1a\xce\x00\x89T@\xa1h\x00\xa1o\xce\x01\x12\xa8\x80-----'
04262019 10:11:30 [INFO]: b'RX:B\x00'
04262019 10:11:30 [INFO]: b"TX:M\x15\x84\xa1p\xcd\x15\x1a\xa1r\xcd\x15'\xa1e\xcd\x02\x04\xa1t\xcd\x02\xb1--"
04262019 10:11:31 [INFO]: b'RX:B\x00'
04262019 10:11:31 [INFO]: b'TX:M\x12\x83\xa1a\xce\x00\x89T@\xa1h\x00\xa1o\xce\x01\x12\xa8\x80-----'
04262019 10:11:31 [INFO]: b'RX:B\x00'
04262019 10:11:31 [ERROR]: Buffer overflow
04262019 10:11:31 [INFO]: b'TX:M\x12\x83\xa1a\xce\x00\x89T@\xa1h\x00\xa1o\xce\x01\x12\xa8\x80-----'
04262019 10:11:31 [INFO]: b'RX:B\x00'
04262019 10:11:31 [INFO]: b"TX:M\x15\x84\xa1p\xcd\x15\x1a\xa1r\xcd\x15'\xa1e\xcd\x02\x04\xa1t\xcd\x02\xb2--"
04262019 10:11:31 [INFO]: b'RX:B\x00'
04262019 10:11:31 [INFO]: b'TX:M\x12\x83\xa1a\xce\x00\x89T@\xa1h\x00\xa1o\xce\x01\x12\xa8\x80-----'
04262019 10:11:32 [INFO]: b'RX:B\x00'
04262019 10:11:32 [INFO]: b"TX:M\x15\x84\xa1p\xcd\x15\x1a\xa1r\xcd\x15'\xa1e\xcd\x02\x04\xa1t\xcd\x02\xb2--"
04262019 10:11:32 [INFO]: b'RX:B\x00'
04262019 10:11:32 [INFO]: b'TX:M\x12\x83\xa1a\xce\x00\x89T@\xa1h\x00\xa1o\xce\x01\x12\xa8\x80-----'
04262019 10:11:32 [INFO]: b'RX:B\x00'
04262019 10:11:32 [INFO]: b'TX:M\x15\x84\xa1p\xcd\x15\x19\xa1r\xcd\x15(\xa1e\xcd\x02\x04\xa1t\xcd\x02\xb2--'
04262019 10:11:33 [INFO]: b'RX:B\x00'
04262019 10:11:33 [INFO]: b'TX:M\x12\x83\xa1a\xce\x00\x89T@\xa1h\x00\xa1o\xce\x01\x12\xa8\x80-----'
04262019 10:11:33 [INFO]: b'RX:B\x00'
04262019 10:11:33 [INFO]: b"TX:M\x15\x84\xa1p\xcd\x15\x19\xa1r\xcd\x15'\xa1e\xcd\x02\x04\xa1t\xcd\x02\xb2--"
04262019 10:11:33 [INFO]: b'RX:B\x00'
04262019 10:11:33 [INFO]: b'TX:M\x12\x83\xa1a\xce\x00\x89T@\xa1h\x00\xa1o\xce\x01\x12\xa8\x80-----'
04262019 10:11:33 [INFO]: b'RX:B\x00'
04262019 10:11:33 [INFO]: b"TX:M\x15\x84\xa1p\xcd\x15\x1a\xa1r\xcd\x15'\xa1e\xcd\x02\x04\xa1t\xcd\x02\xb2--"
04262019 10:11:34 [INFO]: b'RX:B\x00'
04262019 10:11:34 [INFO]: b'TX:M\x12\x83\xa1a\xce\x00\x89T@\xa1h\x00\xa1o\xce\x01\x12\xa8\x80-----'
04262019 10:11:34 [INFO]: b'RX:B\x00'
04262019 10:11:34 [INFO]: b'TX:M\x15\x84\xa1p\xcd\x15\x19\xa1r\xcd\x15(\xa1e\xcd\x02\x04\xa1t\xcd\x02\xb2--'
04262019 10:11:34 [INFO]: b'RX:B\x00'
04262019 10:11:34 [ERROR]: Buffer overflow
04262019 10:11:34 [INFO]: b'TX:M\x12\x83\xa1a\xce\x00\x89T@\xa1h\x00\xa1o\xce\x01\x12\xa8\x80-----'
04262019 10:11:35 [INFO]: b'RX:B\x00'
04262019 10:11:35 [INFO]: b"TX:M\x15\x84\xa1p\xcd\x15\x19\xa1r\xcd\x15'\xa1e\xcd\x02\x04\xa1t\xcd\x02\xb2--"
04262019 10:11:35 [INFO]: b'RX:B\x00'
04262019 10:11:35 [INFO]: b'TX:M\x12\x83\xa1a\xce\x00\x89T@\xa1h\x00\xa1o\xce\x01\x12\xa8\x80-----'
04262019 10:11:35 [INFO]: b'RX:B\x00'
04262019 10:11:35 [INFO]: b"TX:M\x15\x84\xa1p\xcd\x15\x19\xa1r\xcd\x15'\xa1e\xcd\x02\x04\xa1t\xcd\x02\xb2--"
04262019 10:11:36 [INFO]: b'RX:B\x00'
04262019 10:11:36 [INFO]: b'TX:M\x12\x83\xa1a\xce\x00\x89T@\xa1h\x00\xa1o\xce\x01\x12\xa8\x80-----'
04262019 10:11:36 [INFO]: b'RX:B\x00'
04262019 10:11:36 [INFO]: b"TX:M\x15\x84\xa1p\xcd\x15\x19\xa1r\xcd\x15'\xa1e\xcd\x02\x04\xa1t\xcd\x02\xb2--"
04262019 10:11:36 [INFO]: b'RX:B\x00'
04262019 10:11:36 [INFO]: b'TX:M\x12\x83\xa1a\xce\x00\x89T@\xa1h\x00\xa1o\xce\x01\x12\xa8\x80-----'
04262019 10:11:37 [INFO]: b'RX:B\x00'
04262019 10:11:37 [INFO]: b"TX:M\x15\x84\xa1p\xcd\x15\x19\xa1r\xcd\x15'\xa1e\xcd\x02\x04\xa1t\xcd\x02\xb2--"
04262019 10:11:37 [INFO]: b'RX:B\x00'
04262019 10:11:37 [INFO]: b'TX:M\x12\x83\xa1a\xce\x00\x89T@\xa1h\x00\xa1o\xce\x01\x12\xa8\x80-----'
04262019 10:11:37 [INFO]: b'RX:B\x00'
04262019 10:11:37 [INFO]: b"TX:M\x15\x84\xa1p\xcd\x15\x19\xa1r\xcd\x15'\xa1e\xcd\x02\x04\xa1t\xcd\x02\xb2--"
04262019 10:11:37 [INFO]: b'RX:B\x00'
04262019 10:11:37 [ERROR]: Buffer overflow
04262019 10:11:37 [INFO]: b'TX:M\x12\x83\xa1a\xce\x00\x89T@\xa1h\x00\xa1o\xce\x01\x12\xa8\x80-----'
04262019 10:11:38 [INFO]: b'RX:B\x00'
04262019 10:11:38 [INFO]: b'TX:M\x15\x84\xa1p\xcd\x15\x19\xa1r\xcd\x15(\xa1e\xcd\x02\x04\xa1t\xcd\x02\xb3--'
04262019 10:11:38 [INFO]: b'RX:B\x00'
04262019 10:11:38 [INFO]: b'TX:M\x12\x83\xa1a\xce\x00\x89T@\xa1h\x00\xa1o\xce\x01\x12\xa8\x80-----'
04262019 10:11:38 [INFO]: b'RX:B\x00'
04262019 10:11:38 [INFO]: b"TX:M\x15\x84\xa1p\xcd\x15\x19\xa1r\xcd\x15'\xa1e\xcd\x02\x04\xa1t\xcd\x02\xb3--"
04262019 10:11:39 [INFO]: b'RX:B\x00'
04262019 10:11:39 [INFO]: b'TX:M\x12\x83\xa1a\xce\x00\x89T@\xa1h\x00\xa1o\xce\x01\x12\xa8\x80-----'
04262019 10:11:39 [INFO]: b'RX:B\x00'
04262019 10:11:39 [INFO]: b'TX:M\x12\x83\xa1a\xce\x00\x89T@\xa1h\x00\xa1o\xce\x01\x12\xa8\x80-----'
04262019 10:11:39 [INFO]: b'RX:B\x00'
04262019 10:11:39 [INFO]: b"TX:M\x15\x84\xa1p\xcd\x15\x19\xa1r\xcd\x15'\xa1e\xcd\x02\x04\xa1t\xcd\x02\xb3--"
04262019 10:11:39 [INFO]: b'RX:B\x00'
04262019 10:11:39 [INFO]: b'TX:M\x12\x83\xa1a\xce\x00\x89T@\xa1h\x00\xa1o\xce\x01\x12\xa8\x80-----'
04262019 10:11:40 [INFO]: b'RX:B\x00'
04262019 10:11:40 [INFO]: b"TX:M\x15\x84\xa1p\xcd\x15\x19\xa1r\xcd\x15'\xa1e\xcd\x02\x04\xa1t\xcd\x02\xb3--"
04262019 10:11:40 [INFO]: b'RX:B\x00'
04262019 10:11:40 [INFO]: b'TX:M\x12\x83\xa1a\xce\x00\x89T@\xa1h\x00\xa1o\xce\x01\x12\xa8\x80-----'
04262019 10:11:40 [INFO]: b'RX:B\x00'
04262019 10:11:40 [INFO]: b"TX:M\x15\x84\xa1p\xcd\x15\x19\xa1r\xcd\x15'\xa1e\xcd\x02\x04\xa1t\xcd\x02\xb3--"
04262019 10:11:41 [INFO]: b'RX:B\x00'
04262019 10:11:41 [ERROR]: Buffer overflow
04262019 10:11:41 [INFO]: b"TX:M\x15\x84\xa1p\xcd\x15\x19\xa1r\xcd\x15'\xa1e\xcd\x02\x04\xa1t\xcd\x02\xb3--"
04262019 10:11:41 [INFO]: b'RX:B\x00'
04262019 10:11:41 [INFO]: b'TX:M\x12\x83\xa1a\xce\x00\x89T@\xa1h\x00\xa1o\xce\x01\x12\xa8\x80-----'
04262019 10:11:41 [INFO]: b'RX:B\x00'
04262019 10:11:41 [INFO]: b"TX:M\x15\x84\xa1p\xcd\x15\x19\xa1r\xcd\x15'\xa1e\xcd\x02\x04\xa1t\xcd\x02\xb3--"
04262019 10:11:42 [INFO]: b'RX:B\x00'
04262019 10:11:42 [INFO]: b'TX:M\x12\x83\xa1a\xce\x00\x89T@\xa1h\x00\xa1o\xce\x01\x12\xa8\x80-----'
04262019 10:11:42 [INFO]: b'RX:B\x00'
04262019 10:11:42 [INFO]: b'TX:M\x12\x83\xa1a\xce\x00\x89T@\xa1h\x00\xa1o\xce\x01\x12\xa8\x80-----'
04262019 10:11:42 [INFO]: b'RX:B\x00'
04262019 10:11:42 [INFO]: b"TX:M\x15\x84\xa1p\xcd\x15\x1a\xa1r\xcd\x15'\xa1e\xcd\x02\x04\xa1t\xcd\x02\xb3--"
04262019 10:11:42 [INFO]: b'TX:M\x12\x83\xa1a\xce\x00\x89T@\xa1h\x00\xa1o\xce\x01\x12\xa8\x80-----'
04262019 10:11:43 [INFO]: b'RX:B\x00'
04262019 10:11:43 [INFO]: b"TX:M\x15\x84\xa1p\xcd\x15\x19\xa1r\xcd\x15'\xa1e\xcd\x02\x04\xa1t\xcd\x02\xb3--"
04262019 10:11:43 [INFO]: b'RX:B\x00'
04262019 10:11:43 [INFO]: b'TX:M\x12\x83\xa1a\xce\x00\x89T@\xa1h\x00\xa1o\xce\x01\x12\xa8\x80-----'
04262019 10:11:43 [INFO]: b'RX:B\x00'
04262019 10:11:43 [INFO]: b"TX:M\x15\x84\xa1p\xcd\x15\x19\xa1r\xcd\x15'\xa1e\xcd\x02\x04\xa1t\xcd\x02\xb3--"
04262019 10:11:44 [INFO]: b'RX:B\x00'
04262019 10:11:44 [INFO]: b'TX:M\x12\x83\xa1a\xce\x00\x89T@\xa1h\x00\xa1o\xce\x01\x12\xa8\x80-----'
04262019 10:11:44 [INFO]: b'RX:B\x00'
04262019 10:11:44 [INFO]: b'TX:M\x15\x84\xa1p\xcd\x15\x1a\xa1r\xcd\x15(\xa1e\xcd\x02\x04\xa1t\xcd\x02\xb3--'
04262019 10:11:44 [INFO]: b'RX:B\x00'
04262019 10:11:44 [ERROR]: Buffer overflow
04262019 10:11:44 [INFO]: b"TX:M\x15\x84\xa1p\xcd\x15\x19\xa1r\xcd\x15'\xa1e\xcd\x02\x04\xa1t\xcd\x02\xb3--"
04262019 10:11:44 [INFO]: b'RX:B\x00'
04262019 10:11:44 [INFO]: b'TX:M\x12\x83\xa1a\xce\x00\x89T@\xa1h\x00\xa1o\xce\x01\x12\xa8\x80-----'
04262019 10:11:45 [INFO]: b'RX:B\x00'
04262019 10:11:45 [INFO]: b"TX:M\x15\x84\xa1p\xcd\x15\x19\xa1r\xcd\x15'\xa1e\xcd\x02\x04\xa1t\xcd\x02\xb3--"
04262019 10:11:45 [INFO]: b'RX:B\x00'
04262019 10:11:45 [INFO]: b'TX:M\x12\x83\xa1a\xce\x00\x89T@\xa1h\x00\xa1o\xce\x01\x12\xa8\x80-----'
04262019 10:11:45 [INFO]: b'RX:B\x00'
04262019 10:11:45 [INFO]: b"TX:M\x15\x84\xa1p\xcd\x15\x1a\xa1r\xcd\x15'\xa1e\xcd\x02\x04\xa1t\xcd\x02\xb4--"
04262019 10:11:45 [INFO]: b'RX:B\x00'
04262019 10:11:46 [INFO]: b'TX:M\x12\x83\xa1a\xce\x00\x89T@\xa1h\x00\xa1o\xce\x01\x12\xa8\x80-----'
04262019 10:11:46 [INFO]: b'RX:B\x00'
04262019 10:11:46 [INFO]: b'TX:M\x12\x83\xa1a\xce\x00\x89T@\xa1h\x00\xa1o\xce\x01\x12\xa8\x80-----'
04262019 10:11:46 [INFO]: b'RX:B\x00'
04262019 10:11:46 [INFO]: b"TX:M\x15\x84\xa1p\xcd\x15\x1a\xa1r\xcd\x15'\xa1e\xcd\x02\x04\xa1t\xcd\x02\xb4--"
04262019 10:11:46 [INFO]: b'RX:B\x00'
04262019 10:11:46 [INFO]: b'TX:M\x12\x83\xa1a\xce\x00\x89T@\xa1h\x00\xa1o\xce\x01\x12\xa8\x80-----'
04262019 10:11:47 [INFO]: b'RX:B\x00'
04262019 10:11:47 [INFO]: b'TX:M\x15\x84\xa1p\xcd\x15\x1a\xa1r\xcd\x15(\xa1e\xcd\x02\x04\xa1t\xcd\x02\xb4--'
04262019 10:11:47 [INFO]: b'RX:B\x00'
04262019 10:11:47 [INFO]: b'TX:M\x12\x83\xa1a\xce\x00\x89T@\xa1h\x00\xa1o\xce\x01\x12\xa8\x80-----'
04262019 10:11:47 [INFO]: b'RX:B\x00'
04262019 10:11:47 [INFO]: b'TX:M\x15\x84\xa1p\xcd\x15\x1a\xa1r\xcd\x15(\xa1e\xcd\x02\x04\xa1t\xcd\x02\xb4--'
04262019 10:11:48 [INFO]: b'RX:B\x00'
04262019 10:11:48 [ERROR]: Buffer overflow
04262019 10:11:48 [INFO]: b"TX:M\x15\x84\xa1p\xcd\x15\x1a\xa1r\xcd\x15'\xa1e\xcd\x02\x04\xa1t\xcd\x02\xb4--"
04262019 10:11:48 [INFO]: b'RX:B\x00'
04262019 10:11:48 [INFO]: b'TX:M\x12\x83\xa1a\xce\x00\x89T@\xa1h\x00\xa1o\xce\x01\x12\xa8\x80-----'
04262019 10:11:48 [INFO]: b'RX:B\x00'
04262019 10:11:48 [INFO]: b"TX:M\x15\x84\xa1p\xcd\x15\x1a\xa1r\xcd\x15'\xa1e\xcd\x02\x04\xa1t\xcd\x02\xb4--"
04262019 10:11:49 [INFO]: b'RX:B\x00'
04262019 10:11:49 [INFO]: b'TX:M\x12\x83\xa1a\xce\x00\x89T@\xa1h\x00\xa1o\xce\x01\x12\xa8\x80-----'
04262019 10:11:49 [INFO]: b'RX:B\x00'
04262019 10:11:49 [INFO]: b"TX:M\x15\x84\xa1p\xcd\x15\x19\xa1r\xcd\x15'\xa1e\xcd\x02\x04\xa1t\xcd\x02\xb4--"
04262019 10:11:49 [INFO]: b'RX:B\x00'
04262019 10:11:49 [INFO]: b'TX:M\x12\x83\xa1a\xce\x00\x89T@\xa1h\x00\xa1o\xce\x01\x12\xa8\x80-----'
04262019 10:11:49 [INFO]: b'RX:B\x00'
04262019 10:11:49 [INFO]: b"TX:M\x15\x84\xa1p\xcd\x15\x19\xa1r\xcd\x15'\xa1e\xcd\x02\x04\xa1t\xcd\x02\xb4--"
04262019 10:11:50 [INFO]: b'RX:B\x00'
04262019 10:11:50 [INFO]: b'TX:M\x12\x83\xa1a\xce\x00\x89T@\xa1h\x00\xa1o\xce\x01\x12\xa8\x80-----'
04262019 10:11:50 [INFO]: b'RX:B\x00'
04262019 10:11:50 [INFO]: b"TX:M\x15\x84\xa1p\xcd\x15\x19\xa1r\xcd\x15'\xa1e\xcd\x02\x04\xa1t\xcd\x02\xb4--"
04262019 10:11:50 [INFO]: b'RX:B\x00'
04262019 10:11:50 [INFO]: b'TX:M\x12\x83\xa1a\xce\x00\x89T@\xa1h\x00\xa1o\xce\x01\x12\xa8\x80-----'
04262019 10:11:51 [INFO]: b'RX:B\x00'
04262019 10:11:51 [ERROR]: Buffer overflow
04262019 10:11:51 [INFO]: b'TX:M\x12\x83\xa1a\xce\x00\x89T@\xa1h\x00\xa1o\xce\x01\x12\xa8\x80-----'
04262019 10:11:51 [INFO]: b'RX:B\x00'
04262019 10:11:51 [INFO]: b"TX:M\x15\x84\xa1p\xcd\x15\x1a\xa1r\xcd\x15'\xa1e\xcd\x02\x04\xa1t\xcd\x02\xb5--"
04262019 10:11:51 [INFO]: b'RX:B\x00'
04262019 10:11:51 [INFO]: b'TX:M\x12\x83\xa1a\xce\x00\x89T@\xa1h\x00\xa1o\xce\x01\x12\xa8\x80-----'
04262019 10:11:52 [INFO]: b'RX:B\x00'
04262019 10:11:52 [INFO]: b"TX:M\x15\x84\xa1p\xcd\x15\x1a\xa1r\xcd\x15'\xa1e\xcd\x02\x04\xa1t\xcd\x02\xb5--"
04262019 10:11:52 [INFO]: b'RX:B\x00'
04262019 10:11:52 [INFO]: b"TX:M\x15\x84\xa1p\xcd\x15\x19\xa1r\xcd\x15'\xa1e\xcd\x02\x04\xa1t\xcd\x02\xb5--"
04262019 10:11:52 [INFO]: b'RX:B\x00'
04262019 10:11:52 [INFO]: b'TX:M\x12\x83\xa1a\xce\x00\x89T@\xa1h\x00\xa1o\xce\x01\x12\xa8\x80-----'
04262019 10:11:52 [INFO]: b'RX:B\x00'
04262019 10:11:52 [INFO]: b"TX:M\x15\x84\xa1p\xcd\x15\x19\xa1r\xcd\x15'\xa1e\xcd\x02\x04\xa1t\xcd\x02\xb5--"
04262019 10:11:53 [INFO]: b'RX:B\x00'
04262019 10:11:53 [INFO]: b'TX:M\x12\x83\xa1a\xce\x00\x89T@\xa1h\x00\xa1o\xce\x01\x12\xa8\x80-----'
04262019 10:11:53 [INFO]: b'RX:B\x00'
04262019 10:11:53 [INFO]: b"TX:M\x15\x84\xa1p\xcd\x15\x19\xa1r\xcd\x15'\xa1e\xcd\x02\x04\xa1t\xcd\x02\xb5--"
04262019 10:11:53 [INFO]: b'RX:B\x00'
04262019 10:11:53 [INFO]: b'TX:M\x12\x83\xa1a\xce\x00\x89T@\xa1h\x00\xa1o\xce\x01\x12\xa8\x80-----'
04262019 10:11:54 [INFO]: b'RX:B\x00'
04262019 10:11:54 [INFO]: b'TX:M\x15\x84\xa1p\xcd\x15\x18\xa1r\xcd\x15(\xa1e\xcd\x02\x04\xa1t\xcd\x02\xb5--'
04262019 10:11:54 [INFO]: b'RX:B\x00'
04262019 10:11:54 [INFO]: b'TX:M\x12\x83\xa1a\xce\x00\x89T@\xa1h\x00\xa1o\xce\x01\x12\xa8\x80-----'
04262019 10:11:54 [INFO]: b'RX:B\x00'
04262019 10:11:54 [ERROR]: Buffer overflow
04262019 10:11:54 [INFO]: b'TX:M\x12\x83\xa1a\xce\x00\x89T@\xa1h\x00\xa1o\xce\x01\x12\xa8\x80-----'
04262019 10:11:54 [INFO]: b'RX:B\x00'
04262019 10:11:54 [INFO]: b"TX:M\x15\x84\xa1p\xcd\x15\x19\xa1r\xcd\x15'\xa1e\xcd\x02\x04\xa1t\xcd\x02\xb5--"
04262019 10:11:55 [INFO]: b'RX:B\x00'
04262019 10:11:55 [INFO]: b'TX:M\x12\x83\xa1a\xce\x00\x89T@\xa1h\x00\xa1o\xce\x01\x12\xa8\x80-----'
04262019 10:11:55 [INFO]: b'RX:B\x00'
04262019 10:11:55 [INFO]: b"TX:M\x15\x84\xa1p\xcd\x15\x19\xa1r\xcd\x15'\xa1e\xcd\x02\x04\xa1t\xcd\x02\xb5--"
04262019 10:11:55 [INFO]: b'RX:B\x00'
04262019 10:11:55 [INFO]: b'TX:M\x12\x83\xa1a\xce\x00\x89T@\xa1h\x00\xa1o\xce\x01\x12\xa8\x80-----'
04262019 10:11:56 [INFO]: b'RX:B\x00'
04262019 10:11:56 [INFO]: b"TX:M\x15\x84\xa1p\xcd\x15\x19\xa1r\xcd\x15'\xa1e\xcd\x02\x04\xa1t\xcd\x02\xb5--"
04262019 10:11:56 [INFO]: b'RX:B\x00'
04262019 10:11:56 [INFO]: b'TX:M\x12\x83\xa1a\xce\x00\x89T@\xa1h\x00\xa1o\xce\x01\x12\xa8\x80-----'
04262019 10:11:56 [INFO]: b'RX:B\x00'
04262019 10:11:56 [INFO]: b"TX:M\x15\x84\xa1p\xcd\x15\x19\xa1r\xcd\x15'\xa1e\xcd\x02\x04\xa1t\xcd\x02\xb5--"
04262019 10:11:56 [INFO]: b'RX:B\x00'
04262019 10:11:56 [INFO]: b'TX:M\x12\x83\xa1a\xce\x00\x89T@\xa1h\x00\xa1o\xce\x01\x12\xa8\x80-----'
04262019 10:11:57 [INFO]: b'RX:B\x00'
04262019 10:11:57 [INFO]: b'TX:M\x15\x84\xa1p\xcd\x15\x19\xa1r\xcd\x15(\xa1e\xcd\x02\x04\xa1t\xcd\x02\xb5--'
04262019 10:11:57 [INFO]: b'RX:B\x00'
04262019 10:11:57 [INFO]: b'TX:M\x12\x83\xa1a\xce\x00\x89T@\xa1h\x00\xa1o\xce\x01\x12\xa8\x80-----'
04262019 10:11:57 [INFO]: b'RX:B\x00'
04262019 10:11:57 [INFO]: b'TX:M\x15\x84\xa1p\xcd\x15\x19\xa1r\xcd\x15(\xa1e\xcd\x02\x04\xa1t\xcd\x02\xb5--'
04262019 10:11:58 [INFO]: b'RX:B\x00'
04262019 10:11:58 [ERROR]: Buffer overflow
04262019 10:11:58 [INFO]: b'TX:M\x12\x83\xa1a\xce\x00\x89T@\xa1h\x00\xa1o\xce\x01\x12\xa8\x80-----'
04262019 10:11:58 [INFO]: b'RX:B\x00'
04262019 10:11:58 [INFO]: b"TX:M\x15\x84\xa1p\xcd\x15\x18\xa1r\xcd\x15'\xa1e\xcd\x02\x04\xa1t\xcd\x02\xb5--"
04262019 10:11:58 [INFO]: b'RX:B\x00'
04262019 10:11:58 [INFO]: b'TX:M\x12\x83\xa1a\xce\x00\x89T@\xa1h\x00\xa1o\xce\x01\x12\xa8\x80-----'
04262019 10:11:58 [INFO]: b'RX:B\x00'
04262019 10:11:58 [INFO]: b"TX:M\x15\x84\xa1p\xcd\x15\x18\xa1r\xcd\x15'\xa1e\xcd\x02\x04\xa1t\xcd\x02\xb5--"
04262019 10:11:59 [INFO]: b'RX:B\x00'
04262019 10:11:59 [INFO]: b'TX:M\x12\x83\xa1a\xce\x00\x89T@\xa1h\x00\xa1o\xce\x01\x12\xa8\x80-----'
04262019 10:11:59 [INFO]: b'RX:B\x00'
04262019 10:11:59 [INFO]: b"TX:M\x15\x84\xa1p\xcd\x15\x19\xa1r\xcd\x15'\xa1e\xcd\x02\x04\xa1t\xcd\x02\xb6--"
04262019 10:11:59 [INFO]: b'RX:B\x00'
04262019 10:11:59 [INFO]: b'TX:M\x12\x83\xa1a\xce\x00\x89T@\xa1h\x00\xa1o\xce\x01\x12\xa8\x80-----'
04262019 10:12:00 [INFO]: b'RX:B\x00'
04262019 10:12:00 [INFO]: b"TX:M\x15\x84\xa1p\xcd\x15\x19\xa1r\xcd\x15'\xa1e\xcd\x02\x03\xa1t\xcd\x02\xb6--"
04262019 10:12:00 [INFO]: b'RX:B\x00'
04262019 10:12:00 [INFO]: b'TX:M\x12\x83\xa1a\xce\x00\x89T@\xa1h\x00\xa1o\xce\x01\x12\xa8\x80-----'
04262019 10:12:00 [INFO]: b'RX:B\x00'
04262019 10:12:00 [INFO]: b"TX:M\x15\x84\xa1p\xcd\x15\x1a\xa1r\xcd\x15'\xa1e\xcd\x02\x03\xa1t\xcd\x02\xb6--"
04262019 10:12:01 [INFO]: b'RX:B\x00'
04262019 10:12:01 [ERROR]: Buffer overflow
04262019 10:12:01 [INFO]: b'TX:M\x12\x83\xa1a\xce\x00\x89T@\xa1h\x00\xa1o\xce\x01\x12\xa8\x80-----'
04262019 10:12:01 [INFO]: b'RX:B\x00'
04262019 10:12:01 [INFO]: b"TX:M\x15\x84\xa1p\xcd\x15\x19\xa1r\xcd\x15'\xa1e\xcd\x02\x03\xa1t\xcd\x02\xb6--"
04262019 10:12:01 [INFO]: b'RX:B\x00'
04262019 10:12:01 [INFO]: b'TX:M\x12\x83\xa1a\xce\x00\x89T@\xa1h\x00\xa1o\xce\x01\x12\xa8\x80-----'
04262019 10:12:01 [INFO]: b'RX:B\x00'
04262019 10:12:01 [INFO]: b"TX:M\x15\x84\xa1p\xcd\x15\x19\xa1r\xcd\x15'\xa1e\xcd\x02\x03\xa1t\xcd\x02\xb6--"
04262019 10:12:02 [INFO]: b'RX:B\x00'
04262019 10:12:02 [INFO]: b'TX:M\x12\x83\xa1a\xce\x00\x89T@\xa1h\x00\xa1o\xce\x01\x12\xa8\x80-----'
04262019 10:12:02 [INFO]: b'RX:B\x00'
04262019 10:12:02 [INFO]: b'TX:M\x15\x84\xa1p\xcd\x15\x19\xa1r\xcd\x15(\xa1e\xcd\x02\x03\xa1t\xcd\x02\xb6--'
04262019 10:12:02 [INFO]: b'RX:B\x00'
04262019 10:12:02 [INFO]: b'TX:M\x12\x83\xa1a\xce\x00\x89T@\xa1h\x00\xa1o\xce\x01\x12\xa8\x80-----'
04262019 10:12:03 [INFO]: b'RX:B\x00'
04262019 10:12:03 [INFO]: b"TX:M\x15\x84\xa1p\xcd\x15\x19\xa1r\xcd\x15'\xa1e\xcd\x02\x03\xa1t\xcd\x02\xb6--"
04262019 10:12:03 [INFO]: b'RX:B\x00'
04262019 10:12:03 [INFO]: b'TX:M\x12\x83\xa1a\xce\x00\x89T@\xa1h\x00\xa1o\xce\x01\x12\xa8\x80-----'
04262019 10:12:03 [INFO]: b'RX:B\x00'
04262019 10:12:03 [INFO]: b"TX:M\x15\x84\xa1p\xcd\x15\x18\xa1r\xcd\x15'\xa1e\xcd\x02\x03\xa1t\xcd\x02\xb6--"
04262019 10:12:04 [INFO]: b'RX:B\x00'
04262019 10:12:04 [ERROR]: Buffer overflow
04262019 10:12:04 [INFO]: b'TX:M\x12\x83\xa1a\xce\x00\x89T@\xa1h\x00\xa1o\xce\x01\x12\xa8\x80-----'
04262019 10:12:04 [INFO]: b'RX:B\x00'
04262019 10:12:04 [INFO]: b"TX:M\x15\x84\xa1p\xcd\x15\x19\xa1r\xcd\x15'\xa1e\xcd\x02\x03\xa1t\xcd\x02\xb7--"
04262019 10:12:04 [INFO]: b'RX:B\x00'
04262019 10:12:04 [INFO]: b'TX:M\x12\x83\xa1a\xce\x00\x89T@\xa1h\x00\xa1o\xce\x01\x12\xa8\x80-----'
04262019 10:12:04 [INFO]: b'RX:B\x00'
04262019 10:12:05 [INFO]: b"TX:M\x15\x84\xa1p\xcd\x15\x19\xa1r\xcd\x15'\xa1e\xcd\x02\x03\xa1t\xcd\x02\xb7--"
04262019 10:12:05 [INFO]: b'RX:B\x00'
04262019 10:12:05 [INFO]: b'TX:M\x12\x83\xa1a\xce\x00\x89T@\xa1h\x00\xa1o\xce\x01\x12\xa8\x80-----'
04262019 10:12:05 [INFO]: b'RX:B\x00'
04262019 10:12:05 [INFO]: b"TX:M\x15\x84\xa1p\xcd\x15\x19\xa1r\xcd\x15'\xa1e\xcd\x02\x03\xa1t\xcd\x02\xb7--"
04262019 10:12:05 [INFO]: b'RX:B\x00'
04262019 10:12:05 [INFO]: b'TX:M\x12\x83\xa1a\xce\x00\x89T@\xa1h\x00\xa1o\xce\x01\x12\xa8\x80-----'
04262019 10:12:06 [INFO]: b'RX:B\x00'
04262019 10:12:06 [INFO]: b"TX:M\x15\x84\xa1p\xcd\x15\x19\xa1r\xcd\x15'\xa1e\xcd\x02\x03\xa1t\xcd\x02\xb7--"
04262019 10:12:06 [INFO]: b'RX:B\x00'
04262019 10:12:06 [INFO]: b'TX:M\x12\x83\xa1a\xce\x00\x89T@\xa1h\x00\xa1o\xce\x01\x12\xa8\x80-----'
04262019 10:12:06 [INFO]: b'RX:B\x00'
04262019 10:12:06 [INFO]: b"TX:M\x15\x84\xa1p\xcd\x15\x19\xa1r\xcd\x15'\xa1e\xcd\x02\x03\xa1t\xcd\x02\xb7--"
04262019 10:12:06 [INFO]: b'RX:B\x00'
04262019 10:12:07 [INFO]: b'TX:M\x12\x83\xa1a\xce\x00\x89T@\xa1h\x00\xa1o\xce\x01\x12\xa8\x80-----'
04262019 10:12:07 [INFO]: b'RX:B\x00'
04262019 10:12:07 [INFO]: b'TX:M\x15\x84\xa1p\xcd\x15\x19\xa1r\xcd\x15(\xa1e\xcd\x02\x03\xa1t\xcd\x02\xb7--'
04262019 10:12:07 [INFO]: b'RX:B\x00'
04262019 10:12:07 [ERROR]: Buffer overflow
04262019 10:12:07 [INFO]: b'TX:M\x12\x83\xa1a\xce\x00\x89T@\xa1h\x00\xa1o\xce\x01\x12\xa8\x80-----'
04262019 10:12:07 [INFO]: b'RX:B\x00'
04262019 10:12:07 [INFO]: b"TX:M\x15\x84\xa1p\xcd\x15\x19\xa1r\xcd\x15'\xa1e\xcd\x02\x03\xa1t\xcd\x02\xb7--"
04262019 10:12:08 [INFO]: b'RX:B\x00'
04262019 10:12:08 [INFO]: b'TX:M\x12\x83\xa1a\xce\x00\x89T@\xa1h\x00\xa1o\xce\x01\x12\xa8\x80-----'
04262019 10:12:08 [INFO]: b'RX:B\x00'
04262019 10:12:08 [INFO]: b"TX:M\x15\x84\xa1p\xcd\x15\x19\xa1r\xcd\x15'\xa1e\xcd\x02\x03\xa1t\xcd\x02\xb7--"
04262019 10:12:08 [INFO]: b'RX:B\x00'
04262019 10:12:08 [INFO]: b'TX:M\x12\x83\xa1a\xce\x00\x89T@\xa1h\x00\xa1o\xce\x01\x12\xa8\x80-----'
04262019 10:12:08 [INFO]: b'RX:B\x00'
04262019 10:12:09 [INFO]: b"TX:M\x15\x84\xa1p\xcd\x15\x18\xa1r\xcd\x15'\xa1e\xcd\x02\x03\xa1t\xcd\x02\xb7--"
04262019 10:12:09 [INFO]: b'RX:B\x00'
04262019 10:12:09 [INFO]: b'TX:M\x12\x83\xa1a\xce\x00\x89T@\xa1h\x00\xa1o\xce\x01\x12\xa8\x80-----'
04262019 10:12:09 [INFO]: b'RX:B\x00'
04262019 10:12:09 [INFO]: b"TX:M\x15\x84\xa1p\xcd\x15\x19\xa1r\xcd\x15'\xa1e\xcd\x02\x03\xa1t\xcd\x02\xb7--"
04262019 10:12:09 [INFO]: b'RX:B\x00'
04262019 10:12:09 [INFO]: b"TX:M\x15\x84\xa1p\xcd\x15\x19\xa1r\xcd\x15'\xa1e\xcd\x02\x03\xa1t\xcd\x02\xb7--"
04262019 10:12:10 [INFO]: b'RX:B\x00'
04262019 10:12:10 [INFO]: b'TX:M\x12\x83\xa1a\xce\x00\x89T@\xa1h\x00\xa1o\xce\x01\x12\xa8\x80-----'
04262019 10:12:10 [INFO]: b'RX:B\x00'
04262019 10:12:10 [INFO]: b"TX:M\x15\x84\xa1p\xcd\x15\x19\xa1r\xcd\x15'\xa1e\xcd\x02\x03\xa1t\xcd\x02\xb7--"
04262019 10:12:10 [INFO]: b'RX:B\x00'
04262019 10:12:10 [INFO]: b'TX:M\x12\x83\xa1a\xce\x00\x89T@\xa1h\x00\xa1o\xce\x01\x12\xa8\x80-----'
04262019 10:12:10 [INFO]: b'RX:B\x00'
04262019 10:12:11 [ERROR]: Buffer overflow
04262019 10:12:11 [INFO]: b'TX:M\x12\x83\xa1a\xce\x00\x89T@\xa1h\x00\xa1o\xce\x01\x12\xa8\x80-----'
04262019 10:12:11 [INFO]: b'RX:B\x00'
04262019 10:12:11 [INFO]: b"TX:M\x15\x84\xa1p\xcd\x15\x19\xa1r\xcd\x15'\xa1e\xcd\x02\x03\xa1t\xcd\x02\xb7--"
04262019 10:12:11 [INFO]: b'RX:B\x00'
04262019 10:12:11 [INFO]: b'TX:M\x12\x83\xa1a\xce\x00\x89T@\xa1h\x00\xa1o\xce\x01\x12\xa8\x80-----'
04262019 10:12:11 [INFO]: b'RX:B\x00'
04262019 10:12:11 [INFO]: b"TX:M\x15\x84\xa1p\xcd\x15\x19\xa1r\xcd\x15'\xa1e\xcd\x02\x03\xa1t\xcd\x02\xb7--"
04262019 10:12:12 [INFO]: b'RX:B\x00'
04262019 10:12:12 [INFO]: b'TX:M\x12\x83\xa1a\xce\x00\x89T@\xa1h\x00\xa1o\xce\x01\x12\xa8\x80-----'
04262019 10:12:12 [INFO]: b'RX:B\x00'
04262019 10:12:12 [INFO]: b"TX:M\x15\x84\xa1p\xcd\x15\x19\xa1r\xcd\x15'\xa1e\xcd\x02\x03\xa1t\xcd\x02\xb8--"
04262019 10:12:12 [INFO]: b'RX:B\x00'
04262019 10:12:12 [INFO]: b'TX:M\x12\x83\xa1a\xce\x00\x89T@\xa1h\x00\xa1o\xce\x01\x12\xa8\x80-----'
04262019 10:12:12 [INFO]: b'RX:B\x00'
04262019 10:12:13 [INFO]: b"TX:M\x15\x84\xa1p\xcd\x15\x19\xa1r\xcd\x15'\xa1e\xcd\x02\x03\xa1t\xcd\x02\xb8--"
04262019 10:12:13 [INFO]: b'RX:B\x00'
04262019 10:12:13 [INFO]: b'TX:M\x12\x83\xa1a\xce\x00\x89T@\xa1h\x00\xa1o\xce\x01\x12\xa8\x80-----'
04262019 10:12:13 [INFO]: b'RX:B\x00'
04262019 10:12:13 [INFO]: b"TX:M\x15\x84\xa1p\xcd\x15\x19\xa1r\xcd\x15'\xa1e\xcd\x02\x03\xa1t\xcd\x02\xb8--"
04262019 10:12:13 [INFO]: b'RX:B\x00'
04262019 10:12:13 [INFO]: b'TX:M\x12\x83\xa1a\xce\x00\x89T@\xa1h\x00\xa1o\xce\x01\x12\xa8\x80-----'
04262019 10:12:14 [INFO]: b'RX:B\x00'
04262019 10:12:14 [INFO]: b"TX:M\x15\x84\xa1p\xcd\x15\x19\xa1r\xcd\x15'\xa1e\xcd\x02\x03\xa1t\xcd\x02\xb8--"
04262019 10:12:14 [INFO]: b'RX:B\x00'
04262019 10:12:14 [ERROR]: Buffer overflow
04262019 10:12:14 [INFO]: b'TX:M\x12\x83\xa1a\xce\x00\x89T@\xa1h\x00\xa1o\xce\x01\x12\xa8\x80-----'
04262019 10:12:14 [INFO]: b'RX:B\x00'
04262019 10:12:14 [INFO]: b"TX:M\x15\x84\xa1p\xcd\x15\x19\xa1r\xcd\x15'\xa1e\xcd\x02\x03\xa1t\xcd\x02\xb8--"
04262019 10:12:15 [INFO]: b'RX:B\x00'
04262019 10:12:15 [INFO]: b'TX:M\x12\x83\xa1a\xce\x00\x89T@\xa1h\x00\xa1o\xce\x01\x12\xa8\x80-----'
04262019 10:12:15 [INFO]: b'RX:B\x00'
04262019 10:12:15 [INFO]: b"TX:M\x15\x84\xa1p\xcd\x15\x19\xa1r\xcd\x15'\xa1e\xcd\x02\x03\xa1t\xcd\x02\xb8--"
04262019 10:12:15 [INFO]: b'RX:B\x00'
04262019 10:12:15 [INFO]: b"TX:M\x15\x84\xa1p\xcd\x15\x19\xa1r\xcd\x15'\xa1e\xcd\x02\x03\xa1t\xcd\x02\xb8--"
04262019 10:12:15 [INFO]: b'RX:B\x00'
04262019 10:12:16 [INFO]: b'TX:M\x12\x83\xa1a\xce\x00\x89T@\xa1h\x00\xa1o\xce\x01\x12\xa8\x80-----'
04262019 10:12:16 [INFO]: b'RX:B\x00'
04262019 10:12:16 [INFO]: b'TX:M\x12\x83\xa1a\xce\x00\x89T@\xa1h\x00\xa1o\xce\x01\x12\xa8\x80-----'
04262019 10:12:16 [INFO]: b'RX:B\x00'
04262019 10:12:16 [INFO]: b"TX:M\x15\x84\xa1p\xcd\x15\x19\xa1r\xcd\x15'\xa1e\xcd\x02\x03\xa1t\xcd\x02\xb8--"
04262019 10:12:16 [INFO]: b'RX:B\x00'
04262019 10:12:16 [INFO]: b'TX:M\x12\x83\xa1a\xce\x00\x89T@\xa1h\x00\xa1o\xce\x01\x12\xa8\x80-----'
04262019 10:12:17 [INFO]: b'RX:B\x00'
04262019 10:12:17 [INFO]: b"TX:M\x15\x84\xa1p\xcd\x15\x19\xa1r\xcd\x15'\xa1e\xcd\x02\x03\xa1t\xcd\x02\xb8--"
04262019 10:12:17 [INFO]: b'RX:B\x00'
04262019 10:12:17 [ERROR]: Buffer overflow
04262019 10:12:17 [INFO]: b'TX:M\x12\x83\xa1a\xce\x00\x89T@\xa1h\x00\xa1o\xce\x01\x12\xa8\x80-----'
04262019 10:12:17 [INFO]: b'RX:B\x00'
04262019 10:12:17 [INFO]: b"TX:M\x15\x84\xa1p\xcd\x15\x19\xa1r\xcd\x15'\xa1e\xcd\x02\x03\xa1t\xcd\x02\xb8--"
04262019 10:12:18 [INFO]: b'RX:B\x00'
04262019 10:12:18 [INFO]: b'TX:M\x12\x83\xa1a\xce\x00\x89T@\xa1h\x00\xa1o\xce\x01\x12\xa8\x80-----'
04262019 10:12:18 [INFO]: b'RX:B\x00'
04262019 10:12:18 [INFO]: b"TX:M\x15\x84\xa1p\xcd\x15\x19\xa1r\xcd\x15'\xa1e\xcd\x02\x03\xa1t\xcd\x02\xb8--"
04262019 10:12:18 [INFO]: b'RX:B\x00'
04262019 10:12:18 [INFO]: b'TX:M\x12\x83\xa1a\xce\x00\x89T@\xa1h\x00\xa1o\xce\x01\x12\xa8\x80-----'
04262019 10:12:18 [INFO]: b'RX:B\x00'
04262019 10:12:19 [INFO]: b"TX:M\x15\x84\xa1p\xcd\x15\x19\xa1r\xcd\x15'\xa1e\xcd\x02\x03\xa1t\xcd\x02\xb8--"
04262019 10:12:19 [INFO]: b'RX:B\x00'
04262019 10:12:19 [INFO]: b'TX:M\x12\x83\xa1a\xce\x00\x89T@\xa1h\x00\xa1o\xce\x01\x12\xa8\x80-----'
04262019 10:12:19 [INFO]: b'RX:B\x00'
04262019 10:12:19 [INFO]: b'TX:M\x15\x84\xa1p\xcd\x15\x19\xa1r\xcd\x15&\xa1e\xcd\x02\x03\xa1t\xcd\x02\xb8--'
04262019 10:12:19 [INFO]: b'RX:B\x00'
04262019 10:12:19 [INFO]: b'TX:M\x12\x83\xa1a\xce\x00\x89T@\xa1h\x00\xa1o\xce\x01\x12\xa8\x80-----'
04262019 10:12:20 [INFO]: b'RX:B\x00'
04262019 10:12:20 [INFO]: b'TX:M\x15\x84\xa1p\xcd\x15\x19\xa1r\xcd\x15&\xa1e\xcd\x02\x03\xa1t\xcd\x02\xb8--'
04262019 10:12:20 [INFO]: b'RX:B\x00'
04262019 10:12:20 [INFO]: b'TX:M\x12\x83\xa1a\xce\x00\x89T@\xa1h\x00\xa1o\xce\x01\x12\xa8\x80-----'
04262019 10:12:20 [INFO]: b'RX:B\x00'
04262019 10:12:20 [INFO]: b'TX:M\x15\x84\xa1p\xcd\x15\x18\xa1r\xcd\x15&\xa1e\xcd\x02\x03\xa1t\xcd\x02\xb9--'
04262019 10:12:20 [INFO]: b'RX:B\x00'
04262019 10:12:20 [ERROR]: Buffer overflow
04262019 10:12:21 [INFO]: b'TX:M\x12\x83\xa1a\xce\x00\x89T@\xa1h\x00\xa1o\xce\x01\x12\xa8\x80-----'
04262019 10:12:21 [INFO]: b'RX:B\x00'
04262019 10:12:21 [INFO]: b"TX:M\x15\x84\xa1p\xcd\x15\x19\xa1r\xcd\x15'\xa1e\xcd\x02\x03\xa1t\xcd\x02\xb9--"
04262019 10:12:21 [INFO]: b'RX:B\x00'
04262019 10:12:21 [INFO]: b'TX:M\x12\x83\xa1a\xce\x00\x89T@\xa1h\x00\xa1o\xce\x01\x12\xa8\x80-----'
04262019 10:12:21 [INFO]: b'RX:B\x00'
04262019 10:12:21 [INFO]: b"TX:M\x15\x84\xa1p\xcd\x15\x19\xa1r\xcd\x15'\xa1e\xcd\x02\x03\xa1t\xcd\x02\xb9--"
04262019 10:12:22 [INFO]: b'RX:B\x00'
04262019 10:12:22 [INFO]: b'TX:M\x12\x83\xa1a\xce\x00\x89T@\xa1h\x00\xa1o\xce\x01\x12\xa8\x80-----'
04262019 10:12:22 [INFO]: b'RX:B\x00'
04262019 10:12:22 [INFO]: b"TX:M\x15\x84\xa1p\xcd\x15\x19\xa1r\xcd\x15'\xa1e\xcd\x02\x03\xa1t\xcd\x02\xb9--"
04262019 10:12:22 [INFO]: b'RX:B\x00'
04262019 10:12:22 [INFO]: b'TX:M\x12\x83\xa1a\xce\x00\x89T@\xa1h\x00\xa1o\xce\x01\x12\xa8\x80-----'
04262019 10:12:22 [INFO]: b'RX:B\x00'
04262019 10:12:23 [INFO]: b"TX:M\x15\x84\xa1p\xcd\x15\x19\xa1r\xcd\x15'\xa1e\xcd\x02\x03\xa1t\xcd\x02\xb9--"
04262019 10:12:23 [INFO]: b'RX:B\x00'
04262019 10:12:23 [INFO]: b'TX:M\x12\x83\xa1a\xce\x00\x89T@\xa1h\x00\xa1o\xce\x01\x12\xa8\x80-----'
04262019 10:12:23 [INFO]: b'RX:B\x00'
04262019 10:12:23 [INFO]: b"TX:M\x15\x84\xa1p\xcd\x15\x19\xa1r\xcd\x15'\xa1e\xcd\x02\x03\xa1t\xcd\x02\xb9--"
04262019 10:12:23 [INFO]: b'RX:B\x00'
04262019 10:12:23 [INFO]: b'TX:M\x12\x83\xa1a\xce\x00\x89T@\xa1h\x00\xa1o\xce\x01\x12\xa8\x80-----'
04262019 10:12:24 [INFO]: b'RX:B\x00'
04262019 10:12:24 [INFO]: b"TX:M\x15\x84\xa1p\xcd\x15\x19\xa1r\xcd\x15'\xa1e\xcd\x02\x03\xa1t\xcd\x02\xb9--"
04262019 10:12:24 [INFO]: b'RX:B\x00'
04262019 10:12:24 [ERROR]: Buffer overflow
04262019 10:12:24 [INFO]: b"TX:M\x15\x84\xa1p\xcd\x15\x18\xa1r\xcd\x15'\xa1e\xcd\x02\x03\xa1t\xcd\x02\xb9--"
04262019 10:12:24 [INFO]: b'RX:B\x00'
04262019 10:12:24 [INFO]: b'TX:M\x12\x83\xa1a\xce\x00\x89T@\xa1h\x00\xa1o\xce\x01\x12\xa8\x80-----'
04262019 10:12:24 [INFO]: b'RX:B\x00'
04262019 10:12:25 [INFO]: b"TX:M\x15\x84\xa1p\xcd\x15\x18\xa1r\xcd\x15'\xa1e\xcd\x02\x03\xa1t\xcd\x02\xb9--"
04262019 10:12:25 [INFO]: b'RX:B\x00'
04262019 10:12:25 [INFO]: b"TX:M\x15\x84\xa1p\xcd\x15\x18\xa1r\xcd\x15'\xa1e\xcd\x02\x03\xa1t\xcd\x02\xb9--"
04262019 10:12:25 [INFO]: b'RX:B\x00'
04262019 10:12:25 [INFO]: b'TX:M\x12\x83\xa1a\xce\x00\x89T@\xa1h\x00\xa1o\xce\x01\x12\xa8\x80-----'
04262019 10:12:25 [INFO]: b'RX:B\x00'
04262019 10:12:25 [INFO]: b"TX:M\x15\x84\xa1p\xcd\x15\x19\xa1r\xcd\x15'\xa1e\xcd\x02\x03\xa1t\xcd\x02\xba--"
04262019 10:12:26 [INFO]: b'RX:B\x00'
04262019 10:12:26 [INFO]: b'TX:M\x12\x83\xa1a\xce\x00\x89T@\xa1h\x00\xa1o\xce\x01\x12\xa8\x80-----'
04262019 10:12:26 [INFO]: b'RX:B\x00'
04262019 10:12:26 [INFO]: b"TX:M\x15\x84\xa1p\xcd\x15\x1a\xa1r\xcd\x15'\xa1e\xcd\x02\x03\xa1t\xcd\x02\xba--"
04262019 10:12:26 [INFO]: b'RX:B\x00'
04262019 10:12:26 [INFO]: b'TX:M\x12\x83\xa1a\xce\x00\x89T@\xa1h\x00\xa1o\xce\x01\x12\xa8\x80-----'
04262019 10:12:26 [INFO]: b'RX:B\x00'
04262019 10:12:26 [INFO]: b"TX:M\x15\x84\xa1p\xcd\x15\x1a\xa1r\xcd\x15'\xa1e\xcd\x02\x03\xa1t\xcd\x02\xba--"
04262019 10:12:27 [INFO]: b'RX:B\x00'
04262019 10:12:27 [INFO]: b'TX:M\x12\x83\xa1a\xce\x00\x89T@\xa1h\x00\xa1o\xce\x01\x12\xa8\x80-----'
04262019 10:12:27 [INFO]: b'RX:B\x00'
04262019 10:12:27 [INFO]: b"TX:M\x15\x84\xa1p\xcd\x15\x19\xa1r\xcd\x15'\xa1e\xcd\x02\x03\xa1t\xcd\x02\xb9--"
04262019 10:12:27 [INFO]: b'RX:B\x00'
04262019 10:12:27 [ERROR]: Buffer overflow
04262019 10:12:27 [INFO]: b"TX:M\x15\x84\xa1p\xcd\x15\x19\xa1r\xcd\x15'\xa1e\xcd\x02\x03\xa1t\xcd\x02\xba--"
04262019 10:12:28 [INFO]: b'RX:B\x00'
04262019 10:12:28 [INFO]: b'TX:M\x12\x83\xa1a\xce\x00\x89T@\xa1h\x00\xa1o\xce\x01\x12\xa8\x80-----'
04262019 10:12:28 [INFO]: b'RX:B\x00'
04262019 10:12:28 [INFO]: b"TX:M\x15\x84\xa1p\xcd\x15\x19\xa1r\xcd\x15'\xa1e\xcd\x02\x03\xa1t\xcd\x02\xba--"
04262019 10:12:28 [INFO]: b'RX:B\x00'
04262019 10:12:28 [INFO]: b'TX:M\x12\x83\xa1a\xce\x00\x89T@\xa1h\x00\xa1o\xce\x01\x12\xa8\x80-----'
04262019 10:12:29 [INFO]: b'RX:B\x00'
04262019 10:12:29 [INFO]: b"TX:M\x15\x84\xa1p\xcd\x15\x19\xa1r\xcd\x15'\xa1e\xcd\x02\x03\xa1t\xcd\x02\xba--"
04262019 10:12:29 [INFO]: b'RX:B\x00'
04262019 10:12:29 [INFO]: b'TX:M\x12\x83\xa1a\xce\x00\x89T@\xa1h\x00\xa1o\xce\x01\x12\xa8\x80-----'
04262019 10:12:29 [INFO]: b'RX:B\x00'
04262019 10:12:29 [INFO]: b"TX:M\x15\x84\xa1p\xcd\x15\x19\xa1r\xcd\x15'\xa1e\xcd\x02\x02\xa1t\xcd\x02\xba--"
04262019 10:12:29 [INFO]: b'RX:B\x00'
04262019 10:12:30 [INFO]: b"TX:M\x15\x84\xa1p\xcd\x15\x19\xa1r\xcd\x15'\xa1e\xcd\x02\x02\xa1t\xcd\x02\xba--"
04262019 10:12:30 [INFO]: b'RX:B\x00'
04262019 10:12:30 [INFO]: b'TX:M\x12\x83\xa1a\xce\x00\x89T@\xa1h\x00\xa1o\xce\x01\x12\xa8\x80-----'
04262019 10:12:30 [INFO]: b'RX:B\x00'
04262019 10:12:30 [INFO]: b"TX:M\x15\x84\xa1p\xcd\x15\x19\xa1r\xcd\x15'\xa1e\xcd\x02\x03\xa1t\xcd\x02\xba--"
04262019 10:12:30 [INFO]: b'RX:B\x00'
04262019 10:12:31 [ERROR]: Buffer overflow
04262019 10:12:31 [INFO]: b'TX:M\x12\x83\xa1a\xce\x00\x89T@\xa1h\x00\xa1o\xce\x01\x12\xa8\x80-----'
04262019 10:12:31 [INFO]: b'RX:B\x00'
04262019 10:12:31 [INFO]: b"TX:M\x15\x84\xa1p\xcd\x15\x19\xa1r\xcd\x15'\xa1e\xcd\x02\x02\xa1t\xcd\x02\xba--"
04262019 10:12:31 [INFO]: b'RX:B\x00'
04262019 10:12:31 [INFO]: b'TX:M\x12\x83\xa1a\xce\x00\x89T@\xa1h\x00\xa1o\xce\x01\x12\xa8\x80-----'
04262019 10:12:31 [INFO]: b'RX:B\x00'
04262019 10:12:31 [INFO]: b'TX:M\x12\x83\xa1a\xce\x00\x89T@\xa1h\x00\xa1o\xce\x01\x12\xa8\x80-----'
04262019 10:12:32 [INFO]: b'RX:B\x00'
04262019 10:12:32 [INFO]: b"TX:M\x15\x84\xa1p\xcd\x15\x18\xa1r\xcd\x15'\xa1e\xcd\x02\x02\xa1t\xcd\x02\xba--"
04262019 10:12:32 [INFO]: b'RX:B\x00'
04262019 10:12:32 [INFO]: b'TX:M\x12\x83\xa1a\xce\x00\x89T@\xa1h\x00\xa1o\xce\x01\x12\xa8\x80-----'
04262019 10:12:32 [INFO]: b'RX:B\x00'
04262019 10:12:32 [INFO]: b"TX:M\x15\x84\xa1p\xcd\x15\x18\xa1r\xcd\x15'\xa1e\xcd\x02\x02\xa1t\xcd\x02\xba--"
04262019 10:12:32 [INFO]: b'RX:B\x00'
04262019 10:12:33 [INFO]: b'TX:M\x12\x83\xa1a\xce\x00\x89T@\xa1h\x00\xa1o\xce\x01\x12\xa8\x80-----'
04262019 10:12:33 [INFO]: b'RX:B\x00'
04262019 10:12:33 [INFO]: b"TX:M\x15\x84\xa1p\xcd\x15\x18\xa1r\xcd\x15'\xa1e\xcd\x02\x02\xa1t\xcd\x02\xba--"
04262019 10:12:33 [INFO]: b'RX:B\x00'
04262019 10:12:33 [INFO]: b'TX:M\x12\x83\xa1a\xce\x00\x89T@\xa1h\x00\xa1o\xce\x01\x12\xa8\x80-----'
04262019 10:12:33 [INFO]: b'RX:B\x00'
04262019 10:12:33 [INFO]: b"TX:M\x15\x84\xa1p\xcd\x15\x18\xa1r\xcd\x15'\xa1e\xcd\x02\x02\xa1t\xcd\x02\xba--"
04262019 10:12:34 [INFO]: b'RX:B\x00'
04262019 10:12:34 [ERROR]: Buffer overflow
04262019 10:12:34 [INFO]: b"TX:M\x15\x84\xa1p\xcd\x15\x18\xa1r\xcd\x15'\xa1e\xcd\x02\x02\xa1t\xcd\x02\xbb--"
04262019 10:12:34 [INFO]: b'RX:B\x00'
04262019 10:12:34 [INFO]: b'TX:M\x12\x83\xa1a\xce\x00\x89T@\xa1h\x00\xa1o\xce\x01\x12\xa8\x80-----'
04262019 10:12:34 [INFO]: b'RX:B\x00'
04262019 10:12:34 [INFO]: b"TX:M\x15\x84\xa1p\xcd\x15\x19\xa1r\xcd\x15'\xa1e\xcd\x02\x02\xa1t\xcd\x02\xbb--"
04262019 10:12:34 [INFO]: b'RX:B\x00'
04262019 10:12:35 [INFO]: b'TX:M\x12\x83\xa1a\xce\x00\x89T@\xa1h\x00\xa1o\xce\x01\x12\xa8\x80-----'
04262019 10:12:35 [INFO]: b'RX:B\x00'
04262019 10:12:35 [INFO]: b"TX:M\x15\x84\xa1p\xcd\x15\x19\xa1r\xcd\x15'\xa1e\xcd\x02\x02\xa1t\xcd\x02\xbb--"
04262019 10:12:35 [INFO]: b'RX:B\x00'
04262019 10:12:35 [INFO]: b'TX:M\x12\x83\xa1a\xce\x00\x89T@\xa1h\x00\xa1o\xce\x01\x12\xa8\x80-----'
04262019 10:12:35 [INFO]: b'RX:B\x00'
04262019 10:12:35 [INFO]: b'TX:M\x15\x84\xa1p\xcd\x15\x19\xa1r\xcd\x15&\xa1e\xcd\x02\x02\xa1t\xcd\x02\xbb--'
04262019 10:12:36 [INFO]: b'RX:B\x00'
04262019 10:12:36 [INFO]: b'TX:M\x12\x83\xa1a\xce\x00\x89T@\xa1h\x00\xa1o\xce\x01\x12\xa8\x80-----'
04262019 10:12:36 [INFO]: b'RX:B\x00'
04262019 10:12:36 [INFO]: b'TX:M\x12\x83\xa1a\xce\x00\x89T@\xa1h\x00\xa1o\xce\x01\x12\xa8\x80-----'
04262019 10:12:36 [INFO]: b'RX:B\x00'
04262019 10:12:36 [INFO]: b'TX:M\x15\x84\xa1p\xcd\x15\x19\xa1r\xcd\x15&\xa1e\xcd\x02\x02\xa1t\xcd\x02\xbb--'
04262019 10:12:36 [INFO]: b'RX:B\x00'
04262019 10:12:37 [INFO]: b'TX:M\x12\x83\xa1a\xce\x00\x89T@\xa1h\x00\xa1o\xce\x01\x12\xa8\x80-----'
04262019 10:12:37 [INFO]: b'RX:B\x00'
04262019 10:12:37 [INFO]: b"TX:M\x15\x84\xa1p\xcd\x15\x18\xa1r\xcd\x15'\xa1e\xcd\x02\x02\xa1t\xcd\x02\xbb--"
04262019 10:12:37 [INFO]: b'RX:B\x00'
04262019 10:12:37 [ERROR]: Buffer overflow
04262019 10:12:37 [INFO]: b"TX:M\x15\x84\xa1p\xcd\x15\x19\xa1r\xcd\x15'\xa1e\xcd\x02\x02\xa1t\xcd\x02\xbb--"
04262019 10:12:37 [INFO]: b'RX:B\x00'
04262019 10:12:37 [INFO]: b'TX:M\x12\x83\xa1a\xce\x00\x89T@\xa1h\x00\xa1o\xce\x01\x12\xa8\x80-----'
04262019 10:12:38 [INFO]: b'RX:B\x00'
04262019 10:12:38 [INFO]: b"TX:M\x15\x84\xa1p\xcd\x15\x19\xa1r\xcd\x15'\xa1e\xcd\x02\x02\xa1t\xcd\x02\xbb--"
04262019 10:12:38 [INFO]: b'RX:B\x00'
04262019 10:12:38 [INFO]: b'TX:M\x12\x83\xa1a\xce\x00\x89T@\xa1h\x00\xa1o\xce\x01\x12\xa8\x80-----'
04262019 10:12:38 [INFO]: b'RX:B\x00'
04262019 10:12:38 [INFO]: b"TX:M\x15\x84\xa1p\xcd\x15\x19\xa1r\xcd\x15'\xa1e\xcd\x02\x02\xa1t\xcd\x02\xbb--"
04262019 10:12:38 [INFO]: b'RX:B\x00'
04262019 10:12:39 [INFO]: b'TX:M\x12\x83\xa1a\xce\x00\x89T@\xa1h\x00\xa1o\xce\x01\x12\xa8\x80-----'
04262019 10:12:39 [INFO]: b'RX:B\x00'
04262019 10:12:39 [INFO]: b'TX:M\x12\x83\xa1a\xce\x00\x89T@\xa1h\x00\xa1o\xce\x01\x12\xa8\x80-----'
04262019 10:12:39 [INFO]: b'RX:B\x00'
04262019 10:12:39 [INFO]: b"TX:M\x15\x84\xa1p\xcd\x15\x19\xa1r\xcd\x15'\xa1e\xcd\x02\x02\xa1t\xcd\x02\xbb--"
04262019 10:12:39 [INFO]: b'RX:B\x00'
04262019 10:12:39 [INFO]: b'TX:M\x12\x83\xa1a\xce\x00\x89T@\xa1h\x00\xa1o\xce\x01\x12\xa8\x80-----'
04262019 10:12:40 [INFO]: b'RX:B\x00'
04262019 10:12:40 [INFO]: b"TX:M\x15\x84\xa1p\xcd\x15\x18\xa1r\xcd\x15'\xa1e\xcd\x02\x02\xa1t\xcd\x02\xbb--"
04262019 10:12:40 [INFO]: b'RX:B\x00'
04262019 10:12:40 [INFO]: b'TX:M\x12\x83\xa1a\xce\x00\x89T@\xa1h\x00\xa1o\xce\x01\x12\xa8\x80-----'
04262019 10:12:40 [INFO]: b'RX:B\x00'
04262019 10:12:40 [INFO]: b"TX:M\x15\x84\xa1p\xcd\x15\x18\xa1r\xcd\x15'\xa1e\xcd\x02\x02\xa1t\xcd\x02\xbb--"
04262019 10:12:41 [INFO]: b'RX:B\x00'
04262019 10:12:41 [ERROR]: Buffer overflow
04262019 10:12:41 [INFO]: b"TX:M\x15\x84\xa1p\xcd\x15\x18\xa1r\xcd\x15'\xa1e\xcd\x02\x02\xa1t\xcd\x02\xbb--"
04262019 10:12:41 [INFO]: b'RX:B\x00'
04262019 10:12:41 [INFO]: b'TX:M\x12\x83\xa1a\xce\x00\x89T@\xa1h\x00\xa1o\xce\x01\x12\xa8\x80-----'
04262019 10:12:41 [INFO]: b'RX:B\x00'
04262019 10:12:41 [INFO]: b"TX:M\x15\x84\xa1p\xcd\x15\x18\xa1r\xcd\x15'\xa1e\xcd\x02\x02\xa1t\xcd\x02\xbb--"
04262019 10:12:42 [INFO]: b'RX:B\x00'
04262019 10:12:42 [INFO]: b'TX:M\x12\x83\xa1a\xce\x00\x89T@\xa1h\x00\xa1o\xce\x01\x12\xa8\x80-----'
04262019 10:12:42 [INFO]: b'RX:B\x00'
04262019 10:12:42 [INFO]: b"TX:M\x15\x84\xa1p\xcd\x15\x18\xa1r\xcd\x15'\xa1e\xcd\x02\x02\xa1t\xcd\x02\xbb--"
04262019 10:12:42 [INFO]: b'RX:B\x00'
04262019 10:12:42 [INFO]: b'TX:M\x12\x83\xa1a\xce\x00\x89T@\xa1h\x00\xa1o\xce\x01\x12\xa8\x80-----'
04262019 10:12:42 [INFO]: b'RX:B\x00'
04262019 10:12:42 [INFO]: b"TX:M\x15\x84\xa1p\xcd\x15\x18\xa1r\xcd\x15'\xa1e\xcd\x02\x02\xa1t\xcd\x02\xbc--"
04262019 10:12:43 [INFO]: b'RX:B\x00'
04262019 10:12:43 [INFO]: b'TX:M\x12\x83\xa1a\xce\x00\x89T@\xa1h\x00\xa1o\xce\x01\x12\xa8\x80-----'
04262019 10:12:43 [INFO]: b'RX:B\x00'
04262019 10:12:43 [INFO]: b'TX:M\x12\x83\xa1a\xce\x00\x89T@\xa1h\x00\xa1o\xce\x01\x12\xa8\x80-----'
04262019 10:12:43 [INFO]: b'RX:B\x00'
04262019 10:12:43 [INFO]: b"TX:M\x15\x84\xa1p\xcd\x15\x18\xa1r\xcd\x15'\xa1e\xcd\x02\x02\xa1t\xcd\x02\xbc--"
04262019 10:12:44 [INFO]: b'RX:B\x00'
04262019 10:12:44 [ERROR]: Buffer overflow
04262019 10:12:44 [INFO]: b'TX:M\x12\x83\xa1a\xce\x00\x89T@\xa1h\x00\xa1o\xce\x01\x12\xa8\x80-----'
04262019 10:12:44 [INFO]: b'RX:B\x00'
04262019 10:12:44 [INFO]: b"TX:M\x15\x84\xa1p\xcd\x15\x19\xa1r\xcd\x15'\xa1e\xcd\x02\x02\xa1t\xcd\x02\xbc--"
04262019 10:12:44 [INFO]: b'RX:B\x00'
04262019 10:12:44 [INFO]: b'TX:M\x12\x83\xa1a\xce\x00\x89T@\xa1h\x00\xa1o\xce\x01\x12\xa8\x80-----'
04262019 10:12:44 [INFO]: b'RX:B\x00'
04262019 10:12:45 [INFO]: b"TX:M\x15\x84\xa1p\xcd\x15\x19\xa1r\xcd\x15'\xa1e\xcd\x02\x02\xa1t\xcd\x02\xbc--"
04262019 10:12:45 [INFO]: b'RX:B\x00'
04262019 10:12:45 [INFO]: b"TX:M\x15\x84\xa1p\xcd\x15\x19\xa1r\xcd\x15'\xa1e\xcd\x02\x02\xa1t\xcd\x02\xbc--"
04262019 10:12:45 [INFO]: b'RX:B\x00'
04262019 10:12:45 [INFO]: b'TX:M\x12\x83\xa1a\xce\x00\x89T@\xa1h\x00\xa1o\xce\x01\x12\xa8\x80-----'
04262019 10:12:45 [INFO]: b'RX:B\x00'
04262019 10:12:45 [INFO]: b"TX:M\x15\x84\xa1p\xcd\x15\x19\xa1r\xcd\x15'\xa1e\xcd\x02\x02\xa1t\xcd\x02\xbc--"
04262019 10:12:46 [INFO]: b'RX:B\x00'
04262019 10:12:46 [INFO]: b'TX:M\x12\x83\xa1a\xce\x00\x89T@\xa1h\x00\xa1o\xce\x01\x12\xa8\x80-----'
04262019 10:12:46 [INFO]: b'RX:B\x00'
04262019 10:12:46 [INFO]: b"TX:M\x15\x84\xa1p\xcd\x15\x19\xa1r\xcd\x15'\xa1e\xcd\x02\x02\xa1t\xcd\x02\xbc--"
04262019 10:12:46 [INFO]: b'RX:B\x00'
04262019 10:12:46 [INFO]: b'TX:M\x12\x83\xa1a\xce\x00\x89T@\xa1h\x00\xa1o\xce\x01\x12\xa8\x80-----'
04262019 10:12:46 [INFO]: b'RX:B\x00'
04262019 10:12:47 [INFO]: b'TX:M\x12\x83\xa1a\xce\x00\x89T@\xa1h\x00\xa1o\xce\x01\x12\xa8\x80-----'
04262019 10:12:47 [INFO]: b'RX:B\x00'
04262019 10:12:47 [INFO]: b"TX:M\x15\x84\xa1p\xcd\x15\x19\xa1r\xcd\x15'\xa1e\xcd\x02\x02\xa1t\xcd\x02\xbc--"
04262019 10:12:47 [INFO]: b'RX:B\x00'
04262019 10:12:47 [ERROR]: Buffer overflow
04262019 10:12:47 [INFO]: b'TX:M\x12\x83\xa1a\xce\x00\x89T@\xa1h\x00\xa1o\xce\x01\x12\xa8\x80-----'
04262019 10:12:47 [INFO]: b'RX:B\x00'
04262019 10:12:47 [INFO]: b"TX:M\x15\x84\xa1p\xcd\x15\x18\xa1r\xcd\x15'\xa1e\xcd\x02\x02\xa1t\xcd\x02\xbc--"
04262019 10:12:48 [INFO]: b'RX:B\x00'
04262019 10:12:48 [INFO]: b'TX:M\x12\x83\xa1a\xce\x00\x89T@\xa1h\x00\xa1o\xce\x01\x12\xa8\x80-----'
04262019 10:12:48 [INFO]: b'RX:B\x00'
04262019 10:12:48 [INFO]: b"TX:M\x15\x84\xa1p\xcd\x15\x19\xa1r\xcd\x15'\xa1e\xcd\x02\x02\xa1t\xcd\x02\xbc--"
04262019 10:12:48 [INFO]: b'RX:B\x00'
04262019 10:12:48 [INFO]: b'TX:M\x12\x83\xa1a\xce\x00\x89T@\xa1h\x00\xa1o\xce\x01\x12\xa8\x80-----'
04262019 10:12:48 [INFO]: b'RX:B\x00'
04262019 10:12:49 [INFO]: b"TX:M\x15\x84\xa1p\xcd\x15\x19\xa1r\xcd\x15'\xa1e\xcd\x02\x02\xa1t\xcd\x02\xbc--"
04262019 10:12:49 [INFO]: b'RX:B\x00'
04262019 10:12:49 [INFO]: b'TX:M\x12\x83\xa1a\xce\x00\x89T@\xa1h\x00\xa1o\xce\x01\x12\xa8\x80-----'
