04242019 14:53:58 [INFO]: CMD: NULLCMD---
04242019 14:53:58 [INFO]: b'TX:M\x15\x84\xa1r\xcd\x15\x1e\xa1e\xcd\x01\xe1\xa1t\xcd\x02j\xa1p\xcd\x15\x10--'
04242019 14:53:58 [INFO]: b'RX:B\x00'
04242019 14:53:58 [INFO]: b'TX:M\x15\x84\xa1r\xcd\x15\x1e\xa1e\xcd\x01\xe1\xa1t\xcd\x02j\xa1p\xcd\x15\x10--'
04242019 14:53:59 [INFO]: b'RX:B\x00'
04242019 14:53:59 [INFO]: b'TX:M\x15\x84\xa1r\xcd\x15\x1e\xa1e\xcd\x01\xe1\xa1t\xcd\x02j\xa1p\xcd\x15\x10--'
04242019 14:53:59 [INFO]: b'RX:B\x00'
04242019 14:53:59 [INFO]: b'TX:M\x15\x84\xa1r\xcd\x15\x1e\xa1e\xcd\x01\xe1\xa1t\xcd\x02k\xa1p\xcd\x15\x0f--'
04242019 14:53:59 [INFO]: b'RX:B\x00'
04242019 14:53:59 [INFO]: b'TX:M\x15\x84\xa1r\xcd\x15\x1e\xa1e\xcd\x01\xe1\xa1t\xcd\x02k\xa1p\xcd\x15\x0f--'
04242019 14:54:00 [INFO]: b'RX:B\x00'
04242019 14:54:00 [INFO]: b'TX:M\x12\x83\xa1h\x00\xa1a\xce\x00\x89T@\xa1o\xce\x01\x12\xa8\x80-----'
04242019 14:54:00 [INFO]: b'TX:M\x12\x83\xa1h\x00\xa1a\xce\x00\x89T@\xa1o\xce\x01\x12\xa8\x80-----'
04242019 14:54:00 [INFO]: b'RX:B\x00'
04242019 14:54:00 [INFO]: b'TX:M\x12\x83\xa1h\x00\xa1a\xce\x00\x89T@\xa1o\xce\x01\x12\xa8\x80-----'
04242019 14:54:00 [INFO]: b'RX:B\x00'
04242019 14:54:01 [INFO]: b'TX:M\x12\x83\xa1h\x00\xa1a\xce\x00\x89T@\xa1o\xce\x01\x12\xa8\x80-----'
04242019 14:54:01 [INFO]: b'RX:B\x00'
04242019 14:54:01 [INFO]: b'TX:M\x12\x83\xa1h\x00\xa1a\xce\x00\x89T@\xa1o\xce\x01\x12\xa8\x80-----'
04242019 14:54:01 [INFO]: b'RX:B\x00'
04242019 14:54:01 [INFO]: b'TX:M\x15\x84\xa1r\xcd\x15\x1e\xa1e\xcd\x01\xe1\xa1t\xcd\x02k\xa1p\xcd\x15\x10--'
04242019 14:54:01 [INFO]: b'RX:B\x00'
04242019 14:54:01 [INFO]: b'TX:M\x12\x83\xa1h\x00\xa1a\xce\x00\x89T@\xa1o\xce\x01\x12\xa8\x80-----'
04242019 14:54:02 [INFO]: b'RX:B\x00'
04242019 14:54:02 [INFO]: b'TX:M\x15\x84\xa1r\xcd\x15\x1e\xa1e\xcd\x01\xe1\xa1t\xcd\x02k\xa1p\xcd\x15\x10--'
04242019 14:54:02 [INFO]: b'RX:B\x00'
04242019 14:54:02 [INFO]: b'TX:M\x12\x83\xa1h\x00\xa1a\xce\x00\x89T@\xa1o\xce\x01\x12\xa8\x80-----'
04242019 14:54:02 [INFO]: b'RX:B\x00'
04242019 14:54:02 [INFO]: b'TX:M\x15\x84\xa1r\xcd\x15\x1e\xa1e\xcd\x01\xe1\xa1t\xcd\x02k\xa1p\xcd\x15\x10--'
04242019 14:54:02 [INFO]: b'RX:B\x00'
04242019 14:54:03 [INFO]: b'TX:M\x15\x84\xa1r\xcd\x15\x1e\xa1e\xcd\x01\xe1\xa1t\xcd\x02k\xa1p\xcd\x15\x10--'
04242019 14:54:03 [INFO]: b'RX:B\x00'
04242019 14:54:03 [INFO]: b'TX:M\x12\x83\xa1h\x00\xa1a\xce\x00\x89T@\xa1o\xce\x01\x12\xa8\x80-----'
04242019 14:54:03 [INFO]: b'RX:B\x00'
04242019 14:54:03 [INFO]: b'TX:M\x15\x84\xa1r\xcd\x15\x1e\xa1e\xcd\x01\xe1\xa1t\xcd\x02j\xa1p\xcd\x15\x0f--'
04242019 14:54:03 [INFO]: b'RX:T66666\xe4'
04242019 14:54:03 [INFO]: CMD: 51046----

04242019 14:54:03 [INFO]: b'TX:M\x12\x83\xa1h\x00\xa1a\xce\x00\x89T@\xa1o\xce\x01\x12\xa8\x80-----'
04242019 14:54:04 [INFO]: b'RX:B\x00'
04242019 14:54:04 [INFO]: b'TX:M\x15\x84\xa1r\xcd\x15\x1d\xa1e\xcd\x01\xe1\xa1t\xcd\x02k\xa1p\xcd\x15\x10--'
04242019 14:54:04 [INFO]: b'RX:B\x00'
04242019 14:54:04 [INFO]: b'TX:M\x12\x83\xa1h\x00\xa1a\xce\x00\x89T@\xa1o\xce\x01\x12\xa8\x80-----'
04242019 14:54:04 [INFO]: b'RX:B\x00'
04242019 14:54:04 [INFO]: b'TX:M\x15\x84\xa1r\xcd\x15\x1d\xa1e\xcd\x01\xe1\xa1t\xcd\x02k\xa1p\xcd\x15\x10--'
04242019 14:54:04 [INFO]: b'RX:B\x00'
04242019 14:54:05 [INFO]: b'TX:M\x12\x83\xa1h\x00\xa1a\xce\x00\x89T@\xa1o\xce\x01\x12\xa8\x80-----'
04242019 14:54:05 [INFO]: b'RX:B\x00'
04242019 14:54:05 [INFO]: b'TX:M\x15\x84\xa1r\xcd\x15\x1e\xa1e\xcd\x01\xe1\xa1t\xcd\x02j\xa1p\xcd\x15\x0f--'
04242019 14:54:05 [INFO]: b'RX:B\x00'
04242019 14:54:05 [INFO]: b'TX:M\x12\x83\xa1h\x00\xa1a\xce\x00\x89T@\xa1o\xce\x01\x12\xa8\x80-----'
04242019 14:54:05 [INFO]: b'RX:B\x00'
04242019 14:54:05 [INFO]: b'TX:M\x15\x84\xa1r\xcd\x15\x1e\xa1e\xcd\x01\xe1\xa1t\xcd\x02j\xa1p\xcd\x15\x0f--'
04242019 14:54:06 [INFO]: b'RX:B\x00'
04242019 14:54:06 [INFO]: b'TX:M\x12\x83\xa1h\x00\xa1a\xce\x00\x89T@\xa1o\xce\x01\x12\xa8\x80-----'
04242019 14:54:06 [INFO]: b'RX:B\x00'
04242019 14:54:06 [INFO]: b'TX:M\x15\x84\xa1r\xcd\x15\x1e\xa1e\xcd\x01\xe1\xa1t\xcd\x02j\xa1p\xcd\x15\x0f--'
04242019 14:54:06 [INFO]: b'RX:B\x00'
04242019 14:54:06 [INFO]: b'TX:M\x12\x83\xa1h\x00\xa1a\xce\x00\x89T@\xa1o\xce\x01\x12\xa8\x80-----'
04242019 14:54:06 [INFO]: b'RX:B\x00'
04242019 14:54:07 [INFO]: b'TX:M\x15\x84\xa1r\xcd\x15\x1e\xa1e\xcd\x01\xe1\xa1t\xcd\x02j\xa1p\xcd\x15\x10--'
04242019 14:54:07 [INFO]: b'RX:B\x00'
04242019 14:54:07 [INFO]: b'TX:M\x12\x83\xa1h\x00\xa1a\xce\x00\x89T@\xa1o\xce\x01\x12\xa8\x80-----'
04242019 14:54:07 [INFO]: b'RX:B\x00'
04242019 14:54:07 [INFO]: b'TX:M\x15\x84\xa1r\xcd\x15\x1e\xa1e\xcd\x01\xe1\xa1t\xcd\x02j\xa1p\xcd\x15\x10--'
04242019 14:54:07 [INFO]: b'RX:B\x00'
04242019 14:54:07 [INFO]: b'TX:M\x12\x83\xa1h\x00\xa1a\xce\x00\x89T@\xa1o\xce\x01\x12\xa8\x80-----'
04242019 14:54:08 [INFO]: b'RX:B\x00'
04242019 14:54:08 [INFO]: b'TX:M\x12\x83\xa1h\x00\xa1a\xce\x00\x89T@\xa1o\xce\x01\x12\xa8\x80-----'
04242019 14:54:08 [INFO]: b'RX:B\x00'
04242019 14:54:08 [INFO]: b'TX:M\x15\x84\xa1r\xcd\x15\x1e\xa1e\xcd\x01\xe1\xa1t\xcd\x02k\xa1p\xcd\x15\x0f--'
04242019 14:54:08 [INFO]: b'RX:B\x00'
04242019 14:54:08 [INFO]: b'TX:M\x12\x83\xa1h\x00\xa1a\xce\x00\x89T@\xa1o\xce\x01\x12\xa8\x80-----'
04242019 14:54:08 [INFO]: b'RX:B\x00'
04242019 14:54:09 [INFO]: b'TX:M\x15\x84\xa1r\xcd\x15\x1e\xa1e\xcd\x01\xe1\xa1t\xcd\x02k\xa1p\xcd\x15\x0f--'
04242019 14:54:09 [INFO]: b'RX:B\x00'
04242019 14:54:09 [INFO]: b'TX:M\x12\x83\xa1h\x00\xa1a\xce\x00\x89T@\xa1o\xce\x01\x12\xa8\x80-----'
04242019 14:54:09 [INFO]: b'RX:B\x00'
04242019 14:54:09 [INFO]: b'TX:M\x15\x84\xa1r\xcd\x15\x1e\xa1e\xcd\x01\xe1\xa1t\xcd\x02j\xa1p\xcd\x15\x10--'
04242019 14:54:09 [INFO]: b'RX:B\x00'
04242019 14:54:09 [INFO]: b'TX:M\x12\x83\xa1h\x00\xa1a\xce\x00\x89T@\xa1o\xce\x01\x12\xa8\x80-----'
04242019 14:54:10 [INFO]: b'RX:B\x00'
04242019 14:54:10 [INFO]: b'TX:M\x15\x84\xa1r\xcd\x15\x1e\xa1e\xcd\x01\xe1\xa1t\xcd\x02j\xa1p\xcd\x15\x10--'
04242019 14:54:10 [INFO]: b'RX:B\x00'
04242019 14:54:10 [INFO]: b'TX:M\x15\x84\xa1r\xcd\x15\x1e\xa1e\xcd\x01\xe1\xa1t\xcd\x02j\xa1p\xcd\x15\x10--'
04242019 14:54:10 [INFO]: b'RX:B\x00'
04242019 14:54:10 [INFO]: b'TX:M\x12\x83\xa1h\x00\xa1a\xce\x00\x89T@\xa1o\xce\x01\x12\xa8\x80-----'
04242019 14:54:11 [INFO]: b'RX:B\x00'
04242019 14:54:11 [INFO]: b'TX:M\x15\x84\xa1r\xcd\x15\x1f\xa1e\xcd\x01\xe1\xa1t\xcd\x02k\xa1p\xcd\x15\x10--'
04242019 14:54:11 [INFO]: b'RX:B\x00'
04242019 14:54:11 [INFO]: b'TX:M\x12\x83\xa1h\x00\xa1a\xce\x00\x89T@\xa1o\xce\x01\x12\xa8\x80-----'
04242019 14:54:11 [INFO]: b'RX:B\x00'
04242019 14:54:11 [INFO]: b'TX:M\x15\x84\xa1r\xcd\x15\x1f\xa1e\xcd\x01\xe1\xa1t\xcd\x02k\xa1p\xcd\x15\x10--'
04242019 14:54:11 [INFO]: b'RX:B\x00'
04242019 14:54:11 [INFO]: b'TX:M\x12\x83\xa1h\x00\xa1a\xce\x00\x89T@\xa1o\xce\x01\x12\xa8\x80-----'
04242019 14:54:12 [INFO]: b'RX:B\x00'
04242019 14:54:12 [INFO]: b'TX:M\x15\x84\xa1r\xcd\x15\x1e\xa1e\xcd\x01\xe1\xa1t\xcd\x02j\xa1p\xcd\x15\x0f--'
04242019 14:54:12 [INFO]: b'RX:B\x00'
04242019 14:54:12 [INFO]: b'TX:M\x12\x83\xa1h\x00\xa1a\xce\x00\x89T@\xa1o\xce\x01\x12\xa8\x80-----'
04242019 14:54:12 [INFO]: b'RX:B\x00'
04242019 14:54:12 [INFO]: b'TX:M\x15\x84\xa1r\xcd\x15\x1e\xa1e\xcd\x01\xe1\xa1t\xcd\x02j\xa1p\xcd\x15\x0f--'
04242019 14:54:12 [INFO]: b'RX:B\x00'
04242019 14:54:13 [ERROR]: Buffer overflow
04242019 14:54:13 [INFO]: b'TX:M\x15\x84\xa1r\xcd\x15\x1e\xa1e\xcd\x01\xe1\xa1t\xcd\x02j\xa1p\xcd\x15\x10--'
04242019 14:54:13 [INFO]: b'RX:B\x00'
04242019 14:54:13 [INFO]: b'TX:M\x12\x83\xa1h\x00\xa1a\xce\x00\x89T@\xa1o\xce\x01\x12\xa8\x80-----'
04242019 14:54:13 [INFO]: b'RX:B\x00'
04242019 14:54:13 [INFO]: b'TX:M\x15\x84\xa1r\xcd\x15\x1e\xa1e\xcd\x01\xe1\xa1t\xcd\x02j\xa1p\xcd\x15\x10--'
04242019 14:54:13 [INFO]: b'RX:B\x00'
04242019 14:54:13 [INFO]: b'TX:M\x12\x83\xa1h\x00\xa1a\xce\x00\x89T@\xa1o\xce\x01\x12\xa8\x80-----'
04242019 14:54:14 [INFO]: b'RX:B\x00'
04242019 14:54:14 [INFO]: b'TX:M\x15\x84\xa1r\xcd\x15\x1e\xa1e\xcd\x01\xe1\xa1t\xcd\x02j\xa1p\xcd\x15\x10--'
04242019 14:54:14 [INFO]: b'RX:B\x00'
04242019 14:54:14 [INFO]: b'TX:M\x15\x84\xa1r\xcd\x15\x1e\xa1e\xcd\x01\xe1\xa1t\xcd\x02j\xa1p\xcd\x15\x10--'
04242019 14:54:14 [INFO]: b'RX:B\x00'
04242019 14:54:14 [INFO]: b'TX:M\x12\x83\xa1h\x00\xa1a\xce\x00\x89T@\xa1o\xce\x01\x12\xa8\x80-----'
04242019 14:54:14 [INFO]: b'RX:B\x00'
04242019 14:54:15 [INFO]: b'TX:M\x15\x84\xa1r\xcd\x15\x1e\xa1e\xcd\x01\xe1\xa1t\xcd\x02j\xa1p\xcd\x15\x10--'
04242019 14:54:15 [INFO]: b'RX:B\x00'
04242019 14:54:15 [INFO]: b'TX:M\x12\x83\xa1h\x00\xa1a\xce\x00\x89T@\xa1o\xce\x01\x12\xa8\x80-----'
04242019 14:54:15 [INFO]: b'RX:B\x00'
04242019 14:54:15 [INFO]: b'TX:M\x15\x84\xa1r\xcd\x15\x1e\xa1e\xcd\x01\xe1\xa1t\xcd\x02j\xa1p\xcd\x15\x10--'
