04242019 15:15:55 [ERROR]: negative seek position -1
04242019 15:15:55 [INFO]: b'TX:M\x15\x84\xa1r\xcd\x15\x1d\xa1e\xcd\x01\xe0\xa1t\xcd\x02l\xa1p\xcd\x15\x0e--'
04242019 15:15:56 [INFO]: b'RX:B\x00'
04242019 15:15:56 [INFO]: b'TX:M\x15\x84\xa1r\xcd\x15\x1c\xa1e\xcd\x01\xe0\xa1t\xcd\x02l\xa1p\xcd\x15\x0f--'
04242019 15:15:56 [INFO]: b'RX:B\x00'
04242019 15:15:56 [INFO]: b'TX:M\x15\x84\xa1r\xcd\x15\x1d\xa1e\xcd\x01\xe0\xa1t\xcd\x02l\xa1p\xcd\x15\x0f--'
04242019 15:15:56 [INFO]: b'RX:B\x00'
04242019 15:15:56 [INFO]: b'TX:M\x15\x84\xa1r\xcd\x15\x1d\xa1e\xcd\x01\xe0\xa1t\xcd\x02l\xa1p\xcd\x15\x0e--'
04242019 15:15:56 [INFO]: b'RX:B\x00'
04242019 15:15:56 [INFO]: b'TX:M\x15\x84\xa1r\xcd\x15\x1c\xa1e\xcd\x01\xe0\xa1t\xcd\x02l\xa1p\xcd\x15\x0e--'
04242019 15:15:57 [INFO]: b'RX:B\x00'
04242019 15:15:57 [INFO]: b'TX:M\x12\x83\xa1h\x00\xa1a\xce\x00\x89T@\xa1o\xce\x01\x12\xa8\x80-----'
04242019 15:15:57 [INFO]: b'RX:B\x00'
04242019 15:15:57 [INFO]: b'TX:M\x12\x83\xa1h\x00\xa1a\xce\x00\x89T@\xa1o\xce\x01\x12\xa8\x80-----'
04242019 15:15:57 [INFO]: b'RX:B\x00'
04242019 15:15:57 [INFO]: b'TX:M\x12\x83\xa1h\x00\xa1a\xce\x00\x89T@\xa1o\xce\x01\x12\xa8\x80-----'
04242019 15:15:58 [INFO]: b'RX:B\x00'
04242019 15:15:58 [INFO]: b'TX:M\x12\x83\xa1h\x00\xa1a\xce\x00\x89T@\xa1o\xce\x01\x12\xa8\x80-----'
04242019 15:15:58 [INFO]: b'RX:B\x00'
04242019 15:15:58 [INFO]: b'TX:M\x12\x83\xa1h\x00\xa1a\xce\x00\x89T@\xa1o\xce\x01\x12\xa8\x80-----'
04242019 15:15:58 [INFO]: b'RX:B\x00'
04242019 15:15:58 [INFO]: b'TX:M\x15\x84\xa1r\xcd\x15\x1c\xa1e\xcd\x01\xe0\xa1t\xcd\x02l\xa1p\xcd\x15\x0e--'
04242019 15:15:58 [INFO]: b'RX:B\x00'
04242019 15:15:58 [INFO]: b'TX:M\x12\x83\xa1h\x00\xa1a\xce\x00\x89T@\xa1o\xce\x01\x12\xa8\x80-----'
04242019 15:15:59 [INFO]: b'RX:B\x00'
04242019 15:15:59 [INFO]: b'TX:M\x15\x84\xa1r\xcd\x15\x1d\xa1e\xcd\x01\xe0\xa1t\xcd\x02l\xa1p\xcd\x15\r--'
04242019 15:15:59 [INFO]: b'RX:B\x00'
04242019 15:15:59 [INFO]: b'TX:M\x12\x83\xa1h\x00\xa1a\xce\x00\x89T@\xa1o\xce\x01\x12\xa8\x80-----'
04242019 15:15:59 [INFO]: b'RX:B\x00'
04242019 15:15:59 [INFO]: b'TX:M\x15\x84\xa1r\xcd\x15\x1d\xa1e\xcd\x01\xe0\xa1t\xcd\x02l\xa1p\xcd\x15\r--'
04242019 15:16:00 [INFO]: b'RX:B\x00'
04242019 15:16:00 [INFO]: b'TX:M\x12\x83\xa1h\x00\xa1a\xce\x00\x89T@\xa1o\xce\x01\x12\xa8\x80-----'
04242019 15:16:00 [INFO]: b'RX:B\x00'
04242019 15:16:00 [INFO]: b'TX:M\x15\x84\xa1r\xcd\x15\x1d\xa1e\xcd\x01\xe0\xa1t\xcd\x02l\xa1p\xcd\x15\x0e--'
04242019 15:16:00 [INFO]: b'RX:B\x00'
04242019 15:16:00 [INFO]: b'TX:M\x12\x83\xa1h\x00\xa1a\xce\x00\x89T@\xa1o\xce\x01\x12\xa8\x80-----'
04242019 15:16:00 [INFO]: b'RX:B\x00'
04242019 15:16:00 [INFO]: b'TX:M\x15\x84\xa1r\xcd\x15\x1c\xa1e\xcd\x01\xe0\xa1t\xcd\x02l\xa1p\xcd\x15\x0e--'
04242019 15:16:01 [INFO]: b'RX:B\x00'
04242019 15:16:01 [INFO]: b'TX:M\x12\x83\xa1h\x00\xa1a\xce\x00\x89T@\xa1o\xce\x01\x12\xa8\x80-----'
04242019 15:16:01 [INFO]: b'RX:B\x00'
04242019 15:16:01 [INFO]: b'TX:M\x15\x84\xa1r\xcd\x15\x1c\xa1e\xcd\x01\xe0\xa1t\xcd\x02l\xa1p\xcd\x15\x0e--'
04242019 15:16:01 [INFO]: b'RX:B\x00'
04242019 15:16:01 [INFO]: b'TX:M\x12\x83\xa1h\x00\xa1a\xce\x00\x89T@\xa1o\xce\x01\x12\xa8\x80-----'
04242019 15:16:02 [INFO]: b'RX:B\x00'
04242019 15:16:02 [INFO]: b'TX:M\x15\x84\xa1r\xcd\x15\x1d\xa1e\xcd\x01\xe0\xa1t\xcd\x02l\xa1p\xcd\x15\x0e--'
04242019 15:16:02 [INFO]: b'RX:B\x00'
04242019 15:16:02 [INFO]: b'TX:M\x12\x83\xa1h\x00\xa1a\xce\x00\x89T@\xa1o\xce\x01\x12\xa8\x80-----'
04242019 15:16:02 [INFO]: b'RX:B\x00'
04242019 15:16:02 [INFO]: b'TX:M\x12\x83\xa1h\x00\xa1a\xce\x00\x89T@\xa1o\xce\x01\x12\xa8\x80-----'
04242019 15:16:02 [INFO]: b'RX:B\x00'
04242019 15:16:02 [INFO]: b'TX:M\x15\x84\xa1r\xcd\x15\x1c\xa1e\xcd\x01\xe0\xa1t\xcd\x02l\xa1p\xcd\x15\x0e--'
04242019 15:16:03 [INFO]: b'RX:B\x00'
04242019 15:16:03 [INFO]: b'TX:M\x12\x83\xa1h\x00\xa1a\xce\x00\x89T@\xa1o\xce\x01\x12\xa8\x80-----'
04242019 15:16:03 [INFO]: b'RX:B\x00'
04242019 15:16:03 [INFO]: b'TX:M\x15\x84\xa1r\xcd\x15\x1c\xa1e\xcd\x01\xe0\xa1t\xcd\x02l\xa1p\xcd\x15\x0e--'
04242019 15:16:03 [INFO]: b'RX:B\x00'
04242019 15:16:03 [INFO]: b'TX:M\x15\x84\xa1r\xcd\x15\x1d\xa1e\xcd\x01\xe0\xa1t\xcd\x02l\xa1p\xcd\x15\x0e--'
04242019 15:16:04 [INFO]: b'RX:B\x00'
04242019 15:16:04 [INFO]: b'TX:M\x12\x83\xa1h\x00\xa1a\xce\x00\x89T@\xa1o\xce\x01\x12\xa8\x80-----'
04242019 15:16:04 [INFO]: b'RX:B\x00'
04242019 15:16:04 [INFO]: b'TX:M\x15\x84\xa1r\xcd\x15\x1d\xa1e\xcd\x01\xe0\xa1t\xcd\x02l\xa1p\xcd\x15\x0e--'
04242019 15:16:04 [INFO]: b'TX:M\x12\x83\xa1h\x00\xa1a\xce\x00\x89T@\xa1o\xce\x01\x12\xa8\x80-----'
04242019 15:16:04 [INFO]: b'TX:M\x15\x84\xa1r\xcd\x15\x1d\xa1e\xcd\x01\xe0\xa1t\xcd\x02l\xa1p\xcd\x15\r--'
04242019 15:16:05 [INFO]: b'TX:M\x12\x83\xa1h\x00\xa1a\xce\x00\x89T@\xa1o\xce\x01\x12\xa8\x80-----'
04242019 15:16:05 [INFO]: b'TX:M\x15\x84\xa1r\xcd\x15\x1d\xa1e\xcd\x01\xe0\xa1t\xcd\x02l\xa1p\xcd\x15\r--'
04242019 15:16:05 [INFO]: b'TX:M\x12\x83\xa1h\x00\xa1a\xce\x00\x89T@\xa1o\xce\x01\x12\xa8\x80-----'
04242019 15:16:06 [INFO]: b'TX:M\x15\x84\xa1r\xcd\x15\x1d\xa1e\xcd\x01\xe0\xa1t\xcd\x02l\xa1p\xcd\x15\r--'
04242019 15:16:06 [INFO]: b'RX:B\x00'
04242019 15:16:06 [INFO]: b'TX:M\x12\x83\xa1h\x00\xa1a\xce\x00\x89T@\xa1o\xce\x01\x12\xa8\x80-----'
04242019 15:16:06 [INFO]: b'RX:B\x00'
04242019 15:16:06 [INFO]: b'TX:M\x15\x84\xa1r\xcd\x15\x1d\xa1e\xcd\x01\xe0\xa1t\xcd\x02l\xa1p\xcd\x15\r--'
04242019 15:16:06 [INFO]: b'RX:B\x00'
04242019 15:16:06 [INFO]: b'TX:M\x12\x83\xa1h\x00\xa1a\xce\x00\x89T@\xa1o\xce\x01\x12\xa8\x80-----'
04242019 15:16:07 [INFO]: b'RX:B\x00'
04242019 15:16:07 [INFO]: b'TX:M\x15\x84\xa1r\xcd\x15\x1d\xa1e\xcd\x01\xe0\xa1t\xcd\x02l\xa1p\xcd\x15\r--'
04242019 15:16:07 [INFO]: b'RX:B\x00'
04242019 15:16:07 [INFO]: b'TX:M\x12\x83\xa1h\x00\xa1a\xce\x00\x89T@\xa1o\xce\x01\x12\xa8\x80-----'
04242019 15:16:07 [INFO]: b'RX:B\x00'
04242019 15:16:07 [INFO]: b'TX:M\x15\x84\xa1r\xcd\x15\x1d\xa1e\xcd\x01\xe0\xa1t\xcd\x02l\xa1p\xcd\x15\x0e--'
04242019 15:16:08 [INFO]: b'RX:B\x00'
04242019 15:16:08 [INFO]: b'TX:M\x12\x83\xa1h\x00\xa1a\xce\x00\x89T@\xa1o\xce\x01\x12\xa8\x80-----'
04242019 15:16:08 [INFO]: b'RX:B\x00'
04242019 15:16:08 [INFO]: b'TX:M\x15\x84\xa1r\xcd\x15\x1d\xa1e\xcd\x01\xe0\xa1t\xcd\x02l\xa1p\xcd\x15\x0e--'
04242019 15:16:08 [INFO]: b'RX:B\x00'
04242019 15:16:08 [INFO]: b'TX:M\x12\x83\xa1h\x00\xa1a\xce\x00\x89T@\xa1o\xce\x01\x12\xa8\x80-----'
04242019 15:16:08 [INFO]: b'RX:B\x00'
04242019 15:16:08 [INFO]: b'TX:M\x12\x83\xa1h\x00\xa1a\xce\x00\x89T@\xa1o\xce\x01\x12\xa8\x80-----'
04242019 15:16:09 [INFO]: b'RX:B\x00'
04242019 15:16:09 [INFO]: b'TX:M\x15\x84\xa1r\xcd\x15\x1c\xa1e\xcd\x01\xe0\xa1t\xcd\x02l\xa1p\xcd\x15\r--'
04242019 15:16:09 [INFO]: b'RX:B\x00'
04242019 15:16:09 [INFO]: b'TX:M\x12\x83\xa1h\x00\xa1a\xce\x00\x89T@\xa1o\xce\x01\x12\xa8\x80-----'
04242019 15:16:09 [INFO]: b'RX:B\x00'
04242019 15:16:09 [INFO]: b'TX:M\x15\x84\xa1r\xcd\x15\x1d\xa1e\xcd\x01\xe0\xa1t\xcd\x02l\xa1p\xcd\x15\r--'
04242019 15:16:10 [INFO]: b'RX:B\x00'
04242019 15:16:10 [ERROR]: Buffer overflow
04242019 15:16:10 [INFO]: b'TX:M\x15\x84\xa1r\xcd\x15\x1d\xa1e\xcd\x01\xe0\xa1t\xcd\x02l\xa1p\xcd\x15\x0e--'
04242019 15:16:10 [INFO]: b'RX:B\x00'
04242019 15:16:10 [INFO]: b'TX:M\x12\x83\xa1h\x00\xa1a\xce\x00\x89T@\xa1o\xce\x01\x12\xa8\x80-----'
04242019 15:16:10 [INFO]: b'RX:B\x00'
04242019 15:16:10 [INFO]: b'TX:M\x15\x84\xa1r\xcd\x15\x1c\xa1e\xcd\x01\xe0\xa1t\xcd\x02l\xa1p\xcd\x15\x0e--'
04242019 15:16:10 [INFO]: b'RX:B\x00'
04242019 15:16:10 [INFO]: b'TX:M\x12\x83\xa1h\x00\xa1a\xce\x00\x89T@\xa1o\xce\x01\x12\xa8\x80-----'
04242019 15:16:11 [INFO]: b'RX:B\x00'
04242019 15:16:11 [INFO]: b'TX:M\x15\x84\xa1r\xcd\x15\x1c\xa1e\xcd\x01\xe0\xa1t\xcd\x02l\xa1p\xcd\x15\x0e--'
04242019 15:16:11 [INFO]: b'RX:B\x00'
04242019 15:16:11 [INFO]: b'TX:M\x12\x83\xa1h\x00\xa1a\xce\x00\x89T@\xa1o\xce\x01\x12\xa8\x80-----'
04242019 15:16:11 [INFO]: b'RX:B\x00'
04242019 15:16:11 [INFO]: b'TX:M\x15\x84\xa1r\xcd\x15\x1d\xa1e\xcd\x01\xe0\xa1t\xcd\x02l\xa1p\xcd\x15\r--'
04242019 15:16:12 [INFO]: b'RX:B\x00'
04242019 15:16:12 [INFO]: b'TX:M\x12\x83\xa1h\x00\xa1a\xce\x00\x89T@\xa1o\xce\x01\x12\xa8\x80-----'
04242019 15:16:12 [INFO]: b'RX:B\x00'
04242019 15:16:12 [INFO]: b'TX:M\x15\x84\xa1r\xcd\x15\x1c\xa1e\xcd\x01\xe0\xa1t\xcd\x02l\xa1p\xcd\x15\r--'
04242019 15:16:12 [INFO]: b'RX:B\x00'
04242019 15:16:12 [INFO]: b'TX:M\x12\x83\xa1h\x00\xa1a\xce\x00\x89T@\xa1o\xce\x01\x12\xa8\x80-----'
04242019 15:16:12 [INFO]: b'RX:B\x00'
04242019 15:16:12 [INFO]: b'TX:M\x12\x83\xa1h\x00\xa1a\xce\x00\x89T@\xa1o\xce\x01\x12\xa8\x80-----'
04242019 15:16:13 [INFO]: b'RX:B\x00'
04242019 15:16:13 [INFO]: b'TX:M\x15\x84\xa1r\xcd\x15\x1c\xa1e\xcd\x01\xe0\xa1t\xcd\x02l\xa1p\xcd\x15\r--'
04242019 15:16:13 [INFO]: b'RX:B\x00'
04242019 15:16:13 [ERROR]: Buffer overflow
04242019 15:16:13 [INFO]: b'TX:M\x15\x84\xa1r\xcd\x15\x1c\xa1e\xcd\x01\xe0\xa1t\xcd\x02l\xa1p\xcd\x15\r--'
04242019 15:16:13 [INFO]: b'RX:B\x00'
04242019 15:16:13 [INFO]: b'TX:M\x12\x83\xa1h\x00\xa1a\xce\x00\x89T@\xa1o\xce\x01\x12\xa8\x80-----'
04242019 15:16:14 [INFO]: b'RX:B\x00'
04242019 15:16:14 [INFO]: b'TX:M\x15\x84\xa1r\xcd\x15\x1c\xa1e\xcd\x01\xe0\xa1t\xcd\x02l\xa1p\xcd\x15\x0e--'
04242019 15:16:14 [INFO]: b'RX:B\x00'
04242019 15:16:14 [INFO]: b'TX:M\x12\x83\xa1h\x00\xa1a\xce\x00\x89T@\xa1o\xce\x01\x12\xa8\x80-----'
04242019 15:16:14 [INFO]: b'RX:B\x00'
04242019 15:16:14 [INFO]: b'TX:M\x15\x84\xa1r\xcd\x15\x1c\xa1e\xcd\x01\xe0\xa1t\xcd\x02l\xa1p\xcd\x15\r--'
04242019 15:16:14 [INFO]: b'RX:B\x00'
04242019 15:16:14 [INFO]: b'TX:M\x12\x83\xa1h\x00\xa1a\xce\x00\x89T@\xa1o\xce\x01\x12\xa8\x80-----'
04242019 15:16:15 [INFO]: b'RX:B\x00'
04242019 15:16:15 [INFO]: b'TX:M\x15\x84\xa1r\xcd\x15\x1c\xa1e\xcd\x01\xe0\xa1t\xcd\x02l\xa1p\xcd\x15\r--'
04242019 15:16:15 [INFO]: b'RX:B\x00'
04242019 15:16:15 [INFO]: b'TX:M\x12\x83\xa1h\x00\xa1a\xce\x00\x89T@\xa1o\xce\x01\x12\xa8\x80-----'
04242019 15:16:15 [INFO]: b'RX:B\x00'
04242019 15:16:15 [INFO]: b'TX:M\x15\x84\xa1r\xcd\x15\x1d\xa1e\xcd\x01\xe0\xa1t\xcd\x02l\xa1p\xcd\x15\r--'
04242019 15:16:16 [INFO]: b'RX:B\x00'
04242019 15:16:16 [INFO]: b'TX:M\x12\x83\xa1h\x00\xa1a\xce\x00\x89T@\xa1o\xce\x01\x12\xa8\x80-----'
04242019 15:16:16 [INFO]: b'RX:B\x00'
04242019 15:16:16 [INFO]: b'TX:M\x15\x84\xa1r\xcd\x15\x1c\xa1e\xcd\x01\xe0\xa1t\xcd\x02l\xa1p\xcd\x15\r--'
04242019 15:16:16 [INFO]: b'RX:B\x00'
04242019 15:16:16 [INFO]: b'TX:M\x12\x83\xa1h\x00\xa1a\xce\x00\x89T@\xa1o\xce\x01\x12\xa8\x80-----'
04242019 15:16:16 [INFO]: b'RX:B\x00'
04242019 15:16:16 [ERROR]: Buffer overflow
04242019 15:16:16 [INFO]: b'TX:M\x15\x84\xa1r\xcd\x15\x1c\xa1e\xcd\x01\xe0\xa1t\xcd\x02l\xa1p\xcd\x15\x0e--'
04242019 15:16:17 [INFO]: b'RX:B\x00'
04242019 15:16:17 [INFO]: b'TX:M\x12\x83\xa1h\x00\xa1a\xce\x00\x89T@\xa1o\xce\x01\x12\xa8\x80-----'
04242019 15:16:17 [INFO]: b'RX:B\x00'
04242019 15:16:17 [INFO]: b'TX:M\x15\x84\xa1r\xcd\x15\x1d\xa1e\xcd\x01\xe0\xa1t\xcd\x02l\xa1p\xcd\x15\x0e--'
04242019 15:16:17 [INFO]: b'RX:B\x00'
04242019 15:16:17 [INFO]: b'TX:M\x12\x83\xa1h\x00\xa1a\xce\x00\x89T@\xa1o\xce\x01\x12\xa8\x80-----'
04242019 15:16:18 [INFO]: b'RX:B\x00'
04242019 15:16:18 [INFO]: b'TX:M\x15\x84\xa1r\xcd\x15\x1d\xa1e\xcd\x01\xe0\xa1t\xcd\x02l\xa1p\xcd\x15\r--'
04242019 15:16:18 [INFO]: b'RX:B\x00'
04242019 15:16:18 [INFO]: b'TX:M\x12\x83\xa1h\x00\xa1a\xce\x00\x89T@\xa1o\xce\x01\x12\xa8\x80-----'
04242019 15:16:18 [INFO]: b'RX:B\x00'
04242019 15:16:18 [INFO]: b'TX:M\x15\x84\xa1r\xcd\x15\x1c\xa1e\xcd\x01\xe0\xa1t\xcd\x02l\xa1p\xcd\x15\x0e--'
04242019 15:16:18 [INFO]: b'RX:B\x00'
04242019 15:16:18 [INFO]: b'TX:M\x12\x83\xa1h\x00\xa1a\xce\x00\x89T@\xa1o\xce\x01\x12\xa8\x80-----'
04242019 15:16:19 [INFO]: b'RX:B\x00'
04242019 15:16:19 [INFO]: b'TX:M\x12\x83\xa1h\x00\xa1a\xce\x00\x89T@\xa1o\xce\x01\x12\xa8\x80-----'
04242019 15:16:19 [INFO]: b'RX:B\x00'
04242019 15:16:19 [INFO]: b'TX:M\x15\x84\xa1r\xcd\x15\x1c\xa1e\xcd\x01\xe0\xa1t\xcd\x02l\xa1p\xcd\x15\x0e--'
04242019 15:16:19 [INFO]: b'RX:B\x00'
04242019 15:16:19 [INFO]: b'TX:M\x15\x84\xa1r\xcd\x15\x1c\xa1e\xcd\x01\xe0\xa1t\xcd\x02l\xa1p\xcd\x15\x0e--'
04242019 15:16:20 [INFO]: b'RX:B\x00'
04242019 15:16:20 [INFO]: b'TX:M\x12\x83\xa1h\x00\xa1a\xce\x00\x89T@\xa1o\xce\x01\x12\xa8\x80-----'
04242019 15:16:20 [INFO]: b'RX:B\x00'
04242019 15:16:20 [ERROR]: Buffer overflow
04242019 15:16:20 [INFO]: b'TX:M\x12\x83\xa1h\x00\xa1a\xce\x00\x89T@\xa1o\xce\x01\x12\xa8\x80-----'
04242019 15:16:20 [INFO]: b'RX:B\x00'
04242019 15:16:20 [INFO]: b'TX:M\x15\x84\xa1r\xcd\x15\x1c\xa1e\xcd\x01\xe0\xa1t\xcd\x02l\xa1p\xcd\x15\x0e--'
04242019 15:16:20 [INFO]: b'RX:B\x00'
04242019 15:16:20 [INFO]: b'TX:M\x15\x84\xa1r\xcd\x15\x1c\xa1e\xcd\x01\xe0\xa1t\xcd\x02l\xa1p\xcd\x15\r--'
04242019 15:16:21 [INFO]: b'RX:B\x00'
04242019 15:16:21 [INFO]: b'TX:M\x12\x83\xa1h\x00\xa1a\xce\x00\x89T@\xa1o\xce\x01\x12\xa8\x80-----'
04242019 15:16:21 [INFO]: b'RX:B\x00'
04242019 15:16:21 [INFO]: b'TX:M\x15\x84\xa1r\xcd\x15\x1c\xa1e\xcd\x01\xe0\xa1t\xcd\x02l\xa1p\xcd\x15\r--'
04242019 15:16:21 [INFO]: b'RX:00000000000\xa0'
04242019 15:16:21 [INFO]: b'TX:M\x12\x83\xa1h\x00\xa1a\xce\x00\x89T@\xa1o\xce\x01\x12\xa8\x80-----'
04242019 15:16:22 [INFO]: b'RX:00000000000\xa0'
04242019 15:16:22 [INFO]: b'TX:M\x15\x84\xa1r\xcd\x15\x1c\xa1e\xcd\x01\xe0\xa1t\xcd\x02l\xa1p\xcd\x15\r--'
04242019 15:16:22 [INFO]: b'RX:00000000000\xa0'
04242019 15:16:22 [INFO]: b'TX:M\x12\x83\xa1h\x00\xa1a\xce\x00\x89T@\xa1o\xce\x01\x12\xa8\x80-----'
04242019 15:16:22 [INFO]: b'RX:00000000000\xa0'
04242019 15:16:22 [INFO]: b'TX:M\x15\x84\xa1r\xcd\x15\x1c\xa1e\xcd\x01\xe0\xa1t\xcd\x02l\xa1p\xcd\x15\r--'
04242019 15:16:22 [INFO]: b'RX:00000000000\xa0'
04242019 15:16:22 [INFO]: b'TX:M\x12\x83\xa1h\x00\xa1a\xce\x00\x89T@\xa1o\xce\x01\x12\xa8\x80-----'
04242019 15:16:23 [INFO]: b'RX:00000000000\xa0'
04242019 15:16:23 [INFO]: b'TX:M\x15\x84\xa1r\xcd\x15\x1c\xa1e\xcd\x01\xe0\xa1t\xcd\x02l\xa1p\xcd\x15\r--'
04242019 15:16:23 [INFO]: b'RX:B\x00'
04242019 15:16:23 [INFO]: b'TX:M\x12\x83\xa1h\x00\xa1a\xce\x00\x89T@\xa1o\xce\x01\x12\xa8\x80-----'
04242019 15:16:23 [INFO]: b'RX:B\x00'
04242019 15:16:23 [ERROR]: Buffer overflow
04242019 15:16:23 [INFO]: b'TX:M\x12\x83\xa1h\x00\xa1a\xce\x00\x89T@\xa1o\xce\x01\x12\xa8\x80-----'
04242019 15:16:24 [INFO]: b'RX:B\x00'
04242019 15:16:24 [INFO]: b'TX:M\x15\x84\xa1r\xcd\x15\x1d\xa1e\xcd\x01\xe0\xa1t\xcd\x02l\xa1p\xcd\x15\x0e--'
04242019 15:16:24 [INFO]: b'RX:B\x00'
04242019 15:16:24 [INFO]: b'TX:M\x12\x83\xa1h\x00\xa1a\xce\x00\x89T@\xa1o\xce\x01\x12\xa8\x80-----'
04242019 15:16:24 [INFO]: b'RX:B\x00'
04242019 15:16:24 [INFO]: b'TX:M\x15\x84\xa1r\xcd\x15\x1c\xa1e\xcd\x01\xe0\xa1t\xcd\x02l\xa1p\xcd\x15\x0e--'
04242019 15:16:24 [INFO]: b'RX:B\x00'
04242019 15:16:24 [INFO]: b'TX:M\x12\x83\xa1h\x00\xa1a\xce\x00\x89T@\xa1o\xce\x01\x12\xa8\x80-----'
04242019 15:16:25 [INFO]: b'RX:B\x00'
04242019 15:16:25 [INFO]: b'TX:M\x15\x84\xa1r\xcd\x15\x1c\xa1e\xcd\x01\xe0\xa1t\xcd\x02l\xa1p\xcd\x15\x0e--'
04242019 15:16:25 [INFO]: b'RX:B\x00'
04242019 15:16:25 [INFO]: b'TX:M\x15\x84\xa1r\xcd\x15\x1d\xa1e\xcd\x01\xe0\xa1t\xcd\x02l\xa1p\xcd\x15\r--'
04242019 15:16:25 [INFO]: b'RX:B\x00'
04242019 15:16:25 [INFO]: b'TX:M\x12\x83\xa1h\x00\xa1a\xce\x00\x89T@\xa1o\xce\x01\x12\xa8\x80-----'
04242019 15:16:26 [INFO]: b'RX:B\x00'
04242019 15:16:26 [INFO]: b'TX:M\x15\x84\xa1r\xcd\x15\x1d\xa1e\xcd\x01\xe0\xa1t\xcd\x02l\xa1p\xcd\x15\r--'
04242019 15:16:26 [INFO]: b'RX:B\x00'
04242019 15:16:26 [INFO]: b'TX:M\x12\x83\xa1h\x00\xa1a\xce\x00\x89T@\xa1o\xce\x01\x12\xa8\x80-----'
04242019 15:16:26 [INFO]: b'RX:B\x00'
04242019 15:16:26 [INFO]: b'TX:M\x15\x84\xa1r\xcd\x15\x1d\xa1e\xcd\x01\xe0\xa1t\xcd\x02l\xa1p\xcd\x15\x0e--'
04242019 15:16:26 [INFO]: b'RX:B\x00'
04242019 15:16:26 [INFO]: b'TX:M\x12\x83\xa1h\x00\xa1a\xce\x00\x89T@\xa1o\xce\x01\x12\xa8\x80-----'
04242019 15:16:27 [INFO]: b'RX:B\x00'
04242019 15:16:27 [ERROR]: Buffer overflow
04242019 15:16:27 [INFO]: b'TX:M\x12\x83\xa1h\x00\xa1a\xce\x00\x89T@\xa1o\xce\x01\x12\xa8\x80-----'
04242019 15:16:27 [INFO]: b'RX:B\x00'
04242019 15:16:27 [INFO]: b'TX:M\x15\x84\xa1r\xcd\x15\x1c\xa1e\xcd\x01\xe0\xa1t\xcd\x02l\xa1p\xcd\x15\x0e--'
04242019 15:16:27 [INFO]: b'RX:B\x00'
04242019 15:16:27 [INFO]: b'TX:M\x12\x83\xa1h\x00\xa1a\xce\x00\x89T@\xa1o\xce\x01\x12\xa8\x80-----'
04242019 15:16:28 [INFO]: b'RX:B\x00'
04242019 15:16:28 [INFO]: b'TX:M\x15\x84\xa1r\xcd\x15\x1c\xa1e\xcd\x01\xe0\xa1t\xcd\x02l\xa1p\xcd\x15\x0e--'
04242019 15:16:28 [INFO]: b'RX:B\x00'
04242019 15:16:28 [INFO]: b'TX:M\x12\x83\xa1h\x00\xa1a\xce\x00\x89T@\xa1o\xce\x01\x12\xa8\x80-----'
04242019 15:16:28 [INFO]: b'RX:B\x00'
04242019 15:16:28 [INFO]: b'TX:M\x15\x84\xa1r\xcd\x15\x1c\xa1e\xcd\x01\xe0\xa1t\xcd\x02l\xa1p\xcd\x15\x0e--'
04242019 15:16:28 [INFO]: b'RX:B\x00'
04242019 15:16:28 [INFO]: b'TX:M\x15\x84\xa1r\xcd\x15\x1c\xa1e\xcd\x01\xe0\xa1t\xcd\x02l\xa1p\xcd\x15\x0e--'
04242019 15:16:29 [INFO]: b'RX:B\x00'
04242019 15:16:29 [INFO]: b'TX:M\x12\x83\xa1h\x00\xa1a\xce\x00\x89T@\xa1o\xce\x01\x12\xa8\x80-----'
04242019 15:16:29 [INFO]: b'RX:B\x00'
04242019 15:16:29 [INFO]: b'TX:M\x15\x84\xa1r\xcd\x15\x1d\xa1e\xcd\x01\xe0\xa1t\xcd\x02l\xa1p\xcd\x15\x0e--'
04242019 15:16:29 [INFO]: b'RX:B\x00'
04242019 15:16:29 [INFO]: b'TX:M\x12\x83\xa1h\x00\xa1a\xce\x00\x89T@\xa1o\xce\x01\x12\xa8\x80-----'
04242019 15:16:30 [INFO]: b'RX:B\x00'
04242019 15:16:30 [INFO]: b'TX:M\x15\x84\xa1r\xcd\x15\x1d\xa1e\xcd\x01\xe0\xa1t\xcd\x02l\xa1p\xcd\x15\x0e--'
04242019 15:16:30 [INFO]: b'RX:B\x00'
04242019 15:16:30 [ERROR]: Buffer overflow
04242019 15:16:30 [INFO]: b'TX:M\x15\x84\xa1r\xcd\x15\x1d\xa1e\xcd\x01\xe0\xa1t\xcd\x02l\xa1p\xcd\x15\r--'
04242019 15:16:30 [INFO]: b'RX:B\x00'
04242019 15:16:30 [INFO]: b'TX:M\x12\x83\xa1h\x00\xa1a\xce\x00\x89T@\xa1o\xce\x01\x12\xa8\x80-----'
04242019 15:16:30 [INFO]: b'RX:B\x00'
04242019 15:16:30 [INFO]: b'TX:M\x15\x84\xa1r\xcd\x15\x1d\xa1e\xcd\x01\xe0\xa1t\xcd\x02l\xa1p\xcd\x15\r--'
04242019 15:16:31 [INFO]: b'RX:B\x00'
04242019 15:16:31 [INFO]: b'TX:M\x12\x83\xa1h\x00\xa1a\xce\x00\x89T@\xa1o\xce\x01\x12\xa8\x80-----'
04242019 15:16:31 [INFO]: b'RX:T44444\xe8'
04242019 15:16:31 [INFO]: CMD: T51046----

04242019 15:16:31 [INFO]: b'TX:ST51046------------------'
04242019 15:16:31 [INFO]: b'RX:B\x00'
04242019 15:16:31 [INFO]: b'TX:T\xd4\xdd\xd1\xd9\xd4\xd8\xd2\xdb\xd1\xda\xd6\xdd\xd8\xdf\xdb\xe6\xed\xf4\xff\xff\xff\xff\xff\xff'
04242019 15:16:32 [INFO]: b'RX:B\x00'
04242019 15:16:32 [INFO]: b'TX:M\x15\x84\xa1r\xcd\x15\x1c\xa1e\xcd\x01\xe0\xa1t\xcd\x02l\xa1p\xcd\x15\r--'
04242019 15:16:32 [INFO]: b'RX:B\x00'
04242019 15:16:32 [INFO]: b'TX:T\xe1\xd5\xdf\xd5\xda\xd8\xe0\xd4\xdf\xd1\xde\xd9\xe1\xdf\xee\xe4\xf5\xff\xff\xff\xff\xff\xff\xff'
04242019 15:16:32 [INFO]: b'RX:B\x00'
04242019 15:16:32 [INFO]: b'TX:M\x12\x83\xa1h\x00\xa1a\xce\x00\x89T@\xa1o\xce\x01\x12\xa8\x80-----'
04242019 15:16:32 [INFO]: b'RX:B\x00'
04242019 15:16:33 [INFO]: b'TX:T\xd3\xe3\xcc\xe0\xd4\xdf\xd7\xe5\xcf\xe3\xd7\xe2\xe5\xdf\xf0\xf3\xf5\xff\xff\xff\xff\xff\xff\xff'
04242019 15:16:33 [INFO]: b'RX:B\x00'
04242019 15:16:33 [ERROR]: Buffer overflow
04242019 15:16:33 [INFO]: b'TX:M\x12\x83\xa1h\x00\xa1a\xce\x00\x89T@\xa1o\xce\x01\x12\xa8\x80-----'
04242019 15:16:33 [INFO]: b'RX:B\x00'
04242019 15:16:33 [INFO]: b'TX:T\xe6\xd4\xe9\xd3\xdd\xd7\xe9\xd4\xe9\xd4\xe5\xda\xe2\xeb\xea\xf3\xff\xff\xff\xff\xff\xff\xff\xff'
04242019 15:16:33 [INFO]: b'RX:B\x00'
04242019 15:16:33 [INFO]: b'TX:M\x12\x83\xa1h\x00\xa1a\xce\x00\x89T@\xa1o\xce\x01\x12\xa8\x80-----'
04242019 15:16:34 [INFO]: b'RX:B\x00'
04242019 15:16:34 [INFO]: b'TX:T\xd5\xe4\xd6\xe2\xda\xe9\xd9\xe7\xd8\xeb\xd6\xe7\xdc\xe8\xf3\xed\xff\xff\xff\xff\xff\xff\xff\xff'
04242019 15:16:34 [INFO]: b'RX:B\x00'
04242019 15:16:34 [INFO]: b'TX:M\x15\x84\xa1r\xcd\x15\x1d\xa1e\xcd\x01\xe0\xa1t\xcd\x02l\xa1p\xcd\x15\x0e--'
04242019 15:16:34 [INFO]: b'RX:B\x00'
04242019 15:16:34 [INFO]: b'TX:T\xe7\xd8\xe5\xd8\xe8\xe2\xef\xdb\xeb\xd7\xea\xd8\xea\xe4\xee\xf8\xff\xff\xff\xff\xff\xff\xff\xff'
04242019 15:16:34 [INFO]: b'RX:B\x00'
04242019 15:16:35 [INFO]: b'TX:M\x12\x83\xa1h\x00\xa1a\xce\x00\x89T@\xa1o\xce\x01\x12\xa8\x80-----'
04242019 15:16:35 [INFO]: b'RX:B\x00'
04242019 15:16:35 [INFO]: b'TX:T\xd8\xee\xdb\xea\xe2\xf3\xe1\xff\xdf\xff\xde\xff\xe0\xff\xed\xff\xff\xff\xff\xff\xff\xff\xff\xff'
04242019 15:16:35 [INFO]: b'RX:B\x00'
04242019 15:16:35 [ERROR]: Buffer overflow
04242019 15:16:35 [INFO]: b'TX:M\x15\x84\xa1r\xcd\x15\x1d\xa1e\xcd\x01\xe0\xa1t\xcd\x02l\xa1p\xcd\x15\x0e--'
04242019 15:16:35 [INFO]: b'RX:B\x00'
04242019 15:16:35 [INFO]: b'TX:T\xee\xdd\xef\xe3\xfb\xe9\xff\xed\xff\xe8\xff\xe7\xff\xe8\xff\xfc\xff\xff\xff\xff\xff\xff\xff\xff'
04242019 15:16:36 [INFO]: b'RX:B\x00'
04242019 15:16:36 [INFO]: b'TX:M\x12\x83\xa1h\x00\xa1a\xce\x00\x89T@\xa1o\xce\x01\x12\xa8\x80-----'
04242019 15:16:36 [INFO]: b'RX:B\x00'
04242019 15:16:36 [INFO]: b'TX:T\xe4\xf9\xea\xff\xff\xff\xff\xff\xff\xff\xff\xff\xff\xff\xff\xff\xff\xff\xff\xff\xff\xff\xff\xff'
04242019 15:16:36 [INFO]: b'RX:B\x00'
04242019 15:16:36 [INFO]: b'TX:M\x15\x84\xa1r\xcd\x15\x1d\xa1e\xcd\x01\xe0\xa1t\xcd\x02l\xa1p\xcd\x15\r--'
04242019 15:16:36 [INFO]: b'RX:B\x00'
04242019 15:16:36 [INFO]: b'TX:T\xd2\xec\xff\xfe\xff\xff\xff\xff\xff\xff\xff\xff\xff\xff\xff\xff\xff\xff\xff\xff\xff\xff\xff\xff'
04242019 15:16:37 [INFO]: b'RX:B\x00'
04242019 15:16:37 [ERROR]: Buffer overflow
04242019 15:16:37 [INFO]: b'TX:M\x12\x83\xa1h\x00\xa1a\xce\x00\x89T@\xa1o\xce\x01\x12\xa8\x80-----'
04242019 15:16:37 [INFO]: b'RX:B\x00'
04242019 15:16:37 [INFO]: b'TX:T\x1f\xff\xff\xff\xff\xff\xff\xff\xff\xff\xff\xff\xff\xff\xff\xff\xff\xff\xff\xff\xff\xff\xff\xff'
04242019 15:16:37 [INFO]: b'RX:B\x00'
04242019 15:16:37 [INFO]: b'TX:M\x15\x84\xa1r\xcd\x15\x1d\xa1e\xcd\x01\xe0\xa1t\xcd\x02l\xa1p\xcd\x15\r--'
04242019 15:16:38 [INFO]: b'RX:B\x00'
04242019 15:16:38 [INFO]: b'TX:T\x07\xff\xff\xff\xff\xff\xff\xff\xff\xff\xff\xff\xff\xff\xff\xff\xff\xff\xff\xff\xff\xff\xff\xff'
04242019 15:16:38 [INFO]: b'RX:B\x00'
04242019 15:16:38 [INFO]: b'TX:M\x12\x83\xa1h\x00\xa1a\xce\x00\x89T@\xa1o\xce\x01\x12\xa8\x80-----'
04242019 15:16:38 [INFO]: b'RX:B\x00'
04242019 15:16:38 [INFO]: b'TX:T\xff\xd3\xff\xff\xff\xff\xff\xff\xff\xff\xff\xff\xff\xff\xff\xff\xff\xff\xff\xff\xff\xff\xff\xff'
04242019 15:16:38 [INFO]: b'RX:B\x00'
04242019 15:16:38 [INFO]: b'TX:M\x15\x84\xa1r\xcd\x15\x1d\xa1e\xcd\x01\xe0\xa1t\xcd\x02l\xa1p\xcd\x15\x0e--'
04242019 15:16:39 [INFO]: b'RX:B\x00'
04242019 15:16:39 [INFO]: b'TX:T\x88\xff\xff\xff\xff\xff\xff\xff\xff\xff\xff\xff\xff\xff\xff\xff\xff\xff\xff\xff\xff\xff\xff\xff'
04242019 15:16:39 [INFO]: b'RX:B\x00'
04242019 15:16:39 [ERROR]: Buffer overflow
04242019 15:16:39 [INFO]: b'TX:M\x12\x83\xa1h\x00\xa1a\xce\x00\x89T@\xa1o\xce\x01\x12\xa8\x80-----'
04242019 15:16:39 [INFO]: b'RX:B\x00'
04242019 15:16:39 [INFO]: b'TX:T\x03d\xff\xff\xff\xff\xff\xff\xff\xff\xff\xff\xff\xff\xff\xff\xff\xff\xff\xff\xff\xff\xff\xff'
04242019 15:16:39 [INFO]: b'RX:B\x00'
04242019 15:16:40 [INFO]: b'TX:M\x15\x84\xa1r\xcd\x15\x1c\xa1e\xcd\x01\xe0\xa1t\xcd\x02l\xa1p\xcd\x15\x0e--'
04242019 15:16:40 [INFO]: b'RX:B\x00'
04242019 15:16:40 [INFO]: b'TX:T\xbe\xff\xff\xff\xff\xff\xff\xff\xff\xff\xff\xff\xff\xff\xff\xff\xff\xff\xff\xff\xff\xff\xff\xff'
04242019 15:16:40 [INFO]: b'RX:B\x00'
04242019 15:16:40 [INFO]: b'TX:M\x15\x84\xa1r\xcd\x15\x1d\xa1e\xcd\x01\xe0\xa1t\xcd\x02l\xa1p\xcd\x15\x0e--'
04242019 15:16:40 [INFO]: b'RX:B\x00'
04242019 15:16:40 [INFO]: b'TX:Tk\xff\xff\xff\xff\xff\xff\xff\xff\xff\xff\xff\xff\xff\xff\xff\xff\xff\xff\xff\xff\xff\xff\xff'
04242019 15:16:41 [INFO]: b'RX:B\x00'
04242019 15:16:41 [INFO]: b'TX:M\x12\x83\xa1h\x00\xa1a\xce\x00\x89T@\xa1o\xce\x01\x12\xa8\x80-----'
04242019 15:16:41 [INFO]: b'RX:B\x00'
04242019 15:16:41 [INFO]: b'TX:T\xe1\xff\xff\xff\xff\xff\xff\xff\xff\xff\xff\xff\xff\xff\xff\xff\xff\xff\xff\xff\xff\xff\xff\xff'
04242019 15:16:41 [INFO]: b'RX:B\x00'
04242019 15:16:41 [ERROR]: Buffer overflow
04242019 15:16:41 [INFO]: b'TX:M\x12\x83\xa1h\x00\xa1a\xce\x00\x89T@\xa1o\xce\x01\x12\xa8\x80-----'
04242019 15:16:41 [INFO]: b'RX:B\x00'
04242019 15:16:41 [INFO]: b'TX:Te\xff\xff\xff\xff\xff\xff\xff\xff\xff\xff\xff\xff\xff\xff\xff\xff\xff\xff\xff\xff\xff\xff\xfe'
04242019 15:16:42 [INFO]: b'RX:B\x00'
04242019 15:16:42 [INFO]: b'TX:M\x15\x84\xa1r\xcd\x15\x1d\xa1e\xcd\x01\xe0\xa1t\xcd\x02l\xa1p\xcd\x15\r--'
04242019 15:16:42 [INFO]: b'RX:B\x00'
04242019 15:16:42 [INFO]: b'TX:T\x99\xff\xff\xff\xff\xff\xff\xff\xff\xff\xff\xff\xff\xff\xff\xff\xff\xff\xff\xff\xff\xff\xf8\xff'
04242019 15:16:42 [INFO]: b'RX:B\x00'
04242019 15:16:42 [INFO]: b'TX:M\x15\x84\xa1r\xcd\x15\x1c\xa1e\xcd\x01\xe0\xa1t\xcd\x02m\xa1p\xcd\x15\x0e--'
04242019 15:16:43 [INFO]: b'RX:B\x00'
04242019 15:16:43 [INFO]: b'TX:T\xae\xf4\xff\xff\xff\xff\xff\xff\xff\xff\xff\xff\xff\xff\xff\xff\xff\xff\xff\xed\xea\xea\xe8\xe8'
04242019 15:16:43 [INFO]: b'RX:B\x00'
04242019 15:16:43 [INFO]: b'TX:M\x12\x83\xa1h\x00\xa1a\xce\x00\x89T@\xa1o\xce\x01\x12\xa8\x80-----'
04242019 15:16:43 [INFO]: b'RX:B\x00'
04242019 15:16:43 [INFO]: b'TX:T\xed\xff\xfe\xff\xff\xff\xff\xff\xff\xff\xff\xff\xff\xff\xff\xff\xff\xf9\xed\xe7\xe8\xe7\xeb\xe6'
04242019 15:16:43 [INFO]: b'RX:B\x00'
04242019 15:16:43 [ERROR]: Buffer overflow
04242019 15:16:43 [INFO]: b'TX:M\x15\x84\xa1r\xcd\x15\x1c\xa1e\xcd\x01\xe0\xa1t\xcd\x02l\xa1p\xcd\x15\x0e--'
04242019 15:16:44 [INFO]: b'RX:B\x00'
04242019 15:16:44 [INFO]: b'TX:T\xf8\xe9\xff\xe7\xff\xe9\xff\xf4\xff\xff\xff\xff\xff\xff\xff\xf5\xe8\xe9\xe1\xe7\xdf\xe6\xe3\xe9'
04242019 15:16:44 [INFO]: b'RX:B\x00'
04242019 15:16:44 [INFO]: b'TX:M\x12\x83\xa1h\x00\xa1a\xce\x00\x89T@\xa1o\xce\x01\x12\xa8\x80-----'
04242019 15:16:44 [INFO]: b'RX:B\x00'
04242019 15:16:44 [INFO]: b'TX:T\xef\xf2\xec\xfc\xe4\xff\xec\xff\xf6\xff\xf4\xff\xef\xff\xee\xfe\xec\xe3\xe5\xe1\xea\xdf\xea\xe4'
04242019 15:16:45 [INFO]: b'RX:B\x00'
04242019 15:16:45 [INFO]: b'TX:M\x12\x83\xa1h\x00\xa1a\xce\x00\x89T@\xa1o\xce\x01\x12\xa8\x80-----'
04242019 15:16:45 [INFO]: b'RX:B\x00'
04242019 15:16:45 [INFO]: b'TX:T\xe4\xe9\xe1\xe6\xe6\xe2\xed\xe3\xfb\xe5\xee\xe5\xe4\xe7\xe4\xe7\xe0\xe6\xdf\xe5\xe3\xe5\xe5\xea'
04242019 15:16:45 [INFO]: b'RX:B\x00'
04242019 15:16:45 [INFO]: b'TX:M\x15\x84\xa1r\xcd\x15\x1c\xa1e\xcd\x01\xe0\xa1t\xcd\x02m\xa1p\xcd\x15\x0e--'
04242019 15:16:45 [INFO]: b'RX:B\x00'
04242019 15:16:45 [INFO]: b'TX:T\xea\xe2\xe5\xe1\xe4\xe2\xe1\xeb\xe7\xe8\xe6\xe4\xe3\xdf\xe4\xde\xe5\xdf\xe7\xe1\xe8\xe1\xeb\xe6'
04242019 15:16:46 [INFO]: b'RX:B\x00'
04242019 15:16:46 [ERROR]: Buffer overflow
04242019 15:16:46 [INFO]: b'TX:M\x15\x84\xa1r\xcd\x15\x1d\xa1e\xcd\x01\xe0\xa1t\xcd\x02m\xa1p\xcd\x15\r--'
04242019 15:16:46 [INFO]: b'RX:B\x00'
04242019 15:16:46 [INFO]: b'TX:T\xdf\xe9\xda\xe6\xdc\xe3\xdd\xe4\xdd\xe4\xda\xe3\xdc\xe5\xdb\xe5\xd9\xe5\xda\xe9\xdd\xeb\xe2\xed'
04242019 15:16:46 [INFO]: b'RX:B\x00'
04242019 15:16:46 [INFO]: b'TX:M\x12\x83\xa1h\x00\xa1a\xce\x00\x89T@\xa1o\xce\x01\x12\xa8\x80-----'
04242019 15:16:47 [INFO]: b'RX:B\x00'
04242019 15:16:47 [INFO]: b'TX:T\xed\xe4\xeb\xdd\xe3\xd9\xe5\xdd\xe4\xdc\xe9\xdf\xe7\xdf\xe7\xdf\xe8\xde\xe9\xe0\xec\xe0\xed\xe4'
04242019 15:16:47 [INFO]: b'RX:B\x00'
04242019 15:16:47 [INFO]: b'TX:M\x12\x83\xa1h\x00\xa1a\xce\x00\x89T@\xa1o\xce\x01\x12\xa8\x80-----'
04242019 15:16:47 [INFO]: b'RX:B\x00'
04242019 15:16:47 [INFO]: b'TX:T\xdc\xe8\xdc\xe6\xda\xe4\xda\xe2\xdc\xe5\xdc\xe5\xde\xe1\xdd\xe8\xe0\xe3\xe0\xe9\xe3\xea\xe3\xea'
04242019 15:16:47 [INFO]: b'RX:B\x00'
04242019 15:16:47 [INFO]: b'TX:M\x15\x84\xa1r\xcd\x15\x1d\xa1e\xcd\x01\xe0\xa1t\xcd\x02m\xa1p\xcd\x15\r--'
04242019 15:16:48 [INFO]: b'RX:B\x00'
04242019 15:16:48 [INFO]: b'TX:T\xec\xe2\xe6\xd9\xe1\xdb\xe6\xdd\xe5\xdf\xe7\xdf\xe4\xe0\xe8\xdf\xe9\xe3\xeb\xe0\xe7\xe2\xeb\xe4'
04242019 15:16:48 [INFO]: b'RX:B\x00'
04242019 15:16:48 [ERROR]: Buffer overflow
04242019 15:16:48 [INFO]: b'TX:M\x15\x84\xa1r\xcd\x15\x1d\xa1e\xcd\x01\xe0\xa1t\xcd\x02m\xa1p\xcd\x15\r--'
04242019 15:16:48 [INFO]: b'RX:B\x00'
04242019 15:16:48 [INFO]: b'TX:T\xdf\xea\xdb\xe3\xd7\xdd\xd8\xe5\xd8\xe7\xdd\xe9\xdb\xe2\xdb\xe5\xdf\xe8\xd9\xe7\xdd\xe7\xdf\xed'
04242019 15:16:48 [INFO]: b'RX:B\x00'
04242019 15:16:49 [INFO]: b'TX:M\x12\x83\xa1h\x00\xa1a\xce\x00\x89T@\xa1o\xce\x01\x12\xa8\x80-----'
04242019 15:16:49 [INFO]: b'RX:B\x00'
04242019 15:16:49 [INFO]: b'TX:T\xef\xe3\xea\xde\xe8\xda\xe7\xdf\xe6\xdd\xea\xdd\xe4\xe0\xeb\xe0\xe9\xe2\xe9\xdf\xef\xdd\xf0\xe0'
04242019 15:16:49 [INFO]: b'RX:B\x00'
04242019 15:16:49 [INFO]: b'TX:M\x12\x83\xa1h\x00\xa1a\xce\x00\x89T@\xa1o\xce\x01\x12\xa8\x80-----'
04242019 15:16:49 [INFO]: b'RX:B\x00'
04242019 15:16:50 [INFO]: b'TX:M\x15\x84\xa1r\xcd\x15\x1d\xa1e\xcd\x01\xe0\xa1t\xcd\x02m\xa1p\xcd\x15\r--'
04242019 15:16:50 [INFO]: b'RX:B\x00'
04242019 15:16:50 [ERROR]: Buffer overflow
04242019 15:16:50 [INFO]: b'TX:M\x15\x84\xa1r\xcd\x15\x1c\xa1e\xcd\x01\xe0\xa1t\xcd\x02m\xa1p\xcd\x15\r--'
04242019 15:16:50 [INFO]: b'RX:B\x00'
04242019 15:16:50 [INFO]: b'TX:M\x12\x83\xa1h\x00\xa1a\xce\x00\x89T@\xa1o\xce\x01\x12\xa8\x80-----'
04242019 15:16:50 [INFO]: b'RX:B\x00'
04242019 15:16:50 [INFO]: b'TX:M\x12\x83\xa1h\x00\xa1a\xce\x00\x89T@\xa1o\xce\x01\x12\xa8\x80-----'
04242019 15:16:51 [INFO]: b'RX:B\x00'
04242019 15:16:51 [INFO]: b'TX:M\x15\x84\xa1r\xcd\x15\x1c\xa1e\xcd\x01\xe0\xa1t\xcd\x02m\xa1p\xcd\x15\r--'
04242019 15:16:51 [INFO]: b'RX:B\x00'
04242019 15:16:51 [INFO]: b'TX:M\x15\x84\xa1r\xcd\x15\x1c\xa1e\xcd\x01\xe0\xa1t\xcd\x02m\xa1p\xcd\x15\x0e--'
04242019 15:16:51 [INFO]: b'RX:B\x00'
04242019 15:16:51 [INFO]: b'TX:M\x12\x83\xa1h\x00\xa1a\xce\x00\x89T@\xa1o\xce\x01\x12\xa8\x80-----'
04242019 15:16:52 [INFO]: b'RX:B\x00'
04242019 15:16:52 [INFO]: b'TX:M\x12\x83\xa1h\x00\xa1a\xce\x00\x89T@\xa1o\xce\x01\x12\xa8\x80-----'
04242019 15:16:52 [INFO]: b'RX:B\x00'
04242019 15:16:52 [INFO]: b'TX:M\x15\x84\xa1r\xcd\x15\x1c\xa1e\xcd\x01\xe0\xa1t\xcd\x02m\xa1p\xcd\x15\x0e--'
04242019 15:16:52 [INFO]: b'RX:B\x00'
04242019 15:16:52 [INFO]: b'TX:M\x15\x84\xa1r\xcd\x15\x1c\xa1e\xcd\x01\xe0\xa1t\xcd\x02m\xa1p\xcd\x15\x0e--'
04242019 15:16:52 [INFO]: b'RX:B\x00'
04242019 15:16:52 [INFO]: b'TX:M\x12\x83\xa1h\x00\xa1a\xce\x00\x89T@\xa1o\xce\x01\x12\xa8\x80-----'
04242019 15:16:53 [INFO]: b'RX:B\x00'
04242019 15:16:53 [ERROR]: Buffer overflow
04242019 15:16:53 [INFO]: b'TX:M\x12\x83\xa1h\x00\xa1a\xce\x00\x89T@\xa1o\xce\x01\x12\xa8\x80-----'
04242019 15:16:53 [INFO]: b'RX:B\x00'
04242019 15:16:53 [INFO]: b'TX:M\x15\x84\xa1r\xcd\x15\x1d\xa1e\xcd\x01\xe0\xa1t\xcd\x02m\xa1p\xcd\x15\x0e--'
04242019 15:16:53 [INFO]: b'RX:B\x00'
04242019 15:16:53 [INFO]: b'TX:M\x15\x84\xa1r\xcd\x15\x1d\xa1e\xcd\x01\xe0\xa1t\xcd\x02m\xa1p\xcd\x15\x0e--'
04242019 15:16:53 [INFO]: b'RX:B\x00'
04242019 15:16:54 [INFO]: b'TX:M\x12\x83\xa1h\x00\xa1a\xce\x00\x89T@\xa1o\xce\x01\x12\xa8\x80-----'
04242019 15:16:54 [INFO]: b'RX:B\x00'
04242019 15:16:54 [INFO]: b'TX:M\x12\x83\xa1h\x00\xa1a\xce\x00\x89T@\xa1o\xce\x01\x12\xa8\x80-----'
04242019 15:16:54 [INFO]: b'RX:B\x00'
04242019 15:16:54 [INFO]: b'TX:M\x15\x84\xa1r\xcd\x15\x1c\xa1e\xcd\x01\xe0\xa1t\xcd\x02m\xa1p\xcd\x15\x0e--'
04242019 15:16:54 [INFO]: b'RX:B\x00'
04242019 15:16:54 [INFO]: b'TX:M\x15\x84\xa1r\xcd\x15\x1d\xa1e\xcd\x01\xe0\xa1t\xcd\x02m\xa1p\xcd\x15\x0e--'
04242019 15:16:55 [INFO]: b'RX:B\x00'
04242019 15:16:55 [INFO]: b'TX:M\x12\x83\xa1h\x00\xa1a\xce\x00\x89T@\xa1o\xce\x01\x12\xa8\x80-----'
04242019 15:16:55 [INFO]: b'RX:B\x00'
04242019 15:16:55 [INFO]: b'TX:M\x12\x83\xa1h\x00\xa1a\xce\x00\x89T@\xa1o\xce\x01\x12\xa8\x80-----'
04242019 15:16:55 [INFO]: b'RX:B\x00'
04242019 15:16:55 [INFO]: b'TX:M\x15\x84\xa1r\xcd\x15\x1d\xa1e\xcd\x01\xe0\xa1t\xcd\x02m\xa1p\xcd\x15\x0e--'
04242019 15:16:56 [INFO]: b'RX:B\x00'
04242019 15:16:56 [INFO]: b'TX:M\x12\x83\xa1h\x00\xa1a\xce\x00\x89T@\xa1o\xce\x01\x12\xa8\x80-----'
04242019 15:16:56 [INFO]: b'RX:B\x00'
04242019 15:16:56 [INFO]: b'TX:M\x12\x83\xa1h\x00\xa1a\xce\x00\x89T@\xa1o\xce\x01\x12\xa8\x80-----'
04242019 15:16:56 [INFO]: b'RX:B\x00'
04242019 15:16:56 [ERROR]: Buffer overflow
04242019 15:16:56 [INFO]: b'TX:M\x15\x84\xa1r\xcd\x15\x1d\xa1e\xcd\x01\xe0\xa1t\xcd\x02m\xa1p\xcd\x15\r--'
04242019 15:16:56 [INFO]: b'RX:B\x00'
04242019 15:16:56 [INFO]: b'TX:M\x12\x83\xa1h\x00\xa1a\xce\x00\x89T@\xa1o\xce\x01\x12\xa8\x80-----'
04242019 15:16:57 [INFO]: b'RX:B\x00'
04242019 15:16:57 [INFO]: b'TX:M\x15\x84\xa1r\xcd\x15\x1d\xa1e\xcd\x01\xe0\xa1t\xcd\x02m\xa1p\xcd\x15\r--'
04242019 15:16:57 [INFO]: b'RX:T55555\xe2'
04242019 15:16:57 [INFO]: CMD: T51046----

04242019 15:16:57 [INFO]: b'TX:ST51046------------------'
04242019 15:16:57 [INFO]: b'RX:B\x00'
04242019 15:16:57 [INFO]: b'TX:T\xd4\xdd\xd1\xd9\xd4\xd8\xd2\xdb\xd1\xda\xd6\xdd\xd8\xdf\xdb\xe6\xed\xf4\xff\xff\xff\xff\xff\xff'
04242019 15:16:58 [INFO]: b'RX:B\x00'
04242019 15:16:58 [INFO]: b'TX:M\x12\x83\xa1h\x00\xa1a\xce\x00\x89T@\xa1o\xce\x01\x12\xa8\x80-----'
04242019 15:16:58 [INFO]: b'RX:B\x00'
04242019 15:16:58 [INFO]: b'TX:T\xe1\xd5\xdf\xd5\xda\xd8\xe0\xd4\xdf\xd1\xde\xd9\xe1\xdf\xee\xe4\xf5\xff\xff\xff\xff\xff\xff\xff'
04242019 15:16:58 [INFO]: b'RX:B\x00'
04242019 15:16:58 [INFO]: b'TX:M\x15\x84\xa1r\xcd\x15\x1d\xa1e\xcd\x01\xe0\xa1t\xcd\x02m\xa1p\xcd\x15\x0e--'
04242019 15:16:58 [INFO]: b'RX:B\x00'
04242019 15:16:58 [INFO]: b'TX:T\xd3\xe3\xcc\xe0\xd4\xdf\xd7\xe5\xcf\xe3\xd7\xe2\xe5\xdf\xf0\xf3\xf5\xff\xff\xff\xff\xff\xff\xff'
04242019 15:16:59 [INFO]: b'RX:B\x00'
04242019 15:16:59 [ERROR]: Buffer overflow
04242019 15:16:59 [INFO]: b'TX:M\x15\x84\xa1r\xcd\x15\x1d\xa1e\xcd\x01\xe0\xa1t\xcd\x02m\xa1p\xcd\x15\x0e--'
04242019 15:16:59 [INFO]: b'RX:B\x00'
04242019 15:16:59 [INFO]: b'TX:T\xe6\xd4\xe9\xd3\xdd\xd7\xe9\xd4\xe9\xd4\xe5\xda\xe2\xeb\xea\xf3\xff\xff\xff\xff\xff\xff\xff\xff'
04242019 15:16:59 [INFO]: b'RX:B\x00'
04242019 15:16:59 [INFO]: b'TX:M\x12\x83\xa1h\x00\xa1a\xce\x00\x89T@\xa1o\xce\x01\x12\xa8\x80-----'
04242019 15:17:00 [INFO]: b'RX:B\x00'
04242019 15:17:00 [INFO]: b'TX:T\xd5\xe4\xd6\xe2\xda\xe9\xd9\xe7\xd8\xeb\xd6\xe7\xdc\xe8\xf3\xed\xff\xff\xff\xff\xff\xff\xff\xff'
04242019 15:17:00 [INFO]: b'RX:B\x00'
04242019 15:17:00 [INFO]: b'TX:M\x15\x84\xa1r\xcd\x15\x1c\xa1e\xcd\x01\xe0\xa1t\xcd\x02m\xa1p\xcd\x15\x0e--'
04242019 15:17:00 [INFO]: b'RX:B\x00'
04242019 15:17:00 [INFO]: b'TX:T\xe7\xd8\xe5\xd8\xe8\xe2\xef\xdb\xeb\xd7\xea\xd8\xea\xe4\xee\xf8\xff\xff\xff\xff\xff\xff\xff\xff'
04242019 15:17:00 [INFO]: b'RX:B\x00'
04242019 15:17:00 [INFO]: b'TX:M\x12\x83\xa1h\x00\xa1a\xce\x00\x89T@\xa1o\xce\x01\x12\xa8\x80-----'
04242019 15:17:01 [INFO]: b'RX:B\x00'
04242019 15:17:01 [INFO]: b'TX:T\xd8\xee\xdb\xea\xe2\xf3\xe1\xff\xdf\xff\xde\xff\xe0\xff\xed\xff\xff\xff\xff\xff\xff\xff\xff\xff'
04242019 15:17:01 [ERROR]: Buffer overflow
04242019 15:17:01 [INFO]: b'RX:B\x00'
04242019 15:17:01 [INFO]: b'TX:M\x12\x83\xa1h\x00\xa1a\xce\x00\x89T@\xa1o\xce\x01\x12\xa8\x80-----'
04242019 15:17:01 [INFO]: b'RX:B\x00'
04242019 15:17:01 [INFO]: b'TX:T\xee\xdd\xef\xe3\xfb\xe9\xff\xed\xff\xe8\xff\xe7\xff\xe8\xff\xfc\xff\xff\xff\xff\xff\xff\xff\xff'
04242019 15:17:02 [INFO]: b'RX:B\x00'
04242019 15:17:02 [INFO]: b'TX:M\x15\x84\xa1r\xcd\x15\x1d\xa1e\xcd\x01\xe0\xa1t\xcd\x02m\xa1p\xcd\x15\r--'
04242019 15:17:02 [INFO]: b'RX:B\x00'
04242019 15:17:02 [INFO]: b'TX:T\xe4\xf9\xea\xff\xff\xff\xff\xff\xff\xff\xff\xff\xff\xff\xff\xff\xff\xff\xff\xff\xff\xff\xff\xff'
04242019 15:17:02 [INFO]: b'RX:B\x00'
04242019 15:17:02 [INFO]: b'TX:M\x12\x83\xa1h\x00\xa1a\xce\x00\x89T@\xa1o\xce\x01\x12\xa8\x80-----'
04242019 15:17:02 [INFO]: b'RX:B\x00'
04242019 15:17:02 [INFO]: b'TX:T\xd2\xec\xff\xfe\xff\xff\xff\xff\xff\xff\xff\xff\xff\xff\xff\xff\xff\xff\xff\xff\xff\xff\xff\xff'
04242019 15:17:03 [INFO]: b'RX:B\x00'
04242019 15:17:03 [INFO]: b'TX:M\x15\x84\xa1r\xcd\x15\x1d\xa1e\xcd\x01\xe0\xa1t\xcd\x02m\xa1p\xcd\x15\x0f--'
04242019 15:17:03 [INFO]: b'RX:B\x00'
04242019 15:17:03 [INFO]: b'TX:T\x1f\xff\xff\xff\xff\xff\xff\xff\xff\xff\xff\xff\xff\xff\xff\xff\xff\xff\xff\xff\xff\xff\xff\xff'
04242019 15:17:03 [INFO]: b'RX:B\x00'
04242019 15:17:03 [ERROR]: Buffer overflow
04242019 15:17:03 [INFO]: b'TX:M\x15\x84\xa1r\xcd\x15\x1c\xa1e\xcd\x01\xe0\xa1t\xcd\x02m\xa1p\xcd\x15\r--'
04242019 15:17:04 [INFO]: b'RX:B\x00'
04242019 15:17:04 [INFO]: b'TX:T\x07\xff\xff\xff\xff\xff\xff\xff\xff\xff\xff\xff\xff\xff\xff\xff\xff\xff\xff\xff\xff\xff\xff\xff'
04242019 15:17:04 [INFO]: b'RX:B\x00'
04242019 15:17:04 [INFO]: b'TX:M\x12\x83\xa1h\x00\xa1a\xce\x00\x89T@\xa1o\xce\x01\x12\xa8\x80-----'
04242019 15:17:04 [INFO]: b'RX:B\x00'
04242019 15:17:04 [INFO]: b'TX:T\xff\xd3\xff\xff\xff\xff\xff\xff\xff\xff\xff\xff\xff\xff\xff\xff\xff\xff\xff\xff\xff\xff\xff\xff'
04242019 15:17:04 [INFO]: b'RX:B\x00'
04242019 15:17:04 [INFO]: b'TX:M\x15\x84\xa1r\xcd\x15\x1c\xa1e\xcd\x01\xe0\xa1t\xcd\x02m\xa1p\xcd\x15\x0e--'
04242019 15:17:05 [INFO]: b'RX:B\x00'
04242019 15:17:05 [INFO]: b'TX:T\x88\xff\xff\xff\xff\xff\xff\xff\xff\xff\xff\xff\xff\xff\xff\xff\xff\xff\xff\xff\xff\xff\xff\xff'
04242019 15:17:05 [INFO]: b'RX:B\x00'
04242019 15:17:05 [INFO]: b'TX:M\x12\x83\xa1h\x00\xa1a\xce\x00\x89T@\xa1o\xce\x01\x12\xa8\x80-----'
04242019 15:17:05 [INFO]: b'RX:B\x00'
04242019 15:17:05 [INFO]: b'TX:T\x03d\xff\xff\xff\xff\xff\xff\xff\xff\xff\xff\xff\xff\xff\xff\xff\xff\xff\xff\xff\xff\xff\xff'
04242019 15:17:06 [INFO]: b'RX:B\x00'
04242019 15:17:06 [ERROR]: Buffer overflow
04242019 15:17:06 [INFO]: b'TX:M\x15\x84\xa1r\xcd\x15\x1d\xa1e\xcd\x01\xe0\xa1t\xcd\x02m\xa1p\xcd\x15\x0e--'
04242019 15:17:06 [INFO]: b'RX:B\x00'
