04242019 14:38:17 [INFO]: CMD: NULLCMD--

04242019 14:38:17 [INFO]: b'TX:M\x15\x84\xa1t\xcd\x02g\xa1r\xcd\x15\x1f\xa1p\xcd\x15\x10\xa1e\xcd\x01\xe0--'
04242019 14:38:17 [INFO]: b'RX:B\x00'
04242019 14:38:18 [INFO]: b'TX:M\x15\x84\xa1t\xcd\x02g\xa1r\xcd\x15\x1f\xa1p\xcd\x15\x10\xa1e\xcd\x01\xe0--'
04242019 14:38:18 [INFO]: b'RX:B\x00'
04242019 14:38:18 [INFO]: b'TX:M\x15\x84\xa1t\xcd\x02g\xa1r\xcd\x15\x1f\xa1p\xcd\x15\x11\xa1e\xcd\x01\xe0--'
04242019 14:38:18 [INFO]: b'RX:B\x00'
04242019 14:38:18 [INFO]: b'TX:M\x15\x84\xa1t\xcd\x02g\xa1r\xcd\x15\x1f\xa1p\xcd\x15\x11\xa1e\xcd\x01\xe0--'
04242019 14:38:18 [INFO]: b'RX:B\x00'
04242019 14:38:18 [INFO]: b'TX:M\x15\x84\xa1t\xcd\x02g\xa1r\xcd\x15\x1f\xa1p\xcd\x15\x11\xa1e\xcd\x01\xe0--'
04242019 14:38:19 [INFO]: b'RX:B\x00'
04242019 14:38:19 [INFO]: b'TX:M\x12\x83\xa1o\xce\x01\x12\xa8\x80\xa1a\xce\x00\x89T@\xa1h\x00-----'
04242019 14:38:19 [INFO]: b'RX:B\x00'
04242019 14:38:19 [INFO]: b'TX:M\x12\x83\xa1o\xce\x01\x12\xa8\x80\xa1a\xce\x00\x89T@\xa1h\x00-----'
04242019 14:38:19 [INFO]: b'RX:B\x00'
04242019 14:38:19 [INFO]: b'TX:M\x12\x83\xa1o\xce\x01\x12\xa8\x80\xa1a\xce\x00\x89T@\xa1h\x00-----'
04242019 14:38:19 [INFO]: b'RX:B\x00'
04242019 14:38:20 [INFO]: b'TX:M\x12\x83\xa1o\xce\x01\x12\xa8\x80\xa1a\xce\x00\x89T@\xa1h\x00-----'
04242019 14:38:20 [INFO]: b'RX:B\x00'
04242019 14:38:20 [INFO]: b'TX:M\x12\x83\xa1o\xce\x01\x12\xa8\x80\xa1a\xce\x00\x89T@\xa1h\x00-----'
04242019 14:38:20 [INFO]: b'RX:B\x00'
04242019 14:38:20 [INFO]: b'TX:M\x15\x84\xa1t\xcd\x02g\xa1r\xcd\x15\x1f\xa1p\xcd\x15\x11\xa1e\xcd\x01\xe0--'
04242019 14:38:20 [INFO]: b'RX:B\x00'
04242019 14:38:20 [INFO]: b'TX:M\x12\x83\xa1o\xce\x01\x12\xa8\x80\xa1a\xce\x00\x89T@\xa1h\x00-----'
04242019 14:38:21 [INFO]: b'RX:B\x00'
04242019 14:38:21 [INFO]: b'TX:M\x15\x84\xa1t\xcd\x02g\xa1r\xcd\x15\x1f\xa1p\xcd\x15\x11\xa1e\xcd\x01\xe0--'
04242019 14:38:21 [INFO]: b'RX:B\x00'
04242019 14:38:21 [INFO]: b'TX:M\x12\x83\xa1o\xce\x01\x12\xa8\x80\xa1a\xce\x00\x89T@\xa1h\x00-----'
04242019 14:38:21 [INFO]: b'RX:B\x00'
04242019 14:38:21 [INFO]: b'TX:M\x15\x84\xa1t\xcd\x02g\xa1r\xcd\x15\x1f\xa1p\xcd\x15\x11\xa1e\xcd\x01\xe0--'
04242019 14:38:21 [INFO]: b'RX:B\x00'
04242019 14:38:22 [INFO]: b'TX:M\x12\x83\xa1o\xce\x01\x12\xa8\x80\xa1a\xce\x00\x89T@\xa1h\x00-----'
04242019 14:38:22 [INFO]: b'RX:B\x00'
04242019 14:38:22 [INFO]: b'TX:M\x12\x83\xa1o\xce\x01\x12\xa8\x80\xa1a\xce\x00\x89T@\xa1h\x00-----'
04242019 14:38:22 [INFO]: b'RX:B\x00'
04242019 14:38:22 [INFO]: b'TX:M\x15\x84\xa1t\xcd\x02g\xa1r\xcd\x15\x1f\xa1p\xcd\x15\x11\xa1e\xcd\x01\xe0--'
04242019 14:38:22 [INFO]: b'RX:B\x00'
04242019 14:38:22 [INFO]: b'TX:M\x12\x83\xa1o\xce\x01\x12\xa8\x80\xa1a\xce\x00\x89T@\xa1h\x00-----'
04242019 14:38:23 [INFO]: b'RX:B\x00'
04242019 14:38:23 [INFO]: b'TX:M\x15\x84\xa1t\xcd\x02g\xa1r\xcd\x15\x1f\xa1p\xcd\x15\x11\xa1e\xcd\x01\xe0--'
04242019 14:38:23 [INFO]: b'RX:B\x00'
04242019 14:38:23 [INFO]: b'TX:M\x15\x84\xa1t\xcd\x02f\xa1r\xcd\x15\x1f\xa1p\xcd\x15\x11\xa1e\xcd\x01\xe0--'
04242019 14:38:23 [INFO]: b'RX:B\x00'
04242019 14:38:23 [INFO]: b'TX:M\x12\x83\xa1o\xce\x01\x12\xa8\x80\xa1a\xce\x00\x89T@\xa1h\x00-----'
04242019 14:38:23 [INFO]: b'RX:B\x00'
04242019 14:38:23 [INFO]: b'TX:M\x15\x84\xa1t\xcd\x02f\xa1r\xcd\x15\x1f\xa1p\xcd\x15\x11\xa1e\xcd\x01\xe0--'
04242019 14:38:24 [INFO]: b'RX:B\x00'
04242019 14:38:24 [INFO]: b'TX:M\x12\x83\xa1o\xce\x01\x12\xa8\x80\xa1a\xce\x00\x89T@\xa1h\x00-----'
04242019 14:38:24 [INFO]: b'RX:B\x00'
04242019 14:38:24 [INFO]: b'TX:M\x15\x84\xa1t\xcd\x02f\xa1r\xcd\x15\x1f\xa1p\xcd\x15\x11\xa1e\xcd\x01\xe0--'
04242019 14:38:24 [INFO]: b'RX:B\x00'
04242019 14:38:24 [INFO]: b'TX:M\x12\x83\xa1o\xce\x01\x12\xa8\x80\xa1a\xce\x00\x89T@\xa1h\x00-----'
04242019 14:38:25 [INFO]: b'RX:B\x00'
04242019 14:38:25 [INFO]: b'TX:M\x15\x84\xa1t\xcd\x02f\xa1r\xcd\x15\x1f\xa1p\xcd\x15\x11\xa1e\xcd\x01\xe0--'
04242019 14:38:25 [INFO]: b'RX:B\x00'
04242019 14:38:25 [INFO]: b'TX:M\x12\x83\xa1o\xce\x01\x12\xa8\x80\xa1a\xce\x00\x89T@\xa1h\x00-----'
04242019 14:38:25 [INFO]: b'RX:B\x00'
04242019 14:38:25 [INFO]: b'TX:M\x15\x84\xa1t\xcd\x02g\xa1r\xcd\x15\x1f\xa1p\xcd\x15\x11\xa1e\xcd\x01\xe0--'
04242019 14:38:25 [INFO]: b'RX:B\x00'
04242019 14:38:25 [INFO]: b'TX:M\x12\x83\xa1o\xce\x01\x12\xa8\x80\xa1a\xce\x00\x89T@\xa1h\x00-----'
04242019 14:38:26 [INFO]: b'RX:B\x00'
04242019 14:38:26 [INFO]: b'TX:M\x15\x84\xa1t\xcd\x02g\xa1r\xcd\x15\x1f\xa1p\xcd\x15\x11\xa1e\xcd\x01\xe0--'
04242019 14:38:26 [INFO]: b'RX:B\x00'
04242019 14:38:26 [INFO]: b'TX:M\x12\x83\xa1o\xce\x01\x12\xa8\x80\xa1a\xce\x00\x89T@\xa1h\x00-----'
04242019 14:38:26 [INFO]: b'RX:B\x00'
04242019 14:38:26 [INFO]: b'TX:M\x15\x84\xa1t\xcd\x02g\xa1r\xcd\x15\x1f\xa1p\xcd\x15\x11\xa1e\xcd\x01\xe0--'
04242019 14:38:27 [INFO]: b'RX:B\x00'
04242019 14:38:27 [INFO]: b'TX:M\x12\x83\xa1o\xce\x01\x12\xa8\x80\xa1a\xce\x00\x89T@\xa1h\x00-----'
04242019 14:38:27 [INFO]: b'RX:B\x00'
04242019 14:38:27 [INFO]: b'TX:M\x15\x84\xa1t\xcd\x02g\xa1r\xcd\x15\x1f\xa1p\xcd\x15\x11\xa1e\xcd\x01\xe0--'
04242019 14:38:27 [INFO]: b'RX:B\x00'
04242019 14:38:27 [INFO]: b'TX:M\x12\x83\xa1o\xce\x01\x12\xa8\x80\xa1a\xce\x00\x89T@\xa1h\x00-----'
04242019 14:38:27 [INFO]: b'RX:B\x00'
04242019 14:38:27 [INFO]: b'TX:M\x15\x84\xa1t\xcd\x02g\xa1r\xcd\x15\x1f\xa1p\xcd\x15\x11\xa1e\xcd\x01\xe0--'
04242019 14:38:28 [INFO]: b'RX:B\x00'
04242019 14:38:28 [INFO]: b'TX:M\x12\x83\xa1o\xce\x01\x12\xa8\x80\xa1a\xce\x00\x89T@\xa1h\x00-----'
04242019 14:38:28 [INFO]: b'RX:B\x00'
04242019 14:38:28 [INFO]: b'TX:M\x15\x84\xa1t\xcd\x02g\xa1r\xcd\x15\x1f\xa1p\xcd\x15\x11\xa1e\xcd\x01\xe0--'
04242019 14:38:28 [INFO]: b'RX:B\x00'
04242019 14:38:28 [INFO]: b'TX:M\x12\x83\xa1o\xce\x01\x12\xa8\x80\xa1a\xce\x00\x89T@\xa1h\x00-----'
04242019 14:38:28 [INFO]: b'RX:B\x00'
04242019 14:38:29 [INFO]: b'TX:M\x12\x83\xa1o\xce\x01\x12\xa8\x80\xa1a\xce\x00\x89T@\xa1h\x00-----'
04242019 14:38:29 [INFO]: b'RX:B\x00'
04242019 14:38:29 [INFO]: b'TX:M\x15\x84\xa1t\xcd\x02g\xa1r\xcd\x15\x1f\xa1p\xcd\x15\x10\xa1e\xcd\x01\xe0--'
04242019 14:38:29 [INFO]: b'RX:B\x00'
04242019 14:38:29 [INFO]: b'TX:M\x12\x83\xa1o\xce\x01\x12\xa8\x80\xa1a\xce\x00\x89T@\xa1h\x00-----'
04242019 14:38:29 [INFO]: b'RX:B\x00'
04242019 14:38:29 [INFO]: b'TX:M\x15\x84\xa1t\xcd\x02g\xa1r\xcd\x15\x1f\xa1p\xcd\x15\x10\xa1e\xcd\x01\xe0--'
04242019 14:38:30 [INFO]: b'RX:B\x00'
04242019 14:38:30 [INFO]: b'TX:M\x15\x84\xa1t\xcd\x02g\xa1r\xcd\x15\x1f\xa1p\xcd\x15\x11\xa1e\xcd\x01\xe0--'
04242019 14:38:30 [INFO]: b'RX:B\x00'
04242019 14:38:30 [INFO]: b'TX:M\x12\x83\xa1o\xce\x01\x12\xa8\x80\xa1a\xce\x00\x89T@\xa1h\x00-----'
04242019 14:38:30 [INFO]: b'RX:B\x00'
04242019 14:38:30 [INFO]: b'TX:M\x15\x84\xa1t\xcd\x02g\xa1r\xcd\x15\x1f\xa1p\xcd\x15\x11\xa1e\xcd\x01\xe0--'
04242019 14:38:30 [INFO]: b'RX:B\x00'
04242019 14:38:31 [INFO]: b'TX:M\x12\x83\xa1o\xce\x01\x12\xa8\x80\xa1a\xce\x00\x89T@\xa1h\x00-----'
04242019 14:38:31 [INFO]: b'RX:B\x00'
04242019 14:38:31 [INFO]: b'TX:M\x15\x84\xa1t\xcd\x02g\xa1r\xcd\x15\x1f\xa1p\xcd\x15\x11\xa1e\xcd\x01\xe0--'
04242019 14:38:31 [INFO]: b'RX:B\x00'
04242019 14:38:31 [INFO]: b'TX:M\x12\x83\xa1o\xce\x01\x12\xa8\x80\xa1a\xce\x00\x89T@\xa1h\x00-----'
04242019 14:38:31 [INFO]: b'RX:B\x00'
04242019 14:38:31 [INFO]: b'TX:M\x15\x84\xa1t\xcd\x02g\xa1r\xcd\x15\x1f\xa1p\xcd\x15\x11\xa1e\xcd\x01\xe0--'
04242019 14:38:32 [INFO]: b'RX:B\x00'
04242019 14:38:32 [INFO]: b'TX:M\x12\x83\xa1o\xce\x01\x12\xa8\x80\xa1a\xce\x00\x89T@\xa1h\x00-----'
04242019 14:38:32 [INFO]: b'RX:B\x00'
04242019 14:38:32 [ERROR]: Buffer overflow
04242019 14:38:32 [INFO]: b'TX:M\x12\x83\xa1o\xce\x01\x12\xa8\x80\xa1a\xce\x00\x89T@\xa1h\x00-----'
04242019 14:38:32 [INFO]: b'RX:B\x00'
04242019 14:38:32 [INFO]: b'TX:M\x15\x84\xa1t\xcd\x02f\xa1r\xcd\x15\x1f\xa1p\xcd\x15\x11\xa1e\xcd\x01\xe0--'
04242019 14:38:32 [INFO]: b'RX:B\x00'
04242019 14:38:33 [INFO]: b'TX:M\x12\x83\xa1o\xce\x01\x12\xa8\x80\xa1a\xce\x00\x89T@\xa1h\x00-----'
04242019 14:38:33 [INFO]: b'RX:B\x00'
04242019 14:38:33 [INFO]: b'TX:M\x15\x84\xa1t\xcd\x02f\xa1r\xcd\x15\x1f\xa1p\xcd\x15\x11\xa1e\xcd\x01\xe0--'
04242019 14:38:33 [INFO]: b'RX:B\x00'
04242019 14:38:33 [INFO]: b'TX:M\x15\x84\xa1t\xcd\x02f\xa1r\xcd\x15\x1f\xa1p\xcd\x15\x11\xa1e\xcd\x01\xe0--'
04242019 14:38:33 [INFO]: b'RX:B\x00'
04242019 14:38:33 [INFO]: b'TX:M\x12\x83\xa1o\xce\x01\x12\xa8\x80\xa1a\xce\x00\x89T@\xa1h\x00-----'
04242019 14:38:34 [INFO]: b'RX:B\x00'
04242019 14:38:34 [INFO]: b'TX:M\x15\x84\xa1t\xcd\x02g\xa1r\xcd\x15\x1f\xa1p\xcd\x15\x11\xa1e\xcd\x01\xe0--'
04242019 14:38:34 [INFO]: b'RX:B\x00'
04242019 14:38:34 [INFO]: b'TX:M\x12\x83\xa1o\xce\x01\x12\xa8\x80\xa1a\xce\x00\x89T@\xa1h\x00-----'
04242019 14:38:34 [INFO]: b'RX:B\x00'
04242019 14:38:34 [INFO]: b'TX:M\x15\x84\xa1t\xcd\x02g\xa1r\xcd\x15\x1f\xa1p\xcd\x15\x11\xa1e\xcd\x01\xe0--'
04242019 14:38:35 [INFO]: b'RX:B\x00'
04242019 14:38:35 [INFO]: b'TX:M\x12\x83\xa1o\xce\x01\x12\xa8\x80\xa1a\xce\x00\x89T@\xa1h\x00-----'
04242019 14:38:35 [INFO]: b'RX:B\x00'
04242019 14:38:35 [INFO]: b'TX:M\x15\x84\xa1t\xcd\x02f\xa1r\xcd\x15\x1f\xa1p\xcd\x15\x11\xa1e\xcd\x01\xe0--'
04242019 14:38:35 [INFO]: b'RX:B\x00'
04242019 14:38:35 [ERROR]: Buffer overflow
04242019 14:38:35 [INFO]: b'TX:M\x15\x84\xa1t\xcd\x02f\xa1r\xcd\x15\x1f\xa1p\xcd\x15\x10\xa1e\xcd\x01\xe0--'
04242019 14:38:35 [INFO]: b'RX:B\x00'
04242019 14:38:35 [INFO]: b'TX:M\x12\x83\xa1o\xce\x01\x12\xa8\x80\xa1a\xce\x00\x89T@\xa1h\x00-----'
04242019 14:38:36 [INFO]: b'RX:B\x00'
04242019 14:38:36 [INFO]: b'TX:M\x15\x84\xa1t\xcd\x02f\xa1r\xcd\x15\x1f\xa1p\xcd\x15\x10\xa1e\xcd\x01\xe0--'
04242019 14:38:36 [INFO]: b'RX:B\x00'
04242019 14:38:36 [INFO]: b'TX:M\x15\x84\xa1t\xcd\x02g\xa1r\xcd\x15\x1f\xa1p\xcd\x15\x11\xa1e\xcd\x01\xe0--'
04242019 14:38:36 [INFO]: b'RX:B\x00'
04242019 14:38:36 [INFO]: b'TX:M\x12\x83\xa1o\xce\x01\x12\xa8\x80\xa1a\xce\x00\x89T@\xa1h\x00-----'
04242019 14:38:37 [INFO]: b'RX:B\x00'
04242019 14:38:37 [INFO]: b'TX:M\x15\x84\xa1t\xcd\x02g\xa1r\xcd\x15\x1e\xa1p\xcd\x15\x11\xa1e\xcd\x01\xe0--'
04242019 14:38:37 [INFO]: b'RX:B\x00'
04242019 14:38:37 [INFO]: b'TX:M\x12\x83\xa1o\xce\x01\x12\xa8\x80\xa1a\xce\x00\x89T@\xa1h\x00-----'
04242019 14:38:37 [INFO]: b'RX:B\x00'
04242019 14:38:37 [INFO]: b'TX:M\x15\x84\xa1t\xcd\x02g\xa1r\xcd\x15\x1e\xa1p\xcd\x15\x11\xa1e\xcd\x01\xe0--'
04242019 14:38:37 [INFO]: b'RX:B\x00'
04242019 14:38:37 [INFO]: b'TX:M\x12\x83\xa1o\xce\x01\x12\xa8\x80\xa1a\xce\x00\x89T@\xa1h\x00-----'
04242019 14:38:38 [INFO]: b'RX:B\x00'
04242019 14:38:38 [INFO]: b'TX:M\x15\x84\xa1t\xcd\x02g\xa1r\xcd\x15\x1f\xa1p\xcd\x15\x10\xa1e\xcd\x01\xe0--'
04242019 14:38:38 [INFO]: b'RX:B\x00'
04242019 14:38:38 [INFO]: b'TX:M\x12\x83\xa1o\xce\x01\x12\xa8\x80\xa1a\xce\x00\x89T@\xa1h\x00-----'
04242019 14:38:38 [INFO]: b'RX:B\x00'
04242019 14:38:38 [INFO]: b'TX:M\x15\x84\xa1t\xcd\x02g\xa1r\xcd\x15\x1f\xa1p\xcd\x15\x10\xa1e\xcd\x01\xe0--'
04242019 14:38:38 [INFO]: b'RX:B\x00'
04242019 14:38:39 [ERROR]: Buffer overflow
04242019 14:38:39 [INFO]: b'TX:M\x15\x84\xa1t\xcd\x02g\xa1r\xcd\x15\x1e\xa1p\xcd\x15\x11\xa1e\xcd\x01\xe0--'
