04242019 23:59:27 [ERROR]: negative seek position -1
04242019 23:59:27 [INFO]: b'TX:M\x15\x84\xa1p\xcd\x15\r\xa1e\xcd\x01\xdd\xa1t\xcd\x02w\xa1r\xcd\x15\x1c--'
04242019 23:59:27 [INFO]: b'TX:M\x15\x84\xa1p\xcd\x15\r\xa1e\xcd\x01\xdd\xa1t\xcd\x02w\xa1r\xcd\x15\x1c--'
04242019 23:59:27 [INFO]: b'TX:M\x15\x84\xa1p\xcd\x15\r\xa1e\xcd\x01\xdd\xa1t\xcd\x02w\xa1r\xcd\x15\x1c--'
04242019 23:59:28 [INFO]: b'RX:B\x00'
04242019 23:59:28 [INFO]: b'TX:M\x15\x84\xa1p\xcd\x15\r\xa1e\xcd\x01\xdc\xa1t\xcd\x02w\xa1r\xcd\x15\x1c--'
04242019 23:59:28 [INFO]: b'RX:B\x00'
04242019 23:59:28 [INFO]: b'TX:M\x15\x84\xa1p\xcd\x15\r\xa1e\xcd\x01\xdd\xa1t\xcd\x02w\xa1r\xcd\x15\x1c--'
04242019 23:59:28 [INFO]: b'RX:B\x00'
04242019 23:59:28 [INFO]: b'TX:M\x12\x83\xa1h\x00\xa1o\xce\x01\x12\xa8\x80\xa1a\xce\x00\x89T@-----'
04242019 23:59:29 [INFO]: b'RX:B\x00'
04242019 23:59:29 [INFO]: b'TX:M\x12\x83\xa1h\x00\xa1o\xce\x01\x12\xa8\x80\xa1a\xce\x00\x89T@-----'
04242019 23:59:29 [INFO]: b'RX:B\x00'
04242019 23:59:29 [INFO]: b'TX:M\x12\x83\xa1h\x00\xa1o\xce\x01\x12\xa8\x80\xa1a\xce\x00\x89T@-----'
04242019 23:59:29 [INFO]: b'RX:B\x00'
04242019 23:59:29 [INFO]: b'TX:M\x12\x83\xa1h\x00\xa1o\xce\x01\x12\xa8\x80\xa1a\xce\x00\x89T@-----'
04242019 23:59:29 [INFO]: b'RX:B\x00'
04242019 23:59:30 [INFO]: b'TX:M\x12\x83\xa1h\x00\xa1o\xce\x01\x12\xa8\x80\xa1a\xce\x00\x89T@-----'
04242019 23:59:30 [INFO]: b'RX:B\x00'
04242019 23:59:30 [INFO]: b'TX:M\x15\x84\xa1p\xcd\x15\x0c\xa1e\xcd\x01\xdd\xa1t\xcd\x02w\xa1r\xcd\x15\x1c--'
04242019 23:59:30 [INFO]: b'RX:B\x00'
04242019 23:59:30 [INFO]: b'TX:M\x12\x83\xa1h\x00\xa1o\xce\x01\x12\xa8\x80\xa1a\xce\x00\x89T@-----'
04242019 23:59:30 [INFO]: b'RX:B\x00'
04242019 23:59:30 [INFO]: b'TX:M\x15\x84\xa1p\xcd\x15\x0c\xa1e\xcd\x01\xdd\xa1t\xcd\x02w\xa1r\xcd\x15\x1c--'
04242019 23:59:31 [INFO]: b'RX:B\x00'
04242019 23:59:31 [INFO]: b'TX:M\x12\x83\xa1h\x00\xa1o\xce\x01\x12\xa8\x80\xa1a\xce\x00\x89T@-----'
04242019 23:59:31 [INFO]: b'RX:B\x00'
04242019 23:59:31 [INFO]: b'TX:M\x15\x84\xa1p\xcd\x15\r\xa1e\xcd\x01\xdd\xa1t\xcd\x02w\xa1r\xcd\x15\x1c--'
04242019 23:59:31 [INFO]: b'RX:B\x00'
04242019 23:59:31 [INFO]: b'TX:M\x12\x83\xa1h\x00\xa1o\xce\x01\x12\xa8\x80\xa1a\xce\x00\x89T@-----'
04242019 23:59:32 [INFO]: b'RX:B\x00'
04242019 23:59:32 [INFO]: b'TX:M\x15\x84\xa1p\xcd\x15\r\xa1e\xcd\x01\xdc\xa1t\xcd\x02w\xa1r\xcd\x15\x1c--'
04242019 23:59:32 [INFO]: b'RX:B\x00'
04242019 23:59:32 [INFO]: b'TX:M\x12\x83\xa1h\x00\xa1o\xce\x01\x12\xa8\x80\xa1a\xce\x00\x89T@-----'
04242019 23:59:32 [WARNING]: WRONG CRC
04242019 23:59:32 [INFO]: b'TX:M\x15\x84\xa1p\xcd\x15\r\xa1e\xcd\x01\xdd\xa1t\xcd\x02w\xa1r\xcd\x15\x1b--'
04242019 23:59:32 [INFO]: b'RX:B\x00'
04242019 23:59:33 [INFO]: b'TX:M\x12\x83\xa1h\x00\xa1o\xce\x01\x12\xa8\x80\xa1a\xce\x00\x89T@-----'
04242019 23:59:33 [INFO]: b'RX:B\x00'
04242019 23:59:33 [INFO]: b'TX:M\x15\x84\xa1p\xcd\x15\x0c\xa1e\xcd\x01\xdd\xa1t\xcd\x02w\xa1r\xcd\x15\x1c--'
04242019 23:59:33 [INFO]: b'RX:B\x00'
04242019 23:59:33 [INFO]: b'TX:M\x12\x83\xa1h\x00\xa1o\xce\x01\x12\xa8\x80\xa1a\xce\x00\x89T@-----'
04242019 23:59:33 [INFO]: b'RX:B\x00'
04242019 23:59:33 [INFO]: b'TX:M\x12\x83\xa1h\x00\xa1o\xce\x01\x12\xa8\x80\xa1a\xce\x00\x89T@-----'
04242019 23:59:34 [INFO]: b'RX:B\x00'
04242019 23:59:34 [INFO]: b'TX:M\x15\x84\xa1p\xcd\x15\r\xa1e\xcd\x01\xdd\xa1t\xcd\x02w\xa1r\xcd\x15\x1c--'
04242019 23:59:34 [INFO]: b'RX:B\x00'
04242019 23:59:34 [INFO]: b'TX:M\x12\x83\xa1h\x00\xa1o\xce\x01\x12\xa8\x80\xa1a\xce\x00\x89T@-----'
04242019 23:59:34 [INFO]: b'RX:B\x00'
04242019 23:59:34 [INFO]: b'TX:M\x15\x84\xa1p\xcd\x15\x0c\xa1e\xcd\x01\xdd\xa1t\xcd\x02w\xa1r\xcd\x15\x1c--'
04242019 23:59:35 [INFO]: b'RX:B\x00'
04242019 23:59:35 [INFO]: b'TX:M\x12\x83\xa1h\x00\xa1o\xce\x01\x12\xa8\x80\xa1a\xce\x00\x89T@-----'
04242019 23:59:35 [INFO]: b'RX:B\x00'
04242019 23:59:35 [INFO]: b'TX:M\x15\x84\xa1p\xcd\x15\x0c\xa1e\xcd\x01\xdc\xa1t\xcd\x02w\xa1r\xcd\x15\x1c--'
04242019 23:59:35 [INFO]: b'RX:B\x00'
04242019 23:59:35 [INFO]: b'TX:M\x12\x83\xa1h\x00\xa1o\xce\x01\x12\xa8\x80\xa1a\xce\x00\x89T@-----'
04242019 23:59:35 [INFO]: b'RX:B\x00'
04242019 23:59:36 [INFO]: b'TX:M\x15\x84\xa1p\xcd\x15\x0c\xa1e\xcd\x01\xdd\xa1t\xcd\x02w\xa1r\xcd\x15\x1b--'
04242019 23:59:36 [INFO]: b'RX:B\x00'
04242019 23:59:36 [INFO]: b'TX:M\x12\x83\xa1h\x00\xa1o\xce\x01\x12\xa8\x80\xa1a\xce\x00\x89T@-----'
04242019 23:59:36 [INFO]: b'RX:B\x00'
04242019 23:59:36 [INFO]: b'TX:M\x15\x84\xa1p\xcd\x15\r\xa1e\xcd\x01\xdd\xa1t\xcd\x02w\xa1r\xcd\x15\x1b--'
04242019 23:59:36 [INFO]: b'RX:B\x00'
04242019 23:59:36 [INFO]: b'TX:M\x12\x83\xa1h\x00\xa1o\xce\x01\x12\xa8\x80\xa1a\xce\x00\x89T@-----'
04242019 23:59:37 [INFO]: b'RX:B\x00'
04242019 23:59:37 [INFO]: b'TX:M\x15\x84\xa1p\xcd\x15\r\xa1e\xcd\x01\xdd\xa1t\xcd\x02w\xa1r\xcd\x15\x1b--'
04242019 23:59:37 [INFO]: b'RX:B\x00'
04242019 23:59:37 [INFO]: b'TX:M\x12\x83\xa1h\x00\xa1o\xce\x01\x12\xa8\x80\xa1a\xce\x00\x89T@-----'
04242019 23:59:37 [INFO]: b'RX:B\x00'
04242019 23:59:37 [INFO]: b'TX:M\x15\x84\xa1p\xcd\x15\x0c\xa1e\xcd\x01\xdd\xa1t\xcd\x02w\xa1r\xcd\x15\x1c--'
04242019 23:59:38 [WARNING]: WRONG CRC
04242019 23:59:38 [INFO]: b'TX:M\x12\x83\xa1h\x00\xa1o\xce\x01\x12\xa8\x80\xa1a\xce\x00\x89T@-----'
04242019 23:59:38 [INFO]: b'RX:B\x00'
04242019 23:59:38 [INFO]: b'TX:M\x15\x84\xa1p\xcd\x15\r\xa1e\xcd\x01\xdd\xa1t\xcd\x02w\xa1r\xcd\x15\x1c--'
04242019 23:59:38 [INFO]: b'RX:B\x00'
04242019 23:59:38 [INFO]: b'TX:M\x12\x83\xa1h\x00\xa1o\xce\x01\x12\xa8\x80\xa1a\xce\x00\x89T@-----'
04242019 23:59:39 [INFO]: b'RX:B\x00'
04242019 23:59:39 [INFO]: b'TX:M\x15\x84\xa1p\xcd\x15\r\xa1e\xcd\x01\xdd\xa1t\xcd\x02w\xa1r\xcd\x15\x1c--'
04242019 23:59:39 [INFO]: b'RX:B\x00'
04242019 23:59:39 [INFO]: b'TX:M\x12\x83\xa1h\x00\xa1o\xce\x01\x12\xa8\x80\xa1a\xce\x00\x89T@-----'
04242019 23:59:39 [INFO]: b'RX:B\x00'
04242019 23:59:39 [INFO]: b'TX:M\x15\x84\xa1p\xcd\x15\r\xa1e\xcd\x01\xdd\xa1t\xcd\x02w\xa1r\xcd\x15\x1c--'
04242019 23:59:39 [INFO]: b'RX:B\x00'
04242019 23:59:40 [INFO]: b'TX:M\x12\x83\xa1h\x00\xa1o\xce\x01\x12\xa8\x80\xa1a\xce\x00\x89T@-----'
04242019 23:59:40 [INFO]: b'RX:B\x00'
04242019 23:59:40 [INFO]: b'TX:M\x15\x84\xa1p\xcd\x15\r\xa1e\xcd\x01\xdd\xa1t\xcd\x02w\xa1r\xcd\x15\x1c--'
04242019 23:59:40 [INFO]: b'RX:B\x00'
04242019 23:59:40 [INFO]: b'TX:M\x15\x84\xa1p\xcd\x15\r\xa1e\xcd\x01\xdd\xa1t\xcd\x02w\xa1r\xcd\x15\x1d--'
04242019 23:59:40 [INFO]: b'RX:B\x00'
04242019 23:59:40 [INFO]: b'TX:M\x12\x83\xa1h\x00\xa1o\xce\x01\x12\xa8\x80\xa1a\xce\x00\x89T@-----'
04242019 23:59:41 [INFO]: b'RX:B\x00'
04242019 23:59:41 [ERROR]: Buffer overflow
04242019 23:59:41 [INFO]: b'TX:M\x15\x84\xa1p\xcd\x15\r\xa1e\xcd\x01\xdd\xa1t\xcd\x02w\xa1r\xcd\x15\x1b--'
04242019 23:59:41 [INFO]: b'RX:B\x00'
04242019 23:59:41 [INFO]: b'TX:M\x12\x83\xa1h\x00\xa1o\xce\x01\x12\xa8\x80\xa1a\xce\x00\x89T@-----'
04242019 23:59:41 [INFO]: b'RX:B\x00'
04242019 23:59:41 [INFO]: b'TX:M\x15\x84\xa1p\xcd\x15\r\xa1e\xcd\x01\xdd\xa1t\xcd\x02w\xa1r\xcd\x15\x1c--'
04242019 23:59:42 [INFO]: b'RX:B\x00'
04242019 23:59:42 [INFO]: b'TX:M\x12\x83\xa1h\x00\xa1o\xce\x01\x12\xa8\x80\xa1a\xce\x00\x89T@-----'
04242019 23:59:42 [INFO]: b'RX:B\x00'
04242019 23:59:42 [INFO]: b'TX:M\x15\x84\xa1p\xcd\x15\r\xa1e\xcd\x01\xdd\xa1t\xcd\x02w\xa1r\xcd\x15\x1c--'
04242019 23:59:42 [INFO]: b'RX:B\x00'
04242019 23:59:42 [INFO]: b'TX:M\x12\x83\xa1h\x00\xa1o\xce\x01\x12\xa8\x80\xa1a\xce\x00\x89T@-----'
04242019 23:59:43 [INFO]: b'RX:B\x00'
04242019 23:59:43 [INFO]: b'TX:M\x15\x84\xa1p\xcd\x15\r\xa1e\xcd\x01\xdd\xa1t\xcd\x02w\xa1r\xcd\x15\x1c--'
04242019 23:59:43 [INFO]: b'RX:B\x00'
04242019 23:59:43 [INFO]: b'TX:M\x12\x83\xa1h\x00\xa1o\xce\x01\x12\xa8\x80\xa1a\xce\x00\x89T@-----'
04242019 23:59:43 [INFO]: b'RX:B\x00'
04242019 23:59:43 [INFO]: b'TX:M\x15\x84\xa1p\xcd\x15\x0c\xa1e\xcd\x01\xdd\xa1t\xcd\x02w\xa1r\xcd\x15\x1c--'
04242019 23:59:43 [INFO]: b'RX:B\x00'
04242019 23:59:43 [INFO]: b'TX:M\x12\x83\xa1h\x00\xa1o\xce\x01\x12\xa8\x80\xa1a\xce\x00\x89T@-----'
04242019 23:59:44 [INFO]: b'RX:B\x00'
04242019 23:59:44 [ERROR]: Buffer overflow
04242019 23:59:44 [INFO]: b'TX:M\x15\x84\xa1p\xcd\x15\x0c\xa1e\xcd\x01\xdd\xa1t\xcd\x02w\xa1r\xcd\x15\x1c--'
04242019 23:59:44 [INFO]: b'RX:B\x00'
04242019 23:59:44 [INFO]: b'TX:M\x12\x83\xa1h\x00\xa1o\xce\x01\x12\xa8\x80\xa1a\xce\x00\x89T@-----'
04242019 23:59:44 [INFO]: b'RX:B\x00'
04242019 23:59:44 [INFO]: b'TX:M\x15\x84\xa1p\xcd\x15\x0c\xa1e\xcd\x01\xdd\xa1t\xcd\x02w\xa1r\xcd\x15\x1c--'
04242019 23:59:45 [INFO]: b'RX:B\x00'
04242019 23:59:45 [INFO]: b'TX:M\x12\x83\xa1h\x00\xa1o\xce\x01\x12\xa8\x80\xa1a\xce\x00\x89T@-----'
04242019 23:59:45 [INFO]: b'RX:B\x00'
04242019 23:59:45 [INFO]: b'TX:M\x12\x83\xa1h\x00\xa1o\xce\x01\x12\xa8\x80\xa1a\xce\x00\x89T@-----'
04242019 23:59:45 [INFO]: b'RX:B\x00'
04242019 23:59:45 [INFO]: b'TX:M\x15\x84\xa1p\xcd\x15\x0c\xa1e\xcd\x01\xdd\xa1t\xcd\x02w\xa1r\xcd\x15\x1c--'
04242019 23:59:46 [INFO]: b'RX:B\x00'
04242019 23:59:46 [INFO]: b'TX:M\x12\x83\xa1h\x00\xa1o\xce\x01\x12\xa8\x80\xa1a\xce\x00\x89T@-----'
04242019 23:59:46 [INFO]: b'RX:B\x00'
04242019 23:59:46 [INFO]: b'TX:M\x15\x84\xa1p\xcd\x15\x0c\xa1e\xcd\x01\xdd\xa1t\xcd\x02w\xa1r\xcd\x15\x1c--'
