04242019 14:51:37 [INFO]: CMD: NULLCMD--

04242019 14:51:37 [INFO]: b'TX:M\x15\x84\xa1r\xcd\x15\x1f\xa1e\xcd\x01\xe2\xa1t\xcd\x02i\xa1p\xcd\x15\x10--'
04242019 14:51:37 [INFO]: b'RX:B\x00'
04242019 14:51:37 [INFO]: b'TX:M\x15\x84\xa1r\xcd\x15\x1f\xa1e\xcd\x01\xe2\xa1t\xcd\x02j\xa1p\xcd\x15\x10--'
04242019 14:51:37 [INFO]: b'RX:B\x00'
04242019 14:51:37 [INFO]: b'TX:M\x15\x84\xa1r\xcd\x15\x1f\xa1e\xcd\x01\xe2\xa1t\xcd\x02j\xa1p\xcd\x15\x10--'
04242019 14:51:37 [INFO]: b'RX:B\x00'
04242019 14:51:37 [INFO]: b'TX:M\x15\x84\xa1r\xcd\x15\x1f\xa1e\xcd\x01\xe2\xa1t\xcd\x02i\xa1p\xcd\x15\x10--'
04242019 14:51:38 [INFO]: b'RX:B\x00'
04242019 14:51:38 [INFO]: b'TX:M\x15\x84\xa1r\xcd\x15\x1e\xa1e\xcd\x01\xe2\xa1t\xcd\x02i\xa1p\xcd\x15\x0f--'
04242019 14:51:38 [INFO]: b'RX:B\x00'
04242019 14:51:38 [INFO]: b'TX:M\x12\x83\xa1h\x00\xa1a\xce\x00\x89T@\xa1o\xce\x01\x12\xa8\x80-----'
04242019 14:51:38 [INFO]: b'RX:B\x00'
04242019 14:51:38 [INFO]: b'TX:M\x12\x83\xa1h\x00\xa1a\xce\x00\x89T@\xa1o\xce\x01\x12\xa8\x80-----'
04242019 14:51:38 [INFO]: b'RX:B\x00'
04242019 14:51:39 [INFO]: b'TX:M\x12\x83\xa1h\x00\xa1a\xce\x00\x89T@\xa1o\xce\x01\x12\xa8\x80-----'
04242019 14:51:39 [INFO]: b'RX:B\x00'
04242019 14:51:39 [INFO]: b'TX:M\x12\x83\xa1h\x00\xa1a\xce\x00\x89T@\xa1o\xce\x01\x12\xa8\x80-----'
04242019 14:51:39 [INFO]: b'RX:B\x00'
04242019 14:51:39 [INFO]: b'TX:M\x12\x83\xa1h\x00\xa1a\xce\x00\x89T@\xa1o\xce\x01\x12\xa8\x80-----'
04242019 14:51:39 [INFO]: b'RX:B\x00'
04242019 14:51:39 [INFO]: b'TX:M\x15\x84\xa1r\xcd\x15\x1e\xa1e\xcd\x01\xe2\xa1t\xcd\x02i\xa1p\xcd\x15\x0f--'
04242019 14:51:40 [INFO]: b'RX:B\x00'
04242019 14:51:40 [INFO]: b'TX:M\x12\x83\xa1h\x00\xa1a\xce\x00\x89T@\xa1o\xce\x01\x12\xa8\x80-----'
04242019 14:51:40 [INFO]: b'RX:B\x00'
04242019 14:51:40 [INFO]: b'TX:M\x12\x83\xa1h\x00\xa1a\xce\x00\x89T@\xa1o\xce\x01\x12\xa8\x80-----'
04242019 14:51:40 [INFO]: b'RX:B\x00'
04242019 14:51:40 [INFO]: b'TX:M\x15\x84\xa1r\xcd\x15\x1f\xa1e\xcd\x01\xe1\xa1t\xcd\x02j\xa1p\xcd\x15\x10--'
04242019 14:51:40 [INFO]: b'RX:B\x00'
04242019 14:51:41 [INFO]: b'TX:M\x12\x83\xa1h\x00\xa1a\xce\x00\x89T@\xa1o\xce\x01\x12\xa8\x80-----'
04242019 14:51:41 [INFO]: b'RX:B\x00'
04242019 14:51:41 [INFO]: b'TX:M\x15\x84\xa1r\xcd\x15\x1f\xa1e\xcd\x01\xe1\xa1t\xcd\x02j\xa1p\xcd\x15\x10--'
04242019 14:51:41 [INFO]: b'RX:B\x00'
04242019 14:51:41 [INFO]: b'TX:M\x12\x83\xa1h\x00\xa1a\xce\x00\x89T@\xa1o\xce\x01\x12\xa8\x80-----'
04242019 14:51:41 [INFO]: b'RX:B\x00'
04242019 14:51:41 [INFO]: b'TX:M\x15\x84\xa1r\xcd\x15\x1e\xa1e\xcd\x01\xe2\xa1t\xcd\x02i\xa1p\xcd\x15\x10--'
04242019 14:51:42 [INFO]: b'RX:B\x00'
04242019 14:51:42 [INFO]: b'TX:M\x12\x83\xa1h\x00\xa1a\xce\x00\x89T@\xa1o\xce\x01\x12\xa8\x80-----'
04242019 14:51:42 [INFO]: b'RX:B\x00'
04242019 14:51:42 [INFO]: b'TX:M\x15\x84\xa1r\xcd\x15\x1f\xa1e\xcd\x01\xe2\xa1t\xcd\x02j\xa1p\xcd\x15\x10--'
04242019 14:51:42 [INFO]: b'RX:B\x00'
04242019 14:51:42 [INFO]: b'TX:M\x12\x83\xa1h\x00\xa1a\xce\x00\x89T@\xa1o\xce\x01\x12\xa8\x80-----'
04242019 14:51:42 [INFO]: b'RX:B\x00'
04242019 14:51:43 [INFO]: b'TX:M\x15\x84\xa1r\xcd\x15\x1f\xa1e\xcd\x01\xe2\xa1t\xcd\x02j\xa1p\xcd\x15\x10--'
04242019 14:51:43 [INFO]: b'RX:B\x00'
04242019 14:51:43 [INFO]: b'TX:M\x12\x83\xa1h\x00\xa1a\xce\x00\x89T@\xa1o\xce\x01\x12\xa8\x80-----'
04242019 14:51:43 [INFO]: b'RX:B\x00'
04242019 14:51:43 [INFO]: b'TX:M\x15\x84\xa1r\xcd\x15\x1f\xa1e\xcd\x01\xe2\xa1t\xcd\x02i\xa1p\xcd\x15\x10--'
04242019 14:51:43 [INFO]: b'RX:B\x00'
04242019 14:51:43 [INFO]: b'TX:M\x12\x83\xa1h\x00\xa1a\xce\x00\x89T@\xa1o\xce\x01\x12\xa8\x80-----'
04242019 14:51:44 [INFO]: b'RX:B\x00'
04242019 14:51:44 [INFO]: b'TX:M\x15\x84\xa1r\xcd\x15\x1f\xa1e\xcd\x01\xe2\xa1t\xcd\x02i\xa1p\xcd\x15\x10--'
04242019 14:51:44 [INFO]: b'RX:B\x00'
04242019 14:51:44 [INFO]: b'TX:M\x12\x83\xa1h\x00\xa1a\xce\x00\x89T@\xa1o\xce\x01\x12\xa8\x80-----'
04242019 14:51:44 [INFO]: b'RX:B\x00'
04242019 14:51:44 [INFO]: b'TX:M\x15\x84\xa1r\xcd\x15\x1f\xa1e\xcd\x01\xe1\xa1t\xcd\x02j\xa1p\xcd\x15\x10--'
04242019 14:51:45 [INFO]: b'RX:B\x00'
04242019 14:51:45 [INFO]: b'TX:M\x15\x84\xa1r\xcd\x15\x1f\xa1e\xcd\x01\xe1\xa1t\xcd\x02j\xa1p\xcd\x15\x10--'
04242019 14:51:45 [INFO]: b'RX:B\x00'
04242019 14:51:45 [INFO]: b'TX:M\x12\x83\xa1h\x00\xa1a\xce\x00\x89T@\xa1o\xce\x01\x12\xa8\x80-----'
04242019 14:51:45 [INFO]: b'RX:B\x00'
04242019 14:51:45 [INFO]: b'TX:M\x15\x84\xa1r\xcd\x15\x1e\xa1e\xcd\x01\xe1\xa1t\xcd\x02i\xa1p\xcd\x15\x10--'
04242019 14:51:45 [INFO]: b'RX:B\x00'
04242019 14:51:45 [INFO]: b'TX:M\x12\x83\xa1h\x00\xa1a\xce\x00\x89T@\xa1o\xce\x01\x12\xa8\x80-----'
04242019 14:51:46 [INFO]: b'RX:B\x00'
04242019 14:51:46 [INFO]: b'TX:M\x15\x84\xa1r\xcd\x15\x1f\xa1e\xcd\x01\xe2\xa1t\xcd\x02i\xa1p\xcd\x15\x10--'
04242019 14:51:46 [INFO]: b'RX:B\x00'
04242019 14:51:46 [INFO]: b'TX:M\x12\x83\xa1h\x00\xa1a\xce\x00\x89T@\xa1o\xce\x01\x12\xa8\x80-----'
04242019 14:51:46 [INFO]: b'RX:B\x00'
04242019 14:51:46 [INFO]: b'TX:M\x15\x84\xa1r\xcd\x15\x1f\xa1e\xcd\x01\xe2\xa1t\xcd\x02i\xa1p\xcd\x15\x10--'
04242019 14:51:47 [INFO]: b'RX:B\x00'
04242019 14:51:47 [INFO]: b'TX:M\x12\x83\xa1h\x00\xa1a\xce\x00\x89T@\xa1o\xce\x01\x12\xa8\x80-----'
04242019 14:51:47 [INFO]: b'RX:B\x00'
04242019 14:51:47 [INFO]: b'TX:M\x12\x83\xa1h\x00\xa1a\xce\x00\x89T@\xa1o\xce\x01\x12\xa8\x80-----'
04242019 14:51:47 [INFO]: b'RX:B\x00'
04242019 14:51:47 [INFO]: b'TX:M\x15\x84\xa1r\xcd\x15\x1f\xa1e\xcd\x01\xe2\xa1t\xcd\x02i\xa1p\xcd\x15\x10--'
04242019 14:51:47 [INFO]: b'RX:B\x00'
04242019 14:51:47 [INFO]: b'TX:M\x12\x83\xa1h\x00\xa1a\xce\x00\x89T@\xa1o\xce\x01\x12\xa8\x80-----'
04242019 14:51:48 [INFO]: b'RX:B\x00'
04242019 14:51:48 [INFO]: b'TX:M\x15\x84\xa1r\xcd\x15\x1f\xa1e\xcd\x01\xe2\xa1t\xcd\x02i\xa1p\xcd\x15\x10--'
04242019 14:51:48 [INFO]: b'RX:B\x00'
04242019 14:51:48 [INFO]: b'TX:M\x12\x83\xa1h\x00\xa1a\xce\x00\x89T@\xa1o\xce\x01\x12\xa8\x80-----'
04242019 14:51:48 [INFO]: b'RX:B\x00'
04242019 14:51:48 [INFO]: b'TX:M\x15\x84\xa1r\xcd\x15\x1f\xa1e\xcd\x01\xe2\xa1t\xcd\x02i\xa1p\xcd\x15\x10--'
04242019 14:51:49 [INFO]: b'RX:B\x00'
04242019 14:51:49 [INFO]: b'TX:M\x12\x83\xa1h\x00\xa1a\xce\x00\x89T@\xa1o\xce\x01\x12\xa8\x80-----'
04242019 14:51:49 [INFO]: b'RX:B\x00'
04242019 14:51:49 [INFO]: b'TX:M\x15\x84\xa1r\xcd\x15\x1f\xa1e\xcd\x01\xe2\xa1t\xcd\x02j\xa1p\xcd\x15\x10--'
04242019 14:51:49 [INFO]: b'RX:B\x00'
04242019 14:51:49 [INFO]: b'TX:M\x12\x83\xa1h\x00\xa1a\xce\x00\x89T@\xa1o\xce\x01\x12\xa8\x80-----'
04242019 14:51:49 [INFO]: b'RX:B\x00'
04242019 14:51:49 [INFO]: b'TX:M\x15\x84\xa1r\xcd\x15\x1f\xa1e\xcd\x01\xe2\xa1t\xcd\x02j\xa1p\xcd\x15\x10--'
04242019 14:51:50 [INFO]: b'RX:B\x00'
04242019 14:51:50 [INFO]: b'TX:M\x12\x83\xa1h\x00\xa1a\xce\x00\x89T@\xa1o\xce\x01\x12\xa8\x80-----'
04242019 14:51:50 [INFO]: b'RX:B\x00'
04242019 14:51:50 [INFO]: b'TX:M\x15\x84\xa1r\xcd\x15\x1f\xa1e\xcd\x01\xe1\xa1t\xcd\x02j\xa1p\xcd\x15\x0f--'
04242019 14:51:50 [INFO]: b'RX:B\x00'
04242019 14:51:50 [INFO]: b'TX:M\x12\x83\xa1h\x00\xa1a\xce\x00\x89T@\xa1o\xce\x01\x12\xa8\x80-----'
04242019 14:51:51 [INFO]: b'RX:B\x00'
04242019 14:51:51 [INFO]: b'TX:M\x15\x84\xa1r\xcd\x15\x1f\xa1e\xcd\x01\xe1\xa1t\xcd\x02j\xa1p\xcd\x15\x0f--'
04242019 14:51:51 [INFO]: b'RX:B\x00'
04242019 14:51:51 [ERROR]: Buffer overflow
04242019 14:51:51 [INFO]: b'TX:M\x15\x84\xa1r\xcd\x15\x1f\xa1e\xcd\x01\xe1\xa1t\xcd\x02i\xa1p\xcd\x15\x10--'
04242019 14:51:51 [INFO]: b'RX:B\x00'
04242019 14:51:51 [INFO]: b'TX:M\x12\x83\xa1h\x00\xa1a\xce\x00\x89T@\xa1o\xce\x01\x12\xa8\x80-----'
04242019 14:51:51 [INFO]: b'RX:B\x00'
04242019 14:51:51 [INFO]: b'TX:M\x12\x83\xa1h\x00\xa1a\xce\x00\x89T@\xa1o\xce\x01\x12\xa8\x80-----'
04242019 14:51:52 [INFO]: b'RX:B\x00'
04242019 14:51:52 [INFO]: b'TX:M\x15\x84\xa1r\xcd\x15\x1f\xa1e\xcd\x01\xe1\xa1t\xcd\x02i\xa1p\xcd\x15\x10--'
04242019 14:51:52 [WARNING]: WRONG CRC
04242019 14:51:52 [INFO]: b'TX:M\x12\x83\xa1h\x00\xa1a\xce\x00\x89T@\xa1o\xce\x01\x12\xa8\x80-----'
04242019 14:51:52 [INFO]: b'RX:B\x00'
04242019 14:51:52 [INFO]: b'TX:M\x15\x84\xa1r\xcd\x15\x1e\xa1e\xcd\x01\xe1\xa1t\xcd\x02j\xa1p\xcd\x15\x10--'
04242019 14:51:53 [INFO]: b'RX:B\x00'
04242019 14:51:53 [INFO]: b'TX:M\x12\x83\xa1h\x00\xa1a\xce\x00\x89T@\xa1o\xce\x01\x12\xa8\x80-----'
04242019 14:51:53 [INFO]: b'TX:M\x15\x84\xa1r\xcd\x15\x1f\xa1e\xcd\x01\xe1\xa1t\xcd\x02j\xa1p\xcd\x15\x10--'
04242019 14:51:53 [INFO]: b'RX:B\x00'
04242019 14:51:53 [INFO]: b'TX:M\x12\x83\xa1h\x00\xa1a\xce\x00\x89T@\xa1o\xce\x01\x12\xa8\x80-----'
04242019 14:51:53 [INFO]: b'RX:B\x00'
04242019 14:51:53 [INFO]: b'TX:M\x15\x84\xa1r\xcd\x15\x1f\xa1e\xcd\x01\xe1\xa1t\xcd\x02j\xa1p\xcd\x15\x10--'
04242019 14:51:54 [INFO]: b'RX:B\x00'
04242019 14:51:54 [INFO]: b'TX:M\x12\x83\xa1h\x00\xa1a\xce\x00\x89T@\xa1o\xce\x01\x12\xa8\x80-----'
04242019 14:51:54 [INFO]: b'RX:\xc2\x00'
04242019 14:51:54 [INFO]: b'TX:M\x15\x84\xa1r\xcd\x15\x1e\xa1e\xcd\x01\xe2\xa1t\xcd\x02j\xa1p\xcd\x15\x10--'
04242019 14:51:54 [INFO]: b'RX:B\x00'
04242019 14:51:54 [ERROR]: Buffer overflow
04242019 14:51:54 [INFO]: b'TX:M\x15\x84\xa1r\xcd\x15\x1f\xa1e\xcd\x01\xe1\xa1t\xcd\x02j\xa1p\xcd\x15\x10--'
04242019 14:51:55 [INFO]: b'RX:B\x00'
04242019 14:51:55 [INFO]: b'TX:M\x12\x83\xa1h\x00\xa1a\xce\x00\x89T@\xa1o\xce\x01\x12\xa8\x80-----'
04242019 14:51:55 [INFO]: b'RX:T66666\xe4'
04242019 14:51:55 [INFO]: CMD: 51046----

04242019 14:51:55 [INFO]: b'TX:M\x15\x84\xa1r\xcd\x15\x1f\xa1e\xcd\x01\xe1\xa1t\xcd\x02j\xa1p\xcd\x15\x10--'
04242019 14:51:55 [INFO]: b'TX:M\x12\x83\xa1h\x00\xa1a\xce\x00\x89T@\xa1o\xce\x01\x12\xa8\x80-----'
04242019 14:51:55 [INFO]: b'TX:M\x12\x83\xa1h\x00\xa1a\xce\x00\x89T@\xa1o\xce\x01\x12\xa8\x80-----'
04242019 14:51:56 [INFO]: b'RX:B\x00'
04242019 14:51:56 [INFO]: b'TX:M\x15\x84\xa1r\xcd\x15\x1f\xa1e\xcd\x01\xe1\xa1t\xcd\x02j\xa1p\xcd\x15\x10--'
04242019 14:51:56 [WARNING]: WRONG CRC
04242019 14:51:56 [INFO]: b'TX:M\x12\x83\xa1h\x00\xa1a\xce\x00\x89T@\xa1o\xce\x01\x12\xa8\x80-----'
04242019 14:51:56 [INFO]: b'RX:B\x00'
04242019 14:51:56 [INFO]: b'TX:M\x15\x84\xa1r\xcd\x15\x1e\xa1e\xcd\x01\xe1\xa1t\xcd\x02j\xa1p\xcd\x15\x10--'
04242019 14:51:57 [WARNING]: WRONG CRC
04242019 14:51:57 [INFO]: b'TX:M\x12\x83\xa1h\x00\xa1a\xce\x00\x89T@\xa1o\xce\x01\x12\xa8\x80-----'
04242019 14:51:57 [INFO]: b'TX:M\x15\x84\xa1r\xcd\x15\x1f\xa1e\xcd\x01\xe2\xa1t\xcd\x02j\xa1p\xcd\x15\x10--'
04242019 14:51:57 [INFO]: b'TX:M\x12\x83\xa1h\x00\xa1a\xce\x00\x89T@\xa1o\xce\x01\x12\xa8\x80-----'
04242019 14:51:57 [INFO]: b'RX:B\x00'
04242019 14:51:58 [INFO]: b'TX:M\x15\x84\xa1r\xcd\x15\x1f\xa1e\xcd\x01\xe2\xa1t\xcd\x02j\xa1p\xcd\x15\x10--'
04242019 14:51:58 [INFO]: b'RX:B\x00'
04242019 14:51:58 [ERROR]: Buffer overflow
04242019 14:51:58 [INFO]: b'TX:M\x12\x83\xa1h\x00\xa1a\xce\x00\x89T@\xa1o\xce\x01\x12\xa8\x80-----'
04242019 14:51:58 [INFO]: b'RX:B\x00'
04242019 14:51:58 [INFO]: b'TX:M\x15\x84\xa1r\xcd\x15\x1f\xa1e\xcd\x01\xe1\xa1t\xcd\x02j\xa1p\xcd\x15\x10--'
04242019 14:51:58 [WARNING]: WRONG CRC
04242019 14:51:58 [INFO]: b'TX:M\x12\x83\xa1h\x00\xa1a\xce\x00\x89T@\xa1o\xce\x01\x12\xa8\x80-----'
04242019 14:51:59 [INFO]: b'TX:M\x15\x84\xa1r\xcd\x15\x1f\xa1e\xcd\x01\xe1\xa1t\xcd\x02j\xa1p\xcd\x15\x10--'
04242019 14:51:59 [INFO]: b'RX:B\x00'
04242019 14:51:59 [INFO]: b'TX:M\x15\x84\xa1r\xcd\x15\x1f\xa1e\xcd\x01\xe1\xa1t\xcd\x02j\xa1p\xcd\x15\x10--'
04242019 14:51:59 [INFO]: b'RX:B\x00'
04242019 14:51:59 [INFO]: b'TX:M\x12\x83\xa1h\x00\xa1a\xce\x00\x89T@\xa1o\xce\x01\x12\xa8\x80-----'
04242019 14:51:59 [INFO]: b'RX:B\x00'
04242019 14:52:00 [INFO]: b'TX:M\x12\x83\xa1h\x00\xa1a\xce\x00\x89T@\xa1o\xce\x01\x12\xa8\x80-----'
04242019 14:52:00 [INFO]: b'RX:B\x00'
04242019 14:52:00 [INFO]: b'TX:M\x15\x84\xa1r\xcd\x15\x1e\xa1e\xcd\x01\xe1\xa1t\xcd\x02j\xa1p\xcd\x15\x10--'
04242019 14:52:00 [INFO]: b'TX:M\x12\x83\xa1h\x00\xa1a\xce\x00\x89T@\xa1o\xce\x01\x12\xa8\x80-----'
04242019 14:52:00 [INFO]: b'TX:M\x15\x84\xa1r\xcd\x15\x1e\xa1e\xcd\x01\xe1\xa1t\xcd\x02j\xa1p\xcd\x15\x10--'
04242019 14:52:01 [INFO]: b'TX:M\x12\x83\xa1h\x00\xa1a\xce\x00\x89T@\xa1o\xce\x01\x12\xa8\x80-----'
04242019 14:52:01 [INFO]: b'TX:M\x15\x84\xa1r\xcd\x15\x1e\xa1e\xcd\x01\xe1\xa1t\xcd\x02j\xa1p\xcd\x15\x10--'
04242019 14:52:01 [ERROR]: Buffer overflow
04242019 14:52:01 [INFO]: b'TX:M\x12\x83\xa1h\x00\xa1a\xce\x00\x89T@\xa1o\xce\x01\x12\xa8\x80-----'
04242019 14:52:01 [INFO]: b'RX:T66666\xe4'
04242019 14:52:02 [INFO]: CMD: 51046----

04242019 14:52:02 [INFO]: b'TX:M\x15\x84\xa1r\xcd\x15\x1f\xa1e\xcd\x01\xe1\xa1t\xcd\x02j\xa1p\xcd\x15\x10--'
04242019 14:52:02 [INFO]: b'RX:B\x00'
04242019 14:52:02 [INFO]: b'TX:M\x12\x83\xa1h\x00\xa1a\xce\x00\x89T@\xa1o\xce\x01\x12\xa8\x80-----'
04242019 14:52:02 [INFO]: b'RX:B\x00'
04242019 14:52:02 [INFO]: b'TX:M\x15\x84\xa1r\xcd\x15\x1f\xa1e\xcd\x01\xe1\xa1t\xcd\x02j\xa1p\xcd\x15\x10--'
04242019 14:52:02 [INFO]: b'TX:M\x12\x83\xa1h\x00\xa1a\xce\x00\x89T@\xa1o\xce\x01\x12\xa8\x80-----'
04242019 14:52:03 [INFO]: b'RX:B\x00'
04242019 14:52:03 [INFO]: b'TX:M\x15\x84\xa1r\xcd\x15\x1f\xa1e\xcd\x01\xe1\xa1t\xcd\x02j\xa1p\xcd\x15\x10--'
04242019 14:52:03 [INFO]: b'RX:(\x00'
04242019 14:52:03 [INFO]: b'TX:M\x12\x83\xa1h\x00\xa1a\xce\x00\x89T@\xa1o\xce\x01\x12\xa8\x80-----'
04242019 14:52:03 [INFO]: b'RX:B\x00'
04242019 14:52:03 [INFO]: b'TX:M\x15\x84\xa1r\xcd\x15\x1f\xa1e\xcd\x01\xe1\xa1t\xcd\x02j\xa1p\xcd\x15\x0f--'
04242019 14:52:03 [INFO]: b'RX:B\x00'
04242019 14:52:04 [INFO]: b'TX:M\x12\x83\xa1h\x00\xa1a\xce\x00\x89T@\xa1o\xce\x01\x12\xa8\x80-----'
04242019 14:52:04 [INFO]: b'RX:B\x00'
04242019 14:52:04 [INFO]: b'TX:M\x15\x84\xa1r\xcd\x15\x1f\xa1e\xcd\x01\xe1\xa1t\xcd\x02j\xa1p\xcd\x15\x0f--'
04242019 14:52:04 [INFO]: b'RX:\xdb\x00'
04242019 14:52:04 [INFO]: b'TX:M\x12\x83\xa1h\x00\xa1a\xce\x00\x89T@\xa1o\xce\x01\x12\xa8\x80-----'
04242019 14:52:04 [INFO]: b'RX:B\x00'
04242019 14:52:04 [ERROR]: Buffer overflow
04242019 14:52:04 [INFO]: b'TX:M\x15\x84\xa1r\xcd\x15\x1e\xa1e\xcd\x01\xe1\xa1t\xcd\x02j\xa1p\xcd\x15\x10--'
04242019 14:52:05 [INFO]: b'RX:B\x00'
04242019 14:52:05 [INFO]: b'TX:M\x12\x83\xa1h\x00\xa1a\xce\x00\x89T@\xa1o\xce\x01\x12\xa8\x80-----'
04242019 14:52:05 [INFO]: b'RX:B\x00'
04242019 14:52:05 [INFO]: b'TX:M\x15\x84\xa1r\xcd\x15\x1f\xa1e\xcd\x01\xe1\xa1t\xcd\x02j\xa1p\xcd\x15\x10--'
04242019 14:52:05 [INFO]: b'RX:B\x00'
04242019 14:52:05 [INFO]: b'TX:M\x12\x83\xa1h\x00\xa1a\xce\x00\x89T@\xa1o\xce\x01\x12\xa8\x80-----'
04242019 14:52:06 [INFO]: b'RX:B\x00'
04242019 14:52:06 [INFO]: b'TX:M\x15\x84\xa1r\xcd\x15\x1f\xa1e\xcd\x01\xe1\xa1t\xcd\x02j\xa1p\xcd\x15\x10--'
04242019 14:52:06 [INFO]: b'RX:B\x00'
04242019 14:52:06 [INFO]: b'TX:M\x12\x83\xa1h\x00\xa1a\xce\x00\x89T@\xa1o\xce\x01\x12\xa8\x80-----'
04242019 14:52:06 [INFO]: b'RX:B\x00'
04242019 14:52:06 [INFO]: b'TX:M\x15\x84\xa1r\xcd\x15\x1f\xa1e\xcd\x01\xe1\xa1t\xcd\x02j\xa1p\xcd\x15\x0f--'
04242019 14:52:06 [INFO]: b'RX:B\x00'
04242019 14:52:06 [INFO]: b'TX:M\x12\x83\xa1h\x00\xa1a\xce\x00\x89T@\xa1o\xce\x01\x12\xa8\x80-----'
04242019 14:52:07 [INFO]: b'RX:B\x00'
04242019 14:52:07 [INFO]: b'TX:M\x15\x84\xa1r\xcd\x15\x1f\xa1e\xcd\x01\xe1\xa1t\xcd\x02j\xa1p\xcd\x15\x0f--'
04242019 14:52:07 [INFO]: b'RX:B\x00'
04242019 14:52:07 [INFO]: b'TX:M\x12\x83\xa1h\x00\xa1a\xce\x00\x89T@\xa1o\xce\x01\x12\xa8\x80-----'
04242019 14:52:07 [INFO]: b'RX:B\x00'
04242019 14:52:07 [INFO]: b'TX:M\x15\x84\xa1r\xcd\x15\x1f\xa1e\xcd\x01\xe1\xa1t\xcd\x02j\xa1p\xcd\x15\x0f--'
04242019 14:52:07 [INFO]: b'RX:B\x00'
04242019 14:52:08 [INFO]: b'TX:M\x12\x83\xa1h\x00\xa1a\xce\x00\x89T@\xa1o\xce\x01\x12\xa8\x80-----'
04242019 14:52:08 [WARNING]: WRONG CRC
