04272019 05:05:05 [ERROR]: negative seek position -2
04272019 05:05:05 [INFO]: b'TX:M\x15\x84\xa1e\xcd\x03\xe3\xa1p\xcd\x15\x08\xa1t\xcd\x02k\xa1r\xcd\x06\xfa--'
04272019 05:05:06 [INFO]: b'RX:B\x00'
04272019 05:05:06 [INFO]: b'TX:M\x15\x84\xa1e\xcd\x03\xe3\xa1p\xcd\x15\x08\xa1t\xcd\x02k\xa1r\xcd\x06\xf9--'
04272019 05:05:06 [INFO]: b'RX:B\x00'
04272019 05:05:06 [INFO]: b'TX:M\x15\x84\xa1e\xcd\x03\xe3\xa1p\xcd\x15\x08\xa1t\xcd\x02k\xa1r\xcd\x06\xf9--'
04272019 05:05:06 [INFO]: b'RX:B\x00'
04272019 05:05:06 [INFO]: b'TX:M\x15\x84\xa1e\xcd\x03\xe3\xa1p\xcd\x15\x08\xa1t\xcd\x02k\xa1r\xcd\x06\xfa--'
04272019 05:05:07 [INFO]: b'RX:B\x00'
04272019 05:05:07 [INFO]: b'TX:M\x15\x84\xa1e\xcd\x03\xe3\xa1p\xcd\x15\x08\xa1t\xcd\x02k\xa1r\xcd\x06\xfa--'
04272019 05:05:07 [INFO]: b'RX:B\x00'
04272019 05:05:07 [INFO]: b'TX:M\x12\x83\xa1a\xce\x00\x89T@\xa1o\xce\x01\x12\xa8\x80\xa1h\x00-----'
04272019 05:05:07 [INFO]: b'RX:B\x00'
04272019 05:05:07 [INFO]: b'TX:M\x12\x83\xa1a\xce\x00\x89T@\xa1o\xce\x01\x12\xa8\x80\xa1h\x00-----'
04272019 05:05:07 [INFO]: b'RX:B\x00'
04272019 05:05:07 [INFO]: b'TX:M\x12\x83\xa1a\xce\x00\x89T@\xa1o\xce\x01\x12\xa8\x80\xa1h\x00-----'
04272019 05:05:08 [INFO]: b'RX:B\x00'
04272019 05:05:08 [INFO]: b'TX:M\x12\x83\xa1a\xce\x00\x89T@\xa1o\xce\x01\x12\xa8\x80\xa1h\x00-----'
04272019 05:05:08 [WARNING]: WRONG CRC
04272019 05:05:08 [INFO]: b'TX:M\x12\x83\xa1a\xce\x00\x89T@\xa1o\xce\x01\x12\xa8\x80\xa1h\x00-----'
04272019 05:05:08 [INFO]: b'TX:M\x15\x84\xa1e\xcd\x03\xe3\xa1p\xcd\x15\x08\xa1t\xcd\x02k\xa1r\xcd\x06\xf9--'
04272019 05:05:09 [INFO]: b'TX:M\x12\x83\xa1a\xce\x00\x89T@\xa1o\xce\x01\x12\xa8\x80\xa1h\x00-----'
04272019 05:05:09 [INFO]: b'RX:B\x00'
04272019 05:05:09 [INFO]: b'TX:M\x15\x84\xa1e\xcd\x03\xe3\xa1p\xcd\x15\x08\xa1t\xcd\x02k\xa1r\xcd\x06\xf7--'
04272019 05:05:09 [INFO]: b'RX:B\x00'
04272019 05:05:09 [INFO]: b'TX:M\x12\x83\xa1a\xce\x00\x89T@\xa1o\xce\x01\x12\xa8\x80\xa1h\x00-----'
04272019 05:05:09 [INFO]: b'RX:B\x00'
04272019 05:05:09 [INFO]: b'TX:M\x15\x84\xa1e\xcd\x03\xe3\xa1p\xcd\x15\x08\xa1t\xcd\x02k\xa1r\xcd\x06\xf7--'
04272019 05:05:10 [INFO]: b'RX:B\x00'
04272019 05:05:10 [INFO]: b'TX:M\x12\x83\xa1a\xce\x00\x89T@\xa1o\xce\x01\x12\xa8\x80\xa1h\x00-----'
04272019 05:05:10 [INFO]: b'RX:B\x00'
04272019 05:05:10 [INFO]: b'TX:M\x15\x84\xa1e\xcd\x03\xe3\xa1p\xcd\x15\x08\xa1t\xcd\x02k\xa1r\xcd\x06\xf7--'
04272019 05:05:10 [INFO]: b'RX:B\x00'
04272019 05:05:11 [INFO]: b'TX:M\x12\x83\xa1a\xce\x00\x89T@\xa1o\xce\x01\x12\xa8\x80\xa1h\x00-----'
04272019 05:05:11 [INFO]: b'RX:B\x00'
04272019 05:05:11 [INFO]: b'TX:M\x15\x84\xa1e\xcd\x03\xe3\xa1p\xcd\x15\x08\xa1t\xcd\x02k\xa1r\xcd\x06\xf7--'
04272019 05:05:11 [INFO]: b'RX:B\x00'
04272019 05:05:11 [INFO]: b'TX:M\x12\x83\xa1a\xce\x00\x89T@\xa1o\xce\x01\x12\xa8\x80\xa1h\x00-----'
04272019 05:05:11 [INFO]: b'RX:B\x00'
04272019 05:05:11 [INFO]: b'TX:M\x15\x84\xa1e\xcd\x03\xe3\xa1p\xcd\x15\x08\xa1t\xcd\x02k\xa1r\xcd\x06\xf8--'
04272019 05:05:12 [INFO]: b'RX:B\x00'
04272019 05:05:12 [INFO]: b'TX:M\x12\x83\xa1a\xce\x00\x89T@\xa1o\xce\x01\x12\xa8\x80\xa1h\x00-----'
04272019 05:05:12 [INFO]: b'RX:B\x00'
04272019 05:05:12 [INFO]: b'TX:M\x15\x84\xa1e\xcd\x03\xe3\xa1p\xcd\x15\t\xa1t\xcd\x02k\xa1r\xcd\x06\xf9--'
04272019 05:05:12 [INFO]: b'RX:B\x00'
04272019 05:05:12 [INFO]: b'TX:M\x12\x83\xa1a\xce\x00\x89T@\xa1o\xce\x01\x12\xa8\x80\xa1h\x00-----'
04272019 05:05:12 [INFO]: b'RX:B\x00'
04272019 05:05:12 [INFO]: b'TX:M\x15\x84\xa1e\xcd\x03\xe3\xa1p\xcd\x15\t\xa1t\xcd\x02k\xa1r\xcd\x06\xf9--'
04272019 05:05:13 [INFO]: b'RX:B\x00'
04272019 05:05:13 [INFO]: b'TX:M\x12\x83\xa1a\xce\x00\x89T@\xa1o\xce\x01\x12\xa8\x80\xa1h\x00-----'
04272019 05:05:13 [INFO]: b'RX:B\x00'
04272019 05:05:13 [INFO]: b'TX:M\x15\x84\xa1e\xcd\x03\xe3\xa1p\xcd\x15\x08\xa1t\xcd\x02k\xa1r\xcd\x06\xfc--'
04272019 05:05:13 [INFO]: b'RX:B\x00'
04272019 05:05:13 [INFO]: b'TX:M\x12\x83\xa1a\xce\x00\x89T@\xa1o\xce\x01\x12\xa8\x80\xa1h\x00-----'
04272019 05:05:14 [INFO]: b'RX:B\x00'
04272019 05:05:14 [INFO]: b'TX:M\x15\x84\xa1e\xcd\x03\xe3\xa1p\xcd\x15\x07\xa1t\xcd\x02k\xa1r\xcd\x06\xfc--'
04272019 05:05:14 [INFO]: b'RX:B\x00'
04272019 05:05:14 [INFO]: b'TX:M\x12\x83\xa1a\xce\x00\x89T@\xa1o\xce\x01\x12\xa8\x80\xa1h\x00-----'
04272019 05:05:14 [INFO]: b'RX:B\x00'
04272019 05:05:14 [INFO]: b'TX:M\x15\x84\xa1e\xcd\x03\xe1\xa1p\xcd\x15\x07\xa1t\xcd\x02k\xa1r\xcd\x07\x18--'
04272019 05:05:14 [INFO]: b'RX:B\x00'
04272019 05:05:14 [INFO]: b'TX:M\x15\x84\xa1e\xcd\x03\xe1\xa1p\xcd\x15\x08\xa1t\xcd\x02k\xa1r\xcd\x07\x18--'
04272019 05:05:15 [INFO]: b'RX:B\x00'
04272019 05:05:15 [INFO]: b'TX:M\x12\x83\xa1a\xce\x00\x89T@\xa1o\xce\x01\x12\xa8\x80\xa1h\x00-----'
04272019 05:05:15 [INFO]: b'RX:B\x00'
04272019 05:05:15 [INFO]: b'TX:M\x15\x84\xa1e\xcd\x03\xe0\xa1p\xcd\x15\x08\xa1t\xcd\x02k\xa1r\xcd\x07*--'
04272019 05:05:15 [INFO]: b'RX:B\x00'
04272019 05:05:15 [INFO]: b'TX:M\x12\x83\xa1a\xce\x00\x89T@\xa1o\xce\x01\x12\xa8\x80\xa1h\x00-----'
04272019 05:05:16 [INFO]: b'RX:B\x00'
04272019 05:05:16 [INFO]: b'TX:M\x12\x83\xa1a\xce\x00\x89T@\xa1o\xce\x01\x12\xa8\x80\xa1h\x00-----'
04272019 05:05:16 [INFO]: b'RX:B\x00'
04272019 05:05:16 [INFO]: b'TX:M\x15\x84\xa1e\xcd\x03\xdf\xa1p\xcd\x15\x08\xa1t\xcd\x02k\xa1r\xcd\x074--'
