04272019 04:08:43 [ERROR]: negative seek position -2
04272019 04:08:43 [INFO]: b'TX:M\x15\x84\xa1p\xcd\x14\xf7\xa1t\xcd\x02\xd5\xa1r\xcd\x056\xa1e\xcd\x03\xfa--'
04272019 04:08:43 [INFO]: b'RX:B\x00'
04272019 04:08:43 [INFO]: b'TX:M\x15\x84\xa1p\xcd\x14\xf7\xa1t\xcd\x02\xd5\xa1r\xcd\x056\xa1e\xcd\x03\xfa--'
04272019 04:08:43 [INFO]: b'RX:B\x00'
04272019 04:08:43 [INFO]: b'TX:M\x15\x84\xa1p\xcd\x14\xf8\xa1t\xcd\x02\xd5\xa1r\xcd\x053\xa1e\xcd\x03\xfa--'
04272019 04:08:43 [INFO]: b'RX:B\x00'
04272019 04:08:44 [INFO]: b'TX:M\x15\x84\xa1p\xcd\x14\xf8\xa1t\xcd\x02\xd5\xa1r\xcd\x053\xa1e\xcd\x03\xfa--'
04272019 04:08:44 [INFO]: b'RX:B\x00'
04272019 04:08:44 [INFO]: b'TX:M\x15\x84\xa1p\xcd\x14\xf8\xa1t\xcd\x02\xd5\xa1r\xcd\x056\xa1e\xcd\x03\xfa--'
04272019 04:08:44 [INFO]: b'RX:B\x00'
04272019 04:08:44 [INFO]: b'TX:M\x12\x83\xa1o\xce\x01\x12\xa8\x80\xa1a\xce\x00\x89T@\xa1h\x00-----'
04272019 04:08:44 [INFO]: b'RX:B\x00'
04272019 04:08:44 [INFO]: b'TX:M\x12\x83\xa1o\xce\x01\x12\xa8\x80\xa1a\xce\x00\x89T@\xa1h\x00-----'
04272019 04:08:45 [INFO]: b'RX:B\x00'
04272019 04:08:45 [INFO]: b'TX:M\x12\x83\xa1o\xce\x01\x12\xa8\x80\xa1a\xce\x00\x89T@\xa1h\x00-----'
04272019 04:08:45 [INFO]: b'RX:B\x00'
04272019 04:08:45 [INFO]: b'TX:M\x12\x83\xa1o\xce\x01\x12\xa8\x80\xa1a\xce\x00\x89T@\xa1h\x00-----'
04272019 04:08:45 [INFO]: b'RX:B\x00'
04272019 04:08:45 [INFO]: b'TX:M\x12\x83\xa1o\xce\x01\x12\xa8\x80\xa1a\xce\x00\x89T@\xa1h\x00-----'
04272019 04:08:45 [INFO]: b'RX:B\x00'
04272019 04:08:46 [INFO]: b'TX:M\x15\x84\xa1p\xcd\x14\xf8\xa1t\xcd\x02\xd5\xa1r\xcd\x055\xa1e\xcd\x03\xfa--'
04272019 04:08:46 [INFO]: b'RX:B\x00'
04272019 04:08:46 [INFO]: b'TX:M\x15\x84\xa1p\xcd\x14\xf8\xa1t\xcd\x02\xd5\xa1r\xcd\x055\xa1e\xcd\x03\xfa--'
04272019 04:08:46 [INFO]: b'RX:B\x00'
04272019 04:08:46 [INFO]: b'TX:M\x12\x83\xa1o\xce\x01\x12\xa8\x80\xa1a\xce\x00\x89T@\xa1h\x00-----'
04272019 04:08:46 [INFO]: b'RX:B\x00'
04272019 04:08:46 [INFO]: b'TX:M\x12\x83\xa1o\xce\x01\x12\xa8\x80\xa1a\xce\x00\x89T@\xa1h\x00-----'
04272019 04:08:47 [INFO]: b'RX:B\x00'
04272019 04:08:47 [INFO]: b'TX:M\x15\x84\xa1p\xcd\x14\xf8\xa1t\xcd\x02\xd5\xa1r\xcd\x054\xa1e\xcd\x03\xfa--'
04272019 04:08:47 [INFO]: b'RX:B\x00'
04272019 04:08:47 [INFO]: b'TX:M\x12\x83\xa1o\xce\x01\x12\xa8\x80\xa1a\xce\x00\x89T@\xa1h\x00-----'
04272019 04:08:47 [INFO]: b'RX:B\x00'
04272019 04:08:47 [INFO]: b'TX:M\x15\x84\xa1p\xcd\x14\xf8\xa1t\xcd\x02\xd5\xa1r\xcd\x054\xa1e\xcd\x03\xfa--'
04272019 04:08:47 [INFO]: b'RX:B\x00'
04272019 04:08:48 [INFO]: b'TX:M\x12\x83\xa1o\xce\x01\x12\xa8\x80\xa1a\xce\x00\x89T@\xa1h\x00-----'
04272019 04:08:48 [INFO]: b'RX:B\x00'
04272019 04:08:48 [INFO]: b'TX:M\x15\x84\xa1p\xcd\x14\xf8\xa1t\xcd\x02\xd5\xa1r\xcd\x056\xa1e\xcd\x03\xfa--'
04272019 04:08:48 [INFO]: b'RX:B\x00'
04272019 04:08:48 [INFO]: b'TX:M\x12\x83\xa1o\xce\x01\x12\xa8\x80\xa1a\xce\x00\x89T@\xa1h\x00-----'
04272019 04:08:48 [INFO]: b'RX:B\x00'
04272019 04:08:48 [INFO]: b'TX:M\x15\x84\xa1p\xcd\x14\xf8\xa1t\xcd\x02\xd5\xa1r\xcd\x054\xa1e\xcd\x03\xfa--'
04272019 04:08:49 [INFO]: b'RX:B\x00'
04272019 04:08:49 [INFO]: b'TX:M\x12\x83\xa1o\xce\x01\x12\xa8\x80\xa1a\xce\x00\x89T@\xa1h\x00-----'
04272019 04:08:49 [INFO]: b'RX:B\x00'
04272019 04:08:49 [INFO]: b'TX:M\x15\x84\xa1p\xcd\x14\xf8\xa1t\xcd\x02\xd5\xa1r\xcd\x054\xa1e\xcd\x03\xfa--'
04272019 04:08:49 [INFO]: b'RX:B\x00'
04272019 04:08:49 [INFO]: b'TX:M\x12\x83\xa1o\xce\x01\x12\xa8\x80\xa1a\xce\x00\x89T@\xa1h\x00-----'
04272019 04:08:49 [INFO]: b'RX:B\x00'
04272019 04:08:49 [INFO]: b'TX:M\x15\x84\xa1p\xcd\x14\xf7\xa1t\xcd\x02\xd5\xa1r\xcd\x053\xa1e\xcd\x03\xfa--'
04272019 04:08:50 [INFO]: b'RX:B\x00'
04272019 04:08:50 [INFO]: b'TX:M\x12\x83\xa1o\xce\x01\x12\xa8\x80\xa1a\xce\x00\x89T@\xa1h\x00-----'
04272019 04:08:50 [INFO]: b'RX:B\x00'
04272019 04:08:50 [INFO]: b'TX:M\x15\x84\xa1p\xcd\x14\xf7\xa1t\xcd\x02\xd5\xa1r\xcd\x053\xa1e\xcd\x03\xfa--'
04272019 04:08:50 [INFO]: b'RX:B\x00'
04272019 04:08:50 [INFO]: b'TX:M\x12\x83\xa1o\xce\x01\x12\xa8\x80\xa1a\xce\x00\x89T@\xa1h\x00-----'
04272019 04:08:51 [INFO]: b'RX:B\x00'
04272019 04:08:51 [INFO]: b'TX:M\x15\x84\xa1p\xcd\x14\xf8\xa1t\xcd\x02\xd5\xa1r\xcd\x056\xa1e\xcd\x03\xfa--'
04272019 04:08:51 [INFO]: b'RX:B\x00'
04272019 04:08:51 [INFO]: b'TX:M\x12\x83\xa1o\xce\x01\x12\xa8\x80\xa1a\xce\x00\x89T@\xa1h\x00-----'
04272019 04:08:51 [INFO]: b'RX:B\x00'
04272019 04:08:51 [INFO]: b'TX:M\x15\x84\xa1p\xcd\x14\xf8\xa1t\xcd\x02\xd5\xa1r\xcd\x053\xa1e\xcd\x03\xfa--'
04272019 04:08:51 [INFO]: b'RX:PL1x'
04272019 04:08:51 [INFO]: b'TX:M\x12\x83\xa1o\xce\x01\x12\xa8\x80\xa1a\xce\x00\x89T@\xa1h\x00-----'
04272019 04:08:52 [INFO]: b'RX:B\x00'
04272019 04:08:52 [INFO]: b'TX:M\x15\x84\xa1p\xcd\x14\xf8\xa1t\xcd\x02\xd5\xa1r\xcd\x053\xa1e\xcd\x03\xfa--'
04272019 04:08:52 [INFO]: b'RX:B\x00'
04272019 04:08:52 [INFO]: b'TX:M\x12\x83\xa1o\xce\x01\x12\xa8\x80\xa1a\xce\x00\x89T@\xa1h\x00-----'
04272019 04:08:52 [INFO]: b'RX:B\x00'
04272019 04:08:52 [INFO]: b'TX:M\x15\x84\xa1p\xcd\x14\xf8\xa1t\xcd\x02\xd5\xa1r\xcd\x053\xa1e\xcd\x03\xfa--'
04272019 04:08:53 [INFO]: b'RX:B\x00'
04272019 04:08:53 [INFO]: b'TX:M\x15\x84\xa1p\xcd\x14\xf8\xa1t\xcd\x02\xd5\xa1r\xcd\x053\xa1e\xcd\x03\xfa--'
04272019 04:08:53 [INFO]: b'RX:B\x00'
04272019 04:08:53 [INFO]: b'TX:M\x12\x83\xa1o\xce\x01\x12\xa8\x80\xa1a\xce\x00\x89T@\xa1h\x00-----'
04272019 04:08:53 [INFO]: b'RX:B\x00'
04272019 04:08:53 [INFO]: b'TX:M\x12\x83\xa1o\xce\x01\x12\xa8\x80\xa1a\xce\x00\x89T@\xa1h\x00-----'
04272019 04:08:53 [INFO]: b'RX:B\x00'
04272019 04:08:54 [INFO]: b'TX:M\x15\x84\xa1p\xcd\x14\xf8\xa1t\xcd\x02\xd5\xa1r\xcd\x051\xa1e\xcd\x03\xfb--'
04272019 04:08:54 [INFO]: b'RX:B\x00'
04272019 04:08:54 [INFO]: b'TX:M\x12\x83\xa1o\xce\x01\x12\xa8\x80\xa1a\xce\x00\x89T@\xa1h\x00-----'
04272019 04:08:54 [INFO]: b'RX:B\x00'
04272019 04:08:54 [INFO]: b'TX:M\x15\x84\xa1p\xcd\x14\xf8\xa1t\xcd\x02\xd5\xa1r\xcd\x051\xa1e\xcd\x03\xfb--'
04272019 04:08:54 [INFO]: b'RX:B\x00'
04272019 04:08:54 [INFO]: b'TX:M\x12\x83\xa1o\xce\x01\x12\xa8\x80\xa1a\xce\x00\x89T@\xa1h\x00-----'
04272019 04:08:55 [INFO]: b'RX:B\x00'
04272019 04:08:55 [INFO]: b'TX:M\x15\x84\xa1p\xcd\x14\xf7\xa1t\xcd\x02\xd5\xa1r\xcd\x051\xa1e\xcd\x03\xfb--'
04272019 04:08:55 [INFO]: b'RX:B\x00'
04272019 04:08:55 [INFO]: b'TX:M\x12\x83\xa1o\xce\x01\x12\xa8\x80\xa1a\xce\x00\x89T@\xa1h\x00-----'
04272019 04:08:55 [INFO]: b'RX:B\x00'
04272019 04:08:55 [INFO]: b'TX:M\x15\x84\xa1p\xcd\x14\xf8\xa1t\xcd\x02\xd5\xa1r\xcd\x051\xa1e\xcd\x03\xfb--'
04272019 04:08:55 [INFO]: b'RX:B\x00'
04272019 04:08:56 [INFO]: b'TX:M\x12\x83\xa1o\xce\x01\x12\xa8\x80\xa1a\xce\x00\x89T@\xa1h\x00-----'
04272019 04:08:56 [INFO]: b'RX:B\x00'
04272019 04:08:56 [INFO]: b'TX:M\x15\x84\xa1p\xcd\x14\xf8\xa1t\xcd\x02\xd5\xa1r\xcd\x051\xa1e\xcd\x03\xfb--'
04272019 04:08:56 [INFO]: b'RX:B\x00'
04272019 04:08:56 [INFO]: b'TX:M\x12\x83\xa1o\xce\x01\x12\xa8\x80\xa1a\xce\x00\x89T@\xa1h\x00-----'
04272019 04:08:56 [INFO]: b'RX:B\x00'
04272019 04:08:56 [INFO]: b'TX:M\x15\x84\xa1p\xcd\x14\xf7\xa1t\xcd\x02\xd5\xa1r\xcd\x051\xa1e\xcd\x03\xfb--'
04272019 04:08:57 [INFO]: b'RX:B\x00'
04272019 04:08:57 [ERROR]: Buffer overflow
04272019 04:08:57 [INFO]: b'TX:M\x12\x83\xa1o\xce\x01\x12\xa8\x80\xa1a\xce\x00\x89T@\xa1h\x00-----'
04272019 04:08:57 [INFO]: b'RX:B\x00'
04272019 04:08:57 [INFO]: b'TX:M\x15\x84\xa1p\xcd\x14\xf7\xa1t\xcd\x02\xd5\xa1r\xcd\x051\xa1e\xcd\x03\xfb--'
04272019 04:08:57 [INFO]: b'RX:B\x00'
04272019 04:08:57 [INFO]: b'TX:M\x12\x83\xa1o\xce\x01\x12\xa8\x80\xa1a\xce\x00\x89T@\xa1h\x00-----'
04272019 04:08:57 [INFO]: b'RX:B\x00'
04272019 04:08:58 [INFO]: b'TX:M\x15\x84\xa1p\xcd\x14\xf7\xa1t\xcd\x02\xd5\xa1r\xcd\x051\xa1e\xcd\x03\xfb--'
04272019 04:08:58 [INFO]: b'RX:B\x00'
04272019 04:08:58 [INFO]: b'TX:M\x12\x83\xa1o\xce\x01\x12\xa8\x80\xa1a\xce\x00\x89T@\xa1h\x00-----'
04272019 04:08:58 [INFO]: b'RX:B\x00'
04272019 04:08:58 [INFO]: b'TX:M\x15\x84\xa1p\xcd\x14\xf7\xa1t\xcd\x02\xd5\xa1r\xcd\x051\xa1e\xcd\x03\xfb--'
04272019 04:08:58 [INFO]: b'RX:B\x00'
04272019 04:08:58 [INFO]: b'TX:M\x12\x83\xa1o\xce\x01\x12\xa8\x80\xa1a\xce\x00\x89T@\xa1h\x00-----'
04272019 04:08:59 [INFO]: b'RX:B\x00'
04272019 04:08:59 [INFO]: b'TX:M\x15\x84\xa1p\xcd\x14\xf8\xa1t\xcd\x02\xd5\xa1r\xcd\x051\xa1e\xcd\x03\xfb--'
04272019 04:08:59 [INFO]: b'RX:B\x00'
04272019 04:08:59 [INFO]: b'TX:M\x12\x83\xa1o\xce\x01\x12\xa8\x80\xa1a\xce\x00\x89T@\xa1h\x00-----'
04272019 04:08:59 [INFO]: b'RX:REBOOT\xf2'
04272019 04:08:59 [INFO]: b'TX:M\x15\x84\xa1p\xcd\x14\xf8\xa1t\xcd\x02\xd5\xa1r\xcd\x052\xa1e\xcd\x03\xfb--'
04272019 04:08:59 [INFO]: b'RX:B\x00'
04272019 04:09:00 [INFO]: b'TX:M\x12\x83\xa1o\xce\x01\x12\xa8\x80\xa1a\xce\x00\x89T@\xa1h\x00-----'
04272019 04:09:00 [INFO]: b'RX:B\x00'
04272019 04:09:00 [INFO]: b'TX:M\x15\x84\xa1p\xcd\x14\xf8\xa1t\xcd\x02\xd5\xa1r\xcd\x052\xa1e\xcd\x03\xfb--'
04272019 04:09:00 [INFO]: b'RX:B\x00'
04272019 04:09:00 [ERROR]: Buffer overflow
04272019 04:09:00 [INFO]: b'TX:M\x12\x83\xa1o\xce\x01\x12\xa8\x80\xa1a\xce\x00\x89T@\xa1h\x00-----'
04272019 04:09:00 [INFO]: b'RX:B\x00'
04272019 04:09:00 [INFO]: b'TX:M\x15\x84\xa1p\xcd\x14\xf8\xa1t\xcd\x02\xd5\xa1r\xcd\x05/\xa1e\xcd\x03\xfb--'
04272019 04:09:01 [INFO]: b'RX:B\x00'
04272019 04:09:01 [INFO]: b'TX:M\x12\x83\xa1o\xce\x01\x12\xa8\x80\xa1a\xce\x00\x89T@\xa1h\x00-----'
04272019 04:09:01 [INFO]: b'RX:B\x00'
04272019 04:09:01 [INFO]: b'TX:M\x15\x84\xa1p\xcd\x14\xf8\xa1t\xcd\x02\xd5\xa1r\xcd\x05/\xa1e\xcd\x03\xfb--'
04272019 04:09:01 [INFO]: b'RX:B\x00'
04272019 04:09:01 [INFO]: b'TX:M\x12\x83\xa1o\xce\x01\x12\xa8\x80\xa1a\xce\x00\x89T@\xa1h\x00-----'
04272019 04:09:01 [INFO]: b'RX:B\x00'
04272019 04:09:02 [INFO]: b'TX:M\x15\x84\xa1p\xcd\x14\xf8\xa1t\xcd\x02\xd5\xa1r\xcd\x05.\xa1e\xcd\x03\xfb--'
04272019 04:09:02 [INFO]: b'RX:B\x00'
04272019 04:09:02 [INFO]: b'TX:M\x12\x83\xa1o\xce\x01\x12\xa8\x80\xa1a\xce\x00\x89T@\xa1h\x00-----'
04272019 04:09:02 [INFO]: b'RX:B\x00'
04272019 04:09:02 [INFO]: b'TX:M\x15\x84\xa1p\xcd\x14\xf8\xa1t\xcd\x02\xd5\xa1r\xcd\x05.\xa1e\xcd\x03\xfb--'
04272019 04:09:02 [INFO]: b'RX:B\x00'
04272019 04:09:02 [INFO]: b'TX:M\x12\x83\xa1o\xce\x01\x12\xa8\x80\xa1a\xce\x00\x89T@\xa1h\x00-----'
04272019 04:09:03 [INFO]: b'RX:B\x00'
04272019 04:09:03 [INFO]: b'TX:M\x15\x84\xa1p\xcd\x14\xf7\xa1t\xcd\x02\xd5\xa1r\xcd\x05.\xa1e\xcd\x03\xfb--'
04272019 04:09:03 [INFO]: b'RX:B\x00'
04272019 04:09:03 [INFO]: b'TX:M\x12\x83\xa1o\xce\x01\x12\xa8\x80\xa1a\xce\x00\x89T@\xa1h\x00-----'
04272019 04:09:03 [INFO]: b'RX:B\x00'
04272019 04:09:03 [INFO]: b'TX:M\x15\x84\xa1p\xcd\x14\xf8\xa1t\xcd\x02\xd5\xa1r\xcd\x05-\xa1e\xcd\x03\xfb--'
04272019 04:09:03 [INFO]: b'RX:B\x00'
04272019 04:09:03 [ERROR]: Buffer overflow
04272019 04:09:04 [INFO]: b'TX:M\x12\x83\xa1o\xce\x01\x12\xa8\x80\xa1a\xce\x00\x89T@\xa1h\x00-----'
04272019 04:09:04 [INFO]: b'RX:B\x00'
04272019 04:09:04 [INFO]: b'TX:M\x15\x84\xa1p\xcd\x14\xf7\xa1t\xcd\x02\xd5\xa1r\xcd\x05,\xa1e\xcd\x03\xfb--'
04272019 04:09:04 [INFO]: b'RX:REBOOT\xf2'
04272019 04:09:04 [INFO]: b'TX:M\x12\x83\xa1o\xce\x01\x12\xa8\x80\xa1a\xce\x00\x89T@\xa1h\x00-----'
04272019 04:09:04 [INFO]: b'RX:B\x00'
04272019 04:09:04 [INFO]: b'TX:M\x15\x84\xa1p\xcd\x14\xf8\xa1t\xcd\x02\xd5\xa1r\xcd\x05-\xa1e\xcd\x03\xfb--'
04272019 04:09:05 [INFO]: b'RX:B\x00'
04272019 04:09:05 [INFO]: b'TX:M\x12\x83\xa1o\xce\x01\x12\xa8\x80\xa1a\xce\x00\x89T@\xa1h\x00-----'
04272019 04:09:05 [INFO]: b'RX:B\x00'
04272019 04:09:05 [INFO]: b'TX:M\x15\x84\xa1p\xcd\x14\xf8\xa1t\xcd\x02\xd5\xa1r\xcd\x05.\xa1e\xcd\x03\xfb--'
04272019 04:09:05 [INFO]: b'RX:B\x00'
04272019 04:09:05 [INFO]: b'TX:M\x12\x83\xa1o\xce\x01\x12\xa8\x80\xa1a\xce\x00\x89T@\xa1h\x00-----'
04272019 04:09:05 [INFO]: b'RX:B\x00'
04272019 04:09:06 [INFO]: b'TX:M\x12\x83\xa1o\xce\x01\x12\xa8\x80\xa1a\xce\x00\x89T@\xa1h\x00-----'
04272019 04:09:06 [INFO]: b'RX:B\x00'
04272019 04:09:06 [INFO]: b'TX:M\x15\x84\xa1p\xcd\x14\xf8\xa1t\xcd\x02\xd5\xa1r\xcd\x05.\xa1e\xcd\x03\xfb--'
04272019 04:09:06 [INFO]: b'RX:B\x00'
04272019 04:09:06 [INFO]: b'TX:M\x15\x84\xa1p\xcd\x14\xf7\xa1t\xcd\x02\xd5\xa1r\xcd\x05/\xa1e\xcd\x03\xfb--'
04272019 04:09:06 [INFO]: b'RX:B\x00'
04272019 04:09:06 [INFO]: b'TX:M\x12\x83\xa1o\xce\x01\x12\xa8\x80\xa1a\xce\x00\x89T@\xa1h\x00-----'
04272019 04:09:07 [INFO]: b'TX:M\x15\x84\xa1p\xcd\x14\xf7\xa1t\xcd\x02\xd5\xa1r\xcd\x05/\xa1e\xcd\x03\xfb--'
04272019 04:09:07 [INFO]: b'RX:B\x00'
04272019 04:09:07 [ERROR]: Buffer overflow
04272019 04:09:07 [INFO]: b'TX:M\x12\x83\xa1o\xce\x01\x12\xa8\x80\xa1a\xce\x00\x89T@\xa1h\x00-----'
04272019 04:09:07 [INFO]: b'TX:M\x15\x84\xa1p\xcd\x14\xf7\xa1t\xcd\x02\xd5\xa1r\xcd\x05/\xa1e\xcd\x03\xfb--'
04272019 04:09:07 [INFO]: b'RX:B\x00'
04272019 04:09:07 [INFO]: b'TX:M\x12\x83\xa1o\xce\x01\x12\xa8\x80\xa1a\xce\x00\x89T@\xa1h\x00-----'
04272019 04:09:08 [INFO]: b'RX:B\x00'
04272019 04:09:08 [INFO]: b'TX:M\x15\x84\xa1p\xcd\x14\xf7\xa1t\xcd\x02\xd5\xa1r\xcd\x05.\xa1e\xcd\x03\xfb--'
04272019 04:09:08 [INFO]: b'RX:B\x00'
04272019 04:09:08 [INFO]: b'TX:M\x12\x83\xa1o\xce\x01\x12\xa8\x80\xa1a\xce\x00\x89T@\xa1h\x00-----'
04272019 04:09:08 [INFO]: b'RX:B\x00'
04272019 04:09:08 [INFO]: b'TX:M\x15\x84\xa1p\xcd\x14\xf7\xa1t\xcd\x02\xd5\xa1r\xcd\x05.\xa1e\xcd\x03\xfb--'
04272019 04:09:09 [INFO]: b'RX:B\x00'
04272019 04:09:09 [INFO]: b'TX:M\x12\x83\xa1o\xce\x01\x12\xa8\x80\xa1a\xce\x00\x89T@\xa1h\x00-----'
04272019 04:09:09 [INFO]: b'RX:B\x00'
04272019 04:09:09 [INFO]: b'TX:M\x15\x84\xa1p\xcd\x14\xf7\xa1t\xcd\x02\xd5\xa1r\xcd\x050\xa1e\xcd\x03\xfb--'
04272019 04:09:09 [INFO]: b'RX:B\x00'
04272019 04:09:09 [INFO]: b'TX:M\x12\x83\xa1o\xce\x01\x12\xa8\x80\xa1a\xce\x00\x89T@\xa1h\x00-----'
04272019 04:09:09 [INFO]: b'RX:B\x00'
04272019 04:09:10 [INFO]: b'TX:M\x15\x84\xa1p\xcd\x14\xf7\xa1t\xcd\x02\xd5\xa1r\xcd\x050\xa1e\xcd\x03\xfb--'
04272019 04:09:10 [INFO]: b'RX:B\x00'
04272019 04:09:10 [INFO]: b'TX:M\x12\x83\xa1o\xce\x01\x12\xa8\x80\xa1a\xce\x00\x89T@\xa1h\x00-----'
04272019 04:09:10 [INFO]: b'RX:B\x00'
04272019 04:09:10 [INFO]: b'TX:M\x15\x84\xa1p\xcd\x14\xf8\xa1t\xcd\x02\xd5\xa1r\xcd\x050\xa1e\xcd\x03\xfb--'
04272019 04:09:10 [INFO]: b'RX:B\x00'
04272019 04:09:10 [ERROR]: Buffer overflow
04272019 04:09:10 [INFO]: b'TX:M\x12\x83\xa1o\xce\x01\x12\xa8\x80\xa1a\xce\x00\x89T@\xa1h\x00-----'
04272019 04:09:11 [INFO]: b'TX:M\x15\x84\xa1p\xcd\x14\xf8\xa1t\xcd\x02\xd5\xa1r\xcd\x051\xa1e\xcd\x03\xfb--'
04272019 04:09:11 [INFO]: b'RX:B\x00'
04272019 04:09:11 [INFO]: b'TX:M\x12\x83\xa1o\xce\x01\x12\xa8\x80\xa1a\xce\x00\x89T@\xa1h\x00-----'
04272019 04:09:11 [INFO]: b'RX:B\x00'
04272019 04:09:11 [INFO]: b'TX:M\x15\x84\xa1p\xcd\x14\xf8\xa1t\xcd\x02\xd5\xa1r\xcd\x051\xa1e\xcd\x03\xfb--'
04272019 04:09:12 [INFO]: b'RX:B\x00'
04272019 04:09:12 [INFO]: b'TX:M\x12\x83\xa1o\xce\x01\x12\xa8\x80\xa1a\xce\x00\x89T@\xa1h\x00-----'
04272019 04:09:12 [INFO]: b'RX:B\x00'
04272019 04:09:12 [INFO]: b'TX:M\x15\x84\xa1p\xcd\x14\xf8\xa1t\xcd\x02\xd5\xa1r\xcd\x051\xa1e\xcd\x03\xfb--'
04272019 04:09:12 [INFO]: b'RX:B\x00'
04272019 04:09:12 [INFO]: b'TX:M\x12\x83\xa1o\xce\x01\x12\xa8\x80\xa1a\xce\x00\x89T@\xa1h\x00-----'
04272019 04:09:13 [INFO]: b'RX:B\x00'
04272019 04:09:13 [INFO]: b'TX:M\x15\x84\xa1p\xcd\x14\xf8\xa1t\xcd\x02\xd5\xa1r\xcd\x051\xa1e\xcd\x03\xfb--'
04272019 04:09:13 [INFO]: b'RX:B\x00'
04272019 04:09:13 [INFO]: b'TX:M\x12\x83\xa1o\xce\x01\x12\xa8\x80\xa1a\xce\x00\x89T@\xa1h\x00-----'
04272019 04:09:13 [INFO]: b'RX:B\x00'
04272019 04:09:13 [INFO]: b'TX:M\x15\x84\xa1p\xcd\x14\xf8\xa1t\xcd\x02\xd5\xa1r\xcd\x051\xa1e\xcd\x03\xfb--'
04272019 04:09:14 [INFO]: b'RX:B\x00'
04272019 04:09:14 [ERROR]: Buffer overflow
04272019 04:09:14 [INFO]: b'TX:M\x12\x83\xa1o\xce\x01\x12\xa8\x80\xa1a\xce\x00\x89T@\xa1h\x00-----'
04272019 04:09:14 [INFO]: b'RX:B\x00'
04272019 04:09:14 [INFO]: b'TX:M\x15\x84\xa1p\xcd\x14\xf8\xa1t\xcd\x02\xd5\xa1r\xcd\x051\xa1e\xcd\x03\xfb--'
04272019 04:09:14 [INFO]: b'RX:B\x00'
04272019 04:09:14 [INFO]: b'TX:M\x12\x83\xa1o\xce\x01\x12\xa8\x80\xa1a\xce\x00\x89T@\xa1h\x00-----'
04272019 04:09:14 [INFO]: b'RX:B\x00'
04272019 04:09:14 [INFO]: b'TX:M\x12\x83\xa1o\xce\x01\x12\xa8\x80\xa1a\xce\x00\x89T@\xa1h\x00-----'
04272019 04:09:15 [INFO]: b'RX:B\x00'
04272019 04:09:15 [INFO]: b'TX:M\x15\x84\xa1p\xcd\x14\xf8\xa1t\xcd\x02\xd5\xa1r\xcd\x05/\xa1e\xcd\x03\xfb--'
04272019 04:09:15 [INFO]: b'RX:B\x00'
04272019 04:09:15 [INFO]: b'TX:M\x15\x84\xa1p\xcd\x14\xf8\xa1t\xcd\x02\xd5\xa1r\xcd\x050\xa1e\xcd\x03\xfb--'
04272019 04:09:15 [INFO]: b'RX:B\x00'
04272019 04:09:15 [INFO]: b'TX:M\x12\x83\xa1o\xce\x01\x12\xa8\x80\xa1a\xce\x00\x89T@\xa1h\x00-----'
04272019 04:09:16 [INFO]: b'RX:B\x00'
04272019 04:09:16 [INFO]: b'TX:M\x15\x84\xa1p\xcd\x14\xf7\xa1t\xcd\x02\xd5\xa1r\xcd\x050\xa1e\xcd\x03\xfb--'
04272019 04:09:16 [INFO]: b'RX:B\x00'
04272019 04:09:16 [INFO]: b'TX:M\x12\x83\xa1o\xce\x01\x12\xa8\x80\xa1a\xce\x00\x89T@\xa1h\x00-----'
04272019 04:09:16 [INFO]: b'RX:B\x00'
04272019 04:09:16 [INFO]: b'TX:M\x15\x84\xa1p\xcd\x14\xf7\xa1t\xcd\x02\xd5\xa1r\xcd\x05.\xa1e\xcd\x03\xfb--'
04272019 04:09:16 [INFO]: b'RX:B\x00'
04272019 04:09:16 [INFO]: b'TX:M\x12\x83\xa1o\xce\x01\x12\xa8\x80\xa1a\xce\x00\x89T@\xa1h\x00-----'
04272019 04:09:17 [INFO]: b'RX:B\x00'
04272019 04:09:17 [INFO]: b'TX:M\x15\x84\xa1p\xcd\x14\xf7\xa1t\xcd\x02\xd5\xa1r\xcd\x05.\xa1e\xcd\x03\xfb--'
04272019 04:09:17 [INFO]: b'RX:B\x00'
04272019 04:09:17 [ERROR]: Buffer overflow
04272019 04:09:17 [INFO]: b'TX:M\x12\x83\xa1o\xce\x01\x12\xa8\x80\xa1a\xce\x00\x89T@\xa1h\x00-----'
04272019 04:09:17 [INFO]: b'RX:B\x00'
04272019 04:09:17 [INFO]: b'TX:M\x15\x84\xa1p\xcd\x14\xf7\xa1t\xcd\x02\xd5\xa1r\xcd\x05/\xa1e\xcd\x03\xfb--'
04272019 04:09:17 [INFO]: b'RX:B\x00'
04272019 04:09:18 [INFO]: b'TX:M\x12\x83\xa1o\xce\x01\x12\xa8\x80\xa1a\xce\x00\x89T@\xa1h\x00-----'
04272019 04:09:18 [INFO]: b'RX:B\x00'
04272019 04:09:18 [INFO]: b'TX:M\x15\x84\xa1p\xcd\x14\xf7\xa1t\xcd\x02\xd5\xa1r\xcd\x05/\xa1e\xcd\x03\xfb--'
04272019 04:09:18 [INFO]: b'RX:B\x00'
04272019 04:09:18 [INFO]: b'TX:M\x12\x83\xa1o\xce\x01\x12\xa8\x80\xa1a\xce\x00\x89T@\xa1h\x00-----'
04272019 04:09:18 [INFO]: b'RX:B\x00'
04272019 04:09:18 [INFO]: b'TX:M\x15\x84\xa1p\xcd\x14\xf8\xa1t\xcd\x02\xd5\xa1r\xcd\x051\xa1e\xcd\x03\xfb--'
04272019 04:09:19 [INFO]: b'RX:B\x00'
04272019 04:09:19 [INFO]: b'TX:M\x12\x83\xa1o\xce\x01\x12\xa8\x80\xa1a\xce\x00\x89T@\xa1h\x00-----'
04272019 04:09:19 [INFO]: b'RX:B\x00'
04272019 04:09:19 [INFO]: b'TX:M\x15\x84\xa1p\xcd\x14\xf8\xa1t\xcd\x02\xd5\xa1r\xcd\x05/\xa1e\xcd\x03\xfb--'
04272019 04:09:19 [INFO]: b'RX:B\x00'
04272019 04:09:19 [INFO]: b'TX:M\x12\x83\xa1o\xce\x01\x12\xa8\x80\xa1a\xce\x00\x89T@\xa1h\x00-----'
04272019 04:09:20 [INFO]: b'RX:B\x00'
04272019 04:09:20 [INFO]: b'TX:M\x15\x84\xa1p\xcd\x14\xf8\xa1t\xcd\x02\xd5\xa1r\xcd\x05/\xa1e\xcd\x03\xfb--'
04272019 04:09:20 [INFO]: b'RX:B\x00'
04272019 04:09:20 [INFO]: b'TX:M\x12\x83\xa1o\xce\x01\x12\xa8\x80\xa1a\xce\x00\x89T@\xa1h\x00-----'
04272019 04:09:20 [INFO]: b'RX:B\x00'
04272019 04:09:20 [INFO]: b'TX:M\x15\x84\xa1p\xcd\x14\xf7\xa1t\xcd\x02\xd5\xa1r\xcd\x050\xa1e\xcd\x03\xfb--'
04272019 04:09:20 [INFO]: b'RX:B\x00'
04272019 04:09:20 [ERROR]: Buffer overflow
04272019 04:09:20 [INFO]: b'TX:M\x12\x83\xa1o\xce\x01\x12\xa8\x80\xa1a\xce\x00\x89T@\xa1h\x00-----'
04272019 04:09:21 [INFO]: b'RX:B\x00'
04272019 04:09:21 [INFO]: b'TX:M\x15\x84\xa1p\xcd\x14\xf8\xa1t\xcd\x02\xd5\xa1r\xcd\x050\xa1e\xcd\x03\xfb--'
04272019 04:09:21 [INFO]: b'RX:B\x00'
04272019 04:09:21 [INFO]: b'TX:M\x12\x83\xa1o\xce\x01\x12\xa8\x80\xa1a\xce\x00\x89T@\xa1h\x00-----'
04272019 04:09:21 [INFO]: b'RX:B\x00'
04272019 04:09:21 [INFO]: b'TX:M\x15\x84\xa1p\xcd\x14\xf7\xa1t\xcd\x02\xd5\xa1r\xcd\x05/\xa1e\xcd\x03\xfb--'
04272019 04:09:22 [INFO]: b'RX:B\x00'
04272019 04:09:22 [INFO]: b'TX:M\x12\x83\xa1o\xce\x01\x12\xa8\x80\xa1a\xce\x00\x89T@\xa1h\x00-----'
04272019 04:09:22 [INFO]: b'RX:B\x00'
04272019 04:09:22 [INFO]: b'TX:M\x15\x84\xa1p\xcd\x14\xf7\xa1t\xcd\x02\xd5\xa1r\xcd\x05/\xa1e\xcd\x03\xfb--'
04272019 04:09:22 [INFO]: b'RX:B\x00'
04272019 04:09:22 [INFO]: b'TX:M\x12\x83\xa1o\xce\x01\x12\xa8\x80\xa1a\xce\x00\x89T@\xa1h\x00-----'
04272019 04:09:22 [INFO]: b'RX:B\x00'
04272019 04:09:22 [INFO]: b'TX:M\x15\x84\xa1p\xcd\x14\xf8\xa1t\xcd\x02\xd5\xa1r\xcd\x05/\xa1e\xcd\x03\xfb--'
04272019 04:09:23 [INFO]: b'RX:B\x00'
04272019 04:09:23 [INFO]: b'TX:M\x12\x83\xa1o\xce\x01\x12\xa8\x80\xa1a\xce\x00\x89T@\xa1h\x00-----'
04272019 04:09:23 [INFO]: b'RX:B\x00'
04272019 04:09:23 [INFO]: b'TX:M\x15\x84\xa1p\xcd\x14\xf8\xa1t\xcd\x02\xd5\xa1r\xcd\x051\xa1e\xcd\x03\xfb--'
04272019 04:09:23 [INFO]: b'RX:B\x00'
04272019 04:09:23 [INFO]: b'TX:M\x12\x83\xa1o\xce\x01\x12\xa8\x80\xa1a\xce\x00\x89T@\xa1h\x00-----'
04272019 04:09:24 [INFO]: b'RX:B\x00'
04272019 04:09:24 [INFO]: b'TX:M\x15\x84\xa1p\xcd\x14\xf7\xa1t\xcd\x02\xd5\xa1r\xcd\x051\xa1e\xcd\x03\xfb--'
04272019 04:09:24 [INFO]: b'RX:B\x00'
04272019 04:09:24 [ERROR]: Buffer overflow
04272019 04:09:24 [INFO]: b'TX:M\x12\x83\xa1o\xce\x01\x12\xa8\x80\xa1a\xce\x00\x89T@\xa1h\x00-----'
04272019 04:09:24 [INFO]: b'RX:B\x00'
04272019 04:09:24 [INFO]: b'TX:M\x15\x84\xa1p\xcd\x14\xf8\xa1t\xcd\x02\xd5\xa1r\xcd\x05.\xa1e\xcd\x03\xfb--'
04272019 04:09:24 [INFO]: b'RX:B\x00'
04272019 04:09:24 [INFO]: b'TX:M\x12\x83\xa1o\xce\x01\x12\xa8\x80\xa1a\xce\x00\x89T@\xa1h\x00-----'
04272019 04:09:25 [INFO]: b'RX:B\x00'
04272019 04:09:25 [INFO]: b'TX:M\x15\x84\xa1p\xcd\x14\xf8\xa1t\xcd\x02\xd5\xa1r\xcd\x05.\xa1e\xcd\x03\xfb--'
04272019 04:09:25 [INFO]: b'RX:B\x00'
04272019 04:09:25 [INFO]: b'TX:M\x12\x83\xa1o\xce\x01\x12\xa8\x80\xa1a\xce\x00\x89T@\xa1h\x00-----'
04272019 04:09:25 [INFO]: b'RX:B\x00'
04272019 04:09:25 [INFO]: b'TX:M\x15\x84\xa1p\xcd\x14\xf8\xa1t\xcd\x02\xd5\xa1r\xcd\x050\xa1e\xcd\x03\xfb--'
04272019 04:09:26 [INFO]: b'RX:B\x00'
04272019 04:09:26 [INFO]: b'TX:M\x12\x83\xa1o\xce\x01\x12\xa8\x80\xa1a\xce\x00\x89T@\xa1h\x00-----'
04272019 04:09:26 [INFO]: b'RX:B\x00'
04272019 04:09:26 [INFO]: b'TX:M\x15\x84\xa1p\xcd\x14\xf8\xa1t\xcd\x02\xd5\xa1r\xcd\x05,\xa1e\xcd\x03\xfb--'
04272019 04:09:26 [INFO]: b'RX:B\x00'
04272019 04:09:26 [INFO]: b'TX:M\x12\x83\xa1o\xce\x01\x12\xa8\x80\xa1a\xce\x00\x89T@\xa1h\x00-----'
04272019 04:09:26 [INFO]: b'RX:B\x00'
04272019 04:09:26 [INFO]: b'TX:M\x15\x84\xa1p\xcd\x14\xf9\xa1t\xcd\x02\xd5\xa1r\xcd\x05,\xa1e\xcd\x03\xfb--'
04272019 04:09:27 [INFO]: b'RX:B\x00'
04272019 04:09:27 [INFO]: b'TX:M\x12\x83\xa1o\xce\x01\x12\xa8\x80\xa1a\xce\x00\x89T@\xa1h\x00-----'
04272019 04:09:27 [INFO]: b'RX:B\x00'
04272019 04:09:27 [ERROR]: Buffer overflow
04272019 04:09:27 [INFO]: b'TX:M\x15\x84\xa1p\xcd\x14\xf8\xa1t\xcd\x02\xd6\xa1r\xcd\x05.\xa1e\xcd\x03\xfb--'
04272019 04:09:27 [INFO]: b'RX:B\x00'
04272019 04:09:27 [INFO]: b'TX:M\x12\x83\xa1o\xce\x01\x12\xa8\x80\xa1a\xce\x00\x89T@\xa1h\x00-----'
04272019 04:09:28 [INFO]: b'RX:B\x00'
04272019 04:09:28 [INFO]: b'TX:M\x15\x84\xa1p\xcd\x14\xf7\xa1t\xcd\x02\xd5\xa1r\xcd\x05.\xa1e\xcd\x03\xfb--'
04272019 04:09:28 [INFO]: b'RX:B\x00'
04272019 04:09:28 [INFO]: b'TX:M\x12\x83\xa1o\xce\x01\x12\xa8\x80\xa1a\xce\x00\x89T@\xa1h\x00-----'
04272019 04:09:28 [INFO]: b'RX:B\x00'
04272019 04:09:28 [INFO]: b'TX:M\x15\x84\xa1p\xcd\x14\xf8\xa1t\xcd\x02\xd5\xa1r\xcd\x05-\xa1e\xcd\x03\xfb--'
04272019 04:09:28 [INFO]: b'RX:B\x00'
04272019 04:09:28 [INFO]: b'TX:M\x12\x83\xa1o\xce\x01\x12\xa8\x80\xa1a\xce\x00\x89T@\xa1h\x00-----'
04272019 04:09:29 [INFO]: b'RX:B\x00'
04272019 04:09:29 [INFO]: b'TX:M\x15\x84\xa1p\xcd\x14\xf8\xa1t\xcd\x02\xd5\xa1r\xcd\x05-\xa1e\xcd\x03\xfb--'
04272019 04:09:29 [INFO]: b'RX:B\x00'
04272019 04:09:29 [INFO]: b'TX:M\x12\x83\xa1o\xce\x01\x12\xa8\x80\xa1a\xce\x00\x89T@\xa1h\x00-----'
04272019 04:09:29 [INFO]: b'RX:B\x00'
04272019 04:09:29 [INFO]: b'TX:M\x15\x84\xa1p\xcd\x14\xf8\xa1t\xcd\x02\xd6\xa1r\xcd\x05/\xa1e\xcd\x03\xfb--'
04272019 04:09:29 [INFO]: b'RX:B\x00'
04272019 04:09:30 [INFO]: b'TX:M\x12\x83\xa1o\xce\x01\x12\xa8\x80\xa1a\xce\x00\x89T@\xa1h\x00-----'
04272019 04:09:30 [INFO]: b'RX:B\x00'
04272019 04:09:30 [INFO]: b'TX:M\x15\x84\xa1p\xcd\x14\xf8\xa1t\xcd\x02\xd6\xa1r\xcd\x05/\xa1e\xcd\x03\xfb--'
04272019 04:09:30 [INFO]: b'RX:B\x00'
04272019 04:09:30 [INFO]: b'TX:M\x12\x83\xa1o\xce\x01\x12\xa8\x80\xa1a\xce\x00\x89T@\xa1h\x00-----'
04272019 04:09:30 [INFO]: b'RX:B\x00'
04272019 04:09:30 [ERROR]: Buffer overflow
04272019 04:09:30 [INFO]: b'TX:M\x15\x84\xa1p\xcd\x14\xf8\xa1t\xcd\x02\xd6\xa1r\xcd\x05.\xa1e\xcd\x03\xfb--'
04272019 04:09:31 [INFO]: b'RX:B\x00'
04272019 04:09:31 [INFO]: b'TX:M\x12\x83\xa1o\xce\x01\x12\xa8\x80\xa1a\xce\x00\x89T@\xa1h\x00-----'
04272019 04:09:31 [INFO]: b'RX:B\x00'
04272019 04:09:31 [INFO]: b'TX:M\x15\x84\xa1p\xcd\x14\xf8\xa1t\xcd\x02\xd6\xa1r\xcd\x05-\xa1e\xcd\x03\xfb--'
04272019 04:09:31 [INFO]: b'RX:B\x00'
04272019 04:09:31 [INFO]: b'TX:M\x12\x83\xa1o\xce\x01\x12\xa8\x80\xa1a\xce\x00\x89T@\xa1h\x00-----'
04272019 04:09:31 [INFO]: b'RX:B\x00'
04272019 04:09:32 [INFO]: b'TX:M\x15\x84\xa1p\xcd\x14\xf8\xa1t\xcd\x02\xd6\xa1r\xcd\x05-\xa1e\xcd\x03\xfb--'
04272019 04:09:32 [INFO]: b'RX:B\x00'
04272019 04:09:32 [INFO]: b'TX:M\x12\x83\xa1o\xce\x01\x12\xa8\x80\xa1a\xce\x00\x89T@\xa1h\x00-----'
04272019 04:09:32 [INFO]: b'RX:B\x00'
04272019 04:09:32 [INFO]: b'TX:M\x15\x84\xa1p\xcd\x14\xf8\xa1t\xcd\x02\xd6\xa1r\xcd\x05.\xa1e\xcd\x03\xfb--'
04272019 04:09:32 [INFO]: b'RX:B\x00'
04272019 04:09:32 [INFO]: b'TX:M\x12\x83\xa1o\xce\x01\x12\xa8\x80\xa1a\xce\x00\x89T@\xa1h\x00-----'
04272019 04:09:33 [INFO]: b'RX:B\x00'
04272019 04:09:33 [INFO]: b'TX:M\x15\x84\xa1p\xcd\x14\xf8\xa1t\xcd\x02\xd6\xa1r\xcd\x05.\xa1e\xcd\x03\xfb--'
04272019 04:09:33 [INFO]: b'RX:B\x00'
04272019 04:09:33 [INFO]: b'TX:M\x12\x83\xa1o\xce\x01\x12\xa8\x80\xa1a\xce\x00\x89T@\xa1h\x00-----'
04272019 04:09:33 [INFO]: b'RX:B\x00'
04272019 04:09:33 [INFO]: b'TX:M\x15\x84\xa1p\xcd\x14\xf8\xa1t\xcd\x02\xd6\xa1r\xcd\x05,\xa1e\xcd\x03\xfb--'
04272019 04:09:33 [INFO]: b'RX:B\x00'
04272019 04:09:34 [INFO]: b'TX:M\x12\x83\xa1o\xce\x01\x12\xa8\x80\xa1a\xce\x00\x89T@\xa1h\x00-----'
04272019 04:09:34 [INFO]: b'RX:B\x00'
04272019 04:09:34 [ERROR]: Buffer overflow
04272019 04:09:34 [INFO]: b'TX:M\x15\x84\xa1p\xcd\x14\xf8\xa1t\xcd\x02\xd6\xa1r\xcd\x05-\xa1e\xcd\x03\xfb--'
04272019 04:09:34 [INFO]: b'RX:B\x00'
04272019 04:09:34 [INFO]: b'TX:M\x12\x83\xa1o\xce\x01\x12\xa8\x80\xa1a\xce\x00\x89T@\xa1h\x00-----'
04272019 04:09:34 [INFO]: b'RX:B\x00'
04272019 04:09:34 [INFO]: b'TX:M\x15\x84\xa1p\xcd\x14\xf9\xa1t\xcd\x02\xd6\xa1r\xcd\x05-\xa1e\xcd\x03\xfb--'
04272019 04:09:35 [INFO]: b'RX:B\x00'
04272019 04:09:35 [INFO]: b'TX:M\x12\x83\xa1o\xce\x01\x12\xa8\x80\xa1a\xce\x00\x89T@\xa1h\x00-----'
04272019 04:09:35 [INFO]: b'RX:B\x00'
04272019 04:09:35 [INFO]: b'TX:M\x15\x84\xa1p\xcd\x14\xf9\xa1t\xcd\x02\xd6\xa1r\xcd\x05-\xa1e\xcd\x03\xfb--'
04272019 04:09:35 [INFO]: b'RX:B\x00'
04272019 04:09:35 [INFO]: b'TX:M\x12\x83\xa1o\xce\x01\x12\xa8\x80\xa1a\xce\x00\x89T@\xa1h\x00-----'
04272019 04:09:35 [INFO]: b'RX:B\x00'
04272019 04:09:36 [INFO]: b'TX:M\x15\x84\xa1p\xcd\x14\xf8\xa1t\xcd\x02\xd6\xa1r\xcd\x05-\xa1e\xcd\x03\xfb--'
04272019 04:09:36 [INFO]: b'RX:B\x00'
04272019 04:09:36 [INFO]: b'TX:M\x12\x83\xa1o\xce\x01\x12\xa8\x80\xa1a\xce\x00\x89T@\xa1h\x00-----'
04272019 04:09:36 [INFO]: b'RX:B\x00'
04272019 04:09:36 [INFO]: b'TX:M\x15\x84\xa1p\xcd\x14\xf8\xa1t\xcd\x02\xd6\xa1r\xcd\x05.\xa1e\xcd\x03\xfb--'
04272019 04:09:36 [INFO]: b'RX:B\x00'
04272019 04:09:36 [INFO]: b'TX:M\x12\x83\xa1o\xce\x01\x12\xa8\x80\xa1a\xce\x00\x89T@\xa1h\x00-----'
04272019 04:09:37 [INFO]: b'RX:B\x00'
04272019 04:09:37 [INFO]: b'TX:M\x15\x84\xa1p\xcd\x14\xf8\xa1t\xcd\x02\xd6\xa1r\xcd\x05.\xa1e\xcd\x03\xfb--'
04272019 04:09:37 [INFO]: b'RX:B\x00'
04272019 04:09:37 [ERROR]: Buffer overflow
04272019 04:09:37 [INFO]: b'TX:M\x15\x84\xa1p\xcd\x14\xf8\xa1t\xcd\x02\xd6\xa1r\xcd\x05/\xa1e\xcd\x03\xfb--'
04272019 04:09:37 [INFO]: b'RX:B\x00'
04272019 04:09:37 [INFO]: b'TX:M\x15\x84\xa1p\xcd\x14\xf8\xa1t\xcd\x02\xd6\xa1r\xcd\x05,\xa1e\xcd\x03\xfb--'
04272019 04:09:37 [INFO]: b'RX:B\x00'
04272019 04:09:38 [INFO]: b'TX:M\x12\x83\xa1o\xce\x01\x12\xa8\x80\xa1a\xce\x00\x89T@\xa1h\x00-----'
04272019 04:09:38 [INFO]: b'RX:B\x00'
04272019 04:09:38 [INFO]: b'TX:M\x15\x84\xa1p\xcd\x14\xf8\xa1t\xcd\x02\xd6\xa1r\xcd\x05.\xa1e\xcd\x03\xfb--'
04272019 04:09:38 [INFO]: b'RX:B\x00'
04272019 04:09:38 [INFO]: b'TX:M\x12\x83\xa1o\xce\x01\x12\xa8\x80\xa1a\xce\x00\x89T@\xa1h\x00-----'
04272019 04:09:38 [INFO]: b'RX:B\x00'
04272019 04:09:38 [INFO]: b'TX:M\x15\x84\xa1p\xcd\x14\xf8\xa1t\xcd\x02\xd6\xa1r\xcd\x05.\xa1e\xcd\x03\xfb--'
04272019 04:09:39 [INFO]: b'RX:B\x00'
04272019 04:09:39 [INFO]: b'TX:M\x12\x83\xa1o\xce\x01\x12\xa8\x80\xa1a\xce\x00\x89T@\xa1h\x00-----'
04272019 04:09:39 [INFO]: b'RX:B\x00'
04272019 04:09:39 [INFO]: b'TX:M\x15\x84\xa1p\xcd\x14\xf8\xa1t\xcd\x02\xd6\xa1r\xcd\x05.\xa1e\xcd\x03\xfb--'
04272019 04:09:39 [INFO]: b'RX:B\x00'
04272019 04:09:39 [INFO]: b'TX:M\x12\x83\xa1o\xce\x01\x12\xa8\x80\xa1a\xce\x00\x89T@\xa1h\x00-----'
04272019 04:09:39 [INFO]: b'RX:B\x00'
04272019 04:09:40 [INFO]: b'TX:M\x15\x84\xa1p\xcd\x14\xf7\xa1t\xcd\x02\xd6\xa1r\xcd\x05.\xa1e\xcd\x03\xfb--'
04272019 04:09:40 [INFO]: b'RX:B\x00'
04272019 04:09:40 [INFO]: b'TX:M\x12\x83\xa1o\xce\x01\x12\xa8\x80\xa1a\xce\x00\x89T@\xa1h\x00-----'
04272019 04:09:40 [INFO]: b'RX:B\x00'
04272019 04:09:40 [INFO]: b'TX:M\x15\x84\xa1p\xcd\x14\xf8\xa1t\xcd\x02\xd6\xa1r\xcd\x05.\xa1e\xcd\x03\xfb--'
04272019 04:09:40 [INFO]: b'RX:B\x00'
04272019 04:09:40 [ERROR]: Buffer overflow
04272019 04:09:40 [INFO]: b'TX:M\x15\x84\xa1p\xcd\x14\xf7\xa1t\xcd\x02\xd6\xa1r\xcd\x050\xa1e\xcd\x03\xfb--'
04272019 04:09:41 [INFO]: b'RX:B\x00'
04272019 04:09:41 [INFO]: b'TX:M\x12\x83\xa1o\xce\x01\x12\xa8\x80\xa1a\xce\x00\x89T@\xa1h\x00-----'
04272019 04:09:41 [INFO]: b'RX:B\x00'
04272019 04:09:41 [INFO]: b'TX:M\x15\x84\xa1p\xcd\x14\xf7\xa1t\xcd\x02\xd6\xa1r\xcd\x050\xa1e\xcd\x03\xfb--'
04272019 04:09:41 [INFO]: b'RX:B\x00'
04272019 04:09:41 [INFO]: b'TX:M\x15\x84\xa1p\xcd\x14\xf8\xa1t\xcd\x02\xd6\xa1r\xcd\x051\xa1e\xcd\x03\xfb--'
04272019 04:09:41 [INFO]: b'RX:B\x00'
04272019 04:09:42 [INFO]: b'TX:M\x12\x83\xa1o\xce\x01\x12\xa8\x80\xa1a\xce\x00\x89T@\xa1h\x00-----'
04272019 04:09:42 [INFO]: b'RX:B\x00'
04272019 04:09:42 [INFO]: b'TX:M\x15\x84\xa1p\xcd\x14\xf8\xa1t\xcd\x02\xd6\xa1r\xcd\x050\xa1e\xcd\x03\xfb--'
04272019 04:09:42 [INFO]: b'RX:B\x00'
04272019 04:09:42 [INFO]: b'TX:M\x12\x83\xa1o\xce\x01\x12\xa8\x80\xa1a\xce\x00\x89T@\xa1h\x00-----'
04272019 04:09:42 [INFO]: b'RX:B\x00'
04272019 04:09:42 [INFO]: b'TX:M\x15\x84\xa1p\xcd\x14\xf8\xa1t\xcd\x02\xd6\xa1r\xcd\x050\xa1e\xcd\x03\xfb--'
04272019 04:09:43 [INFO]: b'RX:B\x00'
04272019 04:09:43 [INFO]: b'TX:M\x12\x83\xa1o\xce\x01\x12\xa8\x80\xa1a\xce\x00\x89T@\xa1h\x00-----'
04272019 04:09:43 [INFO]: b'RX:B\x00'
04272019 04:09:43 [INFO]: b'TX:M\x15\x84\xa1p\xcd\x14\xf8\xa1t\xcd\x02\xd6\xa1r\xcd\x050\xa1e\xcd\x03\xfb--'
04272019 04:09:43 [INFO]: b'RX:B\x00'
04272019 04:09:43 [INFO]: b'TX:M\x12\x83\xa1o\xce\x01\x12\xa8\x80\xa1a\xce\x00\x89T@\xa1h\x00-----'
04272019 04:09:43 [INFO]: b'RX:B\x00'
04272019 04:09:44 [INFO]: b'TX:M\x15\x84\xa1p\xcd\x14\xf7\xa1t\xcd\x02\xd6\xa1r\xcd\x050\xa1e\xcd\x03\xfb--'
04272019 04:09:44 [INFO]: b'RX:B\x00'
04272019 04:09:44 [ERROR]: Buffer overflow
04272019 04:09:44 [INFO]: b'TX:M\x15\x84\xa1p\xcd\x14\xf9\xa1t\xcd\x02\xd6\xa1r\xcd\x05/\xa1e\xcd\x03\xfb--'
04272019 04:09:44 [INFO]: b'RX:B\x00'
04272019 04:09:44 [INFO]: b'TX:M\x12\x83\xa1o\xce\x01\x12\xa8\x80\xa1a\xce\x00\x89T@\xa1h\x00-----'
04272019 04:09:44 [INFO]: b'RX:B\x00'
04272019 04:09:44 [INFO]: b'TX:M\x15\x84\xa1p\xcd\x14\xf8\xa1t\xcd\x02\xd6\xa1r\xcd\x051\xa1e\xcd\x03\xfb--'
04272019 04:09:45 [INFO]: b'RX:B\x00'
04272019 04:09:45 [INFO]: b'TX:M\x12\x83\xa1o\xce\x01\x12\xa8\x80\xa1a\xce\x00\x89T@\xa1h\x00-----'
04272019 04:09:45 [INFO]: b'RX:B\x00'
04272019 04:09:45 [INFO]: b'TX:M\x15\x84\xa1p\xcd\x14\xf8\xa1t\xcd\x02\xd6\xa1r\xcd\x051\xa1e\xcd\x03\xfb--'
04272019 04:09:45 [INFO]: b'RX:B\x00'
04272019 04:09:45 [INFO]: b'TX:M\x15\x84\xa1p\xcd\x14\xf7\xa1t\xcd\x02\xd6\xa1r\xcd\x050\xa1e\xcd\x03\xfb--'
04272019 04:09:46 [INFO]: b'RX:B\x00'
04272019 04:09:46 [INFO]: b'TX:M\x12\x83\xa1o\xce\x01\x12\xa8\x80\xa1a\xce\x00\x89T@\xa1h\x00-----'
04272019 04:09:46 [INFO]: b'RX:B\x00'
04272019 04:09:46 [INFO]: b'TX:M\x15\x84\xa1p\xcd\x14\xf7\xa1t\xcd\x02\xd6\xa1r\xcd\x050\xa1e\xcd\x03\xfb--'
04272019 04:09:46 [INFO]: b'RX:B\x00'
04272019 04:09:46 [INFO]: b'TX:M\x12\x83\xa1o\xce\x01\x12\xa8\x80\xa1a\xce\x00\x89T@\xa1h\x00-----'
04272019 04:09:46 [INFO]: b'RX:B\x00'
04272019 04:09:46 [INFO]: b'TX:M\x15\x84\xa1p\xcd\x14\xf8\xa1t\xcd\x02\xd6\xa1r\xcd\x050\xa1e\xcd\x03\xfb--'
04272019 04:09:47 [INFO]: b'RX:B\x00'
04272019 04:09:47 [INFO]: b'TX:M\x12\x83\xa1o\xce\x01\x12\xa8\x80\xa1a\xce\x00\x89T@\xa1h\x00-----'
04272019 04:09:47 [INFO]: b'RX:B\x00'
04272019 04:09:47 [INFO]: b'TX:M\x15\x84\xa1p\xcd\x14\xf8\xa1t\xcd\x02\xd6\xa1r\xcd\x050\xa1e\xcd\x03\xfb--'
04272019 04:09:47 [INFO]: b'RX:B\x00'
04272019 04:09:47 [ERROR]: Buffer overflow
04272019 04:09:47 [INFO]: b'TX:M\x12\x83\xa1o\xce\x01\x12\xa8\x80\xa1a\xce\x00\x89T@\xa1h\x00-----'
04272019 04:09:47 [INFO]: b'RX:B\x00'
04272019 04:09:48 [INFO]: b'TX:M\x15\x84\xa1p\xcd\x14\xf8\xa1t\xcd\x02\xd6\xa1r\xcd\x05/\xa1e\xcd\x03\xfb--'
04272019 04:09:48 [INFO]: b'RX:B\x00'
04272019 04:09:48 [INFO]: b'TX:M\x12\x83\xa1o\xce\x01\x12\xa8\x80\xa1a\xce\x00\x89T@\xa1h\x00-----'
04272019 04:09:48 [INFO]: b'RX:B\x00'
04272019 04:09:48 [INFO]: b'TX:M\x12\x83\xa1o\xce\x01\x12\xa8\x80\xa1a\xce\x00\x89T@\xa1h\x00-----'
04272019 04:09:48 [INFO]: b'RX:B\x00'
04272019 04:09:48 [INFO]: b'TX:M\x15\x84\xa1p\xcd\x14\xf9\xa1t\xcd\x02\xd7\xa1r\xcd\x051\xa1e\xcd\x03\xfb--'
04272019 04:09:49 [INFO]: b'RX:B\x00'
04272019 04:09:49 [INFO]: b'TX:M\x12\x83\xa1o\xce\x01\x12\xa8\x80\xa1a\xce\x00\x89T@\xa1h\x00-----'
04272019 04:09:49 [INFO]: b'RX:B\x00'
04272019 04:09:49 [INFO]: b'TX:M\x15\x84\xa1p\xcd\x14\xf9\xa1t\xcd\x02\xd7\xa1r\xcd\x051\xa1e\xcd\x03\xfb--'
04272019 04:09:49 [INFO]: b'RX:B\x00'
04272019 04:09:49 [INFO]: b'TX:M\x12\x83\xa1o\xce\x01\x12\xa8\x80\xa1a\xce\x00\x89T@\xa1h\x00-----'
04272019 04:09:49 [INFO]: b'RX:B\x00'
04272019 04:09:50 [INFO]: b'TX:M\x15\x84\xa1p\xcd\x14\xf7\xa1t\xcd\x02\xd7\xa1r\xcd\x051\xa1e\xcd\x03\xfb--'
04272019 04:09:50 [INFO]: b'RX:B\x00'
04272019 04:09:50 [INFO]: b'TX:M\x12\x83\xa1o\xce\x01\x12\xa8\x80\xa1a\xce\x00\x89T@\xa1h\x00-----'
04272019 04:09:50 [INFO]: b'RX:B\x00'
04272019 04:09:50 [INFO]: b'TX:M\x15\x84\xa1p\xcd\x14\xf7\xa1t\xcd\x02\xd7\xa1r\xcd\x052\xa1e\xcd\x03\xfa--'
04272019 04:09:50 [INFO]: b'RX:B\x00'
04272019 04:09:50 [INFO]: b'TX:M\x15\x84\xa1p\xcd\x14\xf9\xa1t\xcd\x02\xd7\xa1r\xcd\x052\xa1e\xcd\x03\xfa--'
04272019 04:09:51 [INFO]: b'RX:B\x00'
04272019 04:09:51 [ERROR]: Buffer overflow
04272019 04:09:51 [INFO]: b'TX:M\x12\x83\xa1o\xce\x01\x12\xa8\x80\xa1a\xce\x00\x89T@\xa1h\x00-----'
04272019 04:09:51 [INFO]: b'RX:B\x00'
04272019 04:09:51 [INFO]: b'TX:M\x15\x84\xa1p\xcd\x14\xf9\xa1t\xcd\x02\xd7\xa1r\xcd\x052\xa1e\xcd\x03\xfa--'
04272019 04:09:51 [INFO]: b'RX:B\x00'
04272019 04:09:51 [INFO]: b'TX:M\x12\x83\xa1o\xce\x01\x12\xa8\x80\xa1a\xce\x00\x89T@\xa1h\x00-----'
04272019 04:09:51 [INFO]: b'RX:B\x00'
04272019 04:09:52 [INFO]: b'TX:M\x15\x84\xa1p\xcd\x14\xf7\xa1t\xcd\x02\xd7\xa1r\xcd\x052\xa1e\xcd\x03\xfa--'
04272019 04:09:52 [INFO]: b'RX:B\x00'
04272019 04:09:52 [INFO]: b'TX:M\x12\x83\xa1o\xce\x01\x12\xa8\x80\xa1a\xce\x00\x89T@\xa1h\x00-----'
04272019 04:09:52 [INFO]: b'RX:B\x00'
04272019 04:09:52 [INFO]: b'TX:M\x12\x83\xa1o\xce\x01\x12\xa8\x80\xa1a\xce\x00\x89T@\xa1h\x00-----'
04272019 04:09:52 [INFO]: b'RX:B\x00'
04272019 04:09:52 [INFO]: b'TX:M\x15\x84\xa1p\xcd\x14\xf8\xa1t\xcd\x02\xd7\xa1r\xcd\x052\xa1e\xcd\x03\xfa--'
04272019 04:09:53 [INFO]: b'RX:B\x00'
04272019 04:09:53 [INFO]: b'TX:M\x12\x83\xa1o\xce\x01\x12\xa8\x80\xa1a\xce\x00\x89T@\xa1h\x00-----'
04272019 04:09:53 [INFO]: b'RX:B\x00'
04272019 04:09:53 [INFO]: b'TX:M\x15\x84\xa1p\xcd\x14\xf8\xa1t\xcd\x02\xd7\xa1r\xcd\x052\xa1e\xcd\x03\xfa--'
04272019 04:09:53 [INFO]: b'RX:B\x00'
04272019 04:09:53 [INFO]: b'TX:M\x12\x83\xa1o\xce\x01\x12\xa8\x80\xa1a\xce\x00\x89T@\xa1h\x00-----'
04272019 04:09:53 [INFO]: b'RX:B\x00'
04272019 04:09:53 [INFO]: b'TX:M\x15\x84\xa1p\xcd\x14\xf7\xa1t\xcd\x02\xd7\xa1r\xcd\x052\xa1e\xcd\x03\xfa--'
04272019 04:09:54 [INFO]: b'RX:B\x00'
04272019 04:09:54 [INFO]: b'TX:M\x12\x83\xa1o\xce\x01\x12\xa8\x80\xa1a\xce\x00\x89T@\xa1h\x00-----'
04272019 04:09:54 [INFO]: b'RX:B\x00'
04272019 04:09:54 [ERROR]: Buffer overflow
04272019 04:09:54 [INFO]: b'TX:M\x12\x83\xa1o\xce\x01\x12\xa8\x80\xa1a\xce\x00\x89T@\xa1h\x00-----'
04272019 04:09:54 [INFO]: b'RX:B\x00'
04272019 04:09:54 [INFO]: b'TX:M\x15\x84\xa1p\xcd\x14\xf7\xa1t\xcd\x02\xd7\xa1r\xcd\x050\xa1e\xcd\x03\xfb--'
04272019 04:09:55 [INFO]: b'RX:B\x00'
04272019 04:09:55 [INFO]: b'TX:M\x12\x83\xa1o\xce\x01\x12\xa8\x80\xa1a\xce\x00\x89T@\xa1h\x00-----'
04272019 04:09:55 [INFO]: b'RX:B\x00'
04272019 04:09:55 [INFO]: b'TX:M\x15\x84\xa1p\xcd\x14\xf7\xa1t\xcd\x02\xd7\xa1r\xcd\x051\xa1e\xcd\x03\xfb--'
04272019 04:09:55 [INFO]: b'RX:B\x00'
04272019 04:09:55 [INFO]: b'TX:M\x12\x83\xa1o\xce\x01\x12\xa8\x80\xa1a\xce\x00\x89T@\xa1h\x00-----'
04272019 04:09:55 [INFO]: b'RX:B\x00'
04272019 04:09:56 [INFO]: b'TX:M\x12\x83\xa1o\xce\x01\x12\xa8\x80\xa1a\xce\x00\x89T@\xa1h\x00-----'
04272019 04:09:56 [INFO]: b'RX:B\x00'
04272019 04:09:56 [INFO]: b'TX:M\x15\x84\xa1p\xcd\x14\xf7\xa1t\xcd\x02\xd7\xa1r\xcd\x051\xa1e\xcd\x03\xfb--'
04272019 04:09:56 [INFO]: b'RX:B\x00'
04272019 04:09:56 [INFO]: b'TX:M\x12\x83\xa1o\xce\x01\x12\xa8\x80\xa1a\xce\x00\x89T@\xa1h\x00-----'
04272019 04:09:56 [INFO]: b'RX:B\x00'
04272019 04:09:56 [INFO]: b'TX:M\x15\x84\xa1p\xcd\x14\xf7\xa1t\xcd\x02\xd7\xa1r\xcd\x050\xa1e\xcd\x03\xfb--'
04272019 04:09:57 [INFO]: b'RX:B\x00'
04272019 04:09:57 [INFO]: b'TX:M\x12\x83\xa1o\xce\x01\x12\xa8\x80\xa1a\xce\x00\x89T@\xa1h\x00-----'
04272019 04:09:57 [INFO]: b'RX:B\x00'
04272019 04:09:57 [INFO]: b'TX:M\x15\x84\xa1p\xcd\x14\xf7\xa1t\xcd\x02\xd7\xa1r\xcd\x05.\xa1e\xcd\x03\xfb--'
04272019 04:09:57 [INFO]: b'RX:B\x00'
04272019 04:09:57 [ERROR]: Buffer overflow
04272019 04:09:57 [INFO]: b'TX:M\x15\x84\xa1p\xcd\x14\xf7\xa1t\xcd\x02\xd7\xa1r\xcd\x052\xa1e\xcd\x03\xfa--'
04272019 04:09:57 [INFO]: b'RX:B\x00'
04272019 04:09:57 [INFO]: b'TX:M\x12\x83\xa1o\xce\x01\x12\xa8\x80\xa1a\xce\x00\x89T@\xa1h\x00-----'
04272019 04:09:58 [INFO]: b'RX:B\x00'
04272019 04:09:58 [INFO]: b'TX:M\x15\x84\xa1p\xcd\x14\xf7\xa1t\xcd\x02\xd7\xa1r\xcd\x05/\xa1e\xcd\x03\xfb--'
04272019 04:09:58 [INFO]: b'RX:B\x00'
04272019 04:09:58 [INFO]: b'TX:M\x12\x83\xa1o\xce\x01\x12\xa8\x80\xa1a\xce\x00\x89T@\xa1h\x00-----'
04272019 04:09:58 [INFO]: b'RX:B\x00'
04272019 04:09:58 [INFO]: b'TX:M\x15\x84\xa1p\xcd\x14\xf7\xa1t\xcd\x02\xd7\xa1r\xcd\x05/\xa1e\xcd\x03\xfb--'
04272019 04:09:59 [INFO]: b'RX:B\x00'
04272019 04:09:59 [INFO]: b'TX:M\x12\x83\xa1o\xce\x01\x12\xa8\x80\xa1a\xce\x00\x89T@\xa1h\x00-----'
04272019 04:09:59 [INFO]: b'RX:B\x00'
04272019 04:09:59 [INFO]: b'TX:M\x12\x83\xa1o\xce\x01\x12\xa8\x80\xa1a\xce\x00\x89T@\xa1h\x00-----'
04272019 04:09:59 [INFO]: b'RX:B\x00'
04272019 04:09:59 [INFO]: b'TX:M\x15\x84\xa1p\xcd\x14\xf7\xa1t\xcd\x02\xd7\xa1r\xcd\x053\xa1e\xcd\x03\xfa--'
04272019 04:09:59 [INFO]: b'RX:B\x00'
04272019 04:09:59 [INFO]: b'TX:M\x12\x83\xa1o\xce\x01\x12\xa8\x80\xa1a\xce\x00\x89T@\xa1h\x00-----'
04272019 04:10:00 [INFO]: b'RX:REBOOT\xf2'
04272019 04:10:00 [INFO]: b'TX:M\x15\x84\xa1p\xcd\x14\xf7\xa1t\xcd\x02\xd7\xa1r\xcd\x053\xa1e\xcd\x03\xfa--'
04272019 04:10:00 [INFO]: b'RX:B\x00'
04272019 04:10:00 [INFO]: b'TX:M\x12\x83\xa1o\xce\x01\x12\xa8\x80\xa1a\xce\x00\x89T@\xa1h\x00-----'
04272019 04:10:00 [INFO]: b'RX:B\x00'
04272019 04:10:00 [INFO]: b'TX:M\x15\x84\xa1p\xcd\x14\xf8\xa1t\xcd\x02\xd7\xa1r\xcd\x052\xa1e\xcd\x03\xfb--'
04272019 04:10:01 [INFO]: b'RX:B\x00'
04272019 04:10:01 [ERROR]: Buffer overflow
04272019 04:10:01 [INFO]: b'TX:M\x15\x84\xa1p\xcd\x14\xf7\xa1t\xcd\x02\xd7\xa1r\xcd\x051\xa1e\xcd\x03\xfb--'
04272019 04:10:01 [INFO]: b'RX:B\x00'
04272019 04:10:01 [INFO]: b'TX:M\x12\x83\xa1o\xce\x01\x12\xa8\x80\xa1a\xce\x00\x89T@\xa1h\x00-----'
04272019 04:10:01 [INFO]: b'RX:B\x00'
04272019 04:10:01 [INFO]: b'TX:M\x15\x84\xa1p\xcd\x14\xf7\xa1t\xcd\x02\xd7\xa1r\xcd\x051\xa1e\xcd\x03\xfb--'
04272019 04:10:01 [INFO]: b'RX:B\x00'
04272019 04:10:01 [INFO]: b'TX:M\x12\x83\xa1o\xce\x01\x12\xa8\x80\xa1a\xce\x00\x89T@\xa1h\x00-----'
04272019 04:10:02 [INFO]: b'RX:B\x00'
04272019 04:10:02 [INFO]: b'TX:M\x15\x84\xa1p\xcd\x14\xf7\xa1t\xcd\x02\xd7\xa1r\xcd\x051\xa1e\xcd\x03\xfb--'
04272019 04:10:02 [INFO]: b'RX:B\x00'
04272019 04:10:02 [INFO]: b'TX:M\x12\x83\xa1o\xce\x01\x12\xa8\x80\xa1a\xce\x00\x89T@\xa1h\x00-----'
04272019 04:10:02 [INFO]: b'RX:B\x00'
04272019 04:10:02 [INFO]: b'TX:M\x15\x84\xa1p\xcd\x14\xf7\xa1t\xcd\x02\xd7\xa1r\xcd\x051\xa1e\xcd\x03\xfb--'
04272019 04:10:03 [INFO]: b'RX:B\x00'
04272019 04:10:03 [INFO]: b'TX:M\x12\x83\xa1o\xce\x01\x12\xa8\x80\xa1a\xce\x00\x89T@\xa1h\x00-----'
04272019 04:10:03 [INFO]: b'RX:B\x00'
04272019 04:10:03 [INFO]: b'TX:M\x12\x83\xa1o\xce\x01\x12\xa8\x80\xa1a\xce\x00\x89T@\xa1h\x00-----'
04272019 04:10:03 [INFO]: b'RX:B\x00'
04272019 04:10:03 [INFO]: b'TX:M\x15\x84\xa1p\xcd\x14\xf8\xa1t\xcd\x02\xd7\xa1r\xcd\x054\xa1e\xcd\x03\xfa--'
04272019 04:10:03 [INFO]: b'RX:B\x00'
04272019 04:10:03 [INFO]: b'TX:M\x12\x83\xa1o\xce\x01\x12\xa8\x80\xa1a\xce\x00\x89T@\xa1h\x00-----'
04272019 04:10:04 [INFO]: b'RX:B\x00'
04272019 04:10:04 [INFO]: b'TX:M\x15\x84\xa1p\xcd\x14\xf8\xa1t\xcd\x02\xd7\xa1r\xcd\x054\xa1e\xcd\x03\xfa--'
04272019 04:10:04 [INFO]: b'RX:B\x00'
04272019 04:10:04 [ERROR]: Buffer overflow
04272019 04:10:04 [INFO]: b'TX:M\x15\x84\xa1p\xcd\x14\xf7\xa1t\xcd\x02\xd7\xa1r\xcd\x051\xa1e\xcd\x03\xfb--'
04272019 04:10:04 [INFO]: b'RX:B\x00'
04272019 04:10:04 [INFO]: b'TX:M\x12\x83\xa1o\xce\x01\x12\xa8\x80\xa1a\xce\x00\x89T@\xa1h\x00-----'
04272019 04:10:05 [INFO]: b'RX:B\x00'
04272019 04:10:05 [INFO]: b'TX:M\x15\x84\xa1p\xcd\x14\xf7\xa1t\xcd\x02\xd7\xa1r\xcd\x052\xa1e\xcd\x03\xfa--'
04272019 04:10:05 [INFO]: b'RX:B\x00'
04272019 04:10:05 [INFO]: b'TX:M\x12\x83\xa1o\xce\x01\x12\xa8\x80\xa1a\xce\x00\x89T@\xa1h\x00-----'
04272019 04:10:05 [INFO]: b'RX:B\x00'
04272019 04:10:05 [INFO]: b'TX:M\x15\x84\xa1p\xcd\x14\xf7\xa1t\xcd\x02\xd7\xa1r\xcd\x052\xa1e\xcd\x03\xfa--'
04272019 04:10:05 [INFO]: b'RX:B\x00'
04272019 04:10:05 [INFO]: b'TX:M\x12\x83\xa1o\xce\x01\x12\xa8\x80\xa1a\xce\x00\x89T@\xa1h\x00-----'
04272019 04:10:06 [INFO]: b'RX:B\x00'
04272019 04:10:06 [INFO]: b'TX:M\x15\x84\xa1p\xcd\x14\xf7\xa1t\xcd\x02\xd7\xa1r\xcd\x051\xa1e\xcd\x03\xfb--'
04272019 04:10:06 [INFO]: b'RX:B\x00'
04272019 04:10:06 [INFO]: b'TX:M\x12\x83\xa1o\xce\x01\x12\xa8\x80\xa1a\xce\x00\x89T@\xa1h\x00-----'
04272019 04:10:06 [INFO]: b'RX:B\x00'
04272019 04:10:06 [INFO]: b'TX:M\x15\x84\xa1p\xcd\x14\xf8\xa1t\xcd\x02\xd7\xa1r\xcd\x051\xa1e\xcd\x03\xfb--'
04272019 04:10:07 [INFO]: b'RX:B\x00'
04272019 04:10:07 [INFO]: b'TX:M\x12\x83\xa1o\xce\x01\x12\xa8\x80\xa1a\xce\x00\x89T@\xa1h\x00-----'
04272019 04:10:07 [INFO]: b'RX:B\x00'
04272019 04:10:07 [INFO]: b'TX:M\x12\x83\xa1o\xce\x01\x12\xa8\x80\xa1a\xce\x00\x89T@\xa1h\x00-----'
04272019 04:10:07 [INFO]: b'RX:B\x00'
04272019 04:10:07 [INFO]: b'TX:M\x15\x84\xa1p\xcd\x14\xf7\xa1t\xcd\x02\xd7\xa1r\xcd\x051\xa1e\xcd\x03\xfb--'
04272019 04:10:07 [INFO]: b'RX:B\x00'
04272019 04:10:07 [ERROR]: Buffer overflow
04272019 04:10:07 [INFO]: b'TX:M\x15\x84\xa1p\xcd\x14\xf7\xa1t\xcd\x02\xd7\xa1r\xcd\x051\xa1e\xcd\x03\xfb--'
04272019 04:10:08 [INFO]: b'RX:B\x00'
04272019 04:10:08 [INFO]: b'TX:M\x12\x83\xa1o\xce\x01\x12\xa8\x80\xa1a\xce\x00\x89T@\xa1h\x00-----'
04272019 04:10:08 [INFO]: b'RX:B\x00'
04272019 04:10:08 [INFO]: b'TX:M\x15\x84\xa1p\xcd\x14\xf7\xa1t\xcd\x02\xd7\xa1r\xcd\x050\xa1e\xcd\x03\xfb--'
04272019 04:10:08 [INFO]: b'RX:B\x00'
04272019 04:10:08 [INFO]: b'TX:M\x12\x83\xa1o\xce\x01\x12\xa8\x80\xa1a\xce\x00\x89T@\xa1h\x00-----'
04272019 04:10:09 [INFO]: b'RX:B\x00'
04272019 04:10:09 [INFO]: b'TX:M\x15\x84\xa1p\xcd\x14\xf7\xa1t\xcd\x02\xd7\xa1r\xcd\x05/\xa1e\xcd\x03\xfb--'
04272019 04:10:09 [INFO]: b'RX:B\x00'
04272019 04:10:09 [INFO]: b'TX:M\x12\x83\xa1o\xce\x01\x12\xa8\x80\xa1a\xce\x00\x89T@\xa1h\x00-----'
04272019 04:10:09 [INFO]: b'RX:B\x00'
04272019 04:10:09 [INFO]: b'TX:M\x15\x84\xa1p\xcd\x14\xf7\xa1t\xcd\x02\xd8\xa1r\xcd\x05/\xa1e\xcd\x03\xfb--'
04272019 04:10:09 [INFO]: b'RX:B\x00'
04272019 04:10:09 [INFO]: b'TX:M\x12\x83\xa1o\xce\x01\x12\xa8\x80\xa1a\xce\x00\x89T@\xa1h\x00-----'
04272019 04:10:10 [INFO]: b'RX:B\x00'
04272019 04:10:10 [INFO]: b'TX:M\x12\x83\xa1o\xce\x01\x12\xa8\x80\xa1a\xce\x00\x89T@\xa1h\x00-----'
04272019 04:10:10 [INFO]: b'RX:B\x00'
04272019 04:10:10 [INFO]: b'TX:M\x15\x84\xa1p\xcd\x14\xf7\xa1t\xcd\x02\xd8\xa1r\xcd\x05.\xa1e\xcd\x03\xfb--'
04272019 04:10:10 [INFO]: b'RX:B\x00'
04272019 04:10:10 [INFO]: b'TX:M\x12\x83\xa1o\xce\x01\x12\xa8\x80\xa1a\xce\x00\x89T@\xa1h\x00-----'
04272019 04:10:11 [INFO]: b'RX:B\x00'
04272019 04:10:11 [INFO]: b'TX:M\x15\x84\xa1p\xcd\x14\xf7\xa1t\xcd\x02\xd8\xa1r\xcd\x05.\xa1e\xcd\x03\xfb--'
04272019 04:10:11 [INFO]: b'RX:B\x00'
04272019 04:10:11 [ERROR]: Buffer overflow
04272019 04:10:11 [INFO]: b'TX:M\x15\x84\xa1p\xcd\x14\xf7\xa1t\xcd\x02\xd8\xa1r\xcd\x050\xa1e\xcd\x03\xfb--'
04272019 04:10:11 [INFO]: b'RX:B\x00'
04272019 04:10:11 [INFO]: b'TX:M\x12\x83\xa1o\xce\x01\x12\xa8\x80\xa1a\xce\x00\x89T@\xa1h\x00-----'
04272019 04:10:11 [INFO]: b'RX:B\x00'
04272019 04:10:11 [INFO]: b'TX:M\x15\x84\xa1p\xcd\x14\xf7\xa1t\xcd\x02\xd8\xa1r\xcd\x050\xa1e\xcd\x03\xfb--'
04272019 04:10:12 [INFO]: b'RX:B\x00'
04272019 04:10:12 [INFO]: b'TX:M\x12\x83\xa1o\xce\x01\x12\xa8\x80\xa1a\xce\x00\x89T@\xa1h\x00-----'
04272019 04:10:12 [INFO]: b'RX:B\x00'
04272019 04:10:12 [INFO]: b'TX:M\x15\x84\xa1p\xcd\x14\xf7\xa1t\xcd\x02\xd8\xa1r\xcd\x05/\xa1e\xcd\x03\xfb--'
04272019 04:10:12 [INFO]: b'RX:B\x00'
04272019 04:10:12 [INFO]: b'TX:M\x12\x83\xa1o\xce\x01\x12\xa8\x80\xa1a\xce\x00\x89T@\xa1h\x00-----'
04272019 04:10:13 [INFO]: b'RX:B\x00'
04272019 04:10:13 [INFO]: b'TX:M\x15\x84\xa1p\xcd\x14\xf7\xa1t\xcd\x02\xd8\xa1r\xcd\x05/\xa1e\xcd\x03\xfb--'
04272019 04:10:13 [INFO]: b'RX:B\x00'
04272019 04:10:13 [INFO]: b'TX:M\x12\x83\xa1o\xce\x01\x12\xa8\x80\xa1a\xce\x00\x89T@\xa1h\x00-----'
04272019 04:10:13 [INFO]: b'RX:B\x00'
04272019 04:10:13 [INFO]: b'TX:M\x15\x84\xa1p\xcd\x14\xf7\xa1t\xcd\x02\xd8\xa1r\xcd\x05/\xa1e\xcd\x03\xfb--'
04272019 04:10:13 [INFO]: b'RX:B\x00'
04272019 04:10:13 [INFO]: b'TX:M\x12\x83\xa1o\xce\x01\x12\xa8\x80\xa1a\xce\x00\x89T@\xa1h\x00-----'
04272019 04:10:14 [INFO]: b'RX:B\x00'
04272019 04:10:14 [INFO]: b'TX:M\x12\x83\xa1o\xce\x01\x12\xa8\x80\xa1a\xce\x00\x89T@\xa1h\x00-----'
04272019 04:10:14 [INFO]: b'RX:B\x00'
04272019 04:10:14 [INFO]: b'TX:M\x15\x84\xa1p\xcd\x14\xf7\xa1t\xcd\x02\xd8\xa1r\xcd\x050\xa1e\xcd\x03\xfb--'
04272019 04:10:14 [INFO]: b'RX:B\x00'
04272019 04:10:14 [ERROR]: Buffer overflow
04272019 04:10:14 [INFO]: b'TX:M\x12\x83\xa1o\xce\x01\x12\xa8\x80\xa1a\xce\x00\x89T@\xa1h\x00-----'
04272019 04:10:15 [INFO]: b'RX:B\x00'
04272019 04:10:15 [INFO]: b'TX:M\x15\x84\xa1p\xcd\x14\xf7\xa1t\xcd\x02\xd8\xa1r\xcd\x05/\xa1e\xcd\x03\xfb--'
04272019 04:10:15 [INFO]: b'RX:B\x00'
04272019 04:10:15 [INFO]: b'TX:M\x12\x83\xa1o\xce\x01\x12\xa8\x80\xa1a\xce\x00\x89T@\xa1h\x00-----'
04272019 04:10:15 [INFO]: b'RX:B\x00'
04272019 04:10:15 [INFO]: b'TX:M\x15\x84\xa1p\xcd\x14\xf7\xa1t\xcd\x02\xd8\xa1r\xcd\x05/\xa1e\xcd\x03\xfb--'
04272019 04:10:15 [INFO]: b'RX:B\x00'
04272019 04:10:15 [INFO]: b'TX:M\x15\x84\xa1p\xcd\x14\xf7\xa1t\xcd\x02\xd8\xa1r\xcd\x05/\xa1e\xcd\x03\xfb--'
04272019 04:10:16 [INFO]: b'RX:B\x00'
04272019 04:10:16 [INFO]: b'TX:M\x12\x83\xa1o\xce\x01\x12\xa8\x80\xa1a\xce\x00\x89T@\xa1h\x00-----'
04272019 04:10:16 [INFO]: b'RX:B\x00'
04272019 04:10:16 [INFO]: b'TX:M\x15\x84\xa1p\xcd\x14\xf8\xa1t\xcd\x02\xd8\xa1r\xcd\x05.\xa1e\xcd\x03\xfb--'
04272019 04:10:16 [INFO]: b'RX:B\x00'
04272019 04:10:16 [INFO]: b'TX:M\x12\x83\xa1o\xce\x01\x12\xa8\x80\xa1a\xce\x00\x89T@\xa1h\x00-----'
04272019 04:10:17 [INFO]: b'RX:B\x00'
04272019 04:10:17 [INFO]: b'TX:M\x15\x84\xa1p\xcd\x14\xf8\xa1t\xcd\x02\xd8\xa1r\xcd\x05,\xa1e\xcd\x03\xfb--'
04272019 04:10:17 [INFO]: b'RX:B\x00'
04272019 04:10:17 [INFO]: b'TX:M\x12\x83\xa1o\xce\x01\x12\xa8\x80\xa1a\xce\x00\x89T@\xa1h\x00-----'
04272019 04:10:17 [INFO]: b'RX:B\x00'
04272019 04:10:17 [INFO]: b'TX:M\x15\x84\xa1p\xcd\x14\xf7\xa1t\xcd\x02\xd8\xa1r\xcd\x05,\xa1e\xcd\x03\xfb--'
04272019 04:10:17 [INFO]: b'RX:B\x00'
04272019 04:10:17 [ERROR]: Buffer overflow
04272019 04:10:17 [INFO]: b'TX:M\x15\x84\xa1p\xcd\x14\xf7\xa1t\xcd\x02\xd8\xa1r\xcd\x05,\xa1e\xcd\x03\xfb--'
04272019 04:10:18 [INFO]: b'RX:B\x00'
04272019 04:10:18 [INFO]: b'TX:M\x12\x83\xa1o\xce\x01\x12\xa8\x80\xa1a\xce\x00\x89T@\xa1h\x00-----'
04272019 04:10:18 [INFO]: b'RX:B\x00'
04272019 04:10:18 [INFO]: b'TX:M\x15\x84\xa1p\xcd\x14\xf7\xa1t\xcd\x02\xd8\xa1r\xcd\x05-\xa1e\xcd\x03\xfb--'
04272019 04:10:18 [INFO]: b'RX:B\x00'
04272019 04:10:18 [INFO]: b'TX:M\x12\x83\xa1o\xce\x01\x12\xa8\x80\xa1a\xce\x00\x89T@\xa1h\x00-----'
04272019 04:10:19 [INFO]: b'RX:B\x00'
04272019 04:10:19 [INFO]: b'TX:M\x15\x84\xa1p\xcd\x14\xf7\xa1t\xcd\x02\xd8\xa1r\xcd\x05-\xa1e\xcd\x03\xfb--'
04272019 04:10:19 [INFO]: b'RX:B\x00'
04272019 04:10:19 [INFO]: b'TX:M\x12\x83\xa1o\xce\x01\x12\xa8\x80\xa1a\xce\x00\x89T@\xa1h\x00-----'
04272019 04:10:19 [INFO]: b'RX:B\x00'
04272019 04:10:19 [INFO]: b'TX:M\x15\x84\xa1p\xcd\x14\xf7\xa1t\xcd\x02\xd8\xa1r\xcd\x05+\xa1e\xcd\x03\xfb--'
04272019 04:10:19 [INFO]: b'RX:B\x00'
04272019 04:10:19 [INFO]: b'TX:M\x12\x83\xa1o\xce\x01\x12\xa8\x80\xa1a\xce\x00\x89T@\xa1h\x00-----'
04272019 04:10:20 [INFO]: b'RX:B\x00'
04272019 04:10:20 [INFO]: b'TX:M\x15\x84\xa1p\xcd\x14\xf7\xa1t\xcd\x02\xd8\xa1r\xcd\x05+\xa1e\xcd\x03\xfb--'
04272019 04:10:20 [INFO]: b'RX:B\x00'
04272019 04:10:20 [INFO]: b'TX:M\x12\x83\xa1o\xce\x01\x12\xa8\x80\xa1a\xce\x00\x89T@\xa1h\x00-----'
04272019 04:10:20 [INFO]: b'RX:B\x00'
04272019 04:10:20 [INFO]: b'TX:M\x15\x84\xa1p\xcd\x14\xf8\xa1t\xcd\x02\xd8\xa1r\xcd\x05,\xa1e\xcd\x03\xfb--'
04272019 04:10:20 [INFO]: b'RX:B\x00'
04272019 04:10:21 [INFO]: b'TX:M\x15\x84\xa1p\xcd\x14\xf8\xa1t\xcd\x02\xd8\xa1r\xcd\x05,\xa1e\xcd\x03\xfb--'
04272019 04:10:21 [INFO]: b'RX:B\x00'
04272019 04:10:21 [ERROR]: Buffer overflow
04272019 04:10:21 [INFO]: b'TX:M\x15\x84\xa1p\xcd\x14\xf7\xa1t\xcd\x02\xd8\xa1r\xcd\x05,\xa1e\xcd\x03\xfb--'
04272019 04:10:21 [INFO]: b'RX:B\x00'
04272019 04:10:21 [INFO]: b'TX:M\x12\x83\xa1o\xce\x01\x12\xa8\x80\xa1a\xce\x00\x89T@\xa1h\x00-----'
04272019 04:10:21 [INFO]: b'RX:B\x00'
04272019 04:10:21 [INFO]: b'TX:M\x15\x84\xa1p\xcd\x14\xf7\xa1t\xcd\x02\xd8\xa1r\xcd\x05,\xa1e\xcd\x03\xfb--'
04272019 04:10:22 [INFO]: b'RX:B\x00'
04272019 04:10:22 [INFO]: b'TX:M\x12\x83\xa1o\xce\x01\x12\xa8\x80\xa1a\xce\x00\x89T@\xa1h\x00-----'
04272019 04:10:22 [INFO]: b'RX:B\x00'
04272019 04:10:22 [INFO]: b'TX:M\x15\x84\xa1p\xcd\x14\xf7\xa1t\xcd\x02\xd8\xa1r\xcd\x05-\xa1e\xcd\x03\xfb--'
04272019 04:10:22 [INFO]: b'RX:B\x00'
04272019 04:10:22 [INFO]: b'TX:M\x12\x83\xa1o\xce\x01\x12\xa8\x80\xa1a\xce\x00\x89T@\xa1h\x00-----'
04272019 04:10:22 [INFO]: b'RX:B\x00'
04272019 04:10:23 [INFO]: b'TX:M\x15\x84\xa1p\xcd\x14\xf7\xa1t\xcd\x02\xd8\xa1r\xcd\x05-\xa1e\xcd\x03\xfb--'
04272019 04:10:23 [INFO]: b'RX:B\x00'
04272019 04:10:24 [INFO]: b'TX:M\x12\x83\xa1o\xce\x01\x12\xa8\x80\xa1a\xce\x00\x89T@\xa1h\x00-----'
04272019 04:10:24 [INFO]: b'RX:B\x00'
04272019 04:10:25 [INFO]: b'TX:M\x15\x84\xa1p\xcd\x14\xf8\xa1t\xcd\x02\xd8\xa1r\xcd\x05-\xa1e\xcd\x03\xfb--'
04272019 04:10:25 [INFO]: b'RX:B\x00'
04272019 04:10:25 [ERROR]: Buffer overflow
04272019 04:10:25 [INFO]: b'TX:M\x15\x84\xa1p\xcd\x14\xf7\xa1t\xcd\x02\xd8\xa1r\xcd\x05.\xa1e\xcd\x03\xfb--'
