04272019 05:19:59 [ERROR]: negative seek position -2
04272019 05:19:59 [INFO]: b'TX:M\x15\x84\xa1r\xcd\x07\x01\xa1e\xcd\x03\xe2\xa1p\xcd\x15\t\xa1t\xcd\x02\x91--'
04272019 05:19:59 [INFO]: b'RX:B\x00'
04272019 05:19:59 [INFO]: b'TX:M\x15\x84\xa1r\xcd\x07\x00\xa1e\xcd\x03\xe2\xa1p\xcd\x15\n\xa1t\xcd\x02\x91--'
04272019 05:20:00 [INFO]: b'RX:B\x00'
04272019 05:20:00 [INFO]: b'TX:M\x15\x84\xa1r\xcd\x07\x00\xa1e\xcd\x03\xe2\xa1p\xcd\x15\n\xa1t\xcd\x02\x91--'
04272019 05:20:00 [INFO]: b'RX:B\x00'
04272019 05:20:00 [INFO]: b'TX:M\x15\x84\xa1r\xcd\x07\x00\xa1e\xcd\x03\xe2\xa1p\xcd\x15\n\xa1t\xcd\x02\x91--'
04272019 05:20:00 [INFO]: b'RX:B\x00'
04272019 05:20:00 [INFO]: b'TX:M\x15\x84\xa1r\xcd\x07\x00\xa1e\xcd\x03\xe2\xa1p\xcd\x15\n\xa1t\xcd\x02\x91--'
04272019 05:20:01 [INFO]: b'RX:B\x00'
04272019 05:20:01 [INFO]: b'TX:M\x12\x83\xa1a\xce\x00\x89T@\xa1h\x00\xa1o\xce\x01\x12\xa8\x80-----'
04272019 05:20:01 [INFO]: b'RX:B\x00'
04272019 05:20:01 [INFO]: b'TX:M\x12\x83\xa1a\xce\x00\x89T@\xa1h\x00\xa1o\xce\x01\x12\xa8\x80-----'
04272019 05:20:01 [INFO]: b'RX:B\x00'
04272019 05:20:01 [INFO]: b'TX:M\x12\x83\xa1a\xce\x00\x89T@\xa1h\x00\xa1o\xce\x01\x12\xa8\x80-----'
04272019 05:20:01 [INFO]: b'RX:B\x00'
04272019 05:20:01 [INFO]: b'TX:M\x12\x83\xa1a\xce\x00\x89T@\xa1h\x00\xa1o\xce\x01\x12\xa8\x80-----'
04272019 05:20:02 [INFO]: b'RX:B\x00'
04272019 05:20:02 [INFO]: b'TX:M\x12\x83\xa1a\xce\x00\x89T@\xa1h\x00\xa1o\xce\x01\x12\xa8\x80-----'
04272019 05:20:02 [INFO]: b'RX:B\x00'
04272019 05:20:02 [INFO]: b'TX:M\x12\x83\xa1a\xce\x00\x89T@\xa1h\x00\xa1o\xce\x01\x12\xa8\x80-----'
04272019 05:20:02 [INFO]: b'RX:B\x00'
04272019 05:20:02 [INFO]: b'TX:M\x15\x84\xa1r\xcd\x07\x01\xa1e\xcd\x03\xe2\xa1p\xcd\x15\n\xa1t\xcd\x02\x91--'
04272019 05:20:03 [INFO]: b'RX:B\x00'
04272019 05:20:03 [INFO]: b'TX:M\x15\x84\xa1r\xcd\x07\x01\xa1e\xcd\x03\xe2\xa1p\xcd\x15\n\xa1t\xcd\x02\x91--'
04272019 05:20:03 [INFO]: b'RX:B\x00'
04272019 05:20:03 [INFO]: b'TX:M\x12\x83\xa1a\xce\x00\x89T@\xa1h\x00\xa1o\xce\x01\x12\xa8\x80-----'
04272019 05:20:03 [INFO]: b'RX:B\x00'
04272019 05:20:03 [INFO]: b'TX:M\x15\x84\xa1r\xcd\x07\x01\xa1e\xcd\x03\xe2\xa1p\xcd\x15\n\xa1t\xcd\x02\x91--'
04272019 05:20:03 [INFO]: b'RX:B\x00'
04272019 05:20:03 [INFO]: b'TX:M\x12\x83\xa1a\xce\x00\x89T@\xa1h\x00\xa1o\xce\x01\x12\xa8\x80-----'
04272019 05:20:04 [INFO]: b'RX:B\x00'
04272019 05:20:04 [INFO]: b'TX:M\x15\x84\xa1r\xcd\x07\x00\xa1e\xcd\x03\xe2\xa1p\xcd\x15\n\xa1t\xcd\x02\x91--'
04272019 05:20:04 [INFO]: b'RX:B\x00'
04272019 05:20:04 [INFO]: b'TX:M\x12\x83\xa1a\xce\x00\x89T@\xa1h\x00\xa1o\xce\x01\x12\xa8\x80-----'
04272019 05:20:04 [INFO]: b'RX:B\x00'
04272019 05:20:04 [INFO]: b'TX:M\x15\x84\xa1r\xcd\x07\x00\xa1e\xcd\x03\xe2\xa1p\xcd\x15\n\xa1t\xcd\x02\x91--'
04272019 05:20:05 [INFO]: b'RX:B\x00'
04272019 05:20:05 [INFO]: b'TX:M\x12\x83\xa1a\xce\x00\x89T@\xa1h\x00\xa1o\xce\x01\x12\xa8\x80-----'
04272019 05:20:05 [INFO]: b'RX:B\x00'
04272019 05:20:05 [INFO]: b'TX:M\x15\x84\xa1r\xcd\x07\x00\xa1e\xcd\x03\xe2\xa1p\xcd\x15\t\xa1t\xcd\x02\x91--'
04272019 05:20:05 [INFO]: b'RX:B\x00'
04272019 05:20:05 [INFO]: b'TX:M\x12\x83\xa1a\xce\x00\x89T@\xa1h\x00\xa1o\xce\x01\x12\xa8\x80-----'
04272019 05:20:05 [INFO]: b'RX:B\x00'
04272019 05:20:05 [INFO]: b'TX:M\x15\x84\xa1r\xcd\x07\x00\xa1e\xcd\x03\xe2\xa1p\xcd\x15\t\xa1t\xcd\x02\x91--'
04272019 05:20:06 [INFO]: b'RX:B\x00'
04272019 05:20:06 [INFO]: b'TX:M\x12\x83\xa1a\xce\x00\x89T@\xa1h\x00\xa1o\xce\x01\x12\xa8\x80-----'
04272019 05:20:06 [INFO]: b'RX:B\x00'
04272019 05:20:06 [INFO]: b'TX:M\x15\x84\xa1r\xcd\x07\x00\xa1e\xcd\x03\xe2\xa1p\xcd\x15\x08\xa1t\xcd\x02\x91--'
04272019 05:20:06 [INFO]: b'RX:B\x00'
04272019 05:20:06 [INFO]: b'TX:M\x12\x83\xa1a\xce\x00\x89T@\xa1h\x00\xa1o\xce\x01\x12\xa8\x80-----'
04272019 05:20:07 [INFO]: b'RX:B\x00'
04272019 05:20:07 [INFO]: b'TX:M\x15\x84\xa1r\xcd\x07\x00\xa1e\xcd\x03\xe2\xa1p\xcd\x15\t\xa1t\xcd\x02\x91--'
04272019 05:20:07 [INFO]: b'RX:B\x00'
04272019 05:20:07 [INFO]: b'TX:M\x12\x83\xa1a\xce\x00\x89T@\xa1h\x00\xa1o\xce\x01\x12\xa8\x80-----'
04272019 05:20:07 [INFO]: b'RX:B\x00'
04272019 05:20:07 [INFO]: b'TX:M\x15\x84\xa1r\xcd\x07\x00\xa1e\xcd\x03\xe2\xa1p\xcd\x15\t\xa1t\xcd\x02\x91--'
04272019 05:20:07 [INFO]: b'RX:B\x00'
04272019 05:20:08 [INFO]: b'TX:M\x12\x83\xa1a\xce\x00\x89T@\xa1h\x00\xa1o\xce\x01\x12\xa8\x80-----'
04272019 05:20:08 [INFO]: b'RX:B\x00'
04272019 05:20:08 [INFO]: b'TX:M\x15\x84\xa1r\xcd\x07\x01\xa1e\xcd\x03\xe2\xa1p\xcd\x15\t\xa1t\xcd\x02\x91--'
04272019 05:20:08 [INFO]: b'RX:B\x00'
04272019 05:20:08 [INFO]: b'TX:M\x12\x83\xa1a\xce\x00\x89T@\xa1h\x00\xa1o\xce\x01\x12\xa8\x80-----'
04272019 05:20:08 [INFO]: b'RX:B\x00'
04272019 05:20:08 [INFO]: b'TX:M\x15\x84\xa1r\xcd\x07\x01\xa1e\xcd\x03\xe2\xa1p\xcd\x15\t\xa1t\xcd\x02\x91--'
04272019 05:20:09 [INFO]: b'RX:B\x00'
04272019 05:20:09 [INFO]: b'TX:M\x12\x83\xa1a\xce\x00\x89T@\xa1h\x00\xa1o\xce\x01\x12\xa8\x80-----'
04272019 05:20:09 [INFO]: b'RX:B\x00'
04272019 05:20:09 [INFO]: b'TX:M\x15\x84\xa1r\xcd\x07\x01\xa1e\xcd\x03\xe2\xa1p\xcd\x15\n\xa1t\xcd\x02\x91--'
04272019 05:20:09 [INFO]: b'RX:B\x00'
04272019 05:20:09 [INFO]: b'TX:M\x12\x83\xa1a\xce\x00\x89T@\xa1h\x00\xa1o\xce\x01\x12\xa8\x80-----'
04272019 05:20:10 [INFO]: b'RX:B\x00'
04272019 05:20:10 [INFO]: b'TX:M\x15\x84\xa1r\xcd\x07\x00\xa1e\xcd\x03\xe2\xa1p\xcd\x15\n\xa1t\xcd\x02\x91--'
04272019 05:20:10 [INFO]: b'RX:B\x00'
04272019 05:20:10 [INFO]: b'TX:M\x12\x83\xa1a\xce\x00\x89T@\xa1h\x00\xa1o\xce\x01\x12\xa8\x80-----'
04272019 05:20:10 [INFO]: b'RX:B\x00'
04272019 05:20:10 [INFO]: b'TX:M\x15\x84\xa1r\xcd\x07\x00\xa1e\xcd\x03\xe2\xa1p\xcd\x15\n\xa1t\xcd\x02\x91--'
04272019 05:20:11 [INFO]: b'RX:B\x00'
04272019 05:20:11 [INFO]: b'TX:M\x12\x83\xa1a\xce\x00\x89T@\xa1h\x00\xa1o\xce\x01\x12\xa8\x80-----'
04272019 05:20:11 [INFO]: b'RX:B\x00'
04272019 05:20:11 [INFO]: b'TX:M\x15\x84\xa1r\xcd\x07\x01\xa1e\xcd\x03\xe2\xa1p\xcd\x15\n\xa1t\xcd\x02\x91--'
04272019 05:20:11 [INFO]: b'RX:B\x00'
04272019 05:20:12 [INFO]: b'TX:M\x12\x83\xa1a\xce\x00\x89T@\xa1h\x00\xa1o\xce\x01\x12\xa8\x80-----'
04272019 05:20:12 [INFO]: b'RX:B\x00'
04272019 05:20:12 [INFO]: b'TX:M\x15\x84\xa1r\xcd\x07\x01\xa1e\xcd\x03\xe2\xa1p\xcd\x15\n\xa1t\xcd\x02\x91--'
04272019 05:20:12 [INFO]: b'RX:B\x00'
04272019 05:20:12 [INFO]: b'TX:M\x12\x83\xa1a\xce\x00\x89T@\xa1h\x00\xa1o\xce\x01\x12\xa8\x80-----'
04272019 05:20:13 [INFO]: b'RX:B\x00'
04272019 05:20:13 [ERROR]: Buffer overflow
04272019 05:20:13 [INFO]: b'TX:M\x15\x84\xa1r\xcd\x07\x01\xa1e\xcd\x03\xe2\xa1p\xcd\x15\n\xa1t\xcd\x02\x91--'
04272019 05:20:13 [INFO]: b'RX:B\x00'
04272019 05:20:13 [INFO]: b'TX:M\x12\x83\xa1a\xce\x00\x89T@\xa1h\x00\xa1o\xce\x01\x12\xa8\x80-----'
04272019 05:20:13 [INFO]: b'RX:B\x00'
04272019 05:20:13 [INFO]: b'TX:M\x12\x83\xa1a\xce\x00\x89T@\xa1h\x00\xa1o\xce\x01\x12\xa8\x80-----'
04272019 05:20:13 [INFO]: b'RX:B\x00'
04272019 05:20:13 [INFO]: b'TX:M\x15\x84\xa1r\xcd\x07\x00\xa1e\xcd\x03\xe2\xa1p\xcd\x15\n\xa1t\xcd\x02\x91--'
04272019 05:20:14 [INFO]: b'RX:B\x00'
04272019 05:20:14 [INFO]: b'TX:M\x15\x84\xa1r\xcd\x07\x00\xa1e\xcd\x03\xe2\xa1p\xcd\x15\t\xa1t\xcd\x02\x91--'
04272019 05:20:14 [INFO]: b'RX:B\x00'
04272019 05:20:14 [INFO]: b'TX:M\x12\x83\xa1a\xce\x00\x89T@\xa1h\x00\xa1o\xce\x01\x12\xa8\x80-----'
04272019 05:20:14 [INFO]: b'RX:B\x00'
04272019 05:20:14 [INFO]: b'TX:M\x15\x84\xa1r\xcd\x06\xff\xa1e\xcd\x03\xe3\xa1p\xcd\x15\n\xa1t\xcd\x02\x91--'
04272019 05:20:15 [INFO]: b'RX:B\x00'
04272019 05:20:15 [INFO]: b'TX:M\x12\x83\xa1a\xce\x00\x89T@\xa1h\x00\xa1o\xce\x01\x12\xa8\x80-----'
04272019 05:20:15 [INFO]: b'RX:B\x00'
04272019 05:20:15 [INFO]: b'TX:M\x15\x84\xa1r\xcd\x06\xff\xa1e\xcd\x03\xe3\xa1p\xcd\x15\n\xa1t\xcd\x02\x91--'
04272019 05:20:15 [INFO]: b'RX:B\x00'
04272019 05:20:15 [INFO]: b'TX:M\x12\x83\xa1a\xce\x00\x89T@\xa1h\x00\xa1o\xce\x01\x12\xa8\x80-----'
04272019 05:20:15 [INFO]: b'RX:B\x00'
04272019 05:20:15 [INFO]: b'TX:M\x15\x84\xa1r\xcd\x07\x00\xa1e\xcd\x03\xe2\xa1p\xcd\x15\t\xa1t\xcd\x02\x91--'
04272019 05:20:16 [INFO]: b'RX:B\x00'
04272019 05:20:16 [ERROR]: Buffer overflow
04272019 05:20:16 [INFO]: b'TX:M\x12\x83\xa1a\xce\x00\x89T@\xa1h\x00\xa1o\xce\x01\x12\xa8\x80-----'
04272019 05:20:16 [INFO]: b'RX:B\x00'
04272019 05:20:16 [INFO]: b'TX:M\x15\x84\xa1r\xcd\x07\x01\xa1e\xcd\x03\xe2\xa1p\xcd\x15\t\xa1t\xcd\x02\x91--'
04272019 05:20:16 [INFO]: b'RX:B\x00'
04272019 05:20:16 [INFO]: b'TX:M\x12\x83\xa1a\xce\x00\x89T@\xa1h\x00\xa1o\xce\x01\x12\xa8\x80-----'
04272019 05:20:17 [INFO]: b'RX:B\x00'
04272019 05:20:17 [INFO]: b'TX:M\x12\x83\xa1a\xce\x00\x89T@\xa1h\x00\xa1o\xce\x01\x12\xa8\x80-----'
04272019 05:20:17 [INFO]: b'RX:B\x00'
04272019 05:20:17 [INFO]: b'TX:M\x15\x84\xa1r\xcd\x07\x01\xa1e\xcd\x03\xe2\xa1p\xcd\x15\n\xa1t\xcd\x02\x91--'
04272019 05:20:17 [INFO]: b'RX:B\x00'
04272019 05:20:17 [INFO]: b'TX:M\x15\x84\xa1r\xcd\x07\x01\xa1e\xcd\x03\xe2\xa1p\xcd\x15\t\xa1t\xcd\x02\x91--'
04272019 05:20:17 [INFO]: b'RX:B\x00'
04272019 05:20:18 [INFO]: b'TX:M\x12\x83\xa1a\xce\x00\x89T@\xa1h\x00\xa1o\xce\x01\x12\xa8\x80-----'
04272019 05:20:18 [INFO]: b'RX:B\x00'
04272019 05:20:18 [INFO]: b'TX:M\x15\x84\xa1r\xcd\x07\x01\xa1e\xcd\x03\xe2\xa1p\xcd\x15\t\xa1t\xcd\x02\x91--'
04272019 05:20:18 [INFO]: b'RX:B\x00'
04272019 05:20:18 [INFO]: b'TX:M\x12\x83\xa1a\xce\x00\x89T@\xa1h\x00\xa1o\xce\x01\x12\xa8\x80-----'
04272019 05:20:18 [INFO]: b'RX:B\x00'
04272019 05:20:18 [INFO]: b'TX:M\x15\x84\xa1r\xcd\x07\x02\xa1e\xcd\x03\xe2\xa1p\xcd\x15\t\xa1t\xcd\x02\x91--'
04272019 05:20:19 [INFO]: b'RX:B\x00'
04272019 05:20:19 [INFO]: b'TX:M\x12\x83\xa1a\xce\x00\x89T@\xa1h\x00\xa1o\xce\x01\x12\xa8\x80-----'
04272019 05:20:19 [INFO]: b'RX:B\x00'
04272019 05:20:19 [INFO]: b'TX:M\x15\x84\xa1r\xcd\x07\x02\xa1e\xcd\x03\xe2\xa1p\xcd\x15\t\xa1t\xcd\x02\x91--'
04272019 05:20:19 [INFO]: b'RX:B\x00'
04272019 05:20:19 [ERROR]: Buffer overflow
04272019 05:20:19 [INFO]: b'TX:M\x12\x83\xa1a\xce\x00\x89T@\xa1h\x00\xa1o\xce\x01\x12\xa8\x80-----'
04272019 05:20:20 [INFO]: b'RX:B\x00'
04272019 05:20:20 [INFO]: b'TX:M\x15\x84\xa1r\xcd\x07\x03\xa1e\xcd\x03\xe2\xa1p\xcd\x15\t\xa1t\xcd\x02\x91--'
04272019 05:20:20 [INFO]: b'RX:B\x00'
04272019 05:20:20 [INFO]: b'TX:M\x12\x83\xa1a\xce\x00\x89T@\xa1h\x00\xa1o\xce\x01\x12\xa8\x80-----'
04272019 05:20:20 [INFO]: b'RX:B\x00'
04272019 05:20:20 [INFO]: b'TX:M\x15\x84\xa1r\xcd\x07\x01\xa1e\xcd\x03\xe2\xa1p\xcd\x15\t\xa1t\xcd\x02\x91--'
04272019 05:20:20 [INFO]: b'RX:B\x00'
04272019 05:20:20 [INFO]: b'TX:M\x12\x83\xa1a\xce\x00\x89T@\xa1h\x00\xa1o\xce\x01\x12\xa8\x80-----'
04272019 05:20:21 [INFO]: b'RX:B\x00'
04272019 05:20:21 [INFO]: b'TX:M\x15\x84\xa1r\xcd\x07\x01\xa1e\xcd\x03\xe2\xa1p\xcd\x15\t\xa1t\xcd\x02\x91--'
04272019 05:20:21 [INFO]: b'RX:B\x00'
04272019 05:20:21 [INFO]: b'TX:M\x12\x83\xa1a\xce\x00\x89T@\xa1h\x00\xa1o\xce\x01\x12\xa8\x80-----'
04272019 05:20:21 [INFO]: b'RX:B\x00'
04272019 05:20:21 [INFO]: b'TX:M\x15\x84\xa1r\xcd\x07\x01\xa1e\xcd\x03\xe2\xa1p\xcd\x15\t\xa1t\xcd\x02\x91--'
04272019 05:20:22 [INFO]: b'RX:B\x00'
04272019 05:20:22 [INFO]: b'TX:M\x12\x83\xa1a\xce\x00\x89T@\xa1h\x00\xa1o\xce\x01\x12\xa8\x80-----'
04272019 05:20:22 [INFO]: b'RX:B\x00'
04272019 05:20:22 [INFO]: b'TX:M\x15\x84\xa1r\xcd\x07\x01\xa1e\xcd\x03\xe2\xa1p\xcd\x15\t\xa1t\xcd\x02\x91--'
04272019 05:20:22 [INFO]: b'RX:B\x00'
04272019 05:20:22 [INFO]: b'TX:M\x12\x83\xa1a\xce\x00\x89T@\xa1h\x00\xa1o\xce\x01\x12\xa8\x80-----'
04272019 05:20:22 [INFO]: b'RX:B\x00'
04272019 05:20:23 [INFO]: b'TX:M\x15\x84\xa1r\xcd\x07\x01\xa1e\xcd\x03\xe2\xa1p\xcd\x15\t\xa1t\xcd\x02\x92--'
04272019 05:20:23 [ERROR]: Buffer overflow
04272019 05:20:23 [INFO]: b'TX:M\x12\x83\xa1a\xce\x00\x89T@\xa1h\x00\xa1o\xce\x01\x12\xa8\x80-----'
04272019 05:20:23 [INFO]: b'RX:B\x00'
04272019 05:20:23 [INFO]: b'TX:M\x12\x83\xa1a\xce\x00\x89T@\xa1h\x00\xa1o\xce\x01\x12\xa8\x80-----'
04272019 05:20:23 [INFO]: b'RX:B\x00'
04272019 05:20:23 [INFO]: b'TX:M\x15\x84\xa1r\xcd\x07\x00\xa1e\xcd\x03\xe2\xa1p\xcd\x15\n\xa1t\xcd\x02\x92--'
04272019 05:20:24 [INFO]: b'RX:B\x00'
04272019 05:20:24 [INFO]: b'TX:M\x15\x84\xa1r\xcd\x07\x01\xa1e\xcd\x03\xe2\xa1p\xcd\x15\n\xa1t\xcd\x02\x92--'
04272019 05:20:24 [INFO]: b'RX:B\x00'
04272019 05:20:24 [INFO]: b'TX:M\x12\x83\xa1a\xce\x00\x89T@\xa1h\x00\xa1o\xce\x01\x12\xa8\x80-----'
04272019 05:20:24 [INFO]: b'RX:B\x00'
04272019 05:20:24 [INFO]: b'TX:M\x15\x84\xa1r\xcd\x07\x02\xa1e\xcd\x03\xe2\xa1p\xcd\x15\t\xa1t\xcd\x02\x92--'
04272019 05:20:25 [INFO]: b'RX:B\x00'
04272019 05:20:25 [INFO]: b'TX:M\x12\x83\xa1a\xce\x00\x89T@\xa1h\x00\xa1o\xce\x01\x12\xa8\x80-----'
04272019 05:20:25 [INFO]: b'RX:B\x00'
04272019 05:20:25 [INFO]: b'TX:M\x15\x84\xa1r\xcd\x07\x02\xa1e\xcd\x03\xe2\xa1p\xcd\x15\t\xa1t\xcd\x02\x92--'
04272019 05:20:25 [INFO]: b'RX:B\x00'
04272019 05:20:25 [INFO]: b'TX:M\x12\x83\xa1a\xce\x00\x89T@\xa1h\x00\xa1o\xce\x01\x12\xa8\x80-----'
04272019 05:20:25 [INFO]: b'RX:B\x00'
04272019 05:20:25 [INFO]: b'TX:M\x15\x84\xa1r\xcd\x07\x01\xa1e\xcd\x03\xe2\xa1p\xcd\x15\t\xa1t\xcd\x02\x92--'
04272019 05:20:26 [INFO]: b'RX:B\x00'
04272019 05:20:26 [ERROR]: Buffer overflow
04272019 05:20:26 [INFO]: b'TX:M\x12\x83\xa1a\xce\x00\x89T@\xa1h\x00\xa1o\xce\x01\x12\xa8\x80-----'
04272019 05:20:26 [INFO]: b'RX:B\x00'
04272019 05:20:26 [INFO]: b'TX:M\x15\x84\xa1r\xcd\x07\x00\xa1e\xcd\x03\xe2\xa1p\xcd\x15\n\xa1t\xcd\x02\x92--'
04272019 05:20:26 [INFO]: b'RX:B\x00'
04272019 05:20:26 [INFO]: b'TX:M\x12\x83\xa1a\xce\x00\x89T@\xa1h\x00\xa1o\xce\x01\x12\xa8\x80-----'
04272019 05:20:26 [INFO]: b'RX:B\x00'
04272019 05:20:27 [INFO]: b'TX:M\x15\x84\xa1r\xcd\x07\x00\xa1e\xcd\x03\xe2\xa1p\xcd\x15\n\xa1t\xcd\x02\x92--'
04272019 05:20:27 [INFO]: b'RX:B\x00'
04272019 05:20:27 [INFO]: b'TX:M\x12\x83\xa1a\xce\x00\x89T@\xa1h\x00\xa1o\xce\x01\x12\xa8\x80-----'
04272019 05:20:27 [INFO]: b'RX:B\x00'
04272019 05:20:27 [INFO]: b'TX:M\x15\x84\xa1r\xcd\x07\x00\xa1e\xcd\x03\xe2\xa1p\xcd\x15\n\xa1t\xcd\x02\x92--'
04272019 05:20:27 [INFO]: b'RX:B\x00'
04272019 05:20:27 [INFO]: b'TX:M\x12\x83\xa1a\xce\x00\x89T@\xa1h\x00\xa1o\xce\x01\x12\xa8\x80-----'
04272019 05:20:28 [INFO]: b'RX:B\x00'
04272019 05:20:28 [INFO]: b'TX:M\x15\x84\xa1r\xcd\x07\x00\xa1e\xcd\x03\xe2\xa1p\xcd\x15\n\xa1t\xcd\x02\x92--'
04272019 05:20:28 [INFO]: b'RX:B\x00'
04272019 05:20:28 [INFO]: b'TX:M\x12\x83\xa1a\xce\x00\x89T@\xa1h\x00\xa1o\xce\x01\x12\xa8\x80-----'
04272019 05:20:28 [INFO]: b'RX:B\x00'
04272019 05:20:28 [INFO]: b'TX:M\x15\x84\xa1r\xcd\x07\x00\xa1e\xcd\x03\xe2\xa1p\xcd\x15\t\xa1t\xcd\x02\x92--'
04272019 05:20:29 [INFO]: b'RX:B\x00'
04272019 05:20:29 [INFO]: b'TX:M\x12\x83\xa1a\xce\x00\x89T@\xa1h\x00\xa1o\xce\x01\x12\xa8\x80-----'
04272019 05:20:29 [INFO]: b'RX:B\x00'
04272019 05:20:29 [INFO]: b'TX:M\x15\x84\xa1r\xcd\x07\x00\xa1e\xcd\x03\xe2\xa1p\xcd\x15\t\xa1t\xcd\x02\x92--'
04272019 05:20:29 [INFO]: b'RX:B\x00'
04272019 05:20:29 [ERROR]: Buffer overflow
04272019 05:20:29 [INFO]: b'TX:M\x12\x83\xa1a\xce\x00\x89T@\xa1h\x00\xa1o\xce\x01\x12\xa8\x80-----'
04272019 05:20:29 [INFO]: b'RX:B\x00'
04272019 05:20:29 [INFO]: b'TX:M\x15\x84\xa1r\xcd\x07\x01\xa1e\xcd\x03\xe2\xa1p\xcd\x15\t\xa1t\xcd\x02\x92--'
04272019 05:20:30 [INFO]: b'RX:B\x00'
04272019 05:20:30 [INFO]: b'TX:M\x12\x83\xa1a\xce\x00\x89T@\xa1h\x00\xa1o\xce\x01\x12\xa8\x80-----'
04272019 05:20:30 [INFO]: b'RX:B\x00'
04272019 05:20:30 [INFO]: b'TX:M\x15\x84\xa1r\xcd\x07\x01\xa1e\xcd\x03\xe2\xa1p\xcd\x15\n\xa1t\xcd\x02\x92--'
04272019 05:20:30 [INFO]: b'RX:B\x00'
04272019 05:20:30 [INFO]: b'TX:M\x12\x83\xa1a\xce\x00\x89T@\xa1h\x00\xa1o\xce\x01\x12\xa8\x80-----'
04272019 05:20:31 [INFO]: b'RX:B\x00'
04272019 05:20:31 [INFO]: b'TX:M\x15\x84\xa1r\xcd\x07\x00\xa1e\xcd\x03\xe2\xa1p\xcd\x15\n\xa1t\xcd\x02\x92--'
04272019 05:20:31 [INFO]: b'RX:B\x00'
04272019 05:20:31 [INFO]: b'TX:M\x12\x83\xa1a\xce\x00\x89T@\xa1h\x00\xa1o\xce\x01\x12\xa8\x80-----'
04272019 05:20:31 [INFO]: b'RX:B\x00'
04272019 05:20:31 [INFO]: b'TX:M\x15\x84\xa1r\xcd\x06\xff\xa1e\xcd\x03\xe3\xa1p\xcd\x15\n\xa1t\xcd\x02\x92--'
04272019 05:20:31 [INFO]: b'RX:B\x00'
04272019 05:20:31 [INFO]: b'TX:M\x12\x83\xa1a\xce\x00\x89T@\xa1h\x00\xa1o\xce\x01\x12\xa8\x80-----'
04272019 05:20:32 [INFO]: b'RX:B\x00'
04272019 05:20:32 [INFO]: b'TX:M\x15\x84\xa1r\xcd\x06\xff\xa1e\xcd\x03\xe3\xa1p\xcd\x15\n\xa1t\xcd\x02\x92--'
04272019 05:20:32 [INFO]: b'RX:B\x00'
04272019 05:20:32 [INFO]: b'TX:M\x12\x83\xa1a\xce\x00\x89T@\xa1h\x00\xa1o\xce\x01\x12\xa8\x80-----'
04272019 05:20:32 [INFO]: b'RX:B\x00'
04272019 05:20:32 [INFO]: b'TX:M\x15\x84\xa1r\xcd\x06\xff\xa1e\xcd\x03\xe3\xa1p\xcd\x15\n\xa1t\xcd\x02\x92--'
04272019 05:20:33 [INFO]: b'RX:B\x00'
04272019 05:20:33 [ERROR]: Buffer overflow
04272019 05:20:33 [INFO]: b'TX:M\x12\x83\xa1a\xce\x00\x89T@\xa1h\x00\xa1o\xce\x01\x12\xa8\x80-----'
04272019 05:20:33 [INFO]: b'RX:B\x00'
04272019 05:20:33 [INFO]: b'TX:M\x12\x83\xa1a\xce\x00\x89T@\xa1h\x00\xa1o\xce\x01\x12\xa8\x80-----'
04272019 05:20:33 [INFO]: b'RX:B\x00'
04272019 05:20:33 [INFO]: b'TX:M\x15\x84\xa1r\xcd\x06\xff\xa1e\xcd\x03\xe3\xa1p\xcd\x15\t\xa1t\xcd\x02\x92--'
04272019 05:20:33 [INFO]: b'RX:B\x00'
04272019 05:20:33 [INFO]: b'TX:M\x12\x83\xa1a\xce\x00\x89T@\xa1h\x00\xa1o\xce\x01\x12\xa8\x80-----'
04272019 05:20:34 [INFO]: b'RX:B\x00'
04272019 05:20:34 [INFO]: b'TX:M\x15\x84\xa1r\xcd\x06\xfe\xa1e\xcd\x03\xe3\xa1p\xcd\x15\n\xa1t\xcd\x02\x92--'
04272019 05:20:34 [INFO]: b'RX:B\x00'
04272019 05:20:34 [INFO]: b'TX:M\x15\x84\xa1r\xcd\x06\xfe\xa1e\xcd\x03\xe3\xa1p\xcd\x15\n\xa1t\xcd\x02\x92--'
04272019 05:20:34 [INFO]: b'RX:B\x00'
04272019 05:20:34 [INFO]: b'TX:M\x12\x83\xa1a\xce\x00\x89T@\xa1h\x00\xa1o\xce\x01\x12\xa8\x80-----'
04272019 05:20:35 [INFO]: b'RX:B\x00'
04272019 05:20:35 [INFO]: b'TX:M\x15\x84\xa1r\xcd\x06\xfe\xa1e\xcd\x03\xe3\xa1p\xcd\x15\n\xa1t\xcd\x02\x92--'
04272019 05:20:35 [INFO]: b'RX:B\x00'
04272019 05:20:35 [INFO]: b'TX:M\x12\x83\xa1a\xce\x00\x89T@\xa1h\x00\xa1o\xce\x01\x12\xa8\x80-----'
04272019 05:20:35 [INFO]: b'RX:B\x00'
04272019 05:20:35 [INFO]: b'TX:M\x15\x84\xa1r\xcd\x06\xfe\xa1e\xcd\x03\xe3\xa1p\xcd\x15\t\xa1t\xcd\x02\x92--'
04272019 05:20:35 [INFO]: b'RX:B\x00'
04272019 05:20:36 [INFO]: b'TX:M\x12\x83\xa1a\xce\x00\x89T@\xa1h\x00\xa1o\xce\x01\x12\xa8\x80-----'
04272019 05:20:36 [INFO]: b'RX:B\x00'
04272019 05:20:36 [ERROR]: Buffer overflow
04272019 05:20:36 [INFO]: b'TX:M\x15\x84\xa1r\xcd\x06\xfe\xa1e\xcd\x03\xe3\xa1p\xcd\x15\n\xa1t\xcd\x02\x92--'
04272019 05:20:36 [INFO]: b'RX:B\x00'
04272019 05:20:36 [INFO]: b'TX:M\x12\x83\xa1a\xce\x00\x89T@\xa1h\x00\xa1o\xce\x01\x12\xa8\x80-----'
04272019 05:20:36 [INFO]: b'RX:B\x00'
04272019 05:20:36 [INFO]: b'TX:M\x12\x83\xa1a\xce\x00\x89T@\xa1h\x00\xa1o\xce\x01\x12\xa8\x80-----'
04272019 05:20:37 [INFO]: b'RX:B\x00'
04272019 05:20:37 [INFO]: b'TX:M\x15\x84\xa1r\xcd\x07\x00\xa1e\xcd\x03\xe2\xa1p\xcd\x15\t\xa1t\xcd\x02\x92--'
04272019 05:20:37 [INFO]: b'RX:B\x00'
04272019 05:20:37 [INFO]: b'TX:M\x15\x84\xa1r\xcd\x07\x00\xa1e\xcd\x03\xe2\xa1p\xcd\x15\t\xa1t\xcd\x02\x92--'
04272019 05:20:37 [INFO]: b'RX:B\x00'
04272019 05:20:37 [INFO]: b'TX:M\x12\x83\xa1a\xce\x00\x89T@\xa1h\x00\xa1o\xce\x01\x12\xa8\x80-----'
04272019 05:20:37 [INFO]: b'RX:B\x00'
04272019 05:20:38 [INFO]: b'TX:M\x12\x83\xa1a\xce\x00\x89T@\xa1h\x00\xa1o\xce\x01\x12\xa8\x80-----'
04272019 05:20:38 [INFO]: b'RX:B\x00'
04272019 05:20:38 [INFO]: b'TX:M\x15\x84\xa1r\xcd\x07\x00\xa1e\xcd\x03\xe2\xa1p\xcd\x15\t\xa1t\xcd\x02\x92--'
04272019 05:20:38 [INFO]: b'RX:B\x00'
04272019 05:20:38 [INFO]: b'TX:M\x12\x83\xa1a\xce\x00\x89T@\xa1h\x00\xa1o\xce\x01\x12\xa8\x80-----'
04272019 05:20:38 [INFO]: b'RX:B\x00'
04272019 05:20:38 [INFO]: b'TX:M\x15\x84\xa1r\xcd\x06\xff\xa1e\xcd\x03\xe3\xa1p\xcd\x15\n\xa1t\xcd\x02\x92--'
04272019 05:20:39 [INFO]: b'RX:B\x00'
04272019 05:20:39 [INFO]: b'TX:M\x12\x83\xa1a\xce\x00\x89T@\xa1h\x00\xa1o\xce\x01\x12\xa8\x80-----'
04272019 05:20:39 [INFO]: b'RX:B\x00'
04272019 05:20:39 [INFO]: b'TX:M\x15\x84\xa1r\xcd\x06\xff\xa1e\xcd\x03\xe3\xa1p\xcd\x15\n\xa1t\xcd\x02\x92--'
04272019 05:20:39 [INFO]: b'RX:B\x00'
04272019 05:20:39 [ERROR]: Buffer overflow
04272019 05:20:39 [INFO]: b'TX:M\x15\x84\xa1r\xcd\x07\x00\xa1e\xcd\x03\xe3\xa1p\xcd\x15\n\xa1t\xcd\x02\x92--'
04272019 05:20:40 [INFO]: b'RX:B\x00'
04272019 05:20:40 [INFO]: b'TX:M\x12\x83\xa1a\xce\x00\x89T@\xa1h\x00\xa1o\xce\x01\x12\xa8\x80-----'
04272019 05:20:40 [INFO]: b'RX:B\x00'
04272019 05:20:40 [INFO]: b'TX:M\x15\x84\xa1r\xcd\x07\x00\xa1e\xcd\x03\xe3\xa1p\xcd\x15\n\xa1t\xcd\x02\x92--'
04272019 05:20:40 [INFO]: b'RX:B\x00'
04272019 05:20:40 [INFO]: b'TX:M\x12\x83\xa1a\xce\x00\x89T@\xa1h\x00\xa1o\xce\x01\x12\xa8\x80-----'
04272019 05:20:41 [INFO]: b'RX:B\x00'
04272019 05:20:41 [INFO]: b'TX:M\x15\x84\xa1r\xcd\x06\xff\xa1e\xcd\x03\xe3\xa1p\xcd\x15\n\xa1t\xcd\x02\x93--'
04272019 05:20:41 [INFO]: b'RX:B\x00'
04272019 05:20:41 [INFO]: b'TX:M\x12\x83\xa1a\xce\x00\x89T@\xa1h\x00\xa1o\xce\x01\x12\xa8\x80-----'
04272019 05:20:41 [INFO]: b'RX:B\x00'
04272019 05:20:41 [INFO]: b'TX:M\x12\x83\xa1a\xce\x00\x89T@\xa1h\x00\xa1o\xce\x01\x12\xa8\x80-----'
04272019 05:20:42 [INFO]: b'RX:B\x00'
04272019 05:20:42 [INFO]: b'TX:M\x15\x84\xa1r\xcd\x06\xff\xa1e\xcd\x03\xe3\xa1p\xcd\x15\n\xa1t\xcd\x02\x93--'
04272019 05:20:42 [INFO]: b'RX:B\x00'
04272019 05:20:42 [INFO]: b'TX:M\x12\x83\xa1a\xce\x00\x89T@\xa1h\x00\xa1o\xce\x01\x12\xa8\x80-----'
04272019 05:20:42 [INFO]: b'RX:B\x00'
04272019 05:20:42 [INFO]: b'TX:M\x15\x84\xa1r\xcd\x07\x00\xa1e\xcd\x03\xe2\xa1p\xcd\x15\n\xa1t\xcd\x02\x93--'
04272019 05:20:42 [INFO]: b'RX:B\x00'
04272019 05:20:42 [ERROR]: Buffer overflow
04272019 05:20:42 [INFO]: b'TX:M\x15\x84\xa1r\xcd\x06\xff\xa1e\xcd\x03\xe3\xa1p\xcd\x15\n\xa1t\xcd\x02\x93--'
04272019 05:20:43 [INFO]: b'RX:B\x00'
04272019 05:20:43 [INFO]: b'TX:M\x12\x83\xa1a\xce\x00\x89T@\xa1h\x00\xa1o\xce\x01\x12\xa8\x80-----'
04272019 05:20:43 [INFO]: b'RX:B\x00'
04272019 05:20:43 [INFO]: b'TX:M\x15\x84\xa1r\xcd\x06\xff\xa1e\xcd\x03\xe3\xa1p\xcd\x15\n\xa1t\xcd\x02\x93--'
04272019 05:20:43 [INFO]: b'RX:B\x00'
04272019 05:20:43 [INFO]: b'TX:M\x12\x83\xa1a\xce\x00\x89T@\xa1h\x00\xa1o\xce\x01\x12\xa8\x80-----'
04272019 05:20:44 [INFO]: b'RX:B\x00'
04272019 05:20:44 [INFO]: b'TX:M\x15\x84\xa1r\xcd\x06\xff\xa1e\xcd\x03\xe3\xa1p\xcd\x15\n\xa1t\xcd\x02\x93--'
04272019 05:20:44 [INFO]: b'RX:B\x00'
04272019 05:20:44 [INFO]: b'TX:M\x12\x83\xa1a\xce\x00\x89T@\xa1h\x00\xa1o\xce\x01\x12\xa8\x80-----'
04272019 05:20:44 [INFO]: b'RX:B\x00'
04272019 05:20:44 [INFO]: b'TX:M\x15\x84\xa1r\xcd\x06\xff\xa1e\xcd\x03\xe3\xa1p\xcd\x15\n\xa1t\xcd\x02\x93--'
04272019 05:20:44 [INFO]: b'RX:B\x00'
04272019 05:20:44 [INFO]: b'TX:M\x12\x83\xa1a\xce\x00\x89T@\xa1h\x00\xa1o\xce\x01\x12\xa8\x80-----'
04272019 05:20:45 [INFO]: b'RX:B\x00'
04272019 05:20:45 [INFO]: b'TX:M\x15\x84\xa1r\xcd\x07\x01\xa1e\xcd\x03\xe2\xa1p\xcd\x15\n\xa1t\xcd\x02\x93--'
04272019 05:20:45 [INFO]: b'RX:B\x00'
04272019 05:20:45 [INFO]: b'TX:M\x12\x83\xa1a\xce\x00\x89T@\xa1h\x00\xa1o\xce\x01\x12\xa8\x80-----'
04272019 05:20:45 [INFO]: b'RX:B\x00'
04272019 05:20:45 [INFO]: b'TX:M\x15\x84\xa1r\xcd\x07\x00\xa1e\xcd\x03\xe3\xa1p\xcd\x15\n\xa1t\xcd\x02\x93--'
04272019 05:20:46 [INFO]: b'RX:B\x00'
04272019 05:20:46 [INFO]: b'TX:M\x12\x83\xa1a\xce\x00\x89T@\xa1h\x00\xa1o\xce\x01\x12\xa8\x80-----'
04272019 05:20:46 [INFO]: b'RX:B\x00'
04272019 05:20:46 [ERROR]: Buffer overflow
04272019 05:20:46 [INFO]: b'TX:M\x12\x83\xa1a\xce\x00\x89T@\xa1h\x00\xa1o\xce\x01\x12\xa8\x80-----'
04272019 05:20:46 [INFO]: b'RX:B\x00'
04272019 05:20:46 [INFO]: b'TX:M\x15\x84\xa1r\xcd\x06\xff\xa1e\xcd\x03\xe3\xa1p\xcd\x15\n\xa1t\xcd\x02\x93--'
04272019 05:20:47 [INFO]: b'RX:B\x00'
04272019 05:20:47 [INFO]: b'TX:M\x12\x83\xa1a\xce\x00\x89T@\xa1h\x00\xa1o\xce\x01\x12\xa8\x80-----'
04272019 05:20:47 [INFO]: b'RX:B\x00'
04272019 05:20:47 [INFO]: b'TX:M\x15\x84\xa1r\xcd\x07\x00\xa1e\xcd\x03\xe3\xa1p\xcd\x15\t\xa1t\xcd\x02\x93--'
04272019 05:20:47 [INFO]: b'RX:B\x00'
04272019 05:20:47 [INFO]: b'TX:M\x12\x83\xa1a\xce\x00\x89T@\xa1h\x00\xa1o\xce\x01\x12\xa8\x80-----'
04272019 05:20:47 [INFO]: b'RX:B\x00'
04272019 05:20:47 [INFO]: b'TX:M\x15\x84\xa1r\xcd\x07\x00\xa1e\xcd\x03\xe3\xa1p\xcd\x15\t\xa1t\xcd\x02\x93--'
04272019 05:20:48 [INFO]: b'RX:B\x00'
04272019 05:20:48 [INFO]: b'TX:M\x12\x83\xa1a\xce\x00\x89T@\xa1h\x00\xa1o\xce\x01\x12\xa8\x80-----'
04272019 05:20:48 [INFO]: b'RX:B\x00'
04272019 05:20:48 [INFO]: b'TX:M\x15\x84\xa1r\xcd\x07\x00\xa1e\xcd\x03\xe2\xa1p\xcd\x15\t\xa1t\xcd\x02\x93--'
04272019 05:20:48 [INFO]: b'RX:B\x00'
04272019 05:20:48 [INFO]: b'TX:M\x12\x83\xa1a\xce\x00\x89T@\xa1h\x00\xa1o\xce\x01\x12\xa8\x80-----'
04272019 05:20:49 [INFO]: b'RX:B\x00'
04272019 05:20:49 [INFO]: b'TX:M\x15\x84\xa1r\xcd\x07\x00\xa1e\xcd\x03\xe2\xa1p\xcd\x15\t\xa1t\xcd\x02\x93--'
04272019 05:20:49 [INFO]: b'RX:B\x00'
04272019 05:20:49 [ERROR]: Buffer overflow
04272019 05:20:49 [INFO]: b'TX:M\x12\x83\xa1a\xce\x00\x89T@\xa1h\x00\xa1o\xce\x01\x12\xa8\x80-----'
04272019 05:20:49 [INFO]: b'RX:B\x00'
04272019 05:20:49 [INFO]: b'TX:M\x15\x84\xa1r\xcd\x07\x01\xa1e\xcd\x03\xe2\xa1p\xcd\x15\n\xa1t\xcd\x02\x93--'
04272019 05:20:49 [INFO]: b'RX:B\x00'
04272019 05:20:50 [INFO]: b'TX:M\x12\x83\xa1a\xce\x00\x89T@\xa1h\x00\xa1o\xce\x01\x12\xa8\x80-----'
04272019 05:20:50 [INFO]: b'RX:B\x00'
04272019 05:20:50 [INFO]: b'TX:M\x15\x84\xa1r\xcd\x06\xff\xa1e\xcd\x03\xe3\xa1p\xcd\x15\n\xa1t\xcd\x02\x93--'
04272019 05:20:50 [INFO]: b'RX:B\x00'
04272019 05:20:50 [INFO]: b'TX:M\x12\x83\xa1a\xce\x00\x89T@\xa1h\x00\xa1o\xce\x01\x12\xa8\x80-----'
04272019 05:20:51 [INFO]: b'RX:B\x00'
04272019 05:20:51 [INFO]: b'TX:M\x15\x84\xa1r\xcd\x06\xff\xa1e\xcd\x03\xe3\xa1p\xcd\x15\n\xa1t\xcd\x02\x93--'
04272019 05:20:51 [INFO]: b'RX:B\x00'
04272019 05:20:51 [INFO]: b'TX:M\x12\x83\xa1a\xce\x00\x89T@\xa1h\x00\xa1o\xce\x01\x12\xa8\x80-----'
04272019 05:20:51 [INFO]: b'RX:B\x00'
04272019 05:20:51 [INFO]: b'TX:M\x15\x84\xa1r\xcd\x07\x00\xa1e\xcd\x03\xe2\xa1p\xcd\x15\t\xa1t\xcd\x02\x93--'
04272019 05:20:52 [INFO]: b'RX:B\x00'
04272019 05:20:52 [INFO]: b'TX:M\x12\x83\xa1a\xce\x00\x89T@\xa1h\x00\xa1o\xce\x01\x12\xa8\x80-----'
04272019 05:20:52 [INFO]: b'RX:B\x00'
04272019 05:20:52 [INFO]: b'TX:M\x15\x84\xa1r\xcd\x07\x00\xa1e\xcd\x03\xe2\xa1p\xcd\x15\t\xa1t\xcd\x02\x93--'
04272019 05:20:52 [INFO]: b'RX:B\x00'
04272019 05:20:52 [ERROR]: Buffer overflow
04272019 05:20:52 [INFO]: b'TX:M\x12\x83\xa1a\xce\x00\x89T@\xa1h\x00\xa1o\xce\x01\x12\xa8\x80-----'
04272019 05:20:52 [INFO]: b'RX:B\x00'
04272019 05:20:52 [INFO]: b'TX:M\x15\x84\xa1r\xcd\x07\x00\xa1e\xcd\x03\xe3\xa1p\xcd\x15\n\xa1t\xcd\x02\x93--'
04272019 05:20:53 [INFO]: b'RX:B\x00'
04272019 05:20:53 [INFO]: b'TX:M\x12\x83\xa1a\xce\x00\x89T@\xa1h\x00\xa1o\xce\x01\x12\xa8\x80-----'
04272019 05:20:53 [INFO]: b'RX:B\x00'
04272019 05:20:53 [INFO]: b'TX:M\x15\x84\xa1r\xcd\x07\x00\xa1e\xcd\x03\xe3\xa1p\xcd\x15\n\xa1t\xcd\x02\x93--'
04272019 05:20:53 [INFO]: b'RX:B\x00'
04272019 05:20:53 [INFO]: b'TX:M\x12\x83\xa1a\xce\x00\x89T@\xa1h\x00\xa1o\xce\x01\x12\xa8\x80-----'
04272019 05:20:54 [INFO]: b'RX:B\x00'
04272019 05:20:54 [INFO]: b'TX:M\x15\x84\xa1r\xcd\x06\xff\xa1e\xcd\x03\xe3\xa1p\xcd\x15\n\xa1t\xcd\x02\x93--'
04272019 05:20:54 [INFO]: b'RX:B\x00'
04272019 05:20:54 [INFO]: b'TX:M\x12\x83\xa1a\xce\x00\x89T@\xa1h\x00\xa1o\xce\x01\x12\xa8\x80-----'
04272019 05:20:54 [INFO]: b'RX:B\x00'
04272019 05:20:54 [INFO]: b'TX:M\x15\x84\xa1r\xcd\x06\xfe\xa1e\xcd\x03\xe3\xa1p\xcd\x15\t\xa1t\xcd\x02\x93--'
04272019 05:20:54 [INFO]: b'RX:B\x00'
04272019 05:20:54 [INFO]: b'TX:M\x12\x83\xa1a\xce\x00\x89T@\xa1h\x00\xa1o\xce\x01\x12\xa8\x80-----'
04272019 05:20:55 [INFO]: b'RX:B\x00'
04272019 05:20:55 [INFO]: b'TX:M\x15\x84\xa1r\xcd\x06\xfe\xa1e\xcd\x03\xe3\xa1p\xcd\x15\t\xa1t\xcd\x02\x93--'
04272019 05:20:55 [INFO]: b'RX:B\x00'
04272019 05:20:55 [INFO]: b'TX:M\x12\x83\xa1a\xce\x00\x89T@\xa1h\x00\xa1o\xce\x01\x12\xa8\x80-----'
04272019 05:20:55 [INFO]: b'RX:B\x00'
04272019 05:20:55 [ERROR]: Buffer overflow
04272019 05:20:55 [INFO]: b'TX:M\x15\x84\xa1r\xcd\x06\xff\xa1e\xcd\x03\xe3\xa1p\xcd\x15\t\xa1t\xcd\x02\x93--'
04272019 05:20:56 [INFO]: b'RX:B\x00'
04272019 05:20:56 [INFO]: b'TX:M\x12\x83\xa1a\xce\x00\x89T@\xa1h\x00\xa1o\xce\x01\x12\xa8\x80-----'
04272019 05:20:56 [INFO]: b'RX:B\x00'
04272019 05:20:56 [INFO]: b'TX:M\x15\x84\xa1r\xcd\x06\xff\xa1e\xcd\x03\xe3\xa1p\xcd\x15\t\xa1t\xcd\x02\x93--'
04272019 05:20:56 [INFO]: b'RX:B\x00'
04272019 05:20:56 [INFO]: b'TX:M\x12\x83\xa1a\xce\x00\x89T@\xa1h\x00\xa1o\xce\x01\x12\xa8\x80-----'
04272019 05:20:57 [INFO]: b'RX:B\x00'
04272019 05:20:57 [INFO]: b'TX:M\x15\x84\xa1r\xcd\x06\xff\xa1e\xcd\x03\xe3\xa1p\xcd\x15\t\xa1t\xcd\x02\x93--'
04272019 05:20:57 [INFO]: b'RX:B\x00'
04272019 05:20:57 [INFO]: b'TX:M\x12\x83\xa1a\xce\x00\x89T@\xa1h\x00\xa1o\xce\x01\x12\xa8\x80-----'
04272019 05:20:57 [INFO]: b'RX:B\x00'
04272019 05:20:57 [INFO]: b'TX:M\x12\x83\xa1a\xce\x00\x89T@\xa1h\x00\xa1o\xce\x01\x12\xa8\x80-----'
04272019 05:20:57 [INFO]: b'RX:B\x00'
04272019 05:20:57 [INFO]: b'TX:M\x15\x84\xa1r\xcd\x06\xff\xa1e\xcd\x03\xe3\xa1p\xcd\x15\t\xa1t\xcd\x02\x93--'
04272019 05:20:58 [INFO]: b'RX:B\x00'
04272019 05:20:58 [INFO]: b'TX:M\x15\x84\xa1r\xcd\x06\xfe\xa1e\xcd\x03\xe3\xa1p\xcd\x15\n\xa1t\xcd\x02\x93--'
04272019 05:20:58 [INFO]: b'RX:B\x00'
04272019 05:20:58 [INFO]: b'TX:M\x12\x83\xa1a\xce\x00\x89T@\xa1h\x00\xa1o\xce\x01\x12\xa8\x80-----'
04272019 05:20:58 [INFO]: b'RX:B\x00'
04272019 05:20:58 [INFO]: b'TX:M\x15\x84\xa1r\xcd\x06\xfe\xa1e\xcd\x03\xe3\xa1p\xcd\x15\n\xa1t\xcd\x02\x93--'
04272019 05:20:59 [INFO]: b'RX:B\x00'
04272019 05:20:59 [ERROR]: Buffer overflow
04272019 05:20:59 [INFO]: b'TX:M\x12\x83\xa1a\xce\x00\x89T@\xa1h\x00\xa1o\xce\x01\x12\xa8\x80-----'
04272019 05:20:59 [INFO]: b'RX:B\x00'
04272019 05:20:59 [INFO]: b'TX:M\x15\x84\xa1r\xcd\x06\xfd\xa1e\xcd\x03\xe3\xa1p\xcd\x15\n\xa1t\xcd\x02\x93--'
04272019 05:20:59 [INFO]: b'RX:B\x00'
04272019 05:20:59 [INFO]: b'TX:M\x12\x83\xa1a\xce\x00\x89T@\xa1h\x00\xa1o\xce\x01\x12\xa8\x80-----'
04272019 05:20:59 [INFO]: b'RX:B\x00'
04272019 05:21:00 [INFO]: b'TX:M\x15\x84\xa1r\xcd\x06\xfd\xa1e\xcd\x03\xe3\xa1p\xcd\x15\n\xa1t\xcd\x02\x93--'
04272019 05:21:00 [INFO]: b'RX:B\x00'
04272019 05:21:00 [INFO]: b'TX:M\x12\x83\xa1a\xce\x00\x89T@\xa1h\x00\xa1o\xce\x01\x12\xa8\x80-----'
04272019 05:21:00 [INFO]: b'RX:B\x00'
04272019 05:21:00 [INFO]: b'TX:M\x15\x84\xa1r\xcd\x06\xfd\xa1e\xcd\x03\xe3\xa1p\xcd\x15\n\xa1t\xcd\x02\x93--'
04272019 05:21:00 [INFO]: b'RX:B\x00'
04272019 05:21:00 [INFO]: b'TX:M\x12\x83\xa1a\xce\x00\x89T@\xa1h\x00\xa1o\xce\x01\x12\xa8\x80-----'
04272019 05:21:01 [INFO]: b'RX:B\x00'
04272019 05:21:01 [INFO]: b'TX:M\x15\x84\xa1r\xcd\x06\xfc\xa1e\xcd\x03\xe3\xa1p\xcd\x15\n\xa1t\xcd\x02\x93--'
04272019 05:21:01 [INFO]: b'RX:B\x00'
04272019 05:21:01 [INFO]: b'TX:M\x12\x83\xa1a\xce\x00\x89T@\xa1h\x00\xa1o\xce\x01\x12\xa8\x80-----'
04272019 05:21:01 [INFO]: b'RX:B\x00'
04272019 05:21:01 [INFO]: b'TX:M\x15\x84\xa1r\xcd\x06\xfc\xa1e\xcd\x03\xe3\xa1p\xcd\x15\n\xa1t\xcd\x02\x93--'
04272019 05:21:02 [INFO]: b'RX:B\x00'
04272019 05:21:02 [INFO]: b'TX:M\x12\x83\xa1a\xce\x00\x89T@\xa1h\x00\xa1o\xce\x01\x12\xa8\x80-----'
04272019 05:21:02 [INFO]: b'RX:B\x00'
04272019 05:21:02 [ERROR]: Buffer overflow
04272019 05:21:02 [INFO]: b'TX:M\x15\x84\xa1r\xcd\x06\xfc\xa1e\xcd\x03\xe3\xa1p\xcd\x15\n\xa1t\xcd\x02\x93--'
04272019 05:21:02 [INFO]: b'RX:B\x00'
04272019 05:21:02 [INFO]: b'TX:M\x12\x83\xa1a\xce\x00\x89T@\xa1h\x00\xa1o\xce\x01\x12\xa8\x80-----'
04272019 05:21:02 [INFO]: b'RX:B\x00'
04272019 05:21:03 [INFO]: b'TX:M\x15\x84\xa1r\xcd\x06\xfd\xa1e\xcd\x03\xe3\xa1p\xcd\x15\x0b\xa1t\xcd\x02\x93--'
04272019 05:21:03 [INFO]: b'RX:B\x00'
04272019 05:21:03 [INFO]: b'TX:M\x12\x83\xa1a\xce\x00\x89T@\xa1h\x00\xa1o\xce\x01\x12\xa8\x80-----'
04272019 05:21:03 [INFO]: b'RX:B\x00'
04272019 05:21:03 [INFO]: b'TX:M\x15\x84\xa1r\xcd\x06\xfd\xa1e\xcd\x03\xe3\xa1p\xcd\x15\x0b\xa1t\xcd\x02\x93--'
04272019 05:21:03 [INFO]: b'RX:B\x00'
04272019 05:21:03 [INFO]: b'TX:M\x12\x83\xa1a\xce\x00\x89T@\xa1h\x00\xa1o\xce\x01\x12\xa8\x80-----'
04272019 05:21:04 [INFO]: b'RX:B\x00'
04272019 05:21:04 [INFO]: b'TX:M\x15\x84\xa1r\xcd\x06\xfd\xa1e\xcd\x03\xe3\xa1p\xcd\x15\n\xa1t\xcd\x02\x93--'
04272019 05:21:04 [INFO]: b'RX:B\x00'
04272019 05:21:04 [INFO]: b'TX:M\x12\x83\xa1a\xce\x00\x89T@\xa1h\x00\xa1o\xce\x01\x12\xa8\x80-----'
04272019 05:21:04 [INFO]: b'RX:B\x00'
04272019 05:21:04 [INFO]: b'TX:M\x15\x84\xa1r\xcd\x06\xfd\xa1e\xcd\x03\xe3\xa1p\xcd\x15\n\xa1t\xcd\x02\x93--'
04272019 05:21:05 [INFO]: b'RX:B\x00'
04272019 05:21:05 [INFO]: b'TX:M\x12\x83\xa1a\xce\x00\x89T@\xa1h\x00\xa1o\xce\x01\x12\xa8\x80-----'
04272019 05:21:05 [INFO]: b'RX:B\x00'
04272019 05:21:05 [ERROR]: Buffer overflow
04272019 05:21:05 [INFO]: b'TX:M\x15\x84\xa1r\xcd\x06\xfb\xa1e\xcd\x03\xe3\xa1p\xcd\x15\t\xa1t\xcd\x02\x93--'
04272019 05:21:05 [INFO]: b'RX:B\x00'
04272019 05:21:05 [INFO]: b'TX:M\x12\x83\xa1a\xce\x00\x89T@\xa1h\x00\xa1o\xce\x01\x12\xa8\x80-----'
04272019 05:21:06 [INFO]: b'RX:B\x00'
04272019 05:21:06 [INFO]: b'TX:M\x15\x84\xa1r\xcd\x06\xfb\xa1e\xcd\x03\xe3\xa1p\xcd\x15\n\xa1t\xcd\x02\x93--'
04272019 05:21:06 [INFO]: b'RX:B\x00'
04272019 05:21:06 [INFO]: b'TX:M\x12\x83\xa1a\xce\x00\x89T@\xa1h\x00\xa1o\xce\x01\x12\xa8\x80-----'
04272019 05:21:06 [INFO]: b'RX:B\x00'
04272019 05:21:06 [INFO]: b'TX:M\x15\x84\xa1r\xcd\x06\xfb\xa1e\xcd\x03\xe3\xa1p\xcd\x15\n\xa1t\xcd\x02\x93--'
04272019 05:21:07 [INFO]: b'RX:B\x00'
04272019 05:21:07 [INFO]: b'TX:M\x12\x83\xa1a\xce\x00\x89T@\xa1h\x00\xa1o\xce\x01\x12\xa8\x80-----'
04272019 05:21:07 [INFO]: b'RX:B\x00'
04272019 05:21:07 [INFO]: b'TX:M\x15\x84\xa1r\xcd\x06\xfb\xa1e\xcd\x03\xe3\xa1p\xcd\x15\t\xa1t\xcd\x02\x93--'
04272019 05:21:07 [INFO]: b'RX:B\x00'
04272019 05:21:07 [INFO]: b'TX:M\x12\x83\xa1a\xce\x00\x89T@\xa1h\x00\xa1o\xce\x01\x12\xa8\x80-----'
04272019 05:21:08 [INFO]: b'RX:B\x00'
04272019 05:21:08 [INFO]: b'TX:M\x12\x83\xa1a\xce\x00\x89T@\xa1h\x00\xa1o\xce\x01\x12\xa8\x80-----'
04272019 05:21:08 [INFO]: b'RX:B\x00'
04272019 05:21:08 [ERROR]: Buffer overflow
04272019 05:21:08 [INFO]: b'TX:M\x15\x84\xa1r\xcd\x06\xfa\xa1e\xcd\x03\xe3\xa1p\xcd\x15\t\xa1t\xcd\x02\x94--'
04272019 05:21:08 [INFO]: b'RX:B\x00'
04272019 05:21:08 [INFO]: b'TX:M\x12\x83\xa1a\xce\x00\x89T@\xa1h\x00\xa1o\xce\x01\x12\xa8\x80-----'
04272019 05:21:09 [INFO]: b'RX:B\x00'
04272019 05:21:09 [INFO]: b'TX:M\x15\x84\xa1r\xcd\x06\xfb\xa1e\xcd\x03\xe3\xa1p\xcd\x15\n\xa1t\xcd\x02\x94--'
04272019 05:21:09 [INFO]: b'RX:B\x00'
04272019 05:21:09 [INFO]: b'TX:M\x12\x83\xa1a\xce\x00\x89T@\xa1h\x00\xa1o\xce\x01\x12\xa8\x80-----'
04272019 05:21:09 [INFO]: b'TX:M\x15\x84\xa1r\xcd\x06\xfb\xa1e\xcd\x03\xe3\xa1p\xcd\x15\n\xa1t\xcd\x02\x94--'
04272019 05:21:09 [INFO]: b'RX:B\x00'
04272019 05:21:09 [INFO]: b'TX:M\x12\x83\xa1a\xce\x00\x89T@\xa1h\x00\xa1o\xce\x01\x12\xa8\x80-----'
04272019 05:21:10 [INFO]: b'RX:B\x00'
04272019 05:21:10 [INFO]: b'TX:M\x15\x84\xa1r\xcd\x06\xfb\xa1e\xcd\x03\xe3\xa1p\xcd\x15\n\xa1t\xcd\x02\x94--'
04272019 05:21:10 [INFO]: b'RX:B\x00'
04272019 05:21:10 [INFO]: b'TX:M\x12\x83\xa1a\xce\x00\x89T@\xa1h\x00\xa1o\xce\x01\x12\xa8\x80-----'
04272019 05:21:11 [INFO]: b'RX:B\x00'
04272019 05:21:11 [INFO]: b'TX:M\x15\x84\xa1r\xcd\x06\xfb\xa1e\xcd\x03\xe3\xa1p\xcd\x15\n\xa1t\xcd\x02\x94--'
04272019 05:21:11 [INFO]: b'RX:B\x00'
04272019 05:21:11 [INFO]: b'TX:M\x15\x84\xa1r\xcd\x06\xfb\xa1e\xcd\x03\xe3\xa1p\xcd\x15\n\xa1t\xcd\x02\x94--'
04272019 05:21:11 [INFO]: b'RX:B\x00'
04272019 05:21:11 [INFO]: b'TX:M\x12\x83\xa1a\xce\x00\x89T@\xa1h\x00\xa1o\xce\x01\x12\xa8\x80-----'
04272019 05:21:11 [INFO]: b'RX:B\x00'
04272019 05:21:11 [ERROR]: Buffer overflow
04272019 05:21:11 [INFO]: b'TX:M\x12\x83\xa1a\xce\x00\x89T@\xa1h\x00\xa1o\xce\x01\x12\xa8\x80-----'
04272019 05:21:12 [INFO]: b'RX:B\x00'
04272019 05:21:12 [INFO]: b'TX:M\x15\x84\xa1r\xcd\x06\xfa\xa1e\xcd\x03\xe3\xa1p\xcd\x15\n\xa1t\xcd\x02\x94--'
04272019 05:21:12 [INFO]: b'RX:B\x00'
04272019 05:21:12 [INFO]: b'TX:M\x12\x83\xa1a\xce\x00\x89T@\xa1h\x00\xa1o\xce\x01\x12\xa8\x80-----'
04272019 05:21:12 [INFO]: b'TX:M\x15\x84\xa1r\xcd\x06\xfa\xa1e\xcd\x03\xe3\xa1p\xcd\x15\n\xa1t\xcd\x02\x94--'
04272019 05:21:13 [INFO]: b'RX:B\x00'
04272019 05:21:13 [INFO]: b'TX:M\x12\x83\xa1a\xce\x00\x89T@\xa1h\x00\xa1o\xce\x01\x12\xa8\x80-----'
04272019 05:21:13 [INFO]: b'RX:B\x00'
04272019 05:21:13 [INFO]: b'TX:M\x15\x84\xa1r\xcd\x06\xfb\xa1e\xcd\x03\xe3\xa1p\xcd\x15\n\xa1t\xcd\x02\x94--'
04272019 05:21:13 [INFO]: b'RX:B\x00'
04272019 05:21:13 [INFO]: b'TX:M\x12\x83\xa1a\xce\x00\x89T@\xa1h\x00\xa1o\xce\x01\x12\xa8\x80-----'
04272019 05:21:13 [INFO]: b'RX:B\x00'
04272019 05:21:13 [INFO]: b'TX:M\x15\x84\xa1r\xcd\x06\xfb\xa1e\xcd\x03\xe3\xa1p\xcd\x15\n\xa1t\xcd\x02\x94--'
04272019 05:21:14 [INFO]: b'RX:B\x00'
04272019 05:21:14 [INFO]: b'TX:M\x15\x84\xa1r\xcd\x06\xfb\xa1e\xcd\x03\xe3\xa1p\xcd\x15\n\xa1t\xcd\x02\x94--'
04272019 05:21:14 [INFO]: b'RX:B\x00'
04272019 05:21:14 [INFO]: b'TX:M\x12\x83\xa1a\xce\x00\x89T@\xa1h\x00\xa1o\xce\x01\x12\xa8\x80-----'
04272019 05:21:14 [INFO]: b'RX:B\x00'
04272019 05:21:14 [INFO]: b'TX:M\x15\x84\xa1r\xcd\x06\xfc\xa1e\xcd\x03\xe3\xa1p\xcd\x15\n\xa1t\xcd\x02\x94--'
04272019 05:21:15 [INFO]: b'RX:B\x00'
04272019 05:21:15 [ERROR]: Buffer overflow
04272019 05:21:15 [INFO]: b'TX:M\x15\x84\xa1r\xcd\x06\xf8\xa1e\xcd\x03\xe3\xa1p\xcd\x15\n\xa1t\xcd\x02\x94--'
04272019 05:21:15 [INFO]: b'RX:B\x00'
04272019 05:21:15 [INFO]: b'TX:M\x12\x83\xa1a\xce\x00\x89T@\xa1h\x00\xa1o\xce\x01\x12\xa8\x80-----'
04272019 05:21:15 [INFO]: b'RX:B\x00'
04272019 05:21:15 [INFO]: b'TX:M\x15\x84\xa1r\xcd\x06\xf8\xa1e\xcd\x03\xe3\xa1p\xcd\x15\n\xa1t\xcd\x02\x94--'
04272019 05:21:15 [INFO]: b'RX:B\x00'
04272019 05:21:16 [INFO]: b'TX:M\x12\x83\xa1a\xce\x00\x89T@\xa1h\x00\xa1o\xce\x01\x12\xa8\x80-----'
04272019 05:21:16 [INFO]: b'RX:B\x00'
04272019 05:21:16 [INFO]: b'TX:M\x15\x84\xa1r\xcd\x06\xf9\xa1e\xcd\x03\xe3\xa1p\xcd\x15\x0b\xa1t\xcd\x02\x94--'
04272019 05:21:16 [INFO]: b'RX:B\x00'
04272019 05:21:16 [INFO]: b'TX:M\x12\x83\xa1a\xce\x00\x89T@\xa1h\x00\xa1o\xce\x01\x12\xa8\x80-----'
04272019 05:21:16 [INFO]: b'RX:B\x00'
04272019 05:21:16 [INFO]: b'TX:M\x15\x84\xa1r\xcd\x06\xf9\xa1e\xcd\x03\xe3\xa1p\xcd\x15\x0b\xa1t\xcd\x02\x94--'
04272019 05:21:17 [INFO]: b'RX:B\x00'
04272019 05:21:17 [INFO]: b'TX:M\x15\x84\xa1r\xcd\x06\xf9\xa1e\xcd\x03\xe3\xa1p\xcd\x15\n\xa1t\xcd\x02\x94--'
04272019 05:21:17 [INFO]: b'RX:B\x00'
04272019 05:21:17 [INFO]: b'TX:M\x12\x83\xa1a\xce\x00\x89T@\xa1h\x00\xa1o\xce\x01\x12\xa8\x80-----'
04272019 05:21:17 [INFO]: b'RX:B\x00'
04272019 05:21:17 [INFO]: b'TX:M\x15\x84\xa1r\xcd\x06\xf9\xa1e\xcd\x03\xe3\xa1p\xcd\x15\t\xa1t\xcd\x02\x94--'
04272019 05:21:17 [INFO]: b'RX:B\x00'
04272019 05:21:18 [INFO]: b'TX:M\x12\x83\xa1a\xce\x00\x89T@\xa1h\x00\xa1o\xce\x01\x12\xa8\x80-----'
04272019 05:21:18 [INFO]: b'RX:B\x00'
04272019 05:21:18 [ERROR]: Buffer overflow
04272019 05:21:18 [INFO]: b'TX:M\x12\x83\xa1a\xce\x00\x89T@\xa1h\x00\xa1o\xce\x01\x12\xa8\x80-----'
04272019 05:21:18 [INFO]: b'RX:B\x00'
04272019 05:21:18 [INFO]: b'TX:M\x15\x84\xa1r\xcd\x06\xf7\xa1e\xcd\x03\xe3\xa1p\xcd\x15\x0b\xa1t\xcd\x02\x94--'
04272019 05:21:18 [INFO]: b'RX:C\x00'
04272019 05:21:18 [INFO]: b'TX:M\x12\x83\xa1a\xce\x00\x89T@\xa1h\x00\xa1o\xce\x01\x12\xa8\x80-----'
04272019 05:21:19 [INFO]: b'RX:B\x00'
04272019 05:21:19 [INFO]: b'TX:M\x15\x84\xa1r\xcd\x06\xf7\xa1e\xcd\x03\xe3\xa1p\xcd\x15\n\xa1t\xcd\x02\x94--'
04272019 05:21:19 [INFO]: b'RX:B\x00'
04272019 05:21:19 [INFO]: b'TX:M\x12\x83\xa1a\xce\x00\x89T@\xa1h\x00\xa1o\xce\x01\x12\xa8\x80-----'
04272019 05:21:19 [INFO]: b'RX:B\x00'
04272019 05:21:19 [INFO]: b'TX:M\x15\x84\xa1r\xcd\x06\xf7\xa1e\xcd\x03\xe3\xa1p\xcd\x15\n\xa1t\xcd\x02\x94--'
04272019 05:21:19 [INFO]: b'RX:B\x00'
04272019 05:21:20 [INFO]: b'TX:M\x12\x83\xa1a\xce\x00\x89T@\xa1h\x00\xa1o\xce\x01\x12\xa8\x80-----'
04272019 05:21:20 [INFO]: b'TX:M\x15\x84\xa1r\xcd\x06\xf6\xa1e\xcd\x03\xe3\xa1p\xcd\x15\t\xa1t\xcd\x02\x94--'
04272019 05:21:20 [INFO]: b'RX:B\x00'
04272019 05:21:20 [INFO]: b'TX:M\x12\x83\xa1a\xce\x00\x89T@\xa1h\x00\xa1o\xce\x01\x12\xa8\x80-----'
04272019 05:21:21 [INFO]: b'RX:B\x00'
04272019 05:21:21 [INFO]: b'TX:M\x15\x84\xa1r\xcd\x06\xf6\xa1e\xcd\x03\xe3\xa1p\xcd\x15\n\xa1t\xcd\x02\x94--'
04272019 05:21:21 [INFO]: b'RX:B\x00'
04272019 05:21:21 [INFO]: b'TX:M\x15\x84\xa1r\xcd\x06\xf7\xa1e\xcd\x03\xe3\xa1p\xcd\x15\n\xa1t\xcd\x02\x94--'
04272019 05:21:21 [INFO]: b'RX:B\x00'
04272019 05:21:21 [ERROR]: Buffer overflow
04272019 05:21:21 [INFO]: b'TX:M\x12\x83\xa1a\xce\x00\x89T@\xa1h\x00\xa1o\xce\x01\x12\xa8\x80-----'
04272019 05:21:21 [INFO]: b'RX:B\x00'
04272019 05:21:21 [INFO]: b'TX:M\x15\x84\xa1r\xcd\x06\xf6\xa1e\xcd\x03\xe3\xa1p\xcd\x15\n\xa1t\xcd\x02\x94--'
04272019 05:21:22 [INFO]: b'RX:B\x00'
04272019 05:21:22 [INFO]: b'TX:M\x12\x83\xa1a\xce\x00\x89T@\xa1h\x00\xa1o\xce\x01\x12\xa8\x80-----'
04272019 05:21:22 [INFO]: b'RX:B\x00'
04272019 05:21:22 [INFO]: b'TX:M\x15\x84\xa1r\xcd\x06\xf6\xa1e\xcd\x03\xe3\xa1p\xcd\x15\n\xa1t\xcd\x02\x94--'
04272019 05:21:22 [INFO]: b'RX:B\x00'
04272019 05:21:22 [INFO]: b'TX:M\x12\x83\xa1a\xce\x00\x89T@\xa1h\x00\xa1o\xce\x01\x12\xa8\x80-----'
04272019 05:21:23 [INFO]: b'RX:B\x00'
04272019 05:21:23 [INFO]: b'TX:M\x12\x83\xa1a\xce\x00\x89T@\xa1h\x00\xa1o\xce\x01\x12\xa8\x80-----'
04272019 05:21:23 [INFO]: b'RX:B\x00'
04272019 05:21:23 [INFO]: b'TX:M\x15\x84\xa1r\xcd\x06\xf5\xa1e\xcd\x03\xe3\xa1p\xcd\x15\n\xa1t\xcd\x02\x94--'
04272019 05:21:23 [INFO]: b'RX:B\x00'
04272019 05:21:23 [INFO]: b'TX:M\x12\x83\xa1a\xce\x00\x89T@\xa1h\x00\xa1o\xce\x01\x12\xa8\x80-----'
04272019 05:21:23 [INFO]: b'RX:B\x00'
04272019 05:21:23 [INFO]: b'TX:M\x15\x84\xa1r\xcd\x06\xf5\xa1e\xcd\x03\xe3\xa1p\xcd\x15\n\xa1t\xcd\x02\x94--'
04272019 05:21:24 [INFO]: b'RX:B\x00'
04272019 05:21:24 [INFO]: b'TX:M\x12\x83\xa1a\xce\x00\x89T@\xa1h\x00\xa1o\xce\x01\x12\xa8\x80-----'
04272019 05:21:24 [INFO]: b'RX:B\x00'
04272019 05:21:24 [INFO]: b'TX:M\x15\x84\xa1r\xcd\x06\xf4\xa1e\xcd\x03\xe3\xa1p\xcd\x15\x0b\xa1t\xcd\x02\x95--'
04272019 05:21:24 [INFO]: b'RX:B\x00'
04272019 05:21:24 [ERROR]: Buffer overflow
04272019 05:21:24 [INFO]: b'TX:M\x15\x84\xa1r\xcd\x06\xf5\xa1e\xcd\x03\xe3\xa1p\xcd\x15\n\xa1t\xcd\x02\x95--'
04272019 05:21:25 [INFO]: b'RX:B\x00'
04272019 05:21:25 [INFO]: b'TX:M\x12\x83\xa1a\xce\x00\x89T@\xa1h\x00\xa1o\xce\x01\x12\xa8\x80-----'
04272019 05:21:25 [INFO]: b'RX:B\x00'
04272019 05:21:25 [INFO]: b'TX:M\x15\x84\xa1r\xcd\x06\xf5\xa1e\xcd\x03\xe3\xa1p\xcd\x15\n\xa1t\xcd\x02\x95--'
04272019 05:21:25 [INFO]: b'RX:B\x00'
04272019 05:21:25 [INFO]: b'TX:M\x12\x83\xa1a\xce\x00\x89T@\xa1h\x00\xa1o\xce\x01\x12\xa8\x80-----'
04272019 05:21:25 [INFO]: b'RX:B\x00'
04272019 05:21:26 [INFO]: b'TX:M\x15\x84\xa1r\xcd\x06\xf6\xa1e\xcd\x03\xe3\xa1p\xcd\x15\n\xa1t\xcd\x02\x95--'
04272019 05:21:26 [INFO]: b'RX:B\x00'
04272019 05:21:26 [INFO]: b'TX:M\x12\x83\xa1a\xce\x00\x89T@\xa1h\x00\xa1o\xce\x01\x12\xa8\x80-----'
04272019 05:21:26 [INFO]: b'TX:M\x15\x84\xa1r\xcd\x06\xf6\xa1e\xcd\x03\xe3\xa1p\xcd\x15\n\xa1t\xcd\x02\x95--'
04272019 05:21:26 [INFO]: b'RX:B\x00'
04272019 05:21:26 [INFO]: b'TX:M\x12\x83\xa1a\xce\x00\x89T@\xa1h\x00\xa1o\xce\x01\x12\xa8\x80-----'
04272019 05:21:27 [INFO]: b'RX:B\x00'
04272019 05:21:27 [INFO]: b'TX:M\x15\x84\xa1r\xcd\x06\xf6\xa1e\xcd\x03\xe3\xa1p\xcd\x15\n\xa1t\xcd\x02\x95--'
04272019 05:21:27 [INFO]: b'RX:B\x00'
04272019 05:21:27 [INFO]: b'TX:M\x12\x83\xa1a\xce\x00\x89T@\xa1h\x00\xa1o\xce\x01\x12\xa8\x80-----'
04272019 05:21:27 [INFO]: b'RX:B\x00'
04272019 05:21:27 [INFO]: b'TX:M\x12\x83\xa1a\xce\x00\x89T@\xa1h\x00\xa1o\xce\x01\x12\xa8\x80-----'
04272019 05:21:27 [INFO]: b'RX:B\x00'
04272019 05:21:28 [INFO]: b'TX:M\x15\x84\xa1r\xcd\x06\xf6\xa1e\xcd\x03\xe3\xa1p\xcd\x15\n\xa1t\xcd\x02\x95--'
04272019 05:21:28 [INFO]: b'RX:B\x00'
04272019 05:21:28 [ERROR]: Buffer overflow
04272019 05:21:28 [INFO]: b'TX:M\x12\x83\xa1a\xce\x00\x89T@\xa1h\x00\xa1o\xce\x01\x12\xa8\x80-----'
04272019 05:21:28 [INFO]: b'RX:B\x00'
04272019 05:21:28 [INFO]: b'TX:M\x15\x84\xa1r\xcd\x06\xf5\xa1e\xcd\x03\xe3\xa1p\xcd\x15\n\xa1t\xcd\x02\x95--'
04272019 05:21:28 [INFO]: b'RX:B\x00'
04272019 05:21:28 [INFO]: b'TX:M\x12\x83\xa1a\xce\x00\x89T@\xa1h\x00\xa1o\xce\x01\x12\xa8\x80-----'
04272019 05:21:29 [INFO]: b'RX:B\x00'
04272019 05:21:29 [INFO]: b'TX:M\x15\x84\xa1r\xcd\x06\xf5\xa1e\xcd\x03\xe3\xa1p\xcd\x15\n\xa1t\xcd\x02\x95--'
04272019 05:21:29 [INFO]: b'RX:B\x00'
04272019 05:21:29 [INFO]: b'TX:M\x12\x83\xa1a\xce\x00\x89T@\xa1h\x00\xa1o\xce\x01\x12\xa8\x80-----'
04272019 05:21:29 [INFO]: b'RX:B\x00'
04272019 05:21:29 [INFO]: b'TX:M\x15\x84\xa1r\xcd\x06\xf6\xa1e\xcd\x03\xe3\xa1p\xcd\x15\n\xa1t\xcd\x02\x95--'
04272019 05:21:30 [INFO]: b'RX:B\x00'
04272019 05:21:30 [INFO]: b'TX:M\x12\x83\xa1a\xce\x00\x89T@\xa1h\x00\xa1o\xce\x01\x12\xa8\x80-----'
04272019 05:21:30 [INFO]: b'RX:B\x00'
04272019 05:21:30 [INFO]: b'TX:M\x15\x84\xa1r\xcd\x06\xf5\xa1e\xcd\x03\xe3\xa1p\xcd\x15\t\xa1t\xcd\x02\x95--'
04272019 05:21:30 [INFO]: b'RX:B\x00'
04272019 05:21:30 [INFO]: b'TX:M\x12\x83\xa1a\xce\x00\x89T@\xa1h\x00\xa1o\xce\x01\x12\xa8\x80-----'
04272019 05:21:31 [INFO]: b'RX:B\x00'
04272019 05:21:31 [INFO]: b'TX:M\x15\x84\xa1r\xcd\x06\xf5\xa1e\xcd\x03\xe3\xa1p\xcd\x15\t\xa1t\xcd\x02\x95--'
04272019 05:21:31 [INFO]: b'RX:B\x00'
04272019 05:21:31 [INFO]: b'TX:M\x12\x83\xa1a\xce\x00\x89T@\xa1h\x00\xa1o\xce\x01\x12\xa8\x80-----'
04272019 05:21:31 [INFO]: b'RX:B\x00'
04272019 05:21:31 [ERROR]: Buffer overflow
04272019 05:21:31 [INFO]: b'TX:M\x15\x84\xa1r\xcd\x06\xf3\xa1e\xcd\x03\xe3\xa1p\xcd\x15\n\xa1t\xcd\x02\x95--'
04272019 05:21:31 [INFO]: b'RX:B\x00'
04272019 05:21:31 [INFO]: b'TX:M\x12\x83\xa1a\xce\x00\x89T@\xa1h\x00\xa1o\xce\x01\x12\xa8\x80-----'
04272019 05:21:32 [INFO]: b'RX:B\x00'
04272019 05:21:32 [INFO]: b'TX:M\x15\x84\xa1r\xcd\x06\xf3\xa1e\xcd\x03\xe3\xa1p\xcd\x15\n\xa1t\xcd\x02\x95--'
04272019 05:21:32 [INFO]: b'RX:B\x00'
04272019 05:21:32 [INFO]: b'TX:M\x15\x84\xa1r\xcd\x06\xf6\xa1e\xcd\x03\xe3\xa1p\xcd\x15\n\xa1t\xcd\x02\x95--'
04272019 05:21:32 [INFO]: b'RX:B\x00'
04272019 05:21:32 [INFO]: b'TX:M\x12\x83\xa1a\xce\x00\x89T@\xa1h\x00\xa1o\xce\x01\x12\xa8\x80-----'
04272019 05:21:33 [INFO]: b'RX:B\x00'
04272019 05:21:33 [INFO]: b'TX:M\x12\x83\xa1a\xce\x00\x89T@\xa1h\x00\xa1o\xce\x01\x12\xa8\x80-----'
04272019 05:21:33 [INFO]: b'RX:B\x00'
04272019 05:21:33 [INFO]: b'TX:M\x15\x84\xa1r\xcd\x06\xf5\xa1e\xcd\x03\xe3\xa1p\xcd\x15\n\xa1t\xcd\x02\x95--'
04272019 05:21:33 [INFO]: b'RX:B\x00'
04272019 05:21:33 [INFO]: b'TX:M\x12\x83\xa1a\xce\x00\x89T@\xa1h\x00\xa1o\xce\x01\x12\xa8\x80-----'
04272019 05:21:33 [INFO]: b'RX:B\x00'
04272019 05:21:34 [INFO]: b'TX:M\x15\x84\xa1r\xcd\x06\xf5\xa1e\xcd\x03\xe3\xa1p\xcd\x15\n\xa1t\xcd\x02\x95--'
04272019 05:21:34 [INFO]: b'RX:B\x00'
04272019 05:21:34 [INFO]: b'TX:M\x12\x83\xa1a\xce\x00\x89T@\xa1h\x00\xa1o\xce\x01\x12\xa8\x80-----'
04272019 05:21:34 [INFO]: b'RX:B\x00'
04272019 05:21:34 [INFO]: b'TX:M\x15\x84\xa1r\xcd\x06\xf6\xa1e\xcd\x03\xe3\xa1p\xcd\x15\n\xa1t\xcd\x02\x95--'
04272019 05:21:34 [INFO]: b'RX:B\x00'
04272019 05:21:34 [ERROR]: Buffer overflow
04272019 05:21:34 [INFO]: b'TX:M\x12\x83\xa1a\xce\x00\x89T@\xa1h\x00\xa1o\xce\x01\x12\xa8\x80-----'
04272019 05:21:35 [INFO]: b'RX:B\x00'
04272019 05:21:35 [INFO]: b'TX:M\x15\x84\xa1r\xcd\x06\xf4\xa1e\xcd\x03\xe3\xa1p\xcd\x15\n\xa1t\xcd\x02\x95--'
04272019 05:21:35 [INFO]: b'RX:B\x00'
04272019 05:21:35 [INFO]: b'TX:M\x12\x83\xa1a\xce\x00\x89T@\xa1h\x00\xa1o\xce\x01\x12\xa8\x80-----'
04272019 05:21:35 [INFO]: b'RX:B\x00'
04272019 05:21:35 [INFO]: b'TX:M\x15\x84\xa1r\xcd\x06\xf6\xa1e\xcd\x03\xe3\xa1p\xcd\x15\n\xa1t\xcd\x02\x95--'
04272019 05:21:36 [INFO]: b'RX:B\x00'
04272019 05:21:36 [INFO]: b'TX:M\x12\x83\xa1a\xce\x00\x89T@\xa1h\x00\xa1o\xce\x01\x12\xa8\x80-----'
04272019 05:21:36 [INFO]: b'RX:B\x00'
04272019 05:21:36 [INFO]: b'TX:M\x15\x84\xa1r\xcd\x06\xf6\xa1e\xcd\x03\xe3\xa1p\xcd\x15\n\xa1t\xcd\x02\x95--'
04272019 05:21:36 [INFO]: b'RX:B\x00'
04272019 05:21:36 [INFO]: b'TX:M\x12\x83\xa1a\xce\x00\x89T@\xa1h\x00\xa1o\xce\x01\x12\xa8\x80-----'
04272019 05:21:36 [INFO]: b'RX:B\x00'
04272019 05:21:36 [INFO]: b'TX:M\x15\x84\xa1r\xcd\x06\xf7\xa1e\xcd\x03\xe3\xa1p\xcd\x15\n\xa1t\xcd\x02\x95--'
04272019 05:21:37 [INFO]: b'RX:B\x00'
04272019 05:21:37 [INFO]: b'TX:M\x12\x83\xa1a\xce\x00\x89T@\xa1h\x00\xa1o\xce\x01\x12\xa8\x80-----'
04272019 05:21:37 [INFO]: b'RX:B\x00'
04272019 05:21:37 [INFO]: b'TX:M\x15\x84\xa1r\xcd\x06\xf5\xa1e\xcd\x03\xe3\xa1p\xcd\x15\n\xa1t\xcd\x02\x95--'
04272019 05:21:37 [INFO]: b'RX:B\x00'
04272019 05:21:37 [INFO]: b'TX:M\x12\x83\xa1a\xce\x00\x89T@\xa1h\x00\xa1o\xce\x01\x12\xa8\x80-----'
04272019 05:21:38 [INFO]: b'RX:B\x00'
04272019 05:21:38 [ERROR]: Buffer overflow
04272019 05:21:38 [INFO]: b'TX:M\x12\x83\xa1a\xce\x00\x89T@\xa1h\x00\xa1o\xce\x01\x12\xa8\x80-----'
04272019 05:21:38 [INFO]: b'RX:B\x00'
04272019 05:21:38 [INFO]: b'TX:M\x15\x84\xa1r\xcd\x06\xf4\xa1e\xcd\x03\xe3\xa1p\xcd\x15\n\xa1t\xcd\x02\x95--'
04272019 05:21:38 [INFO]: b'RX:B\x00'
04272019 05:21:38 [INFO]: b'TX:M\x12\x83\xa1a\xce\x00\x89T@\xa1h\x00\xa1o\xce\x01\x12\xa8\x80-----'
04272019 05:21:38 [INFO]: b'RX:B\x00'
04272019 05:21:39 [INFO]: b'TX:M\x15\x84\xa1r\xcd\x06\xf5\xa1e\xcd\x03\xe3\xa1p\xcd\x15\n\xa1t\xcd\x02\x95--'
04272019 05:21:39 [INFO]: b'RX:B\x00'
04272019 05:21:39 [INFO]: b'TX:M\x12\x83\xa1a\xce\x00\x89T@\xa1h\x00\xa1o\xce\x01\x12\xa8\x80-----'
04272019 05:21:39 [INFO]: b'RX:B\x00'
04272019 05:21:39 [INFO]: b'TX:M\x15\x84\xa1r\xcd\x06\xf5\xa1e\xcd\x03\xe3\xa1p\xcd\x15\n\xa1t\xcd\x02\x95--'
04272019 05:21:39 [INFO]: b'RX:B\x00'
04272019 05:21:39 [INFO]: b'TX:M\x15\x84\xa1r\xcd\x06\xf5\xa1e\xcd\x03\xe3\xa1p\xcd\x15\n\xa1t\xcd\x02\x95--'
04272019 05:21:40 [INFO]: b'RX:B\x00'
04272019 05:21:40 [INFO]: b'TX:M\x12\x83\xa1a\xce\x00\x89T@\xa1h\x00\xa1o\xce\x01\x12\xa8\x80-----'
04272019 05:21:40 [INFO]: b'RX:B\x00'
04272019 05:21:40 [INFO]: b'TX:M\x15\x84\xa1r\xcd\x06\xf6\xa1e\xcd\x03\xe3\xa1p\xcd\x15\t\xa1t\xcd\x02\x95--'
04272019 05:21:40 [INFO]: b'RX:B\x00'
04272019 05:21:40 [INFO]: b'TX:M\x12\x83\xa1a\xce\x00\x89T@\xa1h\x00\xa1o\xce\x01\x12\xa8\x80-----'
04272019 05:21:41 [INFO]: b'RX:B\x00'
04272019 05:21:41 [INFO]: b'TX:M\x15\x84\xa1r\xcd\x06\xf6\xa1e\xcd\x03\xe3\xa1p\xcd\x15\t\xa1t\xcd\x02\x95--'
04272019 05:21:41 [INFO]: b'RX:B\x00'
04272019 05:21:41 [INFO]: b'TX:M\x12\x83\xa1a\xce\x00\x89T@\xa1h\x00\xa1o\xce\x01\x12\xa8\x80-----'
04272019 05:21:41 [INFO]: b'RX:B\x00'
04272019 05:21:41 [ERROR]: Buffer overflow
04272019 05:21:41 [INFO]: b'TX:M\x15\x84\xa1r\xcd\x06\xf6\xa1e\xcd\x03\xe3\xa1p\xcd\x15\x08\xa1t\xcd\x02\x95--'
04272019 05:21:41 [INFO]: b'RX:B\x00'
04272019 05:21:41 [INFO]: b'TX:M\x12\x83\xa1a\xce\x00\x89T@\xa1h\x00\xa1o\xce\x01\x12\xa8\x80-----'
04272019 05:21:42 [INFO]: b'RX:B\x00'
04272019 05:21:42 [INFO]: b'TX:M\x15\x84\xa1r\xcd\x06\xf6\xa1e\xcd\x03\xe3\xa1p\xcd\x15\x08\xa1t\xcd\x02\x95--'
04272019 05:21:42 [INFO]: b'RX:B\x00'
04272019 05:21:42 [INFO]: b'TX:M\x12\x83\xa1a\xce\x00\x89T@\xa1h\x00\xa1o\xce\x01\x12\xa8\x80-----'
04272019 05:21:42 [INFO]: b'RX:B\x00'
04272019 05:21:42 [INFO]: b'TX:M\x15\x84\xa1r\xcd\x06\xf5\xa1e\xcd\x03\xe3\xa1p\xcd\x15\n\xa1t\xcd\x02\x95--'
04272019 05:21:43 [INFO]: b'RX:B\x00'
04272019 05:21:43 [INFO]: b'TX:M\x12\x83\xa1a\xce\x00\x89T@\xa1h\x00\xa1o\xce\x01\x12\xa8\x80-----'
04272019 05:21:43 [INFO]: b'RX:B\x00'
04272019 05:21:43 [INFO]: b'TX:M\x15\x84\xa1r\xcd\x06\xf5\xa1e\xcd\x03\xe3\xa1p\xcd\x15\n\xa1t\xcd\x02\x95--'
04272019 05:21:43 [INFO]: b'RX:B\x00'
04272019 05:21:43 [INFO]: b'TX:M\x12\x83\xa1a\xce\x00\x89T@\xa1h\x00\xa1o\xce\x01\x12\xa8\x80-----'
04272019 05:21:43 [INFO]: b'RX:B\x00'
04272019 05:21:43 [INFO]: b'TX:M\x12\x83\xa1a\xce\x00\x89T@\xa1h\x00\xa1o\xce\x01\x12\xa8\x80-----'
04272019 05:21:44 [INFO]: b'RX:B\x00'
04272019 05:21:44 [INFO]: b'TX:M\x15\x84\xa1r\xcd\x06\xf5\xa1e\xcd\x03\xe3\xa1p\xcd\x15\n\xa1t\xcd\x02\x95--'
04272019 05:21:44 [INFO]: b'RX:B\x00'
04272019 05:21:44 [INFO]: b'TX:M\x12\x83\xa1a\xce\x00\x89T@\xa1h\x00\xa1o\xce\x01\x12\xa8\x80-----'
04272019 05:21:44 [INFO]: b'RX:B\x00'
04272019 05:21:44 [ERROR]: Buffer overflow
04272019 05:21:44 [INFO]: b'TX:M\x12\x83\xa1a\xce\x00\x89T@\xa1h\x00\xa1o\xce\x01\x12\xa8\x80-----'
04272019 05:21:45 [INFO]: b'RX:B\x00'
04272019 05:21:45 [INFO]: b'TX:M\x15\x84\xa1r\xcd\x06\xf4\xa1e\xcd\x03\xe3\xa1p\xcd\x15\n\xa1t\xcd\x02\x96--'
04272019 05:21:45 [INFO]: b'RX:B\x00'
04272019 05:21:45 [INFO]: b'TX:M\x12\x83\xa1a\xce\x00\x89T@\xa1h\x00\xa1o\xce\x01\x12\xa8\x80-----'
04272019 05:21:45 [INFO]: b'RX:B\x00'
04272019 05:21:45 [INFO]: b'TX:M\x15\x84\xa1r\xcd\x06\xf4\xa1e\xcd\x03\xe3\xa1p\xcd\x15\t\xa1t\xcd\x02\x95--'
04272019 05:21:45 [INFO]: b'RX:B\x00'
04272019 05:21:46 [INFO]: b'TX:M\x12\x83\xa1a\xce\x00\x89T@\xa1h\x00\xa1o\xce\x01\x12\xa8\x80-----'
04272019 05:21:46 [INFO]: b'RX:B\x00'
04272019 05:21:46 [INFO]: b'TX:M\x15\x84\xa1r\xcd\x06\xf4\xa1e\xcd\x03\xe3\xa1p\xcd\x15\t\xa1t\xcd\x02\x95--'
04272019 05:21:46 [INFO]: b'RX:B\x00'
04272019 05:21:46 [INFO]: b'TX:M\x12\x83\xa1a\xce\x00\x89T@\xa1h\x00\xa1o\xce\x01\x12\xa8\x80-----'
04272019 05:21:46 [INFO]: b'RX:B\x00'
04272019 05:21:46 [INFO]: b'TX:M\x15\x84\xa1r\xcd\x06\xf5\xa1e\xcd\x03\xe3\xa1p\xcd\x15\n\xa1t\xcd\x02\x96--'
04272019 05:21:47 [INFO]: b'RX:B\x00'
04272019 05:21:47 [INFO]: b'TX:M\x12\x83\xa1a\xce\x00\x89T@\xa1h\x00\xa1o\xce\x01\x12\xa8\x80-----'
04272019 05:21:47 [INFO]: b'RX:B\x00'
04272019 05:21:47 [INFO]: b'TX:M\x15\x84\xa1r\xcd\x06\xf5\xa1e\xcd\x03\xe3\xa1p\xcd\x15\n\xa1t\xcd\x02\x96--'
04272019 05:21:47 [INFO]: b'RX:B\x00'
04272019 05:21:47 [INFO]: b'TX:M\x12\x83\xa1a\xce\x00\x89T@\xa1h\x00\xa1o\xce\x01\x12\xa8\x80-----'
04272019 05:21:47 [INFO]: b'RX:B\x00'
04272019 05:21:48 [INFO]: b'TX:M\x15\x84\xa1r\xcd\x06\xf6\xa1e\xcd\x03\xe3\xa1p\xcd\x15\n\xa1t\xcd\x02\x96--'
04272019 05:21:48 [INFO]: b'RX:B\x00'
04272019 05:21:48 [ERROR]: Buffer overflow
04272019 05:21:48 [INFO]: b'TX:M\x15\x84\xa1r\xcd\x06\xf5\xa1e\xcd\x03\xe3\xa1p\xcd\x15\n\xa1t\xcd\x02\x96--'
04272019 05:21:48 [INFO]: b'TX:M\x12\x83\xa1a\xce\x00\x89T@\xa1h\x00\xa1o\xce\x01\x12\xa8\x80-----'
04272019 05:21:48 [INFO]: b'RX:B\x00'
04272019 05:21:48 [INFO]: b'TX:M\x15\x84\xa1r\xcd\x06\xf7\xa1e\xcd\x03\xe3\xa1p\xcd\x15\t\xa1t\xcd\x02\x96--'
04272019 05:21:49 [INFO]: b'RX:B\x00'
04272019 05:21:49 [INFO]: b'TX:M\x12\x83\xa1a\xce\x00\x89T@\xa1h\x00\xa1o\xce\x01\x12\xa8\x80-----'
04272019 05:21:49 [INFO]: b'RX:B\x00'
04272019 05:21:49 [INFO]: b'TX:M\x15\x84\xa1r\xcd\x06\xf7\xa1e\xcd\x03\xe3\xa1p\xcd\x15\t\xa1t\xcd\x02\x96--'
04272019 05:21:49 [INFO]: b'RX:B\x00'
04272019 05:21:49 [INFO]: b'TX:M\x12\x83\xa1a\xce\x00\x89T@\xa1h\x00\xa1o\xce\x01\x12\xa8\x80-----'
04272019 05:21:49 [INFO]: b'RX:B\x00'
04272019 05:21:50 [INFO]: b'TX:M\x15\x84\xa1r\xcd\x06\xf7\xa1e\xcd\x03\xe3\xa1p\xcd\x15\n\xa1t\xcd\x02\x96--'
04272019 05:21:50 [INFO]: b'RX:B\x00'
04272019 05:21:50 [INFO]: b'TX:M\x12\x83\xa1a\xce\x00\x89T@\xa1h\x00\xa1o\xce\x01\x12\xa8\x80-----'
04272019 05:21:50 [INFO]: b'RX:B\x00'
04272019 05:21:50 [INFO]: b'TX:M\x15\x84\xa1r\xcd\x06\xf7\xa1e\xcd\x03\xe3\xa1p\xcd\x15\n\xa1t\xcd\x02\x96--'
04272019 05:21:50 [INFO]: b'RX:B\x00'
04272019 05:21:51 [INFO]: b'TX:M\x12\x83\xa1a\xce\x00\x89T@\xa1h\x00\xa1o\xce\x01\x12\xa8\x80-----'
04272019 05:21:51 [INFO]: b'RX:B\x00'
04272019 05:21:51 [INFO]: b'TX:M\x15\x84\xa1r\xcd\x06\xf8\xa1e\xcd\x03\xe3\xa1p\xcd\x15\n\xa1t\xcd\x02\x96--'
04272019 05:21:51 [INFO]: b'RX:B\x00'
04272019 05:21:51 [ERROR]: Buffer overflow
04272019 05:21:51 [INFO]: b'TX:M\x15\x84\xa1r\xcd\x06\xf8\xa1e\xcd\x03\xe3\xa1p\xcd\x15\n\xa1t\xcd\x02\x96--'
04272019 05:21:51 [INFO]: b'RX:B\x00'
04272019 05:21:51 [INFO]: b'TX:M\x12\x83\xa1a\xce\x00\x89T@\xa1h\x00\xa1o\xce\x01\x12\xa8\x80-----'
04272019 05:21:52 [INFO]: b'RX:B\x00'
04272019 05:21:52 [INFO]: b'TX:M\x12\x83\xa1a\xce\x00\x89T@\xa1h\x00\xa1o\xce\x01\x12\xa8\x80-----'
04272019 05:21:52 [INFO]: b'RX:B\x00'
04272019 05:21:52 [INFO]: b'TX:M\x15\x84\xa1r\xcd\x06\xf8\xa1e\xcd\x03\xe3\xa1p\xcd\x15\n\xa1t\xcd\x02\x96--'
04272019 05:21:52 [INFO]: b'RX:B\x00'
04272019 05:21:52 [INFO]: b'TX:M\x12\x83\xa1a\xce\x00\x89T@\xa1h\x00\xa1o\xce\x01\x12\xa8\x80-----'
04272019 05:21:52 [INFO]: b'RX:B\x00'
04272019 05:21:53 [INFO]: b'TX:M\x15\x84\xa1r\xcd\x06\xf8\xa1e\xcd\x03\xe3\xa1p\xcd\x15\n\xa1t\xcd\x02\x96--'
04272019 05:21:53 [INFO]: b'RX:B\x00'
04272019 05:21:53 [INFO]: b'TX:M\x12\x83\xa1a\xce\x00\x89T@\xa1h\x00\xa1o\xce\x01\x12\xa8\x80-----'
04272019 05:21:53 [INFO]: b'RX:B\x00'
04272019 05:21:53 [INFO]: b'TX:M\x15\x84\xa1r\xcd\x06\xf8\xa1e\xcd\x03\xe3\xa1p\xcd\x15\n\xa1t\xcd\x02\x96--'
04272019 05:21:53 [INFO]: b'RX:B\x00'
04272019 05:21:53 [INFO]: b'TX:M\x12\x83\xa1a\xce\x00\x89T@\xa1h\x00\xa1o\xce\x01\x12\xa8\x80-----'
04272019 05:21:54 [INFO]: b'RX:B\x00'
04272019 05:21:54 [INFO]: b'TX:M\x15\x84\xa1r\xcd\x06\xf8\xa1e\xcd\x03\xe3\xa1p\xcd\x15\t\xa1t\xcd\x02\x96--'
04272019 05:21:54 [INFO]: b'RX:B\x00'
04272019 05:21:54 [INFO]: b'TX:M\x12\x83\xa1a\xce\x00\x89T@\xa1h\x00\xa1o\xce\x01\x12\xa8\x80-----'
04272019 05:21:54 [INFO]: b'RX:B\x00'
04272019 05:21:54 [INFO]: b'TX:M\x15\x84\xa1r\xcd\x06\xf8\xa1e\xcd\x03\xe3\xa1p\xcd\x15\t\xa1t\xcd\x02\x96--'
04272019 05:21:54 [INFO]: b'RX:B\x00'
04272019 05:21:55 [ERROR]: Buffer overflow
04272019 05:21:55 [INFO]: b'TX:M\x15\x84\xa1r\xcd\x06\xfa\xa1e\xcd\x03\xe3\xa1p\xcd\x15\t\xa1t\xcd\x02\x96--'
04272019 05:21:55 [INFO]: b'RX:B\x00'
04272019 05:21:55 [INFO]: b'TX:M\x12\x83\xa1a\xce\x00\x89T@\xa1h\x00\xa1o\xce\x01\x12\xa8\x80-----'
04272019 05:21:55 [INFO]: b'RX:B\x00'
04272019 05:21:55 [INFO]: b'TX:M\x15\x84\xa1r\xcd\x06\xfa\xa1e\xcd\x03\xe3\xa1p\xcd\x15\x0b\xa1t\xcd\x02\x96--'
04272019 05:21:55 [INFO]: b'RX:B\x00'
04272019 05:21:55 [INFO]: b'TX:M\x12\x83\xa1a\xce\x00\x89T@\xa1h\x00\xa1o\xce\x01\x12\xa8\x80-----'
04272019 05:21:56 [INFO]: b'RX:B\x00'
04272019 05:21:56 [INFO]: b'TX:M\x12\x83\xa1a\xce\x00\x89T@\xa1h\x00\xa1o\xce\x01\x12\xa8\x80-----'
04272019 05:21:56 [INFO]: b'RX:B\x00'
04272019 05:21:56 [INFO]: b'TX:M\x15\x84\xa1r\xcd\x06\xfb\xa1e\xcd\x03\xe3\xa1p\xcd\x15\x0b\xa1t\xcd\x02\x96--'
04272019 05:21:56 [INFO]: b'RX:B\x00'
04272019 05:21:56 [INFO]: b'TX:M\x12\x83\xa1a\xce\x00\x89T@\xa1h\x00\xa1o\xce\x01\x12\xa8\x80-----'
04272019 05:21:57 [INFO]: b'RX:B\x00'
04272019 05:21:57 [INFO]: b'TX:M\x15\x84\xa1r\xcd\x06\xfb\xa1e\xcd\x03\xe3\xa1p\xcd\x15\t\xa1t\xcd\x02\x96--'
04272019 05:21:57 [INFO]: b'RX:B\x00'
04272019 05:21:57 [INFO]: b'TX:M\x12\x83\xa1a\xce\x00\x89T@\xa1h\x00\xa1o\xce\x01\x12\xa8\x80-----'
04272019 05:21:57 [INFO]: b'RX:B\x00'
04272019 05:21:57 [INFO]: b'TX:M\x15\x84\xa1r\xcd\x06\xfb\xa1e\xcd\x03\xe3\xa1p\xcd\x15\t\xa1t\xcd\x02\x96--'
04272019 05:21:57 [INFO]: b'RX:B\x00'
04272019 05:21:57 [ERROR]: Buffer overflow
04272019 05:21:57 [INFO]: b'TX:M\x12\x83\xa1a\xce\x00\x89T@\xa1h\x00\xa1o\xce\x01\x12\xa8\x80-----'
04272019 05:21:58 [INFO]: b'RX:B\x00'
04272019 05:21:58 [INFO]: b'TX:M\x15\x84\xa1r\xcd\x06\xf8\xa1e\xcd\x03\xe3\xa1p\xcd\x15\n\xa1t\xcd\x02\x96--'
04272019 05:21:58 [INFO]: b'RX:B\x00'
04272019 05:21:58 [INFO]: b'TX:M\x12\x83\xa1a\xce\x00\x89T@\xa1h\x00\xa1o\xce\x01\x12\xa8\x80-----'
04272019 05:21:58 [INFO]: b'RX:B\x00'
04272019 05:21:58 [INFO]: b'TX:M\x15\x84\xa1r\xcd\x06\xf8\xa1e\xcd\x03\xe3\xa1p\xcd\x15\t\xa1t\xcd\x02\x96--'
04272019 05:21:59 [INFO]: b'TX:M\x12\x83\xa1a\xce\x00\x89T@\xa1h\x00\xa1o\xce\x01\x12\xa8\x80-----'
04272019 05:21:59 [INFO]: b'RX:B\x00'
04272019 05:21:59 [INFO]: b'TX:M\x15\x84\xa1r\xcd\x06\xfa\xa1e\xcd\x03\xe3\xa1p\xcd\x15\t\xa1t\xcd\x02\x96--'
04272019 05:21:59 [INFO]: b'RX:B\x00'
04272019 05:21:59 [INFO]: b'TX:M\x12\x83\xa1a\xce\x00\x89T@\xa1h\x00\xa1o\xce\x01\x12\xa8\x80-----'
04272019 05:21:59 [INFO]: b'RX:B\x00'
04272019 05:22:00 [INFO]: b'TX:M\x15\x84\xa1r\xcd\x06\xfa\xa1e\xcd\x03\xe3\xa1p\xcd\x15\t\xa1t\xcd\x02\x96--'
04272019 05:22:00 [INFO]: b'RX:B\x00'
04272019 05:22:00 [INFO]: b'TX:M\x12\x83\xa1a\xce\x00\x89T@\xa1h\x00\xa1o\xce\x01\x12\xa8\x80-----'
04272019 05:22:00 [INFO]: b'RX:B\x00'
04272019 05:22:00 [INFO]: b'TX:M\x15\x84\xa1r\xcd\x06\xfa\xa1e\xcd\x03\xe3\xa1p\xcd\x15\t\xa1t\xcd\x02\x96--'
04272019 05:22:00 [INFO]: b'RX:B\x00'
04272019 05:22:00 [INFO]: b'TX:M\x12\x83\xa1a\xce\x00\x89T@\xa1h\x00\xa1o\xce\x01\x12\xa8\x80-----'
04272019 05:22:01 [INFO]: b'RX:B\x00'
04272019 05:22:01 [INFO]: b'TX:M\x15\x84\xa1r\xcd\x06\xfa\xa1e\xcd\x03\xe3\xa1p\xcd\x15\n\xa1t\xcd\x02\x96--'
04272019 05:22:01 [INFO]: b'RX:AClick the \xb1'
04272019 05:22:01 [ERROR]: Buffer overflow
04272019 05:22:01 [INFO]: b'TX:M\x12\x83\xa1a\xce\x00\x89T@\xa1h\x00\xa1o\xce\x01\x12\xa8\x80-----'
04272019 05:22:01 [INFO]: b'RX:Abuttons!!'
04272019 05:22:01 [INFO]: b'TX:M\x15\x84\xa1r\xcd\x06\xfa\xa1e\xcd\x03\xe3\xa1p\xcd\x15\n\xa1t\xcd\x02\x96--'
04272019 05:22:01 [INFO]: b'RX:B\x00'
04272019 05:22:02 [INFO]: b'TX:M\x12\x83\xa1a\xce\x00\x89T@\xa1h\x00\xa1o\xce\x01\x12\xa8\x80-----'
04272019 05:22:02 [INFO]: b'RX:B\x00'
04272019 05:22:02 [INFO]: b'TX:M\x15\x84\xa1r\xcd\x06\xf9\xa1e\xcd\x03\xe3\xa1p\xcd\x15\n\xa1t\xcd\x02\x96--'
04272019 05:22:02 [INFO]: b'TX:M\x12\x83\xa1a\xce\x00\x89T@\xa1h\x00\xa1o\xce\x01\x12\xa8\x80-----'
04272019 05:22:02 [INFO]: b'RX:B\x00'
04272019 05:22:02 [INFO]: b'TX:M\x15\x84\xa1r\xcd\x06\xfa\xa1e\xcd\x03\xe3\xa1p\xcd\x15\n\xa1t\xcd\x02\x96--'
04272019 05:22:03 [INFO]: b'RX:B\x00'
04272019 05:22:03 [INFO]: b'TX:M\x12\x83\xa1a\xce\x00\x89T@\xa1h\x00\xa1o\xce\x01\x12\xa8\x80-----'
04272019 05:22:03 [INFO]: b'RX:B\x00'
04272019 05:22:03 [INFO]: b'TX:M\x15\x84\xa1r\xcd\x06\xfa\xa1e\xcd\x03\xe3\xa1p\xcd\x15\n\xa1t\xcd\x02\x96--'
04272019 05:22:03 [INFO]: b'RX:B\x00'
04272019 05:22:03 [INFO]: b'TX:M\x12\x83\xa1a\xce\x00\x89T@\xa1h\x00\xa1o\xce\x01\x12\xa8\x80-----'
04272019 05:22:03 [INFO]: b'RX:B\x00'
04272019 05:22:04 [INFO]: b'TX:M\x15\x84\xa1r\xcd\x06\xfc\xa1e\xcd\x03\xe3\xa1p\xcd\x15\n\xa1t\xcd\x02\x96--'
04272019 05:22:04 [INFO]: b'RX:B\x00'
04272019 05:22:04 [INFO]: b'TX:M\x12\x83\xa1a\xce\x00\x89T@\xa1h\x00\xa1o\xce\x01\x12\xa8\x80-----'
04272019 05:22:04 [INFO]: b'RX:B\x00'
04272019 05:22:04 [INFO]: b'TX:M\x15\x84\xa1r\xcd\x06\xfc\xa1e\xcd\x03\xe3\xa1p\xcd\x15\n\xa1t\xcd\x02\x96--'
04272019 05:22:04 [INFO]: b'RX:B\x00'
04272019 05:22:04 [ERROR]: Buffer overflow
04272019 05:22:04 [INFO]: b'TX:M\x12\x83\xa1a\xce\x00\x89T@\xa1h\x00\xa1o\xce\x01\x12\xa8\x80-----'
04272019 05:22:05 [INFO]: b'RX:B\x00'
04272019 05:22:05 [INFO]: b'TX:M\x15\x84\xa1r\xcd\x06\xfa\xa1e\xcd\x03\xe3\xa1p\xcd\x15\n\xa1t\xcd\x02\x96--'
04272019 05:22:05 [INFO]: b'RX:B\x00'
04272019 05:22:05 [INFO]: b'TX:M\x12\x83\xa1a\xce\x00\x89T@\xa1h\x00\xa1o\xce\x01\x12\xa8\x80-----'
04272019 05:22:05 [INFO]: b'RX:B\x00'
04272019 05:22:05 [INFO]: b'TX:M\x15\x84\xa1r\xcd\x06\xfa\xa1e\xcd\x03\xe3\xa1p\xcd\x15\n\xa1t\xcd\x02\x96--'
04272019 05:22:06 [INFO]: b'RX:B\x00'
04272019 05:22:06 [INFO]: b'TX:M\x12\x83\xa1a\xce\x00\x89T@\xa1h\x00\xa1o\xce\x01\x12\xa8\x80-----'
04272019 05:22:06 [INFO]: b'RX:B\x00'
04272019 05:22:06 [INFO]: b'TX:M\x15\x84\xa1r\xcd\x06\xfb\xa1e\xcd\x03\xe3\xa1p\xcd\x15\n\xa1t\xcd\x02\x96--'
04272019 05:22:06 [INFO]: b'RX:B\x00'
04272019 05:22:06 [INFO]: b'TX:M\x12\x83\xa1a\xce\x00\x89T@\xa1h\x00\xa1o\xce\x01\x12\xa8\x80-----'
04272019 05:22:06 [INFO]: b'RX:B\x00'
04272019 05:22:06 [INFO]: b'TX:M\x15\x84\xa1r\xcd\x06\xfb\xa1e\xcd\x03\xe3\xa1p\xcd\x15\n\xa1t\xcd\x02\x96--'
04272019 05:22:07 [INFO]: b'RX:B\x00'
04272019 05:22:07 [INFO]: b'TX:M\x12\x83\xa1a\xce\x00\x89T@\xa1h\x00\xa1o\xce\x01\x12\xa8\x80-----'
04272019 05:22:07 [INFO]: b'RX:B\x00'
04272019 05:22:07 [INFO]: b'TX:M\x15\x84\xa1r\xcd\x06\xfb\xa1e\xcd\x03\xe3\xa1p\xcd\x15\n\xa1t\xcd\x02\x96--'
04272019 05:22:07 [INFO]: b'RX:B\x00'
04272019 05:22:07 [INFO]: b'TX:M\x12\x83\xa1a\xce\x00\x89T@\xa1h\x00\xa1o\xce\x01\x12\xa8\x80-----'
04272019 05:22:08 [INFO]: b'RX:B\x00'
04272019 05:22:08 [INFO]: b'TX:M\x15\x84\xa1r\xcd\x06\xfa\xa1e\xcd\x03\xe3\xa1p\xcd\x15\n\xa1t\xcd\x02\x96--'
04272019 05:22:08 [INFO]: b'RX:B\x00'
04272019 05:22:08 [ERROR]: Buffer overflow
04272019 05:22:08 [INFO]: b'TX:M\x12\x83\xa1a\xce\x00\x89T@\xa1h\x00\xa1o\xce\x01\x12\xa8\x80-----'
04272019 05:22:08 [INFO]: b'RX:B\x00'
04272019 05:22:08 [INFO]: b'TX:M\x15\x84\xa1r\xcd\x06\xfa\xa1e\xcd\x03\xe3\xa1p\xcd\x15\n\xa1t\xcd\x02\x96--'
04272019 05:22:08 [INFO]: b'RX:B\x00'
04272019 05:22:08 [INFO]: b'TX:M\x12\x83\xa1a\xce\x00\x89T@\xa1h\x00\xa1o\xce\x01\x12\xa8\x80-----'
04272019 05:22:09 [INFO]: b'RX:B\x00'
04272019 05:22:09 [INFO]: b'TX:M\x15\x84\xa1r\xcd\x06\xfb\xa1e\xcd\x03\xe3\xa1p\xcd\x15\t\xa1t\xcd\x02\x96--'
04272019 05:22:09 [INFO]: b'RX:B\x00'
04272019 05:22:09 [INFO]: b'TX:M\x12\x83\xa1a\xce\x00\x89T@\xa1h\x00\xa1o\xce\x01\x12\xa8\x80-----'
04272019 05:22:09 [INFO]: b'RX:B\x00'
04272019 05:22:09 [INFO]: b'TX:M\x15\x84\xa1r\xcd\x06\xfb\xa1e\xcd\x03\xe3\xa1p\xcd\x15\t\xa1t\xcd\x02\x96--'
04272019 05:22:10 [INFO]: b'RX:B\x00'
04272019 05:22:10 [INFO]: b'TX:M\x12\x83\xa1a\xce\x00\x89T@\xa1h\x00\xa1o\xce\x01\x12\xa8\x80-----'
04272019 05:22:10 [INFO]: b'RX:B\x00'
04272019 05:22:10 [INFO]: b'TX:M\x15\x84\xa1r\xcd\x06\xfb\xa1e\xcd\x03\xe3\xa1p\xcd\x15\n\xa1t\xcd\x02\x97--'
04272019 05:22:10 [INFO]: b'RX:B\x00'
04272019 05:22:10 [INFO]: b'TX:M\x12\x83\xa1a\xce\x00\x89T@\xa1h\x00\xa1o\xce\x01\x12\xa8\x80-----'
04272019 05:22:10 [INFO]: b'RX:B\x00'
04272019 05:22:11 [INFO]: b'TX:M\x15\x84\xa1r\xcd\x06\xfa\xa1e\xcd\x03\xe3\xa1p\xcd\x15\n\xa1t\xcd\x02\x97--'
04272019 05:22:11 [INFO]: b'RX:B\x00'
04272019 05:22:11 [ERROR]: Buffer overflow
04272019 05:22:11 [INFO]: b'TX:M\x12\x83\xa1a\xce\x00\x89T@\xa1h\x00\xa1o\xce\x01\x12\xa8\x80-----'
04272019 05:22:11 [INFO]: b'RX:B\x00'
04272019 05:22:11 [INFO]: b'TX:M\x15\x84\xa1r\xcd\x06\xfa\xa1e\xcd\x03\xe3\xa1p\xcd\x15\n\xa1t\xcd\x02\x97--'
04272019 05:22:11 [INFO]: b'RX:B\x00'
04272019 05:22:11 [INFO]: b'TX:M\x12\x83\xa1a\xce\x00\x89T@\xa1h\x00\xa1o\xce\x01\x12\xa8\x80-----'
04272019 05:22:12 [INFO]: b'RX:B\x00'
04272019 05:22:12 [INFO]: b'TX:M\x15\x84\xa1r\xcd\x06\xfd\xa1e\xcd\x03\xe3\xa1p\xcd\x15\t\xa1t\xcd\x02\x97--'
04272019 05:22:12 [INFO]: b'RX:B\x00'
04272019 05:22:12 [INFO]: b'TX:M\x12\x83\xa1a\xce\x00\x89T@\xa1h\x00\xa1o\xce\x01\x12\xa8\x80-----'
04272019 05:22:12 [INFO]: b'RX:B\x00'
04272019 05:22:12 [INFO]: b'TX:M\x15\x84\xa1r\xcd\x06\xfd\xa1e\xcd\x03\xe3\xa1p\xcd\x15\t\xa1t\xcd\x02\x97--'
04272019 05:22:13 [INFO]: b'RX:B\x00'
04272019 05:22:13 [INFO]: b'TX:M\x12\x83\xa1a\xce\x00\x89T@\xa1h\x00\xa1o\xce\x01\x12\xa8\x80-----'
04272019 05:22:13 [INFO]: b'RX:B\x00'
04272019 05:22:13 [INFO]: b'TX:M\x15\x84\xa1r\xcd\x06\xfb\xa1e\xcd\x03\xe3\xa1p\xcd\x15\n\xa1t\xcd\x02\x97--'
04272019 05:22:13 [INFO]: b'RX:B\x00'
04272019 05:22:13 [INFO]: b'TX:M\x12\x83\xa1a\xce\x00\x89T@\xa1h\x00\xa1o\xce\x01\x12\xa8\x80-----'
04272019 05:22:13 [INFO]: b'RX:B\x00'
04272019 05:22:13 [INFO]: b'TX:M\x15\x84\xa1r\xcd\x06\xfb\xa1e\xcd\x03\xe3\xa1p\xcd\x15\n\xa1t\xcd\x02\x97--'
04272019 05:22:14 [INFO]: b'RX:B\x00'
04272019 05:22:14 [INFO]: b'TX:M\x12\x83\xa1a\xce\x00\x89T@\xa1h\x00\xa1o\xce\x01\x12\xa8\x80-----'
04272019 05:22:14 [INFO]: b'RX:B\x00'
04272019 05:22:14 [INFO]: b'TX:M\x15\x84\xa1r\xcd\x06\xfa\xa1e\xcd\x03\xe3\xa1p\xcd\x15\n\xa1t\xcd\x02\x97--'
04272019 05:22:14 [INFO]: b'RX:B\x00'
04272019 05:22:14 [ERROR]: Buffer overflow
04272019 05:22:14 [INFO]: b'TX:M\x12\x83\xa1a\xce\x00\x89T@\xa1h\x00\xa1o\xce\x01\x12\xa8\x80-----'
04272019 05:22:15 [INFO]: b'RX:B\x00'
04272019 05:22:15 [INFO]: b'TX:M\x15\x84\xa1r\xcd\x06\xf9\xa1e\xcd\x03\xe3\xa1p\xcd\x15\n\xa1t\xcd\x02\x97--'
04272019 05:22:15 [INFO]: b'RX:B\x00'
04272019 05:22:15 [INFO]: b'TX:M\x12\x83\xa1a\xce\x00\x89T@\xa1h\x00\xa1o\xce\x01\x12\xa8\x80-----'
04272019 05:22:15 [INFO]: b'RX:B\x00'
04272019 05:22:15 [INFO]: b'TX:M\x15\x84\xa1r\xcd\x06\xf9\xa1e\xcd\x03\xe3\xa1p\xcd\x15\n\xa1t\xcd\x02\x97--'
04272019 05:22:15 [INFO]: b'RX:B\x00'
04272019 05:22:16 [INFO]: b'TX:M\x12\x83\xa1a\xce\x00\x89T@\xa1h\x00\xa1o\xce\x01\x12\xa8\x80-----'
04272019 05:22:16 [INFO]: b'RX:B\x00'
04272019 05:22:16 [INFO]: b'TX:M\x15\x84\xa1r\xcd\x06\xf9\xa1e\xcd\x03\xe3\xa1p\xcd\x15\n\xa1t\xcd\x02\x97--'
04272019 05:22:16 [INFO]: b'RX:B\x00'
04272019 05:22:16 [INFO]: b'TX:M\x12\x83\xa1a\xce\x00\x89T@\xa1h\x00\xa1o\xce\x01\x12\xa8\x80-----'
04272019 05:22:16 [INFO]: b'RX:B\x00'
04272019 05:22:16 [INFO]: b'TX:M\x15\x84\xa1r\xcd\x06\xf9\xa1e\xcd\x03\xe3\xa1p\xcd\x15\n\xa1t\xcd\x02\x97--'
04272019 05:22:17 [INFO]: b'RX:B\x00'
04272019 05:22:17 [INFO]: b'TX:M\x12\x83\xa1a\xce\x00\x89T@\xa1h\x00\xa1o\xce\x01\x12\xa8\x80-----'
04272019 05:22:17 [INFO]: b'RX:B\x00'
04272019 05:22:17 [INFO]: b'TX:M\x15\x84\xa1r\xcd\x06\xf8\xa1e\xcd\x03\xe3\xa1p\xcd\x15\t\xa1t\xcd\x02\x97--'
04272019 05:22:17 [INFO]: b'RX:B\x00'
04272019 05:22:17 [INFO]: b'TX:M\x12\x83\xa1a\xce\x00\x89T@\xa1h\x00\xa1o\xce\x01\x12\xa8\x80-----'
04272019 05:22:17 [INFO]: b'RX:B\x00'
04272019 05:22:18 [ERROR]: Buffer overflow
04272019 05:22:18 [INFO]: b'TX:M\x15\x84\xa1r\xcd\x06\xf8\xa1e\xcd\x03\xe3\xa1p\xcd\x15\n\xa1t\xcd\x02\x97--'
04272019 05:22:18 [INFO]: b'RX:B\x00'
04272019 05:22:18 [INFO]: b'TX:M\x12\x83\xa1a\xce\x00\x89T@\xa1h\x00\xa1o\xce\x01\x12\xa8\x80-----'
04272019 05:22:18 [INFO]: b'RX:B\x00'
04272019 05:22:18 [INFO]: b'TX:M\x15\x84\xa1r\xcd\x06\xf8\xa1e\xcd\x03\xe3\xa1p\xcd\x15\n\xa1t\xcd\x02\x97--'
04272019 05:22:18 [INFO]: b'RX:B\x00'
04272019 05:22:18 [INFO]: b'TX:M\x12\x83\xa1a\xce\x00\x89T@\xa1h\x00\xa1o\xce\x01\x12\xa8\x80-----'
04272019 05:22:19 [INFO]: b'RX:B\x00'
04272019 05:22:19 [INFO]: b'TX:M\x15\x84\xa1r\xcd\x06\xf9\xa1e\xcd\x03\xe3\xa1p\xcd\x15\n\xa1t\xcd\x02\x97--'
04272019 05:22:19 [INFO]: b'RX:B\x00'
04272019 05:22:19 [INFO]: b'TX:M\x12\x83\xa1a\xce\x00\x89T@\xa1h\x00\xa1o\xce\x01\x12\xa8\x80-----'
04272019 05:22:19 [INFO]: b'RX:B\x00'
04272019 05:22:19 [INFO]: b'TX:M\x15\x84\xa1r\xcd\x06\xf9\xa1e\xcd\x03\xe3\xa1p\xcd\x15\n\xa1t\xcd\x02\x97--'
04272019 05:22:20 [INFO]: b'RX:B\x00'
04272019 05:22:20 [INFO]: b'TX:M\x12\x83\xa1a\xce\x00\x89T@\xa1h\x00\xa1o\xce\x01\x12\xa8\x80-----'
04272019 05:22:20 [INFO]: b'RX:B\x00'
04272019 05:22:20 [INFO]: b'TX:M\x15\x84\xa1r\xcd\x06\xfa\xa1e\xcd\x03\xe3\xa1p\xcd\x15\t\xa1t\xcd\x02\x97--'
04272019 05:22:20 [INFO]: b'RX:B\x00'
04272019 05:22:20 [INFO]: b'TX:M\x12\x83\xa1a\xce\x00\x89T@\xa1h\x00\xa1o\xce\x01\x12\xa8\x80-----'
04272019 05:22:21 [INFO]: b'RX:B\x00'
04272019 05:22:21 [INFO]: b'TX:M\x12\x83\xa1a\xce\x00\x89T@\xa1h\x00\xa1o\xce\x01\x12\xa8\x80-----'
04272019 05:22:21 [INFO]: b'RX:B\x00'
04272019 05:22:21 [ERROR]: Buffer overflow
04272019 05:22:21 [INFO]: b'TX:M\x12\x83\xa1a\xce\x00\x89T@\xa1h\x00\xa1o\xce\x01\x12\xa8\x80-----'
04272019 05:22:21 [INFO]: b'RX:B\x00'
04272019 05:22:21 [INFO]: b'TX:M\x15\x84\xa1r\xcd\x06\xfc\xa1e\xcd\x03\xe3\xa1p\xcd\x15\t\xa1t\xcd\x02\x97--'
04272019 05:22:21 [INFO]: b'RX:B\x00'
04272019 05:22:21 [INFO]: b'TX:M\x12\x83\xa1a\xce\x00\x89T@\xa1h\x00\xa1o\xce\x01\x12\xa8\x80-----'
04272019 05:22:22 [INFO]: b'RX:B\x00'
04272019 05:22:22 [INFO]: b'TX:M\x15\x84\xa1r\xcd\x06\xfc\xa1e\xcd\x03\xe3\xa1p\xcd\x15\t\xa1t\xcd\x02\x97--'
04272019 05:22:22 [INFO]: b'RX:B\x00'
04272019 05:22:22 [INFO]: b'TX:M\x12\x83\xa1a\xce\x00\x89T@\xa1h\x00\xa1o\xce\x01\x12\xa8\x80-----'
04272019 05:22:22 [INFO]: b'RX:B\x00'
04272019 05:22:22 [INFO]: b'TX:M\x15\x84\xa1r\xcd\x06\xfa\xa1e\xcd\x03\xe3\xa1p\xcd\x15\n\xa1t\xcd\x02\x97--'
04272019 05:22:23 [INFO]: b'RX:B\x00'
04272019 05:22:23 [INFO]: b'TX:M\x12\x83\xa1a\xce\x00\x89T@\xa1h\x00\xa1o\xce\x01\x12\xa8\x80-----'
04272019 05:22:23 [INFO]: b'RX:B\x00'
04272019 05:22:23 [INFO]: b'TX:M\x15\x84\xa1r\xcd\x06\xfa\xa1e\xcd\x03\xe3\xa1p\xcd\x15\t\xa1t\xcd\x02\x97--'
04272019 05:22:23 [INFO]: b'RX:B\x00'
04272019 05:22:23 [INFO]: b'TX:M\x12\x83\xa1a\xce\x00\x89T@\xa1h\x00\xa1o\xce\x01\x12\xa8\x80-----'
04272019 05:22:23 [INFO]: b'RX:B\x00'
04272019 05:22:23 [INFO]: b'TX:M\x15\x84\xa1r\xcd\x06\xfa\xa1e\xcd\x03\xe3\xa1p\xcd\x15\t\xa1t\xcd\x02\x97--'
04272019 05:22:24 [INFO]: b'RX:B\x00'
04272019 05:22:24 [INFO]: b'TX:M\x12\x83\xa1a\xce\x00\x89T@\xa1h\x00\xa1o\xce\x01\x12\xa8\x80-----'
04272019 05:22:24 [INFO]: b'RX:B\x00'
04272019 05:22:24 [ERROR]: Buffer overflow
04272019 05:22:24 [INFO]: b'TX:M\x12\x83\xa1a\xce\x00\x89T@\xa1h\x00\xa1o\xce\x01\x12\xa8\x80-----'
04272019 05:22:24 [INFO]: b'RX:B\x00'
04272019 05:22:24 [INFO]: b'TX:M\x15\x84\xa1r\xcd\x06\xfb\xa1e\xcd\x03\xe3\xa1p\xcd\x15\t\xa1t\xcd\x02\x97--'
04272019 05:22:25 [INFO]: b'RX:B\x00'
04272019 05:22:25 [INFO]: b'TX:M\x12\x83\xa1a\xce\x00\x89T@\xa1h\x00\xa1o\xce\x01\x12\xa8\x80-----'
04272019 05:22:25 [INFO]: b'RX:B\x00'
04272019 05:22:25 [INFO]: b'TX:M\x15\x84\xa1r\xcd\x06\xfb\xa1e\xcd\x03\xe3\xa1p\xcd\x15\t\xa1t\xcd\x02\x97--'
04272019 05:22:25 [INFO]: b'RX:B\x00'
04272019 05:22:25 [INFO]: b'TX:M\x15\x84\xa1r\xcd\x06\xfe\xa1e\xcd\x03\xe3\xa1p\xcd\x15\x0b\xa1t\xcd\x02\x97--'
04272019 05:22:25 [INFO]: b'RX:B\x00'
04272019 05:22:25 [INFO]: b'TX:M\x12\x83\xa1a\xce\x00\x89T@\xa1h\x00\xa1o\xce\x01\x12\xa8\x80-----'
04272019 05:22:26 [INFO]: b'RX:B\x00'
04272019 05:22:26 [INFO]: b'TX:M\x15\x84\xa1r\xcd\x06\xfe\xa1e\xcd\x03\xe3\xa1p\xcd\x15\x0b\xa1t\xcd\x02\x97--'
04272019 05:22:26 [INFO]: b'RX:B\x00'
04272019 05:22:26 [INFO]: b'TX:M\x12\x83\xa1a\xce\x00\x89T@\xa1h\x00\xa1o\xce\x01\x12\xa8\x80-----'
04272019 05:22:26 [INFO]: b'RX:B\x00'
04272019 05:22:26 [INFO]: b'TX:M\x15\x84\xa1r\xcd\x06\xfb\xa1e\xcd\x03\xe3\xa1p\xcd\x15\n\xa1t\xcd\x02\x97--'
04272019 05:22:27 [INFO]: b'RX:B\x00'
04272019 05:22:27 [INFO]: b'TX:M\x12\x83\xa1a\xce\x00\x89T@\xa1h\x00\xa1o\xce\x01\x12\xa8\x80-----'
04272019 05:22:27 [INFO]: b'RX:B\x00'
04272019 05:22:27 [INFO]: b'TX:M\x15\x84\xa1r\xcd\x06\xfc\xa1e\xcd\x03\xe3\xa1p\xcd\x15\n\xa1t\xcd\x02\x97--'
04272019 05:22:27 [INFO]: b'RX:B\x00'
04272019 05:22:27 [INFO]: b'TX:M\x12\x83\xa1a\xce\x00\x89T@\xa1h\x00\xa1o\xce\x01\x12\xa8\x80-----'
04272019 05:22:27 [INFO]: b'RX:B\x00'
04272019 05:22:27 [ERROR]: Buffer overflow
04272019 05:22:28 [INFO]: b'TX:M\x15\x84\xa1r\xcd\x06\xfb\xa1e\xcd\x03\xe3\xa1p\xcd\x15\n\xa1t\xcd\x02\x97--'
04272019 05:22:28 [INFO]: b'RX:B\x00'
04272019 05:22:28 [INFO]: b'TX:M\x12\x83\xa1a\xce\x00\x89T@\xa1h\x00\xa1o\xce\x01\x12\xa8\x80-----'
04272019 05:22:28 [INFO]: b'RX:B\x00'
04272019 05:22:28 [INFO]: b'TX:M\x15\x84\xa1r\xcd\x06\xfd\xa1e\xcd\x03\xe3\xa1p\xcd\x15\n\xa1t\xcd\x02\x97--'
04272019 05:22:28 [INFO]: b'RX:B\x00'
04272019 05:22:28 [INFO]: b'TX:M\x12\x83\xa1a\xce\x00\x89T@\xa1h\x00\xa1o\xce\x01\x12\xa8\x80-----'
04272019 05:22:29 [INFO]: b'RX:B\x00'
04272019 05:22:29 [INFO]: b'TX:M\x15\x84\xa1r\xcd\x06\xfd\xa1e\xcd\x03\xe3\xa1p\xcd\x15\n\xa1t\xcd\x02\x97--'
04272019 05:22:29 [INFO]: b'RX:B\x00'
04272019 05:22:29 [INFO]: b'TX:M\x12\x83\xa1a\xce\x00\x89T@\xa1h\x00\xa1o\xce\x01\x12\xa8\x80-----'
04272019 05:22:29 [INFO]: b'RX:B\x00'
04272019 05:22:29 [INFO]: b'TX:M\x15\x84\xa1r\xcd\x06\xfc\xa1e\xcd\x03\xe3\xa1p\xcd\x15\n\xa1t\xcd\x02\x97--'
04272019 05:22:29 [INFO]: b'RX:B\x00'
04272019 05:22:30 [INFO]: b'TX:M\x12\x83\xa1a\xce\x00\x89T@\xa1h\x00\xa1o\xce\x01\x12\xa8\x80-----'
04272019 05:22:30 [INFO]: b'RX:B\x00'
04272019 05:22:30 [INFO]: b'TX:M\x15\x84\xa1r\xcd\x06\xfc\xa1e\xcd\x03\xe3\xa1p\xcd\x15\n\xa1t\xcd\x02\x97--'
                                                                                                                                                                                                                                                                                                                                                                                                                                                                                                                                                                                                                                                                                                                                                                                                                                                                                                                                                                                                                                                                                                                                                                                                                                                                                                                                                                                                                                                                                                                                                                                                                                                                                                                                                                                                                                                                                                                                                                                                                                                                                                                                                                                                                                                                                                                                                                                                                                                                                                                                                                                                                                                                                                                                                                                                                                                                                                                                                                                                                                                                                                                                                                                                                                                                                                                                                                                                                                                                                  