04272019 09:29:36 [ERROR]: negative seek position -2
04272019 09:29:36 [INFO]: b'TX:M\x15\x84\xa1r\xcd\x057\xa1p\xcd\x15\x10\xa1t\xcd\x029\xa1e\xcd\x03\xfb--'
04272019 09:29:36 [INFO]: b'TX:M\x15\x84\xa1r\xcd\x057\xa1p\xcd\x15\x10\xa1t\xcd\x029\xa1e\xcd\x03\xfb--'
04272019 09:29:37 [INFO]: b'TX:M\x15\x84\xa1r\xcd\x057\xa1p\xcd\x15\x11\xa1t\xcd\x02:\xa1e\xcd\x03\xfb--'
04272019 09:29:37 [INFO]: b'TX:M\x15\x84\xa1r\xcd\x058\xa1p\xcd\x15\x11\xa1t\xcd\x02:\xa1e\xcd\x03\xfb--'
04272019 09:29:37 [INFO]: b'TX:M\x15\x84\xa1r\xcd\x058\xa1p\xcd\x15\x10\xa1t\xcd\x02:\xa1e\xcd\x03\xfb--'
04272019 09:29:38 [INFO]: b'TX:M\x12\x83\xa1h\x00\xa1a\xce\x00\x89T@\xa1o\xce\x01\x12\xa8\x80-----'
04272019 09:29:38 [INFO]: b'TX:M\x12\x83\xa1h\x00\xa1a\xce\x00\x89T@\xa1o\xce\x01\x12\xa8\x80-----'
04272019 09:29:38 [INFO]: b'TX:M\x12\x83\xa1h\x00\xa1a\xce\x00\x89T@\xa1o\xce\x01\x12\xa8\x80-----'
04272019 09:29:38 [INFO]: b'TX:M\x12\x83\xa1h\x00\xa1a\xce\x00\x89T@\xa1o\xce\x01\x12\xa8\x80-----'
04272019 09:29:39 [INFO]: b'TX:M\x12\x83\xa1h\x00\xa1a\xce\x00\x89T@\xa1o\xce\x01\x12\xa8\x80-----'
04272019 09:29:39 [INFO]: b'TX:M\x15\x84\xa1r\xcd\x059\xa1p\xcd\x15\x10\xa1t\xcd\x02:\xa1e\xcd\x03\xfb--'
04272019 09:29:39 [INFO]: b'TX:M\x15\x84\xa1r\xcd\x058\xa1p\xcd\x15\x11\xa1t\xcd\x02:\xa1e\xcd\x03\xfb--'
04272019 09:29:40 [INFO]: b'TX:M\x12\x83\xa1h\x00\xa1a\xce\x00\x89T@\xa1o\xce\x01\x12\xa8\x80-----'
04272019 09:29:40 [INFO]: b'TX:M\x15\x84\xa1r\xcd\x058\xa1p\xcd\x15\x10\xa1t\xcd\x02:\xa1e\xcd\x03\xfb--'
04272019 09:29:40 [INFO]: b'TX:M\x12\x83\xa1h\x00\xa1a\xce\x00\x89T@\xa1o\xce\x01\x12\xa8\x80-----'
04272019 09:29:40 [INFO]: b'TX:M\x12\x83\xa1h\x00\xa1a\xce\x00\x89T@\xa1o\xce\x01\x12\xa8\x80-----'
04272019 09:29:41 [INFO]: b'TX:M\x15\x84\xa1r\xcd\x059\xa1p\xcd\x15\x10\xa1t\xcd\x02:\xa1e\xcd\x03\xfb--'
04272019 09:29:41 [INFO]: b'TX:M\x15\x84\xa1r\xcd\x059\xa1p\xcd\x15\x10\xa1t\xcd\x02:\xa1e\xcd\x03\xfb--'
04272019 09:29:41 [INFO]: b'TX:M\x12\x83\xa1h\x00\xa1a\xce\x00\x89T@\xa1o\xce\x01\x12\xa8\x80-----'
04272019 09:29:42 [INFO]: b'TX:M\x15\x84\xa1r\xcd\x057\xa1p\xcd\x15\x11\xa1t\xcd\x02:\xa1e\xcd\x03\xfc--'
04272019 09:29:42 [INFO]: b'TX:M\x12\x83\xa1h\x00\xa1a\xce\x00\x89T@\xa1o\xce\x01\x12\xa8\x80-----'
04272019 09:29:42 [INFO]: b'TX:M\x15\x84\xa1r\xcd\x058\xa1p\xcd\x15\x11\xa1t\xcd\x02:\xa1e\xcd\x03\xfb--'
04272019 09:29:43 [INFO]: b'TX:M\x12\x83\xa1h\x00\xa1a\xce\x00\x89T@\xa1o\xce\x01\x12\xa8\x80-----'
04272019 09:29:43 [INFO]: b'TX:M\x15\x84\xa1r\xcd\x058\xa1p\xcd\x15\x10\xa1t\xcd\x02:\xa1e\xcd\x03\xfb--'
04272019 09:29:43 [INFO]: b'TX:M\x12\x83\xa1h\x00\xa1a\xce\x00\x89T@\xa1o\xce\x01\x12\xa8\x80-----'
04272019 09:29:43 [INFO]: b'TX:M\x15\x84\xa1r\xcd\x056\xa1p\xcd\x15\x10\xa1t\xcd\x02:\xa1e\xcd\x03\xfc--'
04272019 09:29:44 [INFO]: b'TX:M\x12\x83\xa1h\x00\xa1a\xce\x00\x89T@\xa1o\xce\x01\x12\xa8\x80-----'
04272019 09:29:44 [INFO]: b'TX:M\x15\x84\xa1r\xcd\x056\xa1p\xcd\x15\x10\xa1t\xcd\x02:\xa1e\xcd\x03\xfc--'
04272019 09:29:44 [INFO]: b'TX:M\x12\x83\xa1h\x00\xa1a\xce\x00\x89T@\xa1o\xce\x01\x12\xa8\x80-----'
04272019 09:29:45 [INFO]: b'TX:M\x15\x84\xa1r\xcd\x059\xa1p\xcd\x15\x10\xa1t\xcd\x02:\xa1e\xcd\x03\xfb--'
04272019 09:29:45 [INFO]: b'TX:M\x12\x83\xa1h\x00\xa1a\xce\x00\x89T@\xa1o\xce\x01\x12\xa8\x80-----'
04272019 09:29:45 [INFO]: b'TX:M\x15\x84\xa1r\xcd\x057\xa1p\xcd\x15\x10\xa1t\xcd\x02:\xa1e\xcd\x03\xfb--'
04272019 09:29:45 [INFO]: b'TX:M\x12\x83\xa1h\x00\xa1a\xce\x00\x89T@\xa1o\xce\x01\x12\xa8\x80-----'
04272019 09:29:46 [INFO]: b'TX:M\x12\x83\xa1h\x00\xa1a\xce\x00\x89T@\xa1o\xce\x01\x12\xa8\x80-----'
04272019 09:29:46 [INFO]: b'TX:M\x15\x84\xa1r\xcd\x057\xa1p\xcd\x15\x10\xa1t\xcd\x02;\xa1e\xcd\x03\xfb--'
04272019 09:29:46 [INFO]: b'TX:M\x12\x83\xa1h\x00\xa1a\xce\x00\x89T@\xa1o\xce\x01\x12\xa8\x80-----'
04272019 09:29:47 [INFO]: b'TX:M\x15\x84\xa1r\xcd\x059\xa1p\xcd\x15\x10\xa1t\xcd\x02;\xa1e\xcd\x03\xfb--'
04272019 09:29:47 [INFO]: b'TX:M\x12\x83\xa1h\x00\xa1a\xce\x00\x89T@\xa1o\xce\x01\x12\xa8\x80-----'
04272019 09:29:47 [INFO]: b'TX:M\x15\x84\xa1r\xcd\x059\xa1p\xcd\x15\x10\xa1t\xcd\x02;\xa1e\xcd\x03\xfb--'
04272019 09:29:48 [INFO]: b'TX:M\x12\x83\xa1h\x00\xa1a\xce\x00\x89T@\xa1o\xce\x01\x12\xa8\x80-----'
04272019 09:29:48 [INFO]: b'TX:M\x15\x84\xa1r\xcd\x059\xa1p\xcd\x15\x10\xa1t\xcd\x02;\xa1e\xcd\x03\xfb--'
04272019 09:29:48 [INFO]: b'TX:M\x15\x84\xa1r\xcd\x059\xa1p\xcd\x15\x0f\xa1t\xcd\x02;\xa1e\xcd\x03\xfb--'
04272019 09:29:49 [INFO]: b'TX:M\x12\x83\xa1h\x00\xa1a\xce\x00\x89T@\xa1o\xce\x01\x12\xa8\x80-----'
04272019 09:29:49 [INFO]: b'TX:M\x15\x84\xa1r\xcd\x05:\xa1p\xcd\x15\x10\xa1t\xcd\x02;\xa1e\xcd\x03\xfb--'
04272019 09:29:49 [ERROR]: Buffer overflow
04272019 09:29:49 [INFO]: b'TX:M\x12\x83\xa1h\x00\xa1a\xce\x00\x89T@\xa1o\xce\x01\x12\xa8\x80-----'
04272019 09:29:50 [INFO]: b'TX:M\x15\x84\xa1r\xcd\x05=\xa1p\xcd\x15\x11\xa1t\xcd\x02;\xa1e\xcd\x03\xfb--'
04272019 09:29:50 [INFO]: b'TX:M\x12\x83\xa1h\x00\xa1a\xce\x00\x89T@\xa1o\xce\x01\x12\xa8\x80-----'
04272019 09:29:50 [INFO]: b'TX:M\x15\x84\xa1r\xcd\x05=\xa1p\xcd\x15\x11\xa1t\xcd\x02<\xa1e\xcd\x03\xfb--'
04272019 09:29:51 [INFO]: b'TX:M\x12\x83\xa1h\x00\xa1a\xce\x00\x89T@\xa1o\xce\x01\x12\xa8\x80-----'
04272019 09:29:51 [INFO]: b'TX:M\x12\x83\xa1h\x00\xa1a\xce\x00\x89T@\xa1o\xce\x01\x12\xa8\x80-----'
04272019 09:29:51 [INFO]: b'TX:M\x15\x84\xa1r\xcd\x05;\xa1p\xcd\x15\x11\xa1t\xcd\x02<\xa1e\xcd\x03\xfb--'
04272019 09:29:51 [INFO]: b'TX:M\x12\x83\xa1h\x00\xa1a\xce\x00\x89T@\xa1o\xce\x01\x12\xa8\x80-----'
04272019 09:29:52 [INFO]: b'TX:M\x15\x84\xa1r\xcd\x05;\xa1p\xcd\x15\x10\xa1t\xcd\x02<\xa1e\xcd\x03\xfb--'
04272019 09:29:52 [INFO]: b'TX:M\x12\x83\xa1h\x00\xa1a\xce\x00\x89T@\xa1o\xce\x01\x12\xa8\x80-----'
04272019 09:29:52 [ERROR]: Buffer overflow
04272019 09:29:52 [INFO]: b'TX:M\x12\x83\xa1h\x00\xa1a\xce\x00\x89T@\xa1o\xce\x01\x12\xa8\x80-----'
04272019 09:29:53 [INFO]: b'TX:M\x15\x84\xa1r\xcd\x05;\xa1p\xcd\x15\x11\xa1t\xcd\x02<\xa1e\xcd\x03\xfb--'
04272019 09:29:53 [INFO]: b'TX:M\x12\x83\xa1h\x00\xa1a\xce\x00\x89T@\xa1o\xce\x01\x12\xa8\x80-----'
04272019 09:29:53 [INFO]: b'TX:M\x15\x84\xa1r\xcd\x05>\xa1p\xcd\x15\x10\xa1t\xcd\x02<\xa1e\xcd\x03\xfb--'
04272019 09:29:53 [INFO]: b'TX:M\x12\x83\xa1h\x00\xa1a\xce\x00\x89T@\xa1o\xce\x01\x12\xa8\x80-----'
04272019 09:29:54 [INFO]: b'TX:M\x15\x84\xa1r\xcd\x05>\xa1p\xcd\x15\x10\xa1t\xcd\x02<\xa1e\xcd\x03\xfb--'
04272019 09:29:54 [INFO]: b'TX:M\x12\x83\xa1h\x00\xa1a\xce\x00\x89T@\xa1o\xce\x01\x12\xa8\x80-----'
04272019 09:29:54 [INFO]: b'TX:M\x15\x84\xa1r\xcd\x05>\xa1p\xcd\x15\x11\xa1t\xcd\x02=\xa1e\xcd\x03\xfb--'
04272019 09:29:55 [INFO]: b'TX:M\x12\x83\xa1h\x00\xa1a\xce\x00\x89T@\xa1o\xce\x01\x12\xa8\x80-----'
04272019 09:29:55 [INFO]: b'TX:M\x15\x84\xa1r\xcd\x05=\xa1p\xcd\x15\x11\xa1t\xcd\x02=\xa1e\xcd\x03\xfb--'
04272019 09:29:55 [INFO]: b'TX:M\x12\x83\xa1h\x00\xa1a\xce\x00\x89T@\xa1o\xce\x01\x12\xa8\x80-----'
04272019 09:29:55 [ERROR]: Buffer overflow
04272019 09:29:55 [INFO]: b'TX:M\x15\x84\xa1r\xcd\x05>\xa1p\xcd\x15\x10\xa1t\xcd\x02=\xa1e\xcd\x03\xfb--'
04272019 09:29:56 [INFO]: b'TX:M\x12\x83\xa1h\x00\xa1a\xce\x00\x89T@\xa1o\xce\x01\x12\xa8\x80-----'
04272019 09:29:56 [INFO]: b'TX:M\x12\x83\xa1h\x00\xa1a\xce\x00\x89T@\xa1o\xce\x01\x12\xa8\x80-----'
04272019 09:29:56 [INFO]: b'TX:M\x15\x84\xa1r\xcd\x05>\xa1p\xcd\x15\x11\xa1t\xcd\x02=\xa1e\xcd\x03\xfb--'
04272019 09:29:57 [INFO]: b'TX:M\x12\x83\xa1h\x00\xa1a\xce\x00\x89T@\xa1o\xce\x01\x12\xa8\x80-----'
04272019 09:29:57 [INFO]: b'TX:M\x15\x84\xa1r\xcd\x05?\xa1p\xcd\x15\x11\xa1t\xcd\x02=\xa1e\xcd\x03\xfb--'
04272019 09:29:57 [INFO]: b'TX:M\x12\x83\xa1h\x00\xa1a\xce\x00\x89T@\xa1o\xce\x01\x12\xa8\x80-----'
04272019 09:29:57 [INFO]: b'TX:M\x15\x84\xa1r\xcd\x05?\xa1p\xcd\x15\x11\xa1t\xcd\x02=\xa1e\xcd\x03\xfb--'
04272019 09:29:58 [INFO]: b'TX:M\x12\x83\xa1h\x00\xa1a\xce\x00\x89T@\xa1o\xce\x01\x12\xa8\x80-----'
04272019 09:29:58 [INFO]: b'TX:M\x15\x84\xa1r\xcd\x05>\xa1p\xcd\x15\x11\xa1t\xcd\x02=\xa1e\xcd\x03\xfb--'
04272019 09:29:58 [INFO]: b'TX:M\x12\x83\xa1h\x00\xa1a\xce\x00\x89T@\xa1o\xce\x01\x12\xa8\x80-----'
04272019 09:29:59 [INFO]: b'TX:M\x15\x84\xa1r\xcd\x05>\xa1p\xcd\x15\x10\xa1t\xcd\x02=\xa1e\xcd\x03\xfb--'
04272019 09:29:59 [ERROR]: Buffer overflow
04272019 09:29:59 [INFO]: b'TX:M\x15\x84\xa1r\xcd\x05>\xa1p\xcd\x15\x11\xa1t\xcd\x02>\xa1e\xcd\x03\xfb--'
04272019 09:29:59 [INFO]: b'TX:M\x12\x83\xa1h\x00\xa1a\xce\x00\x89T@\xa1o\xce\x01\x12\xa8\x80-----'
04272019 09:30:00 [INFO]: b'TX:M\x15\x84\xa1r\xcd\x05>\xa1p\xcd\x15\x10\xa1t\xcd\x02>\xa1e\xcd\x03\xfb--'
04272019 09:30:00 [INFO]: b'TX:M\x12\x83\xa1h\x00\xa1a\xce\x00\x89T@\xa1o\xce\x01\x12\xa8\x80-----'
04272019 09:30:00 [INFO]: b'TX:M\x15\x84\xa1r\xcd\x05@\xa1p\xcd\x15\x10\xa1t\xcd\x02>\xa1e\xcd\x03\xfb--'
04272019 09:30:00 [INFO]: b'TX:M\x12\x83\xa1h\x00\xa1a\xce\x00\x89T@\xa1o\xce\x01\x12\xa8\x80-----'
04272019 09:30:01 [INFO]: b'TX:M\x15\x84\xa1r\xcd\x05>\xa1p\xcd\x15\x10\xa1t\xcd\x02>\xa1e\xcd\x03\xfb--'
04272019 09:30:01 [INFO]: b'TX:M\x12\x83\xa1h\x00\xa1a\xce\x00\x89T@\xa1o\xce\x01\x12\xa8\x80-----'
04272019 09:30:01 [INFO]: b'TX:M\x12\x83\xa1h\x00\xa1a\xce\x00\x89T@\xa1o\xce\x01\x12\xa8\x80-----'
04272019 09:30:02 [INFO]: b'TX:M\x15\x84\xa1r\xcd\x05>\xa1p\xcd\x15\x11\xa1t\xcd\x02>\xa1e\xcd\x03\xfb--'
04272019 09:30:02 [INFO]: b'TX:M\x12\x83\xa1h\x00\xa1a\xce\x00\x89T@\xa1o\xce\x01\x12\xa8\x80-----'
04272019 09:30:02 [ERROR]: Buffer overflow
04272019 09:30:02 [INFO]: b'TX:M\x15\x84\xa1r\xcd\x05@\xa1p\xcd\x15\x10\xa1t\xcd\x02?\xa1e\xcd\x03\xfb--'
04272019 09:30:02 [INFO]: b'TX:M\x12\x83\xa1h\x00\xa1a\xce\x00\x89T@\xa1o\xce\x01\x12\xa8\x80-----'
04272019 09:30:03 [INFO]: b'TX:M\x15\x84\xa1r\xcd\x05@\xa1p\xcd\x15\x10\xa1t\xcd\x02?\xa1e\xcd\x03\xfb--'
04272019 09:30:03 [INFO]: b'TX:M\x12\x83\xa1h\x00\xa1a\xce\x00\x89T@\xa1o\xce\x01\x12\xa8\x80-----'
04272019 09:30:03 [INFO]: b'TX:M\x15\x84\xa1r\xcd\x05B\xa1p\xcd\x15\x11\xa1t\xcd\x02?\xa1e\xcd\x03\xfb--'
04272019 09:30:04 [INFO]: b'TX:M\x15\x84\xa1r\xcd\x05B\xa1p\xcd\x15\x11\xa1t\xcd\x02?\xa1e\xcd\x03\xfb--'
04272019 09:30:04 [INFO]: b'TX:M\x12\x83\xa1h\x00\xa1a\xce\x00\x89T@\xa1o\xce\x01\x12\xa8\x80-----'
04272019 09:30:04 [INFO]: b'TX:M\x12\x83\xa1h\x00\xa1a\xce\x00\x89T@\xa1o\xce\x01\x12\xa8\x80-----'
04272019 09:30:05 [INFO]: b'TX:M\x15\x84\xa1r\xcd\x05A\xa1p\xcd\x15\x10\xa1t\xcd\x02?\xa1e\xcd\x03\xfb--'
04272019 09:30:06 [INFO]: b'TX:M\x15\x84\xa1r\xcd\x05B\xa1p\xcd\x15\x10\xa1t\xcd\x02?\xa1e\xcd\x03\xfb--'
04272019 09:30:06 [INFO]: b'TX:M\x12\x83\xa1h\x00\xa1a\xce\x00\x89T@\xa1o\xce\x01\x12\xa8\x80-----'
04272019 09:30:06 [ERROR]: Buffer overflow
04272019 09:30:06 [INFO]: b'TX:M\x12\x83\xa1h\x00\xa1a\xce\x00\x89T@\xa1o\xce\x01\x12\xa8\x80-----'
04272019 09:30:06 [INFO]: b'TX:M\x15\x84\xa1r\xcd\x05D\xa1p\xcd\x15\x11\xa1t\xcd\x02@\xa1e\xcd\x03\xfb--'
04272019 09:30:07 [INFO]: b'TX:M\x12\x83\xa1h\x00\xa1a\xce\x00\x89T@\xa1o\xce\x01\x12\xa8\x80-----'
04272019 09:30:07 [INFO]: b'TX:M\x15\x84\xa1r\xcd\x05C\xa1p\xcd\x15\x11\xa1t\xcd\x02@\xa1e\xcd\x03\xfb--'
04272019 09:30:07 [INFO]: b'TX:M\x12\x83\xa1h\x00\xa1a\xce\x00\x89T@\xa1o\xce\x01\x12\xa8\x80-----'
04272019 09:30:08 [INFO]: b'TX:M\x15\x84\xa1r\xcd\x05C\xa1p\xcd\x15\x10\xa1t\xcd\x02@\xa1e\xcd\x03\xfb--'
04272019 09:30:08 [INFO]: b'TX:M\x12\x83\xa1h\x00\xa1a\xce\x00\x89T@\xa1o\xce\x01\x12\xa8\x80-----'
04272019 09:30:08 [INFO]: b'TX:M\x15\x84\xa1r\xcd\x05B\xa1p\xcd\x15\x10\xa1t\xcd\x02@\xa1e\xcd\x03\xfb--'
04272019 09:30:08 [INFO]: b'TX:M\x12\x83\xa1h\x00\xa1a\xce\x00\x89T@\xa1o\xce\x01\x12\xa8\x80-----'
04272019 09:30:09 [INFO]: b'TX:M\x15\x84\xa1r\xcd\x05D\xa1p\xcd\x15\x10\xa1t\xcd\x02@\xa1e\xcd\x03\xfb--'
04272019 09:30:09 [INFO]: b'TX:M\x12\x83\xa1h\x00\xa1a\xce\x00\x89T@\xa1o\xce\x01\x12\xa8\x80-----'
04272019 09:30:09 [INFO]: b'TX:M\x15\x84\xa1r\xcd\x05D\xa1p\xcd\x15\x11\xa1t\xcd\x02@\xa1e\xcd\x03\xfb--'
04272019 09:30:10 [ERROR]: Buffer overflow
04272019 09:30:10 [INFO]: b'TX:M\x15\x84\xa1r\xcd\x05D\xa1p\xcd\x15\x0f\xa1t\xcd\x02A\xa1e\xcd\x03\xfb--'
04272019 09:30:10 [INFO]: b'TX:M\x12\x83\xa1h\x00\xa1a\xce\x00\x89T@\xa1o\xce\x01\x12\xa8\x80-----'
04272019 09:30:10 [INFO]: b'TX:M\x15\x84\xa1r\xcd\x05D\xa1p\xcd\x15\x10\xa1t\xcd\x02A\xa1e\xcd\x03\xfb--'
04272019 09:30:11 [INFO]: b'TX:M\x12\x83\xa1h\x00\xa1a\xce\x00\x89T@\xa1o\xce\x01\x12\xa8\x80-----'
04272019 09:30:11 [INFO]: b'TX:M\x12\x83\xa1h\x00\xa1a\xce\x00\x89T@\xa1o\xce\x01\x12\xa8\x80-----'
04272019 09:30:11 [INFO]: b'TX:M\x15\x84\xa1r\xcd\x05F\xa1p\xcd\x15\x10\xa1t\xcd\x02A\xa1e\xcd\x03\xfb--'
04272019 09:30:12 [INFO]: b'TX:M\x12\x83\xa1h\x00\xa1a\xce\x00\x89T@\xa1o\xce\x01\x12\xa8\x80-----'
04272019 09:30:12 [INFO]: b'TX:M\x15\x84\xa1r\xcd\x05F\xa1p\xcd\x15\x10\xa1t\xcd\x02A\xa1e\xcd\x03\xfb--'
04272019 09:30:12 [INFO]: b'TX:M\x12\x83\xa1h\x00\xa1a\xce\x00\x89T@\xa1o\xce\x01\x12\xa8\x80-----'
04272019 09:30:12 [INFO]: b'TX:M\x15\x84\xa1r\xcd\x05E\xa1p\xcd\x15\x10\xa1t\xcd\x02A\xa1e\xcd\x03\xfb--'
04272019 09:30:13 [ERROR]: Buffer overflow
04272019 09:30:13 [INFO]: b'TX:M\x12\x83\xa1h\x00\xa1a\xce\x00\x89T@\xa1o\xce\x01\x12\xa8\x80-----'
04272019 09:30:13 [INFO]: b'TX:M\x15\x84\xa1r\xcd\x05F\xa1p\xcd\x15\x10\xa1t\xcd\x02A\xa1e\xcd\x03\xfb--'
04272019 09:30:13 [INFO]: b'TX:M\x12\x83\xa1h\x00\xa1a\xce\x00\x89T@\xa1o\xce\x01\x12\xa8\x80-----'
04272019 09:30:14 [INFO]: b'TX:M\x15\x84\xa1r\xcd\x05F\xa1p\xcd\x15\x10\xa1t\xcd\x02B\xa1e\xcd\x03\xfb--'
04272019 09:30:14 [INFO]: b'TX:M\x12\x83\xa1h\x00\xa1a\xce\x00\x89T@\xa1o\xce\x01\x12\xa8\x80-----'
04272019 09:30:14 [INFO]: b'TX:M\x15\x84\xa1r\xcd\x05E\xa1p\xcd\x15\x10\xa1t\xcd\x02B\xa1e\xcd\x03\xfb--'
04272019 09:30:14 [INFO]: b'TX:M\x12\x83\xa1h\x00\xa1a\xce\x00\x89T@\xa1o\xce\x01\x12\xa8\x80-----'
04272019 09:30:15 [INFO]: b'TX:M\x15\x84\xa1r\xcd\x05E\xa1p\xcd\x15\x10\xa1t\xcd\x02B\xa1e\xcd\x03\xfb--'
04272019 09:30:15 [INFO]: b'TX:M\x15\x84\xa1r\xcd\x05F\xa1p\xcd\x15\x11\xa1t\xcd\x02B\xa1e\xcd\x03\xfb--'
04272019 09:30:15 [INFO]: b'TX:M\x12\x83\xa1h\x00\xa1a\xce\x00\x89T@\xa1o\xce\x01\x12\xa8\x80-----'
04272019 09:30:16 [INFO]: b'TX:M\x15\x84\xa1r\xcd\x05F\xa1p\xcd\x15\x11\xa1t\xcd\x02B\xa1e\xcd\x03\xfb--'
04272019 09:30:16 [ERROR]: Buffer overflow
04272019 09:30:16 [INFO]: b'TX:M\x15\x84\xa1r\xcd\x05H\xa1p\xcd\x15\x10\xa1t\xcd\x02B\xa1e\xcd\x03\xfb--'
04272019 09:30:16 [INFO]: b'TX:M\x12\x83\xa1h\x00\xa1a\xce\x00\x89T@\xa1o\xce\x01\x12\xa8\x80-----'
04272019 09:30:17 [INFO]: b'TX:M\x15\x84\xa1r\xcd\x05G\xa1p\xcd\x15\x10\xa1t\xcd\x02C\xa1e\xcd\x03\xfb--'
04272019 09:30:17 [INFO]: b'TX:M\x12\x83\xa1h\x00\xa1a\xce\x00\x89T@\xa1o\xce\x01\x12\xa8\x80-----'
04272019 09:30:17 [INFO]: b'TX:M\x15\x84\xa1r\xcd\x05H\xa1p\xcd\x15\x10\xa1t\xcd\x02C\xa1e\xcd\x03\xfb--'
04272019 09:30:17 [INFO]: b'TX:M\x12\x83\xa1h\x00\xa1a\xce\x00\x89T@\xa1o\xce\x01\x12\xa8\x80-----'
04272019 09:30:18 [INFO]: b'TX:M\x15\x84\xa1r\xcd\x05H\xa1p\xcd\x15\x11\xa1t\xcd\x02C\xa1e\xcd\x03\xfb--'
04272019 09:30:18 [INFO]: b'TX:M\x12\x83\xa1h\x00\xa1a\xce\x00\x89T@\xa1o\xce\x01\x12\xa8\x80-----'
04272019 09:30:18 [INFO]: b'TX:M\x15\x84\xa1r\xcd\x05I\xa1p\xcd\x15\x11\xa1t\xcd\x02C\xa1e\xcd\x03\xfb--'
04272019 09:30:19 [INFO]: b'TX:M\x12\x83\xa1h\x00\xa1a\xce\x00\x89T@\xa1o\xce\x01\x12\xa8\x80-----'
04272019 09:30:19 [INFO]: b'TX:M\x15\x84\xa1r\xcd\x05I\xa1p\xcd\x15\x10\xa1t\xcd\x02C\xa1e\xcd\x03\xfb--'
04272019 09:30:19 [ERROR]: Buffer overflow
04272019 09:30:19 [INFO]: b'TX:M\x12\x83\xa1h\x00\xa1a\xce\x00\x89T@\xa1o\xce\x01\x12\xa8\x80-----'
04272019 09:30:20 [INFO]: b'TX:M\x15\x84\xa1r\xcd\x05J\xa1p\xcd\x15\x10\xa1t\xcd\x02C\xa1e\xcd\x03\xfb--'
04272019 09:30:20 [INFO]: b'TX:M\x12\x83\xa1h\x00\xa1a\xce\x00\x89T@\xa1o\xce\x01\x12\xa8\x80-----'
04272019 09:30:20 [INFO]: b'TX:M\x15\x84\xa1r\xcd\x05J\xa1p\xcd\x15\x10\xa1t\xcd\x02C\xa1e\xcd\x03\xfb--'
04272019 09:30:21 [INFO]: b'TX:M\x12\x83\xa1h\x00\xa1a\xce\x00\x89T@\xa1o\xce\x01\x12\xa8\x80-----'
04272019 09:30:21 [INFO]: b'TX:M\x15\x84\xa1r\xcd\x05J\xa1p\xcd\x15\x10\xa1t\xcd\x02D\xa1e\xcd\x03\xfb--'
04272019 09:30:21 [INFO]: b'TX:M\x12\x83\xa1h\x00\xa1a\xce\x00\x89T@\xa1o\xce\x01\x12\xa8\x80-----'
04272019 09:30:22 [INFO]: b'TX:M\x15\x84\xa1r\xcd\x05J\xa1p\xcd\x15\x10\xa1t\xcd\x02D\xa1e\xcd\x03\xfb--'
04272019 09:30:22 [INFO]: b'TX:M\x12\x83\xa1h\x00\xa1a\xce\x00\x89T@\xa1o\xce\x01\x12\xa8\x80-----'
04272019 09:30:22 [INFO]: b'TX:M\x15\x84\xa1r\xcd\x05J\xa1p\xcd\x15\x10\xa1t\xcd\x02D\xa1e\xcd\x03\xfb--'
04272019 09:30:22 [ERROR]: Buffer overflow
04272019 09:30:22 [INFO]: b'TX:M\x12\x83\xa1h\x00\xa1a\xce\x00\x89T@\xa1o\xce\x01\x12\xa8\x80-----'
04272019 09:30:23 [INFO]: b'TX:M\x15\x84\xa1r\xcd\x05K\xa1p\xcd\x15\x10\xa1t\xcd\x02D\xa1e\xcd\x03\xfa--'
04272019 09:30:23 [INFO]: b'TX:M\x12\x83\xa1h\x00\xa1a\xce\x00\x89T@\xa1o\xce\x01\x12\xa8\x80-----'
04272019 09:30:23 [INFO]: b'TX:M\x15\x84\xa1r\xcd\x05K\xa1p\xcd\x15\x10\xa1t\xcd\x02D\xa1e\xcd\x03\xfa--'
04272019 09:30:24 [INFO]: b'TX:M\x12\x83\xa1h\x00\xa1a\xce\x00\x89T@\xa1o\xce\x01\x12\xa8\x80-----'
04272019 09:30:24 [INFO]: b'TX:M\x15\x84\xa1r\xcd\x05L\xa1p\xcd\x15\x10\xa1t\xcd\x02D\xa1e\xcd\x03\xfa--'
04272019 09:30:24 [INFO]: b'TX:M\x12\x83\xa1h\x00\xa1a\xce\x00\x89T@\xa1o\xce\x01\x12\xa8\x80-----'
04272019 09:30:24 [INFO]: b'TX:M\x15\x84\xa1r\xcd\x05M\xa1p\xcd\x15\x10\xa1t\xcd\x02D\xa1e\xcd\x03\xfa--'
04272019 09:30:25 [INFO]: b'TX:M\x12\x83\xa1h\x00\xa1a\xce\x00\x89T@\xa1o\xce\x01\x12\xa8\x80-----'
04272019 09:30:25 [INFO]: b'TX:M\x15\x84\xa1r\xcd\x05M\xa1p\xcd\x15\x10\xa1t\xcd\x02E\xa1e\xcd\x03\xfa--'
04272019 09:30:25 [INFO]: b'TX:M\x12\x83\xa1h\x00\xa1a\xce\x00\x89T@\xa1o\xce\x01\x12\xa8\x80-----'
04272019 09:30:26 [ERROR]: Buffer overflow
04272019 09:30:26 [INFO]: b'TX:M\x15\x84\xa1r\xcd\x05L\xa1p\xcd\x15\x10\xa1t\xcd\x02E\xa1e\xcd\x03\xfa--'
04272019 09:30:26 [INFO]: b'TX:M\x12\x83\xa1h\x00\xa1a\xce\x00\x89T@\xa1o\xce\x01\x12\xa8\x80-----'
04272019 09:30:26 [INFO]: b'TX:M\x15\x84\xa1r\xcd\x05L\xa1p\xcd\x15\x11\xa1t\xcd\x02E\xa1e\xcd\x03\xfa--'
04272019 09:30:27 [INFO]: b'TX:M\x12\x83\xa1h\x00\xa1a\xce\x00\x89T@\xa1o\xce\x01\x12\xa8\x80-----'
04272019 09:30:27 [INFO]: b'TX:M\x15\x84\xa1r\xcd\x05L\xa1p\xcd\x15\x11\xa1t\xcd\x02E\xa1e\xcd\x03\xfa--'
04272019 09:30:27 [INFO]: b'TX:M\x12\x83\xa1h\x00\xa1a\xce\x00\x89T@\xa1o\xce\x01\x12\xa8\x80-----'
04272019 09:30:27 [INFO]: b'TX:M\x15\x84\xa1r\xcd\x05L\xa1p\xcd\x15\x11\xa1t\xcd\x02E\xa1e\xcd\x03\xfa--'
04272019 09:30:28 [INFO]: b'TX:M\x12\x83\xa1h\x00\xa1a\xce\x00\x89T@\xa1o\xce\x01\x12\xa8\x80-----'
04272019 09:30:28 [INFO]: b'TX:M\x15\x84\xa1r\xcd\x05M\xa1p\xcd\x15\x11\xa1t\xcd\x02F\xa1e\xcd\x03\xfa--'
04272019 09:30:28 [INFO]: b'TX:M\x15\x84\xa1r\xcd\x05O\xa1p\xcd\x15\x11\xa1t\xcd\x02F\xa1e\xcd\x03\xfa--'
04272019 09:30:29 [INFO]: b'TX:M\x12\x83\xa1h\x00\xa1a\xce\x00\x89T@\xa1o\xce\x01\x12\xa8\x80-----'
04272019 09:30:29 [ERROR]: Buffer overflow
04272019 09:30:29 [INFO]: b'TX:M\x12\x83\xa1h\x00\xa1a\xce\x00\x89T@\xa1o\xce\x01\x12\xa8\x80-----'
04272019 09:30:29 [INFO]: b'TX:M\x15\x84\xa1r\xcd\x05O\xa1p\xcd\x15\x10\xa1t\xcd\x02F\xa1e\xcd\x03\xfa--'
04272019 09:30:29 [INFO]: b'TX:M\x12\x83\xa1h\x00\xa1a\xce\x00\x89T@\xa1o\xce\x01\x12\xa8\x80-----'
04272019 09:30:30 [INFO]: b'TX:M\x15\x84\xa1r\xcd\x05N\xa1p\xcd\x15\x10\xa1t\xcd\x02F\xa1e\xcd\x03\xfa--'
04272019 09:30:30 [INFO]: b'TX:M\x12\x83\xa1h\x00\xa1a\xce\x00\x89T@\xa1o\xce\x01\x12\xa8\x80-----'
04272019 09:30:30 [INFO]: b'TX:M\x15\x84\xa1r\xcd\x05N\xa1p\xcd\x15\x11\xa1t\xcd\x02F\xa1e\xcd\x03\xfa--'
04272019 09:30:31 [INFO]: b'TX:M\x12\x83\xa1h\x00\xa1a\xce\x00\x89T@\xa1o\xce\x01\x12\xa8\x80-----'
04272019 09:30:31 [INFO]: b'TX:M\x15\x84\xa1r\xcd\x05P\xa1p\xcd\x15\x11\xa1t\xcd\x02F\xa1e\xcd\x03\xfa--'
04272019 09:30:31 [INFO]: b'TX:M\x12\x83\xa1h\x00\xa1a\xce\x00\x89T@\xa1o\xce\x01\x12\xa8\x80-----'
04272019 09:30:31 [INFO]: b'TX:M\x15\x84\xa1r\xcd\x05Q\xa1p\xcd\x15\x10\xa1t\xcd\x02F\xa1e\xcd\x03\xfa--'
04272019 09:30:32 [INFO]: b'TX:M\x12\x83\xa1h\x00\xa1a\xce\x00\x89T@\xa1o\xce\x01\x12\xa8\x80-----'
04272019 09:30:32 [ERROR]: Buffer overflow
04272019 09:30:32 [INFO]: b'TX:M\x12\x83\xa1h\x00\xa1a\xce\x00\x89T@\xa1o\xce\x01\x12\xa8\x80-----'
04272019 09:30:32 [INFO]: b'TX:M\x15\x84\xa1r\xcd\x05R\xa1p\xcd\x15\x10\xa1t\xcd\x02G\xa1e\xcd\x03\xfa--'
04272019 09:30:33 [INFO]: b'TX:M\x12\x83\xa1h\x00\xa1a\xce\x00\x89T@\xa1o\xce\x01\x12\xa8\x80-----'
04272019 09:30:33 [INFO]: b'TX:M\x15\x84\xa1r\xcd\x05R\xa1p\xcd\x15\x10\xa1t\xcd\x02G\xa1e\xcd\x03\xfa--'
04272019 09:30:33 [INFO]: b'TX:M\x12\x83\xa1h\x00\xa1a\xce\x00\x89T@\xa1o\xce\x01\x12\xa8\x80-----'
04272019 09:30:34 [INFO]: b'TX:M\x15\x84\xa1r\xcd\x05R\xa1p\xcd\x15\x11\xa1t\xcd\x02G\xa1e\xcd\x03\xfa--'
04272019 09:30:34 [INFO]: b'TX:M\x15\x84\xa1r\xcd\x05R\xa1p\xcd\x15\x11\xa1t\xcd\x02G\xa1e\xcd\x03\xfa--'
04272019 09:30:34 [INFO]: b'TX:M\x12\x83\xa1h\x00\xa1a\xce\x00\x89T@\xa1o\xce\x01\x12\xa8\x80-----'
04272019 09:30:34 [INFO]: b'TX:M\x15\x84\xa1r\xcd\x05R\xa1p\xcd\x15\x10\xa1t\xcd\x02G\xa1e\xcd\x03\xfa--'
04272019 09:30:35 [INFO]: b'TX:M\x12\x83\xa1h\x00\xa1a\xce\x00\x89T@\xa1o\xce\x01\x12\xa8\x80-----'
04272019 09:30:35 [INFO]: b'TX:M\x15\x84\xa1r\xcd\x05R\xa1p\xcd\x15\x10\xa1t\xcd\x02G\xa1e\xcd\x03\xfa--'
04272019 09:30:35 [INFO]: b'TX:M\x12\x83\xa1h\x00\xa1a\xce\x00\x89T@\xa1o\xce\x01\x12\xa8\x80-----'
04272019 09:30:35 [ERROR]: Buffer overflow
04272019 09:30:36 [INFO]: b'TX:M\x15\x84\xa1r\xcd\x05S\xa1p\xcd\x15\x11\xa1t\xcd\x02H\xa1e\xcd\x03\xfa--'
04272019 09:30:36 [INFO]: b'TX:M\x12\x83\xa1h\x00\xa1a\xce\x00\x89T@\xa1o\xce\x01\x12\xa8\x80-----'
04272019 09:30:36 [INFO]: b'TX:M\x15\x84\xa1r\xcd\x05S\xa1p\xcd\x15\x10\xa1t\xcd\x02H\xa1e\xcd\x03\xfa--'
04272019 09:30:36 [INFO]: b'TX:M\x12\x83\xa1h\x00\xa1a\xce\x00\x89T@\xa1o\xce\x01\x12\xa8\x80-----'
04272019 09:30:37 [INFO]: b'TX:M\x15\x84\xa1r\xcd\x05S\xa1p\xcd\x15\x10\xa1t\xcd\x02H\xa1e\xcd\x03\xfa--'
04272019 09:30:37 [INFO]: b'TX:M\x12\x83\xa1h\x00\xa1a\xce\x00\x89T@\xa1o\xce\x01\x12\xa8\x80-----'
04272019 09:30:37 [INFO]: b'TX:M\x15\x84\xa1r\xcd\x05S\xa1p\xcd\x15\x11\xa1t\xcd\x02H\xa1e\xcd\x03\xfa--'
04272019 09:30:38 [INFO]: b'TX:M\x12\x83\xa1h\x00\xa1a\xce\x00\x89T@\xa1o\xce\x01\x12\xa8\x80-----'
04272019 09:30:38 [INFO]: b'TX:M\x15\x84\xa1r\xcd\x05T\xa1p\xcd\x15\x11\xa1t\xcd\x02H\xa1e\xcd\x03\xfa--'
04272019 09:30:38 [INFO]: b'TX:M\x12\x83\xa1h\x00\xa1a\xce\x00\x89T@\xa1o\xce\x01\x12\xa8\x80-----'
04272019 09:30:38 [ERROR]: Buffer overflow
04272019 09:30:38 [INFO]: b'TX:M\x12\x83\xa1h\x00\xa1a\xce\x00\x89T@\xa1o\xce\x01\x12\xa8\x80-----'
04272019 09:30:39 [INFO]: b'TX:M\x15\x84\xa1r\xcd\x05U\xa1p\xcd\x15\x11\xa1t\xcd\x02I\xa1e\xcd\x03\xfa--'
04272019 09:30:39 [INFO]: b'TX:M\x15\x84\xa1r\xcd\x05S\xa1p\xcd\x15\x11\xa1t\xcd\x02I\xa1e\xcd\x03\xfa--'
04272019 09:30:39 [INFO]: b'TX:M\x12\x83\xa1h\x00\xa1a\xce\x00\x89T@\xa1o\xce\x01\x12\xa8\x80-----'
04272019 09:30:40 [INFO]: b'TX:M\x15\x84\xa1r\xcd\x05T\xa1p\xcd\x15\x11\xa1t\xcd\x02I\xa1e\xcd\x03\xfa--'
04272019 09:30:40 [INFO]: b'TX:M\x12\x83\xa1h\x00\xa1a\xce\x00\x89T@\xa1o\xce\x01\x12\xa8\x80-----'
04272019 09:30:40 [INFO]: b'TX:M\x15\x84\xa1r\xcd\x05T\xa1p\xcd\x15\x11\xa1t\xcd\x02I\xa1e\xcd\x03\xfa--'
04272019 09:30:40 [INFO]: b'TX:M\x12\x83\xa1h\x00\xa1a\xce\x00\x89T@\xa1o\xce\x01\x12\xa8\x80-----'
04272019 09:30:41 [ERROR]: Buffer overflow
04272019 09:30:41 [INFO]: b'TX:M\x12\x83\xa1h\x00\xa1a\xce\x00\x89T@\xa1o\xce\x01\x12\xa8\x80-----'
04272019 09:30:41 [INFO]: b'TX:M\x15\x84\xa1r\xcd\x05V\xa1p\xcd\x15\x10\xa1t\xcd\x02I\xa1e\xcd\x03\xfa--'
04272019 09:30:41 [INFO]: b'TX:M\x12\x83\xa1h\x00\xa1a\xce\x00\x89T@\xa1o\xce\x01\x12\xa8\x80-----'
04272019 09:30:42 [INFO]: b'TX:M\x15\x84\xa1r\xcd\x05V\xa1p\xcd\x15\x10\xa1t\xcd\x02J\xa1e\xcd\x03\xfa--'
04272019 09:30:42 [INFO]: b'TX:M\x12\x83\xa1h\x00\xa1a\xce\x00\x89T@\xa1o\xce\x01\x12\xa8\x80-----'
04272019 09:30:42 [INFO]: b'TX:M\x15\x84\xa1r\xcd\x05V\xa1p\xcd\x15\x10\xa1t\xcd\x02J\xa1e\xcd\x03\xfa--'
04272019 09:30:42 [INFO]: b'TX:M\x12\x83\xa1h\x00\xa1a\xce\x00\x89T@\xa1o\xce\x01\x12\xa8\x80-----'
04272019 09:30:43 [INFO]: b'TX:M\x15\x84\xa1r\xcd\x05V\xa1p\xcd\x15\x11\xa1t\xcd\x02J\xa1e\xcd\x03\xfa--'
04272019 09:30:43 [INFO]: b'TX:M\x12\x83\xa1h\x00\xa1a\xce\x00\x89T@\xa1o\xce\x01\x12\xa8\x80-----'
04272019 09:30:43 [INFO]: b'TX:M\x15\x84\xa1r\xcd\x05U\xa1p\xcd\x15\x11\xa1t\xcd\x02J\xa1e\xcd\x03\xfa--'
04272019 09:30:44 [INFO]: b'TX:M\x12\x83\xa1h\x00\xa1a\xce\x00\x89T@\xa1o\xce\x01\x12\xa8\x80-----'
04272019 09:30:44 [INFO]: b'TX:M\x15\x84\xa1r\xcd\x05W\xa1p\xcd\x15\x11\xa1t\xcd\x02J\xa1e\xcd\x03\xfa--'
04272019 09:30:44 [ERROR]: Buffer overflow
04272019 09:30:44 [INFO]: b'TX:M\x15\x84\xa1r\xcd\x05X\xa1p\xcd\x15\x11\xa1t\xcd\x02J\xa1e\xcd\x03\xfa--'
04272019 09:30:44 [INFO]: b'TX:M\x12\x83\xa1h\x00\xa1a\xce\x00\x89T@\xa1o\xce\x01\x12\xa8\x80-----'
04272019 09:30:45 [INFO]: b'TX:M\x12\x83\xa1h\x00\xa1a\xce\x00\x89T@\xa1o\xce\x01\x12\xa8\x80-----'
04272019 09:30:45 [INFO]: b'TX:M\x12\x83\xa1h\x00\xa1a\xce\x00\x89T@\xa1o\xce\x01\x12\xa8\x80-----'
04272019 09:30:45 [INFO]: b'TX:M\x12\x83\xa1h\x00\xa1a\xce\x00\x89T@\xa1o\xce\x01\x12\xa8\x80-----'
04272019 09:30:46 [INFO]: b'TX:M\x15\x84\xa1r\xcd\x05X\xa1p\xcd\x15\x11\xa1t\xcd\x02K\xa1e\xcd\x03\xfa--'
04272019 09:30:46 [INFO]: b'TX:M\x12\x83\xa1h\x00\xa1a\xce\x00\x89T@\xa1o\xce\x01\x12\xa8\x80-----'
04272019 09:30:46 [INFO]: b'TX:M\x15\x84\xa1r\xcd\x05W\xa1p\xcd\x15\x11\xa1t\xcd\x02K\xa1e\xcd\x03\xfa--'
04272019 09:30:46 [INFO]: b'TX:M\x12\x83\xa1h\x00\xa1a\xce\x00\x89T@\xa1o\xce\x01\x12\xa8\x80-----'
04272019 09:30:47 [INFO]: b'TX:M\x15\x84\xa1r\xcd\x05W\xa1p\xcd\x15\x11\xa1t\xcd\x02K\xa1e\xcd\x03\xfa--'
04272019 09:30:47 [INFO]: b'TX:M\x12\x83\xa1h\x00\xa1a\xce\x00\x89T@\xa1o\xce\x01\x12\xa8\x80-----'
04272019 09:30:47 [INFO]: b'TX:M\x15\x84\xa1r\xcd\x05X\xa1p\xcd\x15\x12\xa1t\xcd\x02K\xa1e\xcd\x03\xfa--'
04272019 09:30:48 [ERROR]: Buffer overflow
04272019 09:30:48 [INFO]: b'TX:M\x15\x84\xa1r\xcd\x05X\xa1p\xcd\x15\x11\xa1t\xcd\x02K\xa1e\xcd\x03\xfa--'
04272019 09:30:48 [INFO]: b'TX:M\x12\x83\xa1h\x00\xa1a\xce\x00\x89T@\xa1o\xce\x01\x12\xa8\x80-----'
04272019 09:30:48 [INFO]: b'TX:M\x15\x84\xa1r\xcd\x05X\xa1p\xcd\x15\x10\xa1t\xcd\x02K\xa1e\xcd\x03\xfa--'
04272019 09:30:49 [INFO]: b'TX:M\x12\x83\xa1h\x00\xa1a\xce\x00\x89T@\xa1o\xce\x01\x12\xa8\x80-----'
04272019 09:30:49 [INFO]: b'TX:M\x15\x84\xa1r\xcd\x05Y\xa1p\xcd\x15\x10\xa1t\xcd\x02K\xa1e\xcd\x03\xfa--'
04272019 09:30:49 [INFO]: b'TX:M\x12\x83\xa1h\x00\xa1a\xce\x00\x89T@\xa1o\xce\x01\x12\xa8\x80-----'
04272019 09:30:49 [INFO]: b'TX:M\x15\x84\xa1r\xcd\x05Y\xa1p\xcd\x15\x11\xa1t\xcd\x02L\xa1e\xcd\x03\xfa--'
04272019 09:30:50 [INFO]: b'TX:M\x12\x83\xa1h\x00\xa1a\xce\x00\x89T@\xa1o\xce\x01\x12\xa8\x80-----'
04272019 09:30:50 [INFO]: b'TX:M\x15\x84\xa1r\xcd\x05Y\xa1p\xcd\x15\x11\xa1t\xcd\x02L\xa1e\xcd\x03\xfa--'
04272019 09:30:50 [INFO]: b'TX:M\x12\x83\xa1h\x00\xa1a\xce\x00\x89T@\xa1o\xce\x01\x12\xa8\x80-----'
04272019 09:30:51 [INFO]: b'TX:M\x15\x84\xa1r\xcd\x05X\xa1p\xcd\x15\x11\xa1t\xcd\x02L\xa1e\xcd\x03\xfa--'
04272019 09:30:51 [ERROR]: Buffer overflow
04272019 09:30:51 [INFO]: b'TX:M\x15\x84\xa1r\xcd\x05Z\xa1p\xcd\x15\x11\xa1t\xcd\x02L\xa1e\xcd\x03\xfa--'
04272019 09:30:51 [INFO]: b'TX:M\x12\x83\xa1h\x00\xa1a\xce\x00\x89T@\xa1o\xce\x01\x12\xa8\x80-----'
04272019 09:30:51 [INFO]: b'TX:M\x15\x84\xa1r\xcd\x05Y\xa1p\xcd\x15\x11\xa1t\xcd\x02L\xa1e\xcd\x03\xfa--'
04272019 09:30:52 [INFO]: b'TX:M\x15\x84\xa1r\xcd\x05W\xa1p\xcd\x15\x11\xa1t\xcd\x02L\xa1e\xcd\x03\xfa--'
04272019 09:30:53 [INFO]: b'TX:M\x12\x83\xa1h\x00\xa1a\xce\x00\x89T@\xa1o\xce\x01\x12\xa8\x80-----'
04272019 09:30:54 [INFO]: b'TX:M\x15\x84\xa1r\xcd\x05W\xa1p\xcd\x15\x10\xa1t\xcd\x02L\xa1e\xcd\x03\xfa--'
