04272019 04:17:09 [ERROR]: negative seek position -2
04272019 04:17:09 [INFO]: b'TX:M\x15\x84\xa1e\xcd\x04\x02\xa1p\xcd\x14\xf7\xa1r\xcd\x04\xa9\xa1t\xcd\x02\xe5--'
04272019 04:17:10 [INFO]: b'RX:B\x00'
04272019 04:17:10 [INFO]: b'TX:M\x15\x84\xa1e\xcd\x04\x02\xa1p\xcd\x14\xf9\xa1r\xcd\x04\xa9\xa1t\xcd\x02\xe5--'
04272019 04:17:10 [INFO]: b'RX:B\x00'
04272019 04:17:10 [INFO]: b'TX:M\x15\x84\xa1e\xcd\x04\x02\xa1p\xcd\x14\xf8\xa1r\xcd\x04\xaa\xa1t\xcd\x02\xe5--'
04272019 04:17:10 [INFO]: b'RX:B\x00'
04272019 04:17:10 [INFO]: b'TX:M\x15\x84\xa1e\xcd\x04\x01\xa1p\xcd\x14\xf8\xa1r\xcd\x04\xac\xa1t\xcd\x02\xe5--'
04272019 04:17:11 [INFO]: b'RX:B\x00'
04272019 04:17:11 [INFO]: b'TX:M\x15\x84\xa1e\xcd\x04\x01\xa1p\xcd\x14\xf7\xa1r\xcd\x04\xac\xa1t\xcd\x02\xe5--'
04272019 04:17:11 [INFO]: b'RX:B\x00'
04272019 04:17:11 [INFO]: b'TX:M\x12\x83\xa1a\xce\x00\x89T@\xa1o\xce\x01\x12\xa8\x80\xa1h\x00-----'
04272019 04:17:11 [INFO]: b'RX:B\x00'
04272019 04:17:11 [INFO]: b'TX:M\x12\x83\xa1a\xce\x00\x89T@\xa1o\xce\x01\x12\xa8\x80\xa1h\x00-----'
04272019 04:17:11 [INFO]: b'RX:B\x00'
04272019 04:17:11 [INFO]: b'TX:M\x12\x83\xa1a\xce\x00\x89T@\xa1o\xce\x01\x12\xa8\x80\xa1h\x00-----'
04272019 04:17:12 [INFO]: b'RX:B\x00'
04272019 04:17:12 [INFO]: b'TX:M\x12\x83\xa1a\xce\x00\x89T@\xa1o\xce\x01\x12\xa8\x80\xa1h\x00-----'
04272019 04:17:12 [INFO]: b'RX:B\x00'
04272019 04:17:12 [INFO]: b'TX:M\x12\x83\xa1a\xce\x00\x89T@\xa1o\xce\x01\x12\xa8\x80\xa1h\x00-----'
04272019 04:17:12 [INFO]: b'RX:REBOOT\xf2'
04272019 04:17:12 [INFO]: b'TX:M\x15\x84\xa1e\xcd\x04\x01\xa1p\xcd\x14\xf7\xa1r\xcd\x04\xab\xa1t\xcd\x02\xe5--'
