04272019 04:14:16 [ERROR]: negative seek position -2
04272019 04:14:16 [INFO]: b'TX:M\x15\x84\xa1e\xcd\x03\xff\xa1r\xcd\x04\xe3\xa1t\xcd\x02\xe2\xa1p\xcd\x14\xf8--'
04272019 04:14:16 [INFO]: b'RX:B\x00'
04272019 04:14:16 [INFO]: b'TX:M\x15\x84\xa1e\xcd\x03\xff\xa1r\xcd\x04\xe1\xa1t\xcd\x02\xe2\xa1p\xcd\x14\xf7--'
04272019 04:14:17 [INFO]: b'RX:B\x00'
04272019 04:14:17 [INFO]: b'TX:M\x15\x84\xa1e\xcd\x03\xff\xa1r\xcd\x04\xe1\xa1t\xcd\x02\xe2\xa1p\xcd\x14\xf7--'
04272019 04:14:17 [INFO]: b'RX:B\x00'
04272019 04:14:17 [INFO]: b'TX:M\x15\x84\xa1e\xcd\x03\xff\xa1r\xcd\x04\xe2\xa1t\xcd\x02\xe2\xa1p\xcd\x14\xf7--'
04272019 04:14:17 [INFO]: b'RX:B\x00'
04272019 04:14:17 [INFO]: b'TX:M\x15\x84\xa1e\xcd\x03\xff\xa1r\xcd\x04\xe3\xa1t\xcd\x02\xe2\xa1p\xcd\x14\xf7--'
04272019 04:14:17 [INFO]: b'RX:B\x00'
04272019 04:14:18 [INFO]: b'TX:M\x12\x83\xa1h\x00\xa1a\xce\x00\x89T@\xa1o\xce\x01\x12\xa8\x80-----'
04272019 04:14:18 [INFO]: b'RX:B\x00'
04272019 04:14:18 [INFO]: b'TX:M\x12\x83\xa1h\x00\xa1a\xce\x00\x89T@\xa1o\xce\x01\x12\xa8\x80-----'
04272019 04:14:18 [INFO]: b'RX:B\x00'
04272019 04:14:18 [INFO]: b'TX:M\x12\x83\xa1h\x00\xa1a\xce\x00\x89T@\xa1o\xce\x01\x12\xa8\x80-----'
04272019 04:14:18 [INFO]: b'RX:B\x00'
04272019 04:14:18 [INFO]: b'TX:M\x12\x83\xa1h\x00\xa1a\xce\x00\x89T@\xa1o\xce\x01\x12\xa8\x80-----'
04272019 04:14:19 [INFO]: b'RX:B\x00'
04272019 04:14:19 [INFO]: b'TX:M\x12\x83\xa1h\x00\xa1a\xce\x00\x89T@\xa1o\xce\x01\x12\xa8\x80-----'
04272019 04:14:19 [INFO]: b'RX:B\x00'
04272019 04:14:19 [INFO]: b'TX:M\x15\x84\xa1e\xcd\x03\xff\xa1r\xcd\x04\xe3\xa1t\xcd\x02\xe2\xa1p\xcd\x14\xf7--'
04272019 04:14:19 [INFO]: b'RX:B\x00'
04272019 04:14:19 [INFO]: b'TX:M\x12\x83\xa1h\x00\xa1a\xce\x00\x89T@\xa1o\xce\x01\x12\xa8\x80-----'
04272019 04:14:19 [INFO]: b'RX:B\x00'
04272019 04:14:20 [INFO]: b'TX:M\x15\x84\xa1e\xcd\x03\xff\xa1r\xcd\x04\xe3\xa1t\xcd\x02\xe2\xa1p\xcd\x14\xf7--'
04272019 04:14:20 [INFO]: b'RX:B\x00'
04272019 04:14:20 [INFO]: b'TX:M\x12\x83\xa1h\x00\xa1a\xce\x00\x89T@\xa1o\xce\x01\x12\xa8\x80-----'
04272019 04:14:20 [INFO]: b'RX:B\x00'
04272019 04:14:20 [INFO]: b'TX:M\x15\x84\xa1e\xcd\x03\xff\xa1r\xcd\x04\xe3\xa1t\xcd\x02\xe2\xa1p\xcd\x14\xf7--'
04272019 04:14:20 [INFO]: b'RX:B\x00'
04272019 04:14:20 [INFO]: b'TX:M\x12\x83\xa1h\x00\xa1a\xce\x00\x89T@\xa1o\xce\x01\x12\xa8\x80-----'
04272019 04:14:21 [INFO]: b'RX:B\x00'
04272019 04:14:21 [INFO]: b'TX:M\x15\x84\xa1e\xcd\x03\xff\xa1r\xcd\x04\xe2\xa1t\xcd\x02\xe2\xa1p\xcd\x14\xf7--'
04272019 04:14:21 [INFO]: b'RX:B\x00'
04272019 04:14:21 [INFO]: b'TX:M\x12\x83\xa1h\x00\xa1a\xce\x00\x89T@\xa1o\xce\x01\x12\xa8\x80-----'
04272019 04:14:21 [INFO]: b'RX:B\x00'
04272019 04:14:21 [INFO]: b'TX:M\x15\x84\xa1e\xcd\x03\xff\xa1r\xcd\x04\xe1\xa1t\xcd\x02\xe2\xa1p\xcd\x14\xf7--'
04272019 04:14:21 [INFO]: b'RX:B\x00'
04272019 04:14:21 [INFO]: b'TX:M\x12\x83\xa1h\x00\xa1a\xce\x00\x89T@\xa1o\xce\x01\x12\xa8\x80-----'
04272019 04:14:22 [INFO]: b'RX:B\x00'
04272019 04:14:22 [INFO]: b'TX:M\x15\x84\xa1e\xcd\x03\xff\xa1r\xcd\x04\xe1\xa1t\xcd\x02\xe2\xa1p\xcd\x14\xf7--'
04272019 04:14:22 [INFO]: b'RX:B\x00'
04272019 04:14:22 [INFO]: b'TX:M\x15\x84\xa1e\xcd\x03\xff\xa1r\xcd\x04\xe3\xa1t\xcd\x02\xe2\xa1p\xcd\x14\xf7--'
04272019 04:14:22 [INFO]: b'RX:B\x00'
04272019 04:14:22 [INFO]: b'TX:M\x12\x83\xa1h\x00\xa1a\xce\x00\x89T@\xa1o\xce\x01\x12\xa8\x80-----'
04272019 04:14:23 [INFO]: b'RX:B\x00'
04272019 04:14:23 [INFO]: b'TX:M\x15\x84\xa1e\xcd\x03\xff\xa1r\xcd\x04\xe3\xa1t\xcd\x02\xe2\xa1p\xcd\x14\xf7--'
04272019 04:14:23 [INFO]: b'RX:B\x00'
04272019 04:14:23 [INFO]: b'TX:M\x12\x83\xa1h\x00\xa1a\xce\x00\x89T@\xa1o\xce\x01\x12\xa8\x80-----'
04272019 04:14:23 [INFO]: b'RX:B\x00'
04272019 04:14:23 [INFO]: b'TX:M\x15\x84\xa1e\xcd\x03\xff\xa1r\xcd\x04\xe4\xa1t\xcd\x02\xe2\xa1p\xcd\x14\xf7--'
04272019 04:14:23 [INFO]: b'RX:B\x00'
04272019 04:14:23 [INFO]: b'TX:M\x12\x83\xa1h\x00\xa1a\xce\x00\x89T@\xa1o\xce\x01\x12\xa8\x80-----'
04272019 04:14:24 [INFO]: b'RX:B\x00'
04272019 04:14:24 [INFO]: b'TX:M\x12\x83\xa1h\x00\xa1a\xce\x00\x89T@\xa1o\xce\x01\x12\xa8\x80-----'
04272019 04:14:24 [INFO]: b'RX:B\x00'
04272019 04:14:24 [INFO]: b'TX:M\x15\x84\xa1e\xcd\x03\xff\xa1r\xcd\x04\xe4\xa1t\xcd\x02\xe2\xa1p\xcd\x14\xf8--'
04272019 04:14:24 [INFO]: b'RX:B\x00'
04272019 04:14:24 [INFO]: b'TX:M\x12\x83\xa1h\x00\xa1a\xce\x00\x89T@\xa1o\xce\x01\x12\xa8\x80-----'
04272019 04:14:25 [INFO]: b'RX:B\x00'
04272019 04:14:25 [INFO]: b'TX:M\x15\x84\xa1e\xcd\x03\xff\xa1r\xcd\x04\xe3\xa1t\xcd\x02\xe2\xa1p\xcd\x14\xf8--'
04272019 04:14:25 [INFO]: b'RX:B\x00'
04272019 04:14:25 [INFO]: b'TX:M\x12\x83\xa1h\x00\xa1a\xce\x00\x89T@\xa1o\xce\x01\x12\xa8\x80-----'
04272019 04:14:25 [INFO]: b'RX:B\x00'
04272019 04:14:25 [INFO]: b'TX:M\x15\x84\xa1e\xcd\x03\xff\xa1r\xcd\x04\xe0\xa1t\xcd\x02\xe2\xa1p\xcd\x14\xf7--'
04272019 04:14:25 [INFO]: b'RX:B\x00'
04272019 04:14:25 [INFO]: b'TX:M\x12\x83\xa1h\x00\xa1a\xce\x00\x89T@\xa1o\xce\x01\x12\xa8\x80-----'
04272019 04:14:26 [INFO]: b'RX:B\x00'
04272019 04:14:26 [INFO]: b'TX:M\x15\x84\xa1e\xcd\x03\xff\xa1r\xcd\x04\xe0\xa1t\xcd\x02\xe2\xa1p\xcd\x14\xf7--'
04272019 04:14:26 [INFO]: b'RX:B\x00'
04272019 04:14:26 [INFO]: b'TX:M\x12\x83\xa1h\x00\xa1a\xce\x00\x89T@\xa1o\xce\x01\x12\xa8\x80-----'
04272019 04:14:26 [INFO]: b'RX:B\x00'
04272019 04:14:26 [INFO]: b'TX:M\x15\x84\xa1e\xcd\x03\xff\xa1r\xcd\x04\xe0\xa1t\xcd\x02\xe2\xa1p\xcd\x14\xf7--'
04272019 04:14:27 [INFO]: b'RX:B\x00'
04272019 04:14:27 [INFO]: b'TX:M\x12\x83\xa1h\x00\xa1a\xce\x00\x89T@\xa1o\xce\x01\x12\xa8\x80-----'
04272019 04:14:27 [INFO]: b'RX:B\x00'
04272019 04:14:27 [INFO]: b'TX:M\x15\x84\xa1e\xcd\x03\xff\xa1r\xcd\x04\xe0\xa1t\xcd\x02\xe2\xa1p\xcd\x14\xf7--'
04272019 04:14:27 [INFO]: b'RX:B\x00'
04272019 04:14:27 [INFO]: b'TX:M\x12\x83\xa1h\x00\xa1a\xce\x00\x89T@\xa1o\xce\x01\x12\xa8\x80-----'
04272019 04:14:27 [INFO]: b'RX:B\x00'
04272019 04:14:27 [INFO]: b'TX:M\x15\x84\xa1e\xcd\x03\xff\xa1r\xcd\x04\xdf\xa1t\xcd\x02\xe2\xa1p\xcd\x14\xf7--'
04272019 04:14:28 [INFO]: b'RX:B\x00'
04272019 04:14:28 [INFO]: b'TX:M\x12\x83\xa1h\x00\xa1a\xce\x00\x89T@\xa1o\xce\x01\x12\xa8\x80-----'
04272019 04:14:28 [INFO]: b'RX:B\x00'
04272019 04:14:28 [INFO]: b'TX:M\x15\x84\xa1e\xcd\x03\xff\xa1r\xcd\x04\xe0\xa1t\xcd\x02\xe2\xa1p\xcd\x14\xf8--'
04272019 04:14:28 [INFO]: b'RX:B\x00'
04272019 04:14:28 [INFO]: b'TX:M\x12\x83\xa1h\x00\xa1a\xce\x00\x89T@\xa1o\xce\x01\x12\xa8\x80-----'
04272019 04:14:29 [INFO]: b'RX:B\x00'
04272019 04:14:29 [INFO]: b'TX:M\x15\x84\xa1e\xcd\x03\xff\xa1r\xcd\x04\xe0\xa1t\xcd\x02\xe2\xa1p\xcd\x14\xf8--'
04272019 04:14:29 [INFO]: b'RX:B\x00'
04272019 04:14:29 [INFO]: b'TX:M\x15\x84\xa1e\xcd\x03\xff\xa1r\xcd\x04\xde\xa1t\xcd\x02\xe3\xa1p\xcd\x14\xf9--'
04272019 04:14:29 [INFO]: b'RX:B\x00'
04272019 04:14:29 [INFO]: b'TX:M\x12\x83\xa1h\x00\xa1a\xce\x00\x89T@\xa1o\xce\x01\x12\xa8\x80-----'
04272019 04:14:29 [INFO]: b'RX:B\x00'
04272019 04:14:29 [INFO]: b'TX:M\x12\x83\xa1h\x00\xa1a\xce\x00\x89T@\xa1o\xce\x01\x12\xa8\x80-----'
04272019 04:14:30 [INFO]: b'RX:B\x00'
04272019 04:14:30 [INFO]: b'TX:M\x15\x84\xa1e\xcd\x03\xff\xa1r\xcd\x04\xde\xa1t\xcd\x02\xe3\xa1p\xcd\x14\xf9--'
04272019 04:14:30 [INFO]: b'RX:B\x00'
04272019 04:14:30 [INFO]: b'TX:M\x12\x83\xa1h\x00\xa1a\xce\x00\x89T@\xa1o\xce\x01\x12\xa8\x80-----'
04272019 04:14:30 [INFO]: b'RX:REBOOT\xf2'
04272019 04:14:30 [INFO]: b'TX:M\x15\x84\xa1e\xcd\x03\xff\xa1r\xcd\x04\xde\xa1t\xcd\x02\xe3\xa1p\xcd\x14\xf8--'
04272019 04:14:31 [INFO]: b'RX:B\x00'
04272019 04:14:31 [ERROR]: Buffer overflow
04272019 04:14:31 [INFO]: b'TX:M\x12\x83\xa1h\x00\xa1a\xce\x00\x89T@\xa1o\xce\x01\x12\xa8\x80-----'
04272019 04:14:31 [INFO]: b'RX:B\x00'
04272019 04:14:31 [INFO]: b'TX:M\x15\x84\xa1e\xcd\x03\xff\xa1r\xcd\x04\xdd\xa1t\xcd\x02\xe3\xa1p\xcd\x14\xf8--'
04272019 04:14:31 [INFO]: b'RX:B\x00'
04272019 04:14:31 [INFO]: b'TX:M\x12\x83\xa1h\x00\xa1a\xce\x00\x89T@\xa1o\xce\x01\x12\xa8\x80-----'
04272019 04:14:31 [INFO]: b'RX:B\x00'
04272019 04:14:31 [INFO]: b'TX:M\x15\x84\xa1e\xcd\x03\xff\xa1r\xcd\x04\xde\xa1t\xcd\x02\xe3\xa1p\xcd\x14\xf8--'
04272019 04:14:32 [INFO]: b'RX:B\x00'
04272019 04:14:32 [INFO]: b'TX:M\x12\x83\xa1h\x00\xa1a\xce\x00\x89T@\xa1o\xce\x01\x12\xa8\x80-----'
04272019 04:14:32 [INFO]: b'RX:B\x00'
04272019 04:14:32 [INFO]: b'TX:M\x15\x84\xa1e\xcd\x03\xff\xa1r\xcd\x04\xdb\xa1t\xcd\x02\xe2\xa1p\xcd\x14\xf7--'
04272019 04:14:32 [INFO]: b'RX:B\x00'
04272019 04:14:32 [INFO]: b'TX:M\x12\x83\xa1h\x00\xa1a\xce\x00\x89T@\xa1o\xce\x01\x12\xa8\x80-----'
04272019 04:14:33 [INFO]: b'RX:B\x00'
04272019 04:14:33 [INFO]: b'TX:M\x15\x84\xa1e\xcd\x03\xff\xa1r\xcd\x04\xdb\xa1t\xcd\x02\xe2\xa1p\xcd\x14\xf7--'
04272019 04:14:33 [INFO]: b'RX:B\x00'
04272019 04:14:33 [INFO]: b'TX:M\x15\x84\xa1e\xcd\x03\xff\xa1r\xcd\x04\xde\xa1t\xcd\x02\xe3\xa1p\xcd\x14\xf9--'
04272019 04:14:33 [INFO]: b'RX:B\x00'
04272019 04:14:33 [INFO]: b'TX:M\x12\x83\xa1h\x00\xa1a\xce\x00\x89T@\xa1o\xce\x01\x12\xa8\x80-----'
04272019 04:14:33 [INFO]: b'RX:B\x00'
04272019 04:14:33 [INFO]: b'TX:M\x12\x83\xa1h\x00\xa1a\xce\x00\x89T@\xa1o\xce\x01\x12\xa8\x80-----'
04272019 04:14:34 [INFO]: b'RX:B\x00'
04272019 04:14:34 [INFO]: b'TX:M\x15\x84\xa1e\xcd\x03\xff\xa1r\xcd\x04\xde\xa1t\xcd\x02\xe3\xa1p\xcd\x14\xf8--'
04272019 04:14:34 [INFO]: b'RX:B\x00'
04272019 04:14:34 [ERROR]: Buffer overflow
04272019 04:14:34 [INFO]: b'TX:M\x12\x83\xa1h\x00\xa1a\xce\x00\x89T@\xa1o\xce\x01\x12\xa8\x80-----'
04272019 04:14:34 [INFO]: b'RX:B\x00'
04272019 04:14:34 [INFO]: b'TX:M\x15\x84\xa1e\xcd\x03\xff\xa1r\xcd\x04\xdc\xa1t\xcd\x02\xe3\xa1p\xcd\x14\xf7--'
04272019 04:14:34 [INFO]: b'RX:B\x00'
04272019 04:14:35 [INFO]: b'TX:M\x12\x83\xa1h\x00\xa1a\xce\x00\x89T@\xa1o\xce\x01\x12\xa8\x80-----'
04272019 04:14:35 [INFO]: b'RX:B\x00'
04272019 04:14:35 [INFO]: b'TX:M\x15\x84\xa1e\xcd\x03\xff\xa1r\xcd\x04\xdc\xa1t\xcd\x02\xe3\xa1p\xcd\x14\xf8--'
04272019 04:14:35 [INFO]: b'RX:B\x00'
04272019 04:14:35 [INFO]: b'TX:M\x12\x83\xa1h\x00\xa1a\xce\x00\x89T@\xa1o\xce\x01\x12\xa8\x80-----'
04272019 04:14:35 [INFO]: b'RX:B\x00'
04272019 04:14:35 [INFO]: b'TX:M\x15\x84\xa1e\xcd\x03\xff\xa1r\xcd\x04\xdb\xa1t\xcd\x02\xe3\xa1p\xcd\x14\xf8--'
04272019 04:14:36 [INFO]: b'RX:B\x00'
04272019 04:14:36 [INFO]: b'TX:M\x12\x83\xa1h\x00\xa1a\xce\x00\x89T@\xa1o\xce\x01\x12\xa8\x80-----'
04272019 04:14:36 [INFO]: b'RX:B\x00'
04272019 04:14:36 [INFO]: b'TX:M\x15\x84\xa1e\xcd\x03\xff\xa1r\xcd\x04\xda\xa1t\xcd\x02\xe3\xa1p\xcd\x14\xf8--'
04272019 04:14:36 [INFO]: b'RX:B\x00'
04272019 04:14:36 [INFO]: b'TX:M\x12\x83\xa1h\x00\xa1a\xce\x00\x89T@\xa1o\xce\x01\x12\xa8\x80-----'
04272019 04:14:36 [INFO]: b'RX:B\x00'
04272019 04:14:37 [INFO]: b'TX:M\x15\x84\xa1e\xcd\x03\xff\xa1r\xcd\x04\xda\xa1t\xcd\x02\xe3\xa1p\xcd\x14\xf8--'
04272019 04:14:37 [INFO]: b'RX:B\x00'
04272019 04:14:37 [INFO]: b'TX:M\x12\x83\xa1h\x00\xa1a\xce\x00\x89T@\xa1o\xce\x01\x12\xa8\x80-----'
04272019 04:14:37 [INFO]: b'RX:B\x00'
04272019 04:14:37 [INFO]: b'TX:M\x15\x84\xa1e\xcd\x03\xff\xa1r\xcd\x04\xd9\xa1t\xcd\x02\xe3\xa1p\xcd\x14\xf8--'
04272019 04:14:37 [INFO]: b'RX:B\x00'
04272019 04:14:37 [ERROR]: Buffer overflow
04272019 04:14:37 [INFO]: b'TX:M\x12\x83\xa1h\x00\xa1a\xce\x00\x89T@\xa1o\xce\x01\x12\xa8\x80-----'
04272019 04:14:38 [INFO]: b'RX:B\x00'
04272019 04:14:38 [INFO]: b'TX:M\x15\x84\xa1e\xcd\x03\xff\xa1r\xcd\x04\xda\xa1t\xcd\x02\xe3\xa1p\xcd\x14\xf8--'
04272019 04:14:38 [INFO]: b'RX:REBOOT\xf2'
04272019 04:14:38 [INFO]: b'TX:M\x12\x83\xa1h\x00\xa1a\xce\x00\x89T@\xa1o\xce\x01\x12\xa8\x80-----'
04272019 04:14:38 [INFO]: b'RX:B\x00'
04272019 04:14:38 [INFO]: b'TX:M\x15\x84\xa1e\xcd\x03\xff\xa1r\xcd\x04\xd8\xa1t\xcd\x02\xe3\xa1p\xcd\x14\xf8--'
04272019 04:14:38 [INFO]: b'RX:B\x00'
04272019 04:14:39 [INFO]: b'TX:M\x12\x83\xa1h\x00\xa1a\xce\x00\x89T@\xa1o\xce\x01\x12\xa8\x80-----'
04272019 04:14:39 [INFO]: b'RX:B\x00'
04272019 04:14:39 [INFO]: b'TX:M\x15\x84\xa1e\xcd\x03\xff\xa1r\xcd\x04\xd8\xa1t\xcd\x02\xe3\xa1p\xcd\x14\xf8--'
04272019 04:14:39 [INFO]: b'RX:B\x00'
04272019 04:14:39 [INFO]: b'TX:M\x15\x84\xa1e\xcd\x03\xff\xa1r\xcd\x04\xd8\xa1t\xcd\x02\xe3\xa1p\xcd\x14\xf8--'
04272019 04:14:39 [INFO]: b'RX:B\x00'
04272019 04:14:39 [INFO]: b'TX:M\x12\x83\xa1h\x00\xa1a\xce\x00\x89T@\xa1o\xce\x01\x12\xa8\x80-----'
04272019 04:14:40 [INFO]: b'RX:B\x00'
04272019 04:14:40 [INFO]: b'TX:M\x15\x84\xa1e\xcd\x03\xff\xa1r\xcd\x04\xd7\xa1t\xcd\x02\xe3\xa1p\xcd\x14\xf8--'
04272019 04:14:40 [INFO]: b'RX:B\x00'
04272019 04:14:40 [INFO]: b'TX:M\x12\x83\xa1h\x00\xa1a\xce\x00\x89T@\xa1o\xce\x01\x12\xa8\x80-----'
04272019 04:14:40 [INFO]: b'RX:B\x00'
04272019 04:14:40 [INFO]: b'TX:M\x12\x83\xa1h\x00\xa1a\xce\x00\x89T@\xa1o\xce\x01\x12\xa8\x80-----'
04272019 04:14:40 [INFO]: b'RX:B\x00'
04272019 04:14:41 [INFO]: b'TX:M\x15\x84\xa1e\xcd\x03\xff\xa1r\xcd\x04\xd7\xa1t\xcd\x02\xe3\xa1p\xcd\x14\xf8--'
04272019 04:14:41 [INFO]: b'RX:B\x00'
04272019 04:14:41 [ERROR]: Buffer overflow
04272019 04:14:41 [INFO]: b'TX:M\x12\x83\xa1h\x00\xa1a\xce\x00\x89T@\xa1o\xce\x01\x12\xa8\x80-----'
04272019 04:14:41 [INFO]: b'RX:B\x00'
04272019 04:14:41 [INFO]: b'TX:M\x15\x84\xa1e\xcd\x03\xff\xa1r\xcd\x04\xd9\xa1t\xcd\x02\xe3\xa1p\xcd\x14\xf8--'
04272019 04:14:41 [INFO]: b'RX:B\x00'
04272019 04:14:41 [INFO]: b'TX:M\x12\x83\xa1h\x00\xa1a\xce\x00\x89T@\xa1o\xce\x01\x12\xa8\x80-----'
04272019 04:14:42 [INFO]: b'RX:B\x00'
04272019 04:14:42 [INFO]: b'TX:M\x15\x84\xa1e\xcd\x03\xff\xa1r\xcd\x04\xd9\xa1t\xcd\x02\xe3\xa1p\xcd\x14\xf8--'
04272019 04:14:42 [INFO]: b'RX:B\x00'
04272019 04:14:42 [INFO]: b'TX:M\x12\x83\xa1h\x00\xa1a\xce\x00\x89T@\xa1o\xce\x01\x12\xa8\x80-----'
04272019 04:14:42 [INFO]: b'RX:B\x00'
04272019 04:14:42 [INFO]: b'TX:M\x15\x84\xa1e\xcd\x03\xff\xa1r\xcd\x04\xd9\xa1t\xcd\x02\xe3\xa1p\xcd\x14\xf8--'
04272019 04:14:42 [INFO]: b'RX:B\x00'
04272019 04:14:43 [INFO]: b'TX:M\x12\x83\xa1h\x00\xa1a\xce\x00\x89T@\xa1o\xce\x01\x12\xa8\x80-----'
04272019 04:14:43 [INFO]: b'RX:B\x00'
04272019 04:14:43 [INFO]: b'TX:M\x15\x84\xa1e\xcd\x03\xff\xa1r\xcd\x04\xd8\xa1t\xcd\x02\xe3\xa1p\xcd\x14\xf8--'
04272019 04:14:43 [INFO]: b'RX:B\x00'
04272019 04:14:43 [INFO]: b'TX:M\x12\x83\xa1h\x00\xa1a\xce\x00\x89T@\xa1o\xce\x01\x12\xa8\x80-----'
04272019 04:14:43 [INFO]: b'RX:B\x00'
04272019 04:14:43 [INFO]: b'TX:M\x15\x84\xa1e\xcd\x03\xff\xa1r\xcd\x04\xd8\xa1t\xcd\x02\xe3\xa1p\xcd\x14\xf8--'
04272019 04:14:44 [INFO]: b'RX:B\x00'
04272019 04:14:44 [INFO]: b'TX:M\x12\x83\xa1h\x00\xa1a\xce\x00\x89T@\xa1o\xce\x01\x12\xa8\x80-----'
04272019 04:14:44 [INFO]: b'RX:B\x00'
04272019 04:14:44 [INFO]: b'TX:M\x15\x84\xa1e\xcd\x03\xff\xa1r\xcd\x04\xd8\xa1t\xcd\x02\xe3\xa1p\xcd\x14\xf8--'
04272019 04:14:44 [INFO]: b'RX:B\x00'
04272019 04:14:44 [ERROR]: Buffer overflow
04272019 04:14:44 [INFO]: b'TX:M\x12\x83\xa1h\x00\xa1a\xce\x00\x89T@\xa1o\xce\x01\x12\xa8\x80-----'
04272019 04:14:44 [INFO]: b'RX:B\x00'
04272019 04:14:44 [INFO]: b'TX:M\x15\x84\xa1e\xcd\x03\xff\xa1r\xcd\x04\xd8\xa1t\xcd\x02\xe3\xa1p\xcd\x14\xf8--'
04272019 04:14:45 [INFO]: b'RX:B\x00'
04272019 04:14:45 [INFO]: b'TX:M\x12\x83\xa1h\x00\xa1a\xce\x00\x89T@\xa1o\xce\x01\x12\xa8\x80-----'
04272019 04:14:45 [INFO]: b'RX:B\x00'
04272019 04:14:45 [INFO]: b'TX:M\x15\x84\xa1e\xcd\x03\xff\xa1r\xcd\x04\xd7\xa1t\xcd\x02\xe3\xa1p\xcd\x14\xf8--'
04272019 04:14:45 [INFO]: b'RX:B\x00'
04272019 04:14:45 [INFO]: b'TX:M\x12\x83\xa1h\x00\xa1a\xce\x00\x89T@\xa1o\xce\x01\x12\xa8\x80-----'
04272019 04:14:46 [INFO]: b'RX:B\x00'
04272019 04:14:46 [INFO]: b'TX:M\x15\x84\xa1e\xcd\x03\xff\xa1r\xcd\x04\xd7\xa1t\xcd\x02\xe3\xa1p\xcd\x14\xf7--'
04272019 04:14:46 [INFO]: b'RX:B\x00'
04272019 04:14:46 [INFO]: b'TX:M\x12\x83\xa1h\x00\xa1a\xce\x00\x89T@\xa1o\xce\x01\x12\xa8\x80-----'
04272019 04:14:46 [INFO]: b'RX:B\x00'
04272019 04:14:46 [INFO]: b'TX:M\x15\x84\xa1e\xcd\x03\xff\xa1r\xcd\x04\xd8\xa1t\xcd\x02\xe3\xa1p\xcd\x14\xf7--'
04272019 04:14:46 [INFO]: b'RX:B\x00'
04272019 04:14:46 [INFO]: b'TX:M\x12\x83\xa1h\x00\xa1a\xce\x00\x89T@\xa1o\xce\x01\x12\xa8\x80-----'
04272019 04:14:47 [INFO]: b'RX:B\x00'
04272019 04:14:47 [INFO]: b'TX:M\x15\x84\xa1e\xcd\x03\xff\xa1r\xcd\x04\xd8\xa1t\xcd\x02\xe3\xa1p\xcd\x14\xf8--'
04272019 04:14:47 [INFO]: b'RX:B\x00'
04272019 04:14:47 [INFO]: b'TX:M\x12\x83\xa1h\x00\xa1a\xce\x00\x89T@\xa1o\xce\x01\x12\xa8\x80-----'
04272019 04:14:47 [INFO]: b'RX:B\x00'
04272019 04:14:47 [INFO]: b'TX:M\x15\x84\xa1e\xcd\x03\xff\xa1r\xcd\x04\xd8\xa1t\xcd\x02\xe3\xa1p\xcd\x14\xf8--'
04272019 04:14:48 [ERROR]: Buffer overflow
04272019 04:14:48 [INFO]: b'TX:M\x12\x83\xa1h\x00\xa1a\xce\x00\x89T@\xa1o\xce\x01\x12\xa8\x80-----'
04272019 04:14:48 [INFO]: b'RX:B\x00'
