04272019 09:31:47 [ERROR]: negative seek position -2
04272019 09:31:47 [INFO]: b"TX:M\x15\x84\xa1e\xcd\x03\xef\xa1t\xcd\x02'\xa1p\xcd\x15\x13\xa1r\xcd\x06\x1b--"
04272019 09:31:47 [INFO]: b'RX:B\x00'
04272019 09:31:48 [INFO]: b'TX:M\x15\x84\xa1e\xcd\x03\xef\xa1t\xcd\x02(\xa1p\xcd\x15\x13\xa1r\xcd\x06\x1c--'
04272019 09:31:48 [INFO]: b'RX:B\x00'
04272019 09:31:48 [INFO]: b"TX:M\x15\x84\xa1e\xcd\x03\xf0\xa1t\xcd\x02'\xa1p\xcd\x15\x13\xa1r\xcd\x06\x1b--"
04272019 09:31:48 [INFO]: b'RX:B\x00'
04272019 09:31:48 [INFO]: b"TX:M\x15\x84\xa1e\xcd\x03\xf0\xa1t\xcd\x02'\xa1p\xcd\x15\x13\xa1r\xcd\x06\x1b--"
04272019 09:31:48 [INFO]: b'RX:B\x00'
04272019 09:31:48 [INFO]: b'TX:M\x15\x84\xa1e\xcd\x03\xf0\xa1t\xcd\x02(\xa1p\xcd\x15\x12\xa1r\xcd\x06\x1a--'
04272019 09:31:49 [INFO]: b'RX:B\x00'
04272019 09:31:49 [INFO]: b'TX:M\x12\x83\xa1h\x00\xa1a\xce\x00\x89T@\xa1o\xce\x01\x12\xa8\x80-----'
04272019 09:31:49 [INFO]: b'RX:B\x00'
04272019 09:31:49 [INFO]: b'TX:M\x12\x83\xa1h\x00\xa1a\xce\x00\x89T@\xa1o\xce\x01\x12\xa8\x80-----'
04272019 09:31:49 [INFO]: b'RX:B\x00'
04272019 09:31:49 [INFO]: b'TX:M\x12\x83\xa1h\x00\xa1a\xce\x00\x89T@\xa1o\xce\x01\x12\xa8\x80-----'
04272019 09:31:49 [INFO]: b'RX:B\x00'
04272019 09:31:49 [INFO]: b'TX:M\x12\x83\xa1h\x00\xa1a\xce\x00\x89T@\xa1o\xce\x01\x12\xa8\x80-----'
04272019 09:31:50 [INFO]: b'RX:B\x00'
04272019 09:31:50 [INFO]: b'TX:M\x12\x83\xa1h\x00\xa1a\xce\x00\x89T@\xa1o\xce\x01\x12\xa8\x80-----'
04272019 09:31:50 [INFO]: b'RX:B\x00'
04272019 09:31:50 [INFO]: b'TX:M\x15\x84\xa1e\xcd\x03\xf0\xa1t\xcd\x02(\xa1p\xcd\x15\x12\xa1r\xcd\x06\x1a--'
04272019 09:31:50 [INFO]: b'RX:B\x00'
04272019 09:31:50 [INFO]: b'TX:M\x12\x83\xa1h\x00\xa1a\xce\x00\x89T@\xa1o\xce\x01\x12\xa8\x80-----'
04272019 09:31:51 [INFO]: b'RX:B\x00'
04272019 09:31:51 [INFO]: b'TX:M\x15\x84\xa1e\xcd\x03\xef\xa1t\xcd\x02(\xa1p\xcd\x15\x13\xa1r\xcd\x06\x1b--'
04272019 09:31:51 [INFO]: b'RX:B\x00'
04272019 09:31:51 [INFO]: b'TX:M\x15\x84\xa1e\xcd\x03\xef\xa1t\xcd\x02(\xa1p\xcd\x15\x13\xa1r\xcd\x06\x1b--'
04272019 09:31:51 [INFO]: b'RX:B\x00'
04272019 09:31:51 [INFO]: b'TX:M\x12\x83\xa1h\x00\xa1a\xce\x00\x89T@\xa1o\xce\x01\x12\xa8\x80-----'
04272019 09:31:51 [INFO]: b'RX:B\x00'
04272019 09:31:51 [INFO]: b'TX:M\x15\x84\xa1e\xcd\x03\xef\xa1t\xcd\x02(\xa1p\xcd\x15\x12\xa1r\xcd\x06\x1b--'
04272019 09:31:52 [INFO]: b'RX:B\x00'
04272019 09:31:52 [INFO]: b'TX:M\x12\x83\xa1h\x00\xa1a\xce\x00\x89T@\xa1o\xce\x01\x12\xa8\x80-----'
04272019 09:31:52 [INFO]: b'RX:B\x00'
04272019 09:31:52 [INFO]: b'TX:M\x12\x83\xa1h\x00\xa1a\xce\x00\x89T@\xa1o\xce\x01\x12\xa8\x80-----'
04272019 09:31:52 [INFO]: b'RX:B\x00'
04272019 09:31:52 [INFO]: b'TX:M\x15\x84\xa1e\xcd\x03\xef\xa1t\xcd\x02(\xa1p\xcd\x15\x12\xa1r\xcd\x06\x1c--'
04272019 09:31:53 [INFO]: b'RX:B\x00'
04272019 09:31:53 [INFO]: b'TX:M\x12\x83\xa1h\x00\xa1a\xce\x00\x89T@\xa1o\xce\x01\x12\xa8\x80-----'
04272019 09:31:53 [INFO]: b'RX:B\x00'
04272019 09:31:53 [INFO]: b'TX:M\x15\x84\xa1e\xcd\x03\xef\xa1t\xcd\x02(\xa1p\xcd\x15\x12\xa1r\xcd\x06\x1c--'
04272019 09:31:53 [INFO]: b'RX:B\x00'
04272019 09:31:53 [INFO]: b'TX:M\x12\x83\xa1h\x00\xa1a\xce\x00\x89T@\xa1o\xce\x01\x12\xa8\x80-----'
04272019 09:31:54 [INFO]: b'RX:B\x00'
04272019 09:31:54 [INFO]: b'TX:M\x15\x84\xa1e\xcd\x03\xf0\xa1t\xcd\x02(\xa1p\xcd\x15\x12\xa1r\xcd\x06\x19--'
04272019 09:31:54 [INFO]: b'RX:B\x00'
04272019 09:31:54 [INFO]: b'TX:M\x12\x83\xa1h\x00\xa1a\xce\x00\x89T@\xa1o\xce\x01\x12\xa8\x80-----'
04272019 09:31:54 [INFO]: b'RX:B\x00'
04272019 09:31:54 [INFO]: b'TX:M\x15\x84\xa1e\xcd\x03\xf0\xa1t\xcd\x02(\xa1p\xcd\x15\x12\xa1r\xcd\x06\x19--'
04272019 09:31:54 [INFO]: b'RX:B\x00'
04272019 09:31:54 [INFO]: b'TX:M\x12\x83\xa1h\x00\xa1a\xce\x00\x89T@\xa1o\xce\x01\x12\xa8\x80-----'
04272019 09:31:55 [INFO]: b'RX:B\x00'
04272019 09:31:55 [INFO]: b'TX:M\x15\x84\xa1e\xcd\x03\xf0\xa1t\xcd\x02(\xa1p\xcd\x15\x12\xa1r\xcd\x06\x19--'
04272019 09:31:55 [INFO]: b'RX:B\x00'
04272019 09:31:55 [INFO]: b'TX:M\x12\x83\xa1h\x00\xa1a\xce\x00\x89T@\xa1o\xce\x01\x12\xa8\x80-----'
04272019 09:31:55 [INFO]: b'RX:B\x00'
04272019 09:31:55 [INFO]: b'TX:M\x15\x84\xa1e\xcd\x03\xf0\xa1t\xcd\x02)\xa1p\xcd\x15\x12\xa1r\xcd\x06\x1a--'
04272019 09:31:56 [INFO]: b'RX:B\x00'
04272019 09:31:56 [INFO]: b'TX:M\x12\x83\xa1h\x00\xa1a\xce\x00\x89T@\xa1o\xce\x01\x12\xa8\x80-----'
04272019 09:31:56 [INFO]: b'RX:B\x00'
04272019 09:31:56 [INFO]: b'TX:M\x15\x84\xa1e\xcd\x03\xf0\xa1t\xcd\x02)\xa1p\xcd\x15\x12\xa1r\xcd\x06\x1a--'
04272019 09:31:56 [INFO]: b'RX:B\x00'
04272019 09:31:56 [INFO]: b'TX:M\x12\x83\xa1h\x00\xa1a\xce\x00\x89T@\xa1o\xce\x01\x12\xa8\x80-----'
04272019 09:31:56 [INFO]: b'RX:B\x00'
04272019 09:31:56 [INFO]: b'TX:M\x15\x84\xa1e\xcd\x03\xf0\xa1t\xcd\x02)\xa1p\xcd\x15\x12\xa1r\xcd\x06\x1a--'
04272019 09:31:57 [INFO]: b'RX:B\x00'
04272019 09:31:57 [INFO]: b'TX:M\x15\x84\xa1e\xcd\x03\xf0\xa1t\xcd\x02)\xa1p\xcd\x15\x12\xa1r\xcd\x06\x1a--'
04272019 09:31:57 [INFO]: b'RX:B\x00'
04272019 09:31:57 [INFO]: b'TX:M\x12\x83\xa1h\x00\xa1a\xce\x00\x89T@\xa1o\xce\x01\x12\xa8\x80-----'
04272019 09:31:57 [INFO]: b'RX:B\x00'
04272019 09:31:57 [INFO]: b'TX:M\x15\x84\xa1e\xcd\x03\xf0\xa1t\xcd\x02)\xa1p\xcd\x15\x13\xa1r\xcd\x06\x1a--'
04272019 09:31:58 [INFO]: b'RX:B\x00'
04272019 09:31:58 [INFO]: b'TX:M\x12\x83\xa1h\x00\xa1a\xce\x00\x89T@\xa1o\xce\x01\x12\xa8\x80-----'
04272019 09:31:58 [INFO]: b'RX:B\x00'
04272019 09:31:58 [INFO]: b'TX:M\x15\x84\xa1e\xcd\x03\xef\xa1t\xcd\x02)\xa1p\xcd\x15\x13\xa1r\xcd\x06\x1c--'
04272019 09:31:58 [INFO]: b'RX:B\x00'
04272019 09:31:58 [INFO]: b'TX:M\x12\x83\xa1h\x00\xa1a\xce\x00\x89T@\xa1o\xce\x01\x12\xa8\x80-----'
04272019 09:31:58 [INFO]: b'RX:B\x00'
04272019 09:31:58 [INFO]: b'TX:M\x15\x84\xa1e\xcd\x03\xef\xa1t\xcd\x02)\xa1p\xcd\x15\x13\xa1r\xcd\x06\x1c--'
04272019 09:31:59 [INFO]: b'RX:B\x00'
04272019 09:31:59 [INFO]: b'TX:M\x12\x83\xa1h\x00\xa1a\xce\x00\x89T@\xa1o\xce\x01\x12\xa8\x80-----'
04272019 09:31:59 [INFO]: b'RX:B\x00'
04272019 09:31:59 [INFO]: b'TX:M\x15\x84\xa1e\xcd\x03\xf0\xa1t\xcd\x02)\xa1p\xcd\x15\x13\xa1r\xcd\x06\x1b--'
04272019 09:31:59 [INFO]: b'RX:B\x00'
04272019 09:31:59 [INFO]: b'TX:M\x12\x83\xa1h\x00\xa1a\xce\x00\x89T@\xa1o\xce\x01\x12\xa8\x80-----'
04272019 09:32:00 [INFO]: b'RX:B\x00'
04272019 09:32:00 [INFO]: b'TX:M\x12\x83\xa1h\x00\xa1a\xce\x00\x89T@\xa1o\xce\x01\x12\xa8\x80-----'
04272019 09:32:00 [INFO]: b'RX:B\x00'
04272019 09:32:00 [INFO]: CMD: SLLLRRRR---
04272019 09:32:00 [INFO]: b'TX:SSLLLRRRR----------------'
04272019 09:32:00 [INFO]: b'RX:B\x00'
04272019 09:32:00 [ERROR]: Buffer overflow
04272019 09:32:00 [INFO]: b'TX:M\x15\x84\xa1e\xcd\x03\xef\xa1t\xcd\x02)\xa1p\xcd\x15\x13\xa1r\xcd\x06\x1b--'
04272019 09:32:00 [INFO]: b'RX:B\x00'
04272019 09:32:00 [INFO]: b'TX:M\x12\x83\xa1h\x00\xa1a\xce\x00\x89T@\xa1o\xce\x01\x12\xa8\x80-----'
04272019 09:32:01 [INFO]: b'RX:B\x00'
04272019 09:32:01 [INFO]: b'TX:M\x15\x84\xa1e\xcd\x03\xef\xa1t\xcd\x02)\xa1p\xcd\x15\x12\xa1r\xcd\x06\x1c--'
04272019 09:32:01 [INFO]: b'RX:B\x00'
04272019 09:32:01 [INFO]: b'TX:M\x12\x83\xa1h\x00\xa1a\xce\x00\x89T@\xa1o\xce\x01\x12\xa8\x80-----'
04272019 09:32:01 [INFO]: b'RX:B\x00'
04272019 09:32:01 [INFO]: b'TX:M\x15\x84\xa1e\xcd\x03\xef\xa1t\xcd\x02)\xa1p\xcd\x15\x12\xa1r\xcd\x06\x1c--'
04272019 09:32:02 [INFO]: b'RX:B\x00'
04272019 09:32:02 [INFO]: b'TX:M\x12\x83\xa1h\x00\xa1a\xce\x00\x89T@\xa1o\xce\x01\x12\xa8\x80-----'
04272019 09:32:02 [INFO]: b'RX:B\x00'
04272019 09:32:02 [INFO]: b'TX:M\x15\x84\xa1e\xcd\x03\xf0\xa1t\xcd\x02*\xa1p\xcd\x15\x13\xa1r\xcd\x06\x1a--'
04272019 09:32:02 [INFO]: b'RX:B\x00'
04272019 09:32:02 [ERROR]: Buffer overflow
04272019 09:32:02 [INFO]: b'TX:M\x15\x84\xa1e\xcd\x03\xef\xa1t\xcd\x02*\xa1p\xcd\x15\x12\xa1r\xcd\x06\x1b--'
04272019 09:32:02 [INFO]: b'RX:B\x00'
04272019 09:32:03 [INFO]: b'TX:M\x12\x83\xa1h\x00\xa1a\xce\x00\x89T@\xa1o\xce\x01\x12\xa8\x80-----'
04272019 09:32:03 [INFO]: b'RX:B\x00'
04272019 09:32:03 [INFO]: b'TX:M\x15\x84\xa1e\xcd\x03\xf0\xa1t\xcd\x02*\xa1p\xcd\x15\x12\xa1r\xcd\x06\x1a--'
04272019 09:32:03 [INFO]: b'RX:B\x00'
04272019 09:32:03 [INFO]: b'TX:M\x12\x83\xa1h\x00\xa1a\xce\x00\x89T@\xa1o\xce\x01\x12\xa8\x80-----'
04272019 09:32:03 [INFO]: b'RX:B\x00'
04272019 09:32:03 [INFO]: b'TX:M\x15\x84\xa1e\xcd\x03\xf0\xa1t\xcd\x02*\xa1p\xcd\x15\x12\xa1r\xcd\x06\x19--'
04272019 09:32:04 [INFO]: b'RX:B\x00'
04272019 09:32:04 [INFO]: b'TX:M\x12\x83\xa1h\x00\xa1a\xce\x00\x89T@\xa1o\xce\x01\x12\xa8\x80-----'
04272019 09:32:04 [INFO]: b'RX:B\x00'
04272019 09:32:04 [INFO]: b'TX:M\x12\x83\xa1h\x00\xa1a\xce\x00\x89T@\xa1o\xce\x01\x12\xa8\x80-----'
04272019 09:32:04 [INFO]: b'RX:B\x00'
04272019 09:32:04 [INFO]: b'TX:M\x15\x84\xa1e\xcd\x03\xf0\xa1t\xcd\x02*\xa1p\xcd\x15\x13\xa1r\xcd\x06\x19--'
04272019 09:32:04 [INFO]: b'RX:B\x00'
04272019 09:32:05 [INFO]: b'TX:M\x12\x83\xa1h\x00\xa1a\xce\x00\x89T@\xa1o\xce\x01\x12\xa8\x80-----'
04272019 09:32:05 [INFO]: b'RX:B\x00'
04272019 09:32:05 [INFO]: b'TX:M\x15\x84\xa1e\xcd\x03\xf0\xa1t\xcd\x02+\xa1p\xcd\x15\x13\xa1r\xcd\x06\x18--'
04272019 09:32:05 [INFO]: b'RX:B\x00'
04272019 09:32:05 [INFO]: b'TX:M\x12\x83\xa1h\x00\xa1a\xce\x00\x89T@\xa1o\xce\x01\x12\xa8\x80-----'
04272019 09:32:05 [INFO]: b'RX:B\x00'
04272019 09:32:05 [ERROR]: Buffer overflow
04272019 09:32:05 [INFO]: b'TX:M\x15\x84\xa1e\xcd\x03\xf0\xa1t\xcd\x02+\xa1p\xcd\x15\x13\xa1r\xcd\x06\x18--'
04272019 09:32:06 [INFO]: b'RX:B\x00'
04272019 09:32:06 [INFO]: b'TX:M\x15\x84\xa1e\xcd\x03\xf0\xa1t\xcd\x02+\xa1p\xcd\x15\x12\xa1r\xcd\x06\x18--'
04272019 09:32:06 [INFO]: b'RX:B\x00'
04272019 09:32:06 [INFO]: b'TX:M\x12\x83\xa1h\x00\xa1a\xce\x00\x89T@\xa1o\xce\x01\x12\xa8\x80-----'
04272019 09:40:14 [INFO]: b'RX:B\x00'
04272019 09:40:14 [INFO]: b'TX:M\x15\x84\xa1e\xcd\x03\xf0\xa1t\xcd\x02+\xa1p\xcd\x15\x12\xa1r\xcd\x06\x18--'
04272019 09:40:14 [INFO]: b'RX:B\x00'
04272019 09:40:14 [INFO]: b'TX:M\x12\x83\xa1h\x00\xa1a\xce\x00\x89T@\xa1o\xce\x01\x12\xa8\x80-----'
04272019 09:40:14 [INFO]: b'RX:B\x00'
04272019 09:40:14 [INFO]: b'TX:M\x15\x84\xa1e\xcd\x03\xf0\xa1t\xcd\x02+\xa1p\xcd\x15\x12\xa1r\xcd\x06\x19--'
04272019 09:40:14 [INFO]: b'RX:B\x00'
04272019 09:40:15 [INFO]: b'TX:M\x12\x83\xa1h\x00\xa1a\xce\x00\x89T@\xa1o\xce\x01\x12\xa8\x80-----'
04272019 09:40:15 [INFO]: b'RX:B\x00'
04272019 09:40:15 [INFO]: b'TX:M\x15\x84\xa1e\xcd\x03\xf0\xa1t\xcd\x02+\xa1p\xcd\x15\x12\xa1r\xcd\x06\x1a--'
04272019 09:40:15 [INFO]: b'RX:B\x00'
04272019 09:40:15 [INFO]: b'TX:M\x12\x83\xa1h\x00\xa1a\xce\x00\x89T@\xa1o\xce\x01\x12\xa8\x80-----'
04272019 09:40:15 [INFO]: b'RX:B\x00'
04272019 09:40:15 [INFO]: b'TX:M\x15\x84\xa1e\xcd\x03\xf0\xa1t\xcd\x02,\xa1p\xcd\x15\x12\xa1r\xcd\x06\x1a--'
04272019 09:40:16 [INFO]: b'RX:B\x00'
04272019 09:40:16 [INFO]: b'TX:M\x12\x83\xa1h\x00\xa1a\xce\x00\x89T@\xa1o\xce\x01\x12\xa8\x80-----'
04272019 09:40:16 [INFO]: b'RX:B\x00'
04272019 09:40:16 [ERROR]: Buffer overflow
04272019 09:40:16 [INFO]: b'TX:M\x12\x83\xa1h\x00\xa1a\xce\x00\x89T@\xa1o\xce\x01\x12\xa8\x80-----'
04272019 09:40:16 [INFO]: b'RX:B\x00'
04272019 09:40:16 [INFO]: b'TX:M\x15\x84\xa1e\xcd\x03\xf0\xa1t\xcd\x02,\xa1p\xcd\x15\x12\xa1r\xcd\x06\x19--'
04272019 09:40:17 [INFO]: b'RX:B\x00'
04272019 09:40:17 [INFO]: b'TX:M\x12\x83\xa1h\x00\xa1a\xce\x00\x89T@\xa1o\xce\x01\x12\xa8\x80-----'
04272019 09:40:17 [INFO]: b'RX:B\x00'
04272019 09:40:17 [INFO]: b'TX:M\x15\x84\xa1e\xcd\x03\xf0\xa1t\xcd\x02,\xa1p\xcd\x15\x12\xa1r\xcd\x06\x19--'
04272019 09:40:17 [INFO]: b'RX:B\x00'
04272019 09:40:17 [INFO]: b'TX:M\x12\x83\xa1h\x00\xa1a\xce\x00\x89T@\xa1o\xce\x01\x12\xa8\x80-----'
04272019 09:40:17 [INFO]: b'RX:B\x00'
04272019 09:40:17 [INFO]: b'TX:M\x15\x84\xa1e\xcd\x03\xf0\xa1t\xcd\x02,\xa1p\xcd\x15\x12\xa1r\xcd\x06\x19--'
04272019 09:40:18 [INFO]: b'RX:B\x00'
04272019 09:40:18 [INFO]: b'TX:M\x12\x83\xa1h\x00\xa1a\xce\x00\x89T@\xa1o\xce\x01\x12\xa8\x80-----'
04272019 09:40:18 [INFO]: b'RX:B\x00'
04272019 09:40:18 [INFO]: b'TX:M\x15\x84\xa1e\xcd\x03\xf0\xa1t\xcd\x02,\xa1p\xcd\x15\x12\xa1r\xcd\x06\x19--'
04272019 09:40:18 [INFO]: b'RX:B\x00'
04272019 09:40:18 [INFO]: b'TX:M\x12\x83\xa1h\x00\xa1a\xce\x00\x89T@\xa1o\xce\x01\x12\xa8\x80-----'
04272019 09:40:19 [INFO]: b'RX:B\x00'
04272019 09:40:19 [INFO]: b'TX:M\x15\x84\xa1e\xcd\x03\xf0\xa1t\xcd\x02,\xa1p\xcd\x15\x12\xa1r\xcd\x06\x18--'
04272019 09:40:19 [INFO]: b'RX:B\x00'
04272019 09:40:19 [INFO]: b'TX:M\x12\x83\xa1h\x00\xa1a\xce\x00\x89T@\xa1o\xce\x01\x12\xa8\x80-----'
04272019 09:40:19 [INFO]: b'RX:B\x00'
04272019 09:40:19 [INFO]: b'TX:M\x15\x84\xa1e\xcd\x03\xf0\xa1t\xcd\x02,\xa1p\xcd\x15\x12\xa1r\xcd\x06\x18--'
04272019 09:40:19 [INFO]: b'RX:B\x00'
04272019 09:40:19 [ERROR]: Buffer overflow
04272019 09:40:20 [INFO]: b'TX:M\x12\x83\xa1h\x00\xa1a\xce\x00\x89T@\xa1o\xce\x01\x12\xa8\x80-----'
04272019 09:40:20 [INFO]: b'RX:B\x00'
04272019 09:40:20 [INFO]: b'TX:M\x15\x84\xa1e\xcd\x03\xf0\xa1t\xcd\x02-\xa1p\xcd\x15\x13\xa1r\xcd\x06\x18--'
04272019 09:40:20 [INFO]: b'RX:B\x00'
04272019 09:40:20 [INFO]: b'TX:M\x12\x83\xa1h\x00\xa1a\xce\x00\x89T@\xa1o\xce\x01\x12\xa8\x80-----'
04272019 09:40:20 [INFO]: b'RX:B\x00'
04272019 09:40:20 [INFO]: b'TX:M\x15\x84\xa1e\xcd\x03\xf0\xa1t\xcd\x02-\xa1p\xcd\x15\x12\xa1r\xcd\x06\x18--'
04272019 09:40:21 [INFO]: b'RX:B\x00'
04272019 09:40:21 [INFO]: b'TX:M\x12\x83\xa1h\x00\xa1a\xce\x00\x89T@\xa1o\xce\x01\x12\xa8\x80-----'
04272019 09:40:21 [INFO]: b'RX:B\x00'
04272019 09:40:21 [INFO]: b'TX:M\x15\x84\xa1e\xcd\x03\xf0\xa1t\xcd\x02-\xa1p\xcd\x15\x12\xa1r\xcd\x06\x18--'
04272019 09:40:21 [INFO]: b'RX:B\x00'
04272019 09:40:21 [INFO]: b'TX:M\x12\x83\xa1h\x00\xa1a\xce\x00\x89T@\xa1o\xce\x01\x12\xa8\x80-----'
04272019 09:40:21 [INFO]: b'RX:B\x00'
04272019 09:40:22 [INFO]: b'TX:M\x15\x84\xa1e\xcd\x03\xf0\xa1t\xcd\x02-\xa1p\xcd\x15\x12\xa1r\xcd\x06\x15--'
04272019 09:40:22 [INFO]: b'RX:B\x00'
04272019 09:40:22 [INFO]: b'TX:M\x12\x83\xa1h\x00\xa1a\xce\x00\x89T@\xa1o\xce\x01\x12\xa8\x80-----'
04272019 09:40:22 [INFO]: b'RX:B\x00'
04272019 09:40:22 [INFO]: b'TX:M\x15\x84\xa1e\xcd\x03\xf0\xa1t\xcd\x02-\xa1p\xcd\x15\x12\xa1r\xcd\x06\x19--'
04272019 09:40:22 [INFO]: b'RX:B\x00'
04272019 09:40:22 [INFO]: b'TX:M\x12\x83\xa1h\x00\xa1a\xce\x00\x89T@\xa1o\xce\x01\x12\xa8\x80-----'
04272019 09:40:23 [INFO]: b'RX:B\x00'
04272019 09:40:23 [INFO]: b'TX:M\x15\x84\xa1e\xcd\x03\xf0\xa1t\xcd\x02-\xa1p\xcd\x15\x13\xa1r\xcd\x06\x19--'
04272019 09:40:23 [INFO]: b'RX:B\x00'
04272019 09:40:23 [ERROR]: Buffer overflow
04272019 09:40:23 [INFO]: b'TX:M\x12\x83\xa1h\x00\xa1a\xce\x00\x89T@\xa1o\xce\x01\x12\xa8\x80-----'
04272019 09:40:23 [INFO]: b'RX:B\x00'
04272019 09:40:23 [INFO]: b'TX:M\x15\x84\xa1e\xcd\x03\xf0\xa1t\xcd\x02.\xa1p\xcd\x15\x12\xa1r\xcd\x06\x17--'
04272019 09:40:23 [INFO]: b'RX:B\x00'
04272019 09:40:24 [INFO]: b'TX:M\x15\x84\xa1e\xcd\x03\xf0\xa1t\xcd\x02.\xa1p\xcd\x15\x11\xa1r\xcd\x06\x17--'
04272019 09:40:24 [INFO]: b'RX:B\x00'
04272019 09:40:24 [INFO]: b'TX:M\x12\x83\xa1h\x00\xa1a\xce\x00\x89T@\xa1o\xce\x01\x12\xa8\x80-----'
04272019 09:40:24 [INFO]: b'RX:B\x00'
04272019 09:40:24 [INFO]: b'TX:M\x12\x83\xa1h\x00\xa1a\xce\x00\x89T@\xa1o\xce\x01\x12\xa8\x80-----'
04272019 09:40:24 [INFO]: b'RX:B\x00'
04272019 09:40:24 [INFO]: b'TX:M\x15\x84\xa1e\xcd\x03\xf0\xa1t\xcd\x02.\xa1p\xcd\x15\x12\xa1r\xcd\x06\x17--'
04272019 09:40:25 [INFO]: b'RX:B\x00'
04272019 09:40:25 [INFO]: b'TX:M\x12\x83\xa1h\x00\xa1a\xce\x00\x89T@\xa1o\xce\x01\x12\xa8\x80-----'
04272019 09:40:25 [INFO]: b'RX:B\x00'
04272019 09:40:25 [INFO]: b'TX:M\x15\x84\xa1e\xcd\x03\xf0\xa1t\xcd\x02.\xa1p\xcd\x15\x12\xa1r\xcd\x06\x17--'
04272019 09:40:25 [INFO]: b'RX:B\x00'
04272019 09:40:25 [INFO]: b'TX:M\x12\x83\xa1h\x00\xa1a\xce\x00\x89T@\xa1o\xce\x01\x12\xa8\x80-----'
04272019 09:40:26 [INFO]: b'RX:B\x00'
04272019 09:40:26 [INFO]: b'TX:M\x15\x84\xa1e\xcd\x03\xf0\xa1t\xcd\x02.\xa1p\xcd\x15\x12\xa1r\xcd\x06\x17--'
04272019 09:40:26 [INFO]: b'RX:B\x00'
04272019 09:40:26 [INFO]: b'TX:M\x12\x83\xa1h\x00\xa1a\xce\x00\x89T@\xa1o\xce\x01\x12\xa8\x80-----'
04272019 09:40:26 [INFO]: b'RX:B\x00'
04272019 09:40:26 [INFO]: b'TX:M\x15\x84\xa1e\xcd\x03\xf0\xa1t\xcd\x02.\xa1p\xcd\x15\x12\xa1r\xcd\x06\x17--'
04272019 09:40:26 [INFO]: b'RX:B\x00'
04272019 09:40:26 [ERROR]: Buffer overflow
04272019 09:40:26 [INFO]: b'TX:M\x12\x83\xa1h\x00\xa1a\xce\x00\x89T@\xa1o\xce\x01\x12\xa8\x80-----'
04272019 09:40:27 [INFO]: b'RX:B\x00'
04272019 09:40:27 [INFO]: b'TX:M\x15\x84\xa1e\xcd\x03\xf0\xa1t\xcd\x02/\xa1p\xcd\x15\x13\xa1r\xcd\x06\x16--'
04272019 09:40:27 [INFO]: b'RX:B\x00'
04272019 09:40:27 [INFO]: b'TX:M\x12\x83\xa1h\x00\xa1a\xce\x00\x89T@\xa1o\xce\x01\x12\xa8\x80-----'
04272019 09:40:27 [INFO]: b'RX:B\x00'
04272019 09:40:27 [INFO]: b'TX:M\x15\x84\xa1e\xcd\x03\xf0\xa1t\xcd\x02/\xa1p\xcd\x15\x13\xa1r\xcd\x06\x18--'
04272019 09:40:28 [INFO]: b'RX:B\x00'
04272019 09:40:28 [INFO]: b'TX:M\x12\x83\xa1h\x00\xa1a\xce\x00\x89T@\xa1o\xce\x01\x12\xa8\x80-----'
04272019 09:40:28 [INFO]: b'RX:B\x00'
04272019 09:40:28 [INFO]: b'TX:M\x15\x84\xa1e\xcd\x03\xf0\xa1t\xcd\x02/\xa1p\xcd\x15\x13\xa1r\xcd\x06\x18--'
04272019 09:40:28 [INFO]: b'RX:B\x00'
04272019 09:40:28 [INFO]: b'TX:M\x12\x83\xa1h\x00\xa1a\xce\x00\x89T@\xa1o\xce\x01\x12\xa8\x80-----'
04272019 09:40:28 [INFO]: b'RX:B\x00'
04272019 09:40:28 [INFO]: b'TX:M\x15\x84\xa1e\xcd\x03\xf0\xa1t\xcd\x02/\xa1p\xcd\x15\x12\xa1r\xcd\x06\x17--'
04272019 09:40:29 [INFO]: b'RX:B\x00'
04272019 09:40:29 [INFO]: b'TX:M\x12\x83\xa1h\x00\xa1a\xce\x00\x89T@\xa1o\xce\x01\x12\xa8\x80-----'
04272019 09:40:29 [INFO]: b'RX:B\x00'
04272019 09:40:29 [INFO]: b'TX:M\x15\x84\xa1e\xcd\x03\xf0\xa1t\xcd\x02/\xa1p\xcd\x15\x12\xa1r\xcd\x06\x16--'
04272019 09:40:29 [INFO]: b'RX:B\x00'
04272019 09:40:29 [INFO]: b'TX:M\x12\x83\xa1h\x00\xa1a\xce\x00\x89T@\xa1o\xce\x01\x12\xa8\x80-----'
04272019 09:40:30 [INFO]: b'RX:B\x00'
04272019 09:40:30 [ERROR]: Buffer overflow
04272019 09:40:30 [INFO]: b'TX:M\x15\x84\xa1e\xcd\x03\xf0\xa1t\xcd\x020\xa1p\xcd\x15\x12\xa1r\xcd\x06\x17--'
04272019 09:40:30 [INFO]: b'RX:B\x00'
04272019 09:40:30 [INFO]: b'TX:M\x12\x83\xa1h\x00\xa1a\xce\x00\x89T@\xa1o\xce\x01\x12\xa8\x80-----'
04272019 09:40:30 [INFO]: b'RX:B\x00'
04272019 09:40:30 [INFO]: b'TX:M\x15\x84\xa1e\xcd\x03\xf0\xa1t\xcd\x020\xa1p\xcd\x15\x13\xa1r\xcd\x06\x17--'
04272019 09:40:30 [INFO]: b'RX:B\x00'
04272019 09:40:31 [INFO]: b'TX:M\x12\x83\xa1h\x00\xa1a\xce\x00\x89T@\xa1o\xce\x01\x12\xa8\x80-----'
04272019 09:40:31 [INFO]: b'RX:B\x00'
04272019 09:40:31 [INFO]: b'TX:M\x15\x84\xa1e\xcd\x03\xf0\xa1t\xcd\x020\xa1p\xcd\x15\x13\xa1r\xcd\x06\x17--'
04272019 09:40:31 [INFO]: b'RX:B\x00'
04272019 09:40:31 [INFO]: b'TX:M\x12\x83\xa1h\x00\xa1a\xce\x00\x89T@\xa1o\xce\x01\x12\xa8\x80-----'
04272019 09:40:31 [INFO]: b'RX:B\x00'
04272019 09:40:31 [INFO]: b'TX:M\x15\x84\xa1e\xcd\x03\xf0\xa1t\xcd\x020\xa1p\xcd\x15\x13\xa1r\xcd\x06\x17--'
04272019 09:40:32 [INFO]: b'RX:B\x00'
04272019 09:40:32 [INFO]: b'TX:M\x12\x83\xa1h\x00\xa1a\xce\x00\x89T@\xa1o\xce\x01\x12\xa8\x80-----'
04272019 09:40:32 [INFO]: b'RX:B\x00'
04272019 09:40:32 [INFO]: b'TX:M\x15\x84\xa1e\xcd\x03\xf0\xa1t\xcd\x020\xa1p\xcd\x15\x13\xa1r\xcd\x06\x17--'
04272019 09:40:32 [INFO]: b'RX:B\x00'
04272019 09:40:32 [INFO]: b'TX:M\x12\x83\xa1h\x00\xa1a\xce\x00\x89T@\xa1o\xce\x01\x12\xa8\x80-----'
04272019 09:40:32 [INFO]: b'RX:B\x00'
04272019 09:40:33 [INFO]: b'TX:M\x12\x83\xa1h\x00\xa1a\xce\x00\x89T@\xa1o\xce\x01\x12\xa8\x80-----'
04272019 09:40:33 [ERROR]: Buffer overflow
04272019 09:40:34 [INFO]: b'RX:B\x00'
04272019 09:40:34 [INFO]: b'TX:M\x12\x83\xa1h\x00\xa1a\xce\x00\x89T@\xa1o\xce\x01\x12\xa8\x80-----'
04272019 09:40:35 [INFO]: b'RX:B\x00'
04272019 09:40:35 [INFO]: b'TX:M\x15\x84\xa1e\xcd\x03\xf0\xa1t\xcd\x021\xa1p\xcd\x15\x12\xa1r\xcd\x06\x16--'
