04272019 04:15:48 [ERROR]: negative seek position -2
04272019 04:15:48 [INFO]: b'TX:M\x15\x84\xa1e\xcd\x04\x01\xa1r\xcd\x04\xbb\xa1t\xcd\x02\xe5\xa1p\xcd\x14\xf8--'
04272019 04:15:48 [INFO]: b'RX:B\x00'
04272019 04:15:48 [INFO]: b'TX:M\x15\x84\xa1e\xcd\x04\x01\xa1r\xcd\x04\xbb\xa1t\xcd\x02\xe4\xa1p\xcd\x14\xf8--'
04272019 04:15:48 [INFO]: b'RX:B\x00'
04272019 04:15:48 [INFO]: b'TX:M\x15\x84\xa1e\xcd\x04\x01\xa1r\xcd\x04\xbb\xa1t\xcd\x02\xe4\xa1p\xcd\x14\xf8--'
04272019 04:15:49 [INFO]: b'RX:B\x00'
04272019 04:15:49 [INFO]: b'TX:M\x15\x84\xa1e\xcd\x04\x01\xa1r\xcd\x04\xbb\xa1t\xcd\x02\xe4\xa1p\xcd\x14\xf8--'
04272019 04:15:49 [INFO]: b'RX:B\x00'
04272019 04:15:49 [INFO]: b'TX:M\x15\x84\xa1e\xcd\x04\x01\xa1r\xcd\x04\xbc\xa1t\xcd\x02\xe4\xa1p\xcd\x14\xf8--'
04272019 04:15:49 [INFO]: b'RX:B\x00'
04272019 04:15:49 [INFO]: b'TX:M\x12\x83\xa1o\xce\x01\x12\xa8\x80\xa1h\x00\xa1a\xce\x00\x89T@-----'
04272019 04:15:49 [INFO]: b'RX:B\x00'
04272019 04:15:49 [INFO]: b'TX:M\x12\x83\xa1o\xce\x01\x12\xa8\x80\xa1h\x00\xa1a\xce\x00\x89T@-----'
04272019 04:15:50 [INFO]: b'RX:B\x00'
04272019 04:15:50 [INFO]: b'TX:M\x12\x83\xa1o\xce\x01\x12\xa8\x80\xa1h\x00\xa1a\xce\x00\x89T@-----'
04272019 04:15:50 [INFO]: b'RX:B\x00'
04272019 04:15:50 [INFO]: b'TX:M\x12\x83\xa1o\xce\x01\x12\xa8\x80\xa1h\x00\xa1a\xce\x00\x89T@-----'
04272019 04:15:50 [INFO]: b'RX:B\x00'
04272019 04:15:50 [INFO]: b'TX:M\x12\x83\xa1o\xce\x01\x12\xa8\x80\xa1h\x00\xa1a\xce\x00\x89T@-----'
04272019 04:15:51 [INFO]: b'RX:B\x00'
04272019 04:15:51 [INFO]: b'TX:M\x15\x84\xa1e\xcd\x04\x01\xa1r\xcd\x04\xbc\xa1t\xcd\x02\xe4\xa1p\xcd\x14\xf8--'
04272019 04:15:51 [INFO]: b'RX:B\x00'
04272019 04:15:51 [INFO]: b'TX:M\x12\x83\xa1o\xce\x01\x12\xa8\x80\xa1h\x00\xa1a\xce\x00\x89T@-----'
04272019 04:15:51 [INFO]: b'RX:B\x00'
04272019 04:15:51 [INFO]: b'TX:M\x15\x84\xa1e\xcd\x04\x01\xa1r\xcd\x04\xbc\xa1t\xcd\x02\xe4\xa1p\xcd\x14\xf8--'
04272019 04:15:51 [INFO]: b'RX:B\x00'
04272019 04:15:51 [INFO]: b'TX:M\x12\x83\xa1o\xce\x01\x12\xa8\x80\xa1h\x00\xa1a\xce\x00\x89T@-----'
04272019 04:15:52 [INFO]: b'RX:B\x00'
04272019 04:15:52 [INFO]: b'TX:M\x15\x84\xa1e\xcd\x04\x01\xa1r\xcd\x04\xbc\xa1t\xcd\x02\xe4\xa1p\xcd\x14\xf8--'
04272019 04:15:52 [INFO]: b'RX:B\x00'
04272019 04:15:52 [INFO]: b'TX:M\x15\x84\xa1e\xcd\x04\x01\xa1r\xcd\x04\xbc\xa1t\xcd\x02\xe5\xa1p\xcd\x14\xf8--'
04272019 04:15:52 [INFO]: b'RX:B\x00'
04272019 04:15:52 [INFO]: b'TX:M\x12\x83\xa1o\xce\x01\x12\xa8\x80\xa1h\x00\xa1a\xce\x00\x89T@-----'
04272019 04:15:52 [INFO]: b'RX:B\x00'
04272019 04:15:53 [INFO]: b'TX:M\x15\x84\xa1e\xcd\x04\x01\xa1r\xcd\x04\xbc\xa1t\xcd\x02\xe4\xa1p\xcd\x14\xf8--'
04272019 04:15:53 [INFO]: b'RX:B\x00'
04272019 04:15:53 [INFO]: b'TX:M\x12\x83\xa1o\xce\x01\x12\xa8\x80\xa1h\x00\xa1a\xce\x00\x89T@-----'
04272019 04:15:53 [INFO]: b'RX:B\x00'
04272019 04:15:53 [INFO]: b'TX:M\x12\x83\xa1o\xce\x01\x12\xa8\x80\xa1h\x00\xa1a\xce\x00\x89T@-----'
04272019 04:15:53 [INFO]: b'RX:B\x00'
04272019 04:15:53 [INFO]: b'TX:M\x15\x84\xa1e\xcd\x04\x01\xa1r\xcd\x04\xbc\xa1t\xcd\x02\xe4\xa1p\xcd\x14\xf8--'
04272019 04:15:54 [INFO]: b'RX:B\x00'
04272019 04:15:54 [INFO]: b'TX:M\x12\x83\xa1o\xce\x01\x12\xa8\x80\xa1h\x00\xa1a\xce\x00\x89T@-----'
04272019 04:15:54 [INFO]: b'RX:REBOOT\xf2'
04272019 04:15:54 [INFO]: b'TX:M\x15\x84\xa1e\xcd\x04\x01\xa1r\xcd\x04\xbd\xa1t\xcd\x02\xe4\xa1p\xcd\x14\xf8--'
04272019 04:15:54 [INFO]: b'RX:B\x00'
04272019 04:15:54 [INFO]: b'TX:M\x12\x83\xa1o\xce\x01\x12\xa8\x80\xa1h\x00\xa1a\xce\x00\x89T@-----'
04272019 04:15:54 [INFO]: b'RX:B\x00'
04272019 04:15:55 [INFO]: b'TX:M\x15\x84\xa1e\xcd\x04\x01\xa1r\xcd\x04\xbb\xa1t\xcd\x02\xe4\xa1p\xcd\x14\xf8--'
04272019 04:15:55 [INFO]: b'RX:B\x00'
04272019 04:15:55 [INFO]: b'TX:M\x12\x83\xa1o\xce\x01\x12\xa8\x80\xa1h\x00\xa1a\xce\x00\x89T@-----'
04272019 04:15:55 [INFO]: b'RX:B\x00'
04272019 04:15:55 [INFO]: b'TX:M\x15\x84\xa1e\xcd\x04\x01\xa1r\xcd\x04\xbb\xa1t\xcd\x02\xe4\xa1p\xcd\x14\xf7--'
04272019 04:15:55 [INFO]: b'RX:B\x00'
04272019 04:15:55 [INFO]: b'TX:M\x12\x83\xa1o\xce\x01\x12\xa8\x80\xa1h\x00\xa1a\xce\x00\x89T@-----'
04272019 04:15:56 [INFO]: b'RX:B\x00'
04272019 04:15:56 [INFO]: b'TX:M\x15\x84\xa1e\xcd\x04\x01\xa1r\xcd\x04\xb9\xa1t\xcd\x02\xe4\xa1p\xcd\x14\xf8--'
04272019 04:15:56 [INFO]: b'RX:B\x00'
04272019 04:15:56 [INFO]: b'TX:M\x12\x83\xa1o\xce\x01\x12\xa8\x80\xa1h\x00\xa1a\xce\x00\x89T@-----'
04272019 04:15:56 [INFO]: b'RX:B\x00'
04272019 04:15:56 [INFO]: b'TX:M\x15\x84\xa1e\xcd\x04\x01\xa1r\xcd\x04\xb9\xa1t\xcd\x02\xe4\xa1p\xcd\x14\xf8--'
04272019 04:15:56 [INFO]: b'RX:B\x00'
04272019 04:15:57 [INFO]: b'TX:M\x12\x83\xa1o\xce\x01\x12\xa8\x80\xa1h\x00\xa1a\xce\x00\x89T@-----'
04272019 04:15:57 [INFO]: b'RX:B\x00'
04272019 04:15:57 [INFO]: b'TX:M\x15\x84\xa1e\xcd\x04\x01\xa1r\xcd\x04\xb9\xa1t\xcd\x02\xe4\xa1p\xcd\x14\xf8--'
04272019 04:15:57 [INFO]: b'RX:B\x00'
04272019 04:15:57 [INFO]: b'TX:M\x12\x83\xa1o\xce\x01\x12\xa8\x80\xa1h\x00\xa1a\xce\x00\x89T@-----'
04272019 04:15:57 [INFO]: b'RX:B\x00'
04272019 04:15:57 [INFO]: b'TX:M\x15\x84\xa1e\xcd\x04\x01\xa1r\xcd\x04\xbb\xa1t\xcd\x02\xe4\xa1p\xcd\x14\xf8--'
04272019 04:15:58 [INFO]: b'RX:B\x00'
04272019 04:15:58 [INFO]: b'TX:M\x12\x83\xa1o\xce\x01\x12\xa8\x80\xa1h\x00\xa1a\xce\x00\x89T@-----'
04272019 04:15:58 [INFO]: b'RX:B\x00'
04272019 04:15:58 [INFO]: b'TX:M\x15\x84\xa1e\xcd\x04\x01\xa1r\xcd\x04\xbb\xa1t\xcd\x02\xe4\xa1p\xcd\x14\xf8--'
04272019 04:15:58 [INFO]: b'RX:B\x00'
04272019 04:15:58 [INFO]: b'TX:M\x12\x83\xa1o\xce\x01\x12\xa8\x80\xa1h\x00\xa1a\xce\x00\x89T@-----'
04272019 04:15:58 [INFO]: b'RX:B\x00'
04272019 04:15:59 [INFO]: b'TX:M\x15\x84\xa1e\xcd\x04\x01\xa1r\xcd\x04\xba\xa1t\xcd\x02\xe4\xa1p\xcd\x14\xf8--'
04272019 04:15:59 [INFO]: b'RX:B\x00'
04272019 04:15:59 [INFO]: b'TX:M\x12\x83\xa1o\xce\x01\x12\xa8\x80\xa1h\x00\xa1a\xce\x00\x89T@-----'
04272019 04:15:59 [INFO]: b'RX:B\x00'
04272019 04:15:59 [INFO]: b'TX:M\x15\x84\xa1e\xcd\x04\x01\xa1r\xcd\x04\xba\xa1t\xcd\x02\xe4\xa1p\xcd\x14\xf8--'
04272019 04:15:59 [INFO]: b'RX:B\x00'
04272019 04:15:59 [INFO]: b'TX:M\x12\x83\xa1o\xce\x01\x12\xa8\x80\xa1h\x00\xa1a\xce\x00\x89T@-----'
04272019 04:16:00 [INFO]: b'RX:B\x00'
04272019 04:16:00 [INFO]: b'TX:M\x15\x84\xa1e\xcd\x04\x01\xa1r\xcd\x04\xb8\xa1t\xcd\x02\xe4\xa1p\xcd\x14\xf7--'
04272019 04:16:00 [INFO]: b'RX:B\x00'
04272019 04:16:00 [INFO]: b'TX:M\x12\x83\xa1o\xce\x01\x12\xa8\x80\xa1h\x00\xa1a\xce\x00\x89T@-----'
04272019 04:16:00 [INFO]: b'RX:B\x00'
04272019 04:16:00 [INFO]: b'TX:M\x15\x84\xa1e\xcd\x04\x01\xa1r\xcd\x04\xba\xa1t\xcd\x02\xe4\xa1p\xcd\x14\xf7--'
04272019 04:16:00 [INFO]: b'RX:B\x00'
04272019 04:16:00 [INFO]: b'TX:M\x12\x83\xa1o\xce\x01\x12\xa8\x80\xa1h\x00\xa1a\xce\x00\x89T@-----'
04272019 04:16:01 [INFO]: b'RX:B\x00'
04272019 04:16:01 [INFO]: b'TX:M\x15\x84\xa1e\xcd\x04\x01\xa1r\xcd\x04\xba\xa1t\xcd\x02\xe4\xa1p\xcd\x14\xf8--'
04272019 04:16:01 [INFO]: b'RX:B\x00'
04272019 04:16:01 [INFO]: b'TX:M\x12\x83\xa1o\xce\x01\x12\xa8\x80\xa1h\x00\xa1a\xce\x00\x89T@-----'
04272019 04:16:01 [INFO]: b'RX:B\x00'
04272019 04:16:01 [INFO]: b'TX:M\x15\x84\xa1e\xcd\x04\x01\xa1r\xcd\x04\xba\xa1t\xcd\x02\xe4\xa1p\xcd\x14\xf8--'
04272019 04:16:02 [INFO]: b'RX:B\x00'
04272019 04:16:02 [INFO]: b'TX:M\x12\x83\xa1o\xce\x01\x12\xa8\x80\xa1h\x00\xa1a\xce\x00\x89T@-----'
04272019 04:16:02 [INFO]: b'RX:B\x00'
04272019 04:16:02 [INFO]: b'TX:M\x15\x84\xa1e\xcd\x04\x01\xa1r\xcd\x04\xba\xa1t\xcd\x02\xe4\xa1p\xcd\x14\xf8--'
04272019 04:16:02 [INFO]: b'RX:B\x00'
04272019 04:16:02 [INFO]: b'TX:M\x12\x83\xa1o\xce\x01\x12\xa8\x80\xa1h\x00\xa1a\xce\x00\x89T@-----'
04272019 04:16:02 [INFO]: b'RX:B\x00'
04272019 04:16:02 [INFO]: b'TX:M\x15\x84\xa1e\xcd\x04\x01\xa1r\xcd\x04\xb7\xa1t\xcd\x02\xe4\xa1p\xcd\x14\xf9--'
04272019 04:16:03 [INFO]: b'RX:B\x00'
04272019 04:16:03 [ERROR]: Buffer overflow
04272019 04:16:03 [INFO]: b'TX:M\x12\x83\xa1o\xce\x01\x12\xa8\x80\xa1h\x00\xa1a\xce\x00\x89T@-----'
04272019 04:16:03 [INFO]: b'RX:B\x00'
04272019 04:16:03 [INFO]: b'TX:M\x15\x84\xa1e\xcd\x04\x01\xa1r\xcd\x04\xb7\xa1t\xcd\x02\xe4\xa1p\xcd\x14\xf8--'
04272019 04:16:03 [INFO]: b'RX:B\x00'
04272019 04:16:03 [INFO]: b'TX:M\x12\x83\xa1o\xce\x01\x12\xa8\x80\xa1h\x00\xa1a\xce\x00\x89T@-----'
04272019 04:16:04 [INFO]: b'RX:B\x00'
04272019 04:16:04 [INFO]: b'TX:M\x15\x84\xa1e\xcd\x04\x01\xa1r\xcd\x04\xb9\xa1t\xcd\x02\xe5\xa1p\xcd\x14\xf8--'
04272019 04:16:04 [INFO]: b'RX:B\x00'
04272019 04:16:04 [INFO]: b'TX:M\x12\x83\xa1o\xce\x01\x12\xa8\x80\xa1h\x00\xa1a\xce\x00\x89T@-----'
04272019 04:16:04 [INFO]: b'RX:B\x00'
04272019 04:16:04 [INFO]: b'TX:M\x15\x84\xa1e\xcd\x04\x01\xa1r\xcd\x04\xb7\xa1t\xcd\x02\xe5\xa1p\xcd\x14\xf8--'
04272019 04:16:04 [INFO]: b'RX:B\x00'
04272019 04:16:04 [INFO]: b'TX:M\x12\x83\xa1o\xce\x01\x12\xa8\x80\xa1h\x00\xa1a\xce\x00\x89T@-----'
04272019 04:16:05 [INFO]: b'RX:B\x00'
04272019 04:16:05 [INFO]: b'TX:M\x15\x84\xa1e\xcd\x04\x01\xa1r\xcd\x04\xb7\xa1t\xcd\x02\xe4\xa1p\xcd\x14\xf8--'
04272019 04:16:05 [INFO]: b'RX:B\x00'
04272019 04:16:05 [INFO]: b'TX:M\x12\x83\xa1o\xce\x01\x12\xa8\x80\xa1h\x00\xa1a\xce\x00\x89T@-----'
04272019 04:16:05 [INFO]: b'RX:B\x00'
04272019 04:16:05 [INFO]: b'TX:M\x15\x84\xa1e\xcd\x04\x01\xa1r\xcd\x04\xb7\xa1t\xcd\x02\xe5\xa1p\xcd\x14\xf8--'
04272019 04:16:06 [INFO]: b'RX:B\x00'
04272019 04:16:06 [INFO]: b'TX:M\x12\x83\xa1o\xce\x01\x12\xa8\x80\xa1h\x00\xa1a\xce\x00\x89T@-----'
04272019 04:16:06 [INFO]: b'RX:B\x00'
04272019 04:16:06 [INFO]: b'TX:M\x15\x84\xa1e\xcd\x04\x01\xa1r\xcd\x04\xb7\xa1t\xcd\x02\xe5\xa1p\xcd\x14\xf8--'
04272019 04:16:06 [INFO]: b'RX:B\x00'
04272019 04:16:06 [ERROR]: Buffer overflow
04272019 04:16:06 [INFO]: b'TX:M\x12\x83\xa1o\xce\x01\x12\xa8\x80\xa1h\x00\xa1a\xce\x00\x89T@-----'
04272019 04:16:06 [INFO]: b'RX:B\x00'
04272019 04:16:06 [INFO]: b'TX:M\x15\x84\xa1e\xcd\x04\x01\xa1r\xcd\x04\xb7\xa1t\xcd\x02\xe4\xa1p\xcd\x14\xf7--'
04272019 04:16:07 [INFO]: b'RX:B\x00'
04272019 04:16:07 [INFO]: b'TX:M\x12\x83\xa1o\xce\x01\x12\xa8\x80\xa1h\x00\xa1a\xce\x00\x89T@-----'
04272019 04:16:07 [INFO]: b'RX:B\x00'
04272019 04:16:07 [INFO]: b'TX:M\x15\x84\xa1e\xcd\x04\x01\xa1r\xcd\x04\xb6\xa1t\xcd\x02\xe4\xa1p\xcd\x14\xf7--'
04272019 04:16:07 [INFO]: b'RX:B\x00'
04272019 04:16:07 [INFO]: b'TX:M\x12\x83\xa1o\xce\x01\x12\xa8\x80\xa1h\x00\xa1a\xce\x00\x89T@-----'
04272019 04:16:08 [INFO]: b'RX:B\x00'
04272019 04:16:08 [INFO]: b'TX:M\x15\x84\xa1e\xcd\x04\x01\xa1r\xcd\x04\xb6\xa1t\xcd\x02\xe5\xa1p\xcd\x14\xf8--'
04272019 04:16:08 [INFO]: b'RX:B\x00'
04272019 04:16:08 [INFO]: b'TX:M\x12\x83\xa1o\xce\x01\x12\xa8\x80\xa1h\x00\xa1a\xce\x00\x89T@-----'
04272019 04:16:08 [INFO]: b'RX:B\x00'
04272019 04:16:08 [INFO]: b'TX:M\x15\x84\xa1e\xcd\x04\x01\xa1r\xcd\x04\xb7\xa1t\xcd\x02\xe5\xa1p\xcd\x14\xf8--'
04272019 04:16:08 [INFO]: b'RX:B\x00'
04272019 04:16:08 [INFO]: b'TX:M\x12\x83\xa1o\xce\x01\x12\xa8\x80\xa1h\x00\xa1a\xce\x00\x89T@-----'
04272019 04:16:09 [INFO]: b'RX:B\x00'
04272019 04:16:09 [INFO]: b'TX:M\x15\x84\xa1e\xcd\x04\x01\xa1r\xcd\x04\xb7\xa1t\xcd\x02\xe5\xa1p\xcd\x14\xf8--'
04272019 04:16:09 [INFO]: b'RX:B\x00'
04272019 04:16:09 [INFO]: b'TX:M\x12\x83\xa1o\xce\x01\x12\xa8\x80\xa1h\x00\xa1a\xce\x00\x89T@-----'
04272019 04:16:09 [INFO]: b'RX:B\x00'
04272019 04:16:09 [ERROR]: Buffer overflow
04272019 04:16:09 [INFO]: b'TX:M\x15\x84\xa1e\xcd\x04\x01\xa1r\xcd\x04\xb6\xa1t\xcd\x02\xe5\xa1p\xcd\x14\xf7--'
04272019 04:16:10 [INFO]: b'RX:B\x00'
04272019 04:16:10 [INFO]: b'TX:M\x12\x83\xa1o\xce\x01\x12\xa8\x80\xa1h\x00\xa1a\xce\x00\x89T@-----'
04272019 04:16:10 [INFO]: b'RX:B\x00'
04272019 04:16:10 [INFO]: b'TX:M\x15\x84\xa1e\xcd\x04\x01\xa1r\xcd\x04\xb5\xa1t\xcd\x02\xe5\xa1p\xcd\x14\xf7--'
04272019 04:16:10 [INFO]: b'RX:B\x00'
04272019 04:16:10 [INFO]: b'TX:M\x12\x83\xa1o\xce\x01\x12\xa8\x80\xa1h\x00\xa1a\xce\x00\x89T@-----'
