04272019 04:05:55 [ERROR]: negative seek position -2
04272019 04:05:55 [INFO]: b'TX:M\x15\x84\xa1p\xcd\x14\xf8\xa1t\xcd\x02\xce\xa1e\xcd\x03\xfb\xa1r\xcd\x05(--'
04272019 04:05:55 [INFO]: b'RX:B\x00'
04272019 04:05:55 [INFO]: b'TX:M\x15\x84\xa1p\xcd\x14\xf8\xa1t\xcd\x02\xce\xa1e\xcd\x03\xfb\xa1r\xcd\x05(--'
04272019 04:05:55 [INFO]: b'RX:B\x00'
04272019 04:05:55 [INFO]: b'TX:M\x15\x84\xa1p\xcd\x14\xf8\xa1t\xcd\x02\xce\xa1e\xcd\x03\xfb\xa1r\xcd\x05(--'
04272019 04:05:55 [INFO]: b'RX:B\x00'
04272019 04:05:55 [INFO]: b'TX:M\x15\x84\xa1p\xcd\x14\xf8\xa1t\xcd\x02\xce\xa1e\xcd\x03\xfb\xa1r\xcd\x05(--'
04272019 04:05:56 [INFO]: b'RX:B\x00'
04272019 04:05:56 [INFO]: b'TX:M\x15\x84\xa1p\xcd\x14\xf8\xa1t\xcd\x02\xcd\xa1e\xcd\x03\xfb\xa1r\xcd\x05(--'
04272019 04:05:56 [INFO]: b'RX:B\x00'
04272019 04:05:56 [INFO]: b'TX:M\x12\x83\xa1a\xce\x00\x89T@\xa1o\xce\x01\x12\xa8\x80\xa1h\x00-----'
04272019 04:05:56 [INFO]: b'RX:B\x00'
04272019 04:05:56 [INFO]: b'TX:M\x12\x83\xa1a\xce\x00\x89T@\xa1o\xce\x01\x12\xa8\x80\xa1h\x00-----'
04272019 04:05:57 [INFO]: b'RX:B\x00'
04272019 04:05:57 [INFO]: b'TX:M\x12\x83\xa1a\xce\x00\x89T@\xa1o\xce\x01\x12\xa8\x80\xa1h\x00-----'
04272019 04:05:57 [INFO]: b'RX:B\x00'
04272019 04:05:57 [INFO]: b'TX:M\x12\x83\xa1a\xce\x00\x89T@\xa1o\xce\x01\x12\xa8\x80\xa1h\x00-----'
04272019 04:05:57 [INFO]: b'RX:B\x00'
04272019 04:05:57 [INFO]: b'TX:M\x12\x83\xa1a\xce\x00\x89T@\xa1o\xce\x01\x12\xa8\x80\xa1h\x00-----'
04272019 04:05:57 [INFO]: b'RX:B\x00'
04272019 04:05:57 [INFO]: b'TX:M\x15\x84\xa1p\xcd\x14\xf9\xa1t\xcd\x02\xce\xa1e\xcd\x03\xfb\xa1r\xcd\x05(--'
04272019 04:05:58 [INFO]: b'RX:B\x00'
04272019 04:05:58 [INFO]: b'TX:M\x15\x84\xa1p\xcd\x14\xf9\xa1t\xcd\x02\xce\xa1e\xcd\x03\xfb\xa1r\xcd\x05(--'
04272019 04:05:58 [INFO]: b'RX:B\x00'
04272019 04:05:58 [INFO]: b'TX:M\x12\x83\xa1a\xce\x00\x89T@\xa1o\xce\x01\x12\xa8\x80\xa1h\x00-----'
04272019 04:05:58 [INFO]: b'RX:B\x00'
04272019 04:05:58 [INFO]: b'TX:M\x15\x84\xa1p\xcd\x14\xf8\xa1t\xcd\x02\xce\xa1e\xcd\x03\xfb\xa1r\xcd\x05(--'
04272019 04:05:59 [INFO]: b'RX:B\x00'
04272019 04:05:59 [INFO]: b'TX:M\x12\x83\xa1a\xce\x00\x89T@\xa1o\xce\x01\x12\xa8\x80\xa1h\x00-----'
04272019 04:05:59 [INFO]: b'RX:B\x00'
04272019 04:05:59 [INFO]: b'TX:M\x12\x83\xa1a\xce\x00\x89T@\xa1o\xce\x01\x12\xa8\x80\xa1h\x00-----'
04272019 04:05:59 [INFO]: b'RX:B\x00'
04272019 04:05:59 [INFO]: b'TX:M\x15\x84\xa1p\xcd\x14\xf8\xa1t\xcd\x02\xce\xa1e\xcd\x03\xfb\xa1r\xcd\x05(--'
04272019 04:05:59 [INFO]: b'RX:B\x00'
04272019 04:05:59 [INFO]: b'TX:M\x12\x83\xa1a\xce\x00\x89T@\xa1o\xce\x01\x12\xa8\x80\xa1h\x00-----'
04272019 04:06:00 [INFO]: b'RX:B\x00'
04272019 04:06:00 [INFO]: b'TX:M\x15\x84\xa1p\xcd\x14\xf8\xa1t\xcd\x02\xce\xa1e\xcd\x03\xfb\xa1r\xcd\x05*--'
04272019 04:06:00 [INFO]: b'RX:B\x00'
04272019 04:06:00 [INFO]: b'TX:M\x12\x83\xa1a\xce\x00\x89T@\xa1o\xce\x01\x12\xa8\x80\xa1h\x00-----'
04272019 04:06:00 [INFO]: b'RX:B\x00'
04272019 04:06:00 [INFO]: b'TX:M\x15\x84\xa1p\xcd\x14\xf8\xa1t\xcd\x02\xce\xa1e\xcd\x03\xfb\xa1r\xcd\x05+--'
04272019 04:06:01 [INFO]: b'RX:B\x00'
04272019 04:06:01 [INFO]: b'TX:M\x12\x83\xa1a\xce\x00\x89T@\xa1o\xce\x01\x12\xa8\x80\xa1h\x00-----'
04272019 04:06:01 [INFO]: b'RX:PL1x'
04272019 04:06:01 [INFO]: b'TX:M\x15\x84\xa1p\xcd\x14\xf9\xa1t\xcd\x02\xce\xa1e\xcd\x03\xfb\xa1r\xcd\x05+--'
04272019 04:06:01 [INFO]: b'RX:B\x00'
04272019 04:06:01 [INFO]: b'TX:M\x12\x83\xa1a\xce\x00\x89T@\xa1o\xce\x01\x12\xa8\x80\xa1h\x00-----'
04272019 04:06:01 [INFO]: b'RX:B\x00'
04272019 04:06:02 [INFO]: b'TX:M\x15\x84\xa1p\xcd\x14\xf8\xa1t\xcd\x02\xce\xa1e\xcd\x03\xfb\xa1r\xcd\x05*--'
04272019 04:06:02 [INFO]: b'RX:B\x00'
04272019 04:06:02 [INFO]: b'TX:M\x12\x83\xa1a\xce\x00\x89T@\xa1o\xce\x01\x12\xa8\x80\xa1h\x00-----'
04272019 04:06:02 [INFO]: b'RX:B\x00'
04272019 04:06:02 [INFO]: b'TX:M\x15\x84\xa1p\xcd\x14\xf8\xa1t\xcd\x02\xce\xa1e\xcd\x03\xfb\xa1r\xcd\x05*--'
04272019 04:06:02 [INFO]: b'RX:B\x00'
04272019 04:06:02 [INFO]: b'TX:M\x15\x84\xa1p\xcd\x14\xf8\xa1t\xcd\x02\xce\xa1e\xcd\x03\xfb\xa1r\xcd\x05+--'
04272019 04:06:03 [INFO]: b'RX:B\x00'
04272019 04:06:03 [INFO]: b'TX:M\x12\x83\xa1a\xce\x00\x89T@\xa1o\xce\x01\x12\xa8\x80\xa1h\x00-----'
04272019 04:06:03 [INFO]: b'RX:B\x00'
04272019 04:06:03 [INFO]: b'TX:M\x15\x84\xa1p\xcd\x14\xf8\xa1t\xcd\x02\xce\xa1e\xcd\x03\xfb\xa1r\xcd\x05+--'
04272019 04:06:03 [INFO]: b'RX:B\x00'
04272019 04:06:03 [INFO]: b'TX:M\x12\x83\xa1a\xce\x00\x89T@\xa1o\xce\x01\x12\xa8\x80\xa1h\x00-----'
04272019 04:06:03 [INFO]: b'RX:B\x00'
04272019 04:06:04 [INFO]: b'TX:M\x15\x84\xa1p\xcd\x14\xf8\xa1t\xcd\x02\xce\xa1e\xcd\x03\xfb\xa1r\xcd\x05+--'
04272019 04:06:04 [INFO]: b'RX:B\x00'
04272019 04:06:04 [INFO]: b'TX:M\x12\x83\xa1a\xce\x00\x89T@\xa1o\xce\x01\x12\xa8\x80\xa1h\x00-----'
04272019 04:06:04 [INFO]: b'RX:B\x00'
04272019 04:06:04 [INFO]: b'TX:M\x15\x84\xa1p\xcd\x14\xf8\xa1t\xcd\x02\xce\xa1e\xcd\x03\xfb\xa1r\xcd\x05*--'
04272019 04:06:04 [INFO]: b'RX:B\x00'
04272019 04:06:04 [INFO]: b'TX:M\x12\x83\xa1a\xce\x00\x89T@\xa1o\xce\x01\x12\xa8\x80\xa1h\x00-----'
04272019 04:06:05 [INFO]: b'RX:B\x00'
04272019 04:06:05 [INFO]: b'TX:M\x15\x84\xa1p\xcd\x14\xf8\xa1t\xcd\x02\xce\xa1e\xcd\x03\xfb\xa1r\xcd\x05*--'
04272019 04:06:05 [INFO]: b'RX:B\x00'
04272019 04:06:05 [INFO]: b'TX:M\x12\x83\xa1a\xce\x00\x89T@\xa1o\xce\x01\x12\xa8\x80\xa1h\x00-----'
04272019 04:06:05 [INFO]: b'RX:B\x00'
04272019 04:06:05 [INFO]: b'TX:M\x12\x83\xa1a\xce\x00\x89T@\xa1o\xce\x01\x12\xa8\x80\xa1h\x00-----'
04272019 04:06:05 [INFO]: b'RX:B\x00'
04272019 04:06:06 [INFO]: b'TX:M\x15\x84\xa1p\xcd\x14\xf8\xa1t\xcd\x02\xce\xa1e\xcd\x03\xfb\xa1r\xcd\x05*--'
04272019 04:06:06 [INFO]: b'RX:B\x00'
04272019 04:06:06 [INFO]: b'TX:M\x12\x83\xa1a\xce\x00\x89T@\xa1o\xce\x01\x12\xa8\x80\xa1h\x00-----'
04272019 04:06:06 [INFO]: b'RX:B\x00'
04272019 04:06:06 [INFO]: b'TX:M\x15\x84\xa1p\xcd\x14\xf8\xa1t\xcd\x02\xce\xa1e\xcd\x03\xfb\xa1r\xcd\x05)--'
04272019 04:06:06 [INFO]: b'RX:B\x00'
04272019 04:06:06 [INFO]: b'TX:M\x12\x83\xa1a\xce\x00\x89T@\xa1o\xce\x01\x12\xa8\x80\xa1h\x00-----'
04272019 04:06:07 [INFO]: b'RX:B\x00'
04272019 04:06:07 [INFO]: b'TX:M\x15\x84\xa1p\xcd\x14\xf8\xa1t\xcd\x02\xce\xa1e\xcd\x03\xfb\xa1r\xcd\x05)--'
04272019 04:06:07 [INFO]: b'RX:B\x00'
04272019 04:06:07 [INFO]: b'TX:M\x12\x83\xa1a\xce\x00\x89T@\xa1o\xce\x01\x12\xa8\x80\xa1h\x00-----'
04272019 04:06:07 [INFO]: b'RX:B\x00'
04272019 04:06:07 [INFO]: b'TX:M\x15\x84\xa1p\xcd\x14\xf8\xa1t\xcd\x02\xce\xa1e\xcd\x03\xfb\xa1r\xcd\x05+--'
04272019 04:06:07 [INFO]: b'RX:B\x00'
04272019 04:06:08 [INFO]: b'TX:M\x12\x83\xa1a\xce\x00\x89T@\xa1o\xce\x01\x12\xa8\x80\xa1h\x00-----'
04272019 04:06:08 [INFO]: b'RX:B\x00'
04272019 04:06:08 [INFO]: b'TX:M\x15\x84\xa1p\xcd\x14\xf8\xa1t\xcd\x02\xce\xa1e\xcd\x03\xfb\xa1r\xcd\x05+--'
04272019 04:06:08 [INFO]: b'RX:B\x00'
04272019 04:06:08 [INFO]: b'TX:M\x12\x83\xa1a\xce\x00\x89T@\xa1o\xce\x01\x12\xa8\x80\xa1h\x00-----'
04272019 04:06:08 [INFO]: b'RX:B\x00'
04272019 04:06:08 [INFO]: b'TX:M\x15\x84\xa1p\xcd\x14\xf9\xa1t\xcd\x02\xce\xa1e\xcd\x03\xfb\xa1r\xcd\x05)--'
04272019 04:06:09 [INFO]: b'RX:REBOOT\xf2'
04272019 04:06:09 [ERROR]: Buffer overflow
04272019 04:06:09 [INFO]: b'TX:M\x12\x83\xa1a\xce\x00\x89T@\xa1o\xce\x01\x12\xa8\x80\xa1h\x00-----'
04272019 04:06:09 [INFO]: b'RX:B\x00'
04272019 04:06:09 [INFO]: b'TX:M\x15\x84\xa1p\xcd\x14\xf8\xa1t\xcd\x02\xce\xa1e\xcd\x03\xfb\xa1r\xcd\x05(--'
04272019 04:06:09 [INFO]: b'RX:B\x00'
04272019 04:06:09 [INFO]: b'TX:M\x15\x84\xa1p\xcd\x14\xf8\xa1t\xcd\x02\xce\xa1e\xcd\x03\xfb\xa1r\xcd\x05)--'
04272019 04:06:09 [INFO]: b'RX:B\x00'
04272019 04:06:09 [INFO]: b'TX:M\x12\x83\xa1a\xce\x00\x89T@\xa1o\xce\x01\x12\xa8\x80\xa1h\x00-----'
04272019 04:06:10 [INFO]: b'RX:B\x00'
04272019 04:06:10 [INFO]: b'TX:M\x15\x84\xa1p\xcd\x14\xf8\xa1t\xcd\x02\xce\xa1e\xcd\x03\xfb\xa1r\xcd\x05*--'
04272019 04:06:10 [INFO]: b'RX:B\x00'
04272019 04:06:10 [INFO]: b'TX:M\x12\x83\xa1a\xce\x00\x89T@\xa1o\xce\x01\x12\xa8\x80\xa1h\x00-----'
04272019 04:06:10 [INFO]: b'RX:B\x00'
04272019 04:06:10 [INFO]: b'TX:M\x12\x83\xa1a\xce\x00\x89T@\xa1o\xce\x01\x12\xa8\x80\xa1h\x00-----'
04272019 04:06:11 [INFO]: b'RX:B\x00'
04272019 04:06:11 [INFO]: b'TX:M\x15\x84\xa1p\xcd\x14\xf9\xa1t\xcd\x02\xce\xa1e\xcd\x03\xfb\xa1r\xcd\x05*--'
04272019 04:06:11 [INFO]: b'RX:B\x00'
04272019 04:06:11 [INFO]: b'TX:M\x12\x83\xa1a\xce\x00\x89T@\xa1o\xce\x01\x12\xa8\x80\xa1h\x00-----'
04272019 04:06:11 [INFO]: b'RX:B\x00'
04272019 04:06:11 [INFO]: b'TX:M\x15\x84\xa1p\xcd\x14\xf9\xa1t\xcd\x02\xce\xa1e\xcd\x03\xfb\xa1r\xcd\x05*--'
04272019 04:06:11 [INFO]: b'RX:B\x00'
04272019 04:06:11 [INFO]: b'TX:M\x12\x83\xa1a\xce\x00\x89T@\xa1o\xce\x01\x12\xa8\x80\xa1h\x00-----'
04272019 04:06:12 [INFO]: b'RX:B\x00'
04272019 04:06:12 [INFO]: b'TX:M\x15\x84\xa1p\xcd\x14\xf8\xa1t\xcd\x02\xce\xa1e\xcd\x03\xfb\xa1r\xcd\x05*--'
04272019 04:06:12 [INFO]: b'RX:B\x00'
04272019 04:06:12 [ERROR]: Buffer overflow
04272019 04:06:12 [INFO]: b'TX:M\x12\x83\xa1a\xce\x00\x89T@\xa1o\xce\x01\x12\xa8\x80\xa1h\x00-----'
04272019 04:06:12 [INFO]: b'RX:B\x00'
04272019 04:06:12 [INFO]: b'TX:M\x15\x84\xa1p\xcd\x14\xf8\xa1t\xcd\x02\xce\xa1e\xcd\x03\xfb\xa1r\xcd\x05+--'
04272019 04:06:13 [INFO]: b'RX:B\x00'
04272019 04:06:13 [INFO]: b'TX:M\x15\x84\xa1p\xcd\x14\xf8\xa1t\xcd\x02\xce\xa1e\xcd\x03\xfb\xa1r\xcd\x05+--'
04272019 04:06:13 [INFO]: b'RX:B\x00'
04272019 04:06:13 [INFO]: b'TX:M\x12\x83\xa1a\xce\x00\x89T@\xa1o\xce\x01\x12\xa8\x80\xa1h\x00-----'
04272019 04:06:13 [INFO]: b'RX:B\x00'
04272019 04:06:13 [INFO]: b'TX:M\x15\x84\xa1p\xcd\x14\xf8\xa1t\xcd\x02\xce\xa1e\xcd\x03\xfb\xa1r\xcd\x05,--'
04272019 04:06:13 [INFO]: b'RX:B\x00'
04272019 04:06:13 [INFO]: b'TX:M\x12\x83\xa1a\xce\x00\x89T@\xa1o\xce\x01\x12\xa8\x80\xa1h\x00-----'
04272019 04:06:14 [INFO]: b'RX:B\x00'
04272019 04:06:14 [INFO]: b'TX:M\x12\x83\xa1a\xce\x00\x89T@\xa1o\xce\x01\x12\xa8\x80\xa1h\x00-----'
04272019 04:06:14 [INFO]: b'RX:B\x00'
04272019 04:06:14 [INFO]: b'TX:M\x15\x84\xa1p\xcd\x14\xf8\xa1t\xcd\x02\xce\xa1e\xcd\x03\xfb\xa1r\xcd\x05,--'
04272019 04:06:14 [INFO]: b'RX:B\x00'
04272019 04:06:14 [INFO]: b'TX:M\x12\x83\xa1a\xce\x00\x89T@\xa1o\xce\x01\x12\xa8\x80\xa1h\x00-----'
04272019 04:06:15 [INFO]: b'RX:B\x00'
04272019 04:06:15 [INFO]: b'TX:M\x15\x84\xa1p\xcd\x14\xf9\xa1t\xcd\x02\xce\xa1e\xcd\x03\xfb\xa1r\xcd\x05,--'
04272019 04:06:15 [INFO]: b'RX:B\x00'
04272019 04:06:15 [INFO]: b'TX:M\x12\x83\xa1a\xce\x00\x89T@\xa1o\xce\x01\x12\xa8\x80\xa1h\x00-----'
04272019 04:06:15 [INFO]: b'RX:B\x00'
04272019 04:06:15 [INFO]: b'TX:M\x15\x84\xa1p\xcd\x14\xf9\xa1t\xcd\x02\xce\xa1e\xcd\x03\xfb\xa1r\xcd\x05,--'
04272019 04:06:15 [INFO]: b'RX:B\x00'
04272019 04:06:15 [ERROR]: Buffer overflow
04272019 04:06:15 [INFO]: b'TX:M\x12\x83\xa1a\xce\x00\x89T@\xa1o\xce\x01\x12\xa8\x80\xa1h\x00-----'
04272019 04:06:16 [INFO]: b'RX:B\x00'
04272019 04:06:16 [INFO]: b'TX:M\x15\x84\xa1p\xcd\x14\xf9\xa1t\xcd\x02\xce\xa1e\xcd\x03\xfb\xa1r\xcd\x05.--'
04272019 04:06:16 [INFO]: b'RX:B\x00'
04272019 04:06:16 [INFO]: b'TX:M\x15\x84\xa1p\xcd\x14\xf8\xa1t\xcd\x02\xcf\xa1e\xcd\x03\xfb\xa1r\xcd\x05,--'
04272019 04:06:16 [INFO]: b'RX:B\x00'
04272019 04:06:16 [INFO]: b'TX:M\x12\x83\xa1a\xce\x00\x89T@\xa1o\xce\x01\x12\xa8\x80\xa1h\x00-----'
04272019 04:06:17 [INFO]: b'RX:B\x00'
04272019 04:06:17 [INFO]: b'TX:M\x15\x84\xa1p\xcd\x14\xf8\xa1t\xcd\x02\xcf\xa1e\xcd\x03\xfb\xa1r\xcd\x05,--'
04272019 04:06:17 [INFO]: b'RX:B\x00'
04272019 04:06:17 [INFO]: b'TX:M\x12\x83\xa1a\xce\x00\x89T@\xa1o\xce\x01\x12\xa8\x80\xa1h\x00-----'
04272019 04:06:17 [INFO]: b'RX:B\x00'
04272019 04:06:17 [INFO]: b'TX:M\x15\x84\xa1p\xcd\x14\xf8\xa1t\xcd\x02\xce\xa1e\xcd\x03\xfb\xa1r\xcd\x05,--'
04272019 04:06:17 [INFO]: b'RX:REBOOT\xf2'
04272019 04:06:17 [INFO]: b'TX:M\x12\x83\xa1a\xce\x00\x89T@\xa1o\xce\x01\x12\xa8\x80\xa1h\x00-----'
04272019 04:06:18 [INFO]: b'RX:B\x00'
04272019 04:06:18 [INFO]: b'TX:M\x12\x83\xa1a\xce\x00\x89T@\xa1o\xce\x01\x12\xa8\x80\xa1h\x00-----'
04272019 04:06:18 [INFO]: b'RX:B\x00'
04272019 04:06:18 [INFO]: b'TX:M\x15\x84\xa1p\xcd\x14\xf8\xa1t\xcd\x02\xce\xa1e\xcd\x03\xfb\xa1r\xcd\x05---'
04272019 04:06:18 [INFO]: b'RX:B\x00'
04272019 04:06:18 [INFO]: b'TX:M\x12\x83\xa1a\xce\x00\x89T@\xa1o\xce\x01\x12\xa8\x80\xa1h\x00-----'
04272019 04:06:19 [INFO]: b'RX:B\x00'
04272019 04:06:19 [INFO]: b'TX:M\x15\x84\xa1p\xcd\x14\xf8\xa1t\xcd\x02\xcf\xa1e\xcd\x03\xfb\xa1r\xcd\x05---'
04272019 04:06:19 [INFO]: b'RX:B\x00'
04272019 04:06:19 [ERROR]: Buffer overflow
04272019 04:06:19 [INFO]: b'TX:M\x12\x83\xa1a\xce\x00\x89T@\xa1o\xce\x01\x12\xa8\x80\xa1h\x00-----'
04272019 04:06:19 [INFO]: b'RX:B\x00'
04272019 04:06:19 [INFO]: b'TX:M\x15\x84\xa1p\xcd\x14\xf8\xa1t\xcd\x02\xcf\xa1e\xcd\x03\xfb\xa1r\xcd\x05/--'
04272019 04:06:19 [INFO]: b'RX:B\x00'
04272019 04:06:19 [INFO]: b'TX:M\x12\x83\xa1a\xce\x00\x89T@\xa1o\xce\x01\x12\xa8\x80\xa1h\x00-----'
04272019 04:06:20 [INFO]: b'RX:B\x00'
04272019 04:06:20 [INFO]: b'TX:M\x15\x84\xa1p\xcd\x14\xf9\xa1t\xcd\x02\xcf\xa1e\xcd\x03\xfb\xa1r\xcd\x05/--'
04272019 04:06:20 [INFO]: b'RX:B\x00'
04272019 04:06:20 [INFO]: b'TX:M\x12\x83\xa1a\xce\x00\x89T@\xa1o\xce\x01\x12\xa8\x80\xa1h\x00-----'
04272019 04:06:20 [INFO]: b'RX:B\x00'
04272019 04:06:20 [INFO]: b'TX:M\x15\x84\xa1p\xcd\x14\xf8\xa1t\xcd\x02\xcf\xa1e\xcd\x03\xfb\xa1r\xcd\x05---'
04272019 04:06:21 [INFO]: b'RX:B\x00'
04272019 04:06:21 [INFO]: b'TX:M\x15\x84\xa1p\xcd\x14\xf8\xa1t\xcd\x02\xcf\xa1e\xcd\x03\xfb\xa1r\xcd\x05---'
04272019 04:06:21 [INFO]: b'RX:B\x00'
04272019 04:06:21 [INFO]: b'TX:M\x12\x83\xa1a\xce\x00\x89T@\xa1o\xce\x01\x12\xa8\x80\xa1h\x00-----'
04272019 04:06:21 [INFO]: b'RX:B\x00'
04272019 04:06:21 [INFO]: b'TX:M\x15\x84\xa1p\xcd\x14\xf8\xa1t\xcd\x02\xcf\xa1e\xcd\x03\xfb\xa1r\xcd\x05---'
04272019 04:06:21 [INFO]: b'RX:B\x00'
04272019 04:06:21 [INFO]: b'TX:M\x12\x83\xa1a\xce\x00\x89T@\xa1o\xce\x01\x12\xa8\x80\xa1h\x00-----'
04272019 04:06:22 [INFO]: b'RX:B\x00'
04272019 04:06:22 [INFO]: b'TX:M\x12\x83\xa1a\xce\x00\x89T@\xa1o\xce\x01\x12\xa8\x80\xa1h\x00-----'
04272019 04:06:22 [INFO]: b'RX:B\x00'
04272019 04:06:22 [INFO]: b'TX:M\x15\x84\xa1p\xcd\x14\xf8\xa1t\xcd\x02\xcf\xa1e\xcd\x03\xfb\xa1r\xcd\x05,--'
04272019 04:06:22 [INFO]: b'RX:B\x00'
04272019 04:06:22 [ERROR]: Buffer overflow
04272019 04:06:22 [INFO]: b'TX:M\x12\x83\xa1a\xce\x00\x89T@\xa1o\xce\x01\x12\xa8\x80\xa1h\x00-----'
04272019 04:06:22 [INFO]: b'RX:B\x00'
04272019 04:06:23 [INFO]: b'TX:M\x15\x84\xa1p\xcd\x14\xf8\xa1t\xcd\x02\xcf\xa1e\xcd\x03\xfb\xa1r\xcd\x05.--'
04272019 04:06:23 [INFO]: b'RX:B\x00'
04272019 04:06:23 [INFO]: b'TX:M\x12\x83\xa1a\xce\x00\x89T@\xa1o\xce\x01\x12\xa8\x80\xa1h\x00-----'
04272019 04:06:23 [INFO]: b'RX:B\x00'
04272019 04:06:23 [INFO]: b'TX:M\x15\x84\xa1p\xcd\x14\xf8\xa1t\xcd\x02\xcf\xa1e\xcd\x03\xfb\xa1r\xcd\x05,--'
04272019 04:06:23 [INFO]: b'RX:B\x00'
04272019 04:06:23 [INFO]: b'TX:M\x12\x83\xa1a\xce\x00\x89T@\xa1o\xce\x01\x12\xa8\x80\xa1h\x00-----'
04272019 04:06:24 [INFO]: b'RX:B\x00'
04272019 04:06:24 [INFO]: b'TX:M\x15\x84\xa1p\xcd\x14\xf8\xa1t\xcd\x02\xcf\xa1e\xcd\x03\xfb\xa1r\xcd\x05,--'
04272019 04:06:24 [INFO]: b'RX:B\x00'
04272019 04:06:24 [INFO]: b'TX:M\x15\x84\xa1p\xcd\x14\xf8\xa1t\xcd\x02\xcf\xa1e\xcd\x03\xfb\xa1r\xcd\x05---'
04272019 04:06:24 [INFO]: b'RX:B\x00'
04272019 04:06:24 [INFO]: b'TX:M\x12\x83\xa1a\xce\x00\x89T@\xa1o\xce\x01\x12\xa8\x80\xa1h\x00-----'
04272019 04:06:25 [INFO]: b'RX:B\x00'
04272019 04:06:25 [INFO]: b'TX:M\x15\x84\xa1p\xcd\x14\xf8\xa1t\xcd\x02\xcf\xa1e\xcd\x03\xfb\xa1r\xcd\x05.--'
04272019 04:06:25 [INFO]: b'RX:B\x00'
04272019 04:06:25 [INFO]: b'TX:M\x12\x83\xa1a\xce\x00\x89T@\xa1o\xce\x01\x12\xa8\x80\xa1h\x00-----'
04272019 04:06:25 [INFO]: b'RX:B\x00'
04272019 04:06:25 [INFO]: b'TX:M\x12\x83\xa1a\xce\x00\x89T@\xa1o\xce\x01\x12\xa8\x80\xa1h\x00-----'
04272019 04:06:25 [INFO]: b'RX:B\x00'
04272019 04:06:25 [INFO]: b'TX:M\x15\x84\xa1p\xcd\x14\xf7\xa1t\xcd\x02\xcf\xa1e\xcd\x03\xfb\xa1r\xcd\x05.--'
04272019 04:06:26 [INFO]: b'RX:B\x00'
04272019 04:06:26 [ERROR]: Buffer overflow
04272019 04:06:26 [INFO]: b'TX:M\x12\x83\xa1a\xce\x00\x89T@\xa1o\xce\x01\x12\xa8\x80\xa1h\x00-----'
04272019 04:06:26 [INFO]: b'RX:B\x00'
04272019 04:06:26 [INFO]: b'TX:M\x15\x84\xa1p\xcd\x14\xf8\xa1t\xcd\x02\xcf\xa1e\xcd\x03\xfb\xa1r\xcd\x05/--'
04272019 04:06:26 [INFO]: b'RX:B\x00'
04272019 04:06:26 [INFO]: b'TX:M\x12\x83\xa1a\xce\x00\x89T@\xa1o\xce\x01\x12\xa8\x80\xa1h\x00-----'
04272019 04:06:26 [INFO]: b'RX:B\x00'
04272019 04:06:27 [INFO]: b'TX:M\x15\x84\xa1p\xcd\x14\xf8\xa1t\xcd\x02\xcf\xa1e\xcd\x03\xfb\xa1r\xcd\x05/--'
04272019 04:06:27 [INFO]: b'RX:B\x00'
04272019 04:06:27 [INFO]: b'TX:M\x12\x83\xa1a\xce\x00\x89T@\xa1o\xce\x01\x12\xa8\x80\xa1h\x00-----'
04272019 04:06:27 [INFO]: b'RX:B\x00'
04272019 04:06:27 [INFO]: b'TX:M\x15\x84\xa1p\xcd\x14\xf8\xa1t\xcd\x02\xcf\xa1e\xcd\x03\xfb\xa1r\xcd\x05/--'
04272019 04:06:27 [INFO]: b'RX:B\x00'
04272019 04:06:27 [INFO]: b'TX:M\x15\x84\xa1p\xcd\x14\xf8\xa1t\xcd\x02\xcf\xa1e\xcd\x03\xfb\xa1r\xcd\x05/--'
04272019 04:06:28 [INFO]: b'RX:B\x00'
04272019 04:06:28 [INFO]: b'TX:M\x12\x83\xa1a\xce\x00\x89T@\xa1o\xce\x01\x12\xa8\x80\xa1h\x00-----'
04272019 04:06:28 [INFO]: b'RX:B\x00'
04272019 04:06:28 [INFO]: b'TX:M\x15\x84\xa1p\xcd\x14\xf8\xa1t\xcd\x02\xcf\xa1e\xcd\x03\xfb\xa1r\xcd\x05/--'
04272019 04:06:28 [INFO]: b'RX:B\x00'
04272019 04:06:28 [INFO]: b'TX:M\x12\x83\xa1a\xce\x00\x89T@\xa1o\xce\x01\x12\xa8\x80\xa1h\x00-----'
04272019 04:06:28 [INFO]: b'RX:B\x00'
04272019 04:06:29 [INFO]: b'TX:M\x12\x83\xa1a\xce\x00\x89T@\xa1o\xce\x01\x12\xa8\x80\xa1h\x00-----'
04272019 04:06:29 [INFO]: b'RX:B\x00'
04272019 04:06:29 [INFO]: b'TX:M\x15\x84\xa1p\xcd\x14\xf8\xa1t\xcd\x02\xcf\xa1e\xcd\x03\xfb\xa1r\xcd\x05/--'
04272019 04:06:29 [INFO]: b'RX:B\x00'
04272019 04:06:29 [ERROR]: Buffer overflow
04272019 04:06:29 [INFO]: b'TX:M\x12\x83\xa1a\xce\x00\x89T@\xa1o\xce\x01\x12\xa8\x80\xa1h\x00-----'
04272019 04:06:29 [INFO]: b'RX:B\x00'
04272019 04:06:29 [INFO]: b'TX:M\x15\x84\xa1p\xcd\x14\xf8\xa1t\xcd\x02\xcf\xa1e\xcd\x03\xfb\xa1r\xcd\x051--'
04272019 04:06:30 [INFO]: b'RX:B\x00'
04272019 04:06:30 [INFO]: b'TX:M\x12\x83\xa1a\xce\x00\x89T@\xa1o\xce\x01\x12\xa8\x80\xa1h\x00-----'
04272019 04:06:30 [INFO]: b'RX:B\x00'
04272019 04:06:30 [INFO]: b'TX:M\x15\x84\xa1p\xcd\x14\xf8\xa1t\xcd\x02\xcf\xa1e\xcd\x03\xfb\xa1r\xcd\x05/--'
04272019 04:06:30 [INFO]: b'RX:B\x00'
04272019 04:06:30 [INFO]: b'TX:M\x12\x83\xa1a\xce\x00\x89T@\xa1o\xce\x01\x12\xa8\x80\xa1h\x00-----'
04272019 04:06:30 [INFO]: b'RX:B\x00'
04272019 04:06:31 [INFO]: b'TX:M\x15\x84\xa1p\xcd\x14\xf8\xa1t\xcd\x02\xcf\xa1e\xcd\x03\xfb\xa1r\xcd\x05/--'
04272019 04:06:31 [INFO]: b'RX:B\x00'
04272019 04:06:31 [INFO]: b'TX:M\x12\x83\xa1a\xce\x00\x89T@\xa1o\xce\x01\x12\xa8\x80\xa1h\x00-----'
04272019 04:06:31 [INFO]: b'RX:B\x00'
04272019 04:06:31 [INFO]: b'TX:M\x15\x84\xa1p\xcd\x14\xf9\xa1t\xcd\x02\xd0\xa1e\xcd\x03\xfb\xa1r\xcd\x051--'
04272019 04:06:31 [INFO]: b'RX:B\x00'
04272019 04:06:31 [INFO]: b'TX:M\x12\x83\xa1a\xce\x00\x89T@\xa1o\xce\x01\x12\xa8\x80\xa1h\x00-----'
04272019 04:06:32 [INFO]: b'RX:B\x00'
04272019 04:06:32 [INFO]: b'TX:M\x15\x84\xa1p\xcd\x14\xf9\xa1t\xcd\x02\xd0\xa1e\xcd\x03\xfb\xa1r\xcd\x051--'
04272019 04:06:32 [INFO]: b'RX:B\x00'
04272019 04:06:32 [INFO]: b'TX:M\x12\x83\xa1a\xce\x00\x89T@\xa1o\xce\x01\x12\xa8\x80\xa1h\x00-----'
04272019 04:06:32 [INFO]: b'RX:B\x00'
04272019 04:06:32 [INFO]: b'TX:M\x15\x84\xa1p\xcd\x14\xf8\xa1t\xcd\x02\xcf\xa1e\xcd\x03\xfb\xa1r\xcd\x051--'
04272019 04:06:32 [INFO]: b'RX:B\x00'
04272019 04:06:32 [ERROR]: Buffer overflow
04272019 04:06:33 [INFO]: b'TX:M\x12\x83\xa1a\xce\x00\x89T@\xa1o\xce\x01\x12\xa8\x80\xa1h\x00-----'
04272019 04:06:33 [INFO]: b'RX:B\x00'
04272019 04:06:33 [INFO]: b'TX:M\x15\x84\xa1p\xcd\x14\xf8\xa1t\xcd\x02\xd0\xa1e\xcd\x03\xfa\xa1r\xcd\x053--'
04272019 04:06:33 [INFO]: b'RX:B\x00'
04272019 04:06:33 [INFO]: b'TX:M\x12\x83\xa1a\xce\x00\x89T@\xa1o\xce\x01\x12\xa8\x80\xa1h\x00-----'
04272019 04:06:33 [INFO]: b'RX:B\x00'
04272019 04:06:33 [INFO]: b'TX:M\x15\x84\xa1p\xcd\x14\xf9\xa1t\xcd\x02\xd0\xa1e\xcd\x03\xfa\xa1r\xcd\x053--'
04272019 04:06:34 [INFO]: b'RX:B\x00'
04272019 04:06:34 [INFO]: b'TX:M\x12\x83\xa1a\xce\x00\x89T@\xa1o\xce\x01\x12\xa8\x80\xa1h\x00-----'
04272019 04:06:34 [INFO]: b'RX:B\x00'
04272019 04:06:34 [INFO]: b'TX:M\x15\x84\xa1p\xcd\x14\xf9\xa1t\xcd\x02\xd0\xa1e\xcd\x03\xfa\xa1r\xcd\x053--'
04272019 04:06:34 [INFO]: b'RX:B\x00'
04272019 04:06:34 [INFO]: b'TX:M\x12\x83\xa1a\xce\x00\x89T@\xa1o\xce\x01\x12\xa8\x80\xa1h\x00-----'
04272019 04:06:34 [INFO]: b'RX:B\x00'
04272019 04:06:35 [INFO]: b'TX:M\x12\x83\xa1a\xce\x00\x89T@\xa1o\xce\x01\x12\xa8\x80\xa1h\x00-----'
04272019 04:06:35 [INFO]: b'RX:B\x00'
04272019 04:06:35 [INFO]: b'TX:M\x15\x84\xa1p\xcd\x14\xf8\xa1t\xcd\x02\xd0\xa1e\xcd\x03\xfa\xa1r\xcd\x053--'
04272019 04:06:35 [INFO]: b'RX:B\x00'
04272019 04:06:35 [INFO]: b'TX:M\x15\x84\xa1p\xcd\x14\xf7\xa1t\xcd\x02\xd0\xa1e\xcd\x03\xfb\xa1r\xcd\x051--'
04272019 04:06:35 [INFO]: b'RX:B\x00'
04272019 04:06:35 [INFO]: b'TX:M\x12\x83\xa1a\xce\x00\x89T@\xa1o\xce\x01\x12\xa8\x80\xa1h\x00-----'
04272019 04:06:36 [INFO]: b'RX:B\x00'
04272019 04:06:36 [INFO]: b'TX:M\x15\x84\xa1p\xcd\x14\xf7\xa1t\xcd\x02\xd0\xa1e\xcd\x03\xfa\xa1r\xcd\x054--'
04272019 04:06:36 [INFO]: b'RX:B\x00'
04272019 04:06:36 [ERROR]: Buffer overflow
04272019 04:06:36 [INFO]: b'TX:M\x12\x83\xa1a\xce\x00\x89T@\xa1o\xce\x01\x12\xa8\x80\xa1h\x00-----'
04272019 04:06:36 [INFO]: b'RX:B\x00'
04272019 04:06:36 [INFO]: b'TX:M\x15\x84\xa1p\xcd\x14\xf8\xa1t\xcd\x02\xd0\xa1e\xcd\x03\xfa\xa1r\xcd\x056--'
04272019 04:06:36 [INFO]: b'RX:B\x00'
04272019 04:06:36 [INFO]: b'TX:M\x12\x83\xa1a\xce\x00\x89T@\xa1o\xce\x01\x12\xa8\x80\xa1h\x00-----'
04272019 04:06:37 [INFO]: b'RX:B\x00'
04272019 04:06:37 [INFO]: b'TX:M\x15\x84\xa1p\xcd\x14\xf8\xa1t\xcd\x02\xd0\xa1e\xcd\x03\xfa\xa1r\xcd\x056--'
04272019 04:06:37 [INFO]: b'RX:B\x00'
04272019 04:06:37 [INFO]: b'TX:M\x12\x83\xa1a\xce\x00\x89T@\xa1o\xce\x01\x12\xa8\x80\xa1h\x00-----'
04272019 04:06:37 [INFO]: b'RX:B\x00'
04272019 04:06:37 [INFO]: b'TX:M\x15\x84\xa1p\xcd\x14\xf9\xa1t\xcd\x02\xd0\xa1e\xcd\x03\xfa\xa1r\xcd\x056--'
04272019 04:06:38 [INFO]: b'RX:B\x00'
04272019 04:06:38 [INFO]: b'TX:M\x12\x83\xa1a\xce\x00\x89T@\xa1o\xce\x01\x12\xa8\x80\xa1h\x00-----'
04272019 04:06:38 [INFO]: b'RX:B\x00'
04272019 04:06:38 [ERROR]: Wrong packet length!
04272019 04:06:38 [INFO]: b'TX:M\x12\x83\xa1a\xce\x00\x89T@\xa1o\xce\x01\x12\xa8\x80\xa1h\x00-----'
04272019 04:06:38 [INFO]: b'RX:B\x00'
04272019 04:06:38 [INFO]: b'TX:M\x12\x83\xa1a\xce\x00\x89T@\xa1o\xce\x01\x12\xa8\x80\xa1h\x00-----'
04272019 04:06:38 [INFO]: b'RX:B\x00'
04272019 04:06:39 [INFO]: b'TX:M\x15\x84\xa1p\xcd\x14\xf8\xa1t\xcd\x02\xd0\xa1e\xcd\x03\xfa\xa1r\xcd\x057--'
04272019 04:06:39 [INFO]: b'RX:B\x00'
04272019 04:06:39 [INFO]: b'TX:M\x12\x83\xa1a\xce\x00\x89T@\xa1o\xce\x01\x12\xa8\x80\xa1h\x00-----'
04272019 04:06:39 [INFO]: b'RX:B\x00'
04272019 04:06:39 [INFO]: b'TX:M\x15\x84\xa1p\xcd\x14\xf8\xa1t\xcd\x02\xd0\xa1e\xcd\x03\xfa\xa1r\xcd\x054--'
04272019 04:06:39 [INFO]: b'RX:B\x00'
04272019 04:06:39 [INFO]: b'TX:M\x15\x84\xa1p\xcd\x14\xf8\xa1t\xcd\x02\xd0\xa1e\xcd\x03\xfa\xa1r\xcd\x054--'
04272019 04:06:40 [INFO]: b'RX:B\x00'
04272019 04:06:40 [ERROR]: Buffer overflow
04272019 04:06:40 [INFO]: b'TX:M\x12\x83\xa1a\xce\x00\x89T@\xa1o\xce\x01\x12\xa8\x80\xa1h\x00-----'
04272019 04:06:40 [INFO]: b'RX:B\x00'
04272019 04:06:40 [INFO]: b'TX:M\x15\x84\xa1p\xcd\x14\xf8\xa1t\xcd\x02\xd0\xa1e\xcd\x03\xfa\xa1r\xcd\x057--'
04272019 04:06:40 [INFO]: b'RX:B\x00'
04272019 04:06:40 [INFO]: b'TX:M\x12\x83\xa1a\xce\x00\x89T@\xa1o\xce\x01\x12\xa8\x80\xa1h\x00-----'
04272019 04:06:41 [INFO]: b'RX:B\x00'
04272019 04:06:41 [INFO]: b'TX:M\x15\x84\xa1p\xcd\x14\xf8\xa1t\xcd\x02\xd0\xa1e\xcd\x03\xfa\xa1r\xcd\x055--'
04272019 04:06:41 [INFO]: b'RX:B\x00'
04272019 04:06:41 [INFO]: b'TX:M\x12\x83\xa1a\xce\x00\x89T@\xa1o\xce\x01\x12\xa8\x80\xa1h\x00-----'
04272019 04:06:41 [INFO]: b'RX:B\x00'
04272019 04:06:41 [INFO]: b'TX:M\x15\x84\xa1p\xcd\x14\xf8\xa1t\xcd\x02\xd0\xa1e\xcd\x03\xfa\xa1r\xcd\x055--'
04272019 04:06:42 [INFO]: b'RX:B\x00'
04272019 04:06:42 [INFO]: b'TX:M\x12\x83\xa1a\xce\x00\x89T@\xa1o\xce\x01\x12\xa8\x80\xa1h\x00-----'
04272019 04:06:42 [INFO]: b'RX:B\x00'
04272019 04:06:42 [INFO]: b'TX:M\x12\x83\xa1a\xce\x00\x89T@\xa1o\xce\x01\x12\xa8\x80\xa1h\x00-----'
04272019 04:06:42 [INFO]: b'RX:B\x00'
04272019 04:06:42 [INFO]: b'TX:M\x15\x84\xa1p\xcd\x14\xf8\xa1t\xcd\x02\xd0\xa1e\xcd\x03\xfa\xa1r\xcd\x053--'
04272019 04:06:42 [INFO]: b'RX:B\x00'
04272019 04:06:43 [ERROR]: Buffer overflow
04272019 04:06:43 [INFO]: b'TX:M\x15\x84\xa1p\xcd\x14\xf8\xa1t\xcd\x02\xd0\xa1e\xcd\x03\xfa\xa1r\xcd\x055--'
04272019 04:06:43 [INFO]: b'RX:B\x00'
04272019 04:06:43 [INFO]: b'TX:M\x12\x83\xa1a\xce\x00\x89T@\xa1o\xce\x01\x12\xa8\x80\xa1h\x00-----'
04272019 04:06:43 [INFO]: b'RX:B\x00'
04272019 04:06:43 [INFO]: b'TX:M\x15\x84\xa1p\xcd\x14\xf7\xa1t\xcd\x02\xd0\xa1e\xcd\x03\xfa\xa1r\xcd\x053--'
04272019 04:06:43 [INFO]: b'RX:B\x00'
04272019 04:06:43 [INFO]: b'TX:M\x12\x83\xa1a\xce\x00\x89T@\xa1o\xce\x01\x12\xa8\x80\xa1h\x00-----'
04272019 04:06:44 [INFO]: b'RX:B\x00'
04272019 04:06:44 [INFO]: b'TX:M\x15\x84\xa1p\xcd\x14\xf7\xa1t\xcd\x02\xd0\xa1e\xcd\x03\xfa\xa1r\xcd\x053--'
04272019 04:06:44 [INFO]: b'RX:B\x00'
04272019 04:06:44 [INFO]: b'TX:M\x12\x83\xa1a\xce\x00\x89T@\xa1o\xce\x01\x12\xa8\x80\xa1h\x00-----'
04272019 04:06:44 [INFO]: b'RX:B\x00'
04272019 04:06:44 [INFO]: b'TX:M\x15\x84\xa1p\xcd\x14\xf8\xa1t\xcd\x02\xd0\xa1e\xcd\x03\xfa\xa1r\xcd\x053--'
04272019 04:06:45 [INFO]: b'RX:B\x00'
04272019 04:06:45 [INFO]: b'TX:M\x12\x83\xa1a\xce\x00\x89T@\xa1o\xce\x01\x12\xa8\x80\xa1h\x00-----'
04272019 04:06:45 [INFO]: b'RX:B\x00'
04272019 04:06:45 [INFO]: b'TX:M\x12\x83\xa1a\xce\x00\x89T@\xa1o\xce\x01\x12\xa8\x80\xa1h\x00-----'
04272019 04:06:45 [INFO]: b'RX:B\x00'
04272019 04:06:45 [INFO]: b'TX:M\x15\x84\xa1p\xcd\x14\xf8\xa1t\xcd\x02\xd0\xa1e\xcd\x03\xfb\xa1r\xcd\x050--'
04272019 04:06:45 [INFO]: b'RX:B\x00'
04272019 04:06:45 [INFO]: b'TX:M\x15\x84\xa1p\xcd\x14\xf8\xa1t\xcd\x02\xd0\xa1e\xcd\x03\xfb\xa1r\xcd\x050--'
04272019 04:06:46 [INFO]: b'RX:B\x00'
04272019 04:06:46 [ERROR]: Buffer overflow
04272019 04:06:46 [INFO]: b'TX:M\x12\x83\xa1a\xce\x00\x89T@\xa1o\xce\x01\x12\xa8\x80\xa1h\x00-----'
04272019 04:06:46 [INFO]: b'RX:B\x00'
04272019 04:06:46 [INFO]: b'TX:M\x15\x84\xa1p\xcd\x14\xf8\xa1t\xcd\x02\xd0\xa1e\xcd\x03\xfa\xa1r\xcd\x052--'
04272019 04:06:46 [INFO]: b'RX:B\x00'
04272019 04:06:46 [INFO]: b'TX:M\x12\x83\xa1a\xce\x00\x89T@\xa1o\xce\x01\x12\xa8\x80\xa1h\x00-----'
04272019 04:06:47 [INFO]: b'RX:B\x00'
04272019 04:06:47 [INFO]: b'TX:M\x15\x84\xa1p\xcd\x14\xf8\xa1t\xcd\x02\xd0\xa1e\xcd\x03\xfa\xa1r\xcd\x052--'
04272019 04:06:47 [INFO]: b'RX:B\x00'
04272019 04:06:47 [INFO]: b'TX:M\x12\x83\xa1a\xce\x00\x89T@\xa1o\xce\x01\x12\xa8\x80\xa1h\x00-----'
04272019 04:06:47 [INFO]: b'RX:B\x00'
04272019 04:06:47 [INFO]: b'TX:M\x15\x84\xa1p\xcd\x14\xf8\xa1t\xcd\x02\xd0\xa1e\xcd\x03\xfb\xa1r\xcd\x052--'
04272019 04:06:47 [INFO]: b'RX:B\x00'
04272019 04:06:47 [INFO]: b'TX:M\x12\x83\xa1a\xce\x00\x89T@\xa1o\xce\x01\x12\xa8\x80\xa1h\x00-----'
04272019 04:06:48 [INFO]: b'RX:B\x00'
04272019 04:06:48 [INFO]: b'TX:M\x15\x84\xa1p\xcd\x14\xf8\xa1t\xcd\x02\xd0\xa1e\xcd\x03\xfa\xa1r\xcd\x053--'
04272019 04:06:48 [INFO]: b'RX:B\x00'
04272019 04:06:48 [INFO]: b'TX:M\x12\x83\xa1a\xce\x00\x89T@\xa1o\xce\x01\x12\xa8\x80\xa1h\x00-----'
04272019 04:06:48 [INFO]: b'RX:B\x00'
04272019 04:06:48 [INFO]: b'TX:M\x15\x84\xa1p\xcd\x14\xf7\xa1t\xcd\x02\xd0\xa1e\xcd\x03\xfa\xa1r\xcd\x053--'
04272019 04:06:48 [INFO]: b'RX:B\x00'
04272019 04:06:49 [INFO]: b'TX:M\x12\x83\xa1a\xce\x00\x89T@\xa1o\xce\x01\x12\xa8\x80\xa1h\x00-----'
04272019 04:06:49 [INFO]: b'TX:M\x12\x83\xa1a\xce\x00\x89T@\xa1o\xce\x01\x12\xa8\x80\xa1h\x00-----'
04272019 04:06:49 [INFO]: b'RX:B\x00'
04272019 04:06:49 [ERROR]: Buffer overflow
04272019 04:06:49 [INFO]: b'TX:M\x15\x84\xa1p\xcd\x14\xf8\xa1t\xcd\x02\xd0\xa1e\xcd\x03\xfa\xa1r\xcd\x054--'
04272019 04:06:49 [INFO]: b'RX:B\x00'
04272019 04:06:49 [INFO]: b'TX:M\x15\x84\xa1p\xcd\x14\xf8\xa1t\xcd\x02\xd0\xa1e\xcd\x03\xfa\xa1r\xcd\x054--'
04272019 04:06:50 [INFO]: b'RX:B\x00'
04272019 04:06:50 [INFO]: b'TX:M\x12\x83\xa1a\xce\x00\x89T@\xa1o\xce\x01\x12\xa8\x80\xa1h\x00-----'
04272019 04:06:50 [INFO]: b'RX:B\x00'
04272019 04:06:50 [INFO]: b'TX:M\x15\x84\xa1p\xcd\x14\xf7\xa1t\xcd\x02\xd0\xa1e\xcd\x03\xfa\xa1r\xcd\x057--'
04272019 04:06:50 [INFO]: b'RX:B\x00'
04272019 04:06:50 [INFO]: b'TX:M\x12\x83\xa1a\xce\x00\x89T@\xa1o\xce\x01\x12\xa8\x80\xa1h\x00-----'
04272019 04:06:50 [INFO]: b'RX:B\x00'
04272019 04:06:51 [INFO]: b'TX:M\x15\x84\xa1p\xcd\x14\xf7\xa1t\xcd\x02\xd0\xa1e\xcd\x03\xfa\xa1r\xcd\x057--'
04272019 04:06:51 [INFO]: b'RX:B\x00'
04272019 04:06:51 [INFO]: b'TX:M\x12\x83\xa1a\xce\x00\x89T@\xa1o\xce\x01\x12\xa8\x80\xa1h\x00-----'
04272019 04:06:51 [INFO]: b'RX:B\x00'
04272019 04:06:51 [INFO]: b'TX:M\x15\x84\xa1p\xcd\x14\xf8\xa1t\xcd\x02\xd1\xa1e\xcd\x03\xfa\xa1r\xcd\x053--'
04272019 04:06:51 [INFO]: b'RX:B\x00'
04272019 04:06:51 [INFO]: b'TX:M\x12\x83\xa1a\xce\x00\x89T@\xa1o\xce\x01\x12\xa8\x80\xa1h\x00-----'
04272019 04:06:52 [INFO]: b'RX:B\x00'
04272019 04:06:52 [INFO]: b'TX:M\x15\x84\xa1p\xcd\x14\xf8\xa1t\xcd\x02\xd1\xa1e\xcd\x03\xfa\xa1r\xcd\x053--'
04272019 04:06:52 [INFO]: b'RX:B\x00'
04272019 04:06:52 [INFO]: b'TX:M\x12\x83\xa1a\xce\x00\x89T@\xa1o\xce\x01\x12\xa8\x80\xa1h\x00-----'
04272019 04:06:52 [INFO]: b'RX:B\x00'
04272019 04:06:52 [INFO]: b'TX:M\x15\x84\xa1p\xcd\x14\xf8\xa1t\xcd\x02\xd1\xa1e\xcd\x03\xfa\xa1r\xcd\x053--'
04272019 04:06:52 [INFO]: b'RX:B\x00'
04272019 04:06:52 [ERROR]: Buffer overflow
04272019 04:06:53 [INFO]: b'TX:M\x15\x84\xa1p\xcd\x14\xf7\xa1t\xcd\x02\xd1\xa1e\xcd\x03\xfa\xa1r\xcd\x053--'
04272019 04:06:53 [INFO]: b'RX:B\x00'
04272019 04:06:53 [INFO]: b'TX:M\x12\x83\xa1a\xce\x00\x89T@\xa1o\xce\x01\x12\xa8\x80\xa1h\x00-----'
04272019 04:06:53 [INFO]: b'RX:B\x00'
04272019 04:06:53 [INFO]: b'TX:M\x15\x84\xa1p\xcd\x14\xf7\xa1t\xcd\x02\xd1\xa1e\xcd\x03\xfa\xa1r\xcd\x054--'
04272019 04:06:53 [INFO]: b'RX:B\x00'
04272019 04:06:53 [INFO]: b'TX:M\x15\x84\xa1p\xcd\x14\xf8\xa1t\xcd\x02\xd1\xa1e\xcd\x03\xfa\xa1r\xcd\x054--'
04272019 04:06:54 [INFO]: b'RX:B\x00'
04272019 04:06:54 [INFO]: b'TX:M\x12\x83\xa1a\xce\x00\x89T@\xa1o\xce\x01\x12\xa8\x80\xa1h\x00-----'
04272019 04:06:54 [INFO]: b'RX:B\x00'
04272019 04:06:54 [INFO]: b'TX:M\x15\x84\xa1p\xcd\x14\xf8\xa1t\xcd\x02\xd1\xa1e\xcd\x03\xfa\xa1r\xcd\x054--'
04272019 04:06:54 [INFO]: b'RX:B\x00'
04272019 04:06:54 [INFO]: b'TX:M\x12\x83\xa1a\xce\x00\x89T@\xa1o\xce\x01\x12\xa8\x80\xa1h\x00-----'
04272019 04:06:54 [INFO]: b'RX:B\x00'
04272019 04:06:54 [INFO]: b'TX:M\x15\x84\xa1p\xcd\x14\xf8\xa1t\xcd\x02\xd1\xa1e\xcd\x03\xfa\xa1r\xcd\x054--'
04272019 04:06:55 [INFO]: b'RX:B\x00'
04272019 04:06:55 [INFO]: b'TX:M\x12\x83\xa1a\xce\x00\x89T@\xa1o\xce\x01\x12\xa8\x80\xa1h\x00-----'
04272019 04:06:55 [INFO]: b'RX:B\x00'
04272019 04:06:55 [INFO]: b'TX:M\x15\x84\xa1p\xcd\x14\xf7\xa1t\xcd\x02\xd1\xa1e\xcd\x03\xfa\xa1r\xcd\x052--'
04272019 04:06:55 [INFO]: b'RX:B\x00'
04272019 04:06:55 [INFO]: b'TX:M\x12\x83\xa1a\xce\x00\x89T@\xa1o\xce\x01\x12\xa8\x80\xa1h\x00-----'
04272019 04:06:56 [INFO]: b'RX:B\x00'
04272019 04:06:56 [INFO]: b'TX:M\x15\x84\xa1p\xcd\x14\xf7\xa1t\xcd\x02\xd1\xa1e\xcd\x03\xfa\xa1r\xcd\x053--'
04272019 04:06:56 [INFO]: b'RX:B\x00'
04272019 04:06:56 [ERROR]: Buffer overflow
04272019 04:06:56 [INFO]: b'TX:M\x15\x84\xa1p\xcd\x14\xf7\xa1t\xcd\x02\xd1\xa1e\xcd\x03\xfa\xa1r\xcd\x053--'
04272019 04:06:56 [INFO]: b'RX:B\x00'
04272019 04:06:56 [INFO]: b'TX:M\x12\x83\xa1a\xce\x00\x89T@\xa1o\xce\x01\x12\xa8\x80\xa1h\x00-----'
04272019 04:06:56 [INFO]: b'RX:B\x00'
04272019 04:06:56 [INFO]: b'TX:M\x15\x84\xa1p\xcd\x14\xf7\xa1t\xcd\x02\xd1\xa1e\xcd\x03\xfa\xa1r\xcd\x053--'
04272019 04:06:57 [INFO]: b'RX:B\x00'
04272019 04:06:57 [INFO]: b'TX:M\x12\x83\xa1a\xce\x00\x89T@\xa1o\xce\x01\x12\xa8\x80\xa1h\x00-----'
04272019 04:06:57 [INFO]: b'RX:B\x00'
04272019 04:06:57 [INFO]: b'TX:M\x15\x84\xa1p\xcd\x14\xf7\xa1t\xcd\x02\xd1\xa1e\xcd\x03\xfa\xa1r\xcd\x054--'
04272019 04:06:57 [INFO]: b'RX:B\x00'
04272019 04:06:57 [INFO]: b'TX:M\x12\x83\xa1a\xce\x00\x89T@\xa1o\xce\x01\x12\xa8\x80\xa1h\x00-----'
04272019 04:06:58 [INFO]: b'RX:B\x00'
04272019 04:06:58 [INFO]: b'TX:M\x15\x84\xa1p\xcd\x14\xf7\xa1t\xcd\x02\xd1\xa1e\xcd\x03\xfa\xa1r\xcd\x054--'
04272019 04:06:58 [INFO]: b'RX:B\x00'
04272019 04:06:58 [INFO]: b'TX:M\x15\x84\xa1p\xcd\x14\xf7\xa1t\xcd\x02\xd1\xa1e\xcd\x03\xfa\xa1r\xcd\x054--'
04272019 04:06:58 [INFO]: b'RX:B\x00'
04272019 04:06:58 [INFO]: b'TX:M\x12\x83\xa1a\xce\x00\x89T@\xa1o\xce\x01\x12\xa8\x80\xa1h\x00-----'
04272019 04:06:58 [INFO]: b'RX:B\x00'
04272019 04:06:58 [INFO]: b'TX:M\x15\x84\xa1p\xcd\x14\xf7\xa1t\xcd\x02\xd1\xa1e\xcd\x03\xfa\xa1r\xcd\x054--'
04272019 04:06:59 [INFO]: b'RX:B\x00'
04272019 04:06:59 [INFO]: b'TX:M\x12\x83\xa1a\xce\x00\x89T@\xa1o\xce\x01\x12\xa8\x80\xa1h\x00-----'
04272019 04:06:59 [INFO]: b'RX:B\x00'
04272019 04:06:59 [INFO]: b'TX:M\x15\x84\xa1p\xcd\x14\xf8\xa1t\xcd\x02\xd1\xa1e\xcd\x03\xfa\xa1r\xcd\x053--'
04272019 04:06:59 [INFO]: b'RX:B\x00'
04272019 04:06:59 [INFO]: b'TX:M\x12\x83\xa1a\xce\x00\x89T@\xa1o\xce\x01\x12\xa8\x80\xa1h\x00-----'
04272019 04:07:00 [INFO]: b'RX:B\x00'
04272019 04:07:00 [ERROR]: Buffer overflow
04272019 04:07:00 [INFO]: b'TX:M\x12\x83\xa1a\xce\x00\x89T@\xa1o\xce\x01\x12\xa8\x80\xa1h\x00-----'
04272019 04:07:00 [INFO]: b'RX:B\x00'
04272019 04:07:00 [INFO]: b'TX:M\x15\x84\xa1p\xcd\x14\xf8\xa1t\xcd\x02\xd1\xa1e\xcd\x03\xfa\xa1r\xcd\x056--'
04272019 04:07:00 [INFO]: b'RX:B\x00'
04272019 04:07:00 [INFO]: b'TX:M\x15\x84\xa1p\xcd\x14\xf7\xa1t\xcd\x02\xd1\xa1e\xcd\x03\xfa\xa1r\xcd\x056--'
04272019 04:07:00 [INFO]: b'RX:B\x00'
04272019 04:07:00 [INFO]: b'TX:M\x12\x83\xa1a\xce\x00\x89T@\xa1o\xce\x01\x12\xa8\x80\xa1h\x00-----'
04272019 04:07:01 [INFO]: b'RX:B\x00'
04272019 04:07:01 [INFO]: b'TX:M\x15\x84\xa1p\xcd\x14\xf7\xa1t\xcd\x02\xd1\xa1e\xcd\x03\xfa\xa1r\xcd\x056--'
04272019 04:07:01 [INFO]: b'RX:B\x00'
04272019 04:07:01 [INFO]: b'TX:M\x12\x83\xa1a\xce\x00\x89T@\xa1o\xce\x01\x12\xa8\x80\xa1h\x00-----'
04272019 04:07:01 [INFO]: b'RX:B\x00'
04272019 04:07:01 [INFO]: b'TX:M\x15\x84\xa1p\xcd\x14\xf7\xa1t\xcd\x02\xd1\xa1e\xcd\x03\xfa\xa1r\xcd\x056--'
04272019 04:07:01 [INFO]: b'RX:B\x00'
04272019 04:07:02 [INFO]: b'TX:M\x12\x83\xa1a\xce\x00\x89T@\xa1o\xce\x01\x12\xa8\x80\xa1h\x00-----'
04272019 04:07:02 [INFO]: b'RX:B\x00'
04272019 04:07:02 [INFO]: b'TX:M\x15\x84\xa1p\xcd\x14\xf8\xa1t\xcd\x02\xd1\xa1e\xcd\x03\xfa\xa1r\xcd\x057--'
04272019 04:07:02 [INFO]: b'RX:B\x00'
04272019 04:07:02 [INFO]: b'TX:M\x12\x83\xa1a\xce\x00\x89T@\xa1o\xce\x01\x12\xa8\x80\xa1h\x00-----'
04272019 04:07:02 [INFO]: b'RX:B\x00'
04272019 04:07:02 [INFO]: b'TX:M\x15\x84\xa1p\xcd\x14\xf8\xa1t\xcd\x02\xd1\xa1e\xcd\x03\xfa\xa1r\xcd\x057--'
04272019 04:07:03 [INFO]: b'RX:B\x00'
04272019 04:07:03 [INFO]: b'TX:M\x12\x83\xa1a\xce\x00\x89T@\xa1o\xce\x01\x12\xa8\x80\xa1h\x00-----'
04272019 04:07:03 [INFO]: b'RX:B\x00'
04272019 04:07:03 [ERROR]: Buffer overflow
04272019 04:07:03 [INFO]: b'TX:M\x12\x83\xa1a\xce\x00\x89T@\xa1o\xce\x01\x12\xa8\x80\xa1h\x00-----'
04272019 04:07:03 [INFO]: b'RX:B\x00'
04272019 04:07:03 [INFO]: b'TX:M\x15\x84\xa1p\xcd\x14\xf8\xa1t\xcd\x02\xd1\xa1e\xcd\x03\xfa\xa1r\xcd\x056--'
04272019 04:07:03 [INFO]: b'RX:B\x00'
04272019 04:07:04 [INFO]: b'TX:M\x12\x83\xa1a\xce\x00\x89T@\xa1o\xce\x01\x12\xa8\x80\xa1h\x00-----'
04272019 04:07:04 [INFO]: b'RX:B\x00'
04272019 04:07:04 [INFO]: b'TX:M\x15\x84\xa1p\xcd\x14\xf8\xa1t\xcd\x02\xd1\xa1e\xcd\x03\xfa\xa1r\xcd\x054--'
04272019 04:07:04 [INFO]: b'RX:B\x00'
04272019 04:07:04 [INFO]: b'TX:M\x15\x84\xa1p\xcd\x14\xf8\xa1t\xcd\x02\xd1\xa1e\xcd\x03\xfa\xa1r\xcd\x054--'
04272019 04:07:04 [INFO]: b'TX:M\x12\x83\xa1a\xce\x00\x89T@\xa1o\xce\x01\x12\xa8\x80\xa1h\x00-----'
04272019 04:07:05 [INFO]: b'RX:B\x00'
04272019 04:07:05 [INFO]: b'TX:M\x15\x84\xa1p\xcd\x14\xf8\xa1t\xcd\x02\xd1\xa1e\xcd\x03\xfa\xa1r\xcd\x055--'
04272019 04:07:05 [INFO]: b'RX:B\x00'
04272019 04:07:05 [INFO]: b'TX:M\x12\x83\xa1a\xce\x00\x89T@\xa1o\xce\x01\x12\xa8\x80\xa1h\x00-----'
04272019 04:07:05 [INFO]: b'RX:B\x00'
04272019 04:07:05 [INFO]: b'TX:M\x15\x84\xa1p\xcd\x14\xf8\xa1t\xcd\x02\xd1\xa1e\xcd\x03\xfa\xa1r\xcd\x055--'
04272019 04:07:05 [INFO]: b'RX:B\x00'
04272019 04:07:06 [INFO]: b'TX:M\x12\x83\xa1a\xce\x00\x89T@\xa1o\xce\x01\x12\xa8\x80\xa1h\x00-----'
04272019 04:07:06 [INFO]: b'RX:B\x00'
04272019 04:07:06 [INFO]: b'TX:M\x15\x84\xa1p\xcd\x14\xf8\xa1t\xcd\x02\xd1\xa1e\xcd\x03\xfa\xa1r\xcd\x053--'
04272019 04:07:06 [INFO]: b'RX:B\x00'
04272019 04:07:06 [ERROR]: Buffer overflow
04272019 04:07:06 [INFO]: b'TX:M\x15\x84\xa1p\xcd\x14\xf8\xa1t\xcd\x02\xd1\xa1e\xcd\x03\xfa\xa1r\xcd\x053--'
04272019 04:07:06 [INFO]: b'RX:B\x00'
04272019 04:07:06 [INFO]: b'TX:M\x12\x83\xa1a\xce\x00\x89T@\xa1o\xce\x01\x12\xa8\x80\xa1h\x00-----'
04272019 04:07:07 [INFO]: b'RX:B\x00'
04272019 04:07:07 [INFO]: b'TX:M\x15\x84\xa1p\xcd\x14\xf8\xa1t\xcd\x02\xd1\xa1e\xcd\x03\xfa\xa1r\xcd\x053--'
04272019 04:07:07 [INFO]: b'RX:B\x00'
04272019 04:07:07 [INFO]: b'TX:M\x12\x83\xa1a\xce\x00\x89T@\xa1o\xce\x01\x12\xa8\x80\xa1h\x00-----'
04272019 04:07:07 [INFO]: b'RX:B\x00'
04272019 04:07:07 [INFO]: b'TX:M\x15\x84\xa1p\xcd\x14\xf7\xa1t\xcd\x02\xd1\xa1e\xcd\x03\xfa\xa1r\xcd\x052--'
04272019 04:07:07 [INFO]: b'RX:B\x00'
04272019 04:07:08 [INFO]: b'TX:M\x12\x83\xa1a\xce\x00\x89T@\xa1o\xce\x01\x12\xa8\x80\xa1h\x00-----'
04272019 04:07:08 [INFO]: b'RX:B\x00'
04272019 04:07:08 [INFO]: b'TX:M\x15\x84\xa1p\xcd\x14\xf7\xa1t\xcd\x02\xd1\xa1e\xcd\x03\xfa\xa1r\xcd\x052--'
04272019 04:07:08 [INFO]: b'RX:B\x00'
04272019 04:07:08 [INFO]: b'TX:M\x15\x84\xa1p\xcd\x14\xf8\xa1t\xcd\x02\xd1\xa1e\xcd\x03\xfa\xa1r\xcd\x052--'
04272019 04:07:08 [INFO]: b'RX:B\x00'
04272019 04:07:08 [INFO]: b'TX:M\x12\x83\xa1a\xce\x00\x89T@\xa1o\xce\x01\x12\xa8\x80\xa1h\x00-----'
04272019 04:07:09 [INFO]: b'RX:B\x00'
04272019 04:07:09 [INFO]: b'TX:M\x15\x84\xa1p\xcd\x14\xf7\xa1t\xcd\x02\xd1\xa1e\xcd\x03\xfa\xa1r\xcd\x052--'
04272019 04:07:09 [INFO]: b'RX:B\x00'
04272019 04:07:09 [INFO]: b'TX:M\x12\x83\xa1a\xce\x00\x89T@\xa1o\xce\x01\x12\xa8\x80\xa1h\x00-----'
04272019 04:07:09 [INFO]: b'RX:B\x00'
04272019 04:07:09 [INFO]: b'TX:M\x15\x84\xa1p\xcd\x14\xf7\xa1t\xcd\x02\xd1\xa1e\xcd\x03\xfa\xa1r\xcd\x052--'
04272019 04:07:09 [INFO]: b'RX:B\x00'
04272019 04:07:10 [ERROR]: Buffer overflow
04272019 04:07:10 [INFO]: b'TX:M\x15\x84\xa1p\xcd\x14\xf7\xa1t\xcd\x02\xd1\xa1e\xcd\x03\xfb\xa1r\xcd\x051--'
04272019 04:07:10 [INFO]: b'RX:B\x00'
04272019 04:07:10 [INFO]: b'TX:M\x12\x83\xa1a\xce\x00\x89T@\xa1o\xce\x01\x12\xa8\x80\xa1h\x00-----'
04272019 04:07:10 [INFO]: b'RX:B\x00'
04272019 04:07:10 [INFO]: b'TX:M\x15\x84\xa1p\xcd\x14\xf7\xa1t\xcd\x02\xd1\xa1e\xcd\x03\xfb\xa1r\xcd\x051--'
04272019 04:07:10 [INFO]: b'RX:B\x00'
04272019 04:07:10 [INFO]: b'TX:M\x12\x83\xa1a\xce\x00\x89T@\xa1o\xce\x01\x12\xa8\x80\xa1h\x00-----'
04272019 04:07:11 [INFO]: b'RX:B\x00'
04272019 04:07:11 [INFO]: b'TX:M\x15\x84\xa1p\xcd\x14\xf7\xa1t\xcd\x02\xd1\xa1e\xcd\x03\xfb\xa1r\xcd\x051--'
04272019 04:07:11 [INFO]: b'RX:B\x00'
04272019 04:07:11 [INFO]: b'TX:M\x12\x83\xa1a\xce\x00\x89T@\xa1o\xce\x01\x12\xa8\x80\xa1h\x00-----'
04272019 04:07:11 [INFO]: b'RX:B\x00'
04272019 04:07:11 [INFO]: b'TX:M\x15\x84\xa1p\xcd\x14\xf8\xa1t\xcd\x02\xd2\xa1e\xcd\x03\xfa\xa1r\xcd\x052--'
04272019 04:07:11 [INFO]: b'RX:B\x00'
04272019 04:07:12 [INFO]: b'TX:M\x12\x83\xa1a\xce\x00\x89T@\xa1o\xce\x01\x12\xa8\x80\xa1h\x00-----'
04272019 04:07:12 [INFO]: b'RX:B\x00'
04272019 04:07:12 [INFO]: b'TX:M\x15\x84\xa1p\xcd\x14\xf7\xa1t\xcd\x02\xd1\xa1e\xcd\x03\xfb\xa1r\xcd\x050--'
04272019 04:07:12 [INFO]: b'RX:B\x00'
04272019 04:07:12 [INFO]: b'TX:M\x12\x83\xa1a\xce\x00\x89T@\xa1o\xce\x01\x12\xa8\x80\xa1h\x00-----'
04272019 04:07:12 [INFO]: b'RX:B\x00'
04272019 04:07:12 [INFO]: b'TX:M\x15\x84\xa1p\xcd\x14\xf7\xa1t\xcd\x02\xd1\xa1e\xcd\x03\xfb\xa1r\xcd\x050--'
04272019 04:07:13 [INFO]: b'RX:B\x00'
04272019 04:07:13 [INFO]: b'TX:M\x15\x84\xa1p\xcd\x14\xf8\xa1t\xcd\x02\xd2\xa1e\xcd\x03\xfb\xa1r\xcd\x052--'
04272019 04:07:13 [INFO]: b'RX:B\x00'
04272019 04:07:13 [ERROR]: Buffer overflow
04272019 04:07:13 [INFO]: b'TX:M\x15\x84\xa1p\xcd\x14\xf8\xa1t\xcd\x02\xd2\xa1e\xcd\x03\xfb\xa1r\xcd\x050--'
04272019 04:07:13 [INFO]: b'RX:B\x00'
04272019 04:07:13 [INFO]: b'TX:M\x12\x83\xa1a\xce\x00\x89T@\xa1o\xce\x01\x12\xa8\x80\xa1h\x00-----'
04272019 04:07:13 [INFO]: b'RX:B\x00'
04272019 04:07:13 [INFO]: b'TX:M\x15\x84\xa1p\xcd\x14\xf8\xa1t\xcd\x02\xd2\xa1e\xcd\x03\xfb\xa1r\xcd\x050--'
04272019 04:07:14 [INFO]: b'RX:B\x00'
04272019 04:07:14 [INFO]: b'TX:M\x12\x83\xa1a\xce\x00\x89T@\xa1o\xce\x01\x12\xa8\x80\xa1h\x00-----'
04272019 04:07:14 [INFO]: b'RX:B\x00'
04272019 04:07:14 [INFO]: b'TX:M\x15\x84\xa1p\xcd\x14\xf7\xa1t\xcd\x02\xd2\xa1e\xcd\x03\xfb\xa1r\xcd\x05/--'
04272019 04:07:14 [INFO]: b'RX:B\x00'
04272019 04:07:14 [INFO]: b'TX:M\x12\x83\xa1a\xce\x00\x89T@\xa1o\xce\x01\x12\xa8\x80\xa1h\x00-----'
04272019 04:07:15 [INFO]: b'RX:B\x00'
04272019 04:07:15 [INFO]: b'TX:M\x15\x84\xa1p\xcd\x14\xf7\xa1t\xcd\x02\xd2\xa1e\xcd\x03\xfb\xa1r\xcd\x05/--'
04272019 04:07:15 [INFO]: b'RX:B\x00'
04272019 04:07:15 [INFO]: b'TX:M\x12\x83\xa1a\xce\x00\x89T@\xa1o\xce\x01\x12\xa8\x80\xa1h\x00-----'
04272019 04:07:15 [INFO]: b'RX:B\x00'
04272019 04:07:15 [INFO]: b'TX:M\x15\x84\xa1p\xcd\x14\xf8\xa1t\xcd\x02\xd2\xa1e\xcd\x03\xfb\xa1r\xcd\x05/--'
04272019 04:07:15 [INFO]: b'RX:B\x00'
04272019 04:07:15 [INFO]: b'TX:M\x12\x83\xa1a\xce\x00\x89T@\xa1o\xce\x01\x12\xa8\x80\xa1h\x00-----'
04272019 04:07:16 [INFO]: b'RX:B\x00'
04272019 04:07:16 [INFO]: b'TX:M\x15\x84\xa1p\xcd\x14\xf8\xa1t\xcd\x02\xd2\xa1e\xcd\x03\xfb\xa1r\xcd\x050--'
04272019 04:07:16 [INFO]: b'RX:B\x00'
04272019 04:07:16 [INFO]: b'TX:M\x15\x84\xa1p\xcd\x14\xf8\xa1t\xcd\x02\xd2\xa1e\xcd\x03\xfb\xa1r\xcd\x050--'
04272019 04:07:16 [INFO]: b'RX:B\x00'
04272019 04:07:16 [ERROR]: Buffer overflow
04272019 04:07:16 [INFO]: b'TX:M\x15\x84\xa1p\xcd\x14\xf8\xa1t\xcd\x02\xd2\xa1e\xcd\x03\xfb\xa1r\xcd\x05.--'
04272019 04:07:17 [INFO]: b'RX:B\x00'
04272019 04:07:17 [INFO]: b'TX:M\x12\x83\xa1a\xce\x00\x89T@\xa1o\xce\x01\x12\xa8\x80\xa1h\x00-----'
04272019 04:07:17 [INFO]: b'RX:B\x00'
04272019 04:07:17 [INFO]: b'TX:M\x15\x84\xa1p\xcd\x14\xf8\xa1t\xcd\x02\xd2\xa1e\xcd\x03\xfb\xa1r\xcd\x05.--'
04272019 04:07:17 [INFO]: b'RX:B\x00'
04272019 04:07:17 [INFO]: b'TX:M\x12\x83\xa1a\xce\x00\x89T@\xa1o\xce\x01\x12\xa8\x80\xa1h\x00-----'
04272019 04:07:17 [INFO]: b'RX:B\x00'
04272019 04:07:18 [INFO]: b'TX:M\x15\x84\xa1p\xcd\x14\xf8\xa1t\xcd\x02\xd2\xa1e\xcd\x03\xfb\xa1r\xcd\x05.--'
04272019 04:07:18 [INFO]: b'RX:B\x00'
04272019 04:07:18 [INFO]: b'TX:M\x12\x83\xa1a\xce\x00\x89T@\xa1o\xce\x01\x12\xa8\x80\xa1h\x00-----'
04272019 04:07:18 [INFO]: b'RX:B\x00'
04272019 04:07:18 [INFO]: b'TX:M\x15\x84\xa1p\xcd\x14\xf7\xa1t\xcd\x02\xd2\xa1e\xcd\x03\xfb\xa1r\xcd\x05/--'
04272019 04:07:18 [INFO]: b'RX:B\x00'
04272019 04:07:18 [INFO]: b'TX:M\x12\x83\xa1a\xce\x00\x89T@\xa1o\xce\x01\x12\xa8\x80\xa1h\x00-----'
04272019 04:07:19 [INFO]: b'RX:B\x00'
04272019 04:07:19 [INFO]: b'TX:M\x15\x84\xa1p\xcd\x14\xf7\xa1t\xcd\x02\xd2\xa1e\xcd\x03\xfb\xa1r\xcd\x05---'
04272019 04:07:19 [INFO]: b'RX:B\x00'
04272019 04:07:19 [INFO]: b'TX:M\x12\x83\xa1a\xce\x00\x89T@\xa1o\xce\x01\x12\xa8\x80\xa1h\x00-----'
04272019 04:07:19 [INFO]: b'RX:B\x00'
04272019 04:07:19 [INFO]: b'TX:M\x15\x84\xa1p\xcd\x14\xf7\xa1t\xcd\x02\xd2\xa1e\xcd\x03\xfb\xa1r\xcd\x05---'
04272019 04:07:19 [INFO]: b'RX:B\x00'
04272019 04:07:19 [ERROR]: Buffer overflow
04272019 04:07:19 [INFO]: b'TX:M\x12\x83\xa1a\xce\x00\x89T@\xa1o\xce\x01\x12\xa8\x80\xa1h\x00-----'
04272019 04:07:20 [INFO]: b'RX:B\x00'
04272019 04:07:20 [INFO]: b'TX:M\x15\x84\xa1p\xcd\x14\xf8\xa1t\xcd\x02\xd2\xa1e\xcd\x03\xfb\xa1r\xcd\x05.--'
04272019 04:07:20 [INFO]: b'RX:B\x00'
04272019 04:07:20 [INFO]: b'TX:M\x12\x83\xa1a\xce\x00\x89T@\xa1o\xce\x01\x12\xa8\x80\xa1h\x00-----'
04272019 04:07:20 [INFO]: b'RX:B\x00'
04272019 04:07:20 [INFO]: b'TX:M\x15\x84\xa1p\xcd\x14\xf8\xa1t\xcd\x02\xd2\xa1e\xcd\x03\xfb\xa1r\xcd\x05.--'
04272019 04:07:21 [INFO]: b'RX:B\x00'
04272019 04:07:21 [INFO]: b'TX:M\x12\x83\xa1a\xce\x00\x89T@\xa1o\xce\x01\x12\xa8\x80\xa1h\x00-----'
04272019 04:07:21 [INFO]: b'RX:B\x00'
04272019 04:07:21 [INFO]: b'TX:M\x15\x84\xa1p\xcd\x14\xf8\xa1t\xcd\x02\xd2\xa1e\xcd\x03\xfb\xa1r\xcd\x05---'
04272019 04:07:21 [INFO]: b'RX:B\x00'
04272019 04:07:21 [INFO]: b'TX:M\x12\x83\xa1a\xce\x00\x89T@\xa1o\xce\x01\x12\xa8\x80\xa1h\x00-----'
04272019 04:07:21 [INFO]: b'RX:B\x00'
04272019 04:07:21 [INFO]: b'TX:M\x15\x84\xa1p\xcd\x14\xf8\xa1t\xcd\x02\xd2\xa1e\xcd\x03\xfb\xa1r\xcd\x05---'
04272019 04:07:22 [INFO]: b'RX:B\x00'
04272019 04:07:22 [INFO]: b'TX:M\x12\x83\xa1a\xce\x00\x89T@\xa1o\xce\x01\x12\xa8\x80\xa1h\x00-----'
04272019 04:07:22 [INFO]: b'RX:B\x00'
04272019 04:07:22 [INFO]: b'TX:M\x15\x84\xa1p\xcd\x14\xf8\xa1t\xcd\x02\xd2\xa1e\xcd\x03\xfb\xa1r\xcd\x05,--'
04272019 04:07:22 [INFO]: b'RX:B\x00'
04272019 04:07:22 [INFO]: b'TX:M\x12\x83\xa1a\xce\x00\x89T@\xa1o\xce\x01\x12\xa8\x80\xa1h\x00-----'
04272019 04:07:23 [INFO]: b'RX:B\x00'
04272019 04:07:23 [INFO]: b'TX:M\x15\x84\xa1p\xcd\x14\xf8\xa1t\xcd\x02\xd2\xa1e\xcd\x03\xfb\xa1r\xcd\x05.--'
04272019 04:07:23 [INFO]: b'RX:B\x00'
04272019 04:07:23 [ERROR]: Buffer overflow
04272019 04:07:23 [INFO]: b'TX:M\x15\x84\xa1p\xcd\x14\xf8\xa1t\xcd\x02\xd2\xa1e\xcd\x03\xfb\xa1r\xcd\x05,--'
04272019 04:07:23 [INFO]: b'RX:B\x00'
04272019 04:07:23 [INFO]: b'TX:M\x12\x83\xa1a\xce\x00\x89T@\xa1o\xce\x01\x12\xa8\x80\xa1h\x00-----'
04272019 04:07:23 [INFO]: b'RX:B\x00'
04272019 04:07:23 [INFO]: b'TX:M\x12\x83\xa1a\xce\x00\x89T@\xa1o\xce\x01\x12\xa8\x80\xa1h\x00-----'
04272019 04:07:24 [INFO]: b'RX:B\x00'
04272019 04:07:24 [INFO]: b'TX:M\x15\x84\xa1p\xcd\x14\xf8\xa1t\xcd\x02\xd2\xa1e\xcd\x03\xfb\xa1r\xcd\x05+--'
04272019 04:07:24 [INFO]: b'RX:B\x00'
04272019 04:07:24 [INFO]: b'TX:M\x12\x83\xa1a\xce\x00\x89T@\xa1o\xce\x01\x12\xa8\x80\xa1h\x00-----'
04272019 04:07:24 [INFO]: b'RX:B\x00'
04272019 04:07:24 [INFO]: b'TX:M\x15\x84\xa1p\xcd\x14\xf8\xa1t\xcd\x02\xd2\xa1e\xcd\x03\xfb\xa1r\xcd\x05+--'
04272019 04:07:25 [INFO]: b'RX:B\x00'
04272019 04:07:25 [INFO]: b'TX:M\x12\x83\xa1a\xce\x00\x89T@\xa1o\xce\x01\x12\xa8\x80\xa1h\x00-----'
04272019 04:07:25 [INFO]: b'RX:B\x00'
04272019 04:07:25 [INFO]: b'TX:M\x15\x84\xa1p\xcd\x14\xf8\xa1t\xcd\x02\xd2\xa1e\xcd\x03\xfb\xa1r\xcd\x05,--'
04272019 04:07:25 [INFO]: b'RX:B\x00'
04272019 04:07:25 [INFO]: b'TX:M\x12\x83\xa1a\xce\x00\x89T@\xa1o\xce\x01\x12\xa8\x80\xa1h\x00-----'
04272019 04:07:25 [INFO]: b'RX:B\x00'
04272019 04:07:25 [INFO]: b'TX:M\x15\x84\xa1p\xcd\x14\xf8\xa1t\xcd\x02\xd2\xa1e\xcd\x03\xfb\xa1r\xcd\x05,--'
04272019 04:07:26 [INFO]: b'RX:B\x00'
04272019 04:07:26 [INFO]: b'TX:M\x12\x83\xa1a\xce\x00\x89T@\xa1o\xce\x01\x12\xa8\x80\xa1h\x00-----'
04272019 04:07:26 [INFO]: b'RX:B\x00'
04272019 04:07:26 [INFO]: b'TX:M\x15\x84\xa1p\xcd\x14\xf9\xa1t\xcd\x02\xd2\xa1e\xcd\x03\xfb\xa1r\xcd\x05+--'
04272019 04:07:26 [INFO]: b'RX:B\x00'
04272019 04:07:26 [ERROR]: Buffer overflow
04272019 04:07:26 [INFO]: b'TX:M\x15\x84\xa1p\xcd\x14\xf8\xa1t\xcd\x02\xd2\xa1e\xcd\x03\xfb\xa1r\xcd\x05,--'
04272019 04:07:26 [INFO]: b'RX:B\x00'
04272019 04:07:27 [INFO]: b'TX:M\x12\x83\xa1a\xce\x00\x89T@\xa1o\xce\x01\x12\xa8\x80\xa1h\x00-----'
04272019 04:07:27 [INFO]: b'RX:B\x00'
04272019 04:07:27 [INFO]: b'TX:M\x12\x83\xa1a\xce\x00\x89T@\xa1o\xce\x01\x12\xa8\x80\xa1h\x00-----'
04272019 04:07:27 [INFO]: b'RX:B\x00'
04272019 04:07:27 [INFO]: b'TX:M\x15\x84\xa1p\xcd\x14\xf8\xa1t\xcd\x02\xd2\xa1e\xcd\x03\xfb\xa1r\xcd\x05,--'
04272019 04:07:27 [INFO]: b'RX:B\x00'
04272019 04:07:27 [INFO]: b'TX:M\x12\x83\xa1a\xce\x00\x89T@\xa1o\xce\x01\x12\xa8\x80\xa1h\x00-----'
04272019 04:07:28 [INFO]: b'RX:B\x00'
04272019 04:07:28 [INFO]: b'TX:M\x15\x84\xa1p\xcd\x14\xf8\xa1t\xcd\x02\xd2\xa1e\xcd\x03\xfb\xa1r\xcd\x05*--'
04272019 04:07:28 [INFO]: b'RX:B\x00'
04272019 04:07:28 [INFO]: b'TX:M\x12\x83\xa1a\xce\x00\x89T@\xa1o\xce\x01\x12\xa8\x80\xa1h\x00-----'
04272019 04:07:28 [INFO]: b'RX:B\x00'
04272019 04:07:28 [INFO]: b'TX:M\x15\x84\xa1p\xcd\x14\xf8\xa1t\xcd\x02\xd2\xa1e\xcd\x03\xfb\xa1r\xcd\x05*--'
04272019 04:07:28 [INFO]: b'RX:B\x00'
04272019 04:07:29 [INFO]: b'TX:M\x12\x83\xa1a\xce\x00\x89T@\xa1o\xce\x01\x12\xa8\x80\xa1h\x00-----'
04272019 04:07:29 [INFO]: b'RX:B\x00'
04272019 04:07:29 [INFO]: b'TX:M\x15\x84\xa1p\xcd\x14\xf8\xa1t\xcd\x02\xd2\xa1e\xcd\x03\xfb\xa1r\xcd\x05,--'
04272019 04:07:29 [INFO]: b'RX:B\x00'
04272019 04:07:29 [INFO]: b'TX:M\x12\x83\xa1a\xce\x00\x89T@\xa1o\xce\x01\x12\xa8\x80\xa1h\x00-----'
04272019 04:07:29 [INFO]: b'RX:B\x00'
04272019 04:07:29 [INFO]: b'TX:M\x15\x84\xa1p\xcd\x14\xf8\xa1t\xcd\x02\xd2\xa1e\xcd\x03\xfb\xa1r\xcd\x05+--'
04272019 04:07:30 [INFO]: b'RX:B\x00'
04272019 04:07:30 [ERROR]: Buffer overflow
04272019 04:07:30 [INFO]: b'TX:M\x15\x84\xa1p\xcd\x14\xf8\xa1t\xcd\x02\xd2\xa1e\xcd\x03\xfb\xa1r\xcd\x05*--'
04272019 04:07:30 [INFO]: b'RX:B\x00'
04272019 04:07:30 [INFO]: b'TX:M\x12\x83\xa1a\xce\x00\x89T@\xa1o\xce\x01\x12\xa8\x80\xa1h\x00-----'
04272019 04:07:30 [INFO]: b'RX:B\x00'
04272019 04:07:30 [INFO]: b'TX:M\x12\x83\xa1a\xce\x00\x89T@\xa1o\xce\x01\x12\xa8\x80\xa1h\x00-----'
04272019 04:07:30 [INFO]: b'RX:B\x00'
04272019 04:07:31 [INFO]: b'TX:M\x15\x84\xa1p\xcd\x14\xf8\xa1t\xcd\x02\xd2\xa1e\xcd\x03\xfb\xa1r\xcd\x05)--'
04272019 04:07:31 [INFO]: b'RX:B\x00'
04272019 04:07:31 [INFO]: b'TX:M\x12\x83\xa1a\xce\x00\x89T@\xa1o\xce\x01\x12\xa8\x80\xa1h\x00-----'
04272019 04:07:31 [INFO]: b'RX:B\x00'
04272019 04:07:31 [INFO]: b'TX:M\x15\x84\xa1p\xcd\x14\xf8\xa1t\xcd\x02\xd3\xa1e\xcd\x03\xfb\xa1r\xcd\x05)--'
04272019 04:07:31 [INFO]: b'RX:B\x00'
04272019 04:07:31 [INFO]: b'TX:M\x12\x83\xa1a\xce\x00\x89T@\xa1o\xce\x01\x12\xa8\x80\xa1h\x00-----'
04272019 04:07:32 [INFO]: b'RX:B\x00'
04272019 04:07:32 [INFO]: b'TX:M\x15\x84\xa1p\xcd\x14\xf7\xa1t\xcd\x02\xd3\xa1e\xcd\x03\xfb\xa1r\xcd\x05*--'
04272019 04:07:32 [INFO]: b'RX:B\x00'
04272019 04:07:32 [INFO]: b'TX:M\x12\x83\xa1a\xce\x00\x89T@\xa1o\xce\x01\x12\xa8\x80\xa1h\x00-----'
04272019 04:07:32 [INFO]: b'RX:B\x00'
04272019 04:07:32 [INFO]: b'TX:M\x15\x84\xa1p\xcd\x14\xf7\xa1t\xcd\x02\xd3\xa1e\xcd\x03\xfb\xa1r\xcd\x05*--'
04272019 04:07:32 [INFO]: b'RX:B\x00'
04272019 04:07:33 [INFO]: b'TX:M\x12\x83\xa1a\xce\x00\x89T@\xa1o\xce\x01\x12\xa8\x80\xa1h\x00-----'
04272019 04:07:33 [INFO]: b'RX:B\x00'
04272019 04:07:33 [INFO]: b'TX:M\x15\x84\xa1p\xcd\x14\xf8\xa1t\xcd\x02\xd3\xa1e\xcd\x03\xfb\xa1r\xcd\x05(--'
04272019 04:07:33 [INFO]: b'RX:B\x00'
04272019 04:07:33 [ERROR]: Buffer overflow
04272019 04:07:33 [INFO]: b'TX:M\x15\x84\xa1p\xcd\x14\xf8\xa1t\xcd\x02\xd3\xa1e\xcd\x03\xfb\xa1r\xcd\x05---'
04272019 04:07:33 [INFO]: b'RX:B\x00'
04272019 04:07:33 [INFO]: b'TX:M\x15\x84\xa1p\xcd\x14\xf8\xa1t\xcd\x02\xd3\xa1e\xcd\x03\xfb\xa1r\xcd\x05,--'
04272019 04:07:34 [INFO]: b'RX:B\x00'
04272019 04:07:34 [INFO]: b'TX:M\x12\x83\xa1a\xce\x00\x89T@\xa1o\xce\x01\x12\xa8\x80\xa1h\x00-----'
04272019 04:07:34 [INFO]: b'RX:B\x00'
04272019 04:07:34 [INFO]: b'TX:M\x15\x84\xa1p\xcd\x14\xf8\xa1t\xcd\x02\xd3\xa1e\xcd\x03\xfb\xa1r\xcd\x05,--'
04272019 04:07:34 [INFO]: b'RX:B\x00'
04272019 04:07:34 [INFO]: b'TX:M\x12\x83\xa1a\xce\x00\x89T@\xa1o\xce\x01\x12\xa8\x80\xa1h\x00-----'
04272019 04:07:34 [INFO]: b'RX:B\x00'
04272019 04:07:35 [INFO]: b'TX:M\x15\x84\xa1p\xcd\x14\xf8\xa1t\xcd\x02\xd3\xa1e\xcd\x03\xfb\xa1r\xcd\x05,--'
04272019 04:07:35 [INFO]: b'RX:B\x00'
04272019 04:07:35 [INFO]: b'TX:M\x12\x83\xa1a\xce\x00\x89T@\xa1o\xce\x01\x12\xa8\x80\xa1h\x00-----'
04272019 04:07:35 [INFO]: b'RX:B\x00'
04272019 04:07:35 [INFO]: b'TX:M\x15\x84\xa1p\xcd\x14\xf8\xa1t\xcd\x02\xd3\xa1e\xcd\x03\xfb\xa1r\xcd\x05,--'
04272019 04:07:35 [INFO]: b'RX:B\x00'
04272019 04:07:35 [INFO]: b'TX:M\x12\x83\xa1a\xce\x00\x89T@\xa1o\xce\x01\x12\xa8\x80\xa1h\x00-----'
04272019 04:07:36 [INFO]: b'RX:B\x00'
04272019 04:07:36 [INFO]: b'TX:M\x15\x84\xa1p\xcd\x14\xf8\xa1t\xcd\x02\xd3\xa1e\xcd\x03\xfb\xa1r\xcd\x05)--'
04272019 04:07:36 [INFO]: b'RX:B\x00'
04272019 04:07:36 [INFO]: b'TX:M\x12\x83\xa1a\xce\x00\x89T@\xa1o\xce\x01\x12\xa8\x80\xa1h\x00-----'
04272019 04:07:36 [INFO]: b'RX:B\x00'
04272019 04:07:36 [INFO]: b'TX:M\x15\x84\xa1p\xcd\x14\xf8\xa1t\xcd\x02\xd3\xa1e\xcd\x03\xfb\xa1r\xcd\x05)--'
04272019 04:07:36 [INFO]: b'RX:B\x00'
04272019 04:07:37 [INFO]: b'TX:M\x12\x83\xa1a\xce\x00\x89T@\xa1o\xce\x01\x12\xa8\x80\xa1h\x00-----'
04272019 04:07:37 [INFO]: b'RX:B\x00'
04272019 04:07:37 [INFO]: b'TX:M\x15\x84\xa1p\xcd\x14\xf7\xa1t\xcd\x02\xd3\xa1e\xcd\x03\xfb\xa1r\xcd\x05+--'
04272019 04:07:37 [INFO]: b'RX:B\x00'
04272019 04:07:37 [ERROR]: Buffer overflow
04272019 04:07:37 [INFO]: b'TX:M\x12\x83\xa1a\xce\x00\x89T@\xa1o\xce\x01\x12\xa8\x80\xa1h\x00-----'
04272019 04:07:37 [INFO]: b'RX:B\x00'
04272019 04:07:37 [INFO]: b'TX:M\x15\x84\xa1p\xcd\x14\xf9\xa1t\xcd\x02\xd3\xa1e\xcd\x03\xfb\xa1r\xcd\x05*--'
04272019 04:07:38 [INFO]: b'RX:B\x00'
04272019 04:07:38 [INFO]: b'TX:M\x12\x83\xa1a\xce\x00\x89T@\xa1o\xce\x01\x12\xa8\x80\xa1h\x00-----'
04272019 04:07:38 [INFO]: b'RX:B\x00'
04272019 04:07:38 [INFO]: b'TX:M\x15\x84\xa1p\xcd\x14\xf8\xa1t\xcd\x02\xd3\xa1e\xcd\x03\xfb\xa1r\xcd\x05*--'
04272019 04:07:38 [INFO]: b'RX:B\x00'
04272019 04:07:38 [INFO]: b'TX:M\x12\x83\xa1a\xce\x00\x89T@\xa1o\xce\x01\x12\xa8\x80\xa1h\x00-----'
04272019 04:07:39 [INFO]: b'RX:B\x00'
04272019 04:07:39 [INFO]: b'TX:M\x15\x84\xa1p\xcd\x14\xf8\xa1t\xcd\x02\xd3\xa1e\xcd\x03\xfb\xa1r\xcd\x05*--'
04272019 04:07:39 [INFO]: b'RX:B\x00'
04272019 04:07:39 [INFO]: b'TX:M\x12\x83\xa1a\xce\x00\x89T@\xa1o\xce\x01\x12\xa8\x80\xa1h\x00-----'
04272019 04:07:39 [INFO]: b'RX:B\x00'
04272019 04:07:39 [INFO]: b'TX:M\x15\x84\xa1p\xcd\x14\xf8\xa1t\xcd\x02\xd3\xa1e\xcd\x03\xfb\xa1r\xcd\x05*--'
04272019 04:07:39 [INFO]: b'RX:B\x00'
04272019 04:07:39 [INFO]: b'TX:M\x12\x83\xa1a\xce\x00\x89T@\xa1o\xce\x01\x12\xa8\x80\xa1h\x00-----'
04272019 04:07:40 [INFO]: b'RX:B\x00'
04272019 04:07:40 [INFO]: b'TX:M\x15\x84\xa1p\xcd\x14\xf8\xa1t\xcd\x02\xd3\xa1e\xcd\x03\xfb\xa1r\xcd\x05+--'
04272019 04:07:40 [INFO]: b'RX:B\x00'
04272019 04:07:40 [ERROR]: Buffer overflow
04272019 04:07:40 [INFO]: b'TX:M\x12\x83\xa1a\xce\x00\x89T@\xa1o\xce\x01\x12\xa8\x80\xa1h\x00-----'
04272019 04:07:40 [INFO]: b'RX:B\x00'
04272019 04:07:40 [INFO]: b'TX:M\x15\x84\xa1p\xcd\x14\xf7\xa1t\xcd\x02\xd3\xa1e\xcd\x03\xfb\xa1r\xcd\x05)--'
04272019 04:07:41 [INFO]: b'RX:B\x00'
04272019 04:07:41 [INFO]: b'TX:M\x12\x83\xa1a\xce\x00\x89T@\xa1o\xce\x01\x12\xa8\x80\xa1h\x00-----'
04272019 04:07:41 [INFO]: b'RX:B\x00'
04272019 04:07:41 [INFO]: b'TX:M\x15\x84\xa1p\xcd\x14\xf8\xa1t\xcd\x02\xd3\xa1e\xcd\x03\xfb\xa1r\xcd\x05)--'
04272019 04:07:41 [INFO]: b'RX:B\x00'
04272019 04:07:41 [INFO]: b'TX:M\x12\x83\xa1a\xce\x00\x89T@\xa1o\xce\x01\x12\xa8\x80\xa1h\x00-----'
04272019 04:07:41 [INFO]: b'RX:B\x00'
04272019 04:07:41 [INFO]: b'TX:M\x15\x84\xa1p\xcd\x14\xf8\xa1t\xcd\x02\xd3\xa1e\xcd\x03\xfb\xa1r\xcd\x05(--'
04272019 04:07:42 [INFO]: b'RX:B\x00'
04272019 04:07:42 [INFO]: b'TX:M\x12\x83\xa1a\xce\x00\x89T@\xa1o\xce\x01\x12\xa8\x80\xa1h\x00-----'
04272019 04:07:42 [INFO]: b'RX:B\x00'
04272019 04:07:42 [INFO]: b'TX:M\x15\x84\xa1p\xcd\x14\xf8\xa1t\xcd\x02\xd3\xa1e\xcd\x03\xfb\xa1r\xcd\x05(--'
04272019 04:07:42 [INFO]: b'RX:B\x00'
04272019 04:07:42 [INFO]: b'TX:M\x12\x83\xa1a\xce\x00\x89T@\xa1o\xce\x01\x12\xa8\x80\xa1h\x00-----'
04272019 04:07:43 [INFO]: b'RX:B\x00'
04272019 04:07:43 [INFO]: b'TX:M\x15\x84\xa1p\xcd\x14\xf9\xa1t\xcd\x02\xd3\xa1e\xcd\x03\xfb\xa1r\xcd\x05(--'
04272019 04:07:43 [INFO]: b'RX:B\x00'
04272019 04:07:43 [INFO]: b'TX:M\x12\x83\xa1a\xce\x00\x89T@\xa1o\xce\x01\x12\xa8\x80\xa1h\x00-----'
04272019 04:07:43 [INFO]: b'RX:B\x00'
04272019 04:07:43 [INFO]: b'TX:M\x15\x84\xa1p\xcd\x14\xf9\xa1t\xcd\x02\xd3\xa1e\xcd\x03\xfb\xa1r\xcd\x05(--'
04272019 04:07:43 [INFO]: b'RX:B\x00'
04272019 04:07:43 [ERROR]: Buffer overflow
04272019 04:07:43 [INFO]: b'TX:M\x15\x84\xa1p\xcd\x14\xf8\xa1t\xcd\x02\xd3\xa1e\xcd\x03\xfb\xa1r\xcd\x05+--'
04272019 04:07:44 [INFO]: b'RX:B\x00'
04272019 04:07:44 [INFO]: b'TX:M\x12\x83\xa1a\xce\x00\x89T@\xa1o\xce\x01\x12\xa8\x80\xa1h\x00-----'
04272019 04:07:45 [INFO]: b'RX:B\x00'
04272019 04:07:46 [INFO]: b'TX:M\x12\x83\xa1a\xce\x00\x89T@\xa1o\xce\x01\x12\xa8\x80\xa1h\x00-----'
04272019 04:07:46 [INFO]: b'RX:B\x00'
04272019 04:07:46 [INFO]: b'TX:M\x12\x83\xa1a\xce\x00\x89T@\xa1o\xce\x01\x12\xa8\x80\xa1h\x00-----'
