04272019 04:11:21 [ERROR]: negative seek position -2
04272019 04:11:21 [INFO]: b'TX:M\x15\x84\xa1t\xcd\x02\xda\xa1e\xcd\x03\xfb\xa1r\xcd\x05-\xa1p\xcd\x14\xf8--'
04272019 04:11:21 [INFO]: b'RX:B\x00'
04272019 04:11:21 [INFO]: b'TX:M\x15\x84\xa1t\xcd\x02\xda\xa1e\xcd\x03\xfb\xa1r\xcd\x05.\xa1p\xcd\x14\xf8--'
04272019 04:11:22 [INFO]: b'RX:B\x00'
04272019 04:11:22 [INFO]: b'TX:M\x15\x84\xa1t\xcd\x02\xda\xa1e\xcd\x03\xfb\xa1r\xcd\x05.\xa1p\xcd\x14\xf8--'
04272019 04:11:22 [INFO]: b'RX:B\x00'
04272019 04:11:22 [INFO]: b'TX:M\x15\x84\xa1t\xcd\x02\xda\xa1e\xcd\x03\xfb\xa1r\xcd\x05,\xa1p\xcd\x14\xf7--'
04272019 04:11:22 [INFO]: b'RX:B\x00'
04272019 04:11:22 [INFO]: b'TX:M\x15\x84\xa1t\xcd\x02\xda\xa1e\xcd\x03\xfb\xa1r\xcd\x05-\xa1p\xcd\x14\xf7--'
04272019 04:11:22 [INFO]: b'RX:B\x00'
04272019 04:11:22 [INFO]: b'TX:M\x12\x83\xa1o\xce\x01\x12\xa8\x80\xa1h\x00\xa1a\xce\x00\x89T@-----'
04272019 04:11:23 [INFO]: b'RX:B\x00'
04272019 04:11:23 [INFO]: b'TX:M\x12\x83\xa1o\xce\x01\x12\xa8\x80\xa1h\x00\xa1a\xce\x00\x89T@-----'
04272019 04:11:23 [INFO]: b'RX:B\x00'
04272019 04:11:23 [INFO]: b'TX:M\x12\x83\xa1o\xce\x01\x12\xa8\x80\xa1h\x00\xa1a\xce\x00\x89T@-----'
04272019 04:11:23 [INFO]: b'RX:B\x00'
04272019 04:11:23 [INFO]: b'TX:M\x12\x83\xa1o\xce\x01\x12\xa8\x80\xa1h\x00\xa1a\xce\x00\x89T@-----'
04272019 04:11:24 [INFO]: b'RX:B\x00'
04272019 04:11:24 [INFO]: b'TX:M\x12\x83\xa1o\xce\x01\x12\xa8\x80\xa1h\x00\xa1a\xce\x00\x89T@-----'
04272019 04:11:24 [INFO]: b'RX:B\x00'
04272019 04:11:24 [INFO]: b'TX:M\x12\x83\xa1o\xce\x01\x12\xa8\x80\xa1h\x00\xa1a\xce\x00\x89T@-----'
04272019 04:11:24 [INFO]: b'RX:B\x00'
04272019 04:11:24 [INFO]: b'TX:M\x15\x84\xa1t\xcd\x02\xda\xa1e\xcd\x03\xfb\xa1r\xcd\x05-\xa1p\xcd\x14\xf7--'
04272019 04:11:24 [INFO]: b'RX:B\x00'
04272019 04:11:25 [INFO]: b'TX:M\x15\x84\xa1t\xcd\x02\xdb\xa1e\xcd\x03\xfb\xa1r\xcd\x050\xa1p\xcd\x14\xf8--'
04272019 04:11:25 [INFO]: b'RX:B\x00'
04272019 04:11:25 [INFO]: b'TX:M\x12\x83\xa1o\xce\x01\x12\xa8\x80\xa1h\x00\xa1a\xce\x00\x89T@-----'
04272019 04:11:25 [INFO]: b'RX:PL1x'
04272019 04:11:25 [INFO]: b'TX:M\x15\x84\xa1t\xcd\x02\xdb\xa1e\xcd\x03\xfb\xa1r\xcd\x050\xa1p\xcd\x14\xf8--'
04272019 04:11:25 [INFO]: b'RX:B\x00'
04272019 04:11:25 [INFO]: b'TX:M\x12\x83\xa1o\xce\x01\x12\xa8\x80\xa1h\x00\xa1a\xce\x00\x89T@-----'
04272019 04:11:26 [INFO]: b'RX:B\x00'
04272019 04:11:26 [INFO]: b'TX:M\x15\x84\xa1t\xcd\x02\xdb\xa1e\xcd\x03\xfb\xa1r\xcd\x050\xa1p\xcd\x14\xf8--'
04272019 04:11:26 [INFO]: b'RX:B\x00'
04272019 04:11:26 [INFO]: b'TX:M\x12\x83\xa1o\xce\x01\x12\xa8\x80\xa1h\x00\xa1a\xce\x00\x89T@-----'
04272019 04:11:26 [INFO]: b'RX:B\x00'
04272019 04:11:26 [INFO]: b'TX:M\x12\x83\xa1o\xce\x01\x12\xa8\x80\xa1h\x00\xa1a\xce\x00\x89T@-----'
04272019 04:11:27 [INFO]: b'RX:B\x00'
04272019 04:11:27 [INFO]: b'TX:M\x15\x84\xa1t\xcd\x02\xdb\xa1e\xcd\x03\xfb\xa1r\xcd\x050\xa1p\xcd\x14\xf8--'
04272019 04:11:27 [INFO]: b'RX:B\x00'
04272019 04:11:27 [INFO]: b'TX:M\x12\x83\xa1o\xce\x01\x12\xa8\x80\xa1h\x00\xa1a\xce\x00\x89T@-----'
04272019 04:11:27 [INFO]: b'RX:B\x00'
04272019 04:11:27 [INFO]: b'TX:M\x15\x84\xa1t\xcd\x02\xdb\xa1e\xcd\x03\xfb\xa1r\xcd\x050\xa1p\xcd\x14\xf7--'
04272019 04:11:27 [INFO]: b'RX:B\x00'
04272019 04:11:27 [INFO]: b'TX:M\x12\x83\xa1o\xce\x01\x12\xa8\x80\xa1h\x00\xa1a\xce\x00\x89T@-----'
04272019 04:11:28 [INFO]: b'RX:B\x00'
04272019 04:11:28 [INFO]: b'TX:M\x15\x84\xa1t\xcd\x02\xdb\xa1e\xcd\x03\xfb\xa1r\xcd\x05/\xa1p\xcd\x14\xf8--'
04272019 04:11:28 [INFO]: b'RX:B\x00'
04272019 04:11:28 [INFO]: b'TX:M\x12\x83\xa1o\xce\x01\x12\xa8\x80\xa1h\x00\xa1a\xce\x00\x89T@-----'
04272019 04:11:28 [INFO]: b'RX:B\x00'
04272019 04:11:28 [INFO]: b'TX:M\x15\x84\xa1t\xcd\x02\xdb\xa1e\xcd\x03\xfb\xa1r\xcd\x05/\xa1p\xcd\x14\xf8--'
04272019 04:11:29 [INFO]: b'RX:B\x00'
04272019 04:11:29 [INFO]: b'TX:M\x12\x83\xa1o\xce\x01\x12\xa8\x80\xa1h\x00\xa1a\xce\x00\x89T@-----'
04272019 04:11:29 [INFO]: b'RX:B\x00'
04272019 04:11:29 [INFO]: b'TX:M\x15\x84\xa1t\xcd\x02\xdb\xa1e\xcd\x03\xfb\xa1r\xcd\x05/\xa1p\xcd\x14\xf7--'
04272019 04:11:29 [INFO]: b'RX:B\x00'
04272019 04:11:29 [INFO]: b'TX:M\x12\x83\xa1o\xce\x01\x12\xa8\x80\xa1h\x00\xa1a\xce\x00\x89T@-----'
04272019 04:11:29 [INFO]: b'RX:B\x00'
04272019 04:11:29 [INFO]: b'TX:M\x15\x84\xa1t\xcd\x02\xdb\xa1e\xcd\x03\xfb\xa1r\xcd\x050\xa1p\xcd\x14\xf7--'
04272019 04:11:30 [INFO]: b'RX:B\x00'
04272019 04:11:30 [INFO]: b'TX:M\x12\x83\xa1o\xce\x01\x12\xa8\x80\xa1h\x00\xa1a\xce\x00\x89T@-----'
04272019 04:11:30 [INFO]: b'RX:B\x00'
04272019 04:11:30 [INFO]: b'TX:M\x15\x84\xa1t\xcd\x02\xdb\xa1e\xcd\x03\xfb\xa1r\xcd\x050\xa1p\xcd\x14\xf7--'
04272019 04:11:30 [INFO]: b'RX:B\x00'
04272019 04:11:30 [INFO]: b'TX:M\x12\x83\xa1o\xce\x01\x12\xa8\x80\xa1h\x00\xa1a\xce\x00\x89T@-----'
04272019 04:11:31 [INFO]: b'RX:B\x00'
04272019 04:11:31 [INFO]: b'TX:M\x15\x84\xa1t\xcd\x02\xdb\xa1e\xcd\x03\xfb\xa1r\xcd\x05.\xa1p\xcd\x14\xf7--'
04272019 04:11:31 [INFO]: b'RX:B\x00'
04272019 04:11:31 [INFO]: b'TX:M\x12\x83\xa1o\xce\x01\x12\xa8\x80\xa1h\x00\xa1a\xce\x00\x89T@-----'
04272019 04:11:31 [INFO]: b'RX:B\x00'
04272019 04:11:31 [INFO]: b'TX:M\x15\x84\xa1t\xcd\x02\xdb\xa1e\xcd\x03\xfb\xa1r\xcd\x05.\xa1p\xcd\x14\xf7--'
04272019 04:11:31 [INFO]: b'RX:B\x00'
04272019 04:11:31 [INFO]: b'TX:M\x12\x83\xa1o\xce\x01\x12\xa8\x80\xa1h\x00\xa1a\xce\x00\x89T@-----'
04272019 04:11:32 [INFO]: b'RX:B\x00'
04272019 04:11:32 [INFO]: b'TX:M\x15\x84\xa1t\xcd\x02\xdb\xa1e\xcd\x03\xfb\xa1r\xcd\x05-\xa1p\xcd\x14\xf8--'
04272019 04:11:32 [INFO]: b'RX:B\x00'
04272019 04:11:32 [INFO]: b'TX:M\x12\x83\xa1o\xce\x01\x12\xa8\x80\xa1h\x00\xa1a\xce\x00\x89T@-----'
04272019 04:11:32 [INFO]: b'RX:B\x00'
04272019 04:11:32 [INFO]: b'TX:M\x15\x84\xa1t\xcd\x02\xdb\xa1e\xcd\x03\xfb\xa1r\xcd\x05-\xa1p\xcd\x14\xf8--'
04272019 04:11:33 [INFO]: b'RX:B\x00'
04272019 04:11:33 [INFO]: b'TX:M\x12\x83\xa1o\xce\x01\x12\xa8\x80\xa1h\x00\xa1a\xce\x00\x89T@-----'
04272019 04:11:33 [INFO]: b'RX:B\x00'
04272019 04:11:33 [INFO]: b'TX:M\x15\x84\xa1t\xcd\x02\xdb\xa1e\xcd\x03\xfb\xa1r\xcd\x05-\xa1p\xcd\x14\xf7--'
04272019 04:11:33 [INFO]: b'RX:B\x00'
04272019 04:11:33 [INFO]: b'TX:M\x12\x83\xa1o\xce\x01\x12\xa8\x80\xa1h\x00\xa1a\xce\x00\x89T@-----'
04272019 04:11:33 [INFO]: b'RX:B\x00'
04272019 04:11:33 [INFO]: b'TX:M\x15\x84\xa1t\xcd\x02\xdb\xa1e\xcd\x03\xfb\xa1r\xcd\x05.\xa1p\xcd\x14\xf7--'
04272019 04:11:34 [INFO]: b'RX:B\x00'
04272019 04:11:34 [INFO]: b'TX:M\x12\x83\xa1o\xce\x01\x12\xa8\x80\xa1h\x00\xa1a\xce\x00\x89T@-----'
04272019 04:11:34 [INFO]: b'RX:B\x00'
04272019 04:11:34 [INFO]: b'TX:M\x15\x84\xa1t\xcd\x02\xdb\xa1e\xcd\x03\xfb\xa1r\xcd\x05.\xa1p\xcd\x14\xf7--'
04272019 04:11:34 [INFO]: b'RX:B\x00'
04272019 04:11:34 [INFO]: b'TX:M\x15\x84\xa1t\xcd\x02\xdb\xa1e\xcd\x03\xfb\xa1r\xcd\x05.\xa1p\xcd\x14\xf8--'
04272019 04:11:35 [INFO]: b'RX:B\x00'
04272019 04:11:35 [INFO]: b'TX:M\x12\x83\xa1o\xce\x01\x12\xa8\x80\xa1h\x00\xa1a\xce\x00\x89T@-----'
04272019 04:11:35 [INFO]: b'RX:B\x00'
04272019 04:11:35 [INFO]: b'TX:M\x15\x84\xa1t\xcd\x02\xdb\xa1e\xcd\x03\xfb\xa1r\xcd\x05.\xa1p\xcd\x14\xf8--'
04272019 04:11:35 [INFO]: b'RX:B\x00'
04272019 04:11:35 [ERROR]: Buffer overflow
04272019 04:11:35 [INFO]: b'TX:M\x15\x84\xa1t\xcd\x02\xdb\xa1e\xcd\x03\xfb\xa1r\xcd\x05.\xa1p\xcd\x14\xf8--'
04272019 04:11:35 [INFO]: b'RX:B\x00'
04272019 04:11:35 [INFO]: b'TX:M\x12\x83\xa1o\xce\x01\x12\xa8\x80\xa1h\x00\xa1a\xce\x00\x89T@-----'
04272019 04:11:36 [INFO]: b'RX:B\x00'
04272019 04:11:36 [INFO]: b'TX:M\x15\x84\xa1t\xcd\x02\xdb\xa1e\xcd\x03\xfb\xa1r\xcd\x05.\xa1p\xcd\x14\xf8--'
04272019 04:11:36 [INFO]: b'RX:B\x00'
04272019 04:11:36 [INFO]: b'TX:M\x12\x83\xa1o\xce\x01\x12\xa8\x80\xa1h\x00\xa1a\xce\x00\x89T@-----'
04272019 04:11:36 [INFO]: b'RX:B\x00'
04272019 04:11:36 [INFO]: b'TX:M\x15\x84\xa1t\xcd\x02\xdb\xa1e\xcd\x03\xfb\xa1r\xcd\x05.\xa1p\xcd\x14\xf8--'
04272019 04:11:37 [INFO]: b'RX:B\x00'
04272019 04:11:37 [INFO]: b'TX:M\x12\x83\xa1o\xce\x01\x12\xa8\x80\xa1h\x00\xa1a\xce\x00\x89T@-----'
04272019 04:11:37 [INFO]: b'RX:B\x00'
04272019 04:11:37 [INFO]: b'TX:M\x15\x84\xa1t\xcd\x02\xdb\xa1e\xcd\x03\xfb\xa1r\xcd\x05.\xa1p\xcd\x14\xf7--'
04272019 04:11:37 [INFO]: b'RX:B\x00'
04272019 04:11:37 [INFO]: b'TX:M\x12\x83\xa1o\xce\x01\x12\xa8\x80\xa1h\x00\xa1a\xce\x00\x89T@-----'
04272019 04:11:37 [INFO]: b'RX:B\x00'
04272019 04:11:37 [INFO]: b'TX:M\x15\x84\xa1t\xcd\x02\xdb\xa1e\xcd\x03\xfb\xa1r\xcd\x05-\xa1p\xcd\x14\xf8--'
04272019 04:11:38 [INFO]: b'RX:B\x00'
04272019 04:11:38 [INFO]: b'TX:M\x15\x84\xa1t\xcd\x02\xdb\xa1e\xcd\x03\xfb\xa1r\xcd\x05-\xa1p\xcd\x14\xf8--'
04272019 04:11:38 [INFO]: b'RX:B\x00'
04272019 04:11:38 [INFO]: b'TX:M\x12\x83\xa1o\xce\x01\x12\xa8\x80\xa1h\x00\xa1a\xce\x00\x89T@-----'
04272019 04:11:38 [INFO]: b'RX:B\x00'
04272019 04:11:38 [INFO]: b'TX:M\x15\x84\xa1t\xcd\x02\xdb\xa1e\xcd\x03\xfb\xa1r\xcd\x05-\xa1p\xcd\x14\xf8--'
04272019 04:11:39 [INFO]: b'RX:B\x00'
04272019 04:11:39 [ERROR]: Buffer overflow
04272019 04:11:39 [INFO]: b'TX:M\x15\x84\xa1t\xcd\x02\xdb\xa1e\xcd\x03\xfb\xa1r\xcd\x05.\xa1p\xcd\x14\xf7--'
04272019 04:11:39 [INFO]: b'RX:B\x00'
04272019 04:11:39 [INFO]: b'TX:M\x12\x83\xa1o\xce\x01\x12\xa8\x80\xa1h\x00\xa1a\xce\x00\x89T@-----'
04272019 04:11:39 [INFO]: b'RX:B\x00'
04272019 04:11:39 [INFO]: b'TX:M\x15\x84\xa1t\xcd\x02\xdb\xa1e\xcd\x03\xfb\xa1r\xcd\x05.\xa1p\xcd\x14\xf7--'
04272019 04:11:39 [INFO]: b'RX:B\x00'
04272019 04:11:39 [INFO]: b'TX:M\x12\x83\xa1o\xce\x01\x12\xa8\x80\xa1h\x00\xa1a\xce\x00\x89T@-----'
04272019 04:11:40 [INFO]: b'RX:B\x00'
04272019 04:11:40 [INFO]: b'TX:M\x15\x84\xa1t\xcd\x02\xdb\xa1e\xcd\x03\xfb\xa1r\xcd\x05/\xa1p\xcd\x14\xf8--'
04272019 04:11:40 [INFO]: b'RX:B\x00'
04272019 04:11:40 [INFO]: b'TX:M\x12\x83\xa1o\xce\x01\x12\xa8\x80\xa1h\x00\xa1a\xce\x00\x89T@-----'
04272019 04:11:40 [INFO]: b'RX:B\x00'
04272019 04:11:40 [INFO]: b'TX:M\x15\x84\xa1t\xcd\x02\xdb\xa1e\xcd\x03\xfb\xa1r\xcd\x05.\xa1p\xcd\x14\xf7--'
04272019 04:11:41 [INFO]: b'RX:B\x00'
04272019 04:11:41 [INFO]: b'TX:M\x12\x83\xa1o\xce\x01\x12\xa8\x80\xa1h\x00\xa1a\xce\x00\x89T@-----'
04272019 04:11:41 [INFO]: b'RX:B\x00'
04272019 04:11:41 [INFO]: b'TX:M\x15\x84\xa1t\xcd\x02\xdb\xa1e\xcd\x03\xfb\xa1r\xcd\x05.\xa1p\xcd\x14\xf7--'
04272019 04:11:41 [INFO]: b'RX:B\x00'
04272019 04:11:41 [INFO]: b'TX:M\x12\x83\xa1o\xce\x01\x12\xa8\x80\xa1h\x00\xa1a\xce\x00\x89T@-----'
04272019 04:11:41 [INFO]: b'RX:B\x00'
04272019 04:11:41 [INFO]: b'TX:M\x15\x84\xa1t\xcd\x02\xdb\xa1e\xcd\x03\xfb\xa1r\xcd\x05.\xa1p\xcd\x14\xf7--'
04272019 04:11:42 [INFO]: b'RX:B\x00'
04272019 04:11:42 [INFO]: b'TX:M\x12\x83\xa1o\xce\x01\x12\xa8\x80\xa1h\x00\xa1a\xce\x00\x89T@-----'
04272019 04:11:42 [INFO]: b'RX:B\x00'
04272019 04:11:42 [ERROR]: Buffer overflow
04272019 04:11:42 [INFO]: b'TX:M\x15\x84\xa1t\xcd\x02\xdb\xa1e\xcd\x03\xfb\xa1r\xcd\x05.\xa1p\xcd\x14\xf7--'
04272019 04:11:42 [INFO]: b'RX:B\x00'
04272019 04:11:42 [INFO]: b'TX:M\x12\x83\xa1o\xce\x01\x12\xa8\x80\xa1h\x00\xa1a\xce\x00\x89T@-----'
04272019 04:11:43 [INFO]: b'RX:B\x00'
04272019 04:11:43 [INFO]: b'TX:M\x15\x84\xa1t\xcd\x02\xdb\xa1e\xcd\x03\xfb\xa1r\xcd\x05.\xa1p\xcd\x14\xf7--'
04272019 04:11:43 [INFO]: b'RX:B\x00'
04272019 04:11:43 [INFO]: b'TX:M\x12\x83\xa1o\xce\x01\x12\xa8\x80\xa1h\x00\xa1a\xce\x00\x89T@-----'
04272019 04:11:43 [INFO]: b'RX:B\x00'
04272019 04:11:43 [INFO]: b'TX:M\x15\x84\xa1t\xcd\x02\xdb\xa1e\xcd\x03\xfb\xa1r\xcd\x05.\xa1p\xcd\x14\xf7--'
04272019 04:11:43 [INFO]: b'RX:B\x00'
04272019 04:11:43 [INFO]: b'TX:M\x12\x83\xa1o\xce\x01\x12\xa8\x80\xa1h\x00\xa1a\xce\x00\x89T@-----'
04272019 04:11:44 [INFO]: b'RX:B\x00'
04272019 04:11:44 [INFO]: b'TX:M\x15\x84\xa1t\xcd\x02\xdb\xa1e\xcd\x03\xfb\xa1r\xcd\x05+\xa1p\xcd\x14\xf8--'
04272019 04:11:44 [INFO]: b'RX:B\x00'
04272019 04:11:44 [INFO]: b'TX:M\x12\x83\xa1o\xce\x01\x12\xa8\x80\xa1h\x00\xa1a\xce\x00\x89T@-----'
04272019 04:11:44 [INFO]: b'RX:B\x00'
04272019 04:11:44 [INFO]: b'TX:M\x15\x84\xa1t\xcd\x02\xdb\xa1e\xcd\x03\xfb\xa1r\xcd\x05+\xa1p\xcd\x14\xf8--'
04272019 04:11:44 [INFO]: b'RX:B\x00'
04272019 04:11:45 [INFO]: b'TX:M\x12\x83\xa1o\xce\x01\x12\xa8\x80\xa1h\x00\xa1a\xce\x00\x89T@-----'
04272019 04:11:45 [INFO]: b'RX:B\x00'
04272019 04:11:45 [INFO]: b'TX:M\x15\x84\xa1t\xcd\x02\xdb\xa1e\xcd\x03\xfb\xa1r\xcd\x05,\xa1p\xcd\x14\xf7--'
04272019 04:11:45 [INFO]: b'RX:B\x00'
04272019 04:11:45 [ERROR]: Buffer overflow
04272019 04:11:45 [INFO]: b'TX:M\x12\x83\xa1o\xce\x01\x12\xa8\x80\xa1h\x00\xa1a\xce\x00\x89T@-----'
04272019 04:11:45 [INFO]: b'RX:B\x00'
04272019 04:11:45 [INFO]: b'TX:M\x15\x84\xa1t\xcd\x02\xdb\xa1e\xcd\x03\xfb\xa1r\xcd\x05-\xa1p\xcd\x14\xf8--'
04272019 04:11:46 [INFO]: b'RX:B\x00'
04272019 04:11:46 [INFO]: b'TX:M\x12\x83\xa1o\xce\x01\x12\xa8\x80\xa1h\x00\xa1a\xce\x00\x89T@-----'
04272019 04:11:46 [INFO]: b'RX:B\x00'
04272019 04:11:46 [INFO]: b'TX:M\x15\x84\xa1t\xcd\x02\xdb\xa1e\xcd\x03\xfb\xa1r\xcd\x05-\xa1p\xcd\x14\xf8--'
04272019 04:11:46 [INFO]: b'RX:B\x00'
04272019 04:11:46 [INFO]: b'TX:M\x12\x83\xa1o\xce\x01\x12\xa8\x80\xa1h\x00\xa1a\xce\x00\x89T@-----'
04272019 04:11:46 [INFO]: b'RX:B\x00'
04272019 04:11:47 [INFO]: b'TX:M\x15\x84\xa1t\xcd\x02\xdb\xa1e\xcd\x03\xfb\xa1r\xcd\x05.\xa1p\xcd\x14\xf8--'
04272019 04:11:47 [INFO]: b'RX:B\x00'
04272019 04:11:47 [INFO]: b'TX:M\x12\x83\xa1o\xce\x01\x12\xa8\x80\xa1h\x00\xa1a\xce\x00\x89T@-----'
04272019 04:11:47 [INFO]: b'RX:B\x00'
04272019 04:11:47 [INFO]: b'TX:M\x15\x84\xa1t\xcd\x02\xdb\xa1e\xcd\x03\xfb\xa1r\xcd\x05.\xa1p\xcd\x14\xf8--'
04272019 04:11:47 [INFO]: b'RX:B\x00'
04272019 04:11:47 [INFO]: b'TX:M\x12\x83\xa1o\xce\x01\x12\xa8\x80\xa1h\x00\xa1a\xce\x00\x89T@-----'
04272019 04:11:48 [INFO]: b'RX:B\x00'
04272019 04:11:48 [INFO]: b'TX:M\x15\x84\xa1t\xcd\x02\xdc\xa1e\xcd\x03\xfb\xa1r\xcd\x05/\xa1p\xcd\x14\xf8--'
04272019 04:11:48 [INFO]: b'RX:B\x00'
04272019 04:11:48 [INFO]: b'TX:M\x12\x83\xa1o\xce\x01\x12\xa8\x80\xa1h\x00\xa1a\xce\x00\x89T@-----'
04272019 04:11:48 [INFO]: b'RX:B\x00'
04272019 04:11:48 [INFO]: b'TX:M\x15\x84\xa1t\xcd\x02\xdb\xa1e\xcd\x03\xfb\xa1r\xcd\x05/\xa1p\xcd\x14\xf7--'
04272019 04:11:48 [INFO]: b'RX:B\x00'
04272019 04:11:49 [ERROR]: Buffer overflow
04272019 04:11:49 [INFO]: b'TX:M\x12\x83\xa1o\xce\x01\x12\xa8\x80\xa1h\x00\xa1a\xce\x00\x89T@-----'
04272019 04:11:49 [INFO]: b'RX:B\x00'
04272019 04:11:49 [INFO]: b'TX:M\x15\x84\xa1t\xcd\x02\xdc\xa1e\xcd\x03\xfa\xa1r\xcd\x052\xa1p\xcd\x14\xf8--'
04272019 04:11:49 [INFO]: b'RX:B\x00'
04272019 04:11:49 [INFO]: b'TX:M\x12\x83\xa1o\xce\x01\x12\xa8\x80\xa1h\x00\xa1a\xce\x00\x89T@-----'
04272019 04:11:49 [INFO]: b'RX:B\x00'
04272019 04:11:49 [INFO]: b'TX:M\x15\x84\xa1t\xcd\x02\xdc\xa1e\xcd\x03\xfb\xa1r\xcd\x050\xa1p\xcd\x14\xf7--'
04272019 04:11:50 [INFO]: b'RX:B\x00'
04272019 04:11:50 [INFO]: b'TX:M\x12\x83\xa1o\xce\x01\x12\xa8\x80\xa1h\x00\xa1a\xce\x00\x89T@-----'
04272019 04:11:50 [INFO]: b'RX:B\x00'
04272019 04:11:50 [INFO]: b'TX:M\x15\x84\xa1t\xcd\x02\xdc\xa1e\xcd\x03\xfb\xa1r\xcd\x050\xa1p\xcd\x14\xf7--'
04272019 04:11:50 [INFO]: b'RX:B\x00'
04272019 04:11:50 [INFO]: b'TX:M\x12\x83\xa1o\xce\x01\x12\xa8\x80\xa1h\x00\xa1a\xce\x00\x89T@-----'
04272019 04:11:50 [INFO]: b'RX:B\x00'
04272019 04:11:51 [INFO]: b'TX:M\x15\x84\xa1t\xcd\x02\xdc\xa1e\xcd\x03\xfb\xa1r\xcd\x050\xa1p\xcd\x14\xf8--'
04272019 04:11:51 [INFO]: b'RX:REBOOT\xf2'
04272019 04:11:51 [INFO]: b'TX:M\x12\x83\xa1o\xce\x01\x12\xa8\x80\xa1h\x00\xa1a\xce\x00\x89T@-----'
04272019 04:11:51 [INFO]: b'RX:B\x00'
04272019 04:11:51 [INFO]: b'TX:M\x15\x84\xa1t\xcd\x02\xdc\xa1e\xcd\x03\xfb\xa1r\xcd\x050\xa1p\xcd\x14\xf8--'
04272019 04:11:51 [INFO]: b'RX:B\x00'
04272019 04:11:51 [INFO]: b'TX:M\x12\x83\xa1o\xce\x01\x12\xa8\x80\xa1h\x00\xa1a\xce\x00\x89T@-----'
04272019 04:11:52 [INFO]: b'RX:B\x00'
04272019 04:11:52 [INFO]: b'TX:M\x15\x84\xa1t\xcd\x02\xdc\xa1e\xcd\x03\xfb\xa1r\xcd\x050\xa1p\xcd\x14\xf8--'
04272019 04:11:52 [INFO]: b'RX:B\x00'
04272019 04:11:52 [ERROR]: Buffer overflow
04272019 04:11:52 [INFO]: b'TX:M\x12\x83\xa1o\xce\x01\x12\xa8\x80\xa1h\x00\xa1a\xce\x00\x89T@-----'
04272019 04:11:52 [INFO]: b'RX:B\x00'
04272019 04:11:52 [INFO]: b'TX:M\x15\x84\xa1t\xcd\x02\xdc\xa1e\xcd\x03\xfb\xa1r\xcd\x05/\xa1p\xcd\x14\xf7--'
04272019 04:11:52 [INFO]: b'RX:B\x00'
04272019 04:11:53 [INFO]: b'TX:M\x12\x83\xa1o\xce\x01\x12\xa8\x80\xa1h\x00\xa1a\xce\x00\x89T@-----'
04272019 04:11:53 [INFO]: b'RX:B\x00'
04272019 04:11:53 [INFO]: b'TX:M\x15\x84\xa1t\xcd\x02\xdc\xa1e\xcd\x03\xfb\xa1r\xcd\x05-\xa1p\xcd\x14\xf7--'
04272019 04:11:53 [INFO]: b'RX:B\x00'
04272019 04:11:53 [INFO]: b'TX:M\x12\x83\xa1o\xce\x01\x12\xa8\x80\xa1h\x00\xa1a\xce\x00\x89T@-----'
04272019 04:11:53 [INFO]: b'RX:B\x00'
04272019 04:11:53 [INFO]: b'TX:M\x15\x84\xa1t\xcd\x02\xdc\xa1e\xcd\x03\xfb\xa1r\xcd\x05.\xa1p\xcd\x14\xf7--'
04272019 04:11:54 [INFO]: b'RX:B\x00'
04272019 04:11:54 [INFO]: b'TX:M\x12\x83\xa1o\xce\x01\x12\xa8\x80\xa1h\x00\xa1a\xce\x00\x89T@-----'
04272019 04:11:54 [INFO]: b'RX:B\x00'
04272019 04:11:54 [INFO]: b'TX:M\x15\x84\xa1t\xcd\x02\xdc\xa1e\xcd\x03\xfb\xa1r\xcd\x05.\xa1p\xcd\x14\xf7--'
04272019 04:11:54 [INFO]: b'RX:B\x00'
04272019 04:11:54 [INFO]: b'TX:M\x12\x83\xa1o\xce\x01\x12\xa8\x80\xa1h\x00\xa1a\xce\x00\x89T@-----'
04272019 04:11:54 [INFO]: b'RX:B\x00'
04272019 04:11:55 [INFO]: b'TX:M\x15\x84\xa1t\xcd\x02\xdc\xa1e\xcd\x03\xfb\xa1r\xcd\x05.\xa1p\xcd\x14\xf8--'
04272019 04:11:55 [INFO]: b'RX:B\x00'
04272019 04:11:55 [INFO]: b'TX:M\x12\x83\xa1o\xce\x01\x12\xa8\x80\xa1h\x00\xa1a\xce\x00\x89T@-----'
04272019 04:11:55 [INFO]: b'RX:B\x00'
04272019 04:11:55 [INFO]: b'TX:M\x15\x84\xa1t\xcd\x02\xdc\xa1e\xcd\x03\xfb\xa1r\xcd\x05.\xa1p\xcd\x14\xf8--'
04272019 04:11:55 [INFO]: b'RX:B\x00'
04272019 04:11:55 [ERROR]: Buffer overflow
04272019 04:11:55 [INFO]: b'TX:M\x12\x83\xa1o\xce\x01\x12\xa8\x80\xa1h\x00\xa1a\xce\x00\x89T@-----'
04272019 04:11:56 [INFO]: b'RX:B\x00'
04272019 04:11:56 [INFO]: b'TX:M\x15\x84\xa1t\xcd\x02\xdc\xa1e\xcd\x03\xfb\xa1r\xcd\x05-\xa1p\xcd\x14\xf8--'
04272019 04:11:56 [INFO]: b'RX:B\x00'
04272019 04:11:56 [INFO]: b'TX:M\x12\x83\xa1o\xce\x01\x12\xa8\x80\xa1h\x00\xa1a\xce\x00\x89T@-----'
04272019 04:11:56 [INFO]: b'RX:B\x00'
04272019 04:11:56 [INFO]: b'TX:M\x15\x84\xa1t\xcd\x02\xdc\xa1e\xcd\x03\xfb\xa1r\xcd\x05-\xa1p\xcd\x14\xf8--'
04272019 04:11:56 [INFO]: b'RX:B\x00'
04272019 04:11:57 [INFO]: b'TX:M\x12\x83\xa1o\xce\x01\x12\xa8\x80\xa1h\x00\xa1a\xce\x00\x89T@-----'
04272019 04:11:57 [INFO]: b'RX:B\x00'
04272019 04:11:57 [INFO]: b'TX:M\x15\x84\xa1t\xcd\x02\xdc\xa1e\xcd\x03\xfb\xa1r\xcd\x05,\xa1p\xcd\x14\xf8--'
04272019 04:11:57 [INFO]: b'RX:B\x00'
04272019 04:11:57 [INFO]: b'TX:M\x12\x83\xa1o\xce\x01\x12\xa8\x80\xa1h\x00\xa1a\xce\x00\x89T@-----'
04272019 04:11:57 [INFO]: b'RX:B\x00'
04272019 04:11:57 [INFO]: b'TX:M\x15\x84\xa1t\xcd\x02\xdc\xa1e\xcd\x03\xfb\xa1r\xcd\x05,\xa1p\xcd\x14\xf8--'
04272019 04:11:58 [INFO]: b'RX:B\x00'
04272019 04:11:58 [INFO]: b'TX:M\x12\x83\xa1o\xce\x01\x12\xa8\x80\xa1h\x00\xa1a\xce\x00\x89T@-----'
04272019 04:11:58 [INFO]: b'RX:B\x00'
04272019 04:11:58 [INFO]: b'TX:M\x15\x84\xa1t\xcd\x02\xdc\xa1e\xcd\x03\xfb\xa1r\xcd\x05,\xa1p\xcd\x14\xf8--'
04272019 04:11:58 [INFO]: b'RX:B\x00'
04272019 04:11:58 [INFO]: b'TX:M\x12\x83\xa1o\xce\x01\x12\xa8\x80\xa1h\x00\xa1a\xce\x00\x89T@-----'
04272019 04:11:59 [INFO]: b'RX:B\x00'
04272019 04:11:59 [INFO]: b'TX:M\x15\x84\xa1t\xcd\x02\xdc\xa1e\xcd\x03\xfb\xa1r\xcd\x05,\xa1p\xcd\x14\xf7--'
04272019 04:11:59 [INFO]: b'RX:B\x00'
04272019 04:11:59 [ERROR]: Buffer overflow
04272019 04:11:59 [INFO]: b'TX:M\x12\x83\xa1o\xce\x01\x12\xa8\x80\xa1h\x00\xa1a\xce\x00\x89T@-----'
04272019 04:11:59 [INFO]: b'RX:B\x00'
04272019 04:11:59 [INFO]: b'TX:M\x15\x84\xa1t\xcd\x02\xdc\xa1e\xcd\x03\xfb\xa1r\xcd\x05.\xa1p\xcd\x14\xf7--'
04272019 04:11:59 [INFO]: b'RX:B\x00'
04272019 04:11:59 [INFO]: b'TX:M\x12\x83\xa1o\xce\x01\x12\xa8\x80\xa1h\x00\xa1a\xce\x00\x89T@-----'
04272019 04:12:00 [INFO]: b'RX:B\x00'
04272019 04:12:00 [INFO]: b'TX:M\x15\x84\xa1t\xcd\x02\xdc\xa1e\xcd\x03\xfb\xa1r\xcd\x05.\xa1p\xcd\x14\xf7--'
04272019 04:12:00 [INFO]: b'RX:B\x00'
04272019 04:12:00 [INFO]: b'TX:M\x12\x83\xa1o\xce\x01\x12\xa8\x80\xa1h\x00\xa1a\xce\x00\x89T@-----'
04272019 04:12:00 [INFO]: b'RX:B\x00'
04272019 04:12:00 [INFO]: b'TX:M\x15\x84\xa1t\xcd\x02\xdc\xa1e\xcd\x03\xfb\xa1r\xcd\x051\xa1p\xcd\x14\xf7--'
04272019 04:12:01 [INFO]: b'RX:B\x00'
04272019 04:12:01 [INFO]: b'TX:M\x12\x83\xa1o\xce\x01\x12\xa8\x80\xa1h\x00\xa1a\xce\x00\x89T@-----'
04272019 04:12:01 [INFO]: b'RX:B\x00'
04272019 04:12:01 [INFO]: b'TX:M\x15\x84\xa1t\xcd\x02\xdc\xa1e\xcd\x03\xfb\xa1r\xcd\x051\xa1p\xcd\x14\xf7--'
04272019 04:12:01 [INFO]: b'RX:B\x00'
04272019 04:12:01 [INFO]: b'TX:M\x12\x83\xa1o\xce\x01\x12\xa8\x80\xa1h\x00\xa1a\xce\x00\x89T@-----'
04272019 04:12:02 [INFO]: b'RX:B\x00'
04272019 04:12:02 [INFO]: b'TX:M\x15\x84\xa1t\xcd\x02\xdc\xa1e\xcd\x03\xfa\xa1r\xcd\x052\xa1p\xcd\x14\xf8--'
04272019 04:12:02 [INFO]: b'RX:B\x00'
04272019 04:12:02 [ERROR]: Buffer overflow
04272019 04:12:02 [INFO]: b'TX:M\x12\x83\xa1o\xce\x01\x12\xa8\x80\xa1h\x00\xa1a\xce\x00\x89T@-----'
04272019 04:12:02 [INFO]: b'RX:B\x00'
04272019 04:12:02 [INFO]: b'TX:M\x15\x84\xa1t\xcd\x02\xdc\xa1e\xcd\x03\xfb\xa1r\xcd\x05.\xa1p\xcd\x14\xf8--'
04272019 04:12:03 [INFO]: b'RX:B\x00'
04272019 04:12:03 [INFO]: b'TX:M\x12\x83\xa1o\xce\x01\x12\xa8\x80\xa1h\x00\xa1a\xce\x00\x89T@-----'
04272019 04:12:03 [INFO]: b'RX:B\x00'
04272019 04:12:03 [INFO]: b'TX:M\x15\x84\xa1t\xcd\x02\xdc\xa1e\xcd\x03\xfb\xa1r\xcd\x050\xa1p\xcd\x14\xf8--'
04272019 04:12:03 [INFO]: b'RX:B\x00'
04272019 04:12:03 [INFO]: b'TX:M\x12\x83\xa1o\xce\x01\x12\xa8\x80\xa1h\x00\xa1a\xce\x00\x89T@-----'
04272019 04:12:04 [INFO]: b'RX:B\x00'
04272019 04:12:04 [INFO]: b'TX:M\x15\x84\xa1t\xcd\x02\xdc\xa1e\xcd\x03\xfb\xa1r\xcd\x050\xa1p\xcd\x14\xf7--'
04272019 04:12:04 [INFO]: b'RX:B\x00'
04272019 04:12:04 [INFO]: b'TX:M\x12\x83\xa1o\xce\x01\x12\xa8\x80\xa1h\x00\xa1a\xce\x00\x89T@-----'
04272019 04:12:04 [INFO]: b'RX:B\x00'
04272019 04:12:04 [INFO]: b'TX:M\x15\x84\xa1t\xcd\x02\xdc\xa1e\xcd\x03\xfb\xa1r\xcd\x05/\xa1p\xcd\x14\xf7--'
04272019 04:12:04 [INFO]: b'RX:B\x00'
04272019 04:12:04 [INFO]: b'TX:M\x12\x83\xa1o\xce\x01\x12\xa8\x80\xa1h\x00\xa1a\xce\x00\x89T@-----'
04272019 04:12:05 [INFO]: b'RX:B\x00'
04272019 04:12:05 [INFO]: b'TX:M\x15\x84\xa1t\xcd\x02\xdc\xa1e\xcd\x03\xfb\xa1r\xcd\x05.\xa1p\xcd\x14\xf8--'
04272019 04:12:05 [INFO]: b'RX:B\x00'
04272019 04:12:05 [INFO]: b'TX:M\x12\x83\xa1o\xce\x01\x12\xa8\x80\xa1h\x00\xa1a\xce\x00\x89T@-----'
04272019 04:12:05 [INFO]: b'RX:B\x00'
04272019 04:12:05 [INFO]: b'TX:M\x15\x84\xa1t\xcd\x02\xdc\xa1e\xcd\x03\xfb\xa1r\xcd\x05.\xa1p\xcd\x14\xf8--'
04272019 04:12:06 [INFO]: b'RX:B\x00'
04272019 04:12:06 [ERROR]: Buffer overflow
04272019 04:12:06 [INFO]: b'TX:M\x12\x83\xa1o\xce\x01\x12\xa8\x80\xa1h\x00\xa1a\xce\x00\x89T@-----'
04272019 04:12:06 [INFO]: b'RX:B\x00'
04272019 04:12:06 [INFO]: b'TX:M\x15\x84\xa1t\xcd\x02\xdc\xa1e\xcd\x03\xfb\xa1r\xcd\x05/\xa1p\xcd\x14\xf7--'
04272019 04:12:06 [INFO]: b'RX:B\x00'
04272019 04:12:06 [INFO]: b'TX:M\x12\x83\xa1o\xce\x01\x12\xa8\x80\xa1h\x00\xa1a\xce\x00\x89T@-----'
04272019 04:12:06 [INFO]: b'RX:B\x00'
04272019 04:12:06 [INFO]: b'TX:M\x12\x83\xa1o\xce\x01\x12\xa8\x80\xa1h\x00\xa1a\xce\x00\x89T@-----'
04272019 04:12:07 [INFO]: b'RX:B\x00'
04272019 04:12:07 [INFO]: b'TX:M\x15\x84\xa1t\xcd\x02\xdc\xa1e\xcd\x03\xfb\xa1r\xcd\x05/\xa1p\xcd\x14\xf7--'
04272019 04:12:07 [INFO]: b'RX:B\x00'
04272019 04:12:07 [INFO]: b'TX:M\x15\x84\xa1t\xcd\x02\xdd\xa1e\xcd\x03\xfb\xa1r\xcd\x05,\xa1p\xcd\x14\xf8--'
04272019 04:12:07 [INFO]: b'RX:B\x00'
04272019 04:12:07 [INFO]: b'TX:M\x12\x83\xa1o\xce\x01\x12\xa8\x80\xa1h\x00\xa1a\xce\x00\x89T@-----'
04272019 04:12:08 [INFO]: b'RX:B\x00'
04272019 04:12:08 [INFO]: b'TX:M\x15\x84\xa1t\xcd\x02\xdd\xa1e\xcd\x03\xfb\xa1r\xcd\x05.\xa1p\xcd\x14\xf7--'
04272019 04:12:08 [INFO]: b'RX:B\x00'
04272019 04:12:08 [INFO]: b'TX:M\x12\x83\xa1o\xce\x01\x12\xa8\x80\xa1h\x00\xa1a\xce\x00\x89T@-----'
04272019 04:12:08 [INFO]: b'RX:B\x00'
04272019 04:12:08 [INFO]: b'TX:M\x15\x84\xa1t\xcd\x02\xdd\xa1e\xcd\x03\xfb\xa1r\xcd\x05.\xa1p\xcd\x14\xf7--'
04272019 04:12:08 [INFO]: b'RX:B\x00'
04272019 04:12:08 [INFO]: b'TX:M\x12\x83\xa1o\xce\x01\x12\xa8\x80\xa1h\x00\xa1a\xce\x00\x89T@-----'
04272019 04:12:09 [INFO]: b'RX:B\x00'
04272019 04:12:09 [ERROR]: Buffer overflow
04272019 04:12:09 [INFO]: b'TX:M\x12\x83\xa1o\xce\x01\x12\xa8\x80\xa1h\x00\xa1a\xce\x00\x89T@-----'
04272019 04:12:09 [INFO]: b'RX:B\x00'
04272019 04:12:09 [INFO]: b'TX:M\x15\x84\xa1t\xcd\x02\xdd\xa1e\xcd\x03\xfb\xa1r\xcd\x05.\xa1p\xcd\x14\xf8--'
04272019 04:12:09 [INFO]: b'RX:B\x00'
04272019 04:12:09 [INFO]: b'TX:M\x12\x83\xa1o\xce\x01\x12\xa8\x80\xa1h\x00\xa1a\xce\x00\x89T@-----'
04272019 04:12:10 [INFO]: b'RX:B\x00'
04272019 04:12:10 [INFO]: b'TX:M\x15\x84\xa1t\xcd\x02\xdd\xa1e\xcd\x03\xfb\xa1r\xcd\x05.\xa1p\xcd\x14\xf8--'
04272019 04:12:10 [INFO]: b'RX:B\x00'
04272019 04:12:10 [INFO]: b'TX:M\x12\x83\xa1o\xce\x01\x12\xa8\x80\xa1h\x00\xa1a\xce\x00\x89T@-----'
04272019 04:12:10 [INFO]: b'RX:REBOOT\xf2'
04272019 04:12:10 [INFO]: b'TX:M\x15\x84\xa1t\xcd\x02\xdd\xa1e\xcd\x03\xfb\xa1r\xcd\x05/\xa1p\xcd\x14\xf7--'
04272019 04:12:10 [INFO]: b'RX:B\x00'
04272019 04:12:10 [INFO]: b'TX:M\x12\x83\xa1o\xce\x01\x12\xa8\x80\xa1h\x00\xa1a\xce\x00\x89T@-----'
04272019 04:12:11 [INFO]: b'RX:B\x00'
04272019 04:12:11 [INFO]: b'TX:M\x15\x84\xa1t\xcd\x02\xdd\xa1e\xcd\x03\xfb\xa1r\xcd\x05/\xa1p\xcd\x14\xf8--'
04272019 04:12:11 [INFO]: b'RX:B\x00'
04272019 04:12:11 [INFO]: b'TX:M\x12\x83\xa1o\xce\x01\x12\xa8\x80\xa1h\x00\xa1a\xce\x00\x89T@-----'
04272019 04:12:11 [INFO]: b'RX:B\x00'
04272019 04:12:11 [INFO]: b'TX:M\x15\x84\xa1t\xcd\x02\xdd\xa1e\xcd\x03\xfb\xa1r\xcd\x05/\xa1p\xcd\x14\xf8--'
04272019 04:12:11 [INFO]: b'RX:B\x00'
04272019 04:12:12 [INFO]: b'TX:M\x12\x83\xa1o\xce\x01\x12\xa8\x80\xa1h\x00\xa1a\xce\x00\x89T@-----'
04272019 04:12:12 [INFO]: b'RX:B\x00'
04272019 04:12:12 [INFO]: b'TX:M\x15\x84\xa1t\xcd\x02\xdd\xa1e\xcd\x03\xfb\xa1r\xcd\x050\xa1p\xcd\x14\xf8--'
04272019 04:12:12 [INFO]: b'RX:B\x00'
04272019 04:12:12 [ERROR]: Buffer overflow
04272019 04:12:12 [INFO]: b'TX:M\x15\x84\xa1t\xcd\x02\xdd\xa1e\xcd\x03\xfb\xa1r\xcd\x05/\xa1p\xcd\x14\xf7--'
04272019 04:12:12 [INFO]: b'RX:B\x00'
04272019 04:12:12 [INFO]: b'TX:M\x12\x83\xa1o\xce\x01\x12\xa8\x80\xa1h\x00\xa1a\xce\x00\x89T@-----'
04272019 04:12:13 [INFO]: b'RX:B\x00'
04272019 04:12:13 [INFO]: b'TX:M\x15\x84\xa1t\xcd\x02\xdd\xa1e\xcd\x03\xfb\xa1r\xcd\x05.\xa1p\xcd\x14\xf7--'
04272019 04:12:13 [INFO]: b'RX:B\x00'
04272019 04:12:13 [INFO]: b'TX:M\x12\x83\xa1o\xce\x01\x12\xa8\x80\xa1h\x00\xa1a\xce\x00\x89T@-----'
04272019 04:12:13 [INFO]: b'RX:B\x00'
04272019 04:12:13 [INFO]: b'TX:M\x15\x84\xa1t\xcd\x02\xdd\xa1e\xcd\x03\xfb\xa1r\xcd\x05.\xa1p\xcd\x14\xf8--'
04272019 04:12:14 [INFO]: b'RX:B\x00'
04272019 04:12:14 [INFO]: b'TX:M\x12\x83\xa1o\xce\x01\x12\xa8\x80\xa1h\x00\xa1a\xce\x00\x89T@-----'
04272019 04:12:14 [INFO]: b'RX:B\x00'
04272019 04:12:14 [INFO]: b'TX:M\x12\x83\xa1o\xce\x01\x12\xa8\x80\xa1h\x00\xa1a\xce\x00\x89T@-----'
04272019 04:12:14 [INFO]: b'RX:B\x00'
04272019 04:12:14 [INFO]: b'TX:M\x15\x84\xa1t\xcd\x02\xdd\xa1e\xcd\x03\xfb\xa1r\xcd\x05.\xa1p\xcd\x14\xf8--'
04272019 04:12:14 [INFO]: b'RX:B\x00'
04272019 04:12:14 [INFO]: b'TX:M\x12\x83\xa1o\xce\x01\x12\xa8\x80\xa1h\x00\xa1a\xce\x00\x89T@-----'
04272019 04:12:15 [INFO]: b'RX:B\x00'
04272019 04:12:15 [INFO]: b'TX:M\x15\x84\xa1t\xcd\x02\xdd\xa1e\xcd\x03\xfb\xa1r\xcd\x05,\xa1p\xcd\x14\xf8--'
04272019 04:12:15 [INFO]: b'RX:B\x00'
04272019 04:12:15 [INFO]: b'TX:M\x12\x83\xa1o\xce\x01\x12\xa8\x80\xa1h\x00\xa1a\xce\x00\x89T@-----'
04272019 04:12:15 [INFO]: b'RX:B\x00'
04272019 04:12:15 [INFO]: b'TX:M\x15\x84\xa1t\xcd\x02\xdd\xa1e\xcd\x03\xfb\xa1r\xcd\x05,\xa1p\xcd\x14\xf8--'
04272019 04:12:15 [INFO]: b'RX:B\x00'
04272019 04:12:16 [ERROR]: Buffer overflow
04272019 04:12:16 [INFO]: b'TX:M\x15\x84\xa1t\xcd\x02\xdd\xa1e\xcd\x03\xfb\xa1r\xcd\x05,\xa1p\xcd\x14\xf8--'
04272019 04:12:16 [INFO]: b'RX:B\x00'
04272019 04:12:16 [INFO]: b'TX:M\x12\x83\xa1o\xce\x01\x12\xa8\x80\xa1h\x00\xa1a\xce\x00\x89T@-----'
04272019 04:12:16 [INFO]: b'RX:B\x00'
04272019 04:12:16 [INFO]: b'TX:M\x15\x84\xa1t\xcd\x02\xdd\xa1e\xcd\x03\xfb\xa1r\xcd\x05,\xa1p\xcd\x14\xf8--'
04272019 04:12:16 [INFO]: b'RX:B\x00'
04272019 04:12:16 [INFO]: b'TX:M\x12\x83\xa1o\xce\x01\x12\xa8\x80\xa1h\x00\xa1a\xce\x00\x89T@-----'
04272019 04:12:17 [INFO]: b'RX:B\x00'
04272019 04:12:17 [INFO]: b'TX:M\x15\x84\xa1t\xcd\x02\xdd\xa1e\xcd\x03\xfb\xa1r\xcd\x05-\xa1p\xcd\x14\xf8--'
04272019 04:12:17 [INFO]: b'RX:B\x00'
04272019 04:12:17 [INFO]: b'TX:M\x12\x83\xa1o\xce\x01\x12\xa8\x80\xa1h\x00\xa1a\xce\x00\x89T@-----'
04272019 04:12:17 [INFO]: b'RX:B\x00'
04272019 04:12:17 [INFO]: b'TX:M\x12\x83\xa1o\xce\x01\x12\xa8\x80\xa1h\x00\xa1a\xce\x00\x89T@-----'
04272019 04:12:17 [INFO]: b'RX:B\x00'
04272019 04:12:18 [INFO]: b'TX:M\x15\x84\xa1t\xcd\x02\xdd\xa1e\xcd\x03\xfb\xa1r\xcd\x05-\xa1p\xcd\x14\xf8--'
04272019 04:12:18 [INFO]: b'RX:B\x00'
04272019 04:12:18 [INFO]: b'TX:M\x12\x83\xa1o\xce\x01\x12\xa8\x80\xa1h\x00\xa1a\xce\x00\x89T@-----'
04272019 04:12:18 [INFO]: b'RX:B\x00'
04272019 04:12:18 [INFO]: b'TX:M\x15\x84\xa1t\xcd\x02\xdd\xa1e\xcd\x03\xfb\xa1r\xcd\x05-\xa1p\xcd\x14\xf8--'
04272019 04:12:18 [INFO]: b'RX:B\x00'
04272019 04:12:18 [INFO]: b'TX:M\x12\x83\xa1o\xce\x01\x12\xa8\x80\xa1h\x00\xa1a\xce\x00\x89T@-----'
04272019 04:12:19 [INFO]: b'RX:B\x00'
04272019 04:12:19 [INFO]: b'TX:M\x15\x84\xa1t\xcd\x02\xdd\xa1e\xcd\x03\xfb\xa1r\xcd\x05,\xa1p\xcd\x14\xf7--'
04272019 04:12:19 [INFO]: b'RX:B\x00'
04272019 04:12:19 [ERROR]: Buffer overflow
04272019 04:12:19 [INFO]: b'TX:M\x12\x83\xa1o\xce\x01\x12\xa8\x80\xa1h\x00\xa1a\xce\x00\x89T@-----'
04272019 04:12:19 [INFO]: b'RX:B\x00'
04272019 04:12:19 [INFO]: b'TX:M\x15\x84\xa1t\xcd\x02\xdd\xa1e\xcd\x03\xfb\xa1r\xcd\x05-\xa1p\xcd\x14\xf8--'
04272019 04:12:19 [INFO]: b'RX:B\x00'
04272019 04:12:20 [INFO]: b'TX:M\x15\x84\xa1t\xcd\x02\xdd\xa1e\xcd\x03\xfb\xa1r\xcd\x05,\xa1p\xcd\x14\xf7--'
04272019 04:12:20 [INFO]: b'RX:B\x00'
04272019 04:12:20 [INFO]: b'TX:M\x12\x83\xa1o\xce\x01\x12\xa8\x80\xa1h\x00\xa1a\xce\x00\x89T@-----'
04272019 04:12:20 [INFO]: b'RX:B\x00'
04272019 04:12:20 [INFO]: b'TX:M\x15\x84\xa1t\xcd\x02\xdd\xa1e\xcd\x03\xfb\xa1r\xcd\x05,\xa1p\xcd\x14\xf7--'
04272019 04:12:20 [INFO]: b'RX:B\x00'
04272019 04:12:20 [INFO]: b'TX:M\x12\x83\xa1o\xce\x01\x12\xa8\x80\xa1h\x00\xa1a\xce\x00\x89T@-----'
04272019 04:12:21 [INFO]: b'RX:B\x00'
04272019 04:12:21 [INFO]: b'TX:M\x15\x84\xa1t\xcd\x02\xdd\xa1e\xcd\x03\xfb\xa1r\xcd\x05/\xa1p\xcd\x14\xf8--'
04272019 04:12:21 [INFO]: b'RX:B\x00'
04272019 04:12:21 [INFO]: b'TX:M\x12\x83\xa1o\xce\x01\x12\xa8\x80\xa1h\x00\xa1a\xce\x00\x89T@-----'
04272019 04:12:21 [INFO]: b'RX:B\x00'
04272019 04:12:21 [INFO]: b'TX:M\x12\x83\xa1o\xce\x01\x12\xa8\x80\xa1h\x00\xa1a\xce\x00\x89T@-----'
04272019 04:12:21 [INFO]: b'RX:B\x00'
04272019 04:12:22 [INFO]: b'TX:M\x15\x84\xa1t\xcd\x02\xdd\xa1e\xcd\x03\xfb\xa1r\xcd\x05,\xa1p\xcd\x14\xf7--'
04272019 04:12:22 [INFO]: b'RX:B\x00'
04272019 04:12:22 [INFO]: b'TX:M\x12\x83\xa1o\xce\x01\x12\xa8\x80\xa1h\x00\xa1a\xce\x00\x89T@-----'
04272019 04:12:22 [INFO]: b'RX:B\x00'
04272019 04:12:22 [INFO]: b'TX:M\x15\x84\xa1t\xcd\x02\xdd\xa1e\xcd\x03\xfb\xa1r\xcd\x05,\xa1p\xcd\x14\xf7--'
04272019 04:12:22 [INFO]: b'RX:B\x00'
04272019 04:12:22 [ERROR]: Buffer overflow
04272019 04:12:22 [INFO]: b'TX:M\x12\x83\xa1o\xce\x01\x12\xa8\x80\xa1h\x00\xa1a\xce\x00\x89T@-----'
04272019 04:12:23 [INFO]: b'RX:B\x00'
04272019 04:12:23 [INFO]: b'TX:M\x15\x84\xa1t\xcd\x02\xdd\xa1e\xcd\x03\xfb\xa1r\xcd\x050\xa1p\xcd\x14\xf8--'
04272019 04:12:23 [INFO]: b'RX:B\x00'
04272019 04:12:23 [INFO]: b'TX:M\x15\x84\xa1t\xcd\x02\xdd\xa1e\xcd\x03\xfb\xa1r\xcd\x050\xa1p\xcd\x14\xf8--'
04272019 04:12:23 [INFO]: b'RX:B\x00'
04272019 04:12:23 [INFO]: b'TX:M\x12\x83\xa1o\xce\x01\x12\xa8\x80\xa1h\x00\xa1a\xce\x00\x89T@-----'
04272019 04:12:24 [INFO]: b'RX:B\x00'
04272019 04:12:24 [INFO]: b'TX:M\x15\x84\xa1t\xcd\x02\xdd\xa1e\xcd\x03\xfb\xa1r\xcd\x05/\xa1p\xcd\x14\xf8--'
04272019 04:12:24 [INFO]: b'RX:B\x00'
04272019 04:12:24 [INFO]: b'TX:M\x12\x83\xa1o\xce\x01\x12\xa8\x80\xa1h\x00\xa1a\xce\x00\x89T@-----'
04272019 04:12:24 [INFO]: b'RX:B\x00'
04272019 04:12:24 [INFO]: b'TX:M\x15\x84\xa1t\xcd\x02\xdd\xa1e\xcd\x03\xfb\xa1r\xcd\x05/\xa1p\xcd\x14\xf8--'
04272019 04:12:24 [INFO]: b'RX:B\x00'
04272019 04:12:24 [INFO]: b'TX:M\x12\x83\xa1o\xce\x01\x12\xa8\x80\xa1h\x00\xa1a\xce\x00\x89T@-----'
04272019 04:12:25 [INFO]: b'RX:B\x00'
04272019 04:12:25 [INFO]: b'TX:M\x15\x84\xa1t\xcd\x02\xde\xa1e\xcd\x03\xfb\xa1r\xcd\x051\xa1p\xcd\x14\xf8--'
04272019 04:12:25 [INFO]: b'RX:B\x00'
04272019 04:12:25 [INFO]: b'TX:M\x12\x83\xa1o\xce\x01\x12\xa8\x80\xa1h\x00\xa1a\xce\x00\x89T@-----'
04272019 04:12:25 [INFO]: b'RX:B\x00'
04272019 04:12:25 [INFO]: b'TX:M\x12\x83\xa1o\xce\x01\x12\xa8\x80\xa1h\x00\xa1a\xce\x00\x89T@-----'
04272019 04:12:26 [INFO]: b'RX:B\x00'
04272019 04:12:26 [INFO]: b'TX:M\x15\x84\xa1t\xcd\x02\xde\xa1e\xcd\x03\xfb\xa1r\xcd\x050\xa1p\xcd\x14\xf8--'
04272019 04:12:26 [INFO]: b'RX:B\x00'
04272019 04:12:26 [ERROR]: Buffer overflow
04272019 04:12:26 [INFO]: b'TX:M\x12\x83\xa1o\xce\x01\x12\xa8\x80\xa1h\x00\xa1a\xce\x00\x89T@-----'
04272019 04:12:26 [INFO]: b'RX:B\x00'
04272019 04:12:26 [INFO]: b'TX:M\x15\x84\xa1t\xcd\x02\xde\xa1e\xcd\x03\xfb\xa1r\xcd\x05.\xa1p\xcd\x14\xf7--'
04272019 04:12:26 [INFO]: b'RX:B\x00'
04272019 04:12:27 [INFO]: b'TX:M\x12\x83\xa1o\xce\x01\x12\xa8\x80\xa1h\x00\xa1a\xce\x00\x89T@-----'
04272019 04:12:27 [INFO]: b'RX:B\x00'
04272019 04:12:27 [INFO]: b'TX:M\x15\x84\xa1t\xcd\x02\xde\xa1e\xcd\x03\xfb\xa1r\xcd\x05/\xa1p\xcd\x14\xf8--'
04272019 04:12:27 [INFO]: b'RX:B\x00'
04272019 04:12:27 [INFO]: b'TX:M\x12\x83\xa1o\xce\x01\x12\xa8\x80\xa1h\x00\xa1a\xce\x00\x89T@-----'
04272019 04:12:27 [INFO]: b'RX:B\x00'
04272019 04:12:27 [INFO]: b'TX:M\x15\x84\xa1t\xcd\x02\xde\xa1e\xcd\x03\xfb\xa1r\xcd\x05/\xa1p\xcd\x14\xf8--'
04272019 04:12:28 [INFO]: b'RX:B\x00'
04272019 04:12:28 [INFO]: b'TX:M\x15\x84\xa1t\xcd\x02\xde\xa1e\xcd\x03\xfb\xa1r\xcd\x05.\xa1p\xcd\x14\xf8--'
04272019 04:12:28 [INFO]: b'RX:B\x00'
04272019 04:12:28 [INFO]: b'TX:M\x12\x83\xa1o\xce\x01\x12\xa8\x80\xa1h\x00\xa1a\xce\x00\x89T@-----'
04272019 04:12:28 [INFO]: b'RX:B\x00'
04272019 04:12:28 [INFO]: b'TX:M\x15\x84\xa1t\xcd\x02\xde\xa1e\xcd\x03\xfb\xa1r\xcd\x05.\xa1p\xcd\x14\xf8--'
04272019 04:12:28 [INFO]: b'RX:B\x00'
04272019 04:12:29 [INFO]: b'TX:M\x12\x83\xa1o\xce\x01\x12\xa8\x80\xa1h\x00\xa1a\xce\x00\x89T@-----'
04272019 04:12:29 [INFO]: b'RX:B\x00'
04272019 04:12:29 [ERROR]: Buffer overflow
04272019 04:12:29 [INFO]: b'TX:M\x12\x83\xa1o\xce\x01\x12\xa8\x80\xa1h\x00\xa1a\xce\x00\x89T@-----'
04272019 04:12:29 [INFO]: b'RX:B\x00'
04272019 04:12:29 [INFO]: b'TX:M\x15\x84\xa1t\xcd\x02\xde\xa1e\xcd\x03\xfb\xa1r\xcd\x05.\xa1p\xcd\x14\xf8--'
04272019 04:12:29 [INFO]: b'RX:B\x00'
04272019 04:12:29 [INFO]: b'TX:M\x12\x83\xa1o\xce\x01\x12\xa8\x80\xa1h\x00\xa1a\xce\x00\x89T@-----'
04272019 04:12:30 [INFO]: b'RX:B\x00'
04272019 04:12:30 [INFO]: b'TX:M\x15\x84\xa1t\xcd\x02\xde\xa1e\xcd\x03\xfb\xa1r\xcd\x05.\xa1p\xcd\x14\xf8--'
04272019 04:12:30 [INFO]: b'RX:B\x00'
04272019 04:12:30 [INFO]: b'TX:M\x12\x83\xa1o\xce\x01\x12\xa8\x80\xa1h\x00\xa1a\xce\x00\x89T@-----'
04272019 04:12:30 [INFO]: b'RX:B\x00'
04272019 04:12:30 [INFO]: b'TX:M\x15\x84\xa1t\xcd\x02\xde\xa1e\xcd\x03\xfb\xa1r\xcd\x05.\xa1p\xcd\x14\xf8--'
04272019 04:12:30 [INFO]: b'RX:B\x00'
04272019 04:12:31 [INFO]: b'TX:M\x12\x83\xa1o\xce\x01\x12\xa8\x80\xa1h\x00\xa1a\xce\x00\x89T@-----'
04272019 04:12:31 [INFO]: b'RX:B\x00'
04272019 04:12:31 [INFO]: b'TX:M\x15\x84\xa1t\xcd\x02\xde\xa1e\xcd\x03\xfb\xa1r\xcd\x050\xa1p\xcd\x14\xf8--'
04272019 04:12:31 [INFO]: b'RX:B\x00'
04272019 04:12:31 [INFO]: b'TX:M\x12\x83\xa1o\xce\x01\x12\xa8\x80\xa1h\x00\xa1a\xce\x00\x89T@-----'
04272019 04:12:31 [INFO]: b'RX:B\x00'
04272019 04:12:31 [INFO]: b'TX:M\x15\x84\xa1t\xcd\x02\xde\xa1e\xcd\x03\xfb\xa1r\xcd\x050\xa1p\xcd\x14\xf8--'
04272019 04:12:32 [INFO]: b'RX:B\x00'
04272019 04:12:32 [INFO]: b'TX:M\x12\x83\xa1o\xce\x01\x12\xa8\x80\xa1h\x00\xa1a\xce\x00\x89T@-----'
04272019 04:12:32 [INFO]: b'RX:B\x00'
04272019 04:12:32 [INFO]: b'TX:M\x15\x84\xa1t\xcd\x02\xde\xa1e\xcd\x03\xfb\xa1r\xcd\x050\xa1p\xcd\x14\xf8--'
04272019 04:12:32 [INFO]: b'RX:B\x00'
04272019 04:12:32 [ERROR]: Buffer overflow
04272019 04:12:32 [INFO]: b'TX:M\x15\x84\xa1t\xcd\x02\xde\xa1e\xcd\x03\xfb\xa1r\xcd\x05/\xa1p\xcd\x14\xf7--'
04272019 04:12:32 [INFO]: b'RX:B\x00'
04272019 04:12:33 [INFO]: b'TX:M\x12\x83\xa1o\xce\x01\x12\xa8\x80\xa1h\x00\xa1a\xce\x00\x89T@-----'
04272019 04:12:33 [INFO]: b'RX:B\x00'
04272019 04:12:33 [INFO]: b'TX:M\x15\x84\xa1t\xcd\x02\xde\xa1e\xcd\x03\xfb\xa1r\xcd\x050\xa1p\xcd\x14\xf8--'
04272019 04:12:33 [INFO]: b'RX:B\x00'
04272019 04:12:33 [INFO]: b'TX:M\x12\x83\xa1o\xce\x01\x12\xa8\x80\xa1h\x00\xa1a\xce\x00\x89T@-----'
04272019 04:12:33 [INFO]: b'RX:B\x00'
04272019 04:12:33 [INFO]: b'TX:M\x12\x83\xa1o\xce\x01\x12\xa8\x80\xa1h\x00\xa1a\xce\x00\x89T@-----'
04272019 04:12:34 [INFO]: b'RX:B\x00'
04272019 04:12:34 [INFO]: b'TX:M\x15\x84\xa1t\xcd\x02\xde\xa1e\xcd\x03\xfb\xa1r\xcd\x050\xa1p\xcd\x14\xf7--'
04272019 04:12:34 [INFO]: b'RX:B\x00'
04272019 04:12:34 [INFO]: b'TX:M\x12\x83\xa1o\xce\x01\x12\xa8\x80\xa1h\x00\xa1a\xce\x00\x89T@-----'
04272019 04:12:34 [INFO]: b'RX:B\x00'
04272019 04:12:34 [INFO]: b'TX:M\x15\x84\xa1t\xcd\x02\xde\xa1e\xcd\x03\xfb\xa1r\xcd\x050\xa1p\xcd\x14\xf7--'
04272019 04:12:35 [INFO]: b'RX:B\x00'
04272019 04:12:35 [INFO]: b'TX:M\x12\x83\xa1o\xce\x01\x12\xa8\x80\xa1h\x00\xa1a\xce\x00\x89T@-----'
04272019 04:12:35 [INFO]: b'RX:B\x00'
04272019 04:12:35 [INFO]: b'TX:M\x15\x84\xa1t\xcd\x02\xde\xa1e\xcd\x03\xfb\xa1r\xcd\x050\xa1p\xcd\x14\xf7--'
04272019 04:12:35 [INFO]: b'RX:B\x00'
04272019 04:12:35 [INFO]: b'TX:M\x12\x83\xa1o\xce\x01\x12\xa8\x80\xa1h\x00\xa1a\xce\x00\x89T@-----'
04272019 04:12:35 [INFO]: b'RX:B\x00'
04272019 04:12:35 [INFO]: b'TX:M\x15\x84\xa1t\xcd\x02\xde\xa1e\xcd\x03\xfb\xa1r\xcd\x050\xa1p\xcd\x14\xf7--'
04272019 04:12:36 [INFO]: b'RX:B\x00'
04272019 04:12:36 [ERROR]: Buffer overflow
04272019 04:12:36 [INFO]: b'TX:M\x12\x83\xa1o\xce\x01\x12\xa8\x80\xa1h\x00\xa1a\xce\x00\x89T@-----'
04272019 04:12:36 [INFO]: b'RX:B\x00'
04272019 04:12:36 [INFO]: b'TX:M\x15\x84\xa1t\xcd\x02\xde\xa1e\xcd\x03\xfb\xa1r\xcd\x051\xa1p\xcd\x14\xf8--'
04272019 04:12:36 [INFO]: b'RX:B\x00'
04272019 04:12:36 [INFO]: b'TX:M\x15\x84\xa1t\xcd\x02\xde\xa1e\xcd\x03\xfb\xa1r\xcd\x051\xa1p\xcd\x14\xf8--'
04272019 04:12:37 [INFO]: b'RX:B\x00'
04272019 04:12:37 [INFO]: b'TX:M\x12\x83\xa1o\xce\x01\x12\xa8\x80\xa1h\x00\xa1a\xce\x00\x89T@-----'
04272019 04:12:37 [INFO]: b'RX:B\x00'
04272019 04:12:37 [INFO]: b'TX:M\x12\x83\xa1o\xce\x01\x12\xa8\x80\xa1h\x00\xa1a\xce\x00\x89T@-----'
04272019 04:12:37 [INFO]: b'RX:B\x00'
04272019 04:12:37 [INFO]: b'TX:M\x15\x84\xa1t\xcd\x02\xde\xa1e\xcd\x03\xfb\xa1r\xcd\x051\xa1p\xcd\x14\xf8--'
04272019 04:12:37 [INFO]: b'RX:B\x00'
04272019 04:12:37 [INFO]: b'TX:M\x12\x83\xa1o\xce\x01\x12\xa8\x80\xa1h\x00\xa1a\xce\x00\x89T@-----'
04272019 04:12:38 [INFO]: b'RX:B\x00'
04272019 04:12:38 [INFO]: b'TX:M\x15\x84\xa1t\xcd\x02\xde\xa1e\xcd\x03\xfb\xa1r\xcd\x051\xa1p\xcd\x14\xf8--'
04272019 04:12:38 [INFO]: b'RX:B\x00'
04272019 04:12:38 [INFO]: b'TX:M\x12\x83\xa1o\xce\x01\x12\xa8\x80\xa1h\x00\xa1a\xce\x00\x89T@-----'
04272019 04:12:38 [INFO]: b'RX:B\x00'
04272019 04:12:38 [INFO]: b'TX:M\x15\x84\xa1t\xcd\x02\xde\xa1e\xcd\x03\xfb\xa1r\xcd\x051\xa1p\xcd\x14\xf8--'
04272019 04:12:39 [INFO]: b'RX:B\x00'
04272019 04:12:39 [INFO]: b'TX:M\x12\x83\xa1o\xce\x01\x12\xa8\x80\xa1h\x00\xa1a\xce\x00\x89T@-----'
04272019 04:12:39 [INFO]: b'RX:B\x00'
04272019 04:12:39 [INFO]: b'TX:M\x15\x84\xa1t\xcd\x02\xde\xa1e\xcd\x03\xfb\xa1r\xcd\x051\xa1p\xcd\x14\xf8--'
04272019 04:12:39 [INFO]: b'RX:B\x00'
04272019 04:12:39 [ERROR]: Buffer overflow
04272019 04:12:39 [INFO]: b'TX:M\x12\x83\xa1o\xce\x01\x12\xa8\x80\xa1h\x00\xa1a\xce\x00\x89T@-----'
04272019 04:12:39 [INFO]: b'RX:B\x00'
04272019 04:12:39 [INFO]: b'TX:M\x15\x84\xa1t\xcd\x02\xde\xa1e\xcd\x03\xfb\xa1r\xcd\x05/\xa1p\xcd\x14\xf7--'
04272019 04:12:40 [INFO]: b'RX:B\x00'
04272019 04:12:40 [INFO]: b'TX:M\x12\x83\xa1o\xce\x01\x12\xa8\x80\xa1h\x00\xa1a\xce\x00\x89T@-----'
04272019 04:12:40 [INFO]: b'RX:B\x00'
04272019 04:12:40 [INFO]: b'TX:M\x15\x84\xa1t\xcd\x02\xde\xa1e\xcd\x03\xfb\xa1r\xcd\x050\xa1p\xcd\x14\xf8--'
04272019 04:12:40 [INFO]: b'RX:B\x00'
04272019 04:12:40 [INFO]: b'TX:M\x12\x83\xa1o\xce\x01\x12\xa8\x80\xa1h\x00\xa1a\xce\x00\x89T@-----'
04272019 04:12:41 [INFO]: b'RX:B\x00'
04272019 04:12:41 [INFO]: b'TX:M\x15\x84\xa1t\xcd\x02\xde\xa1e\xcd\x03\xfb\xa1r\xcd\x050\xa1p\xcd\x14\xf8--'
04272019 04:12:41 [INFO]: b'RX:B\x00'
04272019 04:12:41 [INFO]: b'TX:M\x12\x83\xa1o\xce\x01\x12\xa8\x80\xa1h\x00\xa1a\xce\x00\x89T@-----'
04272019 04:12:41 [INFO]: b'RX:B\x00'
04272019 04:12:41 [INFO]: b'TX:M\x15\x84\xa1t\xcd\x02\xde\xa1e\xcd\x03\xfb\xa1r\xcd\x050\xa1p\xcd\x14\xf8--'
04272019 04:12:41 [INFO]: b'RX:B\x00'
04272019 04:12:41 [INFO]: b'TX:M\x12\x83\xa1o\xce\x01\x12\xa8\x80\xa1h\x00\xa1a\xce\x00\x89T@-----'
04272019 04:12:42 [INFO]: b'RX:B\x00'
04272019 04:12:42 [INFO]: b'TX:M\x15\x84\xa1t\xcd\x02\xde\xa1e\xcd\x03\xfb\xa1r\xcd\x05.\xa1p\xcd\x14\xf8--'
04272019 04:12:42 [INFO]: b'RX:B\x00'
04272019 04:12:42 [INFO]: b'TX:M\x12\x83\xa1o\xce\x01\x12\xa8\x80\xa1h\x00\xa1a\xce\x00\x89T@-----'
04272019 04:12:42 [INFO]: b'RX:B\x00'
04272019 04:12:42 [INFO]: b'TX:M\x15\x84\xa1t\xcd\x02\xde\xa1e\xcd\x03\xfb\xa1r\xcd\x05.\xa1p\xcd\x14\xf8--'
04272019 04:12:43 [INFO]: b'RX:B\x00'
04272019 04:12:43 [ERROR]: Buffer overflow
04272019 04:12:43 [INFO]: b'TX:M\x12\x83\xa1o\xce\x01\x12\xa8\x80\xa1h\x00\xa1a\xce\x00\x89T@-----'
04272019 04:12:43 [INFO]: b'RX:B\x00'
04272019 04:12:43 [INFO]: b'TX:M\x15\x84\xa1t\xcd\x02\xde\xa1e\xcd\x03\xfb\xa1r\xcd\x05.\xa1p\xcd\x14\xf7--'
04272019 04:12:43 [INFO]: b'RX:B\x00'
04272019 04:12:43 [INFO]: b'TX:M\x12\x83\xa1o\xce\x01\x12\xa8\x80\xa1h\x00\xa1a\xce\x00\x89T@-----'
04272019 04:12:44 [INFO]: b'RX:B\x00'
04272019 04:12:44 [INFO]: b'TX:M\x15\x84\xa1t\xcd\x02\xde\xa1e\xcd\x03\xfb\xa1r\xcd\x05.\xa1p\xcd\x14\xf7--'
04272019 04:12:44 [INFO]: b'RX:B\x00'
04272019 04:12:44 [INFO]: b'TX:M\x12\x83\xa1o\xce\x01\x12\xa8\x80\xa1h\x00\xa1a\xce\x00\x89T@-----'
04272019 04:12:44 [INFO]: b'RX:B\x00'
04272019 04:12:44 [INFO]: b'TX:M\x15\x84\xa1t\xcd\x02\xde\xa1e\xcd\x03\xfb\xa1r\xcd\x05.\xa1p\xcd\x14\xf7--'
04272019 04:12:44 [INFO]: b'RX:B\x00'
04272019 04:12:44 [INFO]: b'TX:M\x12\x83\xa1o\xce\x01\x12\xa8\x80\xa1h\x00\xa1a\xce\x00\x89T@-----'
04272019 04:12:45 [INFO]: b'RX:B\x00'
04272019 04:12:45 [INFO]: b'TX:M\x15\x84\xa1t\xcd\x02\xde\xa1e\xcd\x03\xfb\xa1r\xcd\x05.\xa1p\xcd\x14\xf7--'
04272019 04:12:45 [INFO]: b'RX:B\x00'
04272019 04:12:45 [INFO]: b'TX:M\x12\x83\xa1o\xce\x01\x12\xa8\x80\xa1h\x00\xa1a\xce\x00\x89T@-----'
04272019 04:12:45 [INFO]: b'RX:B\x00'
04272019 04:12:45 [INFO]: b'TX:M\x15\x84\xa1t\xcd\x02\xde\xa1e\xcd\x03\xfb\xa1r\xcd\x05/\xa1p\xcd\x14\xf7--'
04272019 04:12:45 [INFO]: b'RX:B\x00'
04272019 04:12:46 [ERROR]: Buffer overflow
04272019 04:12:46 [INFO]: b'TX:M\x12\x83\xa1o\xce\x01\x12\xa8\x80\xa1h\x00\xa1a\xce\x00\x89T@-----'
04272019 04:12:46 [INFO]: b'RX:B\x00'
04272019 04:12:46 [INFO]: b'TX:M\x15\x84\xa1t\xcd\x02\xdf\xa1e\xcd\x03\xfb\xa1r\xcd\x05-\xa1p\xcd\x14\xf8--'
04272019 04:12:46 [INFO]: b'RX:B\x00'
04272019 04:12:46 [INFO]: b'TX:M\x12\x83\xa1o\xce\x01\x12\xa8\x80\xa1h\x00\xa1a\xce\x00\x89T@-----'
04272019 04:12:46 [INFO]: b'RX:B\x00'
04272019 04:12:46 [INFO]: b'TX:M\x15\x84\xa1t\xcd\x02\xdf\xa1e\xcd\x03\xfb\xa1r\xcd\x05-\xa1p\xcd\x14\xf8--'
04272019 04:12:47 [INFO]: b'RX:B\x00'
04272019 04:12:47 [INFO]: b'TX:M\x12\x83\xa1o\xce\x01\x12\xa8\x80\xa1h\x00\xa1a\xce\x00\x89T@-----'
04272019 04:12:47 [INFO]: b'RX:B\x00'
04272019 04:12:47 [INFO]: b'TX:M\x15\x84\xa1t\xcd\x02\xdf\xa1e\xcd\x03\xfb\xa1r\xcd\x05,\xa1p\xcd\x14\xf8--'
04272019 04:12:47 [INFO]: b'RX:B\x00'
04272019 04:12:47 [INFO]: b'TX:M\x12\x83\xa1o\xce\x01\x12\xa8\x80\xa1h\x00\xa1a\xce\x00\x89T@-----'
04272019 04:12:47 [INFO]: b'RX:B\x00'
04272019 04:12:48 [INFO]: b'TX:M\x15\x84\xa1t\xcd\x02\xdf\xa1e\xcd\x03\xfb\xa1r\xcd\x05,\xa1p\xcd\x14\xf8--'
04272019 04:12:48 [INFO]: b'RX:B\x00'
04272019 04:12:48 [INFO]: b'TX:M\x12\x83\xa1o\xce\x01\x12\xa8\x80\xa1h\x00\xa1a\xce\x00\x89T@-----'
04272019 04:12:48 [INFO]: b'RX:B\x00'
04272019 04:12:48 [INFO]: b'TX:M\x15\x84\xa1t\xcd\x02\xdf\xa1e\xcd\x03\xfb\xa1r\xcd\x05-\xa1p\xcd\x14\xf8--'
04272019 04:12:48 [INFO]: b'RX:B\x00'
04272019 04:12:48 [INFO]: b'TX:M\x12\x83\xa1o\xce\x01\x12\xa8\x80\xa1h\x00\xa1a\xce\x00\x89T@-----'
04272019 04:12:49 [INFO]: b'RX:B\x00'
04272019 04:12:49 [INFO]: b'TX:M\x15\x84\xa1t\xcd\x02\xdf\xa1e\xcd\x03\xfb\xa1r\xcd\x05.\xa1p\xcd\x14\xf7--'
04272019 04:12:49 [INFO]: b'RX:B\x00'
04272019 04:12:49 [ERROR]: Buffer overflow
04272019 04:12:49 [INFO]: b'TX:M\x12\x83\xa1o\xce\x01\x12\xa8\x80\xa1h\x00\xa1a\xce\x00\x89T@-----'
04272019 04:12:49 [INFO]: b'RX:B\x00'
04272019 04:12:49 [INFO]: b'TX:M\x15\x84\xa1t\xcd\x02\xdf\xa1e\xcd\x03\xfb\xa1r\xcd\x05-\xa1p\xcd\x14\xf7--'
04272019 04:12:49 [INFO]: b'RX:B\x00'
04272019 04:12:50 [INFO]: b'TX:M\x12\x83\xa1o\xce\x01\x12\xa8\x80\xa1h\x00\xa1a\xce\x00\x89T@-----'
04272019 04:12:50 [INFO]: b'RX:B\x00'
04272019 04:12:50 [INFO]: b'TX:M\x15\x84\xa1t\xcd\x02\xdf\xa1e\xcd\x03\xfb\xa1r\xcd\x05-\xa1p\xcd\x14\xf8--'
04272019 04:12:50 [INFO]: b'RX:B\x00'
04272019 04:12:50 [INFO]: b'TX:M\x12\x83\xa1o\xce\x01\x12\xa8\x80\xa1h\x00\xa1a\xce\x00\x89T@-----'
04272019 04:12:50 [INFO]: b'RX:B\x00'
04272019 04:12:50 [INFO]: b'TX:M\x15\x84\xa1t\xcd\x02\xdf\xa1e\xcd\x03\xfb\xa1r\xcd\x05-\xa1p\xcd\x14\xf8--'
04272019 04:12:51 [INFO]: b'RX:B\x00'
04272019 04:12:51 [INFO]: b'TX:M\x12\x83\xa1o\xce\x01\x12\xa8\x80\xa1h\x00\xa1a\xce\x00\x89T@-----'
04272019 04:12:51 [INFO]: b'RX:B\x00'
04272019 04:12:51 [INFO]: b'TX:M\x15\x84\xa1t\xcd\x02\xdf\xa1e\xcd\x03\xfb\xa1r\xcd\x05,\xa1p\xcd\x14\xf8--'
04272019 04:12:51 [INFO]: b'RX:B\x00'
04272019 04:12:51 [INFO]: b'TX:M\x12\x83\xa1o\xce\x01\x12\xa8\x80\xa1h\x00\xa1a\xce\x00\x89T@-----'
04272019 04:12:52 [INFO]: b'RX:B\x00'
04272019 04:12:52 [INFO]: b'TX:M\x15\x84\xa1t\xcd\x02\xdf\xa1e\xcd\x03\xfb\xa1r\xcd\x05,\xa1p\xcd\x14\xf7--'
04272019 04:12:52 [INFO]: b'RX:B\x00'
04272019 04:12:52 [INFO]: b'TX:M\x12\x83\xa1o\xce\x01\x12\xa8\x80\xa1h\x00\xa1a\xce\x00\x89T@-----'
04272019 04:12:52 [INFO]: b'RX:B\x00'
04272019 04:12:52 [INFO]: b'TX:M\x15\x84\xa1t\xcd\x02\xdf\xa1e\xcd\x03\xfb\xa1r\xcd\x05+\xa1p\xcd\x14\xf7--'
04272019 04:12:52 [INFO]: b'RX:B\x00'
04272019 04:12:52 [ERROR]: Buffer overflow
04272019 04:12:52 [INFO]: b'TX:M\x12\x83\xa1o\xce\x01\x12\xa8\x80\xa1h\x00\xa1a\xce\x00\x89T@-----'
04272019 04:12:53 [INFO]: b'RX:B\x00'
04272019 04:12:53 [INFO]: b'TX:M\x15\x84\xa1t\xcd\x02\xdf\xa1e\xcd\x03\xfb\xa1r\xcd\x05+\xa1p\xcd\x14\xf7--'
04272019 04:12:53 [INFO]: b'RX:B\x00'
04272019 04:12:53 [INFO]: b'TX:M\x12\x83\xa1o\xce\x01\x12\xa8\x80\xa1h\x00\xa1a\xce\x00\x89T@-----'
04272019 04:12:53 [INFO]: b'RX:B\x00'
04272019 04:12:53 [INFO]: b'TX:M\x12\x83\xa1o\xce\x01\x12\xa8\x80\xa1h\x00\xa1a\xce\x00\x89T@-----'
04272019 04:12:53 [INFO]: b'RX:B\x00'
04272019 04:12:54 [INFO]: b'TX:M\x15\x84\xa1t\xcd\x02\xdf\xa1e\xcd\x03\xfb\xa1r\xcd\x05+\xa1p\xcd\x14\xf7--'
04272019 04:12:54 [INFO]: b'RX:B\x00'
04272019 04:12:54 [INFO]: b'TX:M\x12\x83\xa1o\xce\x01\x12\xa8\x80\xa1h\x00\xa1a\xce\x00\x89T@-----'
04272019 04:12:54 [INFO]: b'RX:B\x00'
04272019 04:12:54 [INFO]: b'TX:M\x15\x84\xa1t\xcd\x02\xdf\xa1e\xcd\x03\xfb\xa1r\xcd\x05-\xa1p\xcd\x14\xf8--'
04272019 04:12:54 [INFO]: b'RX:B\x00'
04272019 04:12:54 [INFO]: b'TX:M\x15\x84\xa1t\xcd\x02\xdf\xa1e\xcd\x03\xfb\xa1r\xcd\x05-\xa1p\xcd\x14\xf8--'
04272019 04:12:55 [INFO]: b'RX:B\x00'
04272019 04:12:55 [INFO]: b'TX:M\x12\x83\xa1o\xce\x01\x12\xa8\x80\xa1h\x00\xa1a\xce\x00\x89T@-----'
04272019 04:12:55 [INFO]: b'RX:B\x00'
04272019 04:12:55 [INFO]: b'TX:M\x15\x84\xa1t\xcd\x02\xdf\xa1e\xcd\x03\xfb\xa1r\xcd\x05,\xa1p\xcd\x14\xf7--'
04272019 04:12:55 [INFO]: b'RX:B\x00'
04272019 04:12:55 [INFO]: b'TX:M\x12\x83\xa1o\xce\x01\x12\xa8\x80\xa1h\x00\xa1a\xce\x00\x89T@-----'
04272019 04:12:56 [INFO]: b'RX:B\x00'
04272019 04:12:56 [INFO]: b'TX:M\x15\x84\xa1t\xcd\x02\xdf\xa1e\xcd\x03\xfb\xa1r\xcd\x05,\xa1p\xcd\x14\xf7--'
04272019 04:12:56 [INFO]: b'RX:B\x00'
04272019 04:12:56 [ERROR]: Buffer overflow
04272019 04:12:56 [INFO]: b'TX:M\x12\x83\xa1o\xce\x01\x12\xa8\x80\xa1h\x00\xa1a\xce\x00\x89T@-----'
04272019 04:12:56 [INFO]: b'RX:B\x00'
04272019 04:12:56 [INFO]: b'TX:M\x15\x84\xa1t\xcd\x02\xdf\xa1e\xcd\x03\xfb\xa1r\xcd\x05*\xa1p\xcd\x14\xf8--'
04272019 04:12:56 [INFO]: b'RX:B\x00'
04272019 04:12:56 [INFO]: b'TX:M\x12\x83\xa1o\xce\x01\x12\xa8\x80\xa1h\x00\xa1a\xce\x00\x89T@-----'
04272019 04:12:57 [INFO]: b'RX:B\x00'
04272019 04:12:57 [INFO]: b'TX:M\x12\x83\xa1o\xce\x01\x12\xa8\x80\xa1h\x00\xa1a\xce\x00\x89T@-----'
04272019 04:12:57 [INFO]: b'RX:B\x00'
04272019 04:12:57 [INFO]: b'TX:M\x15\x84\xa1t\xcd\x02\xdf\xa1e\xcd\x03\xfb\xa1r\xcd\x05,\xa1p\xcd\x14\xf7--'
04272019 04:12:57 [INFO]: b'RX:B\x00'
04272019 04:12:57 [INFO]: b'TX:M\x12\x83\xa1o\xce\x01\x12\xa8\x80\xa1h\x00\xa1a\xce\x00\x89T@-----'
04272019 04:12:57 [INFO]: b'RX:B\x00'
04272019 04:12:58 [INFO]: b'TX:M\x15\x84\xa1t\xcd\x02\xdf\xa1e\xcd\x03\xfb\xa1r\xcd\x05,\xa1p\xcd\x14\xf7--'
04272019 04:12:58 [INFO]: b'RX:B\x00'
04272019 04:12:58 [INFO]: b'TX:M\x12\x83\xa1o\xce\x01\x12\xa8\x80\xa1h\x00\xa1a\xce\x00\x89T@-----'
04272019 04:12:58 [INFO]: b'RX:B\x00'
04272019 04:12:58 [INFO]: b'TX:M\x15\x84\xa1t\xcd\x02\xdf\xa1e\xcd\x03\xfb\xa1r\xcd\x05,\xa1p\xcd\x14\xf8--'
04272019 04:12:58 [INFO]: b'RX:B\x00'
04272019 04:12:58 [INFO]: b'TX:M\x12\x83\xa1o\xce\x01\x12\xa8\x80\xa1h\x00\xa1a\xce\x00\x89T@-----'
04272019 04:12:59 [INFO]: b'RX:B\x00'
04272019 04:12:59 [INFO]: b'TX:M\x15\x84\xa1t\xcd\x02\xdf\xa1e\xcd\x03\xfb\xa1r\xcd\x05,\xa1p\xcd\x14\xf8--'
04272019 04:12:59 [INFO]: b'RX:B\x00'
04272019 04:12:59 [INFO]: b'TX:M\x12\x83\xa1o\xce\x01\x12\xa8\x80\xa1h\x00\xa1a\xce\x00\x89T@-----'
04272019 04:12:59 [INFO]: b'RX:B\x00'
04272019 04:12:59 [ERROR]: Buffer overflow
04272019 04:12:59 [INFO]: b'TX:M\x12\x83\xa1o\xce\x01\x12\xa8\x80\xa1h\x00\xa1a\xce\x00\x89T@-----'
04272019 04:13:00 [INFO]: b'RX:B\x00'
04272019 04:13:00 [INFO]: b'TX:M\x15\x84\xa1t\xcd\x02\xdf\xa1e\xcd\x03\xfb\xa1r\xcd\x05+\xa1p\xcd\x14\xf8--'
04272019 04:13:00 [INFO]: b'RX:B\x00'
04272019 04:13:00 [INFO]: b'TX:M\x12\x83\xa1o\xce\x01\x12\xa8\x80\xa1h\x00\xa1a\xce\x00\x89T@-----'
04272019 04:13:00 [INFO]: b'RX:B\x00'
04272019 04:13:00 [INFO]: b'TX:M\x15\x84\xa1t\xcd\x02\xdf\xa1e\xcd\x03\xfb\xa1r\xcd\x05)\xa1p\xcd\x14\xf8--'
04272019 04:13:00 [INFO]: b'RX:B\x00'
04272019 04:13:00 [INFO]: b'TX:M\x12\x83\xa1o\xce\x01\x12\xa8\x80\xa1h\x00\xa1a\xce\x00\x89T@-----'
04272019 04:13:01 [INFO]: b'RX:B\x00'
04272019 04:13:01 [INFO]: b'TX:M\x12\x83\xa1o\xce\x01\x12\xa8\x80\xa1h\x00\xa1a\xce\x00\x89T@-----'
04272019 04:13:01 [INFO]: b'RX:B\x00'
04272019 04:13:01 [INFO]: b'TX:M\x15\x84\xa1t\xcd\x02\xdf\xa1e\xcd\x03\xfb\xa1r\xcd\x05(\xa1p\xcd\x14\xf7--'
04272019 04:13:01 [INFO]: b'RX:B\x00'
04272019 04:13:01 [INFO]: b'TX:M\x12\x83\xa1o\xce\x01\x12\xa8\x80\xa1h\x00\xa1a\xce\x00\x89T@-----'
04272019 04:13:02 [INFO]: b'RX:B\x00'
04272019 04:13:02 [INFO]: b'TX:M\x15\x84\xa1t\xcd\x02\xdf\xa1e\xcd\x03\xfb\xa1r\xcd\x05(\xa1p\xcd\x14\xf7--'
04272019 04:13:02 [INFO]: b'RX:B\x00'
04272019 04:13:02 [INFO]: b'TX:M\x12\x83\xa1o\xce\x01\x12\xa8\x80\xa1h\x00\xa1a\xce\x00\x89T@-----'
04272019 04:13:02 [INFO]: b'RX:B\x00'
04272019 04:13:02 [INFO]: b'TX:M\x15\x84\xa1t\xcd\x02\xdf\xa1e\xcd\x03\xfb\xa1r\xcd\x05*\xa1p\xcd\x14\xf8--'
04272019 04:13:02 [INFO]: b'RX:B\x00'
04272019 04:13:02 [ERROR]: Buffer overflow
04272019 04:13:02 [INFO]: b'TX:M\x15\x84\xa1t\xcd\x02\xdf\xa1e\xcd\x03\xfb\xa1r\xcd\x05(\xa1p\xcd\x14\xf7--'
04272019 04:13:03 [INFO]: b'RX:B\x00'
04272019 04:13:03 [INFO]: b'TX:M\x12\x83\xa1o\xce\x01\x12\xa8\x80\xa1h\x00\xa1a\xce\x00\x89T@-----'
04272019 04:13:03 [INFO]: b'RX:B\x00'
04272019 04:13:03 [INFO]: b'TX:M\x15\x84\xa1t\xcd\x02\xdf\xa1e\xcd\x03\xfb\xa1r\xcd\x05)\xa1p\xcd\x14\xf7--'
04272019 04:13:03 [INFO]: b'RX:B\x00'
04272019 04:13:03 [INFO]: b'TX:M\x12\x83\xa1o\xce\x01\x12\xa8\x80\xa1h\x00\xa1a\xce\x00\x89T@-----'
04272019 04:13:04 [INFO]: b'RX:B\x00'
04272019 04:13:04 [INFO]: b'TX:M\x15\x84\xa1t\xcd\x02\xdf\xa1e\xcd\x03\xfb\xa1r\xcd\x05)\xa1p\xcd\x14\xf7--'
04272019 04:13:04 [INFO]: b'RX:B\x00'
04272019 04:13:04 [INFO]: b'TX:M\x12\x83\xa1o\xce\x01\x12\xa8\x80\xa1h\x00\xa1a\xce\x00\x89T@-----'
04272019 04:13:04 [INFO]: b'RX:B\x00'
04272019 04:13:04 [INFO]: b'TX:M\x15\x84\xa1t\xcd\x02\xdf\xa1e\xcd\x03\xfb\xa1r\xcd\x05(\xa1p\xcd\x14\xf7--'
04272019 04:13:04 [INFO]: b'RX:B\x00'
04272019 04:13:04 [INFO]: b'TX:M\x12\x83\xa1o\xce\x01\x12\xa8\x80\xa1h\x00\xa1a\xce\x00\x89T@-----'
04272019 04:13:05 [INFO]: b'RX:B\x00'
04272019 04:13:05 [INFO]: b'TX:M\x15\x84\xa1t\xcd\x02\xdf\xa1e\xcd\x03\xfb\xa1r\xcd\x05&\xa1p\xcd\x14\xf8--'
04272019 04:13:05 [INFO]: b'RX:B\x00'
04272019 04:13:05 [INFO]: b'TX:M\x12\x83\xa1o\xce\x01\x12\xa8\x80\xa1h\x00\xa1a\xce\x00\x89T@-----'
04272019 04:13:05 [INFO]: b'RX:B\x00'
04272019 04:13:05 [INFO]: b'TX:M\x12\x83\xa1o\xce\x01\x12\xa8\x80\xa1h\x00\xa1a\xce\x00\x89T@-----'
04272019 04:13:05 [INFO]: b'RX:B\x00'
04272019 04:13:06 [INFO]: b'TX:M\x15\x84\xa1t\xcd\x02\xdf\xa1e\xcd\x03\xfb\xa1r\xcd\x05&\xa1p\xcd\x14\xf8--'
04272019 04:13:06 [INFO]: b'RX:B\x00'
04272019 04:13:06 [ERROR]: Buffer overflow
04272019 04:13:06 [INFO]: b'TX:M\x15\x84\xa1t\xcd\x02\xe0\xa1e\xcd\x03\xfb\xa1r\xcd\x05(\xa1p\xcd\x14\xf8--'
04272019 04:13:06 [INFO]: b'RX:B\x00'
04272019 04:13:06 [INFO]: b'TX:M\x12\x83\xa1o\xce\x01\x12\xa8\x80\xa1h\x00\xa1a\xce\x00\x89T@-----'
04272019 04:13:06 [INFO]: b'RX:B\x00'
04272019 04:13:06 [INFO]: b'TX:M\x15\x84\xa1t\xcd\x02\xe0\xa1e\xcd\x03\xfb\xa1r\xcd\x05(\xa1p\xcd\x14\xf8--'
04272019 04:13:07 [INFO]: b'RX:B\x00'
04272019 04:13:07 [INFO]: b'TX:M\x12\x83\xa1o\xce\x01\x12\xa8\x80\xa1h\x00\xa1a\xce\x00\x89T@-----'
04272019 04:13:07 [INFO]: b'RX:B\x00'
04272019 04:13:07 [INFO]: b"TX:M\x15\x84\xa1t\xcd\x02\xdf\xa1e\xcd\x03\xfb\xa1r\xcd\x05'\xa1p\xcd\x14\xf7--"
04272019 04:13:07 [INFO]: b'RX:B\x00'
04272019 04:13:07 [INFO]: b'TX:M\x12\x83\xa1o\xce\x01\x12\xa8\x80\xa1h\x00\xa1a\xce\x00\x89T@-----'
04272019 04:13:07 [INFO]: b'RX:B\x00'
04272019 04:13:08 [INFO]: b"TX:M\x15\x84\xa1t\xcd\x02\xe0\xa1e\xcd\x03\xfb\xa1r\xcd\x05'\xa1p\xcd\x14\xf7--"
04272019 04:13:08 [INFO]: b'RX:B\x00'
04272019 04:13:08 [INFO]: b'TX:M\x12\x83\xa1o\xce\x01\x12\xa8\x80\xa1h\x00\xa1a\xce\x00\x89T@-----'
04272019 04:13:08 [INFO]: b'RX:B\x00'
04272019 04:13:08 [INFO]: b"TX:M\x15\x84\xa1t\xcd\x02\xe0\xa1e\xcd\x03\xfb\xa1r\xcd\x05'\xa1p\xcd\x14\xf7--"
04272019 04:13:08 [INFO]: b'RX:B\x00'
04272019 04:13:08 [INFO]: b'TX:M\x12\x83\xa1o\xce\x01\x12\xa8\x80\xa1h\x00\xa1a\xce\x00\x89T@-----'
04272019 04:13:09 [INFO]: b'RX:B\x00'
04272019 04:13:09 [INFO]: b'TX:M\x15\x84\xa1t\xcd\x02\xe0\xa1e\xcd\x03\xfb\xa1r\xcd\x05(\xa1p\xcd\x14\xf8--'
04272019 04:13:09 [INFO]: b'RX:B\x00'
04272019 04:13:09 [INFO]: b'TX:M\x12\x83\xa1o\xce\x01\x12\xa8\x80\xa1h\x00\xa1a\xce\x00\x89T@-----'
04272019 04:13:09 [INFO]: b'RX:B\x00'
04272019 04:13:09 [ERROR]: Buffer overflow
04272019 04:13:09 [INFO]: b'TX:M\x12\x83\xa1o\xce\x01\x12\xa8\x80\xa1h\x00\xa1a\xce\x00\x89T@-----'
04272019 04:13:09 [INFO]: b'RX:B\x00'
04272019 04:13:10 [INFO]: b'TX:M\x15\x84\xa1t\xcd\x02\xe0\xa1e\xcd\x03\xfb\xa1r\xcd\x05(\xa1p\xcd\x14\xf7--'
04272019 04:13:10 [INFO]: b'RX:B\x00'
04272019 04:13:10 [INFO]: b'TX:M\x15\x84\xa1t\xcd\x02\xe0\xa1e\xcd\x03\xfb\xa1r\xcd\x05(\xa1p\xcd\x14\xf7--'
04272019 04:13:10 [INFO]: b'RX:B\x00'
04272019 04:13:10 [INFO]: b'TX:M\x12\x83\xa1o\xce\x01\x12\xa8\x80\xa1h\x00\xa1a\xce\x00\x89T@-----'
04272019 04:13:10 [INFO]: b'RX:B\x00'
04272019 04:13:10 [INFO]: b'TX:M\x15\x84\xa1t\xcd\x02\xe0\xa1e\xcd\x03\xfb\xa1r\xcd\x05(\xa1p\xcd\x14\xf7--'
04272019 04:13:11 [INFO]: b'RX:B\x00'
04272019 04:13:11 [INFO]: b'TX:M\x12\x83\xa1o\xce\x01\x12\xa8\x80\xa1h\x00\xa1a\xce\x00\x89T@-----'
04272019 04:13:11 [INFO]: b'RX:B\x00'
04272019 04:13:11 [INFO]: b'TX:M\x15\x84\xa1t\xcd\x02\xe0\xa1e\xcd\x03\xfb\xa1r\xcd\x05(\xa1p\xcd\x14\xf8--'
04272019 04:13:11 [INFO]: b'RX:B\x00'
04272019 04:13:11 [INFO]: b'TX:M\x12\x83\xa1o\xce\x01\x12\xa8\x80\xa1h\x00\xa1a\xce\x00\x89T@-----'
04272019 04:13:11 [INFO]: b'RX:B\x00'
04272019 04:13:12 [INFO]: b'TX:M\x15\x84\xa1t\xcd\x02\xe0\xa1e\xcd\x03\xfb\xa1r\xcd\x05(\xa1p\xcd\x14\xf8--'
04272019 04:13:12 [INFO]: b'RX:B\x00'
04272019 04:13:12 [INFO]: b'TX:M\x12\x83\xa1o\xce\x01\x12\xa8\x80\xa1h\x00\xa1a\xce\x00\x89T@-----'
04272019 04:13:12 [INFO]: b'RX:B\x00'
04272019 04:13:12 [INFO]: b"TX:M\x15\x84\xa1t\xcd\x02\xe0\xa1e\xcd\x03\xfb\xa1r\xcd\x05'\xa1p\xcd\x14\xf8--"
04272019 04:13:12 [INFO]: b'RX:B\x00'
04272019 04:13:12 [INFO]: b'TX:M\x12\x83\xa1o\xce\x01\x12\xa8\x80\xa1h\x00\xa1a\xce\x00\x89T@-----'
04272019 04:13:13 [INFO]: b'RX:B\x00'
04272019 04:13:13 [ERROR]: Buffer overflow
04272019 04:13:13 [INFO]: b'TX:M\x12\x83\xa1o\xce\x01\x12\xa8\x80\xa1h\x00\xa1a\xce\x00\x89T@-----'
04272019 04:13:13 [INFO]: b'RX:B\x00'
04272019 04:13:13 [INFO]: b'TX:M\x15\x84\xa1t\xcd\x02\xe0\xa1e\xcd\x03\xfb\xa1r\xcd\x05)\xa1p\xcd\x14\xf8--'
04272019 04:13:13 [INFO]: b'RX:B\x00'
04272019 04:13:13 [INFO]: b'TX:M\x12\x83\xa1o\xce\x01\x12\xa8\x80\xa1h\x00\xa1a\xce\x00\x89T@-----'
04272019 04:13:13 [INFO]: b'RX:B\x00'
04272019 04:13:14 [INFO]: b'TX:M\x15\x84\xa1t\xcd\x02\xe0\xa1e\xcd\x03\xfb\xa1r\xcd\x05)\xa1p\xcd\x14\xf8--'
04272019 04:13:14 [INFO]: b'RX:B\x00'
04272019 04:13:14 [INFO]: b'TX:M\x15\x84\xa1t\xcd\x02\xe0\xa1e\xcd\x03\xfb\xa1r\xcd\x05&\xa1p\xcd\x14\xf7--'
04272019 04:13:14 [INFO]: b'RX:B\x00'
04272019 04:13:14 [INFO]: b'TX:M\x12\x83\xa1o\xce\x01\x12\xa8\x80\xa1h\x00\xa1a\xce\x00\x89T@-----'
04272019 04:13:14 [INFO]: b'RX:B\x00'
04272019 04:13:14 [INFO]: b'TX:M\x15\x84\xa1t\xcd\x02\xe0\xa1e\xcd\x03\xfb\xa1r\xcd\x05&\xa1p\xcd\x14\xf7--'
04272019 04:13:15 [INFO]: b'RX:B\x00'
04272019 04:13:15 [INFO]: b'TX:M\x12\x83\xa1o\xce\x01\x12\xa8\x80\xa1h\x00\xa1a\xce\x00\x89T@-----'
04272019 04:13:15 [INFO]: b'RX:B\x00'
04272019 04:13:15 [INFO]: b"TX:M\x15\x84\xa1t\xcd\x02\xe0\xa1e\xcd\x03\xfb\xa1r\xcd\x05'\xa1p\xcd\x14\xf7--"
04272019 04:13:15 [INFO]: b'RX:B\x00'
04272019 04:13:15 [INFO]: b'TX:M\x12\x83\xa1o\xce\x01\x12\xa8\x80\xa1h\x00\xa1a\xce\x00\x89T@-----'
04272019 04:13:15 [INFO]: b'RX:B\x00'
04272019 04:13:16 [INFO]: b'TX:M\x15\x84\xa1t\xcd\x02\xe0\xa1e\xcd\x03\xfb\xa1r\xcd\x05(\xa1p\xcd\x14\xf8--'
04272019 04:13:16 [INFO]: b'RX:B\x00'
04272019 04:13:16 [ERROR]: Buffer overflow
04272019 04:13:16 [INFO]: b"TX:M\x15\x84\xa1t\xcd\x02\xe0\xa1e\xcd\x03\xfb\xa1r\xcd\x05'\xa1p\xcd\x14\xf8--"
04272019 04:13:16 [INFO]: b'RX:B\x00'
04272019 04:13:16 [INFO]: b'TX:M\x12\x83\xa1o\xce\x01\x12\xa8\x80\xa1h\x00\xa1a\xce\x00\x89T@-----'
04272019 04:13:16 [INFO]: b'RX:B\x00'
04272019 04:13:16 [INFO]: b'TX:M\x15\x84\xa1t\xcd\x02\xe0\xa1e\xcd\x03\xfb\xa1r\xcd\x05(\xa1p\xcd\x14\xf8--'
04272019 04:13:17 [INFO]: b'RX:B\x00'
04272019 04:13:17 [INFO]: b'TX:M\x12\x83\xa1o\xce\x01\x12\xa8\x80\xa1h\x00\xa1a\xce\x00\x89T@-----'
04272019 04:13:17 [INFO]: b'RX:B\x00'
04272019 04:13:17 [INFO]: b"TX:M\x15\x84\xa1t\xcd\x02\xe0\xa1e\xcd\x03\xfb\xa1r\xcd\x05'\xa1p\xcd\x14\xf8--"
04272019 04:13:17 [INFO]: b'RX:B\x00'
04272019 04:13:17 [INFO]: b'TX:M\x12\x83\xa1o\xce\x01\x12\xa8\x80\xa1h\x00\xa1a\xce\x00\x89T@-----'
04272019 04:13:17 [INFO]: b'RX:B\x00'
04272019 04:13:18 [INFO]: b"TX:M\x15\x84\xa1t\xcd\x02\xe0\xa1e\xcd\x03\xfb\xa1r\xcd\x05'\xa1p\xcd\x14\xf8--"
04272019 04:13:18 [INFO]: b'RX:B\x00'
04272019 04:13:18 [INFO]: b'TX:M\x15\x84\xa1t\xcd\x02\xe0\xa1e\xcd\x03\xfb\xa1r\xcd\x05(\xa1p\xcd\x14\xf9--'
04272019 04:13:18 [INFO]: b'RX:B\x00'
04272019 04:13:18 [INFO]: b'TX:M\x12\x83\xa1o\xce\x01\x12\xa8\x80\xa1h\x00\xa1a\xce\x00\x89T@-----'
04272019 04:13:18 [INFO]: b'RX:B\x00'
04272019 04:13:18 [INFO]: b'TX:M\x15\x84\xa1t\xcd\x02\xe0\xa1e\xcd\x03\xfb\xa1r\xcd\x05(\xa1p\xcd\x14\xf9--'
04272019 04:13:19 [INFO]: b'RX:B\x00'
04272019 04:13:19 [INFO]: b'TX:M\x12\x83\xa1o\xce\x01\x12\xa8\x80\xa1h\x00\xa1a\xce\x00\x89T@-----'
04272019 04:13:19 [INFO]: b'RX:B\x00'
04272019 04:13:19 [INFO]: b'TX:M\x15\x84\xa1t\xcd\x02\xe0\xa1e\xcd\x03\xfb\xa1r\xcd\x05%\xa1p\xcd\x14\xf8--'
04272019 04:13:19 [INFO]: b'RX:B\x00'
04272019 04:13:19 [ERROR]: Buffer overflow
04272019 04:13:19 [INFO]: b'TX:M\x15\x84\xa1t\xcd\x02\xe0\xa1e\xcd\x03\xfb\xa1r\xcd\x05&\xa1p\xcd\x14\xf7--'
04272019 04:13:19 [INFO]: b'RX:B\x00'
04272019 04:13:20 [INFO]: b'TX:M\x12\x83\xa1o\xce\x01\x12\xa8\x80\xa1h\x00\xa1a\xce\x00\x89T@-----'
04272019 04:13:20 [INFO]: b'RX:B\x00'
04272019 04:13:20 [INFO]: b'TX:M\x15\x84\xa1t\xcd\x02\xe0\xa1e\xcd\x03\xfb\xa1r\xcd\x05&\xa1p\xcd\x14\xf8--'
04272019 04:13:20 [INFO]: b'RX:B\x00'
04272019 04:13:20 [INFO]: b'TX:M\x12\x83\xa1o\xce\x01\x12\xa8\x80\xa1h\x00\xa1a\xce\x00\x89T@-----'
04272019 04:13:20 [INFO]: b'RX:B\x00'
04272019 04:13:20 [INFO]: b"TX:M\x15\x84\xa1t\xcd\x02\xe0\xa1e\xcd\x03\xfb\xa1r\xcd\x05'\xa1p\xcd\x14\xf8--"
04272019 04:13:21 [INFO]: b'RX:B\x00'
04272019 04:13:21 [INFO]: b'TX:M\x12\x83\xa1o\xce\x01\x12\xa8\x80\xa1h\x00\xa1a\xce\x00\x89T@-----'
04272019 04:13:21 [INFO]: b'RX:B\x00'
04272019 04:13:21 [INFO]: b"TX:M\x15\x84\xa1t\xcd\x02\xe0\xa1e\xcd\x03\xfb\xa1r\xcd\x05'\xa1p\xcd\x14\xf8--"
04272019 04:13:21 [INFO]: b'RX:B\x00'
04272019 04:13:21 [INFO]: b'TX:M\x12\x83\xa1o\xce\x01\x12\xa8\x80\xa1h\x00\xa1a\xce\x00\x89T@-----'
04272019 04:13:21 [INFO]: b'RX:B\x00'
04272019 04:13:22 [INFO]: b"TX:M\x15\x84\xa1t\xcd\x02\xe0\xa1e\xcd\x03\xfb\xa1r\xcd\x05'\xa1p\xcd\x14\xf8--"
04272019 04:13:22 [INFO]: b'RX:B\x00'
04272019 04:13:22 [INFO]: b'TX:M\x12\x83\xa1o\xce\x01\x12\xa8\x80\xa1h\x00\xa1a\xce\x00\x89T@-----'
04272019 04:13:22 [INFO]: b'RX:B\x00'
04272019 04:13:22 [INFO]: b'TX:M\x15\x84\xa1t\xcd\x02\xe0\xa1e\xcd\x03\xfb\xa1r\xcd\x05&\xa1p\xcd\x14\xf8--'
04272019 04:13:22 [INFO]: b'RX:B\x00'
04272019 04:13:22 [ERROR]: Buffer overflow
04272019 04:13:22 [INFO]: b'TX:M\x12\x83\xa1o\xce\x01\x12\xa8\x80\xa1h\x00\xa1a\xce\x00\x89T@-----'
04272019 04:13:23 [INFO]: b'RX:B\x00'
04272019 04:13:23 [INFO]: b'TX:M\x15\x84\xa1t\xcd\x02\xe0\xa1e\xcd\x03\xfb\xa1r\xcd\x05&\xa1p\xcd\x14\xf9--'
04272019 04:13:23 [INFO]: b'RX:B\x00'
04272019 04:13:23 [INFO]: b'TX:M\x12\x83\xa1o\xce\x01\x12\xa8\x80\xa1h\x00\xa1a\xce\x00\x89T@-----'
04272019 04:13:23 [INFO]: b'RX:B\x00'
04272019 04:13:23 [INFO]: b"TX:M\x15\x84\xa1t\xcd\x02\xe0\xa1e\xcd\x03\xfb\xa1r\xcd\x05'\xa1p\xcd\x14\xf8--"
04272019 04:13:23 [INFO]: b'RX:B\x00'
04272019 04:13:24 [INFO]: b'TX:M\x12\x83\xa1o\xce\x01\x12\xa8\x80\xa1h\x00\xa1a\xce\x00\x89T@-----'
04272019 04:13:24 [INFO]: b'RX:B\x00'
04272019 04:13:24 [INFO]: b"TX:M\x15\x84\xa1t\xcd\x02\xe0\xa1e\xcd\x03\xfb\xa1r\xcd\x05'\xa1p\xcd\x14\xf8--"
04272019 04:13:24 [INFO]: b'RX:B\x00'
04272019 04:13:24 [INFO]: b'TX:M\x12\x83\xa1o\xce\x01\x12\xa8\x80\xa1h\x00\xa1a\xce\x00\x89T@-----'
04272019 04:13:24 [INFO]: b'RX:B\x00'
04272019 04:13:24 [INFO]: b"TX:M\x15\x84\xa1t\xcd\x02\xe0\xa1e\xcd\x03\xfb\xa1r\xcd\x05'\xa1p\xcd\x14\xf8--"
04272019 04:13:25 [INFO]: b'RX:B\x00'
04272019 04:13:25 [INFO]: b'TX:M\x12\x83\xa1o\xce\x01\x12\xa8\x80\xa1h\x00\xa1a\xce\x00\x89T@-----'
04272019 04:13:25 [INFO]: b'RX:B\x00'
04272019 04:13:25 [INFO]: b"TX:M\x15\x84\xa1t\xcd\x02\xe0\xa1e\xcd\x03\xfb\xa1r\xcd\x05'\xa1p\xcd\x14\xf7--"
04272019 04:13:25 [INFO]: b'RX:B\x00'
04272019 04:13:25 [INFO]: b'TX:M\x12\x83\xa1o\xce\x01\x12\xa8\x80\xa1h\x00\xa1a\xce\x00\x89T@-----'
04272019 04:13:25 [INFO]: b'RX:B\x00'
04272019 04:13:26 [INFO]: b"TX:M\x15\x84\xa1t\xcd\x02\xe0\xa1e\xcd\x03\xfb\xa1r\xcd\x05'\xa1p\xcd\x14\xf7--"
04272019 04:13:26 [INFO]: b'RX:B\x00'
04272019 04:13:26 [ERROR]: Buffer overflow
04272019 04:13:26 [INFO]: b'TX:M\x15\x84\xa1t\xcd\x02\xe0\xa1e\xcd\x03\xfb\xa1r\xcd\x05#\xa1p\xcd\x14\xf8--'
04272019 04:13:26 [INFO]: b'RX:B\x00'
04272019 04:13:26 [INFO]: b'TX:M\x12\x83\xa1o\xce\x01\x12\xa8\x80\xa1h\x00\xa1a\xce\x00\x89T@-----'
04272019 04:13:26 [INFO]: b'RX:B\x00'
04272019 04:13:26 [INFO]: b'TX:M\x12\x83\xa1o\xce\x01\x12\xa8\x80\xa1h\x00\xa1a\xce\x00\x89T@-----'
04272019 04:13:27 [INFO]: b'RX:B\x00'
04272019 04:13:27 [INFO]: b'TX:M\x15\x84\xa1t\xcd\x02\xe0\xa1e\xcd\x03\xfb\xa1r\xcd\x05#\xa1p\xcd\x14\xf8--'
04272019 04:13:27 [INFO]: b'RX:B\x00'
04272019 04:13:27 [INFO]: b'TX:M\x12\x83\xa1o\xce\x01\x12\xa8\x80\xa1h\x00\xa1a\xce\x00\x89T@-----'
04272019 04:13:27 [INFO]: b'RX:B\x00'
04272019 04:13:27 [INFO]: b'TX:M\x15\x84\xa1t\xcd\x02\xe0\xa1e\xcd\x03\xfb\xa1r\xcd\x05#\xa1p\xcd\x14\xf7--'
04272019 04:13:27 [INFO]: b'RX:"\x00'
04272019 04:13:28 [INFO]: b'TX:M\x12\x83\xa1o\xce\x01\x12\xa8\x80\xa1h\x00\xa1a\xce\x00\x89T@-----'
04272019 04:13:28 [INFO]: b'RX:B\x00'
04272019 04:13:28 [INFO]: b'TX:M\x15\x84\xa1t\xcd\x02\xe0\xa1e\xcd\x03\xfb\xa1r\xcd\x05$\xa1p\xcd\x14\xf8--'
04272019 04:13:28 [INFO]: b'RX:B\x00'
04272019 04:13:28 [INFO]: b'TX:M\x12\x83\xa1o\xce\x01\x12\xa8\x80\xa1h\x00\xa1a\xce\x00\x89T@-----'
04272019 04:13:28 [INFO]: b'RX:B\x00'
04272019 04:13:28 [INFO]: b'TX:M\x15\x84\xa1t\xcd\x02\xe0\xa1e\xcd\x03\xfb\xa1r\xcd\x05$\xa1p\xcd\x14\xf8--'
04272019 04:13:29 [INFO]: b'RX:B\x00'
04272019 04:13:29 [INFO]: b'TX:M\x12\x83\xa1o\xce\x01\x12\xa8\x80\xa1h\x00\xa1a\xce\x00\x89T@-----'
04272019 04:13:29 [INFO]: b'RX:B\x00'
04272019 04:13:29 [INFO]: b'TX:M\x15\x84\xa1t\xcd\x02\xe0\xa1e\xcd\x03\xfb\xa1r\xcd\x05%\xa1p\xcd\x14\xf8--'
04272019 04:13:29 [INFO]: b'RX:B\x00'
04272019 04:13:29 [ERROR]: Buffer overflow
04272019 04:13:29 [INFO]: b'TX:M\x12\x83\xa1o\xce\x01\x12\xa8\x80\xa1h\x00\xa1a\xce\x00\x89T@-----'
04272019 04:13:29 [INFO]: b'RX:B\x00'
04272019 04:13:30 [INFO]: b'TX:M\x15\x84\xa1t\xcd\x02\xe1\xa1e\xcd\x03\xfb\xa1r\xcd\x05"\xa1p\xcd\x14\xf8--'
04272019 04:13:30 [INFO]: b'RX:B\x00'
04272019 04:13:30 [INFO]: b'TX:M\x15\x84\xa1t\xcd\x02\xe1\xa1e\xcd\x03\xfb\xa1r\xcd\x05#\xa1p\xcd\x14\xf9--'
04272019 04:13:30 [INFO]: b'RX:B\x00'
04272019 04:13:30 [INFO]: b'TX:M\x12\x83\xa1o\xce\x01\x12\xa8\x80\xa1h\x00\xa1a\xce\x00\x89T@-----'
04272019 04:13:30 [INFO]: b'RX:B\x00'
04272019 04:13:30 [INFO]: b'TX:M\x12\x83\xa1o\xce\x01\x12\xa8\x80\xa1h\x00\xa1a\xce\x00\x89T@-----'
04272019 04:13:31 [INFO]: b'RX:B\x00'
04272019 04:13:31 [INFO]: b'TX:M\x15\x84\xa1t\xcd\x02\xe1\xa1e\xcd\x03\xfb\xa1r\xcd\x05#\xa1p\xcd\x14\xf9--'
04272019 04:13:31 [INFO]: b'RX:B\x00'
04272019 04:13:31 [INFO]: b'TX:M\x12\x83\xa1o\xce\x01\x12\xa8\x80\xa1h\x00\xa1a\xce\x00\x89T@-----'
04272019 04:13:31 [INFO]: b'RX:B\x00'
04272019 04:13:31 [INFO]: b'TX:M\x15\x84\xa1t\xcd\x02\xe1\xa1e\xcd\x03\xfb\xa1r\xcd\x05%\xa1p\xcd\x14\xf8--'
04272019 04:13:31 [INFO]: b'RX:B\x00'
04272019 04:13:32 [INFO]: b'TX:M\x12\x83\xa1o\xce\x01\x12\xa8\x80\xa1h\x00\xa1a\xce\x00\x89T@-----'
04272019 04:13:32 [INFO]: b'RX:B\x00'
04272019 04:13:32 [INFO]: b'TX:M\x15\x84\xa1t\xcd\x02\xe1\xa1e\xcd\x03\xfb\xa1r\xcd\x05&\xa1p\xcd\x14\xf8--'
04272019 04:13:32 [INFO]: b'RX:B\x00'
04272019 04:13:32 [INFO]: b'TX:M\x12\x83\xa1o\xce\x01\x12\xa8\x80\xa1h\x00\xa1a\xce\x00\x89T@-----'
04272019 04:13:32 [INFO]: b'RX:B\x00'
04272019 04:13:32 [INFO]: b'TX:M\x15\x84\xa1t\xcd\x02\xe1\xa1e\xcd\x03\xfb\xa1r\xcd\x05&\xa1p\xcd\x14\xf8--'
04272019 04:13:33 [INFO]: b'RX:B\x00'
04272019 04:13:33 [ERROR]: Buffer overflow
04272019 04:13:33 [INFO]: b'TX:M\x12\x83\xa1o\xce\x01\x12\xa8\x80\xa1h\x00\xa1a\xce\x00\x89T@-----'
04272019 04:13:33 [INFO]: b'RX:B\x00'
04272019 04:13:33 [INFO]: b'TX:M\x15\x84\xa1t\xcd\x02\xe1\xa1e\xcd\x03\xfb\xa1r\xcd\x05 \xa1p\xcd\x14\xf8--'
04272019 04:13:33 [INFO]: b'RX:B\x00'
04272019 04:13:33 [INFO]: b'TX:M\x12\x83\xa1o\xce\x01\x12\xa8\x80\xa1h\x00\xa1a\xce\x00\x89T@-----'
04272019 04:13:33 [INFO]: b'RX:B\x00'
04272019 04:13:34 [INFO]: b'TX:M\x15\x84\xa1t\xcd\x02\xe1\xa1e\xcd\x03\xfb\xa1r\xcd\x05 \xa1p\xcd\x14\xf8--'
04272019 04:13:34 [INFO]: b'RX:B\x00'
04272019 04:13:34 [INFO]: b'TX:M\x15\x84\xa1t\xcd\x02\xe1\xa1e\xcd\x03\xfc\xa1r\xcd\x05\x1c\xa1p\xcd\x14\xf8--'
04272019 04:13:34 [INFO]: b'RX:B\x00'
04272019 04:13:34 [INFO]: b'TX:M\x12\x83\xa1o\xce\x01\x12\xa8\x80\xa1h\x00\xa1a\xce\x00\x89T@-----'
04272019 04:13:34 [INFO]: b'RX:B\x00'
04272019 04:13:34 [INFO]: b'TX:M\x15\x84\xa1t\xcd\x02\xe1\xa1e\xcd\x03\xfc\xa1r\xcd\x05\x1c\xa1p\xcd\x14\xf8--'
04272019 04:13:35 [INFO]: b'RX:B\x00'
04272019 04:13:35 [INFO]: b'TX:M\x12\x83\xa1o\xce\x01\x12\xa8\x80\xa1h\x00\xa1a\xce\x00\x89T@-----'
04272019 04:13:35 [INFO]: b'RX:B\x00'
04272019 04:13:35 [INFO]: b'TX:M\x15\x84\xa1t\xcd\x02\xe1\xa1e\xcd\x03\xfc\xa1r\xcd\x05\x19\xa1p\xcd\x14\xf8--'
04272019 04:13:35 [INFO]: b'RX:B\x00'
04272019 04:13:35 [INFO]: b'TX:M\x12\x83\xa1o\xce\x01\x12\xa8\x80\xa1h\x00\xa1a\xce\x00\x89T@-----'
04272019 04:13:36 [INFO]: b'RX:B\x00'
04272019 04:13:36 [INFO]: b'TX:M\x12\x83\xa1o\xce\x01\x12\xa8\x80\xa1h\x00\xa1a\xce\x00\x89T@-----'
04272019 04:13:36 [INFO]: b'RX:B\x00'
04272019 04:13:36 [INFO]: b'TX:M\x15\x84\xa1t\xcd\x02\xe1\xa1e\xcd\x03\xfc\xa1r\xcd\x05\x17\xa1p\xcd\x14\xf7--'
04272019 04:13:36 [INFO]: b'RX:B\x00'
04272019 04:13:36 [ERROR]: Buffer overflow
04272019 04:13:36 [INFO]: b'TX:M\x12\x83\xa1o\xce\x01\x12\xa8\x80\xa1h\x00\xa1a\xce\x00\x89T@-----'
04272019 04:13:36 [INFO]: b'RX:B\x00'
04272019 04:13:36 [INFO]: b'TX:M\x15\x84\xa1t\xcd\x02\xe1\xa1e\xcd\x03\xfc\xa1r\xcd\x05\x18\xa1p\xcd\x14\xf8--'
04272019 04:13:37 [INFO]: b'RX:B\x00'
04272019 04:13:37 [INFO]: b'TX:M\x12\x83\xa1o\xce\x01\x12\xa8\x80\xa1h\x00\xa1a\xce\x00\x89T@-----'
04272019 04:13:37 [INFO]: b'RX:B\x00'
04272019 04:13:37 [INFO]: b'TX:M\x15\x84\xa1t\xcd\x02\xe1\xa1e\xcd\x03\xfc\xa1r\xcd\x05\x16\xa1p\xcd\x14\xf8--'
04272019 04:13:37 [INFO]: b'RX:B\x00'
04272019 04:13:37 [INFO]: b'TX:M\x12\x83\xa1o\xce\x01\x12\xa8\x80\xa1h\x00\xa1a\xce\x00\x89T@-----'
04272019 04:13:38 [INFO]: b'RX:B\x00'
04272019 04:13:38 [INFO]: b'TX:M\x15\x84\xa1t\xcd\x02\xe1\xa1e\xcd\x03\xfc\xa1r\xcd\x05\x16\xa1p\xcd\x14\xf8--'
04272019 04:13:38 [INFO]: b'RX:B\x00'
04272019 04:13:38 [INFO]: b'TX:M\x12\x83\xa1o\xce\x01\x12\xa8\x80\xa1h\x00\xa1a\xce\x00\x89T@-----'
04272019 04:13:38 [INFO]: b'RX:B\x00'
04272019 04:13:38 [INFO]: b'TX:M\x15\x84\xa1t\xcd\x02\xe1\xa1e\xcd\x03\xfc\xa1r\xcd\x05\x14\xa1p\xcd\x14\xf7--'
04272019 04:13:38 [INFO]: b'RX:B\x00'
04272019 04:13:38 [INFO]: b'TX:M\x12\x83\xa1o\xce\x01\x12\xa8\x80\xa1h\x00\xa1a\xce\x00\x89T@-----'
04272019 04:13:39 [INFO]: b'RX:B\x00'
04272019 04:13:39 [INFO]: b'TX:M\x15\x84\xa1t\xcd\x02\xe1\xa1e\xcd\x03\xfc\xa1r\xcd\x05\x14\xa1p\xcd\x14\xf7--'
04272019 04:13:39 [INFO]: b'RX:B\x00'
04272019 04:13:39 [INFO]: b'TX:M\x12\x83\xa1o\xce\x01\x12\xa8\x80\xa1h\x00\xa1a\xce\x00\x89T@-----'
04272019 04:13:39 [INFO]: b'RX:B\x00'
04272019 04:13:39 [INFO]: b'TX:M\x15\x84\xa1t\xcd\x02\xe1\xa1e\xcd\x03\xfc\xa1r\xcd\x05\x15\xa1p\xcd\x14\xf8--'
04272019 04:13:39 [INFO]: b'RX:B\x00'
04272019 04:13:40 [ERROR]: Buffer overflow
04272019 04:13:40 [INFO]: b'TX:M\x12\x83\xa1o\xce\x01\x12\xa8\x80\xa1h\x00\xa1a\xce\x00\x89T@-----'
04272019 04:13:40 [INFO]: b'RX:B\x00'
04272019 04:13:40 [INFO]: b'TX:M\x15\x84\xa1t\xcd\x02\xe1\xa1e\xcd\x03\xfc\xa1r\xcd\x05\x10\xa1p\xcd\x14\xf8--'
04272019 04:13:40 [INFO]: b'RX:B\x00'
04272019 04:13:40 [INFO]: b'TX:M\x12\x83\xa1o\xce\x01\x12\xa8\x80\xa1h\x00\xa1a\xce\x00\x89T@-----'
04272019 04:13:40 [INFO]: b'RX:B\x00'
04272019 04:13:40 [INFO]: b'TX:M\x15\x84\xa1t\xcd\x02\xe1\xa1e\xcd\x03\xfc\xa1r\xcd\x05\x10\xa1p\xcd\x14\xf8--'
04272019 04:13:41 [INFO]: b'RX:B\x00'
04272019 04:13:41 [INFO]: b'TX:M\x12\x83\xa1o\xce\x01\x12\xa8\x80\xa1h\x00\xa1a\xce\x00\x89T@-----'
04272019 04:13:41 [INFO]: b'RX:B\x00'
04272019 04:13:41 [INFO]: b'TX:M\x15\x84\xa1t\xcd\x02\xe1\xa1e\xcd\x03\xfc\xa1r\xcd\x05\x10\xa1p\xcd\x14\xf8--'
04272019 04:13:41 [INFO]: b'RX:B\x00'
04272019 04:13:41 [INFO]: b'TX:M\x12\x83\xa1o\xce\x01\x12\xa8\x80\xa1h\x00\xa1a\xce\x00\x89T@-----'
04272019 04:13:42 [INFO]: b'RX:B\x00'
04272019 04:13:42 [INFO]: b'TX:M\x15\x84\xa1t\xcd\x02\xe1\xa1e\xcd\x03\xfc\xa1r\xcd\x05\x10\xa1p\xcd\x14\xf8--'
04272019 04:13:42 [INFO]: b'RX:B\x00'
04272019 04:13:42 [INFO]: b'TX:M\x12\x83\xa1o\xce\x01\x12\xa8\x80\xa1h\x00\xa1a\xce\x00\x89T@-----'
04272019 04:13:42 [INFO]: b'RX:B\x00'
04272019 04:13:42 [INFO]: b'TX:M\x15\x84\xa1t\xcd\x02\xe1\xa1e\xcd\x03\xfc\xa1r\xcd\x05\r\xa1p\xcd\x14\xf9--'
04272019 04:13:42 [INFO]: b'RX:B\x00'
04272019 04:13:42 [INFO]: b'TX:M\x12\x83\xa1o\xce\x01\x12\xa8\x80\xa1h\x00\xa1a\xce\x00\x89T@-----'
04272019 04:13:43 [INFO]: b'RX:B\x00'
04272019 04:13:43 [ERROR]: Buffer overflow
04272019 04:13:43 [INFO]: b'TX:M\x15\x84\xa1t\xcd\x02\xe1\xa1e\xcd\x03\xfd\xa1r\xcd\x05\t\xa1p\xcd\x14\xf8--'
04272019 04:13:43 [INFO]: b'RX:B\x00'
04272019 04:13:43 [INFO]: b'TX:M\x12\x83\xa1o\xce\x01\x12\xa8\x80\xa1h\x00\xa1a\xce\x00\x89T@-----'
04272019 04:13:43 [INFO]: b'RX:B\x00'
04272019 04:13:43 [INFO]: b'TX:M\x15\x84\xa1t\xcd\x02\xe1\xa1e\xcd\x03\xfd\xa1r\xcd\x05\t\xa1p\xcd\x14\xf8--'
04272019 04:13:44 [INFO]: b'RX:B\x00'
04272019 04:13:44 [INFO]: b'TX:M\x12\x83\xa1o\xce\x01\x12\xa8\x80\xa1h\x00\xa1a\xce\x00\x89T@-----'
04272019 04:13:44 [INFO]: b'RX:B\x00'
04272019 04:13:44 [INFO]: b'TX:M\x15\x84\xa1t\xcd\x02\xe1\xa1e\xcd\x03\xfd\xa1r\xcd\x05\n\xa1p\xcd\x14\xf8--'
04272019 04:13:44 [INFO]: b'RX:B\x00'
04272019 04:13:44 [INFO]: b'TX:M\x12\x83\xa1o\xce\x01\x12\xa8\x80\xa1h\x00\xa1a\xce\x00\x89T@-----'
04272019 04:13:44 [INFO]: b'RX:B\x00'
04272019 04:13:44 [INFO]: b'TX:M\x15\x84\xa1t\xcd\x02\xe1\xa1e\xcd\x03\xfd\xa1r\xcd\x05\n\xa1p\xcd\x14\xf8--'
04272019 04:13:45 [INFO]: b'RX:B\x00'
04272019 04:13:45 [INFO]: b'TX:M\x12\x83\xa1o\xce\x01\x12\xa8\x80\xa1h\x00\xa1a\xce\x00\x89T@-----'
04272019 04:13:45 [INFO]: b'RX:B\x00'
04272019 04:13:45 [INFO]: b'TX:M\x15\x84\xa1t\xcd\x02\xe1\xa1e\xcd\x03\xfd\xa1r\xcd\x05\x06\xa1p\xcd\x14\xf7--'
04272019 04:13:45 [INFO]: b'RX:B\x00'
04272019 04:13:45 [INFO]: b'TX:M\x12\x83\xa1o\xce\x01\x12\xa8\x80\xa1h\x00\xa1a\xce\x00\x89T@-----'
04272019 04:13:45 [INFO]: b'RX:B\x00'
04272019 04:13:46 [INFO]: b'TX:M\x15\x84\xa1t\xcd\x02\xe1\xa1e\xcd\x03\xfd\xa1r\xcd\x05\x06\xa1p\xcd\x14\xf7--'
04272019 04:13:46 [INFO]: b'RX:B\x00'
04272019 04:13:46 [ERROR]: Buffer overflow
04272019 04:13:46 [INFO]: b'TX:M\x12\x83\xa1o\xce\x01\x12\xa8\x80\xa1h\x00\xa1a\xce\x00\x89T@-----'
04272019 04:13:46 [INFO]: b'RX:B\x00'
04272019 04:13:46 [INFO]: b'TX:M\x15\x84\xa1t\xcd\x02\xe1\xa1e\xcd\x03\xfd\xa1r\xcd\x05\x05\xa1p\xcd\x14\xf7--'
04272019 04:13:46 [INFO]: b'RX:B\x00'
04272019 04:13:46 [INFO]: b'TX:M\x12\x83\xa1o\xce\x01\x12\xa8\x80\xa1h\x00\xa1a\xce\x00\x89T@-----'
04272019 04:13:47 [INFO]: b'RX:B\x00'
04272019 04:13:47 [INFO]: b'TX:M\x15\x84\xa1t\xcd\x02\xe1\xa1e\xcd\x03\xfd\xa1r\xcd\x05\x04\xa1p\xcd\x14\xf7--'
04272019 04:13:47 [INFO]: b'RX:B\x00'
04272019 04:13:47 [INFO]: b'TX:M\x12\x83\xa1o\xce\x01\x12\xa8\x80\xa1h\x00\xa1a\xce\x00\x89T@-----'
04272019 04:13:47 [INFO]: b'RX:B\x00'
04272019 04:13:47 [INFO]: b'TX:M\x15\x84\xa1t\xcd\x02\xe1\xa1e\xcd\x03\xfd\xa1r\xcd\x05\x04\xa1p\xcd\x14\xf7--'
04272019 04:13:47 [INFO]: b'RX:B\x00'
04272019 04:13:48 [INFO]: b'TX:M\x12\x83\xa1o\xce\x01\x12\xa8\x80\xa1h\x00\xa1a\xce\x00\x89T@-----'
04272019 04:13:48 [INFO]: b'RX:B\x00'
04272019 04:13:48 [INFO]: b'TX:M\x15\x84\xa1t\xcd\x02\xe1\xa1e\xcd\x03\xfd\xa1r\xcd\x05\x04\xa1p\xcd\x14\xf8--'
