04272019 09:18:26 [ERROR]: negative seek position -2
04272019 09:18:26 [INFO]: b'TX:M\x15\x84\xa1t\xcd\x02n\xa1r\xcd\x07\xab\xa1e\xcd\x03\xd9\xa1p\xcd\x15\x0f--'
04272019 09:18:26 [INFO]: b'RX:B\x00'
04272019 09:18:26 [INFO]: b'TX:M\x15\x84\xa1t\xcd\x02n\xa1r\xcd\x07\xad\xa1e\xcd\x03\xd9\xa1p\xcd\x15\x0f--'
04272019 09:18:26 [INFO]: b'RX:B\x00'
04272019 09:18:27 [INFO]: b'TX:M\x15\x84\xa1t\xcd\x02n\xa1r\xcd\x07\xad\xa1e\xcd\x03\xd9\xa1p\xcd\x15\x0e--'
04272019 09:18:27 [INFO]: b'RX:B\x00'
04272019 09:18:27 [INFO]: b'TX:M\x15\x84\xa1t\xcd\x02n\xa1r\xcd\x07\xac\xa1e\xcd\x03\xd9\xa1p\xcd\x15\x0e--'
04272019 09:18:27 [INFO]: b'RX:B\x00'
04272019 09:18:27 [INFO]: b'TX:M\x15\x84\xa1t\xcd\x02n\xa1r\xcd\x07\xac\xa1e\xcd\x03\xd9\xa1p\xcd\x15\x0e--'
04272019 09:18:27 [INFO]: b'RX:B\x00'
04272019 09:18:27 [INFO]: b'TX:M\x12\x83\xa1h\x00\xa1a\xce\x00\x89T@\xa1o\xce\x01\x12\xa8\x80-----'
04272019 09:18:28 [INFO]: b'RX:B\x00'
04272019 09:18:28 [INFO]: b'TX:M\x12\x83\xa1h\x00\xa1a\xce\x00\x89T@\xa1o\xce\x01\x12\xa8\x80-----'
04272019 09:18:28 [INFO]: b'RX:B\x00'
04272019 09:18:28 [INFO]: b'TX:M\x12\x83\xa1h\x00\xa1a\xce\x00\x89T@\xa1o\xce\x01\x12\xa8\x80-----'
04272019 09:18:28 [INFO]: b'RX:B\x00'
04272019 09:18:28 [INFO]: b'TX:M\x12\x83\xa1h\x00\xa1a\xce\x00\x89T@\xa1o\xce\x01\x12\xa8\x80-----'
04272019 09:18:29 [INFO]: b'RX:B\x00'
04272019 09:18:29 [INFO]: b'TX:M\x12\x83\xa1h\x00\xa1a\xce\x00\x89T@\xa1o\xce\x01\x12\xa8\x80-----'
04272019 09:18:29 [INFO]: b'RX:B\x00'
04272019 09:18:29 [INFO]: b'TX:M\x12\x83\xa1h\x00\xa1a\xce\x00\x89T@\xa1o\xce\x01\x12\xa8\x80-----'
04272019 09:18:30 [INFO]: b'RX:B\x00'
04272019 09:18:30 [INFO]: b'TX:M\x15\x84\xa1t\xcd\x02o\xa1r\xcd\x07\xad\xa1e\xcd\x03\xd9\xa1p\xcd\x15\x0f--'
04272019 09:18:30 [INFO]: b'RX:B\x00'
04272019 09:18:30 [INFO]: b'TX:M\x15\x84\xa1t\xcd\x02n\xa1r\xcd\x07\xac\xa1e\xcd\x03\xd9\xa1p\xcd\x15\x0f--'
04272019 09:18:30 [INFO]: b'RX:B\x00'
04272019 09:18:30 [INFO]: b'TX:M\x12\x83\xa1h\x00\xa1a\xce\x00\x89T@\xa1o\xce\x01\x12\xa8\x80-----'
04272019 09:18:31 [INFO]: b'RX:B\x00'
04272019 09:18:31 [INFO]: b'TX:M\x15\x84\xa1t\xcd\x02n\xa1r\xcd\x07\xac\xa1e\xcd\x03\xd9\xa1p\xcd\x15\x0e--'
04272019 09:18:31 [INFO]: b'RX:B\x00'
04272019 09:18:31 [INFO]: b'TX:M\x12\x83\xa1h\x00\xa1a\xce\x00\x89T@\xa1o\xce\x01\x12\xa8\x80-----'
04272019 09:18:31 [INFO]: b'RX:B\x00'
04272019 09:18:31 [INFO]: b'TX:M\x15\x84\xa1t\xcd\x02n\xa1r\xcd\x07\xae\xa1e\xcd\x03\xd9\xa1p\xcd\x15\x0e--'
04272019 09:18:32 [INFO]: b'RX:B\x00'
04272019 09:18:32 [INFO]: b'TX:M\x12\x83\xa1h\x00\xa1a\xce\x00\x89T@\xa1o\xce\x01\x12\xa8\x80-----'
04272019 09:18:32 [INFO]: b'RX:B\x00'
04272019 09:18:32 [INFO]: b'TX:M\x15\x84\xa1t\xcd\x02n\xa1r\xcd\x07\xad\xa1e\xcd\x03\xd9\xa1p\xcd\x15\x0e--'
04272019 09:18:32 [INFO]: b'RX:B\x00'
04272019 09:18:33 [INFO]: b'TX:M\x12\x83\xa1h\x00\xa1a\xce\x00\x89T@\xa1o\xce\x01\x12\xa8\x80-----'
04272019 09:18:33 [INFO]: b'RX:B\x00'
04272019 09:18:33 [INFO]: b'TX:M\x12\x83\xa1h\x00\xa1a\xce\x00\x89T@\xa1o\xce\x01\x12\xa8\x80-----'
04272019 09:18:33 [INFO]: b'RX:B\x00'
04272019 09:18:33 [INFO]: b'TX:M\x15\x84\xa1t\xcd\x02n\xa1r\xcd\x07\xad\xa1e\xcd\x03\xd9\xa1p\xcd\x15\x0e--'
04272019 09:18:33 [INFO]: b'RX:B\x00'
04272019 09:18:34 [INFO]: b'TX:M\x12\x83\xa1h\x00\xa1a\xce\x00\x89T@\xa1o\xce\x01\x12\xa8\x80-----'
04272019 09:18:34 [INFO]: b'RX:B\x00'
04272019 09:18:34 [INFO]: b'TX:M\x15\x84\xa1t\xcd\x02n\xa1r\xcd\x07\xae\xa1e\xcd\x03\xd9\xa1p\xcd\x15\x0e--'
04272019 09:18:34 [INFO]: b'RX:B\x00'
04272019 09:18:34 [INFO]: b'TX:M\x12\x83\xa1h\x00\xa1a\xce\x00\x89T@\xa1o\xce\x01\x12\xa8\x80-----'
04272019 09:18:34 [INFO]: b'RX:B\x00'
04272019 09:18:34 [INFO]: b'TX:M\x15\x84\xa1t\xcd\x02o\xa1r\xcd\x07\xae\xa1e\xcd\x03\xd9\xa1p\xcd\x15\x0f--'
04272019 09:18:35 [INFO]: b'RX:B\x00'
04272019 09:18:35 [INFO]: b'TX:M\x12\x83\xa1h\x00\xa1a\xce\x00\x89T@\xa1o\xce\x01\x12\xa8\x80-----'
04272019 09:18:35 [INFO]: b'RX:B\x00'
04272019 09:18:35 [INFO]: b'TX:M\x15\x84\xa1t\xcd\x02o\xa1r\xcd\x07\xb1\xa1e\xcd\x03\xd9\xa1p\xcd\x15\x0e--'
04272019 09:18:35 [INFO]: b'RX:B\x00'
04272019 09:18:35 [INFO]: b'TX:M\x15\x84\xa1t\xcd\x02o\xa1r\xcd\x07\xb1\xa1e\xcd\x03\xd9\xa1p\xcd\x15\x0e--'
04272019 09:18:36 [INFO]: b'RX:B\x00'
04272019 09:18:36 [INFO]: b'TX:M\x12\x83\xa1h\x00\xa1a\xce\x00\x89T@\xa1o\xce\x01\x12\xa8\x80-----'
04272019 09:18:36 [INFO]: b'RX:B\x00'
04272019 09:18:36 [INFO]: b'TX:M\x15\x84\xa1t\xcd\x02o\xa1r\xcd\x07\xb1\xa1e\xcd\x03\xd9\xa1p\xcd\x15\x0f--'
04272019 09:18:36 [INFO]: b'RX:B\x00'
04272019 09:18:36 [INFO]: b'TX:M\x12\x83\xa1h\x00\xa1a\xce\x00\x89T@\xa1o\xce\x01\x12\xa8\x80-----'
04272019 09:18:36 [INFO]: b'RX:B\x00'
04272019 09:18:36 [INFO]: b'TX:M\x12\x83\xa1h\x00\xa1a\xce\x00\x89T@\xa1o\xce\x01\x12\xa8\x80-----'
04272019 09:18:37 [INFO]: b'RX:B\x00'
04272019 09:18:37 [INFO]: b'TX:M\x15\x84\xa1t\xcd\x02o\xa1r\xcd\x07\xb0\xa1e\xcd\x03\xd9\xa1p\xcd\x15\x0f--'
04272019 09:18:37 [INFO]: b'RX:B\x00'
04272019 09:18:37 [INFO]: b'TX:M\x12\x83\xa1h\x00\xa1a\xce\x00\x89T@\xa1o\xce\x01\x12\xa8\x80-----'
04272019 09:18:37 [INFO]: b'RX:B\x00'
04272019 09:18:37 [INFO]: b'TX:M\x15\x84\xa1t\xcd\x02o\xa1r\xcd\x07\xb0\xa1e\xcd\x03\xd9\xa1p\xcd\x15\x0f--'
04272019 09:18:38 [INFO]: b'RX:B\x00'
04272019 09:18:38 [INFO]: b'TX:M\x12\x83\xa1h\x00\xa1a\xce\x00\x89T@\xa1o\xce\x01\x12\xa8\x80-----'
04272019 09:18:38 [INFO]: b'RX:B\x00'
04272019 09:18:38 [INFO]: b'TX:M\x15\x84\xa1t\xcd\x02o\xa1r\xcd\x07\xb1\xa1e\xcd\x03\xd9\xa1p\xcd\x15\x0e--'
04272019 09:18:38 [INFO]: b'RX:B\x00'
04272019 09:18:38 [INFO]: b'TX:M\x12\x83\xa1h\x00\xa1a\xce\x00\x89T@\xa1o\xce\x01\x12\xa8\x80-----'
04272019 09:18:38 [INFO]: b'RX:B\x00'
04272019 09:18:38 [INFO]: b'TX:M\x15\x84\xa1t\xcd\x02o\xa1r\xcd\x07\xb1\xa1e\xcd\x03\xd9\xa1p\xcd\x15\x0e--'
04272019 09:18:39 [INFO]: b'RX:B\x00'
04272019 09:18:39 [ERROR]: Buffer overflow
04272019 09:18:39 [INFO]: b'TX:M\x12\x83\xa1h\x00\xa1a\xce\x00\x89T@\xa1o\xce\x01\x12\xa8\x80-----'
04272019 09:18:39 [INFO]: b'RX:B\x00'
04272019 09:18:39 [INFO]: b'TX:M\x15\x84\xa1t\xcd\x02o\xa1r\xcd\x07\xb1\xa1e\xcd\x03\xd9\xa1p\xcd\x15\x0e--'
04272019 09:18:39 [INFO]: b'RX:B\x00'
04272019 09:18:39 [INFO]: b'TX:M\x12\x83\xa1h\x00\xa1a\xce\x00\x89T@\xa1o\xce\x01\x12\xa8\x80-----'
04272019 09:18:40 [INFO]: b'RX:B\x00'
04272019 09:18:40 [INFO]: b'TX:M\x15\x84\xa1t\xcd\x02o\xa1r\xcd\x07\xb0\xa1e\xcd\x03\xd9\xa1p\xcd\x15\x0e--'
04272019 09:18:40 [INFO]: b'RX:B\x00'
04272019 09:18:40 [INFO]: b'TX:M\x12\x83\xa1h\x00\xa1a\xce\x00\x89T@\xa1o\xce\x01\x12\xa8\x80-----'
04272019 09:18:40 [INFO]: b'RX:B\x00'
04272019 09:18:40 [INFO]: b'TX:M\x15\x84\xa1t\xcd\x02o\xa1r\xcd\x07\xb0\xa1e\xcd\x03\xd9\xa1p\xcd\x15\x0e--'
04272019 09:18:40 [INFO]: b'RX:B\x00'
04272019 09:18:40 [INFO]: b'TX:M\x12\x83\xa1h\x00\xa1a\xce\x00\x89T@\xa1o\xce\x01\x12\xa8\x80-----'
04272019 09:18:41 [INFO]: b'RX:B\x00'
04272019 09:18:41 [INFO]: b'TX:M\x15\x84\xa1t\xcd\x02p\xa1r\xcd\x07\xaf\xa1e\xcd\x03\xd9\xa1p\xcd\x15\x0e--'
04272019 09:18:41 [INFO]: b'RX:B\x00'
04272019 09:18:41 [INFO]: b'TX:M\x12\x83\xa1h\x00\xa1a\xce\x00\x89T@\xa1o\xce\x01\x12\xa8\x80-----'
04272019 09:18:41 [INFO]: b'RX:B\x00'
04272019 09:18:41 [INFO]: b'TX:M\x15\x84\xa1t\xcd\x02p\xa1r\xcd\x07\xa7\xa1e\xcd\x03\xd9\xa1p\xcd\x15\x0e--'
04272019 09:18:42 [INFO]: b'RX:B\x00'
04272019 09:18:42 [INFO]: b'TX:M\x12\x83\xa1h\x00\xa1a\xce\x00\x89T@\xa1o\xce\x01\x12\xa8\x80-----'
04272019 09:18:42 [INFO]: b'RX:B\x00'
04272019 09:18:42 [INFO]: b'TX:M\x15\x84\xa1t\xcd\x02o\xa1r\xcd\x07\xa7\xa1e\xcd\x03\xd9\xa1p\xcd\x15\x0f--'
04272019 09:18:42 [INFO]: b'RX:B\x00'
04272019 09:18:42 [ERROR]: Buffer overflow
04272019 09:18:42 [INFO]: b'TX:M\x12\x83\xa1h\x00\xa1a\xce\x00\x89T@\xa1o\xce\x01\x12\xa8\x80-----'
04272019 09:18:42 [INFO]: b'RX:B\x00'
04272019 09:18:43 [INFO]: b'TX:M\x15\x84\xa1t\xcd\x02p\xa1r\xcd\x07\x9f\xa1e\xcd\x03\xda\xa1p\xcd\x15\x0e--'
04272019 09:18:43 [INFO]: b'RX:B\x00'
04272019 09:18:43 [INFO]: b'TX:M\x12\x83\xa1h\x00\xa1a\xce\x00\x89T@\xa1o\xce\x01\x12\xa8\x80-----'
04272019 09:18:43 [INFO]: b'RX:B\x00'
04272019 09:18:43 [INFO]: b'TX:M\x15\x84\xa1t\xcd\x02p\xa1r\xcd\x07\x9f\xa1e\xcd\x03\xda\xa1p\xcd\x15\x0f--'
04272019 09:18:43 [INFO]: b'RX:B\x00'
04272019 09:18:43 [INFO]: b'TX:M\x12\x83\xa1h\x00\xa1a\xce\x00\x89T@\xa1o\xce\x01\x12\xa8\x80-----'
04272019 09:18:44 [INFO]: b'RX:B\x00'
04272019 09:18:44 [INFO]: b'TX:M\x15\x84\xa1t\xcd\x02p\xa1r\xcd\x07\x9c\xa1e\xcd\x03\xda\xa1p\xcd\x15\x0f--'
04272019 09:18:44 [INFO]: b'RX:B\x00'
04272019 09:18:44 [INFO]: b'TX:M\x12\x83\xa1h\x00\xa1a\xce\x00\x89T@\xa1o\xce\x01\x12\xa8\x80-----'
04272019 09:18:44 [INFO]: b'RX:B\x00'
04272019 09:18:44 [INFO]: b'TX:M\x15\x84\xa1t\xcd\x02p\xa1r\xcd\x07\x9c\xa1e\xcd\x03\xda\xa1p\xcd\x15\x0f--'
04272019 09:18:44 [INFO]: b'RX:B\x00'
04272019 09:18:44 [INFO]: b'TX:M\x12\x83\xa1h\x00\xa1a\xce\x00\x89T@\xa1o\xce\x01\x12\xa8\x80-----'
04272019 09:18:45 [INFO]: b'RX:B\x00'
04272019 09:18:45 [INFO]: b'TX:M\x15\x84\xa1t\xcd\x02p\xa1r\xcd\x07\x96\xa1e\xcd\x03\xda\xa1p\xcd\x15\x0e--'
04272019 09:18:45 [INFO]: b'RX:B\x00'
04272019 09:18:45 [ERROR]: Buffer overflow
04272019 09:18:45 [INFO]: CMD: SLLRRCCC---
04272019 09:18:45 [INFO]: b'TX:SSLLRRCCC----------------'
04272019 09:18:45 [INFO]: b'RX:B\x00'
04272019 09:18:45 [INFO]: b'TX:SSLLRRCCC----------------'
04272019 09:18:46 [INFO]: b'RX:B\x00'
04272019 09:18:46 [INFO]: b'TX:SSLLRRCCC----------------'
04272019 09:18:46 [INFO]: b'RX:B\x00'
04272019 09:18:46 [INFO]: b'TX:SSLLRRCCC----------------'
04272019 09:18:46 [INFO]: b'RX:B\x00'
04272019 09:18:46 [INFO]: b'TX:SSLLRRCCC----------------'
04272019 09:18:47 [INFO]: b'RX:B\x00'
04272019 09:18:47 [INFO]: b'TX:M\x12\x83\xa1h\x00\xa1a\xce\x00\x89T@\xa1o\xce\x01\x12\xa8\x80-----'
04272019 09:18:47 [INFO]: b'RX:B\x00'
04272019 09:18:47 [ERROR]: Buffer overflow
04272019 09:18:47 [INFO]: b'TX:M\x15\x84\xa1t\xcd\x02p\xa1r\xcd\x07\x9d\xa1e\xcd\x03\xda\xa1p\xcd\x15\x0e--'
04272019 09:18:47 [INFO]: b'RX:B\x00'
04272019 09:18:47 [INFO]: b'TX:M\x12\x83\xa1h\x00\xa1a\xce\x00\x89T@\xa1o\xce\x01\x12\xa8\x80-----'
04272019 09:18:47 [INFO]: b'RX:B\x00'
04272019 09:18:47 [INFO]: b'TX:M\x15\x84\xa1t\xcd\x02p\xa1r\xcd\x07\x99\xa1e\xcd\x03\xda\xa1p\xcd\x15\x0e--'
04272019 09:18:48 [INFO]: b'RX:B\x00'
04272019 09:18:48 [INFO]: b'TX:M\x12\x83\xa1h\x00\xa1a\xce\x00\x89T@\xa1o\xce\x01\x12\xa8\x80-----'
04272019 09:18:48 [INFO]: b'RX:B\x00'
04272019 09:18:48 [INFO]: b'TX:M\x15\x84\xa1t\xcd\x02p\xa1r\xcd\x07\x8f\xa1e\xcd\x03\xdb\xa1p\xcd\x15\x0e--'
04272019 09:18:48 [INFO]: b'RX:B\x00'
04272019 09:18:48 [INFO]: b'TX:M\x15\x84\xa1t\xcd\x02p\xa1r\xcd\x07\x8f\xa1e\xcd\x03\xdb\xa1p\xcd\x15\x0f--'
04272019 09:18:49 [INFO]: b'RX:B\x00'
04272019 09:18:49 [INFO]: b'TX:M\x12\x83\xa1h\x00\xa1a\xce\x00\x89T@\xa1o\xce\x01\x12\xa8\x80-----'
04272019 09:18:49 [INFO]: b'RX:B\x00'
04272019 09:18:49 [INFO]: b'TX:M\x12\x83\xa1h\x00\xa1a\xce\x00\x89T@\xa1o\xce\x01\x12\xa8\x80-----'
04272019 09:18:49 [INFO]: b'RX:B\x00'
04272019 09:18:49 [INFO]: b'TX:M\x15\x84\xa1t\xcd\x02p\xa1r\xcd\x07\x88\xa1e\xcd\x03\xdb\xa1p\xcd\x15\x0e--'
04272019 09:18:49 [INFO]: b'RX:B\x00'
04272019 09:18:49 [INFO]: b'TX:M\x12\x83\xa1h\x00\xa1a\xce\x00\x89T@\xa1o\xce\x01\x12\xa8\x80-----'
04272019 09:18:50 [INFO]: b'RX:B\x00'
04272019 09:18:50 [INFO]: b'TX:M\x15\x84\xa1t\xcd\x02p\xa1r\xcd\x07\x88\xa1e\xcd\x03\xdb\xa1p\xcd\x15\x0e--'
04272019 09:18:50 [INFO]: b'RX:B\x00'
04272019 09:18:50 [ERROR]: Buffer overflow
04272019 09:18:50 [INFO]: b'TX:M\x12\x83\xa1h\x00\xa1a\xce\x00\x89T@\xa1o\xce\x01\x12\xa8\x80-----'
04272019 09:18:50 [INFO]: b'RX:B\x00'
04272019 09:18:50 [INFO]: b'TX:M\x15\x84\xa1t\xcd\x02q\xa1r\xcd\x07\x84\xa1e\xcd\x03\xdb\xa1p\xcd\x15\x0f--'
04272019 09:18:51 [INFO]: b'RX:B\x00'
04272019 09:18:51 [INFO]: b'TX:M\x12\x83\xa1h\x00\xa1a\xce\x00\x89T@\xa1o\xce\x01\x12\xa8\x80-----'
04272019 09:18:51 [INFO]: b'RX:B\x00'
04272019 09:18:51 [INFO]: b'TX:M\x15\x84\xa1t\xcd\x02q\xa1r\xcd\x07\x84\xa1e\xcd\x03\xdc\xa1p\xcd\x15\x0f--'
04272019 09:18:51 [INFO]: b'RX:B\x00'
04272019 09:18:51 [INFO]: b'TX:M\x12\x83\xa1h\x00\xa1a\xce\x00\x89T@\xa1o\xce\x01\x12\xa8\x80-----'
04272019 09:18:52 [INFO]: b'RX:B\x00'
04272019 09:18:52 [INFO]: b'TX:M\x15\x84\xa1t\xcd\x02q\xa1r\xcd\x07~\xa1e\xcd\x03\xdc\xa1p\xcd\x15\x0f--'
04272019 09:18:52 [INFO]: b'RX:B\x00'
04272019 09:18:52 [INFO]: b'TX:M\x12\x83\xa1h\x00\xa1a\xce\x00\x89T@\xa1o\xce\x01\x12\xa8\x80-----'
04272019 09:18:52 [INFO]: b'RX:B\x00'
04272019 09:18:52 [INFO]: b'TX:M\x15\x84\xa1t\xcd\x02q\xa1r\xcd\x07\x7f\xa1e\xcd\x03\xdc\xa1p\xcd\x15\x0f--'
04272019 09:18:52 [INFO]: b'RX:B\x00'
04272019 09:18:52 [INFO]: b'TX:M\x12\x83\xa1h\x00\xa1a\xce\x00\x89T@\xa1o\xce\x01\x12\xa8\x80-----'
04272019 09:18:53 [INFO]: b'RX:B\x00'
04272019 09:18:53 [INFO]: b'TX:M\x15\x84\xa1t\xcd\x02q\xa1r\xcd\x07\x7f\xa1e\xcd\x03\xdc\xa1p\xcd\x15\x0f--'
04272019 09:18:53 [INFO]: b'RX:B\x00'
04272019 09:18:53 [INFO]: b'TX:M\x12\x83\xa1h\x00\xa1a\xce\x00\x89T@\xa1o\xce\x01\x12\xa8\x80-----'
04272019 09:18:53 [INFO]: b'RX:B\x00'
04272019 09:18:53 [INFO]: b'TX:M\x15\x84\xa1t\xcd\x02q\xa1r\xcd\x07|\xa1e\xcd\x03\xdc\xa1p\xcd\x15\x0f--'
04272019 09:18:54 [INFO]: b'RX:B\x00'
04272019 09:18:54 [ERROR]: Buffer overflow
04272019 09:18:54 [INFO]: b'TX:M\x12\x83\xa1h\x00\xa1a\xce\x00\x89T@\xa1o\xce\x01\x12\xa8\x80-----'
04272019 09:18:54 [INFO]: b'RX:B\x00'
04272019 09:18:54 [INFO]: b'TX:M\x15\x84\xa1t\xcd\x02q\xa1r\xcd\x07z\xa1e\xcd\x03\xdc\xa1p\xcd\x15\x0e--'
04272019 09:18:54 [INFO]: b'RX:B\x00'
04272019 09:18:54 [INFO]: b'TX:M\x12\x83\xa1h\x00\xa1a\xce\x00\x89T@\xa1o\xce\x01\x12\xa8\x80-----'
04272019 09:18:54 [INFO]: b'RX:B\x00'
04272019 09:18:54 [INFO]: b'TX:M\x15\x84\xa1t\xcd\x02q\xa1r\xcd\x07z\xa1e\xcd\x03\xdc\xa1p\xcd\x15\x0f--'
04272019 09:18:55 [INFO]: b'RX:B\x00'
04272019 09:18:55 [INFO]: b'TX:M\x12\x83\xa1h\x00\xa1a\xce\x00\x89T@\xa1o\xce\x01\x12\xa8\x80-----'
04272019 09:18:55 [INFO]: b'RX:B\x00'
04272019 09:18:55 [INFO]: b'TX:M\x15\x84\xa1t\xcd\x02q\xa1r\xcd\x07x\xa1e\xcd\x03\xdc\xa1p\xcd\x15\x0f--'
04272019 09:18:55 [INFO]: b'RX:B\x00'
04272019 09:18:55 [INFO]: b'TX:M\x12\x83\xa1h\x00\xa1a\xce\x00\x89T@\xa1o\xce\x01\x12\xa8\x80-----'
04272019 09:18:56 [INFO]: b'RX:B\x00'
04272019 09:18:56 [INFO]: b'TX:M\x15\x84\xa1t\xcd\x02q\xa1r\xcd\x07x\xa1e\xcd\x03\xdc\xa1p\xcd\x15\x0f--'
04272019 09:18:56 [INFO]: b'RX:B\x00'
04272019 09:18:56 [INFO]: b'TX:M\x12\x83\xa1h\x00\xa1a\xce\x00\x89T@\xa1o\xce\x01\x12\xa8\x80-----'
04272019 09:18:56 [INFO]: b'RX:B\x00'
04272019 09:18:56 [INFO]: b'TX:M\x15\x84\xa1t\xcd\x02q\xa1r\xcd\x07v\xa1e\xcd\x03\xdc\xa1p\xcd\x15\x0f--'
04272019 09:18:56 [INFO]: b'RX:B\x00'
04272019 09:18:57 [INFO]: b'TX:M\x12\x83\xa1h\x00\xa1a\xce\x00\x89T@\xa1o\xce\x01\x12\xa8\x80-----'
04272019 09:18:57 [INFO]: b'RX:B\x00'
04272019 09:18:57 [INFO]: b'TX:M\x15\x84\xa1t\xcd\x02q\xa1r\xcd\x07v\xa1e\xcd\x03\xdc\xa1p\xcd\x15\x0e--'
04272019 09:18:57 [INFO]: b'RX:B\x00'
04272019 09:18:57 [ERROR]: Buffer overflow
04272019 09:18:57 [INFO]: b'TX:M\x12\x83\xa1h\x00\xa1a\xce\x00\x89T@\xa1o\xce\x01\x12\xa8\x80-----'
04272019 09:18:57 [INFO]: b'RX:B\x00'
04272019 09:18:57 [INFO]: b'TX:M\x15\x84\xa1t\xcd\x02q\xa1r\xcd\x07n\xa1e\xcd\x03\xdd\xa1p\xcd\x15\x0e--'
04272019 09:18:58 [INFO]: b'RX:B\x00'
04272019 09:18:58 [INFO]: b'TX:M\x12\x83\xa1h\x00\xa1a\xce\x00\x89T@\xa1o\xce\x01\x12\xa8\x80-----'
04272019 09:18:58 [INFO]: b'RX:B\x00'
04272019 09:18:58 [INFO]: b'TX:M\x15\x84\xa1t\xcd\x02q\xa1r\xcd\x07n\xa1e\xcd\x03\xdd\xa1p\xcd\x15\x0e--'
04272019 09:18:58 [INFO]: b'RX:B\x00'
04272019 09:18:58 [INFO]: b'TX:M\x12\x83\xa1h\x00\xa1a\xce\x00\x89T@\xa1o\xce\x01\x12\xa8\x80-----'
04272019 09:18:58 [INFO]: b'RX:B\x00'
04272019 09:18:59 [INFO]: b'TX:M\x15\x84\xa1t\xcd\x02q\xa1r\xcd\x07n\xa1e\xcd\x03\xdd\xa1p\xcd\x15\x0e--'
04272019 09:18:59 [INFO]: b'RX:B\x00'
04272019 09:18:59 [INFO]: b'TX:M\x12\x83\xa1h\x00\xa1a\xce\x00\x89T@\xa1o\xce\x01\x12\xa8\x80-----'
04272019 09:18:59 [INFO]: b'RX:B\x00'
04272019 09:18:59 [INFO]: b'TX:M\x15\x84\xa1t\xcd\x02q\xa1r\xcd\x07k\xa1e\xcd\x03\xdd\xa1p\xcd\x15\x0e--'
04272019 09:18:59 [INFO]: b'RX:B\x00'
04272019 09:18:59 [INFO]: b'TX:M\x12\x83\xa1h\x00\xa1a\xce\x00\x89T@\xa1o\xce\x01\x12\xa8\x80-----'
04272019 09:19:00 [INFO]: b'RX:B\x00'
04272019 09:19:00 [INFO]: b'TX:M\x15\x84\xa1t\xcd\x02q\xa1r\xcd\x07k\xa1e\xcd\x03\xdd\xa1p\xcd\x15\x0e--'
04272019 09:19:00 [INFO]: b'RX:B\x00'
04272019 09:19:00 [INFO]: b'TX:M\x12\x83\xa1h\x00\xa1a\xce\x00\x89T@\xa1o\xce\x01\x12\xa8\x80-----'
04272019 09:19:00 [INFO]: b'RX:B\x00'
04272019 09:19:00 [ERROR]: Buffer overflow
04272019 09:19:00 [INFO]: b'TX:M\x15\x84\xa1t\xcd\x02q\xa1r\xcd\x07f\xa1e\xcd\x03\xdd\xa1p\xcd\x15\x0e--'
04272019 09:19:01 [INFO]: b'RX:B\x00'
04272019 09:19:01 [INFO]: b'TX:M\x12\x83\xa1h\x00\xa1a\xce\x00\x89T@\xa1o\xce\x01\x12\xa8\x80-----'
04272019 09:19:01 [INFO]: b'RX:B\x00'
04272019 09:19:01 [INFO]: b'TX:M\x15\x84\xa1t\xcd\x02q\xa1r\xcd\x07f\xa1e\xcd\x03\xdd\xa1p\xcd\x15\x0e--'
04272019 09:19:01 [INFO]: b'RX:B\x00'
04272019 09:19:01 [INFO]: b'TX:M\x12\x83\xa1h\x00\xa1a\xce\x00\x89T@\xa1o\xce\x01\x12\xa8\x80-----'
04272019 09:19:02 [INFO]: b'RX:B\x00'
04272019 09:19:02 [INFO]: b'TX:M\x15\x84\xa1t\xcd\x02r\xa1r\xcd\x07e\xa1e\xcd\x03\xdd\xa1p\xcd\x15\x0e--'
04272019 09:19:02 [INFO]: b'RX:B\x00'
04272019 09:19:02 [INFO]: b'TX:M\x12\x83\xa1h\x00\xa1a\xce\x00\x89T@\xa1o\xce\x01\x12\xa8\x80-----'
04272019 09:19:02 [INFO]: b'RX:B\x00'
04272019 09:19:02 [INFO]: b'TX:M\x12\x83\xa1h\x00\xa1a\xce\x00\x89T@\xa1o\xce\x01\x12\xa8\x80-----'
04272019 09:19:02 [INFO]: b'RX:B\x00'
04272019 09:19:02 [INFO]: b'TX:M\x15\x84\xa1t\xcd\x02r\xa1r\xcd\x07d\xa1e\xcd\x03\xdd\xa1p\xcd\x15\x0e--'
04272019 09:19:03 [INFO]: b'RX:B\x00'
04272019 09:19:03 [INFO]: b'TX:M\x12\x83\xa1h\x00\xa1a\xce\x00\x89T@\xa1o\xce\x01\x12\xa8\x80-----'
04272019 09:19:03 [INFO]: b'RX:B\x00'
04272019 09:19:03 [INFO]: b'TX:M\x15\x84\xa1t\xcd\x02r\xa1r\xcd\x07d\xa1e\xcd\x03\xdd\xa1p\xcd\x15\x0e--'
04272019 09:19:03 [INFO]: b'RX:B\x00'
04272019 09:19:03 [INFO]: b'TX:M\x15\x84\xa1t\xcd\x02r\xa1r\xcd\x07c\xa1e\xcd\x03\xdd\xa1p\xcd\x15\x0e--'
04272019 09:19:04 [INFO]: b'RX:B\x00'
04272019 09:19:04 [ERROR]: Buffer overflow
04272019 09:19:04 [INFO]: b'TX:M\x12\x83\xa1h\x00\xa1a\xce\x00\x89T@\xa1o\xce\x01\x12\xa8\x80-----'
04272019 09:19:04 [INFO]: b'RX:B\x00'
04272019 09:19:04 [INFO]: b'TX:M\x15\x84\xa1t\xcd\x02r\xa1r\xcd\x07\\\xa1e\xcd\x03\xde\xa1p\xcd\x15\x0e--'
04272019 09:19:04 [INFO]: b'RX:B\x00'
04272019 09:19:04 [INFO]: b'TX:M\x12\x83\xa1h\x00\xa1a\xce\x00\x89T@\xa1o\xce\x01\x12\xa8\x80-----'
04272019 09:19:04 [INFO]: b'RX:B\x00'
04272019 09:19:05 [INFO]: b'TX:M\x15\x84\xa1t\xcd\x02r\xa1r\xcd\x07[\xa1e\xcd\x03\xde\xa1p\xcd\x15\x0e--'
04272019 09:19:05 [INFO]: b'RX:B\x00'
04272019 09:19:05 [INFO]: b'TX:M\x12\x83\xa1h\x00\xa1a\xce\x00\x89T@\xa1o\xce\x01\x12\xa8\x80-----'
04272019 09:19:05 [INFO]: b'RX:B\x00'
04272019 09:19:05 [INFO]: b'TX:M\x15\x84\xa1t\xcd\x02r\xa1r\xcd\x07Z\xa1e\xcd\x03\xde\xa1p\xcd\x15\x0e--'
04272019 09:19:05 [INFO]: b'RX:B\x00'
04272019 09:19:05 [INFO]: b'TX:M\x12\x83\xa1h\x00\xa1a\xce\x00\x89T@\xa1o\xce\x01\x12\xa8\x80-----'
04272019 09:19:06 [INFO]: b'TX:M\x15\x84\xa1t\xcd\x02r\xa1r\xcd\x07Z\xa1e\xcd\x03\xde\xa1p\xcd\x15\x0f--'
04272019 09:19:06 [INFO]: b'RX:B\x00'
04272019 09:19:06 [INFO]: b'TX:M\x12\x83\xa1h\x00\xa1a\xce\x00\x89T@\xa1o\xce\x01\x12\xa8\x80-----'
04272019 09:19:06 [INFO]: b'RX:B\x00'
04272019 09:19:06 [INFO]: b'TX:M\x15\x84\xa1t\xcd\x02r\xa1r\xcd\x07Y\xa1e\xcd\x03\xde\xa1p\xcd\x15\x0f--'
04272019 09:19:07 [INFO]: b'RX:B\x00'
04272019 09:19:07 [INFO]: b'TX:M\x12\x83\xa1h\x00\xa1a\xce\x00\x89T@\xa1o\xce\x01\x12\xa8\x80-----'
04272019 09:19:07 [INFO]: b'RX:B\x00'
04272019 09:19:07 [ERROR]: Buffer overflow
04272019 09:19:07 [INFO]: b'TX:M\x12\x83\xa1h\x00\xa1a\xce\x00\x89T@\xa1o\xce\x01\x12\xa8\x80-----'
04272019 09:19:07 [INFO]: b'RX:B\x00'
04272019 09:19:07 [INFO]: b'TX:M\x15\x84\xa1t\xcd\x02r\xa1r\xcd\x07X\xa1e\xcd\x03\xde\xa1p\xcd\x15\x0f--'
04272019 09:19:07 [INFO]: b'RX:B\x00'
04272019 09:19:07 [INFO]: b'TX:M\x12\x83\xa1h\x00\xa1a\xce\x00\x89T@\xa1o\xce\x01\x12\xa8\x80-----'
04272019 09:19:08 [INFO]: b'RX:B\x00'
04272019 09:19:08 [INFO]: b'TX:M\x15\x84\xa1t\xcd\x02r\xa1r\xcd\x07W\xa1e\xcd\x03\xde\xa1p\xcd\x15\x0e--'
04272019 09:19:08 [INFO]: b'RX:B\x00'
04272019 09:19:08 [INFO]: b'TX:M\x12\x83\xa1h\x00\xa1a\xce\x00\x89T@\xa1o\xce\x01\x12\xa8\x80-----'
04272019 09:19:08 [INFO]: b'RX:B\x00'
04272019 09:19:08 [INFO]: b'TX:M\x15\x84\xa1t\xcd\x02r\xa1r\xcd\x07W\xa1e\xcd\x03\xde\xa1p\xcd\x15\x0e--'
04272019 09:19:09 [INFO]: b'RX:B\x00'
04272019 09:19:09 [INFO]: b'TX:M\x12\x83\xa1h\x00\xa1a\xce\x00\x89T@\xa1o\xce\x01\x12\xa8\x80-----'
04272019 09:19:09 [INFO]: b'RX:B\x00'
04272019 09:19:09 [INFO]: b'TX:M\x15\x84\xa1t\xcd\x02r\xa1r\xcd\x07U\xa1e\xcd\x03\xde\xa1p\xcd\x15\x0e--'
04272019 09:19:09 [INFO]: b'RX:B\x00'
04272019 09:19:09 [INFO]: b'TX:M\x12\x83\xa1h\x00\xa1a\xce\x00\x89T@\xa1o\xce\x01\x12\xa8\x80-----'
04272019 09:19:09 [INFO]: b'RX:B\x00'
04272019 09:19:09 [INFO]: b'TX:M\x15\x84\xa1t\xcd\x02r\xa1r\xcd\x07S\xa1e\xcd\x03\xde\xa1p\xcd\x15\x0e--'
04272019 09:19:10 [INFO]: b'RX:B\x00'
04272019 09:19:10 [INFO]: b'TX:M\x12\x83\xa1h\x00\xa1a\xce\x00\x89T@\xa1o\xce\x01\x12\xa8\x80-----'
04272019 09:19:10 [INFO]: b'RX:B\x00'
04272019 09:19:10 [ERROR]: Buffer overflow
04272019 09:19:10 [INFO]: b'TX:M\x12\x83\xa1h\x00\xa1a\xce\x00\x89T@\xa1o\xce\x01\x12\xa8\x80-----'
04272019 09:19:10 [INFO]: b'RX:B\x00'
04272019 09:19:10 [INFO]: b'TX:M\x15\x84\xa1t\xcd\x02s\xa1r\xcd\x07Q\xa1e\xcd\x03\xde\xa1p\xcd\x15\x0e--'
04272019 09:19:11 [INFO]: b'RX:B\x00'
04272019 09:19:11 [INFO]: b'TX:M\x12\x83\xa1h\x00\xa1a\xce\x00\x89T@\xa1o\xce\x01\x12\xa8\x80-----'
04272019 09:19:11 [INFO]: b'RX:B\x00'
04272019 09:19:11 [INFO]: b'TX:M\x15\x84\xa1t\xcd\x02s\xa1r\xcd\x07Q\xa1e\xcd\x03\xde\xa1p\xcd\x15\x0e--'
04272019 09:19:11 [INFO]: b'RX:B\x00'
04272019 09:19:11 [INFO]: b'TX:M\x12\x83\xa1h\x00\xa1a\xce\x00\x89T@\xa1o\xce\x01\x12\xa8\x80-----'
04272019 09:19:12 [INFO]: b'RX:B\x00'
04272019 09:19:12 [INFO]: b'TX:M\x15\x84\xa1t\xcd\x02s\xa1r\xcd\x07P\xa1e\xcd\x03\xde\xa1p\xcd\x15\x0e--'
04272019 09:19:12 [INFO]: b'RX:B\x00'
04272019 09:19:12 [INFO]: b'TX:M\x12\x83\xa1h\x00\xa1a\xce\x00\x89T@\xa1o\xce\x01\x12\xa8\x80-----'
04272019 09:19:12 [INFO]: b'RX:B\x00'
04272019 09:19:12 [INFO]: b'TX:M\x15\x84\xa1t\xcd\x02s\xa1r\xcd\x07P\xa1e\xcd\x03\xde\xa1p\xcd\x15\x0e--'
04272019 09:19:12 [INFO]: b'RX:B\x00'
04272019 09:19:12 [INFO]: b'TX:M\x12\x83\xa1h\x00\xa1a\xce\x00\x89T@\xa1o\xce\x01\x12\xa8\x80-----'
04272019 09:19:13 [INFO]: b'RX:B\x00'
04272019 09:19:13 [INFO]: b'TX:M\x15\x84\xa1t\xcd\x02s\xa1r\xcd\x07P\xa1e\xcd\x03\xde\xa1p\xcd\x15\x0e--'
04272019 09:19:13 [INFO]: b'RX:B\x00'
04272019 09:19:13 [INFO]: b'TX:M\x12\x83\xa1h\x00\xa1a\xce\x00\x89T@\xa1o\xce\x01\x12\xa8\x80-----'
04272019 09:19:13 [INFO]: b'RX:B\x00'
04272019 09:19:13 [ERROR]: Buffer overflow
04272019 09:19:13 [INFO]: b'TX:M\x12\x83\xa1h\x00\xa1a\xce\x00\x89T@\xa1o\xce\x01\x12\xa8\x80-----'
04272019 09:19:14 [INFO]: b'RX:B\x00'
04272019 09:19:14 [INFO]: b'TX:M\x15\x84\xa1t\xcd\x02s\xa1r\xcd\x07I\xa1e\xcd\x03\xdf\xa1p\xcd\x15\x0e--'
04272019 09:19:14 [INFO]: b'RX:B\x00'
04272019 09:19:14 [INFO]: b'TX:M\x12\x83\xa1h\x00\xa1a\xce\x00\x89T@\xa1o\xce\x01\x12\xa8\x80-----'
04272019 09:19:14 [INFO]: b'RX:B\x00'
04272019 09:19:14 [INFO]: b'TX:M\x15\x84\xa1t\xcd\x02s\xa1r\xcd\x07I\xa1e\xcd\x03\xdf\xa1p\xcd\x15\x0e--'
04272019 09:19:14 [INFO]: b'RX:B\x00'
04272019 09:19:15 [INFO]: b'TX:M\x12\x83\xa1h\x00\xa1a\xce\x00\x89T@\xa1o\xce\x01\x12\xa8\x80-----'
04272019 09:19:15 [INFO]: b'RX:B\x00'
04272019 09:19:15 [INFO]: b'TX:M\x15\x84\xa1t\xcd\x02s\xa1r\xcd\x07H\xa1e\xcd\x03\xdf\xa1p\xcd\x15\x0e--'
04272019 09:19:15 [INFO]: b'RX:B\x00'
04272019 09:19:15 [INFO]: b'TX:M\x12\x83\xa1h\x00\xa1a\xce\x00\x89T@\xa1o\xce\x01\x12\xa8\x80-----'
04272019 09:19:15 [INFO]: b'RX:B\x00'
04272019 09:19:15 [INFO]: b'TX:M\x15\x84\xa1t\xcd\x02s\xa1r\xcd\x07H\xa1e\xcd\x03\xdf\xa1p\xcd\x15\x0e--'
04272019 09:19:16 [INFO]: b'RX:B\x00'
04272019 09:19:16 [INFO]: b'TX:M\x12\x83\xa1h\x00\xa1a\xce\x00\x89T@\xa1o\xce\x01\x12\xa8\x80-----'
04272019 09:19:16 [INFO]: b'RX:B\x00'
04272019 09:19:16 [INFO]: b'TX:M\x15\x84\xa1t\xcd\x02s\xa1r\xcd\x07I\xa1e\xcd\x03\xdf\xa1p\xcd\x15\x0e--'
04272019 09:19:16 [INFO]: b'RX:B\x00'
04272019 09:19:16 [INFO]: b'TX:M\x12\x83\xa1h\x00\xa1a\xce\x00\x89T@\xa1o\xce\x01\x12\xa8\x80-----'
04272019 09:19:16 [INFO]: b'RX:B\x00'
04272019 09:19:17 [INFO]: b'TX:M\x15\x84\xa1t\xcd\x02s\xa1r\xcd\x07H\xa1e\xcd\x03\xdf\xa1p\xcd\x15\x0e--'
04272019 09:19:17 [INFO]: b'RX:B\x00'
04272019 09:19:17 [ERROR]: Buffer overflow
04272019 09:19:17 [INFO]: b'TX:M\x15\x84\xa1t\xcd\x02t\xa1r\xcd\x07G\xa1e\xcd\x03\xdf\xa1p\xcd\x15\x0f--'
04272019 09:19:17 [INFO]: b'RX:B\x00'
04272019 09:19:17 [INFO]: b'TX:M\x12\x83\xa1h\x00\xa1a\xce\x00\x89T@\xa1o\xce\x01\x12\xa8\x80-----'
04272019 09:19:17 [INFO]: b'RX:B\x00'
04272019 09:19:17 [INFO]: b'TX:M\x15\x84\xa1t\xcd\x02t\xa1r\xcd\x07I\xa1e\xcd\x03\xdf\xa1p\xcd\x15\x0f--'
04272019 09:19:18 [INFO]: b'RX:B\x00'
04272019 09:19:18 [INFO]: b'TX:M\x12\x83\xa1h\x00\xa1a\xce\x00\x89T@\xa1o\xce\x01\x12\xa8\x80-----'
04272019 09:19:18 [INFO]: b'RX:B\x00'
04272019 09:19:18 [INFO]: b'TX:M\x15\x84\xa1t\xcd\x02s\xa1r\xcd\x07I\xa1e\xcd\x03\xdf\xa1p\xcd\x15\x0e--'
04272019 09:19:18 [INFO]: b'RX:B\x00'
04272019 09:19:18 [INFO]: b'TX:M\x12\x83\xa1h\x00\xa1a\xce\x00\x89T@\xa1o\xce\x01\x12\xa8\x80-----'
04272019 09:19:18 [INFO]: b'RX:B\x00'
04272019 09:19:19 [INFO]: b'TX:M\x15\x84\xa1t\xcd\x02s\xa1r\xcd\x07T\xa1e\xcd\x03\xde\xa1p\xcd\x15\x0e--'
04272019 09:19:19 [INFO]: b'RX:B\x00'
04272019 09:19:19 [INFO]: b'TX:M\x12\x83\xa1h\x00\xa1a\xce\x00\x89T@\xa1o\xce\x01\x12\xa8\x80-----'
04272019 09:19:19 [INFO]: b'RX:B\x00'
04272019 09:19:19 [INFO]: b'TX:M\x15\x84\xa1t\xcd\x02s\xa1r\xcd\x07V\xa1e\xcd\x03\xde\xa1p\xcd\x15\x0e--'
04272019 09:19:19 [INFO]: b'RX:B\x00'
04272019 09:19:19 [INFO]: b'TX:M\x12\x83\xa1h\x00\xa1a\xce\x00\x89T@\xa1o\xce\x01\x12\xa8\x80-----'
04272019 09:19:20 [INFO]: b'RX:B\x00'
04272019 09:19:20 [INFO]: b'TX:M\x12\x83\xa1h\x00\xa1a\xce\x00\x89T@\xa1o\xce\x01\x12\xa8\x80-----'
04272019 09:19:20 [INFO]: b'RX:B\x00'
04272019 09:19:20 [ERROR]: Buffer overflow
04272019 09:19:20 [INFO]: b'TX:M\x15\x84\xa1t\xcd\x02t\xa1r\xcd\x07W\xa1e\xcd\x03\xde\xa1p\xcd\x15\x0e--'
04272019 09:19:20 [INFO]: b'RX:B\x00'
04272019 09:19:20 [INFO]: b'TX:M\x12\x83\xa1h\x00\xa1a\xce\x00\x89T@\xa1o\xce\x01\x12\xa8\x80-----'
04272019 09:19:21 [INFO]: b'RX:B\x00'
04272019 09:19:21 [INFO]: b'TX:M\x15\x84\xa1t\xcd\x02t\xa1r\xcd\x07Y\xa1e\xcd\x03\xde\xa1p\xcd\x15\x0e--'
04272019 09:19:21 [INFO]: b'RX:B\x00'
04272019 09:19:21 [INFO]: b'TX:M\x12\x83\xa1h\x00\xa1a\xce\x00\x89T@\xa1o\xce\x01\x12\xa8\x80-----'
04272019 09:19:21 [INFO]: b'RX:B\x00'
04272019 09:19:21 [INFO]: b'TX:M\x15\x84\xa1t\xcd\x02t\xa1r\xcd\x07Y\xa1e\xcd\x03\xde\xa1p\xcd\x15\x0f--'
04272019 09:19:22 [INFO]: b'RX:B\x00'
04272019 09:19:22 [INFO]: b'TX:M\x12\x83\xa1h\x00\xa1a\xce\x00\x89T@\xa1o\xce\x01\x12\xa8\x80-----'
04272019 09:19:22 [INFO]: b'RX:B\x00'
04272019 09:19:22 [INFO]: b'TX:M\x15\x84\xa1t\xcd\x02t\xa1r\xcd\x07X\xa1e\xcd\x03\xde\xa1p\xcd\x15\x0f--'
04272019 09:19:22 [INFO]: b'RX:B\x00'
04272019 09:19:22 [INFO]: b'TX:M\x12\x83\xa1h\x00\xa1a\xce\x00\x89T@\xa1o\xce\x01\x12\xa8\x80-----'
04272019 09:19:22 [INFO]: b'RX:B\x00'
04272019 09:19:22 [INFO]: b'TX:M\x15\x84\xa1t\xcd\x02t\xa1r\xcd\x07X\xa1e\xcd\x03\xde\xa1p\xcd\x15\x0f--'
04272019 09:19:23 [INFO]: b'RX:B\x00'
04272019 09:19:23 [INFO]: b'TX:M\x12\x83\xa1h\x00\xa1a\xce\x00\x89T@\xa1o\xce\x01\x12\xa8\x80-----'
04272019 09:19:23 [INFO]: b'RX:B\x00'
04272019 09:19:23 [INFO]: b'TX:M\x15\x84\xa1t\xcd\x02t\xa1r\xcd\x07]\xa1e\xcd\x03\xde\xa1p\xcd\x15\x0e--'
04272019 09:19:23 [ERROR]: Buffer overflow
04272019 09:19:23 [INFO]: b'RX:B\x00'
04272019 09:19:23 [INFO]: b'TX:M\x12\x83\xa1h\x00\xa1a\xce\x00\x89T@\xa1o\xce\x01\x12\xa8\x80-----'
04272019 09:19:24 [INFO]: b'RX:B\x00'
04272019 09:19:24 [INFO]: b'TX:M\x15\x84\xa1t\xcd\x02t\xa1r\xcd\x07d\xa1e\xcd\x03\xdd\xa1p\xcd\x15\x0f--'
04272019 09:19:24 [INFO]: b'RX:B\x00'
04272019 09:19:24 [INFO]: b'TX:M\x12\x83\xa1h\x00\xa1a\xce\x00\x89T@\xa1o\xce\x01\x12\xa8\x80-----'
04272019 09:19:24 [INFO]: b'RX:B\x00'
04272019 09:19:24 [INFO]: b'TX:M\x15\x84\xa1t\xcd\x02t\xa1r\xcd\x07d\xa1e\xcd\x03\xdd\xa1p\xcd\x15\x0e--'
04272019 09:19:24 [INFO]: b'RX:B\x00'
04272019 09:19:25 [INFO]: b'TX:M\x12\x83\xa1h\x00\xa1a\xce\x00\x89T@\xa1o\xce\x01\x12\xa8\x80-----'
04272019 09:19:25 [INFO]: b'RX:B\x00'
04272019 09:19:25 [INFO]: b'TX:M\x15\x84\xa1t\xcd\x02t\xa1r\xcd\x07h\xa1e\xcd\x03\xdd\xa1p\xcd\x15\x0e--'
04272019 09:19:25 [INFO]: b'RX:B\x00'
04272019 09:19:25 [INFO]: b'TX:M\x12\x83\xa1h\x00\xa1a\xce\x00\x89T@\xa1o\xce\x01\x12\xa8\x80-----'
04272019 09:19:25 [INFO]: b'RX:B\x00'
04272019 09:19:25 [INFO]: b'TX:M\x15\x84\xa1t\xcd\x02t\xa1r\xcd\x07h\xa1e\xcd\x03\xdd\xa1p\xcd\x15\x0f--'
04272019 09:19:26 [INFO]: b'RX:B\x00'
04272019 09:19:26 [INFO]: b'TX:M\x12\x83\xa1h\x00\xa1a\xce\x00\x89T@\xa1o\xce\x01\x12\xa8\x80-----'
04272019 09:19:26 [INFO]: b'RX:B\x00'
04272019 09:19:26 [INFO]: b'TX:M\x15\x84\xa1t\xcd\x02t\xa1r\xcd\x07n\xa1e\xcd\x03\xdd\xa1p\xcd\x15\x0e--'
04272019 09:19:26 [INFO]: b'RX:B\x00'
04272019 09:19:26 [INFO]: b'TX:M\x12\x83\xa1h\x00\xa1a\xce\x00\x89T@\xa1o\xce\x01\x12\xa8\x80-----'
04272019 09:19:26 [INFO]: b'RX:B\x00'
04272019 09:19:27 [INFO]: b'TX:M\x15\x84\xa1t\xcd\x02t\xa1r\xcd\x07n\xa1e\xcd\x03\xdd\xa1p\xcd\x15\x0e--'
04272019 09:19:27 [INFO]: b'RX:B\x00'
04272019 09:19:27 [ERROR]: Buffer overflow
04272019 09:19:27 [INFO]: b'TX:M\x12\x83\xa1h\x00\xa1a\xce\x00\x89T@\xa1o\xce\x01\x12\xa8\x80-----'
04272019 09:19:27 [INFO]: b'RX:B\x00'
04272019 09:19:27 [INFO]: b'TX:M\x15\x84\xa1t\xcd\x02t\xa1r\xcd\x07q\xa1e\xcd\x03\xdc\xa1p\xcd\x15\x0f--'
04272019 09:19:27 [INFO]: b'RX:B\x00'
04272019 09:19:27 [INFO]: b'TX:M\x12\x83\xa1h\x00\xa1a\xce\x00\x89T@\xa1o\xce\x01\x12\xa8\x80-----'
04272019 09:19:28 [INFO]: b'RX:B\x00'
04272019 09:19:28 [INFO]: b'TX:M\x15\x84\xa1t\xcd\x02t\xa1r\xcd\x07r\xa1e\xcd\x03\xdc\xa1p\xcd\x15\x0f--'
04272019 09:19:28 [INFO]: b'RX:B\x00'
04272019 09:19:28 [INFO]: b'TX:M\x12\x83\xa1h\x00\xa1a\xce\x00\x89T@\xa1o\xce\x01\x12\xa8\x80-----'
04272019 09:19:28 [INFO]: b'RX:B\x00'
04272019 09:19:28 [INFO]: b'TX:M\x15\x84\xa1t\xcd\x02t\xa1r\xcd\x07r\xa1e\xcd\x03\xdc\xa1p\xcd\x15\x0f--'
04272019 09:19:28 [INFO]: b'RX:B\x00'
04272019 09:19:29 [INFO]: b'TX:M\x12\x83\xa1h\x00\xa1a\xce\x00\x89T@\xa1o\xce\x01\x12\xa8\x80-----'
04272019 09:19:29 [INFO]: b'RX:B\x00'
04272019 09:19:29 [INFO]: b'TX:M\x15\x84\xa1t\xcd\x02u\xa1r\xcd\x07u\xa1e\xcd\x03\xdc\xa1p\xcd\x15\x0f--'
04272019 09:19:29 [INFO]: b'RX:B\x00'
04272019 09:19:29 [INFO]: b'TX:M\x12\x83\xa1h\x00\xa1a\xce\x00\x89T@\xa1o\xce\x01\x12\xa8\x80-----'
04272019 09:19:29 [INFO]: b'RX:B\x00'
04272019 09:19:29 [INFO]: b'TX:M\x15\x84\xa1t\xcd\x02u\xa1r\xcd\x07u\xa1e\xcd\x03\xdc\xa1p\xcd\x15\x0f--'
04272019 09:19:30 [INFO]: b'RX:B\x00'
04272019 09:19:30 [INFO]: b'TX:M\x12\x83\xa1h\x00\xa1a\xce\x00\x89T@\xa1o\xce\x01\x12\xa8\x80-----'
04272019 09:19:30 [INFO]: b'RX:B\x00'
04272019 09:19:30 [INFO]: b'TX:M\x15\x84\xa1t\xcd\x02u\xa1r\xcd\x07t\xa1e\xcd\x03\xdc\xa1p\xcd\x15\x0f--'
04272019 09:19:30 [INFO]: b'RX:B\x00'
04272019 09:19:30 [ERROR]: Buffer overflow
04272019 09:19:30 [INFO]: b'TX:M\x12\x83\xa1h\x00\xa1a\xce\x00\x89T@\xa1o\xce\x01\x12\xa8\x80-----'
04272019 09:19:31 [INFO]: b'RX:B\x00'
04272019 09:19:31 [INFO]: b'TX:M\x15\x84\xa1t\xcd\x02s\xa1r\xcd\x07w\xa1e\xcd\x03\xdc\xa1p\xcd\x15\x0e--'
04272019 09:19:31 [INFO]: b'RX:B\x00'
04272019 09:19:31 [INFO]: b'TX:M\x12\x83\xa1h\x00\xa1a\xce\x00\x89T@\xa1o\xce\x01\x12\xa8\x80-----'
04272019 09:19:31 [INFO]: b'RX:B\x00'
04272019 09:19:31 [INFO]: b'TX:M\x15\x84\xa1t\xcd\x02s\xa1r\xcd\x07w\xa1e\xcd\x03\xdc\xa1p\xcd\x15\x0e--'
04272019 09:19:31 [INFO]: b'RX:B\x00'
04272019 09:19:32 [INFO]: b'TX:M\x12\x83\xa1h\x00\xa1a\xce\x00\x89T@\xa1o\xce\x01\x12\xa8\x80-----'
04272019 09:19:32 [INFO]: b'RX:B\x00'
04272019 09:19:32 [INFO]: b'TX:M\x15\x84\xa1t\xcd\x02s\xa1r\xcd\x07x\xa1e\xcd\x03\xdc\xa1p\xcd\x15\x0e--'
04272019 09:19:32 [INFO]: b'RX:B\x00'
04272019 09:19:32 [INFO]: b'TX:M\x12\x83\xa1h\x00\xa1a\xce\x00\x89T@\xa1o\xce\x01\x12\xa8\x80-----'
04272019 09:19:32 [INFO]: b'RX:B\x00'
04272019 09:19:32 [INFO]: b'TX:M\x15\x84\xa1t\xcd\x02s\xa1r\xcd\x07x\xa1e\xcd\x03\xdc\xa1p\xcd\x15\x0e--'
04272019 09:19:33 [INFO]: b'RX:B\x00'
04272019 09:19:33 [INFO]: b'TX:M\x12\x83\xa1h\x00\xa1a\xce\x00\x89T@\xa1o\xce\x01\x12\xa8\x80-----'
04272019 09:19:33 [INFO]: b'RX:B\x00'
04272019 09:19:33 [INFO]: b'TX:M\x15\x84\xa1t\xcd\x02s\xa1r\xcd\x07{\xa1e\xcd\x03\xdc\xa1p\xcd\x15\x0e--'
04272019 09:19:33 [INFO]: b'RX:B\x00'
04272019 09:19:33 [ERROR]: Buffer overflow
04272019 09:19:33 [INFO]: b'TX:M\x12\x83\xa1h\x00\xa1a\xce\x00\x89T@\xa1o\xce\x01\x12\xa8\x80-----'
04272019 09:19:33 [INFO]: b'RX:B\x00'
04272019 09:19:34 [INFO]: b'TX:M\x15\x84\xa1t\xcd\x02t\xa1r\xcd\x07\x81\xa1e\xcd\x03\xdc\xa1p\xcd\x15\x0f--'
04272019 09:19:34 [INFO]: b'RX:B\x00'
04272019 09:19:34 [INFO]: b'TX:M\x12\x83\xa1h\x00\xa1a\xce\x00\x89T@\xa1o\xce\x01\x12\xa8\x80-----'
04272019 09:19:34 [INFO]: b'RX:B\x00'
04272019 09:19:34 [INFO]: b'TX:M\x15\x84\xa1t\xcd\x02t\xa1r\xcd\x07\x81\xa1e\xcd\x03\xdc\xa1p\xcd\x15\x0f--'
04272019 09:19:34 [INFO]: b'RX:B\x00'
04272019 09:19:34 [INFO]: b'TX:M\x12\x83\xa1h\x00\xa1a\xce\x00\x89T@\xa1o\xce\x01\x12\xa8\x80-----'
04272019 09:19:35 [INFO]: b'RX:B\x00'
04272019 09:19:35 [INFO]: b'TX:M\x15\x84\xa1t\xcd\x02t\xa1r\xcd\x07\x82\xa1e\xcd\x03\xdc\xa1p\xcd\x15\x0f--'
04272019 09:19:35 [INFO]: b'RX:B\x00'
04272019 09:19:35 [INFO]: b'TX:M\x12\x83\xa1h\x00\xa1a\xce\x00\x89T@\xa1o\xce\x01\x12\xa8\x80-----'
04272019 09:19:35 [INFO]: b'RX:B\x00'
04272019 09:19:35 [INFO]: b'TX:M\x15\x84\xa1t\xcd\x02t\xa1r\xcd\x07\x82\xa1e\xcd\x03\xdc\xa1p\xcd\x15\x0f--'
04272019 09:19:35 [INFO]: b'RX:B\x00'
04272019 09:19:36 [INFO]: b'TX:M\x12\x83\xa1h\x00\xa1a\xce\x00\x89T@\xa1o\xce\x01\x12\xa8\x80-----'
04272019 09:19:36 [INFO]: b'RX:B\x00'
04272019 09:19:36 [INFO]: b'TX:M\x12\x83\xa1h\x00\xa1a\xce\x00\x89T@\xa1o\xce\x01\x12\xa8\x80-----'
04272019 09:19:36 [INFO]: b'RX:B\x00'
04272019 09:19:36 [INFO]: b'TX:M\x15\x84\xa1t\xcd\x02t\xa1r\xcd\x07\x83\xa1e\xcd\x03\xdc\xa1p\xcd\x15\x0f--'
04272019 09:19:36 [INFO]: b'RX:B\x00'
04272019 09:19:36 [INFO]: b'TX:M\x12\x83\xa1h\x00\xa1a\xce\x00\x89T@\xa1o\xce\x01\x12\xa8\x80-----'
04272019 09:19:37 [INFO]: b'RX:B\x00'
04272019 09:19:37 [ERROR]: Buffer overflow
04272019 09:19:37 [INFO]: b'TX:M\x12\x83\xa1h\x00\xa1a\xce\x00\x89T@\xa1o\xce\x01\x12\xa8\x80-----'
04272019 09:19:37 [INFO]: b'RX:B\x00'
04272019 09:19:37 [INFO]: b'TX:M\x15\x84\xa1t\xcd\x02t\xa1r\xcd\x07\x86\xa1e\xcd\x03\xdb\xa1p\xcd\x15\x0e--'
04272019 09:19:37 [INFO]: b'RX:B\x00'
04272019 09:19:37 [INFO]: b'TX:M\x12\x83\xa1h\x00\xa1a\xce\x00\x89T@\xa1o\xce\x01\x12\xa8\x80-----'
04272019 09:19:38 [INFO]: b'RX:B\x00'
04272019 09:19:38 [INFO]: b'TX:M\x15\x84\xa1t\xcd\x02t\xa1r\xcd\x07\x88\xa1e\xcd\x03\xdb\xa1p\xcd\x15\x0e--'
04272019 09:19:38 [INFO]: b'RX:B\x00'
04272019 09:19:38 [INFO]: b'TX:M\x12\x83\xa1h\x00\xa1a\xce\x00\x89T@\xa1o\xce\x01\x12\xa8\x80-----'
04272019 09:19:38 [INFO]: b'RX:B\x00'
04272019 09:19:38 [INFO]: b'TX:M\x15\x84\xa1t\xcd\x02u\xa1r\xcd\x07\x88\xa1e\xcd\x03\xdb\xa1p\xcd\x15\x0f--'
04272019 09:19:38 [INFO]: b'RX:B\x00'
04272019 09:19:39 [INFO]: b'TX:M\x12\x83\xa1h\x00\xa1a\xce\x00\x89T@\xa1o\xce\x01\x12\xa8\x80-----'
04272019 09:19:39 [INFO]: b'RX:B\x00'
04272019 09:19:39 [INFO]: b'TX:M\x15\x84\xa1t\xcd\x02u\xa1r\xcd\x07\x89\xa1e\xcd\x03\xdb\xa1p\xcd\x15\x0f--'
04272019 09:19:39 [INFO]: b'RX:B\x00'
04272019 09:19:39 [INFO]: b'TX:M\x12\x83\xa1h\x00\xa1a\xce\x00\x89T@\xa1o\xce\x01\x12\xa8\x80-----'
04272019 09:19:39 [INFO]: b'RX:B\x00'
04272019 09:19:39 [INFO]: b'TX:M\x15\x84\xa1t\xcd\x02t\xa1r\xcd\x07\x89\xa1e\xcd\x03\xdb\xa1p\xcd\x15\x0e--'
04272019 09:19:40 [INFO]: b'RX:B\x00'
04272019 09:19:40 [INFO]: b'TX:M\x12\x83\xa1h\x00\xa1a\xce\x00\x89T@\xa1o\xce\x01\x12\xa8\x80-----'
04272019 09:19:40 [INFO]: b'RX:B\x00'
04272019 09:19:40 [INFO]: b'TX:M\x15\x84\xa1t\xcd\x02u\xa1r\xcd\x07\x89\xa1e\xcd\x03\xdb\xa1p\xcd\x15\x0f--'
04272019 09:19:40 [INFO]: b'RX:B\x00'
04272019 09:19:40 [ERROR]: Buffer overflow
04272019 09:19:40 [INFO]: b'TX:M\x12\x83\xa1h\x00\xa1a\xce\x00\x89T@\xa1o\xce\x01\x12\xa8\x80-----'
04272019 09:19:41 [INFO]: b'RX:B\x00'
04272019 09:19:41 [INFO]: b'TX:M\x12\x83\xa1h\x00\xa1a\xce\x00\x89T@\xa1o\xce\x01\x12\xa8\x80-----'
04272019 09:19:41 [INFO]: b'RX:B\x00'
04272019 09:19:41 [INFO]: b'TX:M\x15\x84\xa1t\xcd\x02u\xa1r\xcd\x07\x8c\xa1e\xcd\x03\xdb\xa1p\xcd\x15\x0f--'
04272019 09:19:41 [INFO]: b'RX:B\x00'
04272019 09:19:41 [INFO]: b'TX:M\x15\x84\xa1t\xcd\x02u\xa1r\xcd\x07\x8c\xa1e\xcd\x03\xdb\xa1p\xcd\x15\x0f--'
04272019 09:19:41 [INFO]: b'RX:B\x00'
04272019 09:19:42 [INFO]: b'TX:M\x12\x83\xa1h\x00\xa1a\xce\x00\x89T@\xa1o\xce\x01\x12\xa8\x80-----'
04272019 09:19:42 [INFO]: b'RX:B\x00'
04272019 09:19:42 [INFO]: b'TX:M\x15\x84\xa1t\xcd\x02u\xa1r\xcd\x07\x8c\xa1e\xcd\x03\xdb\xa1p\xcd\x15\x0f--'
04272019 09:19:42 [INFO]: b'RX:B\x00'
04272019 09:19:42 [INFO]: b'TX:M\x12\x83\xa1h\x00\xa1a\xce\x00\x89T@\xa1o\xce\x01\x12\xa8\x80-----'
04272019 09:19:42 [INFO]: b'RX:B\x00'
04272019 09:19:42 [INFO]: b'TX:M\x15\x84\xa1t\xcd\x02u\xa1r\xcd\x07\x8c\xa1e\xcd\x03\xdb\xa1p\xcd\x15\x0e--'
04272019 09:19:43 [INFO]: b'RX:B\x00'
04272019 09:19:43 [INFO]: b'TX:M\x12\x83\xa1h\x00\xa1a\xce\x00\x89T@\xa1o\xce\x01\x12\xa8\x80-----'
04272019 09:19:43 [INFO]: b'RX:B\x00'
04272019 09:19:43 [INFO]: b'TX:M\x15\x84\xa1t\xcd\x02u\xa1r\xcd\x07\x8a\xa1e\xcd\x03\xdb\xa1p\xcd\x15\x0f--'
04272019 09:19:43 [INFO]: b'RX:B\x00'
04272019 09:19:43 [ERROR]: Buffer overflow
04272019 09:19:43 [INFO]: b'TX:M\x12\x83\xa1h\x00\xa1a\xce\x00\x89T@\xa1o\xce\x01\x12\xa8\x80-----'
04272019 09:19:44 [INFO]: b'RX:B\x00'
04272019 09:19:44 [INFO]: b'TX:M\x15\x84\xa1t\xcd\x02u\xa1r\xcd\x07\x8c\xa1e\xcd\x03\xdb\xa1p\xcd\x15\x0e--'
04272019 09:19:44 [INFO]: b'RX:B\x00'
04272019 09:19:44 [INFO]: b'TX:M\x12\x83\xa1h\x00\xa1a\xce\x00\x89T@\xa1o\xce\x01\x12\xa8\x80-----'
04272019 09:19:44 [INFO]: b'RX:B\x00'
04272019 09:19:44 [INFO]: b'TX:M\x15\x84\xa1t\xcd\x02u\xa1r\xcd\x07\x8c\xa1e\xcd\x03\xdb\xa1p\xcd\x15\x0e--'
04272019 09:19:44 [INFO]: b'RX:B\x00'
04272019 09:19:44 [INFO]: b'TX:M\x12\x83\xa1h\x00\xa1a\xce\x00\x89T@\xa1o\xce\x01\x12\xa8\x80-----'
04272019 09:19:45 [INFO]: b'RX:B\x00'
04272019 09:19:45 [INFO]: b'TX:M\x15\x84\xa1t\xcd\x02u\xa1r\xcd\x07\x8d\xa1e\xcd\x03\xdb\xa1p\xcd\x15\x0e--'
04272019 09:19:45 [INFO]: b'RX:B\x00'
04272019 09:19:45 [INFO]: b'TX:M\x12\x83\xa1h\x00\xa1a\xce\x00\x89T@\xa1o\xce\x01\x12\xa8\x80-----'
04272019 09:19:45 [INFO]: b'RX:B\x00'
04272019 09:19:45 [INFO]: b'TX:M\x12\x83\xa1h\x00\xa1a\xce\x00\x89T@\xa1o\xce\x01\x12\xa8\x80-----'
04272019 09:19:46 [INFO]: b'RX:B\x00'
04272019 09:19:46 [INFO]: b'TX:M\x15\x84\xa1t\xcd\x02u\xa1r\xcd\x07\x8d\xa1e\xcd\x03\xdb\xa1p\xcd\x15\x0e--'
04272019 09:19:46 [INFO]: b'RX:B\x00'
04272019 09:19:46 [INFO]: b'TX:M\x12\x83\xa1h\x00\xa1a\xce\x00\x89T@\xa1o\xce\x01\x12\xa8\x80-----'
04272019 09:19:46 [INFO]: b'RX:B\x00'
04272019 09:19:46 [INFO]: b'TX:M\x15\x84\xa1t\xcd\x02u\xa1r\xcd\x07\x8d\xa1e\xcd\x03\xdb\xa1p\xcd\x15\x0e--'
04272019 09:19:46 [INFO]: b'RX:B\x00'
04272019 09:19:47 [INFO]: b'TX:M\x12\x83\xa1h\x00\xa1a\xce\x00\x89T@\xa1o\xce\x01\x12\xa8\x80-----'
04272019 09:19:47 [INFO]: b'RX:B\x00'
04272019 09:19:47 [ERROR]: Buffer overflow
04272019 09:19:47 [INFO]: b'TX:M\x12\x83\xa1h\x00\xa1a\xce\x00\x89T@\xa1o\xce\x01\x12\xa8\x80-----'
04272019 09:19:47 [INFO]: b'RX:B\x00'
04272019 09:19:47 [INFO]: b'TX:M\x12\x83\xa1h\x00\xa1a\xce\x00\x89T@\xa1o\xce\x01\x12\xa8\x80-----'
04272019 09:19:47 [INFO]: b'RX:B\x00'
04272019 09:19:47 [INFO]: b'TX:M\x15\x84\xa1t\xcd\x02u\xa1r\xcd\x07\x8e\xa1e\xcd\x03\xdb\xa1p\xcd\x15\x0f--'
04272019 09:19:48 [INFO]: b'RX:B\x00'
04272019 09:19:48 [INFO]: b'TX:M\x15\x84\xa1t\xcd\x02u\xa1r\xcd\x07\x8e\xa1e\xcd\x03\xdb\xa1p\xcd\x15\x0f--'
04272019 09:19:48 [INFO]: b'RX:B\x00'
04272019 09:19:48 [INFO]: b'TX:M\x12\x83\xa1h\x00\xa1a\xce\x00\x89T@\xa1o\xce\x01\x12\xa8\x80-----'
04272019 09:19:48 [INFO]: b'RX:B\x00'
04272019 09:19:48 [INFO]: b'TX:M\x15\x84\xa1t\xcd\x02u\xa1r\xcd\x07\x8c\xa1e\xcd\x03\xdb\xa1p\xcd\x15\x0e--'
04272019 09:19:48 [INFO]: b'RX:B\x00'
04272019 09:19:49 [INFO]: b'TX:M\x12\x83\xa1h\x00\xa1a\xce\x00\x89T@\xa1o\xce\x01\x12\xa8\x80-----'
04272019 09:19:49 [INFO]: b'RX:B\x00'
04272019 09:19:49 [INFO]: b'TX:M\x15\x84\xa1t\xcd\x02u\xa1r\xcd\x07\x8d\xa1e\xcd\x03\xdb\xa1p\xcd\x15\x0e--'
04272019 09:19:49 [INFO]: b'RX:B\x00'
04272019 09:19:49 [INFO]: b'TX:M\x12\x83\xa1h\x00\xa1a\xce\x00\x89T@\xa1o\xce\x01\x12\xa8\x80-----'
04272019 09:19:49 [INFO]: b'RX:B\x00'
04272019 09:19:50 [INFO]: b'TX:M\x15\x84\xa1t\xcd\x02u\xa1r\xcd\x07\x8d\xa1e\xcd\x03\xdb\xa1p\xcd\x15\x0f--'
04272019 09:19:50 [INFO]: b'RX:B\x00'
04272019 09:19:50 [ERROR]: Buffer overflow
04272019 09:19:50 [INFO]: b'TX:M\x12\x83\xa1h\x00\xa1a\xce\x00\x89T@\xa1o\xce\x01\x12\xa8\x80-----'
04272019 09:19:50 [INFO]: b'RX:B\x00'
04272019 09:19:50 [INFO]: b'TX:M\x15\x84\xa1t\xcd\x02v\xa1r\xcd\x07\x91\xa1e\xcd\x03\xdb\xa1p\xcd\x15\x0e--'
04272019 09:19:50 [INFO]: b'RX:B\x00'
04272019 09:19:50 [INFO]: b'TX:M\x12\x83\xa1h\x00\xa1a\xce\x00\x89T@\xa1o\xce\x01\x12\xa8\x80-----'
04272019 09:19:51 [INFO]: b'RX:B\x00'
04272019 09:19:51 [INFO]: b'TX:M\x15\x84\xa1t\xcd\x02v\xa1r\xcd\x07\x91\xa1e\xcd\x03\xdb\xa1p\xcd\x15\x0f--'
04272019 09:19:51 [INFO]: b'RX:B\x00'
04272019 09:19:51 [INFO]: b'TX:M\x12\x83\xa1h\x00\xa1a\xce\x00\x89T@\xa1o\xce\x01\x12\xa8\x80-----'
04272019 09:19:51 [INFO]: b'RX:B\x00'
04272019 09:19:51 [INFO]: b'TX:M\x15\x84\xa1t\xcd\x02v\xa1r\xcd\x07\x90\xa1e\xcd\x03\xdb\xa1p\xcd\x15\x0f--'
04272019 09:19:51 [INFO]: b'RX:B\x00'
04272019 09:19:52 [INFO]: b'TX:M\x12\x83\xa1h\x00\xa1a\xce\x00\x89T@\xa1o\xce\x01\x12\xa8\x80-----'
04272019 09:19:52 [INFO]: b'RX:B\x00'
04272019 09:19:52 [INFO]: b'TX:M\x15\x84\xa1t\xcd\x02v\xa1r\xcd\x07\x90\xa1e\xcd\x03\xdb\xa1p\xcd\x15\x0f--'
04272019 09:19:52 [INFO]: b'RX:B\x00'
04272019 09:19:52 [INFO]: b'TX:M\x12\x83\xa1h\x00\xa1a\xce\x00\x89T@\xa1o\xce\x01\x12\xa8\x80-----'
04272019 09:19:52 [INFO]: b'RX:B\x00'
04272019 09:19:52 [INFO]: b'TX:M\x15\x84\xa1t\xcd\x02v\xa1r\xcd\x07\x90\xa1e\xcd\x03\xdb\xa1p\xcd\x15\x0f--'
04272019 09:19:53 [INFO]: b'RX:B\x00'
04272019 09:19:53 [INFO]: b'TX:M\x12\x83\xa1h\x00\xa1a\xce\x00\x89T@\xa1o\xce\x01\x12\xa8\x80-----'
04272019 09:19:53 [INFO]: b'RX:B\x00'
04272019 09:19:53 [ERROR]: Buffer overflow
04272019 09:19:53 [INFO]: b'TX:M\x15\x84\xa1t\xcd\x02v\xa1r\xcd\x07\x91\xa1e\xcd\x03\xdb\xa1p\xcd\x15\x0f--'
04272019 09:19:53 [INFO]: b'RX:B\x00'
04272019 09:19:53 [INFO]: b'TX:M\x12\x83\xa1h\x00\xa1a\xce\x00\x89T@\xa1o\xce\x01\x12\xa8\x80-----'
04272019 09:19:54 [INFO]: b'RX:B\x00'
04272019 09:19:54 [INFO]: b'TX:M\x15\x84\xa1t\xcd\x02v\xa1r\xcd\x07\x91\xa1e\xcd\x03\xdb\xa1p\xcd\x15\x0e--'
04272019 09:19:54 [INFO]: b'RX:B\x00'
04272019 09:19:54 [INFO]: b'TX:M\x12\x83\xa1h\x00\xa1a\xce\x00\x89T@\xa1o\xce\x01\x12\xa8\x80-----'
04272019 09:19:54 [INFO]: b'RX:B\x00'
04272019 09:19:54 [INFO]: b'TX:M\x15\x84\xa1t\xcd\x02v\xa1r\xcd\x07\x91\xa1e\xcd\x03\xdb\xa1p\xcd\x15\x0e--'
04272019 09:19:54 [INFO]: b'RX:B\x00'
04272019 09:19:55 [INFO]: b'TX:M\x12\x83\xa1h\x00\xa1a\xce\x00\x89T@\xa1o\xce\x01\x12\xa8\x80-----'
04272019 09:19:55 [INFO]: b'RX:B\x00'
04272019 09:19:55 [INFO]: b'TX:M\x15\x84\xa1t\xcd\x02v\xa1r\xcd\x07\x91\xa1e\xcd\x03\xdb\xa1p\xcd\x15\x0f--'
04272019 09:19:55 [INFO]: b'RX:B\x00'
04272019 09:19:55 [INFO]: b'TX:M\x12\x83\xa1h\x00\xa1a\xce\x00\x89T@\xa1o\xce\x01\x12\xa8\x80-----'
04272019 09:19:55 [INFO]: b'RX:B\x00'
04272019 09:19:55 [INFO]: b'TX:M\x15\x84\xa1t\xcd\x02v\xa1r\xcd\x07\x91\xa1e\xcd\x03\xdb\xa1p\xcd\x15\x0f--'
04272019 09:19:56 [INFO]: b'RX:B\x00'
04272019 09:19:56 [INFO]: b'TX:M\x12\x83\xa1h\x00\xa1a\xce\x00\x89T@\xa1o\xce\x01\x12\xa8\x80-----'
04272019 09:19:56 [INFO]: b'RX:B\x00'
04272019 09:19:56 [INFO]: b'TX:M\x15\x84\xa1t\xcd\x02v\xa1r\xcd\x07\x91\xa1e\xcd\x03\xdb\xa1p\xcd\x15\x0f--'
04272019 09:19:56 [INFO]: b'RX:B\x00'
04272019 09:19:56 [ERROR]: Buffer overflow
04272019 09:19:56 [INFO]: b'TX:M\x12\x83\xa1h\x00\xa1a\xce\x00\x89T@\xa1o\xce\x01\x12\xa8\x80-----'
04272019 09:19:57 [INFO]: b'RX:B\x00'
04272019 09:19:57 [INFO]: b'TX:M\x15\x84\xa1t\xcd\x02v\xa1r\xcd\x07\x93\xa1e\xcd\x03\xdb\xa1p\xcd\x15\x0e--'
04272019 09:19:57 [INFO]: b'RX:B\x00'
04272019 09:19:57 [INFO]: b'TX:M\x12\x83\xa1h\x00\xa1a\xce\x00\x89T@\xa1o\xce\x01\x12\xa8\x80-----'
04272019 09:19:57 [INFO]: b'RX:B\x00'
04272019 09:19:57 [INFO]: b'TX:M\x15\x84\xa1t\xcd\x02v\xa1r\xcd\x07\x94\xa1e\xcd\x03\xdb\xa1p\xcd\x15\x0e--'
                                                                                                                                                                                                                                                                                                                                                                                                                                                                                                                                                          