04272019 02:29:21 [ERROR]: negative seek position -2
04272019 02:29:21 [INFO]: b'TX:M\x15\x84\xa1t\xcd\x02\x97\xa1p\xcd\x14\xf8\xa1r\xcd\x05\xc1\xa1e\xcd\x03\xf3--'
04272019 02:29:21 [INFO]: b'RX:B\x00'
04272019 02:29:22 [INFO]: b'TX:M\x15\x84\xa1t\xcd\x02\x97\xa1p\xcd\x14\xf8\xa1r\xcd\x05\xc1\xa1e\xcd\x03\xf3--'
04272019 02:29:22 [INFO]: b'RX:B\x00'
04272019 02:29:22 [INFO]: b'TX:M\x15\x84\xa1t\xcd\x02\x97\xa1p\xcd\x14\xf8\xa1r\xcd\x05\xc1\xa1e\xcd\x03\xf3--'
04272019 02:29:22 [INFO]: b'RX:B\x00'
04272019 02:29:22 [INFO]: b'TX:M\x15\x84\xa1t\xcd\x02\x97\xa1p\xcd\x14\xf8\xa1r\xcd\x05\xc1\xa1e\xcd\x03\xf3--'
04272019 02:29:22 [INFO]: b'RX:B\x00'
04272019 02:29:22 [INFO]: b'TX:M\x15\x84\xa1t\xcd\x02\x97\xa1p\xcd\x14\xf8\xa1r\xcd\x05\xc1\xa1e\xcd\x03\xf3--'
04272019 02:29:23 [INFO]: b'RX:B\x00'
04272019 02:29:23 [INFO]: b'TX:M\x12\x83\xa1h\x00\xa1a\xce\x00\x89T@\xa1o\xce\x01\x12\xa8\x80-----'
04272019 02:29:23 [INFO]: b'RX:B\x00'
04272019 02:29:23 [INFO]: b'TX:M\x12\x83\xa1h\x00\xa1a\xce\x00\x89T@\xa1o\xce\x01\x12\xa8\x80-----'
04272019 02:29:23 [INFO]: b'RX:B\x00'
04272019 02:29:23 [INFO]: b'TX:M\x12\x83\xa1h\x00\xa1a\xce\x00\x89T@\xa1o\xce\x01\x12\xa8\x80-----'
04272019 02:29:24 [INFO]: b'RX:B\x00'
04272019 02:29:24 [INFO]: b'TX:M\x12\x83\xa1h\x00\xa1a\xce\x00\x89T@\xa1o\xce\x01\x12\xa8\x80-----'
04272019 02:29:24 [INFO]: b'RX:B\x00'
04272019 02:29:24 [INFO]: b'TX:M\x12\x83\xa1h\x00\xa1a\xce\x00\x89T@\xa1o\xce\x01\x12\xa8\x80-----'
04272019 02:29:24 [INFO]: b'RX:B\x00'
04272019 02:29:24 [INFO]: b'TX:M\x15\x84\xa1t\xcd\x02\x97\xa1p\xcd\x14\xf8\xa1r\xcd\x05\xc1\xa1e\xcd\x03\xf3--'
04272019 02:29:25 [INFO]: b'RX:B\x00'
04272019 02:29:25 [INFO]: b'TX:M\x15\x84\xa1t\xcd\x02\x97\xa1p\xcd\x14\xf8\xa1r\xcd\x05\xc1\xa1e\xcd\x03\xf3--'
04272019 02:29:25 [INFO]: b'RX:B\x00'
04272019 02:29:25 [INFO]: b'TX:M\x12\x83\xa1h\x00\xa1a\xce\x00\x89T@\xa1o\xce\x01\x12\xa8\x80-----'
04272019 02:29:25 [INFO]: b'RX:B\x00'
04272019 02:29:25 [INFO]: b'TX:M\x12\x83\xa1h\x00\xa1a\xce\x00\x89T@\xa1o\xce\x01\x12\xa8\x80-----'
04272019 02:29:26 [INFO]: b'RX:B\x00'
04272019 02:29:26 [INFO]: b'TX:M\x15\x84\xa1t\xcd\x02\x97\xa1p\xcd\x14\xf8\xa1r\xcd\x05\xc1\xa1e\xcd\x03\xf3--'
04272019 02:29:26 [INFO]: b'RX:B\x00'
04272019 02:29:26 [INFO]: b'TX:M\x12\x83\xa1h\x00\xa1a\xce\x00\x89T@\xa1o\xce\x01\x12\xa8\x80-----'
04272019 02:29:26 [INFO]: b'RX:B\x00'
04272019 02:29:26 [INFO]: b'TX:M\x15\x84\xa1t\xcd\x02\x97\xa1p\xcd\x14\xf8\xa1r\xcd\x05\xc1\xa1e\xcd\x03\xf3--'
04272019 02:29:27 [INFO]: b'RX:B\x00'
04272019 02:29:27 [INFO]: b'TX:M\x12\x83\xa1h\x00\xa1a\xce\x00\x89T@\xa1o\xce\x01\x12\xa8\x80-----'
04272019 02:29:27 [INFO]: b'RX:B\x00'
04272019 02:29:27 [INFO]: b'TX:M\x12\x83\xa1h\x00\xa1a\xce\x00\x89T@\xa1o\xce\x01\x12\xa8\x80-----'
04272019 02:29:27 [INFO]: b'RX:B\x00'
04272019 02:29:27 [INFO]: b'TX:M\x15\x84\xa1t\xcd\x02\x97\xa1p\xcd\x14\xf8\xa1r\xcd\x05\xc1\xa1e\xcd\x03\xf3--'
04272019 02:29:28 [INFO]: b'RX:B\x00'
04272019 02:29:28 [INFO]: b'TX:M\x12\x83\xa1h\x00\xa1a\xce\x00\x89T@\xa1o\xce\x01\x12\xa8\x80-----'
04272019 02:29:28 [INFO]: b'RX:B\x00'
04272019 02:29:28 [INFO]: b'TX:M\x15\x84\xa1t\xcd\x02\x97\xa1p\xcd\x14\xf8\xa1r\xcd\x05\xc1\xa1e\xcd\x03\xf3--'
04272019 02:29:28 [INFO]: b'RX:B\x00'
04272019 02:29:28 [INFO]: b'TX:M\x12\x83\xa1h\x00\xa1a\xce\x00\x89T@\xa1o\xce\x01\x12\xa8\x80-----'
04272019 02:29:28 [INFO]: b'RX:B\x00'
04272019 02:29:29 [INFO]: b'TX:M\x15\x84\xa1t\xcd\x02\x97\xa1p\xcd\x14\xf8\xa1r\xcd\x05\xc1\xa1e\xcd\x03\xf3--'
04272019 02:29:29 [INFO]: b'RX:B\x00'
04272019 02:29:29 [INFO]: b'TX:M\x12\x83\xa1h\x00\xa1a\xce\x00\x89T@\xa1o\xce\x01\x12\xa8\x80-----'
04272019 02:29:29 [INFO]: b'RX:B\x00'
04272019 02:29:29 [INFO]: b'TX:M\x15\x84\xa1t\xcd\x02\x97\xa1p\xcd\x14\xf8\xa1r\xcd\x05\xc1\xa1e\xcd\x03\xf3--'
04272019 02:29:29 [INFO]: b'RX:B\x00'
04272019 02:29:29 [INFO]: b'TX:M\x15\x84\xa1t\xcd\x02\x97\xa1p\xcd\x14\xf8\xa1r\xcd\x05\xc1\xa1e\xcd\x03\xf3--'
04272019 02:29:30 [INFO]: b'RX:B\x00'
04272019 02:29:30 [INFO]: b'TX:M\x12\x83\xa1h\x00\xa1a\xce\x00\x89T@\xa1o\xce\x01\x12\xa8\x80-----'
04272019 02:29:30 [INFO]: b'RX:B\x00'
04272019 02:29:30 [INFO]: b'TX:M\x12\x83\xa1h\x00\xa1a\xce\x00\x89T@\xa1o\xce\x01\x12\xa8\x80-----'
04272019 02:29:30 [INFO]: b'RX:B\x00'
04272019 02:29:30 [INFO]: b'TX:M\x15\x84\xa1t\xcd\x02\x97\xa1p\xcd\x14\xf8\xa1r\xcd\x05\xc1\xa1e\xcd\x03\xf3--'
04272019 02:29:31 [INFO]: b'RX:B\x00'
04272019 02:29:31 [INFO]: b'TX:M\x12\x83\xa1h\x00\xa1a\xce\x00\x89T@\xa1o\xce\x01\x12\xa8\x80-----'
04272019 02:29:31 [INFO]: b'RX:B\x00'
04272019 02:29:31 [INFO]: b'TX:M\x15\x84\xa1t\xcd\x02\x97\xa1p\xcd\x14\xf8\xa1r\xcd\x05\xc1\xa1e\xcd\x03\xf3--'
04272019 02:29:31 [INFO]: b'RX:B\x00'
04272019 02:29:31 [INFO]: b'TX:M\x12\x83\xa1h\x00\xa1a\xce\x00\x89T@\xa1o\xce\x01\x12\xa8\x80-----'
04272019 02:29:32 [INFO]: b'RX:B\x00'
04272019 02:29:32 [INFO]: b'TX:M\x15\x84\xa1t\xcd\x02\x97\xa1p\xcd\x14\xf8\xa1r\xcd\x05\xc1\xa1e\xcd\x03\xf3--'
04272019 02:29:32 [INFO]: b'RX:B\x00'
04272019 02:29:32 [INFO]: b'TX:M\x12\x83\xa1h\x00\xa1a\xce\x00\x89T@\xa1o\xce\x01\x12\xa8\x80-----'
04272019 02:29:32 [INFO]: b'RX:B\x00'
04272019 02:29:32 [INFO]: b'TX:M\x15\x84\xa1t\xcd\x02\x97\xa1p\xcd\x14\xf8\xa1r\xcd\x05\xbd\xa1e\xcd\x03\xf3--'
04272019 02:29:33 [INFO]: b'RX:B\x00'
04272019 02:29:33 [INFO]: b'TX:M\x15\x84\xa1t\xcd\x02\x97\xa1p\xcd\x14\xf8\xa1r\xcd\x05\xbd\xa1e\xcd\x03\xf3--'
04272019 02:29:33 [INFO]: b'RX:B\x00'
04272019 02:29:33 [INFO]: b'TX:M\x12\x83\xa1h\x00\xa1a\xce\x00\x89T@\xa1o\xce\x01\x12\xa8\x80-----'
04272019 02:29:33 [INFO]: b'RX:B\x00'
04272019 02:29:33 [INFO]: b'TX:M\x15\x84\xa1t\xcd\x02\x97\xa1p\xcd\x14\xf8\xa1r\xcd\x05\xbd\xa1e\xcd\x03\xf3--'
04272019 02:29:33 [INFO]: b'RX:B\x00'
04272019 02:29:34 [INFO]: b'TX:M\x12\x83\xa1h\x00\xa1a\xce\x00\x89T@\xa1o\xce\x01\x12\xa8\x80-----'
04272019 02:29:34 [INFO]: b'RX:B\x00'
04272019 02:29:34 [INFO]: b'TX:M\x15\x84\xa1t\xcd\x02\x97\xa1p\xcd\x14\xf8\xa1r\xcd\x05\xbd\xa1e\xcd\x03\xf3--'
04272019 02:29:34 [INFO]: b'RX:B\x00'
04272019 02:29:34 [INFO]: b'TX:M\x12\x83\xa1h\x00\xa1a\xce\x00\x89T@\xa1o\xce\x01\x12\xa8\x80-----'
04272019 02:29:34 [INFO]: b'RX:B\x00'
04272019 02:29:34 [ERROR]: Buffer overflow
04272019 02:29:35 [INFO]: b'TX:M\x12\x83\xa1h\x00\xa1a\xce\x00\x89T@\xa1o\xce\x01\x12\xa8\x80-----'
04272019 02:29:35 [INFO]: b'RX:B\x00'
04272019 02:29:35 [INFO]: b'TX:M\x15\x84\xa1t\xcd\x02\x97\xa1p\xcd\x14\xf8\xa1r\xcd\x05\xbd\xa1e\xcd\x03\xf3--'
04272019 02:29:35 [INFO]: b'RX:B\x00'
04272019 02:29:35 [INFO]: b'TX:M\x12\x83\xa1h\x00\xa1a\xce\x00\x89T@\xa1o\xce\x01\x12\xa8\x80-----'
04272019 02:29:35 [INFO]: b'RX:B\x00'
04272019 02:29:35 [INFO]: b'TX:M\x15\x84\xa1t\xcd\x02\x97\xa1p\xcd\x14\xf8\xa1r\xcd\x05\xbd\xa1e\xcd\x03\xf3--'
04272019 02:29:36 [INFO]: b'RX:B\x00'
04272019 02:29:36 [INFO]: b'TX:M\x12\x83\xa1h\x00\xa1a\xce\x00\x89T@\xa1o\xce\x01\x12\xa8\x80-----'
04272019 02:29:36 [INFO]: b'RX:B\x00'
04272019 02:29:36 [INFO]: b'TX:M\x15\x84\xa1t\xcd\x02\x97\xa1p\xcd\x14\xf8\xa1r\xcd\x05\xbd\xa1e\xcd\x03\xf3--'
04272019 02:29:36 [INFO]: b'RX:B\x00'
04272019 02:29:36 [INFO]: b'TX:M\x12\x83\xa1h\x00\xa1a\xce\x00\x89T@\xa1o\xce\x01\x12\xa8\x80-----'
04272019 02:29:37 [INFO]: b'RX:B\x00'
04272019 02:29:37 [INFO]: b'TX:M\x15\x84\xa1t\xcd\x02\x97\xa1p\xcd\x14\xf8\xa1r\xcd\x05\xbd\xa1e\xcd\x03\xf3--'
04272019 02:29:37 [INFO]: b'RX:B\x00'
04272019 02:29:37 [INFO]: b'TX:M\x12\x83\xa1h\x00\xa1a\xce\x00\x89T@\xa1o\xce\x01\x12\xa8\x80-----'
04272019 02:29:37 [INFO]: b'RX:B\x00'
04272019 02:29:37 [INFO]: b'TX:M\x15\x84\xa1t\xcd\x02\x97\xa1p\xcd\x14\xf8\xa1r\xcd\x05\xbd\xa1e\xcd\x03\xf3--'
04272019 02:29:38 [INFO]: b'RX:00000000000\xa0'
04272019 02:29:38 [ERROR]: Buffer overflow
04272019 02:29:38 [INFO]: b'TX:M\x12\x83\xa1h\x00\xa1a\xce\x00\x89T@\xa1o\xce\x01\x12\xa8\x80-----'
04272019 02:29:38 [INFO]: b'RX:00000000000\xa0'
04272019 02:29:38 [INFO]: b'TX:M\x15\x84\xa1t\xcd\x02\x97\xa1p\xcd\x14\xf8\xa1r\xcd\x05\xbd\xa1e\xcd\x03\xf3--'
04272019 02:29:38 [INFO]: b'RX:00000000000\xa0'
04272019 02:29:38 [INFO]: b'TX:M\x12\x83\xa1h\x00\xa1a\xce\x00\x89T@\xa1o\xce\x01\x12\xa8\x80-----'
04272019 02:29:39 [INFO]: b'RX:00000000000\xa0'
04272019 02:29:39 [INFO]: b'TX:M\x15\x84\xa1t\xcd\x02\x97\xa1p\xcd\x14\xf8\xa1r\xcd\x05\xbd\xa1e\xcd\x03\xf3--'
04272019 02:29:39 [INFO]: b'RX:00000000000\xa0'
04272019 02:29:39 [INFO]: b'TX:M\x12\x83\xa1h\x00\xa1a\xce\x00\x89T@\xa1o\xce\x01\x12\xa8\x80-----'
04272019 02:29:39 [INFO]: b'RX:00000000000\xa0'
04272019 02:29:39 [INFO]: b'TX:M\x15\x84\xa1t\xcd\x02\x97\xa1p\xcd\x14\xf8\xa1r\xcd\x05\xbd\xa1e\xcd\x03\xf3--'
04272019 02:29:39 [INFO]: b'RX:B\x00'
04272019 02:29:40 [INFO]: b'TX:M\x12\x83\xa1h\x00\xa1a\xce\x00\x89T@\xa1o\xce\x01\x12\xa8\x80-----'
04272019 02:29:40 [INFO]: b'RX:B\x00'
04272019 02:29:40 [INFO]: b'TX:M\x15\x84\xa1t\xcd\x02\x97\xa1p\xcd\x14\xf8\xa1r\xcd\x05\xbd\xa1e\xcd\x03\xf3--'
04272019 02:29:40 [INFO]: b'RX:B\x00'
04272019 02:29:40 [INFO]: b'TX:M\x12\x83\xa1h\x00\xa1a\xce\x00\x89T@\xa1o\xce\x01\x12\xa8\x80-----'
04272019 02:29:40 [INFO]: b'RX:B\x00'
04272019 02:29:40 [INFO]: b'TX:M\x15\x84\xa1t\xcd\x02\x97\xa1p\xcd\x14\xf8\xa1r\xcd\x05\xbd\xa1e\xcd\x03\xf3--'
04272019 02:29:41 [INFO]: b'RX:B\x00'
04272019 02:29:41 [ERROR]: Buffer overflow
04272019 02:29:41 [INFO]: b'TX:M\x12\x83\xa1h\x00\xa1a\xce\x00\x89T@\xa1o\xce\x01\x12\xa8\x80-----'
04272019 02:29:41 [INFO]: b'RX:B\x00'
04272019 02:29:41 [INFO]: b'TX:M\x15\x84\xa1t\xcd\x02\x97\xa1p\xcd\x14\xf8\xa1r\xcd\x05\xbd\xa1e\xcd\x03\xf3--'
04272019 02:29:41 [INFO]: b'RX:B\x00'
04272019 02:29:41 [INFO]: b'TX:M\x15\x84\xa1t\xcd\x02\x97\xa1p\xcd\x14\xf8\xa1r\xcd\x05\xbd\xa1e\xcd\x03\xf3--'
04272019 02:29:42 [INFO]: b'RX:B\x00'
04272019 02:29:42 [INFO]: b'TX:M\x12\x83\xa1h\x00\xa1a\xce\x00\x89T@\xa1o\xce\x01\x12\xa8\x80-----'
04272019 02:29:42 [INFO]: b'RX:B\x00'
04272019 02:29:42 [INFO]: b'TX:M\x15\x84\xa1t\xcd\x02\x97\xa1p\xcd\x14\xf8\xa1r\xcd\x05\xbb\xa1e\xcd\x03\xf3--'
04272019 02:29:42 [INFO]: b'RX:B\x00'
04272019 02:29:42 [INFO]: b'TX:M\x12\x83\xa1h\x00\xa1a\xce\x00\x89T@\xa1o\xce\x01\x12\xa8\x80-----'
04272019 02:29:43 [INFO]: b'RX:B\x00'
04272019 02:29:43 [INFO]: b'TX:M\x12\x83\xa1h\x00\xa1a\xce\x00\x89T@\xa1o\xce\x01\x12\xa8\x80-----'
04272019 02:29:43 [INFO]: b'RX:B\x00'
04272019 02:29:43 [INFO]: b'TX:M\x15\x84\xa1t\xcd\x02\x97\xa1p\xcd\x14\xf8\xa1r\xcd\x05\xbb\xa1e\xcd\x03\xf3--'
04272019 02:29:43 [INFO]: b'RX:B\x00'
04272019 02:29:43 [INFO]: b'TX:M\x15\x84\xa1t\xcd\x02\x97\xa1p\xcd\x14\xf8\xa1r\xcd\x05\xba\xa1e\xcd\x03\xf3--'
04272019 02:29:44 [INFO]: b'RX:B\x00'
04272019 02:29:44 [INFO]: b'TX:M\x12\x83\xa1h\x00\xa1a\xce\x00\x89T@\xa1o\xce\x01\x12\xa8\x80-----'
04272019 02:29:44 [INFO]: b'RX:B\x00'
04272019 02:29:44 [ERROR]: Buffer overflow
04272019 02:29:44 [INFO]: b'TX:M\x12\x83\xa1h\x00\xa1a\xce\x00\x89T@\xa1o\xce\x01\x12\xa8\x80-----'
04272019 02:29:44 [INFO]: b'RX:B\x00'
04272019 02:29:44 [INFO]: b'TX:M\x15\x84\xa1t\xcd\x02\x97\xa1p\xcd\x14\xf8\xa1r\xcd\x05\xba\xa1e\xcd\x03\xf3--'
04272019 02:29:44 [INFO]: b'RX:B\x00'
04272019 02:29:45 [INFO]: b'TX:M\x12\x83\xa1h\x00\xa1a\xce\x00\x89T@\xa1o\xce\x01\x12\xa8\x80-----'
04272019 02:29:45 [INFO]: b'RX:B\x00'
04272019 02:29:45 [INFO]: b'TX:M\x15\x84\xa1t\xcd\x02\x97\xa1p\xcd\x14\xf8\xa1r\xcd\x05\xba\xa1e\xcd\x03\xf3--'
04272019 02:29:45 [INFO]: b'RX:B\x00'
04272019 02:29:45 [INFO]: b'TX:M\x12\x83\xa1h\x00\xa1a\xce\x00\x89T@\xa1o\xce\x01\x12\xa8\x80-----'
04272019 02:29:45 [INFO]: b'RX:B\x00'
04272019 02:29:45 [INFO]: b'TX:M\x15\x84\xa1t\xcd\x02\x97\xa1p\xcd\x14\xf8\xa1r\xcd\x05\xba\xa1e\xcd\x03\xf3--'
04272019 02:29:46 [INFO]: b'RX:B\x00'
04272019 02:29:46 [INFO]: b'TX:M\x12\x83\xa1h\x00\xa1a\xce\x00\x89T@\xa1o\xce\x01\x12\xa8\x80-----'
04272019 02:29:46 [INFO]: b'RX:B\x00'
04272019 02:29:46 [INFO]: b'TX:M\x15\x84\xa1t\xcd\x02\x9a\xa1p\xcd\x14\xf8\xa1r\xcd\x05\xba\xa1e\xcd\x03\xf3--'
04272019 02:29:46 [INFO]: b'RX:B\x00'
04272019 02:29:46 [INFO]: b'TX:M\x12\x83\xa1h\x00\xa1a\xce\x00\x89T@\xa1o\xce\x01\x12\xa8\x80-----'
04272019 02:29:47 [INFO]: b'RX:B\x00'
04272019 02:29:47 [INFO]: b'TX:M\x15\x84\xa1t\xcd\x02\x9a\xa1p\xcd\x14\xf8\xa1r\xcd\x05\xba\xa1e\xcd\x03\xf3--'
04272019 02:29:47 [INFO]: b'RX:B\x00'
04272019 02:29:47 [ERROR]: Buffer overflow
04272019 02:29:47 [INFO]: b'TX:M\x12\x83\xa1h\x00\xa1a\xce\x00\x89T@\xa1o\xce\x01\x12\xa8\x80-----'
04272019 02:29:47 [INFO]: b'RX:B\x00'
04272019 02:29:47 [INFO]: b'TX:M\x15\x84\xa1t\xcd\x02\x9a\xa1p\xcd\x14\xf8\xa1r\xcd\x05\xba\xa1e\xcd\x03\xf3--'
04272019 02:29:48 [INFO]: b'RX:B\x00'
04272019 02:29:48 [INFO]: b'TX:M\x12\x83\xa1h\x00\xa1a\xce\x00\x89T@\xa1o\xce\x01\x12\xa8\x80-----'
04272019 02:29:48 [INFO]: b'RX:B\x00'
04272019 02:29:48 [INFO]: b'TX:M\x15\x84\xa1t\xcd\x02\x9a\xa1p\xcd\x14\xf8\xa1r\xcd\x05\xba\xa1e\xcd\x03\xf3--'
04272019 02:29:48 [INFO]: b'RX:B\x00'
04272019 02:29:48 [INFO]: b'TX:M\x12\x83\xa1h\x00\xa1a\xce\x00\x89T@\xa1o\xce\x01\x12\xa8\x80-----'
04272019 02:29:49 [INFO]: b'RX:B\x00'
04272019 02:29:49 [INFO]: b'TX:M\x15\x84\xa1t\xcd\x02\x9a\xa1p\xcd\x14\xf8\xa1r\xcd\x05\xba\xa1e\xcd\x03\xf3--'
04272019 02:29:49 [INFO]: b'RX:B\x00'
04272019 02:29:49 [INFO]: b'TX:M\x12\x83\xa1h\x00\xa1a\xce\x00\x89T@\xa1o\xce\x01\x12\xa8\x80-----'
04272019 02:29:49 [INFO]: b'RX:B\x00'
04272019 02:29:49 [INFO]: b'TX:M\x15\x84\xa1t\xcd\x02\x9a\xa1p\xcd\x14\xf8\xa1r\xcd\x05\xba\xa1e\xcd\x03\xf3--'
04272019 02:29:50 [INFO]: b'RX:B\x00'
04272019 02:29:50 [INFO]: b'TX:M\x12\x83\xa1h\x00\xa1a\xce\x00\x89T@\xa1o\xce\x01\x12\xa8\x80-----'
04272019 02:29:50 [INFO]: b'RX:B\x00'
04272019 02:29:50 [ERROR]: Buffer overflow
04272019 02:29:50 [INFO]: b'TX:M\x15\x84\xa1t\xcd\x02\x9a\xa1p\xcd\x14\xf8\xa1r\xcd\x05\xba\xa1e\xcd\x03\xf3--'
04272019 02:29:50 [INFO]: b'RX:B\x00'
04272019 02:29:50 [INFO]: b'TX:M\x15\x84\xa1t\xcd\x02\x9a\xa1p\xcd\x14\xf8\xa1r\xcd\x05\xba\xa1e\xcd\x03\xf3--'
04272019 02:29:50 [INFO]: b'RX:B\x00'
04272019 02:29:51 [INFO]: b'TX:M\x12\x83\xa1h\x00\xa1a\xce\x00\x89T@\xa1o\xce\x01\x12\xa8\x80-----'
04272019 02:29:51 [INFO]: b'RX:B\x00'
04272019 02:29:51 [INFO]: b'TX:M\x15\x84\xa1t\xcd\x02\x9a\xa1p\xcd\x14\xf8\xa1r\xcd\x05\xba\xa1e\xcd\x03\xf3--'
04272019 02:29:51 [INFO]: b'RX:B\x00'
04272019 02:29:51 [INFO]: b'TX:M\x12\x83\xa1h\x00\xa1a\xce\x00\x89T@\xa1o\xce\x01\x12\xa8\x80-----'
04272019 02:29:51 [INFO]: b'RX:B\x00'
04272019 02:29:51 [INFO]: b'TX:M\x12\x83\xa1h\x00\xa1a\xce\x00\x89T@\xa1o\xce\x01\x12\xa8\x80-----'
04272019 02:29:52 [INFO]: b'RX:B\x00'
04272019 02:29:52 [INFO]: b'TX:M\x15\x84\xa1t\xcd\x02\x9a\xa1p\xcd\x14\xf8\xa1r\xcd\x05\xba\xa1e\xcd\x03\xf3--'
04272019 02:29:52 [INFO]: b'RX:B\x00'
04272019 02:29:52 [INFO]: b'TX:M\x12\x83\xa1h\x00\xa1a\xce\x00\x89T@\xa1o\xce\x01\x12\xa8\x80-----'
04272019 02:29:52 [INFO]: b'RX:B\x00'
04272019 02:29:52 [INFO]: b'TX:M\x15\x84\xa1t\xcd\x02\x9a\xa1p\xcd\x14\xf8\xa1r\xcd\x05\xba\xa1e\xcd\x03\xf3--'
04272019 02:29:53 [INFO]: b'RX:B\x00'
04272019 02:29:53 [INFO]: b'TX:M\x12\x83\xa1h\x00\xa1a\xce\x00\x89T@\xa1o\xce\x01\x12\xa8\x80-----'
04272019 02:29:53 [INFO]: b'RX:B\x00'
04272019 02:29:53 [ERROR]: Buffer overflow
04272019 02:29:53 [INFO]: b'TX:M\x15\x84\xa1t\xcd\x02\x9a\xa1p\xcd\x14\xf8\xa1r\xcd\x05\xba\xa1e\xcd\x03\xf3--'
04272019 02:29:53 [INFO]: b'RX:B\x00'
04272019 02:29:53 [INFO]: b'TX:M\x12\x83\xa1h\x00\xa1a\xce\x00\x89T@\xa1o\xce\x01\x12\xa8\x80-----'
04272019 02:29:54 [INFO]: b'RX:B\x00'
04272019 02:29:54 [INFO]: b'TX:M\x15\x84\xa1t\xcd\x02\x9a\xa1p\xcd\x14\xf8\xa1r\xcd\x05\xba\xa1e\xcd\x03\xf3--'
04272019 02:29:54 [INFO]: b'RX:B\x00'
04272019 02:29:54 [INFO]: b'TX:M\x12\x83\xa1h\x00\xa1a\xce\x00\x89T@\xa1o\xce\x01\x12\xa8\x80-----'
04272019 02:29:54 [INFO]: b'RX:B\x00'
04272019 02:29:54 [INFO]: b'TX:M\x15\x84\xa1t\xcd\x02\x9a\xa1p\xcd\x14\xf8\xa1r\xcd\x05\xba\xa1e\xcd\x03\xf3--'
04272019 02:29:55 [INFO]: b'RX:B\x00'
04272019 02:29:55 [INFO]: b'TX:M\x12\x83\xa1h\x00\xa1a\xce\x00\x89T@\xa1o\xce\x01\x12\xa8\x80-----'
04272019 02:29:55 [INFO]: b'RX:B\x00'
04272019 02:29:55 [INFO]: b'TX:M\x15\x84\xa1t\xcd\x02\x9a\xa1p\xcd\x14\xf8\xa1r\xcd\x05\xba\xa1e\xcd\x03\xf3--'
04272019 02:29:55 [INFO]: b'RX:B\x00'
04272019 02:29:55 [INFO]: b'TX:M\x12\x83\xa1h\x00\xa1a\xce\x00\x89T@\xa1o\xce\x01\x12\xa8\x80-----'
04272019 02:29:56 [INFO]: b'RX:B\x00'
04272019 02:29:56 [INFO]: b'TX:M\x12\x83\xa1h\x00\xa1a\xce\x00\x89T@\xa1o\xce\x01\x12\xa8\x80-----'
04272019 02:29:56 [INFO]: b'RX:B\x00'
04272019 02:29:56 [INFO]: b'TX:M\x15\x84\xa1t\xcd\x02\x9a\xa1p\xcd\x14\xf8\xa1r\xcd\x05\xba\xa1e\xcd\x03\xf3--'
04272019 02:29:56 [INFO]: b'RX:B\x00'
04272019 02:29:56 [ERROR]: Buffer overflow
04272019 02:29:56 [INFO]: b'TX:M\x12\x83\xa1h\x00\xa1a\xce\x00\x89T@\xa1o\xce\x01\x12\xa8\x80-----'
04272019 02:29:56 [INFO]: b'RX:B\x00'
04272019 02:29:57 [INFO]: b'TX:M\x15\x84\xa1t\xcd\x02\x9a\xa1p\xcd\x14\xf8\xa1r\xcd\x05\xba\xa1e\xcd\x03\xf3--'
04272019 02:29:57 [INFO]: b'RX:B\x00'
04272019 02:29:57 [INFO]: b'TX:M\x12\x83\xa1h\x00\xa1a\xce\x00\x89T@\xa1o\xce\x01\x12\xa8\x80-----'
04272019 02:29:57 [INFO]: b'RX:B\x00'
04272019 02:29:57 [INFO]: b'TX:M\x15\x84\xa1t\xcd\x02\x9a\xa1p\xcd\x14\xf8\xa1r\xcd\x05\xba\xa1e\xcd\x03\xf3--'
04272019 02:29:57 [INFO]: b'RX:B\x00'
04272019 02:29:57 [INFO]: b'TX:M\x15\x84\xa1t\xcd\x02\x9a\xa1p\xcd\x14\xf8\xa1r\xcd\x05\xba\xa1e\xcd\x03\xf3--'
04272019 02:29:58 [INFO]: b'RX:B\x00'
04272019 02:29:58 [INFO]: b'TX:M\x12\x83\xa1h\x00\xa1a\xce\x00\x89T@\xa1o\xce\x01\x12\xa8\x80-----'
04272019 02:29:58 [INFO]: b'RX:B\x00'
04272019 02:29:58 [INFO]: b'TX:M\x12\x83\xa1h\x00\xa1a\xce\x00\x89T@\xa1o\xce\x01\x12\xa8\x80-----'
04272019 02:29:58 [INFO]: b'RX:B\x00'
04272019 02:29:58 [INFO]: b'TX:M\x15\x84\xa1t\xcd\x02\x9a\xa1p\xcd\x14\xf8\xa1r\xcd\x05\xba\xa1e\xcd\x03\xf3--'
04272019 02:29:59 [INFO]: b'RX:B\x00'
04272019 02:29:59 [INFO]: b'TX:M\x12\x83\xa1h\x00\xa1a\xce\x00\x89T@\xa1o\xce\x01\x12\xa8\x80-----'
04272019 02:29:59 [INFO]: b'RX:B\x00'
04272019 02:29:59 [INFO]: b'TX:M\x15\x84\xa1t\xcd\x02\x9a\xa1p\xcd\x14\xf8\xa1r\xcd\x05\xba\xa1e\xcd\x03\xf3--'
04272019 02:29:59 [INFO]: b'RX:B\x00'
04272019 02:29:59 [ERROR]: Buffer overflow
04272019 02:29:59 [INFO]: b'TX:M\x12\x83\xa1h\x00\xa1a\xce\x00\x89T@\xa1o\xce\x01\x12\xa8\x80-----'
04272019 02:30:00 [INFO]: b'RX:B\x00'
04272019 02:30:00 [INFO]: b'TX:M\x15\x84\xa1t\xcd\x02\x9a\xa1p\xcd\x14\xf8\xa1r\xcd\x05\xba\xa1e\xcd\x03\xf3--'
04272019 02:30:00 [INFO]: b'RX:B\x00'
04272019 02:30:00 [INFO]: b'TX:M\x12\x83\xa1h\x00\xa1a\xce\x00\x89T@\xa1o\xce\x01\x12\xa8\x80-----'
04272019 02:30:00 [INFO]: b'RX:B\x00'
04272019 02:30:00 [INFO]: b'TX:M\x15\x84\xa1t\xcd\x02\x9a\xa1p\xcd\x14\xf8\xa1r\xcd\x05\xba\xa1e\xcd\x03\xf3--'
04272019 02:30:01 [INFO]: b'RX:B\x00'
04272019 02:30:01 [INFO]: b'TX:M\x12\x83\xa1h\x00\xa1a\xce\x00\x89T@\xa1o\xce\x01\x12\xa8\x80-----'
04272019 02:30:01 [INFO]: b'RX:B\x00'
04272019 02:30:01 [INFO]: b'TX:M\x15\x84\xa1t\xcd\x02\x9a\xa1p\xcd\x14\xf8\xa1r\xcd\x05\xba\xa1e\xcd\x03\xf3--'
04272019 02:30:01 [INFO]: b'RX:B\x00'
04272019 02:30:01 [INFO]: b'TX:M\x12\x83\xa1h\x00\xa1a\xce\x00\x89T@\xa1o\xce\x01\x12\xa8\x80-----'
04272019 02:30:01 [INFO]: b'RX:B\x00'
04272019 02:30:02 [INFO]: b'TX:M\x15\x84\xa1t\xcd\x02\x9a\xa1p\xcd\x14\xf8\xa1r\xcd\x05\xba\xa1e\xcd\x03\xf3--'
04272019 02:30:02 [INFO]: b'RX:B\x00'
04272019 02:30:02 [INFO]: b'TX:M\x12\x83\xa1h\x00\xa1a\xce\x00\x89T@\xa1o\xce\x01\x12\xa8\x80-----'
04272019 02:30:02 [INFO]: b'RX:B\x00'
04272019 02:30:02 [INFO]: b'TX:M\x15\x84\xa1t\xcd\x02\x9a\xa1p\xcd\x14\xf8\xa1r\xcd\x05\xba\xa1e\xcd\x03\xf3--'
04272019 02:30:02 [INFO]: b'RX:B\x00'
04272019 02:30:02 [ERROR]: Buffer overflow
04272019 02:30:03 [INFO]: b'TX:M\x12\x83\xa1h\x00\xa1a\xce\x00\x89T@\xa1o\xce\x01\x12\xa8\x80-----'
04272019 02:30:03 [INFO]: b'RX:B\x00'
04272019 02:30:03 [INFO]: b'TX:M\x15\x84\xa1t\xcd\x02\x9c\xa1p\xcd\x14\xf7\xa1r\xcd\x05\xb8\xa1e\xcd\x03\xf3--'
04272019 02:30:03 [INFO]: b'RX:B\x00'
04272019 02:30:03 [INFO]: b'TX:M\x12\x83\xa1h\x00\xa1a\xce\x00\x89T@\xa1o\xce\x01\x12\xa8\x80-----'
04272019 02:30:03 [INFO]: b'RX:B\x00'
04272019 02:30:03 [INFO]: b'TX:M\x15\x84\xa1t\xcd\x02\x9c\xa1p\xcd\x14\xf7\xa1r\xcd\x05\xb8\xa1e\xcd\x03\xf3--'
04272019 02:30:04 [INFO]: b'RX:B\x00'
04272019 02:30:04 [INFO]: b'TX:M\x12\x83\xa1h\x00\xa1a\xce\x00\x89T@\xa1o\xce\x01\x12\xa8\x80-----'
04272019 02:30:04 [INFO]: b'RX:B\x00'
04272019 02:30:04 [INFO]: b'TX:M\x15\x84\xa1t\xcd\x02\x9c\xa1p\xcd\x14\xf8\xa1r\xcd\x05\xb8\xa1e\xcd\x03\xf3--'
04272019 02:30:04 [INFO]: b'RX:B\x00'
04272019 02:30:04 [INFO]: b'TX:M\x12\x83\xa1h\x00\xa1a\xce\x00\x89T@\xa1o\xce\x01\x12\xa8\x80-----'
04272019 02:30:05 [INFO]: b'RX:B\x00'
04272019 02:30:05 [INFO]: b'TX:M\x15\x84\xa1t\xcd\x02\x9c\xa1p\xcd\x14\xf8\xa1r\xcd\x05\xb8\xa1e\xcd\x03\xf3--'
04272019 02:30:05 [INFO]: b'RX:B\x00'
04272019 02:30:05 [INFO]: b'TX:M\x12\x83\xa1h\x00\xa1a\xce\x00\x89T@\xa1o\xce\x01\x12\xa8\x80-----'
04272019 02:30:05 [INFO]: b'RX:B\x00'
04272019 02:30:05 [ERROR]: Buffer overflow
04272019 02:30:05 [INFO]: b'TX:M\x15\x84\xa1t\xcd\x02\x9c\xa1p\xcd\x14\xf7\xa1r\xcd\x05\xb8\xa1e\xcd\x03\xf3--'
04272019 02:30:06 [INFO]: b'RX:B\x00'
04272019 02:30:06 [INFO]: b'TX:M\x15\x84\xa1t\xcd\x02\x9c\xa1p\xcd\x14\xf7\xa1r\xcd\x05\xb8\xa1e\xcd\x03\xf3--'
04272019 02:30:06 [INFO]: b'RX:B\x00'
04272019 02:30:06 [INFO]: b'TX:M\x12\x83\xa1h\x00\xa1a\xce\x00\x89T@\xa1o\xce\x01\x12\xa8\x80-----'
04272019 02:30:06 [INFO]: b'RX:B\x00'
04272019 02:30:06 [INFO]: b'TX:M\x12\x83\xa1h\x00\xa1a\xce\x00\x89T@\xa1o\xce\x01\x12\xa8\x80-----'
04272019 02:30:07 [INFO]: b'RX:B\x00'
04272019 02:30:07 [INFO]: b'TX:M\x15\x84\xa1t\xcd\x02\x9c\xa1p\xcd\x14\xf7\xa1r\xcd\x05\xb8\xa1e\xcd\x03\xf3--'
04272019 02:30:07 [INFO]: b'RX:B\x00'
04272019 02:30:07 [INFO]: b'TX:M\x12\x83\xa1h\x00\xa1a\xce\x00\x89T@\xa1o\xce\x01\x12\xa8\x80-----'
04272019 02:30:07 [INFO]: b'RX:B\x00'
04272019 02:30:07 [INFO]: b'TX:M\x15\x84\xa1t\xcd\x02\x9c\xa1p\xcd\x14\xf7\xa1r\xcd\x05\xb8\xa1e\xcd\x03\xf3--'
04272019 02:30:08 [INFO]: b'RX:B\x00'
04272019 02:30:08 [INFO]: b'TX:M\x12\x83\xa1h\x00\xa1a\xce\x00\x89T@\xa1o\xce\x01\x12\xa8\x80-----'
04272019 02:30:08 [INFO]: b'RX:B\x00'
04272019 02:30:08 [INFO]: b'TX:M\x15\x84\xa1t\xcd\x02\x9c\xa1p\xcd\x14\xf7\xa1r\xcd\x05\xb8\xa1e\xcd\x03\xf3--'
04272019 02:30:08 [INFO]: b'RX:B\x00'
04272019 02:30:08 [INFO]: b'TX:M\x12\x83\xa1h\x00\xa1a\xce\x00\x89T@\xa1o\xce\x01\x12\xa8\x80-----'
04272019 02:30:08 [INFO]: b'RX:B\x00'
04272019 02:30:09 [INFO]: b'TX:M\x15\x84\xa1t\xcd\x02\x9c\xa1p\xcd\x14\xf7\xa1r\xcd\x05\xb8\xa1e\xcd\x03\xf3--'
04272019 02:30:09 [INFO]: b'RX:B\x00'
04272019 02:30:09 [ERROR]: Buffer overflow
04272019 02:30:09 [INFO]: b'TX:M\x12\x83\xa1h\x00\xa1a\xce\x00\x89T@\xa1o\xce\x01\x12\xa8\x80-----'
04272019 02:30:09 [INFO]: b'RX:B\x00'
04272019 02:30:09 [INFO]: b'TX:M\x15\x84\xa1t\xcd\x02\x9c\xa1p\xcd\x14\xf7\xa1r\xcd\x05\xb8\xa1e\xcd\x03\xf3--'
04272019 02:30:09 [INFO]: b'RX:B\x00'
04272019 02:30:10 [INFO]: b'TX:M\x12\x83\xa1h\x00\xa1a\xce\x00\x89T@\xa1o\xce\x01\x12\xa8\x80-----'
04272019 02:30:10 [INFO]: b'RX:B\x00'
04272019 02:30:10 [INFO]: b'TX:M\x15\x84\xa1t\xcd\x02\x9c\xa1p\xcd\x14\xf7\xa1r\xcd\x05\xb8\xa1e\xcd\x03\xf3--'
04272019 02:30:10 [INFO]: b'RX:B\x00'
04272019 02:30:10 [INFO]: b'TX:M\x12\x83\xa1h\x00\xa1a\xce\x00\x89T@\xa1o\xce\x01\x12\xa8\x80-----'
04272019 02:30:11 [INFO]: b'RX:B\x00'
04272019 02:30:11 [INFO]: b'TX:M\x15\x84\xa1t\xcd\x02\x9c\xa1p\xcd\x14\xf7\xa1r\xcd\x05\xb8\xa1e\xcd\x03\xf3--'
04272019 02:30:11 [INFO]: b'RX:B\x00'
04272019 02:30:11 [INFO]: b'TX:M\x12\x83\xa1h\x00\xa1a\xce\x00\x89T@\xa1o\xce\x01\x12\xa8\x80-----'
04272019 02:30:11 [INFO]: b'RX:B\x00'
04272019 02:30:11 [INFO]: b'TX:M\x15\x84\xa1t\xcd\x02\x9c\xa1p\xcd\x14\xf7\xa1r\xcd\x05\xb8\xa1e\xcd\x03\xf3--'
04272019 02:30:12 [INFO]: b'RX:B\x00'
04272019 02:30:12 [ERROR]: Buffer overflow
04272019 02:30:12 [INFO]: b'TX:M\x15\x84\xa1t\xcd\x02\x9c\xa1p\xcd\x14\xf7\xa1r\xcd\x05\xb8\xa1e\xcd\x03\xf3--'
04272019 02:30:12 [INFO]: b'RX:B\x00'
04272019 02:30:12 [INFO]: b'TX:M\x12\x83\xa1h\x00\xa1a\xce\x00\x89T@\xa1o\xce\x01\x12\xa8\x80-----'
04272019 02:30:12 [INFO]: b'RX:B\x00'
04272019 02:30:12 [INFO]: b'TX:M\x15\x84\xa1t\xcd\x02\x9c\xa1p\xcd\x14\xf7\xa1r\xcd\x05\xb8\xa1e\xcd\x03\xf3--'
04272019 02:30:13 [INFO]: b'RX:B\x00'
04272019 02:30:13 [INFO]: b'TX:M\x12\x83\xa1h\x00\xa1a\xce\x00\x89T@\xa1o\xce\x01\x12\xa8\x80-----'
04272019 02:30:13 [INFO]: b'RX:B\x00'
04272019 02:30:13 [INFO]: b'TX:M\x12\x83\xa1h\x00\xa1a\xce\x00\x89T@\xa1o\xce\x01\x12\xa8\x80-----'
04272019 02:30:13 [INFO]: b'RX:B\x00'
04272019 02:30:13 [INFO]: b'TX:M\x15\x84\xa1t\xcd\x02\x9c\xa1p\xcd\x14\xf7\xa1r\xcd\x05\xb8\xa1e\xcd\x03\xf3--'
04272019 02:30:13 [INFO]: b'RX:B\x00'
04272019 02:30:14 [INFO]: b'TX:M\x12\x83\xa1h\x00\xa1a\xce\x00\x89T@\xa1o\xce\x01\x12\xa8\x80-----'
04272019 02:30:14 [INFO]: b'RX:B\x00'
04272019 02:30:14 [INFO]: b'TX:M\x15\x84\xa1t\xcd\x02\x9c\xa1p\xcd\x14\xf7\xa1r\xcd\x05\xb8\xa1e\xcd\x03\xf3--'
04272019 02:30:14 [INFO]: b'RX:B\x00'
04272019 02:30:14 [INFO]: b'TX:M\x12\x83\xa1h\x00\xa1a\xce\x00\x89T@\xa1o\xce\x01\x12\xa8\x80-----'
04272019 02:30:14 [INFO]: b'RX:B\x00'
04272019 02:30:14 [INFO]: b'TX:M\x15\x84\xa1t\xcd\x02\x9c\xa1p\xcd\x14\xf7\xa1r\xcd\x05\xb8\xa1e\xcd\x03\xf3--'
04272019 02:30:15 [INFO]: b'RX:B\x00'
04272019 02:30:15 [ERROR]: Buffer overflow
04272019 02:30:15 [INFO]: b'TX:M\x15\x84\xa1t\xcd\x02\x9e\xa1p\xcd\x14\xf8\xa1r\xcd\x05\xb8\xa1e\xcd\x03\xf3--'
04272019 02:30:15 [INFO]: b'RX:B\x00'
04272019 02:30:15 [INFO]: b'TX:M\x15\x84\xa1t\xcd\x02\x9e\xa1p\xcd\x14\xf8\xa1r\xcd\x05\xb8\xa1e\xcd\x03\xf3--'
04272019 02:30:15 [INFO]: b'RX:B\x00'
04272019 02:30:15 [INFO]: b'TX:M\x12\x83\xa1h\x00\xa1a\xce\x00\x89T@\xa1o\xce\x01\x12\xa8\x80-----'
04272019 02:30:16 [INFO]: b'RX:B\x00'
04272019 02:30:16 [INFO]: b'TX:M\x12\x83\xa1h\x00\xa1a\xce\x00\x89T@\xa1o\xce\x01\x12\xa8\x80-----'
04272019 02:30:16 [INFO]: b'RX:B\x00'
04272019 02:30:16 [INFO]: b'TX:M\x15\x84\xa1t\xcd\x02\x9e\xa1p\xcd\x14\xf8\xa1r\xcd\x05\xb8\xa1e\xcd\x03\xf3--'
04272019 02:30:16 [INFO]: b'RX:B\x00'
04272019 02:30:16 [INFO]: b'TX:M\x15\x84\xa1t\xcd\x02\x9e\xa1p\xcd\x14\xf8\xa1r\xcd\x05\xb8\xa1e\xcd\x03\xf3--'
04272019 02:30:17 [INFO]: b'RX:B\x00'
04272019 02:30:17 [INFO]: b'TX:M\x12\x83\xa1h\x00\xa1a\xce\x00\x89T@\xa1o\xce\x01\x12\xa8\x80-----'
04272019 02:30:17 [INFO]: b'RX:B\x00'
04272019 02:30:17 [INFO]: b'TX:M\x12\x83\xa1h\x00\xa1a\xce\x00\x89T@\xa1o\xce\x01\x12\xa8\x80-----'
04272019 02:30:17 [INFO]: b'RX:B\x00'
04272019 02:30:17 [INFO]: b'TX:M\x15\x84\xa1t\xcd\x02\x9e\xa1p\xcd\x14\xf8\xa1r\xcd\x05\xb8\xa1e\xcd\x03\xf3--'
04272019 02:30:18 [INFO]: b'RX:B\x00'
04272019 02:30:18 [INFO]: b'TX:M\x12\x83\xa1h\x00\xa1a\xce\x00\x89T@\xa1o\xce\x01\x12\xa8\x80-----'
04272019 02:30:18 [INFO]: b'RX:B\x00'
04272019 02:30:18 [ERROR]: Buffer overflow
04272019 02:30:18 [INFO]: b'TX:M\x12\x83\xa1h\x00\xa1a\xce\x00\x89T@\xa1o\xce\x01\x12\xa8\x80-----'
04272019 02:30:18 [INFO]: b'RX:B\x00'
04272019 02:30:18 [INFO]: b'TX:M\x15\x84\xa1t\xcd\x02\x9e\xa1p\xcd\x14\xf8\xa1r\xcd\x05\xb5\xa1e\xcd\x03\xf4--'
04272019 02:30:18 [INFO]: b'RX:B\x00'
04272019 02:30:19 [INFO]: b'TX:M\x12\x83\xa1h\x00\xa1a\xce\x00\x89T@\xa1o\xce\x01\x12\xa8\x80-----'
04272019 02:30:19 [INFO]: b'RX:B\x00'
04272019 02:30:19 [INFO]: b'TX:M\x15\x84\xa1t\xcd\x02\x9e\xa1p\xcd\x14\xf8\xa1r\xcd\x05\xb5\xa1e\xcd\x03\xf4--'
04272019 02:30:19 [INFO]: b'RX:B\x00'
04272019 02:30:19 [INFO]: b'TX:M\x12\x83\xa1h\x00\xa1a\xce\x00\x89T@\xa1o\xce\x01\x12\xa8\x80-----'
04272019 02:30:19 [INFO]: b'RX:B\x00'
04272019 02:30:19 [INFO]: b'TX:M\x15\x84\xa1t\xcd\x02\x9e\xa1p\xcd\x14\xf8\xa1r\xcd\x05\xb5\xa1e\xcd\x03\xf4--'
04272019 02:30:20 [INFO]: b'RX:B\x00'
04272019 02:30:20 [INFO]: b'TX:M\x12\x83\xa1h\x00\xa1a\xce\x00\x89T@\xa1o\xce\x01\x12\xa8\x80-----'
04272019 02:30:20 [INFO]: b'RX:B\x00'
04272019 02:30:20 [INFO]: b'TX:M\x15\x84\xa1t\xcd\x02\x9e\xa1p\xcd\x14\xf8\xa1r\xcd\x05\xb5\xa1e\xcd\x03\xf4--'
04272019 02:30:20 [INFO]: b'RX:B\x00'
04272019 02:30:20 [INFO]: b'TX:M\x12\x83\xa1h\x00\xa1a\xce\x00\x89T@\xa1o\xce\x01\x12\xa8\x80-----'
04272019 02:30:21 [INFO]: b'RX:B\x00'
04272019 02:30:21 [INFO]: b'TX:M\x15\x84\xa1t\xcd\x02\x9e\xa1p\xcd\x14\xf8\xa1r\xcd\x05\xb5\xa1e\xcd\x03\xf4--'
04272019 02:30:21 [INFO]: b'RX:B\x00'
04272019 02:30:21 [ERROR]: Buffer overflow
04272019 02:30:21 [INFO]: b'TX:M\x12\x83\xa1h\x00\xa1a\xce\x00\x89T@\xa1o\xce\x01\x12\xa8\x80-----'
04272019 02:30:21 [INFO]: b'RX:B\x00'
04272019 02:30:21 [INFO]: b'TX:M\x15\x84\xa1t\xcd\x02\x9e\xa1p\xcd\x14\xf8\xa1r\xcd\x05\xb5\xa1e\xcd\x03\xf4--'
04272019 02:30:21 [INFO]: b'RX:B\x00'
04272019 02:30:22 [INFO]: b'TX:M\x12\x83\xa1h\x00\xa1a\xce\x00\x89T@\xa1o\xce\x01\x12\xa8\x80-----'
04272019 02:30:22 [INFO]: b'RX:B\x00'
04272019 02:30:22 [INFO]: b'TX:M\x15\x84\xa1t\xcd\x02\x9e\xa1p\xcd\x14\xf8\xa1r\xcd\x05\xb5\xa1e\xcd\x03\xf4--'
04272019 02:30:22 [INFO]: b'RX:B\x00'
04272019 02:30:22 [INFO]: b'TX:M\x12\x83\xa1h\x00\xa1a\xce\x00\x89T@\xa1o\xce\x01\x12\xa8\x80-----'
04272019 02:30:22 [INFO]: b'RX:B\x00'
04272019 02:30:22 [INFO]: b'TX:M\x15\x84\xa1t\xcd\x02\x9e\xa1p\xcd\x14\xf8\xa1r\xcd\x05\xb5\xa1e\xcd\x03\xf4--'
04272019 02:30:23 [INFO]: b'RX:B\x00'
04272019 02:30:23 [INFO]: b'TX:M\x12\x83\xa1h\x00\xa1a\xce\x00\x89T@\xa1o\xce\x01\x12\xa8\x80-----'
04272019 02:30:23 [INFO]: b'RX:B\x00'
04272019 02:30:23 [INFO]: b'TX:M\x15\x84\xa1t\xcd\x02\x9e\xa1p\xcd\x14\xf8\xa1r\xcd\x05\xb5\xa1e\xcd\x03\xf4--'
04272019 02:30:23 [INFO]: b'RX:B\x00'
04272019 02:30:23 [INFO]: b'TX:M\x12\x83\xa1h\x00\xa1a\xce\x00\x89T@\xa1o\xce\x01\x12\xa8\x80-----'
04272019 02:30:23 [INFO]: b'RX:B\x00'
04272019 02:30:24 [INFO]: b'TX:M\x15\x84\xa1t\xcd\x02\x9e\xa1p\xcd\x14\xf8\xa1r\xcd\x05\xb5\xa1e\xcd\x03\xf4--'
04272019 02:30:24 [INFO]: b'RX:B\x00'
04272019 02:30:24 [INFO]: b'TX:M\x12\x83\xa1h\x00\xa1a\xce\x00\x89T@\xa1o\xce\x01\x12\xa8\x80-----'
04272019 02:30:24 [INFO]: b'RX:B\x00'
04272019 02:30:24 [INFO]: b'TX:M\x15\x84\xa1t\xcd\x02\x9e\xa1p\xcd\x14\xf8\xa1r\xcd\x05\xb5\xa1e\xcd\x03\xf4--'
04272019 02:30:24 [INFO]: b'RX:B\x00'
04272019 02:30:24 [ERROR]: Buffer overflow
04272019 02:30:24 [INFO]: b'TX:M\x12\x83\xa1h\x00\xa1a\xce\x00\x89T@\xa1o\xce\x01\x12\xa8\x80-----'
04272019 02:30:25 [INFO]: b'RX:B\x00'
04272019 02:30:25 [INFO]: b'TX:M\x15\x84\xa1t\xcd\x02\x9e\xa1p\xcd\x14\xf8\xa1r\xcd\x05\xb5\xa1e\xcd\x03\xf4--'
04272019 02:30:25 [INFO]: b'RX:B\x00'
04272019 02:30:25 [INFO]: b'TX:M\x12\x83\xa1h\x00\xa1a\xce\x00\x89T@\xa1o\xce\x01\x12\xa8\x80-----'
04272019 02:30:25 [INFO]: b'RX:B\x00'
04272019 02:30:25 [INFO]: b'TX:M\x15\x84\xa1t\xcd\x02\x9e\xa1p\xcd\x14\xf8\xa1r\xcd\x05\xb5\xa1e\xcd\x03\xf4--'
04272019 02:30:25 [INFO]: b'RX:B\x00'
04272019 02:30:26 [INFO]: b'TX:M\x12\x83\xa1h\x00\xa1a\xce\x00\x89T@\xa1o\xce\x01\x12\xa8\x80-----'
04272019 02:30:26 [INFO]: b'RX:B\x00'
04272019 02:30:26 [INFO]: b'TX:M\x15\x84\xa1t\xcd\x02\x9e\xa1p\xcd\x14\xf8\xa1r\xcd\x05\xb5\xa1e\xcd\x03\xf4--'
04272019 02:30:26 [INFO]: b'RX:B\x00'
04272019 02:30:26 [INFO]: b'TX:M\x12\x83\xa1h\x00\xa1a\xce\x00\x89T@\xa1o\xce\x01\x12\xa8\x80-----'
04272019 02:30:26 [INFO]: b'RX:B\x00'
04272019 02:30:26 [INFO]: b'TX:M\x15\x84\xa1t\xcd\x02\x9e\xa1p\xcd\x14\xf8\xa1r\xcd\x05\xae\xa1e\xcd\x03\xf4--'
