04272019 04:50:35 [ERROR]: negative seek position -2
04272019 04:50:35 [INFO]: b'TX:M\x15\x84\xa1r\xcd\x04m\xa1t\xcd\x02\xbd\xa1p\xcd\x14\xf5\xa1e\xcd\x04\x05--'
04272019 04:50:35 [INFO]: b'RX:B\x00'
04272019 04:50:35 [INFO]: b'TX:M\x15\x84\xa1r\xcd\x04m\xa1t\xcd\x02\xbd\xa1p\xcd\x14\xf5\xa1e\xcd\x04\x05--'
04272019 04:50:35 [INFO]: b'RX:B\x00'
04272019 04:50:35 [INFO]: b'TX:M\x15\x84\xa1r\xcd\x04m\xa1t\xcd\x02\xbd\xa1p\xcd\x14\xf5\xa1e\xcd\x04\x05--'
04272019 04:50:36 [INFO]: b'RX:B\x00'
04272019 04:50:36 [INFO]: b'TX:M\x15\x84\xa1r\xcd\x04m\xa1t\xcd\x02\xbd\xa1p\xcd\x14\xf5\xa1e\xcd\x04\x05--'
04272019 04:50:36 [INFO]: b'RX:B\x00'
04272019 04:50:36 [INFO]: b'TX:M\x15\x84\xa1r\xcd\x04o\xa1t\xcd\x02\xbd\xa1p\xcd\x14\xf5\xa1e\xcd\x04\x04--'
04272019 04:50:36 [INFO]: b'RX:B\x00'
04272019 04:50:36 [INFO]: b'TX:M\x12\x83\xa1h\x00\xa1a\xce\x00\x89T@\xa1o\xce\x01\x12\xa8\x80-----'
04272019 04:50:37 [INFO]: b'RX:B\x00'
04272019 04:50:37 [INFO]: b'TX:M\x12\x83\xa1h\x00\xa1a\xce\x00\x89T@\xa1o\xce\x01\x12\xa8\x80-----'
04272019 04:50:37 [INFO]: b'RX:B\x00'
04272019 04:50:37 [INFO]: b'TX:M\x12\x83\xa1h\x00\xa1a\xce\x00\x89T@\xa1o\xce\x01\x12\xa8\x80-----'
04272019 04:50:37 [INFO]: b'RX:B\x00'
04272019 04:50:37 [INFO]: b'TX:M\x12\x83\xa1h\x00\xa1a\xce\x00\x89T@\xa1o\xce\x01\x12\xa8\x80-----'
04272019 04:50:37 [INFO]: b'RX:B\x00'
04272019 04:50:37 [INFO]: b'TX:M\x12\x83\xa1h\x00\xa1a\xce\x00\x89T@\xa1o\xce\x01\x12\xa8\x80-----'
04272019 04:50:38 [INFO]: b'RX:B\x00'
04272019 04:50:38 [INFO]: b'TX:M\x15\x84\xa1r\xcd\x04m\xa1t\xcd\x02\xbd\xa1p\xcd\x14\xf5\xa1e\xcd\x04\x05--'
04272019 04:50:38 [INFO]: b'RX:B\x00'
04272019 04:50:38 [INFO]: b'TX:M\x12\x83\xa1h\x00\xa1a\xce\x00\x89T@\xa1o\xce\x01\x12\xa8\x80-----'
04272019 04:50:38 [INFO]: b'RX:B\x00'
04272019 04:50:38 [INFO]: b'TX:M\x15\x84\xa1r\xcd\x04m\xa1t\xcd\x02\xbd\xa1p\xcd\x14\xf5\xa1e\xcd\x04\x05--'
04272019 04:50:39 [INFO]: b'RX:B\x00'
04272019 04:50:39 [INFO]: b'TX:M\x12\x83\xa1h\x00\xa1a\xce\x00\x89T@\xa1o\xce\x01\x12\xa8\x80-----'
04272019 04:50:39 [INFO]: b'RX:B\x00'
04272019 04:50:39 [INFO]: b'TX:M\x15\x84\xa1r\xcd\x04k\xa1t\xcd\x02\xbd\xa1p\xcd\x14\xf5\xa1e\xcd\x04\x05--'
04272019 04:50:39 [INFO]: b'RX:B\x00'
04272019 04:50:39 [INFO]: b'TX:M\x12\x83\xa1h\x00\xa1a\xce\x00\x89T@\xa1o\xce\x01\x12\xa8\x80-----'
04272019 04:50:39 [INFO]: b'RX:B\x00'
04272019 04:50:39 [INFO]: b'TX:M\x15\x84\xa1r\xcd\x04k\xa1t\xcd\x02\xbd\xa1p\xcd\x14\xf5\xa1e\xcd\x04\x05--'
04272019 04:50:40 [INFO]: b'RX:B\x00'
04272019 04:50:40 [INFO]: b'TX:M\x12\x83\xa1h\x00\xa1a\xce\x00\x89T@\xa1o\xce\x01\x12\xa8\x80-----'
04272019 04:50:40 [INFO]: b'RX:B\x00'
04272019 04:50:40 [INFO]: b'TX:M\x15\x84\xa1r\xcd\x04m\xa1t\xcd\x02\xbd\xa1p\xcd\x14\xf4\xa1e\xcd\x04\x04--'
04272019 04:50:40 [INFO]: b'RX:B\x00'
04272019 04:50:40 [INFO]: b'TX:M\x12\x83\xa1h\x00\xa1a\xce\x00\x89T@\xa1o\xce\x01\x12\xa8\x80-----'
04272019 04:50:41 [INFO]: b'RX:B\x00'
04272019 04:50:41 [INFO]: b'TX:M\x12\x83\xa1h\x00\xa1a\xce\x00\x89T@\xa1o\xce\x01\x12\xa8\x80-----'
04272019 04:50:41 [INFO]: b'RX:B\x00'
04272019 04:50:41 [INFO]: b'TX:M\x15\x84\xa1r\xcd\x04n\xa1t\xcd\x02\xbd\xa1p\xcd\x14\xf4\xa1e\xcd\x04\x04--'
04272019 04:50:41 [INFO]: b'RX:B\x00'
04272019 04:50:41 [INFO]: b'TX:M\x12\x83\xa1h\x00\xa1a\xce\x00\x89T@\xa1o\xce\x01\x12\xa8\x80-----'
04272019 04:50:41 [INFO]: b'RX:B\x00'
04272019 04:50:41 [INFO]: b'TX:M\x15\x84\xa1r\xcd\x04n\xa1t\xcd\x02\xbd\xa1p\xcd\x14\xf5\xa1e\xcd\x04\x04--'
04272019 04:50:42 [INFO]: b'RX:B\x00'
04272019 04:50:42 [INFO]: b'TX:M\x12\x83\xa1h\x00\xa1a\xce\x00\x89T@\xa1o\xce\x01\x12\xa8\x80-----'
04272019 04:50:42 [INFO]: b'RX:B\x00'
04272019 04:50:42 [INFO]: b'TX:M\x15\x84\xa1r\xcd\x04o\xa1t\xcd\x02\xbd\xa1p\xcd\x14\xf4\xa1e\xcd\x04\x04--'
04272019 04:50:42 [INFO]: b'RX:B\x00'
04272019 04:50:42 [INFO]: b'TX:M\x15\x84\xa1r\xcd\x04o\xa1t\xcd\x02\xbd\xa1p\xcd\x14\xf4\xa1e\xcd\x04\x04--'
04272019 04:50:43 [INFO]: b'RX:B\x00'
04272019 04:50:43 [INFO]: b'TX:M\x12\x83\xa1h\x00\xa1a\xce\x00\x89T@\xa1o\xce\x01\x12\xa8\x80-----'
04272019 04:50:43 [INFO]: b'RX:B\x00'
04272019 04:50:43 [INFO]: b'TX:M\x15\x84\xa1r\xcd\x04o\xa1t\xcd\x02\xbd\xa1p\xcd\x14\xf4\xa1e\xcd\x04\x04--'
04272019 04:50:43 [INFO]: b'RX:B\x00'
04272019 04:50:43 [INFO]: b'TX:M\x12\x83\xa1h\x00\xa1a\xce\x00\x89T@\xa1o\xce\x01\x12\xa8\x80-----'
04272019 04:50:43 [INFO]: b'RX:B\x00'
04272019 04:50:43 [INFO]: b'TX:M\x15\x84\xa1r\xcd\x04n\xa1t\xcd\x02\xbd\xa1p\xcd\x14\xf4\xa1e\xcd\x04\x04--'
04272019 04:50:44 [INFO]: b'RX:B\x00'
04272019 04:50:44 [INFO]: b'TX:M\x12\x83\xa1h\x00\xa1a\xce\x00\x89T@\xa1o\xce\x01\x12\xa8\x80-----'
04272019 04:50:44 [INFO]: b'RX:B\x00'
04272019 04:50:44 [INFO]: b'TX:M\x15\x84\xa1r\xcd\x04n\xa1t\xcd\x02\xbd\xa1p\xcd\x14\xf5\xa1e\xcd\x04\x04--'
04272019 04:50:44 [INFO]: b'RX:B\x00'
04272019 04:50:44 [INFO]: b'TX:M\x12\x83\xa1h\x00\xa1a\xce\x00\x89T@\xa1o\xce\x01\x12\xa8\x80-----'
04272019 04:50:45 [INFO]: b'RX:B\x00'
04272019 04:50:45 [INFO]: b'TX:M\x15\x84\xa1r\xcd\x04o\xa1t\xcd\x02\xbd\xa1p\xcd\x14\xf5\xa1e\xcd\x04\x04--'
04272019 04:50:45 [INFO]: b'RX:B\x00'
04272019 04:50:45 [INFO]: b'TX:M\x12\x83\xa1h\x00\xa1a\xce\x00\x89T@\xa1o\xce\x01\x12\xa8\x80-----'
04272019 04:50:45 [INFO]: b'RX:B\x00'
04272019 04:50:45 [INFO]: b'TX:M\x15\x84\xa1r\xcd\x04o\xa1t\xcd\x02\xbd\xa1p\xcd\x14\xf5\xa1e\xcd\x04\x04--'
04272019 04:50:45 [INFO]: b'RX:B\x00'
04272019 04:50:45 [INFO]: b'TX:M\x12\x83\xa1h\x00\xa1a\xce\x00\x89T@\xa1o\xce\x01\x12\xa8\x80-----'
04272019 04:50:46 [INFO]: b'RX:B\x00'
04272019 04:50:46 [INFO]: b'TX:M\x15\x84\xa1r\xcd\x04p\xa1t\xcd\x02\xbd\xa1p\xcd\x14\xf5\xa1e\xcd\x04\x04--'
04272019 04:50:46 [INFO]: b'RX:B\x00'
04272019 04:50:46 [INFO]: b'TX:M\x12\x83\xa1h\x00\xa1a\xce\x00\x89T@\xa1o\xce\x01\x12\xa8\x80-----'
04272019 04:50:46 [INFO]: b'RX:B\x00'
04272019 04:50:46 [INFO]: b'TX:M\x15\x84\xa1r\xcd\x04p\xa1t\xcd\x02\xbd\xa1p\xcd\x14\xf5\xa1e\xcd\x04\x04--'
04272019 04:50:47 [INFO]: b'RX:B\x00'
04272019 04:50:47 [INFO]: b'TX:M\x12\x83\xa1h\x00\xa1a\xce\x00\x89T@\xa1o\xce\x01\x12\xa8\x80-----'
04272019 04:50:47 [INFO]: b'RX:B\x00'
04272019 04:50:47 [INFO]: b'TX:M\x15\x84\xa1r\xcd\x04p\xa1t\xcd\x02\xbd\xa1p\xcd\x14\xf4\xa1e\xcd\x04\x04--'
04272019 04:50:47 [INFO]: b'RX:B\x00'
04272019 04:50:47 [INFO]: b'TX:M\x12\x83\xa1h\x00\xa1a\xce\x00\x89T@\xa1o\xce\x01\x12\xa8\x80-----'
04272019 04:50:47 [INFO]: b'RX:B\x00'
04272019 04:50:47 [INFO]: b'TX:M\x12\x83\xa1h\x00\xa1a\xce\x00\x89T@\xa1o\xce\x01\x12\xa8\x80-----'
04272019 04:50:48 [INFO]: b'RX:B\x00'
04272019 04:50:48 [INFO]: b'TX:M\x15\x84\xa1r\xcd\x04o\xa1t\xcd\x02\xbd\xa1p\xcd\x14\xf4\xa1e\xcd\x04\x04--'
04272019 04:50:48 [INFO]: b'RX:B\x00'
04272019 04:50:48 [INFO]: b'TX:M\x12\x83\xa1h\x00\xa1a\xce\x00\x89T@\xa1o\xce\x01\x12\xa8\x80-----'
04272019 04:50:48 [INFO]: b'RX:B\x00'
04272019 04:50:48 [INFO]: b'TX:M\x15\x84\xa1r\xcd\x04o\xa1t\xcd\x02\xbd\xa1p\xcd\x14\xf5\xa1e\xcd\x04\x04--'
04272019 04:50:49 [INFO]: b'RX:B\x00'
04272019 04:50:49 [INFO]: b'TX:M\x12\x83\xa1h\x00\xa1a\xce\x00\x89T@\xa1o\xce\x01\x12\xa8\x80-----'
04272019 04:50:49 [INFO]: b'RX:B\x00'
04272019 04:50:49 [INFO]: b'TX:M\x15\x84\xa1r\xcd\x04p\xa1t\xcd\x02\xbd\xa1p\xcd\x14\xf4\xa1e\xcd\x04\x04--'
04272019 04:50:49 [INFO]: b'RX:B\x00'
04272019 04:50:49 [INFO]: b'TX:M\x12\x83\xa1h\x00\xa1a\xce\x00\x89T@\xa1o\xce\x01\x12\xa8\x80-----'
04272019 04:50:49 [INFO]: b'RX:B\x00'
04272019 04:50:49 [ERROR]: Buffer overflow
04272019 04:50:49 [INFO]: b'TX:M\x12\x83\xa1h\x00\xa1a\xce\x00\x89T@\xa1o\xce\x01\x12\xa8\x80-----'
04272019 04:50:50 [INFO]: b'RX:B\x00'
04272019 04:50:50 [INFO]: b'TX:M\x15\x84\xa1r\xcd\x04t\xa1t\xcd\x02\xbd\xa1p\xcd\x14\xf5\xa1e\xcd\x04\x04--'
04272019 04:50:50 [INFO]: b'RX:B\x00'
04272019 04:50:50 [INFO]: b'TX:M\x12\x83\xa1h\x00\xa1a\xce\x00\x89T@\xa1o\xce\x01\x12\xa8\x80-----'
04272019 04:50:50 [INFO]: b'RX:B\x00'
04272019 04:50:50 [INFO]: b'TX:M\x15\x84\xa1r\xcd\x04t\xa1t\xcd\x02\xbd\xa1p\xcd\x14\xf5\xa1e\xcd\x04\x04--'
04272019 04:50:51 [INFO]: b'RX:B\x00'
04272019 04:50:51 [INFO]: b'TX:M\x12\x83\xa1h\x00\xa1a\xce\x00\x89T@\xa1o\xce\x01\x12\xa8\x80-----'
04272019 04:50:51 [INFO]: b'RX:B\x00'
04272019 04:50:51 [INFO]: b'TX:M\x12\x83\xa1h\x00\xa1a\xce\x00\x89T@\xa1o\xce\x01\x12\xa8\x80-----'
04272019 04:50:51 [INFO]: b'TX:M\x15\x84\xa1r\xcd\x04s\xa1t\xcd\x02\xbd\xa1p\xcd\x14\xf5\xa1e\xcd\x04\x04--'
04272019 04:50:51 [INFO]: b'RX:B\x00'
04272019 04:50:52 [INFO]: b'TX:M\x12\x83\xa1h\x00\xa1a\xce\x00\x89T@\xa1o\xce\x01\x12\xa8\x80-----'
04272019 04:50:52 [INFO]: b'RX:B\x00'
04272019 04:50:52 [INFO]: b'TX:M\x15\x84\xa1r\xcd\x04r\xa1t\xcd\x02\xbd\xa1p\xcd\x14\xf5\xa1e\xcd\x04\x04--'
04272019 04:50:52 [INFO]: b'RX:B\x00'
04272019 04:50:52 [INFO]: b'TX:M\x12\x83\xa1h\x00\xa1a\xce\x00\x89T@\xa1o\xce\x01\x12\xa8\x80-----'
04272019 04:50:52 [INFO]: b'RX:B\x00'
04272019 04:50:52 [INFO]: b'TX:M\x15\x84\xa1r\xcd\x04r\xa1t\xcd\x02\xbd\xa1p\xcd\x14\xf4\xa1e\xcd\x04\x04--'
04272019 04:50:53 [INFO]: b'RX:B\x00'
04272019 04:50:53 [ERROR]: Buffer overflow
04272019 04:50:53 [INFO]: b'TX:M\x15\x84\xa1r\xcd\x04t\xa1t\xcd\x02\xbd\xa1p\xcd\x14\xf4\xa1e\xcd\x04\x04--'
04272019 04:50:53 [INFO]: b'RX:B\x00'
04272019 04:50:53 [INFO]: b'TX:M\x12\x83\xa1h\x00\xa1a\xce\x00\x89T@\xa1o\xce\x01\x12\xa8\x80-----'
04272019 04:50:53 [INFO]: b'RX:B\x00'
04272019 04:50:53 [INFO]: b'TX:M\x15\x84\xa1r\xcd\x04t\xa1t\xcd\x02\xbd\xa1p\xcd\x14\xf4\xa1e\xcd\x04\x04--'
04272019 04:50:53 [INFO]: b'RX:B\x00'
04272019 04:50:54 [INFO]: b'TX:M\x12\x83\xa1h\x00\xa1a\xce\x00\x89T@\xa1o\xce\x01\x12\xa8\x80-----'
04272019 04:50:54 [INFO]: b'RX:B\x00'
04272019 04:50:54 [INFO]: b'TX:M\x15\x84\xa1r\xcd\x04t\xa1t\xcd\x02\xbd\xa1p\xcd\x14\xf5\xa1e\xcd\x04\x04--'
04272019 04:50:54 [INFO]: b'RX:B\x00'
04272019 04:50:54 [INFO]: b'TX:M\x12\x83\xa1h\x00\xa1a\xce\x00\x89T@\xa1o\xce\x01\x12\xa8\x80-----'
04272019 04:50:54 [INFO]: b'RX:B\x00'
04272019 04:50:54 [INFO]: b'TX:M\x12\x83\xa1h\x00\xa1a\xce\x00\x89T@\xa1o\xce\x01\x12\xa8\x80-----'
04272019 04:50:55 [INFO]: b'RX:B\x00'
04272019 04:50:55 [INFO]: b'TX:M\x15\x84\xa1r\xcd\x04s\xa1t\xcd\x02\xbd\xa1p\xcd\x14\xf5\xa1e\xcd\x04\x04--'
04272019 04:50:55 [INFO]: b'RX:B\x00'
04272019 04:50:55 [INFO]: b'TX:M\x12\x83\xa1h\x00\xa1a\xce\x00\x89T@\xa1o\xce\x01\x12\xa8\x80-----'
04272019 04:50:55 [INFO]: b'RX:B\x00'
04272019 04:50:55 [INFO]: b'TX:M\x15\x84\xa1r\xcd\x04s\xa1t\xcd\x02\xbd\xa1p\xcd\x14\xf5\xa1e\xcd\x04\x04--'
04272019 04:50:55 [INFO]: b'RX:B\x00'
04272019 04:50:56 [INFO]: b'TX:M\x12\x83\xa1h\x00\xa1a\xce\x00\x89T@\xa1o\xce\x01\x12\xa8\x80-----'
04272019 04:50:56 [INFO]: b'RX:B\x00'
04272019 04:50:56 [INFO]: b'TX:M\x15\x84\xa1r\xcd\x04t\xa1t\xcd\x02\xbd\xa1p\xcd\x14\xf4\xa1e\xcd\x04\x04--'
04272019 04:50:56 [INFO]: b'RX:B\x00'
04272019 04:50:56 [ERROR]: Buffer overflow
04272019 04:50:56 [INFO]: b'TX:M\x15\x84\xa1r\xcd\x04w\xa1t\xcd\x02\xbd\xa1p\xcd\x14\xf4\xa1e\xcd\x04\x04--'
04272019 04:50:56 [INFO]: b'RX:B\x00'
04272019 04:50:56 [INFO]: b'TX:M\x12\x83\xa1h\x00\xa1a\xce\x00\x89T@\xa1o\xce\x01\x12\xa8\x80-----'
04272019 04:50:57 [INFO]: b'RX:B\x00'
04272019 04:50:57 [INFO]: b'TX:M\x15\x84\xa1r\xcd\x04w\xa1t\xcd\x02\xbd\xa1p\xcd\x14\xf4\xa1e\xcd\x04\x04--'
04272019 04:50:57 [INFO]: b'RX:B\x00'
04272019 04:50:57 [INFO]: b'TX:M\x12\x83\xa1h\x00\xa1a\xce\x00\x89T@\xa1o\xce\x01\x12\xa8\x80-----'
04272019 04:50:57 [INFO]: b'RX:B\x00'
04272019 04:50:57 [INFO]: b'TX:M\x12\x83\xa1h\x00\xa1a\xce\x00\x89T@\xa1o\xce\x01\x12\xa8\x80-----'
04272019 04:50:57 [INFO]: b'RX:B\x00'
04272019 04:50:58 [INFO]: b'TX:M\x15\x84\xa1r\xcd\x04x\xa1t\xcd\x02\xbd\xa1p\xcd\x14\xf4\xa1e\xcd\x04\x04--'
04272019 04:50:58 [INFO]: b'RX:B\x00'
04272019 04:50:58 [INFO]: b'TX:M\x12\x83\xa1h\x00\xa1a\xce\x00\x89T@\xa1o\xce\x01\x12\xa8\x80-----'
04272019 04:50:58 [INFO]: b'RX:B\x00'
04272019 04:50:58 [INFO]: b'TX:M\x15\x84\xa1r\xcd\x04x\xa1t\xcd\x02\xbc\xa1p\xcd\x14\xf4\xa1e\xcd\x04\x04--'
04272019 04:50:58 [INFO]: b'RX:B\x00'
04272019 04:50:58 [INFO]: b'TX:M\x12\x83\xa1h\x00\xa1a\xce\x00\x89T@\xa1o\xce\x01\x12\xa8\x80-----'
04272019 04:50:59 [INFO]: b'RX:B\x00'
04272019 04:50:59 [INFO]: b'TX:M\x15\x84\xa1r\xcd\x04x\xa1t\xcd\x02\xbc\xa1p\xcd\x14\xf4\xa1e\xcd\x04\x04--'
04272019 04:50:59 [INFO]: b'RX:B\x00'
04272019 04:50:59 [INFO]: b'TX:M\x12\x83\xa1h\x00\xa1a\xce\x00\x89T@\xa1o\xce\x01\x12\xa8\x80-----'
04272019 04:50:59 [INFO]: b'RX:B\x00'
04272019 04:50:59 [INFO]: b'TX:M\x15\x84\xa1r\xcd\x04x\xa1t\xcd\x02\xbc\xa1p\xcd\x14\xf4\xa1e\xcd\x04\x04--'
04272019 04:50:59 [INFO]: b'RX:B\x00'
04272019 04:50:59 [ERROR]: Buffer overflow
04272019 04:51:00 [INFO]: b'TX:M\x12\x83\xa1h\x00\xa1a\xce\x00\x89T@\xa1o\xce\x01\x12\xa8\x80-----'
04272019 04:51:00 [INFO]: b'RX:B\x00'
04272019 04:51:00 [INFO]: b'TX:M\x15\x84\xa1r\xcd\x04v\xa1t\xcd\x02\xbc\xa1p\xcd\x14\xf5\xa1e\xcd\x04\x04--'
04272019 04:51:00 [INFO]: b'RX:B\x00'
04272019 04:51:00 [INFO]: b'TX:M\x15\x84\xa1r\xcd\x04v\xa1t\xcd\x02\xbc\xa1p\xcd\x14\xf5\xa1e\xcd\x04\x04--'
04272019 04:51:00 [INFO]: b'RX:B\x00'
04272019 04:51:00 [INFO]: b'TX:M\x12\x83\xa1h\x00\xa1a\xce\x00\x89T@\xa1o\xce\x01\x12\xa8\x80-----'
04272019 04:51:01 [INFO]: b'RX:B\x00'
04272019 04:51:01 [INFO]: b'TX:M\x15\x84\xa1r\xcd\x04v\xa1t\xcd\x02\xbc\xa1p\xcd\x14\xf4\xa1e\xcd\x04\x04--'
04272019 04:51:01 [INFO]: b'RX:B\x00'
04272019 04:51:01 [INFO]: b'TX:M\x12\x83\xa1h\x00\xa1a\xce\x00\x89T@\xa1o\xce\x01\x12\xa8\x80-----'
04272019 04:51:01 [INFO]: b'RX:B\x00'
04272019 04:51:01 [INFO]: b'TX:M\x12\x83\xa1h\x00\xa1a\xce\x00\x89T@\xa1o\xce\x01\x12\xa8\x80-----'
04272019 04:51:02 [INFO]: b'RX:B\x00'
04272019 04:51:02 [INFO]: b'TX:M\x15\x84\xa1r\xcd\x04v\xa1t\xcd\x02\xbc\xa1p\xcd\x14\xf4\xa1e\xcd\x04\x04--'
04272019 04:51:02 [INFO]: b'RX:B\x00'
04272019 04:51:02 [INFO]: b'TX:M\x12\x83\xa1h\x00\xa1a\xce\x00\x89T@\xa1o\xce\x01\x12\xa8\x80-----'
04272019 04:51:02 [INFO]: b'RX:B\x00'
04272019 04:51:02 [INFO]: b'TX:M\x15\x84\xa1r\xcd\x04v\xa1t\xcd\x02\xbc\xa1p\xcd\x14\xf4\xa1e\xcd\x04\x04--'
04272019 04:51:02 [INFO]: b'RX:B\x00'
04272019 04:51:02 [ERROR]: Buffer overflow
04272019 04:51:02 [INFO]: b'TX:M\x12\x83\xa1h\x00\xa1a\xce\x00\x89T@\xa1o\xce\x01\x12\xa8\x80-----'
04272019 04:51:03 [INFO]: b'RX:B\x00'
04272019 04:51:03 [INFO]: b'TX:M\x15\x84\xa1r\xcd\x04y\xa1t\xcd\x02\xbc\xa1p\xcd\x14\xf5\xa1e\xcd\x04\x04--'
04272019 04:51:03 [INFO]: b'RX:B\x00'
04272019 04:51:03 [INFO]: b'TX:M\x12\x83\xa1h\x00\xa1a\xce\x00\x89T@\xa1o\xce\x01\x12\xa8\x80-----'
04272019 04:51:03 [INFO]: b'RX:B\x00'
04272019 04:51:03 [INFO]: b'TX:M\x15\x84\xa1r\xcd\x04y\xa1t\xcd\x02\xbc\xa1p\xcd\x14\xf5\xa1e\xcd\x04\x04--'
04272019 04:51:04 [INFO]: b'RX:B\x00'
04272019 04:51:04 [INFO]: b'TX:M\x12\x83\xa1h\x00\xa1a\xce\x00\x89T@\xa1o\xce\x01\x12\xa8\x80-----'
04272019 04:51:04 [INFO]: b'RX:B\x00'
04272019 04:51:04 [INFO]: b'TX:M\x15\x84\xa1r\xcd\x04z\xa1t\xcd\x02\xbc\xa1p\xcd\x14\xf4\xa1e\xcd\x04\x04--'
04272019 04:51:04 [INFO]: b'RX:B\x00'
04272019 04:51:04 [INFO]: b'TX:M\x12\x83\xa1h\x00\xa1a\xce\x00\x89T@\xa1o\xce\x01\x12\xa8\x80-----'
04272019 04:51:04 [INFO]: b'RX:B\x00'
04272019 04:51:05 [INFO]: b'TX:M\x15\x84\xa1r\xcd\x04y\xa1t\xcd\x02\xbc\xa1p\xcd\x14\xf4\xa1e\xcd\x04\x04--'
04272019 04:51:05 [INFO]: b'RX:B\x00'
04272019 04:51:05 [INFO]: b'TX:M\x15\x84\xa1r\xcd\x04y\xa1t\xcd\x02\xbc\xa1p\xcd\x14\xf5\xa1e\xcd\x04\x04--'
04272019 04:51:05 [INFO]: b'RX:B\x00'
04272019 04:51:05 [INFO]: b'TX:M\x12\x83\xa1h\x00\xa1a\xce\x00\x89T@\xa1o\xce\x01\x12\xa8\x80-----'
04272019 04:51:05 [INFO]: b'RX:B\x00'
04272019 04:51:05 [INFO]: b'TX:M\x12\x83\xa1h\x00\xa1a\xce\x00\x89T@\xa1o\xce\x01\x12\xa8\x80-----'
04272019 04:51:06 [INFO]: b'RX:B\x00'
04272019 04:51:06 [INFO]: b'TX:M\x15\x84\xa1r\xcd\x04x\xa1t\xcd\x02\xbc\xa1p\xcd\x14\xf5\xa1e\xcd\x04\x04--'
04272019 04:51:06 [INFO]: b'RX:B\x00'
04272019 04:51:06 [ERROR]: Buffer overflow
04272019 04:51:06 [INFO]: b'TX:M\x12\x83\xa1h\x00\xa1a\xce\x00\x89T@\xa1o\xce\x01\x12\xa8\x80-----'
04272019 04:51:06 [INFO]: b'RX:B\x00'
04272019 04:51:06 [INFO]: b'TX:M\x15\x84\xa1r\xcd\x04y\xa1t\xcd\x02\xbc\xa1p\xcd\x14\xf4\xa1e\xcd\x04\x04--'
04272019 04:51:06 [INFO]: b'RX:B\x00'
04272019 04:51:07 [INFO]: b'TX:M\x12\x83\xa1h\x00\xa1a\xce\x00\x89T@\xa1o\xce\x01\x12\xa8\x80-----'
04272019 04:51:07 [INFO]: b'RX:B\x00'
04272019 04:51:07 [INFO]: b'TX:M\x15\x84\xa1r\xcd\x04w\xa1t\xcd\x02\xbc\xa1p\xcd\x14\xf4\xa1e\xcd\x04\x04--'
04272019 04:51:07 [INFO]: b'RX:B\x00'
04272019 04:51:07 [INFO]: b'TX:M\x12\x83\xa1h\x00\xa1a\xce\x00\x89T@\xa1o\xce\x01\x12\xa8\x80-----'
04272019 04:51:07 [INFO]: b'RX:B\x00'
04272019 04:51:07 [INFO]: b'TX:M\x15\x84\xa1r\xcd\x04w\xa1t\xcd\x02\xbc\xa1p\xcd\x14\xf4\xa1e\xcd\x04\x04--'
04272019 04:51:08 [INFO]: b'RX:B\x00'
04272019 04:51:08 [INFO]: b'TX:M\x12\x83\xa1h\x00\xa1a\xce\x00\x89T@\xa1o\xce\x01\x12\xa8\x80-----'
04272019 04:51:08 [INFO]: b'RX:B\x00'
04272019 04:51:08 [INFO]: b'TX:M\x15\x84\xa1r\xcd\x04x\xa1t\xcd\x02\xbc\xa1p\xcd\x14\xf4\xa1e\xcd\x04\x04--'
04272019 04:51:08 [INFO]: b'RX:B\x00'
04272019 04:51:08 [INFO]: b'TX:M\x12\x83\xa1h\x00\xa1a\xce\x00\x89T@\xa1o\xce\x01\x12\xa8\x80-----'
04272019 04:51:08 [INFO]: b'RX:B\x00'
04272019 04:51:09 [INFO]: b'TX:M\x15\x84\xa1r\xcd\x04x\xa1t\xcd\x02\xbc\xa1p\xcd\x14\xf4\xa1e\xcd\x04\x04--'
04272019 04:51:09 [INFO]: b'RX:B\x00'
04272019 04:51:09 [INFO]: b'TX:M\x12\x83\xa1h\x00\xa1a\xce\x00\x89T@\xa1o\xce\x01\x12\xa8\x80-----'
04272019 04:51:09 [INFO]: b'RX:B\x00'
04272019 04:51:09 [INFO]: b'TX:M\x15\x84\xa1r\xcd\x04x\xa1t\xcd\x02\xbc\xa1p\xcd\x14\xf5\xa1e\xcd\x04\x04--'
04272019 04:51:09 [INFO]: b'RX:B\x00'
04272019 04:51:09 [ERROR]: Buffer overflow
04272019 04:51:09 [INFO]: b'TX:M\x12\x83\xa1h\x00\xa1a\xce\x00\x89T@\xa1o\xce\x01\x12\xa8\x80-----'
04272019 04:51:10 [INFO]: b'RX:B\x00'
04272019 04:51:10 [INFO]: b'TX:M\x15\x84\xa1r\xcd\x04y\xa1t\xcd\x02\xbc\xa1p\xcd\x14\xf3\xa1e\xcd\x04\x04--'
04272019 04:51:10 [INFO]: b'RX:B\x00'
04272019 04:51:10 [INFO]: b'TX:M\x12\x83\xa1h\x00\xa1a\xce\x00\x89T@\xa1o\xce\x01\x12\xa8\x80-----'
04272019 04:51:10 [INFO]: b'RX:B\x00'
04272019 04:51:10 [INFO]: b'TX:M\x15\x84\xa1r\xcd\x04y\xa1t\xcd\x02\xbc\xa1p\xcd\x14\xf4\xa1e\xcd\x04\x04--'
04272019 04:51:11 [INFO]: b'RX:B\x00'
04272019 04:51:11 [INFO]: b'TX:M\x12\x83\xa1h\x00\xa1a\xce\x00\x89T@\xa1o\xce\x01\x12\xa8\x80-----'
04272019 04:51:11 [INFO]: b'RX:B\x00'
04272019 04:51:11 [INFO]: b'TX:M\x15\x84\xa1r\xcd\x04y\xa1t\xcd\x02\xbc\xa1p\xcd\x14\xf4\xa1e\xcd\x04\x04--'
04272019 04:51:11 [INFO]: b'RX:B\x00'
04272019 04:51:11 [INFO]: b'TX:M\x12\x83\xa1h\x00\xa1a\xce\x00\x89T@\xa1o\xce\x01\x12\xa8\x80-----'
04272019 04:51:11 [INFO]: b'RX:B\x00'
04272019 04:51:11 [INFO]: b'TX:M\x15\x84\xa1r\xcd\x04y\xa1t\xcd\x02\xbc\xa1p\xcd\x14\xf4\xa1e\xcd\x04\x04--'
04272019 04:51:12 [INFO]: b'RX:B\x00'
04272019 04:51:12 [INFO]: b'TX:M\x12\x83\xa1h\x00\xa1a\xce\x00\x89T@\xa1o\xce\x01\x12\xa8\x80-----'
04272019 04:51:12 [INFO]: b'RX:B\x00'
04272019 04:51:12 [INFO]: b'TX:M\x15\x84\xa1r\xcd\x04{\xa1t\xcd\x02\xbc\xa1p\xcd\x14\xf4\xa1e\xcd\x04\x04--'
04272019 04:51:12 [INFO]: b'RX:B\x00'
04272019 04:51:12 [INFO]: b'TX:M\x12\x83\xa1h\x00\xa1a\xce\x00\x89T@\xa1o\xce\x01\x12\xa8\x80-----'
04272019 04:51:13 [INFO]: b'RX:B\x00'
04272019 04:51:13 [INFO]: b'TX:M\x15\x84\xa1r\xcd\x04~\xa1t\xcd\x02\xbc\xa1p\xcd\x14\xf4\xa1e\xcd\x04\x04--'
04272019 04:51:13 [INFO]: b'RX:B\x00'
04272019 04:51:13 [ERROR]: Buffer overflow
04272019 04:51:13 [INFO]: b'TX:M\x12\x83\xa1h\x00\xa1a\xce\x00\x89T@\xa1o\xce\x01\x12\xa8\x80-----'
04272019 04:51:13 [INFO]: b'RX:B\x00'
04272019 04:51:13 [INFO]: b'TX:M\x15\x84\xa1r\xcd\x04\x80\xa1t\xcd\x02\xbc\xa1p\xcd\x14\xf4\xa1e\xcd\x04\x04--'
04272019 04:51:13 [INFO]: b'RX:B\x00'
04272019 04:51:13 [INFO]: b'TX:M\x12\x83\xa1h\x00\xa1a\xce\x00\x89T@\xa1o\xce\x01\x12\xa8\x80-----'
04272019 04:51:14 [INFO]: b'RX:B\x00'
04272019 04:51:14 [INFO]: b'TX:M\x12\x83\xa1h\x00\xa1a\xce\x00\x89T@\xa1o\xce\x01\x12\xa8\x80-----'
04272019 04:51:14 [INFO]: b'RX:B\x00'
04272019 04:51:14 [INFO]: b'TX:M\x15\x84\xa1r\xcd\x04\x81\xa1t\xcd\x02\xbc\xa1p\xcd\x14\xf4\xa1e\xcd\x04\x04--'
04272019 04:51:14 [INFO]: b'RX:B\x00'
04272019 04:51:14 [INFO]: b'TX:M\x15\x84\xa1r\xcd\x04\x81\xa1t\xcd\x02\xbc\xa1p\xcd\x14\xf4\xa1e\xcd\x04\x04--'
04272019 04:51:15 [INFO]: b'RX:B\x00'
04272019 04:51:15 [INFO]: b'TX:M\x12\x83\xa1h\x00\xa1a\xce\x00\x89T@\xa1o\xce\x01\x12\xa8\x80-----'
04272019 04:51:15 [INFO]: b'RX:B\x00'
04272019 04:51:15 [INFO]: b'TX:M\x15\x84\xa1r\xcd\x04\x80\xa1t\xcd\x02\xbc\xa1p\xcd\x14\xf5\xa1e\xcd\x04\x04--'
04272019 04:51:15 [INFO]: b'RX:B\x00'
04272019 04:51:15 [INFO]: b'TX:M\x12\x83\xa1h\x00\xa1a\xce\x00\x89T@\xa1o\xce\x01\x12\xa8\x80-----'
04272019 04:51:15 [INFO]: b'RX:B\x00'
04272019 04:51:15 [INFO]: b'TX:M\x15\x84\xa1r\xcd\x04\x80\xa1t\xcd\x02\xbc\xa1p\xcd\x14\xf5\xa1e\xcd\x04\x04--'
04272019 04:51:16 [INFO]: b'RX:B\x00'
04272019 04:51:16 [INFO]: b'TX:M\x12\x83\xa1h\x00\xa1a\xce\x00\x89T@\xa1o\xce\x01\x12\xa8\x80-----'
04272019 04:51:16 [INFO]: b'RX:B\x00'
04272019 04:51:16 [INFO]: b'TX:M\x15\x84\xa1r\xcd\x04\x81\xa1t\xcd\x02\xbc\xa1p\xcd\x14\xf5\xa1e\xcd\x04\x03--'
04272019 04:51:16 [ERROR]: Buffer overflow
04272019 04:51:16 [INFO]: b'RX:B\x00'
04272019 04:51:17 [INFO]: b'TX:M\x12\x83\xa1h\x00\xa1a\xce\x00\x89T@\xa1o\xce\x01\x12\xa8\x80-----'
04272019 04:51:17 [INFO]: b'RX:B\x00'
04272019 04:51:17 [INFO]: b'TX:M\x15\x84\xa1r\xcd\x04\x84\xa1t\xcd\x02\xbc\xa1p\xcd\x14\xf4\xa1e\xcd\x04\x03--'
04272019 04:51:17 [INFO]: b'RX:B\x00'
04272019 04:51:17 [INFO]: b'TX:M\x12\x83\xa1h\x00\xa1a\xce\x00\x89T@\xa1o\xce\x01\x12\xa8\x80-----'
04272019 04:51:17 [INFO]: b'RX:B\x00'
04272019 04:51:18 [INFO]: b'TX:M\x15\x84\xa1r\xcd\x04\x84\xa1t\xcd\x02\xbc\xa1p\xcd\x14\xf4\xa1e\xcd\x04\x03--'
04272019 04:51:18 [INFO]: b'RX:B\x00'
04272019 04:51:18 [INFO]: b'TX:M\x12\x83\xa1h\x00\xa1a\xce\x00\x89T@\xa1o\xce\x01\x12\xa8\x80-----'
04272019 04:51:18 [INFO]: b'RX:B\x00'
04272019 04:51:18 [INFO]: b'TX:M\x15\x84\xa1r\xcd\x04\x82\xa1t\xcd\x02\xbc\xa1p\xcd\x14\xf4\xa1e\xcd\x04\x03--'
04272019 04:51:18 [INFO]: b'RX:B\x00'
04272019 04:51:18 [INFO]: b'TX:M\x12\x83\xa1h\x00\xa1a\xce\x00\x89T@\xa1o\xce\x01\x12\xa8\x80-----'
04272019 04:51:19 [INFO]: b'RX:B\x00'
04272019 04:51:19 [INFO]: b'TX:M\x15\x84\xa1r\xcd\x04\x82\xa1t\xcd\x02\xbc\xa1p\xcd\x14\xf4\xa1e\xcd\x04\x03--'
04272019 04:51:19 [INFO]: b'RX:B\x00'
04272019 04:51:19 [INFO]: b'TX:M\x12\x83\xa1h\x00\xa1a\xce\x00\x89T@\xa1o\xce\x01\x12\xa8\x80-----'
04272019 04:51:19 [INFO]: b'RX:B\x00'
04272019 04:51:19 [ERROR]: Buffer overflow
04272019 04:51:19 [INFO]: b'TX:M\x15\x84\xa1r\xcd\x04\x82\xa1t\xcd\x02\xbc\xa1p\xcd\x14\xf5\xa1e\xcd\x04\x03--'
04272019 04:51:19 [INFO]: b'RX:B\x00'
04272019 04:51:20 [INFO]: b'TX:M\x12\x83\xa1h\x00\xa1a\xce\x00\x89T@\xa1o\xce\x01\x12\xa8\x80-----'
04272019 04:51:20 [INFO]: b'RX:B\x00'
04272019 04:51:20 [INFO]: b'TX:M\x15\x84\xa1r\xcd\x04\x82\xa1t\xcd\x02\xbc\xa1p\xcd\x14\xf5\xa1e\xcd\x04\x03--'
04272019 04:51:20 [INFO]: b'RX:B\x00'
04272019 04:51:20 [INFO]: b'TX:M\x12\x83\xa1h\x00\xa1a\xce\x00\x89T@\xa1o\xce\x01\x12\xa8\x80-----'
04272019 04:51:20 [INFO]: b'RX:B\x00'
04272019 04:51:20 [INFO]: b'TX:M\x15\x84\xa1r\xcd\x04\x85\xa1t\xcd\x02\xbc\xa1p\xcd\x14\xf4\xa1e\xcd\x04\x03--'
04272019 04:51:21 [INFO]: b'RX:B\x00'
04272019 04:51:21 [INFO]: b'TX:M\x12\x83\xa1h\x00\xa1a\xce\x00\x89T@\xa1o\xce\x01\x12\xa8\x80-----'
04272019 04:51:21 [INFO]: b'RX:B\x00'
04272019 04:51:21 [INFO]: b'TX:M\x15\x84\xa1r\xcd\x04\x87\xa1t\xcd\x02\xbc\xa1p\xcd\x14\xf4\xa1e\xcd\x04\x03--'
04272019 04:51:21 [INFO]: b'RX:B\x00'
04272019 04:51:21 [INFO]: b'TX:M\x12\x83\xa1h\x00\xa1a\xce\x00\x89T@\xa1o\xce\x01\x12\xa8\x80-----'
04272019 04:51:21 [INFO]: b'RX:B\x00'
04272019 04:51:22 [INFO]: b'TX:M\x15\x84\xa1r\xcd\x04\x87\xa1t\xcd\x02\xbc\xa1p\xcd\x14\xf4\xa1e\xcd\x04\x03--'
04272019 04:51:22 [INFO]: b'RX:B\x00'
04272019 04:51:22 [INFO]: b'TX:M\x12\x83\xa1h\x00\xa1a\xce\x00\x89T@\xa1o\xce\x01\x12\xa8\x80-----'
04272019 04:51:22 [INFO]: b'RX:B\x00'
04272019 04:51:22 [INFO]: b'TX:M\x12\x83\xa1h\x00\xa1a\xce\x00\x89T@\xa1o\xce\x01\x12\xa8\x80-----'
04272019 04:51:22 [INFO]: b'RX:B\x00'
04272019 04:51:22 [INFO]: b'TX:M\x15\x84\xa1r\xcd\x04\x87\xa1t\xcd\x02\xbc\xa1p\xcd\x14\xf3\xa1e\xcd\x04\x03--'
04272019 04:51:23 [INFO]: b'RX:B\x00'
04272019 04:51:23 [ERROR]: Buffer overflow
04272019 04:51:23 [INFO]: b'TX:M\x15\x84\xa1r\xcd\x04\x87\xa1t\xcd\x02\xbc\xa1p\xcd\x14\xf4\xa1e\xcd\x04\x03--'
04272019 04:51:23 [INFO]: b'RX:B\x00'
04272019 04:51:23 [INFO]: b'TX:M\x12\x83\xa1h\x00\xa1a\xce\x00\x89T@\xa1o\xce\x01\x12\xa8\x80-----'
04272019 04:51:23 [INFO]: b'RX:B\x00'
04272019 04:51:23 [INFO]: b'TX:M\x12\x83\xa1h\x00\xa1a\xce\x00\x89T@\xa1o\xce\x01\x12\xa8\x80-----'
04272019 04:51:24 [INFO]: b'RX:B\x00'
04272019 04:51:24 [INFO]: b'TX:M\x15\x84\xa1r\xcd\x04\x87\xa1t\xcd\x02\xbc\xa1p\xcd\x14\xf4\xa1e\xcd\x04\x03--'
04272019 04:51:24 [INFO]: b'RX:B\x00'
04272019 04:51:24 [INFO]: b'TX:M\x15\x84\xa1r\xcd\x04\x89\xa1t\xcd\x02\xbc\xa1p\xcd\x14\xf4\xa1e\xcd\x04\x03--'
04272019 04:51:24 [INFO]: b'RX:B\x00'
04272019 04:51:24 [INFO]: b'TX:M\x12\x83\xa1h\x00\xa1a\xce\x00\x89T@\xa1o\xce\x01\x12\xa8\x80-----'
04272019 04:51:24 [INFO]: b'RX:B\x00'
04272019 04:51:24 [INFO]: b'TX:M\x15\x84\xa1r\xcd\x04\x89\xa1t\xcd\x02\xbc\xa1p\xcd\x14\xf4\xa1e\xcd\x04\x03--'
04272019 04:51:25 [INFO]: b'RX:B\x00'
04272019 04:51:25 [INFO]: b'TX:M\x12\x83\xa1h\x00\xa1a\xce\x00\x89T@\xa1o\xce\x01\x12\xa8\x80-----'
04272019 04:51:25 [INFO]: b'RX:B\x00'
04272019 04:51:25 [INFO]: b'TX:M\x12\x83\xa1h\x00\xa1a\xce\x00\x89T@\xa1o\xce\x01\x12\xa8\x80-----'
04272019 04:51:25 [INFO]: b'RX:T246268'
04272019 04:51:25 [INFO]: CMD: T83511----

04272019 04:51:25 [INFO]: b'TX:ST83511------------------'
04272019 04:51:26 [INFO]: b'RX:B\x00'
04272019 04:51:26 [INFO]: b'TX:T\x00\xd5\x00\xe1\x00\xea\x00\xee\x00\xf5\x00\xfb\x00\xff\x00\xff\x00\xff\x00\xff\x00\xff\x00\xff'
04272019 04:51:26 [INFO]: b'RX:B\x00'
04272019 04:51:26 [ERROR]: Buffer overflow
04272019 04:51:26 [INFO]: b'TX:M\x15\x84\xa1r\xcd\x04\x8c\xa1t\xcd\x02\xbc\xa1p\xcd\x14\xf4\xa1e\xcd\x04\x03--'
04272019 04:51:26 [INFO]: b'RX:B\x00'
04272019 04:51:26 [INFO]: b'TX:T\x00\xff\x00\xff\x00\xff\x00\xff\x00\xff\x00\xff\x00\xff\x00\xff\x00\xff\x00\xff\x00\xff\x00\xff'
04272019 04:51:27 [INFO]: b'RX:B\x00'
04272019 04:51:27 [INFO]: b'TX:M\x12\x83\xa1h\x00\xa1a\xce\x00\x89T@\xa1o\xce\x01\x12\xa8\x80-----'
04272019 04:51:27 [INFO]: b'RX:B\x00'
04272019 04:51:27 [INFO]: b'TX:T\x00\xd4\x00\xe3\x00\xea\x00\xf1\x00\xf9\x00\xfb\x00\xff\x00\xff\x00\xff\x00\xff\x00\xff\x00\xff'
04272019 04:51:27 [INFO]: b'RX:B\x00'
04272019 04:51:27 [INFO]: b'TX:M\x15\x84\xa1r\xcd\x04\x8c\xa1t\xcd\x02\xbc\xa1p\xcd\x14\xf4\xa1e\xcd\x04\x03--'
04272019 04:51:27 [INFO]: b'RX:B\x00'
04272019 04:51:27 [INFO]: b'TX:T\x00\xff\x00\xff\x00\xff\x00\xff\x00\xff\x00\xff\x00\xff\x00\xff\x00\xff\x00\xff\x00\xff\x00\xff'
04272019 04:51:28 [INFO]: b'RX:B\x00'
04272019 04:51:28 [INFO]: b'TX:M\x15\x84\xa1r\xcd\x04\x8d\xa1t\xcd\x02\xbb\xa1p\xcd\x14\xf4\xa1e\xcd\x04\x03--'
04272019 04:51:28 [INFO]: b'RX:B\x00'
04272019 04:51:28 [INFO]: b'TX:T\x00\xda\x00\xe6\x00\xf1\x00\xf2\x00\xfc\x00\xfb\x00\xff\x00\xff\x00\xff\x00\xff\x00\xff\x00\xff'
04272019 04:51:28 [INFO]: b'RX:B\x00'
04272019 04:51:28 [ERROR]: Buffer overflow
04272019 04:51:28 [INFO]: b'TX:M\x15\x84\xa1r\xcd\x04\x8e\xa1t\xcd\x02\xbb\xa1p\xcd\x14\xf4\xa1e\xcd\x04\x03--'
04272019 04:51:28 [INFO]: b'RX:B\x00'
04272019 04:51:29 [INFO]: b'TX:T\x00\xff\x00\xff\x00\xff\x00\xff\x00\xff\x00\xff\x00\xff\x00\xff\x00\xff\x00\xff\x00\xff\x00\xff'
04272019 04:51:29 [INFO]: b'RX:B\x00'
04272019 04:51:29 [INFO]: b'TX:M\x12\x83\xa1h\x00\xa1a\xce\x00\x89T@\xa1o\xce\x01\x12\xa8\x80-----'
04272019 04:51:29 [INFO]: b'RX:B\x00'
04272019 04:51:29 [INFO]: b'TX:T\x00\xde\x00\xe7\x00\xef\x00\xf6\x00\xf9\x00\xff\x00\xff\x00\xff\x00\xff\x00\xff\x00\xff\x00\xff'
04272019 04:51:29 [INFO]: b'RX:I23526L\xb1'
04272019 04:51:29 [INFO]: CMD: I47170L---

04272019 04:51:29 [INFO]: b'TX:SI000353647170L----------'
04272019 04:51:30 [INFO]: b'RX:B\x00'
04272019 04:51:30 [INFO]: b'TX:I\xff\xd8\xff\xe0\x00\x10JFIF\x00\x01\x01\x00\x00\x01\x00\x01\x00\x00\xff\xdb\x00C'
04272019 04:51:30 [INFO]: b'RX:B\x00'
04272019 04:51:30 [INFO]: b'TX:T\x00\xff\x00\xff\x00\xff\x00\xff\x00\xff\x00\xff\x00\xff\x00\xff\x00\xff\x00\xff\x00\xff\x00\xff'
04272019 04:51:30 [INFO]: b'RX:B\x00'
04272019 04:51:30 [ERROR]: Buffer overflow
04272019 04:51:30 [INFO]: b'TX:M\x15\x84\xa1r\xcd\x04\x90\xa1t\xcd\x02\xbb\xa1p\xcd\x14\xf4\xa1e\xcd\x04\x03--'
04272019 04:51:30 [INFO]: b'RX:B\x00'
04272019 04:51:30 [INFO]: b'TX:I\x00\x08\x06\x06\x07\x06\x05\x08\x07\x07\x07\t\t\x08\n\x0c\x14\r\x0c\x0b\x0b\x0c\x19\x12'
04272019 04:51:31 [INFO]: b'RX:B\x00'
04272019 04:51:31 [INFO]: b'TX:T\x00\xe3\x00\xe9\x00\xf0\x00\xf4\x00\xfd\x00\xff\x00\xff\x00\xff\x00\xff\x00\xff\x00\xff\x00\xff'
04272019 04:51:31 [INFO]: b'RX:B\x00'
04272019 04:51:31 [INFO]: b'TX:M\x12\x83\xa1h\x00\xa1a\xce\x00\x89T@\xa1o\xce\x01\x12\xa8\x80-----'
04272019 04:51:31 [INFO]: b'TX:I\x13\x0f\x14\x1d\x1a\x1f\x1e\x1d\x1a\x1c\x1c $.\' ",#\x1c\x1c(7)'
04272019 04:51:32 [INFO]: b'RX:B\x00'
04272019 04:51:32 [INFO]: b'TX:T\x00\xff\x00\xff\x00\xff\x00\xff\x00\xff\x00\xff\x00\xff\x00\xff\x00\xff\x00\xff\x00\xff\x00\xff'
04272019 04:51:32 [INFO]: b'RX:B\x00'
04272019 04:51:32 [INFO]: b'TX:M\x15\x84\xa1r\xcd\x04\x8e\xa1t\xcd\x02\xbb\xa1p\xcd\x14\xf4\xa1e\xcd\x04\x03--'
04272019 04:51:32 [INFO]: b'RX:B\x00'
04272019 04:51:32 [INFO]: b"TX:I,01444\x1f'9=82<.342\xff\xdb\x00C\x01\t\t"
04272019 04:51:32 [INFO]: b'RX:B\x00'
04272019 04:51:32 [INFO]: b'TX:T\x00\xe2\x00\xee\x00\xf3\x00\xf9\x00\xff\x00\xff\x00\xff\x00\xff\x00\xff\x00\xff\x00\xff\x00\xff'
04272019 04:51:33 [INFO]: b'RX:B\x00'
04272019 04:51:33 [ERROR]: Buffer overflow
04272019 04:51:33 [INFO]: b'TX:M\x15\x84\xa1r\xcd\x04\x91\xa1t\xcd\x02\xbb\xa1p\xcd\x14\xf4\xa1e\xcd\x04\x03--'
04272019 04:51:33 [INFO]: b'RX:B\x00'
04272019 04:51:33 [INFO]: b'TX:I\t\x0c\x0b\x0c\x18\r\r\x182!\x1c!222222222222'
04272019 04:51:33 [INFO]: b'RX:B\x00'
04272019 04:51:33 [INFO]: b'TX:T\x00\xff\x00\xff\x00\xff\x00\xff\x00\xff\x00\xff\x00\xff\x00\xff\x00\xff\x00\xff\x00\xff\x00\xff'
04272019 04:51:34 [INFO]: b'RX:PL1x'
04272019 04:51:34 [INFO]: b'TX:M\x12\x83\xa1h\x00\xa1a\xce\x00\x89T@\xa1o\xce\x01\x12\xa8\x80-----'
04272019 04:51:34 [INFO]: b'RX:B\x00'
04272019 04:51:34 [INFO]: b'TX:I222222222222222222222222'
04272019 04:51:34 [INFO]: b'RX:B\x00'
04272019 04:51:34 [INFO]: b'TX:T\x00\xe0\x00\xeb\x00\xf5\x00\xfa\x00\xfe\x00\xff\x00\xff\x00\xff\x00\xff\x00\xff\x00\xff\x00\xff'
04272019 04:51:35 [INFO]: b'RX:B\x00'
04272019 04:51:35 [ERROR]: Buffer overflow
04272019 04:51:35 [INFO]: b'TX:M\x12\x83\xa1h\x00\xa1a\xce\x00\x89T@\xa1o\xce\x01\x12\xa8\x80-----'
04272019 04:51:35 [INFO]: b'RX:B\x00'
04272019 04:51:35 [INFO]: b'TX:I22222222222222\xff\xc0\x00\x11\x08\x00x\x00\xa0\x03'
04272019 04:51:35 [INFO]: b'RX:B\x00'
04272019 04:51:35 [INFO]: b'TX:T\x00\xff\x00\xff\x00\xff\x00\xff\x00\xff\x00\xff\x00\xff\x00\xff\x00\xff\x00\xff\x00\xff\x00\xff'
04272019 04:51:35 [INFO]: b'RX:B\x00'
04272019 04:51:35 [INFO]: b'TX:M\x15\x84\xa1r\xcd\x04\x97\xa1t\xcd\x02\xbb\xa1p\xcd\x14\xf4\xa1e\xcd\x04\x02--'
04272019 04:51:36 [INFO]: b'RX:B\x00'
04272019 04:51:36 [INFO]: b'TX:I\x01"\x00\x02\x11\x01\x03\x11\x01\xff\xc4\x00\x1f\x00\x00\x01\x05\x01\x01\x01\x01\x01\x01\x00'
04272019 04:51:36 [INFO]: b'RX:B\x00'
04272019 04:51:36 [INFO]: b'TX:T\x00\xe5\x00\xec\x00\xf3\x00\xf5\x00\xfc\x00\xff\x00\xff\x00\xff\x00\xff\x00\xff\x00\xff\x00\xff'
04272019 04:51:36 [INFO]: b'RX:B\x00'
04272019 04:51:36 [ERROR]: Buffer overflow
04272019 04:51:36 [INFO]: b'TX:M\x15\x84\xa1r\xcd\x04\x95\xa1t\xcd\x02\xbb\xa1p\xcd\x14\xf4\xa1e\xcd\x04\x02--'
04272019 04:51:36 [INFO]: b'RX:B\x00'
04272019 04:51:37 [INFO]: b'TX:I\x00\x00\x00\x00\x00\x00\x00\x01\x02\x03\x04\x05\x06\x07\x08\t\n\x0b\xff\xc4\x00\xb5\x10\x00'
04272019 04:51:37 [INFO]: b'RX:B\x00'
04272019 04:51:37 [INFO]: b'TX:T\x00\xff\x00\xff\x00\xff\x00\xff\x00\xff\x00\xff\x00\xff\x00\xff\x00\xff\x00\xff\x00\xff\x00\xff'
04272019 04:51:37 [INFO]: b'RX:B\x00'
04272019 04:51:37 [INFO]: b'TX:M\x15\x84\xa1r\xcd\x04\x95\xa1t\xcd\x02\xbb\xa1p\xcd\x14\xf5\xa1e\xcd\x04\x02--'
04272019 04:51:37 [INFO]: b'RX:B\x00'
04272019 04:51:37 [INFO]: b'TX:I\x02\x01\x03\x03\x02\x04\x03\x05\x05\x04\x04\x00\x00\x01}\x01\x02\x03\x00\x04\x11\x05\x12!'
04272019 04:51:38 [INFO]: b'RX:B\x00'
04272019 04:51:38 [INFO]: b'TX:T\x00\xe0\x00\xee\x00\xf5\x00\xf8\x00\xfc\x00\xff\x00\xff\x00\xff\x00\xff\x00\xff\x00\xff\x00\xff'
04272019 04:51:38 [INFO]: b'RX:B\x00'
04272019 04:51:38 [ERROR]: Buffer overflow
04272019 04:51:38 [INFO]: b'TX:M\x12\x83\xa1h\x00\xa1a\xce\x00\x89T@\xa1o\xce\x01\x12\xa8\x80-----'
04272019 04:51:38 [INFO]: b'RX:B\x00'
04272019 04:51:38 [INFO]: b'TX:I1A\x06\x13Qa\x07"q\x142\x81\x91\xa1\x08#B\xb1\xc1\x15R\xd1\xf0$'
04272019 04:51:38 [INFO]: b'RX:B\x00'
04272019 04:51:38 [INFO]: b'TX:T\x00\xff\x00\xff\x00\xff\x00\xff\x00\xff\x00\xff\x00\xff\x00\x00\x00\xff\x00\xff\x00\xff\x00\xff'
04272019 04:51:39 [INFO]: b'RX:B\x00'
04272019 04:51:39 [INFO]: b'TX:M\x12\x83\xa1h\x00\xa1a\xce\x00\x89T@\xa1o\xce\x01\x12\xa8\x80-----'
04272019 04:51:39 [INFO]: b'RX:B\x00'
04272019 04:51:39 [INFO]: b"TX:I3br\x82\t\n\x16\x17\x18\x19\x1a%&'()*456789:"
04272019 04:51:39 [INFO]: b'RX:B\x00'
04272019 04:51:39 [INFO]: b'TX:T\x00\xe5\x00\xed\x00\xf5\x00\xf9\x00\xfd\x00\xff\x00\xff\x00\x00\x00\xff\x00\xff\x00\xff\x00\xff'
04272019 04:51:40 [INFO]: b'RX:B\x00'
04272019 04:51:40 [INFO]: b'TX:M\x12\x83\xa1h\x00\xa1a\xce\x00\x89T@\xa1o\xce\x01\x12\xa8\x80-----'
04272019 04:51:40 [INFO]: b'TX:ICDEFGHIJSTUVWXYZcdefghij'
04272019 04:51:40 [INFO]: b'RX:B\x00'
04272019 04:51:40 [INFO]: b'TX:T\x00\xff\x00\xff\x00\xff\x00\xff\x00\xff\x00\xff\x00\xff\x00\x00\x00\xff\x00\xff\x00\xff\x00\xff'
04272019 04:51:40 [INFO]: b'RX:B\x00'
04272019 04:51:40 [ERROR]: Buffer overflow
04272019 04:51:40 [INFO]: b'TX:M\x15\x84\xa1r\xcd\x04\x99\xa1t\xcd\x02\xbb\xa1p\xcd\x14\xf4\xa1e\xcd\x04\x02--'
04272019 04:51:41 [INFO]: b'TX:Istuvwxyz\x83\x84\x85\x86\x87\x88\x89\x8a\x92\x93\x94\x95\x96\x97\x98\x99'
04272019 04:51:41 [INFO]: b'RX:B\x00'
04272019 04:51:41 [INFO]: b'RX:B\x00'
04272019 04:51:41 [INFO]: b'TX:T\x00\xdf\x00\xeb\x00\xf5\x00\xf7\x00\xfd\x00\xfe\x00\xff\x00\x00\x00\xff\x00\xff\x00\xff\x00\xff'
04272019 04:51:41 [INFO]: b'RX:B\x00'
04272019 04:51:41 [INFO]: b'TX:M\x15\x84\xa1r\xcd\x04\x99\xa1t\xcd\x02\xbb\xa1p\xcd\x14\xf4\xa1e\xcd\x04\x02--'
04272019 04:51:42 [INFO]: b'RX:B\x00'
04272019 04:51:42 [INFO]: b'TX:I\x9a\xa2\xa3\xa4\xa5\xa6\xa7\xa8\xa9\xaa\xb2\xb3\xb4\xb5\xb6\xb7\xb8\xb9\xba\xc2\xc3\xc4\xc5\xc6'
04272019 04:51:42 [INFO]: b'RX:B\x00'
04272019 04:51:42 [INFO]: b'TX:T\x00\xff\x00\xff\x00\xff\x00\xff\x00\xff\x00\xff\x00\xff\x00\x00\x00\xff\x00\xff\x00\xff\x00\xff'
04272019 04:51:42 [INFO]: b'RX:B\x00'
04272019 04:51:42 [ERROR]: Buffer overflow
04272019 04:51:42 [INFO]: b'TX:M\x15\x84\xa1r\xcd\x04\x9c\xa1t\xcd\x02\xbb\xa1p\xcd\x14\xf4\xa1e\xcd\x04\x02--'
04272019 04:51:42 [INFO]: b'RX:B\x00'
04272019 04:51:43 [INFO]: b'TX:I\xc7\xc8\xc9\xca\xd2\xd3\xd4\xd5\xd6\xd7\xd8\xd9\xda\xe1\xe2\xe3\xe4\xe5\xe6\xe7\xe8\xe9\xea\xf1'
04272019 04:51:43 [INFO]: b'RX:B\x00'
04272019 04:51:43 [INFO]: b'TX:T\x00\xdf\x00\xeb\x00\xf3\x00\xf6\x00\xfb\x00\xfe\x00\xff\x00\x00\x00\xff\x00\xff\x00\xff\x00\xff'
04272019 04:51:43 [INFO]: b'RX:B\x00'
04272019 04:51:43 [INFO]: b'TX:M\x15\x84\xa1r\xcd\x04\x9e\xa1t\xcd\x02\xbb\xa1p\xcd\x14\xf4\xa1e\xcd\x04\x02--'
04272019 04:51:43 [INFO]: b'RX:B\x00'
04272019 04:51:43 [INFO]: b'TX:I\xf2\xf3\xf4\xf5\xf6\xf7\xf8\xf9\xfa\xff\xc4\x00\x1f\x01\x00\x03\x01\x01\x01\x01\x01\x01\x01\x01'
04272019 04:51:44 [INFO]: b'RX:B\x00'
04272019 04:51:44 [INFO]: b'TX:T\x00\xff\x00\xff\x00\xff\x00\xff\x00\xff\x00\xff\x00\xff\x00\x00\x00\xff\x00\xff\x00\xff\x00\xff'
04272019 04:51:44 [INFO]: b'RX:B\x00'
04272019 04:51:44 [ERROR]: Buffer overflow
04272019 04:51:44 [INFO]: b'TX:M\x15\x84\xa1r\xcd\x04\x9f\xa1t\xcd\x02\xbb\xa1p\xcd\x14\xf4\xa1e\xcd\x04\x02--'
04272019 04:51:44 [INFO]: b'RX:B\x00'
04272019 04:51:44 [INFO]: b'TX:I\x01\x00\x00\x00\x00\x00\x00\x01\x02\x03\x04\x05\x06\x07\x08\t\n\x0b\xff\xc4\x00\xb5\x11\x00'
04272019 04:51:44 [INFO]: b'RX:B\x00'
04272019 04:51:44 [INFO]: b'TX:T\x00\xde\x00\xe4\x00\xef\x00\xf7\x00\xfb\x00\xfb\x00\xff\x00\x00\x00\xff\x00\xff\x00\xff\x00\xff'
04272019 04:51:45 [INFO]: b'RX:B\x00'
04272019 04:51:45 [INFO]: b'TX:M\x15\x84\xa1r\xcd\x04\x9f\xa1t\xcd\x02\xbb\xa1p\xcd\x14\xf4\xa1e\xcd\x04\x02--'
04272019 04:51:45 [INFO]: b'RX:B\x00'
04272019 04:51:45 [INFO]: b'TX:I\x02\x01\x02\x04\x04\x03\x04\x07\x05\x04\x04\x00\x01\x02w\x00\x01\x02\x03\x11\x04\x05!1'
04272019 04:51:45 [INFO]: b'RX:B\x00'
04272019 04:51:45 [INFO]: b'TX:T\x00\xff\x00\xff\x00\xff\x00\xff\x00\xff\x00\xff\x00\xff\x00\x00\x00\xff\x00\xff\x00\xff\x00\xff'
04272019 04:51:46 [INFO]: b'RX:B\x00'
04272019 04:51:46 [INFO]: b'TX:M\x12\x83\xa1h\x00\xa1a\xce\x00\x89T@\xa1o\xce\x01\x12\xa8\x80-----'
04272019 04:51:46 [INFO]: b'RX:B\x00'
04272019 04:51:46 [INFO]: b'TX:I\x06\x12AQ\x07aq\x13"2\x81\x08\x14B\x91\xa1\xb1\xc1\t#3R\xf0\x15'
04272019 04:51:46 [INFO]: b'RX:B\x00'
04272019 04:51:46 [INFO]: b'TX:T\x00\xd6\x00\xe2\x00\xee\x00\xf5\x00\xf7\x00\xfe\x00\xff\x00\x00\x00\xff\x00\xff\x00\xff\x00\xff'
04272019 04:51:46 [INFO]: b'RX:B\x00'
04272019 04:51:46 [ERROR]: Buffer overflow
04272019 04:51:46 [INFO]: b'TX:M\x12\x83\xa1h\x00\xa1a\xce\x00\x89T@\xa1o\xce\x01\x12\xa8\x80-----'
04272019 04:51:47 [INFO]: b'RX:B\x00'
04272019 04:51:47 [INFO]: b"TX:Ibr\xd1\n\x16$4\xe1%\xf1\x17\x18\x19\x1a&'()*56789"
04272019 04:51:47 [INFO]: b'RX:B\x00'
04272019 04:51:47 [INFO]: b'TX:T\x00\xff\x00\xff\x00\xff\x00\xff\x00\xff\x00\xff\x00\xff\x00\x00\x00\xff\x00\xff\x00\xff\x00\xff'
04272019 04:51:47 [INFO]: b'RX:B\x00'
04272019 04:51:47 [INFO]: b'TX:M\x15\x84\xa1r\xcd\x04\xa2\xa1t\xcd\x02\xbb\xa1p\xcd\x14\xf5\xa1e\xcd\x04\x02--'
04272019 04:51:47 [INFO]: b'RX:B\x00'
04272019 04:51:47 [INFO]: b'TX:I:CDEFGHIJSTUVWXYZcdefghi'
04272019 04:51:48 [INFO]: b'RX:B\x00'
04272019 04:51:48 [INFO]: b'TX:T\x00\xd3\x00\xe1\x00\xea\x00\xf1\x00\xf4\x00\xf8\x00\xff\x00\x00\x00\xff\x00\xff\x00\xff\x00\xff'
04272019 04:51:48 [INFO]: b'RX:B\x00'
04272019 04:51:48 [ERROR]: Buffer overflow
04272019 04:51:48 [INFO]: b'TX:M\x12\x83\xa1h\x00\xa1a\xce\x00\x89T@\xa1o\xce\x01\x12\xa8\x80-----'
04272019 04:51:48 [INFO]: b'RX:B\x00'
04272019 04:51:48 [INFO]: b'TX:Ijstuvwxyz\x82\x83\x84\x85\x86\x87\x88\x89\x8a\x92\x93\x94\x95\x96\x97'
04272019 04:51:49 [INFO]: b'RX:B\x00'
04272019 04:51:49 [INFO]: b'TX:T\x00\xff\x00\xff\x00\xff\x00\xff\x00\xff\x00\xff\x00\xff\x00\x00\x00\xff\x00\xff\x00\xff\x00\xff'
04272019 04:51:49 [INFO]: b'RX:B\x00'
04272019 04:51:49 [INFO]: b'TX:M\x15\x84\xa1r\xcd\x04\xa3\xa1t\xcd\x02\xbb\xa1p\xcd\x14\xf4\xa1e\xcd\x04\x02--'
04272019 04:51:49 [INFO]: b'RX:B\x00'
04272019 04:51:49 [INFO]: b'TX:I\x98\x99\x9a\xa2\xa3\xa4\xa5\xa6\xa7\xa8\xa9\xaa\xb2\xb3\xb4\xb5\xb6\xb7\xb8\xb9\xba\xc2\xc3\xc4'
04272019 04:51:49 [INFO]: b'RX:B\x00'
04272019 04:51:49 [INFO]: b'TX:T\x00\xca\x00\xda\x00\xe3\x00\xec\x00\xee\x00\xf2\x00\xfc\x00\xff\x00\xff\x00\xff\x00\xff\x00\xff'
04272019 04:51:50 [INFO]: b'RX:B\x00'
04272019 04:51:50 [ERROR]: Buffer overflow
04272019 04:51:50 [INFO]: b'TX:M\x15\x84\xa1r\xcd\x04\xa3\xa1t\xcd\x02\xbb\xa1p\xcd\x14\xf4\xa1e\xcd\x04\x02--'
04272019 04:51:50 [INFO]: b'RX:B\x00'
04272019 04:51:50 [INFO]: b'TX:I\xc5\xc6\xc7\xc8\xc9\xca\xd2\xd3\xd4\xd5\xd6\xd7\xd8\xd9\xda\xe2\xe3\xe4\xe5\xe6\xe7\xe8\xe9\xea'
04272019 04:51:50 [INFO]: b'RX:B\x00'
04272019 04:51:50 [INFO]: b'TX:T\x00\xff\x00\xff\x00\xff\x00\xff\x00\xff\x00\xff\x00\xff\x00\x00\x00\xff\x00\xff\x00\xff\x00\xff'
04272019 04:51:50 [INFO]: b'RX:B\x00'
04272019 04:51:51 [INFO]: b'TX:M\x15\x84\xa1r\xcd\x04\xa4\xa1t\xcd\x02\xbb\xa1p\xcd\x14\xf4\xa1e\xcd\x04\x02--'
04272019 04:51:51 [INFO]: b'RX:B\x00'
04272019 04:51:51 [INFO]: b'TX:I\xf2\xf3\xf4\xf5\xf6\xf7\xf8\xf9\xfa\xff\xda\x00\x0c\x03\x01\x00\x02\x11\x03\x11\x00?\x00\xf3'
04272019 04:51:51 [INFO]: b'RX:B\x00'
04272019 04:51:51 [INFO]: b'TX:M\x12\x83\xa1h\x00\xa1a\xce\x00\x89T@\xa1o\xce\x01\x12\xa8\x80-----'
04272019 04:51:51 [INFO]: b'RX:B\x00'
04272019 04:51:52 [INFO]: b'TX:I\xeb\x82\x0b\x9c\x1es\xc5V\x0b\xbc\x9084\xf6\x91YG\xad\x06E\x11\x90\x14d'
04272019 04:51:52 [INFO]: b'RX:B\x00'
04272019 04:51:52 [ERROR]: Buffer overflow
04272019 04:51:52 [INFO]: b'TX:M\x12\x83\xa1h\x00\xa1a\xce\x00\x89T@\xa1o\xce\x01\x12\xa8\x80-----'
04272019 04:51:52 [INFO]: b'RX:B\x00'
04272019 04:51:52 [INFO]: b'TX:I\xf7\xacuF\x8a\xc5y\x10\xa6A8\xa2\xc6\xdf\xedZ\x85\xbc\x1d\xe4\x90/\xebQ'
04272019 04:51:52 [INFO]: b'RX:B\x00'
04272019 04:51:52 [INFO]: b'TX:M\x12\x83\xa1h\x00\xa1a\xce\x00\x89T@\xa1o\xce\x01\x12\xa8\x80-----'
04272019 04:51:53 [INFO]: b'RX:B\x00'
04272019 04:51:53 [INFO]: b'TX:I\xcc\xe4\xf5\xcd^\xf0\xe1\xff\x00\x89\xfd\xa1=\x98\x9f\xd0\xd5\xad\x84\xce\xa7\xc4\xd2b'
04272019 04:51:53 [INFO]: b'RX:B\x00'
04272019 04:51:53 [INFO]: b'TX:M\x15\x84\xa1r\xcd\x04\xa4\xa1t\xcd\x02\xbb\xa1p\xcd\x14\xf5\xa1e\xcd\x04\x02--'
04272019 04:51:53 [INFO]: b'RX:B\x00'
04272019 04:51:53 [INFO]: b'TX:I4\n8_\x94}*O\x0cL>\xe9\xe0\x9a\xaf\xe2\x12^\xdc7m\xe2\xabi'
04272019 04:51:53 [INFO]: b'RX:B\x00'
04272019 04:51:53 [ERROR]: Buffer overflow
04272019 04:51:53 [INFO]: b'TX:M\x15\x84\xa1r\xcd\x04\xa7\xa1t\xcd\x02\xbb\xa1p\xcd\x14\xf4\xa1e\xcd\x04\x02--'
04272019 04:51:54 [INFO]: b'RX:B\x00'
04272019 04:51:54 [INFO]: b'TX:I\x05\x92a\xb5\xb8\x15\x8dex\x9batgiu\x19d,\xbdEr\xfa\xbb\xfe'
04272019 04:51:54 [INFO]: b'RX:B\x00'
04272019 04:51:54 [INFO]: b'TX:M\x15\x84\xa1r\xcd\x04\xa7\xa1t\xcd\x02\xbb\xa1p\xcd\x14\xf4\xa1e\xcd\x04\x02--'
04272019 04:51:54 [INFO]: b'RX:B\x00'
04272019 04:51:54 [INFO]: b'TX:I\xebn0\xd9\xae\x9a+\x9f5\x00\xe3\xa5s\xda\xfa\x0c\xa9\x1dk\x96\x9b\xf7\xacz'
04272019 04:51:55 [INFO]: b'RX:B\x00'
04272019 04:51:55 [INFO]: b'TX:M\x12\x83\xa1h\x00\xa1a\xce\x00\x89T@\xa1o\xce\x01\x12\xa8\x80-----'
04272019 04:51:55 [INFO]: b'RX:B\x00'
04272019 04:51:55 [INFO]: b'TX:I.:\x1c\xdc\x8eJ\x00{TI+&v\xd5\x86\x8f\x8c\x1a\xae\xd1\x15l\x8a\xeb'
04272019 04:51:55 [INFO]: b'RX:B\x00'
04272019 04:51:55 [INFO]: b'TX:M\x12\x83\xa1h\x00\xa1a\xce\x00\x89T@\xa1o\xce\x01\x12\xa8\x80-----'
04272019 04:51:55 [INFO]: b'RX:B\x00'
04272019 04:51:55 [INFO]: b'TX:IFn$l|\xc9\x00\xef\x9a\xeb4x\x88\xb6Q\x8e\xa6\xb1,l\x0c\xf2\t1'
04272019 04:51:56 [INFO]: b'RX:B\x00'
04272019 04:51:56 [ERROR]: Buffer overflow
04272019 04:51:56 [INFO]: b'TX:M\x12\x83\xa1h\x00\xa1a\xce\x00\x89T@\xa1o\xce\x01\x12\xa8\x80-----'
04272019 04:51:56 [INFO]: b'RX:B\x00'
04272019 04:51:56 [INFO]: b'TX:I\x80:\xd7\xa3\xf8{D\t\x02O2\xf1\x8f\x95M\x12\x9a\x8a\xbb1ps|\xb1'
04272019 04:51:56 [INFO]: b'RX:B\x00'
04272019 04:51:56 [INFO]: b'TX:M\x15\x84\xa1r\xcd\x04\xa5\xa1t\xcd\x02\xbb\xa1p\xcd\x14\xf5\xa1e\xcd\x04\x02--'
04272019 04:51:56 [INFO]: b'RX:B\x00'
04272019 04:51:57 [INFO]: b'TX:I \xb6\xd2\xe5\x95G\x18\x06\xba\x9b\x0b\x05\xb6\x81Q{u\xa6$\x88\xf2\x85P\x02'
04272019 04:51:57 [INFO]: b'RX:B\x00'
04272019 04:51:57 [INFO]: b'TX:M\x15\x84\xa1r\xcd\x04\xa5\xa1t\xcd\x02\xbb\xa1p\xcd\x14\xf4\xa1e\xcd\x04\x02--'
04272019 04:51:57 [INFO]: b'RX:B\x00'
04272019 04:51:57 [INFO]: b'TX:I\x8e\x95\xa5\x166\x9a\xe1\xafZR;(\xd0\x8d5~\xa47\x89\xb6\xd1\xb1\xe9\x9a'
04272019 04:51:57 [INFO]: b'RX:B\x00'
04272019 04:51:57 [INFO]: b'TX:M\x15\x84\xa1r\xcd\x04\xa6\xa1t\xcd\x02\xbb\xa1p\xcd\x14\xf4\xa1e\xcd\x04\x02--'
04272019 04:51:58 [INFO]: b'RX:B\x00'
04272019 04:51:58 [INFO]: b'TX:I\xf0\xcdkW\xb8\xb9\xd4f\nN\xd0\xe5@\xaf{\x91<\xc4(G\x04W\x9aG'
04272019 04:51:58 [INFO]: b'RX:B\x00'
04272019 04:51:58 [ERROR]: Buffer overflow
04272019 04:51:58 [INFO]: b'TX:M\x12\x83\xa1h\x00\xa1a\xce\x00\x89T@\xa1o\xce\x01\x12\xa8\x80-----'
04272019 04:51:58 [INFO]: b'RX:B\x00'
04272019 04:51:58 [INFO]: b'TX:I\xe0\xaf\xb2\xf8\x86k\x9b\x81\xba\xdf~\xe4_Z\x8c<\xe3\x16\xdc\x8b\xa8\xa7$\x94'
04272019 04:51:59 [INFO]: b'RX:B\x00'
04272019 04:51:59 [INFO]: b'TX:M\x12\x83\xa1h\x00\xa1a\xce\x00\x89T@\xa1o\xce\x01\x12\xa8\x80-----'
04272019 04:51:59 [INFO]: b'RX:B\x00'
04272019 04:51:59 [INFO]: b'TX:IL\xef\rZM\x05\xbb\xcfr\x85Y\xfe\xee}*\xc5\xc3\xabHpk\xb0\xba\xd2'
04272019 04:51:59 [INFO]: b'RX:B\x00'
04272019 04:51:59 [INFO]: b'TX:M\x12\x83\xa1h\x00\xa1a\xce\x00\x89T@\xa1o\xce\x01\x12\xa8\x80-----'
04272019 04:51:59 [INFO]: b'RX:B\x00'
04272019 04:51:59 [INFO]: b'TX:I\x9ak6\x91F=+\x80\xb8\xdf\r\xd3\xc6\xfc`\xd6\xf4\xaa\xf36\xcc*\xd3i'
04272019 04:52:00 [INFO]: b'RX:B\x00'
04272019 04:52:00 [INFO]: b'TX:M\x15\x84\xa1r\xcd\x04\xa6\xa1t\xcd\x02\xbb\xa1p\xcd\x14\xf4\xa1e\xcd\x04\x02--'
04272019 04:52:00 [INFO]: b'RX:B\x00'
04272019 04:52:00 [INFO]: b'TX:I\x0f\x96\\g\x06\xa8\xc99\x19\xa9\xa4 \x8a\xa9(\xe2\xbana\x15c\x9a\xc1\x03'
04272019 04:52:00 [INFO]: b'RX:B\x00'
04272019 04:52:00 [ERROR]: Buffer overflow
04272019 04:52:00 [INFO]: b'TX:M\x15\x84\xa1r\xcd\x04\xa8\xa1t\xcd\x02\xbb\xa1p\xcd\x14\xf4\xa1e\xcd\x04\x01--'
04272019 04:52:00 [INFO]: b'RX:B\x00'
04272019 04:52:01 [INFO]: b'TX:I5(\xda\xcasL.\x1b\xa0\xfc\xaaD\x89\xca\x12\x06\x069&\xba\x19\xe7"\xa4'
04272019 04:52:01 [INFO]: b'RX:B\x00'
04272019 04:52:01 [INFO]: b'TX:M\x12\x83\xa1h\x00\xa1a\xce\x00\x89T@\xa1o\xce\x01\x12\xa8\x80-----'
04272019 04:52:01 [INFO]: b'TX:I\xbb\xb3W4F\xd9\xaa\xc0\xe7=H\xfaqPM\x18\x07\x96\xcf\xd2\xa5\xb4\x90@'
04272019 04:52:01 [INFO]: b'RX:B\x00'
04272019 04:52:01 [INFO]: b'TX:M\x12\x83\xa1h\x00\xa1a\xce\x00\x89T@\xa1o\xce\x01\x12\xa8\x80-----'
04272019 04:52:02 [INFO]: b'RX:B\x00'
04272019 04:52:02 [INFO]: b'TX:I\xcb!\x00\x10\xc3\xafZ\x97\xb1h\xea\xf5\x02\xb3Y\x92\xc7\xa1\xaa\x16\x92\xa20\x00'
04272019 04:52:02 [INFO]: b'RX:B\x00'
04272019 04:52:02 [INFO]: b'TX:M\x15\x84\xa1r\xcd\x04\xa9\xa1t\xcd\x02\xbb\xa1p\xcd\x14\xf4\xa1e\xcd\x04\x01--'
04272019 04:52:02 [INFO]: b'RX:B\x00'
04272019 04:52:02 [INFO]: b'TX:I\xf7\xab\x8d\x89m\xd9\x0fB+\x01\x83\xc1q\xb7\xb05\x12\\\xc8\xda\x9f\xba\xcfA'
04272019 04:52:02 [INFO]: b'RX:B\x00'
04272019 04:52:02 [ERROR]: Buffer overflow
04272019 04:52:02 [INFO]: b'TX:M\x15\x84\xa1r\xcd\x04\xa7\xa1t\xcd\x02\xbb\xa1p\xcd\x14\xf5\xa1e\xcd\x04\x01--'
04272019 04:52:03 [INFO]: b'RX:B\x00'
04272019 04:52:03 [INFO]: b'TX:I\xb0)$c\x9eqT\xf5ko8\x8d\xb95\x9b\xa4\xdf\x10p[\x8fJ\xda\x8e'
04272019 04:52:03 [INFO]: b'RX:B\x00'
04272019 04:52:03 [INFO]: b'TX:M\x12\x83\xa1h\x00\xa1a\xce\x00\x89T@\xa1o\xce\x01\x12\xa8\x80-----'
04272019 04:52:03 [INFO]: b'RX:B\x00'
04272019 04:52:03 [INFO]: b'TX:ICq8\x00\xe4W\x17+\x8c\xaezq|\xc8\xe7e\xb1\x925\xcb-E\x1d\xa7'
04272019 04:52:04 [INFO]: b'RX:B\x00'
04272019 04:52:04 [INFO]: b'TX:M\x12\x83\xa1h\x00\xa1a\xce\x00\x89T@\xa1o\xce\x01\x12\xa8\x80-----'
04272019 04:52:04 [INFO]: b'RX:B\x00'
04272019 04:52:04 [INFO]: b'TX:I\x98G\x15\xdb\xcb\xa6\xf9\xf6\xc5\xb1\xd6\xb3-\xb4\xd9\r\xc8\x8c.9\xad\xa9\xcdK'
04272019 04:52:04 [INFO]: b'RX:B\x00'
04272019 04:52:04 [INFO]: b'TX:M\x15\x84\xa1r\xcd\x04\xaa\xa1t\xcd\x02\xbb\xa1p\xcd\x14\xf4\xa1e\xcd\x04\x01--'
04272019 04:52:04 [INFO]: b'TX:Is:\xb1\x94V\x85\xaf\x0eh\xde|\xab\xbd\x7ft\x9c\xb1\xf5\xf6\xae\xb6\xf2\xe1a'
04272019 04:52:05 [INFO]: b'RX:B\x00'
04272019 04:52:05 [ERROR]: Buffer overflow
04272019 04:52:05 [INFO]: b'TX:M\x15\x84\xa1r\xcd\x04\xaa\xa1t\xcd\x02\xbb\xa1p\xcd\x14\xf5\xa1e\xcd\x04\x01--'
04272019 04:52:05 [INFO]: b'RX:B\x00'
04272019 04:52:05 [INFO]: b'TX:IO*>8\xc7\x1d\x856\xddb\xb0\xb2\n\x98\xce:\xfa\x9a\xc4\xba\xbd\x1es\x12'
04272019 04:52:05 [INFO]: b'RX:B\x00'
04272019 04:52:05 [INFO]: b'TX:M\x12\x83\xa1h\x00\xa1a\xce\x00\x89T@\xa1o\xce\x01\x12\xa8\x80-----'
04272019 04:52:05 [INFO]: b'RX:B\x00'
04272019 04:52:06 [INFO]: b'TX:Ik\x197R^F\xb0\x82\xa5\rwf\xa43\xacD\x12{U\xc85\x15\r\x82'
04272019 04:52:06 [INFO]: b'RX:B\x00'
04272019 04:52:06 [INFO]: b'TX:M\x12\x83\xa1h\x00\xa1a\xce\x00\x89T@\xa1o\xce\x01\x12\xa8\x80-----'
04272019 04:52:06 [INFO]: b'RX:B\x00'
04272019 04:52:06 [INFO]: b'TX:Ik\x8f\x9fT\xc0\x18\xaa\x8b\xaa8nZ\x8a\x94\xae\x8d);\xeezI\xbf\x8d\x97'
04272019 04:52:06 [INFO]: b'RX:B\x00'
04272019 04:52:06 [ERROR]: Buffer overflow
04272019 04:52:06 [INFO]: b'TX:M\x12\x83\xa1h\x00\xa1a\xce\x00\x89T@\xa1o\xce\x01\x12\xa8\x80-----'
04272019 04:52:07 [INFO]: b'RX:B\x00'
04272019 04:52:07 [INFO]: b'TX:I\x82*\xbc\x97\x88:\x80~\xb5\xc5\xc5\xab6>\xf5L\xda\xa1`>j\xe7\xf6,'
04272019 04:52:07 [INFO]: b'RX:B\x00'
04272019 04:52:07 [INFO]: b'TX:M\x12\x83\xa1h\x00\xa1a\xce\x00\x89T@\xa1o\xce\x01\x12\xa8\x80-----'
04272019 04:52:07 [INFO]: b'RX:B\x00'
04272019 04:52:07 [INFO]: b'TX:I\xdb\xdd\x89\xd0^j\x9f\xba \x10\x16\xbc\xd3W\xb8\x0f|\xec\x0f\xf1V\xa6\xb1\xad'
04272019 04:52:07 [INFO]: b'RX:B\x00'
04272019 04:52:07 [INFO]: b'TX:M\x15\x84\xa1r\xcd\x04\xb1\xa1t\xcd\x02\xbb\xa1p\xcd\x14\xf5\xa1e\xcd\x04\x01--'
04272019 04:52:08 [INFO]: b'RX:B\x00'
04272019 04:52:08 [INFO]: b'TX:I%\xb5\xb1\xcb\xf2\xdc\x01\\\x9f\xdb\x16\xe1\x8bn\xe6\xba\xa8\xd1\xe5\xd4\xe4\xabQ='
04272019 04:52:08 [INFO]: b'RX:B\x00'
04272019 04:52:08 [INFO]: b'TX:M\x12\x83\xa1h\x00\xa1a\xce\x00\x89T@\xa1o\xce\x01\x12\xa8\x80-----'
04272019 04:52:08 [INFO]: b'RX:B\x00'
04272019 04:52:08 [INFO]: b'TX:I\x0b\xa2}\xdcP~aT\x91\x8e\xff\x00j\xb4\x01\xed])\x1c\x8d\xab\x9c\xf0%'
04272019 04:52:09 [INFO]: b'RX:B\x00'
04272019 04:52:09 [ERROR]: Buffer overflow
04272019 04:52:09 [INFO]: b'TX:M\x12\x83\xa1h\x00\xa1a\xce\x00\x89T@\xa1o\xce\x01\x12\xa8\x80-----'
04272019 04:52:09 [INFO]: b'RX:B\x00'
04272019 04:52:09 [INFO]: b'TX:IO\x15a\x17x\x1b\x89=\xea\xa4j\xecx\x04\xd5\xaeB\x05\xf4\x1c\xd7[G\x93'
04272019 04:52:09 [INFO]: b'RX:B\x00'
04272019 04:52:09 [INFO]: b'TX:M\x12\x83\xa1h\x00\xa1a\xce\x00\x89T@\xa1o\xce\x01\x12\xa8\x80-----'
04272019 04:52:09 [INFO]: b'RX:B\x00'
04272019 04:52:09 [INFO]: b'TX:Iv2l\x90\x14\x00\x00\xaa\xce\xa4\x0c\x93\xcdX*I\x1cTS\x02\x00\x06\xa1\xee'
04272019 04:52:10 [INFO]: b'RX:B\x00'
04272019 04:52:10 [INFO]: b'TX:M\x15\x84\xa1r\xcd\x04\xb7\xa1t\xcd\x02\xba\xa1p\xcd\x14\xf4\xa1e\xcd\x04\x01--'
04272019 04:52:10 [INFO]: b'RX:B\x00'
04272019 04:52:10 [INFO]: b'TX:Ik\x1d\x8e\x9fN\x98Me\x13\x9eI\\\x1f\xadEu\x02\x96\xce9\xaaZ,\xf8'
04272019 04:52:10 [INFO]: b'RX:B\x00'
04272019 04:52:10 [INFO]: b'TX:M\x15\x84\xa1r\xcd\x04\xb7\xa1t\xcd\x02\xba\xa1p\xcd\x14\xf4\xa1e\xcd\x04\x01--'
04272019 04:52:10 [INFO]: b'RX:B\x00'
04272019 04:52:11 [INFO]: b'TX:I\x8d\xe1=\x8e\xe1Z\xaeCu\xac\x9a\xb3:i\xbb\xeaCh\x84\x1eN+\xa6\xd1'
04272019 04:52:11 [INFO]: b'RX:B\x00'
04272019 04:52:11 [ERROR]: Buffer overflow
04272019 04:52:11 [INFO]: b'TX:M\x12\x83\xa1h\x00\xa1a\xce\x00\x89T@\xa1o\xce\x01\x12\xa8\x80-----'
04272019 04:52:11 [INFO]: b'RX:B\x00'
04272019 04:52:11 [INFO]: b'TX:I\xd4\x03\xb8\x9e\xbd\xab\x00(\x1d\x075v\xd6\xf1\xa0\x03\x15\x8c\xe1s\xb6\x9c\xecz'
04272019 04:52:11 [INFO]: b'RX:B\x00'
04272019 04:52:11 [INFO]: b'TX:M\x12\x83\xa1h\x00\xa1a\xce\x00\x89T@\xa1o\xce\x01\x12\xa8\x80-----'
04272019 04:52:12 [INFO]: b'RX:B\x00'
04272019 04:52:12 [INFO]: b'TX:IE\x98\xb6\x8e\x01\xe60\x1ct&\xb2\xb5=B\xda\x17\xdbl\x07\xb9\xaeJmf'
04272019 04:52:12 [INFO]: b'RX:B\x00'
04272019 04:52:12 [INFO]: b'TX:M\x15\x84\xa1r\xcd\x04\xb7\xa1t\xcd\x02\xbb\xa1p\xcd\x14\xf4\xa1e\xcd\x04\x01--'
04272019 04:52:12 [INFO]: b'RX:B\x00'
04272019 04:52:12 [INFO]: b"TX:IV'\xe6 Uc\x7f\xb9\xbef\xac\xa1B\xce\xec\xe8\x9dk\xab$tsk\x0c"
04272019 04:52:12 [INFO]: b'RX:B\x00'
04272019 04:52:12 [INFO]: b'TX:M\x15\x84\xa1r\xcd\x04\xb7\xa1t\xcd\x02\xbb\xa1p\xcd\x14\xf4\xa1e\xcd\x04\x01--'
04272019 04:52:13 [INFO]: b'RX:B\x00'
04272019 04:52:13 [INFO]: b'TX:I\xd1m\xcdd\xdc]\x97$\xe6\xb3\xda\x7fCL\xf3I\xadTR\xd8\xca\xed\xeeI'
04272019 04:52:13 [ERROR]: Buffer overflow
04272019 04:52:13 [INFO]: b'RX:B\x00'
04272019 04:52:13 [INFO]: b'TX:M\x15\x84\xa1r\xcd\x04\xb3\xa1t\xcd\x02\xba\xa1p\xcd\x14\xf4\xa1e\xcd\x04\x01--'
04272019 04:52:13 [INFO]: b'RX:B\x00'
04272019 04:52:13 [INFO]: b'TX:I$\xc7\xaej\x0f0\x93\xd6\x9cP\xb0\xcdFc \xf4\xa7cX\xcd\x13,\x84\x1e'
04272019 04:52:14 [INFO]: b'RX:B\x00'
04272019 04:52:14 [INFO]: b'TX:M\x12\x83\xa1h\x00\xa1a\xce\x00\x89T@\xa1o\xce\x01\x12\xa8\x80-----'
04272019 04:52:14 [INFO]: b'RX:B\x00'
04272019 04:52:14 [INFO]: b'TX:I\xb58\x94\x91\xd6\xab"\x92:T\xa3\xa5\n$\xd4\xa8a\xea\xd1Ouw\xd3\xe4'
04272019 04:52:14 [INFO]: b'RX:B\x00'
04272019 04:52:14 [INFO]: b'TX:M\x12\x83\xa1h\x00\xa1a\xce\x00\x89T@\xa1o\xce\x01\x12\xa8\x80-----'
04272019 04:52:14 [INFO]: b'RX:B\x00'
04272019 04:52:15 [INFO]: b'TX:IQ\x81QAd\xcb\xd4V\xf3\x05=E@\xec\xa8;\n\xd2\xfd\x0ek-\xcc\xe9'
04272019 04:52:15 [INFO]: b'RX:B\x00'
04272019 04:52:15 [ERROR]: Buffer overflow
04272019 04:52:15 [INFO]: b'TX:M\x12\x83\xa1h\x00\xa1a\xce\x00\x89T@\xa1o\xce\x01\x12\xa8\x80-----'
04272019 04:52:15 [INFO]: b'RX:B\x00'
04272019 04:52:15 [INFO]: b'TX:Ic\xf2\xd3 \xf3S[\xc8H\xe6\xa3\x95\x8c\xad\xd3\x02\xa4\x896\x8a\x0c\xe4\xaeg'
04272019 04:52:15 [INFO]: b'RX:B\x00'
04272019 04:52:15 [INFO]: b'TX:M\x15\x84\xa1r\xcd\x04\xb3\xa1t\xcd\x02\xba\xa1p\xcd\x14\xf4\xa1e\xcd\x04\x01--'
04272019 04:52:16 [INFO]: b'RX:B\x00'
04272019 04:52:16 [INFO]: b'TX:I\xdbFb\x8bq\xe4\x9e\xd4\xd7\xe7\x96\xc8\x1e\xb51\xb9V\x8c8\xc0\xf5\xa8\xfc\xe1'
04272019 04:52:16 [INFO]: b'RX:B\x00'
04272019 04:52:16 [INFO]: b'TX:M\x12\x83\xa1h\x00\xa1a\xce\x00\x89T@\xa1o\xce\x01\x12\xa8\x80-----'
04272019 04:52:16 [INFO]: b'RX:B\x00'
04272019 04:52:16 [INFO]: b'TX:I(\xf2\xdb\xa2\x8e\ru\xb4y\t\x8dV\xc9\xc2\x81\xf8\xd4\x17\x11\xfc\xc4\x9e*\xd8'
04272019 04:52:16 [INFO]: b'RX:B\x00'
04272019 04:52:16 [INFO]: b'TX:M\x12\x83\xa1h\x00\xa1a\xce\x00\x89T@\xa1o\xce\x01\x12\xa8\x80-----'
04272019 04:52:17 [INFO]: b'RX:B\x00'
04272019 04:52:17 [INFO]: b'TX:IQ\x1b\xf4\xa8\xae\x91\xfe\xf3\xf1\x9e\xd5\x165R+\xdaLm\xee\x15\xfbt?J'
04272019 04:52:17 [INFO]: b'RX:B\x00'
04272019 04:52:17 [ERROR]: Buffer overflow
04272019 04:52:17 [INFO]: b'TX:M\x12\x83\xa1h\x00\xa1a\xce\x00\x89T@\xa1o\xce\x01\x12\xa8\x80-----'
04272019 04:52:17 [INFO]: b'RX:B\x00'
04272019 04:52:17 [INFO]: b'TX:I\xe8\xd1\xb2\x06\x0eA\xae_\x15\xb1\xa6\\n\x8cF\xddW\xa7\xb8\xa8\x9cz\x9b\xd2'
04272019 04:52:18 [INFO]: b'RX:B\x00'
04272019 04:52:18 [INFO]: b'TX:M\x15\x84\xa1r\xcd\x04\xb1\xa1t\xcd\x02\xba\xa1p\xcd\x14\xf4\xa1e\xcd\x04\x01--'
04272019 04:52:18 [INFO]: b'RX:B\x00'
04272019 04:52:18 [INFO]: b'TX:I\x95\xb45\x01 \x1aFc\x8e)\xdbsAQY\xd8\xec\x83!\xe5\xba\xd3\xc2\x02'
04272019 04:52:18 [INFO]: b'RX:B\x00'
04272019 04:52:18 [INFO]: b'TX:M\x15\x84\xa1r\xcd\x04\xb1\xa1t\xcd\x02\xba\xa1p\xcd\x14\xf4\xa1e\xcd\x04\x01--'
04272019 04:52:18 [INFO]: b'RX:B\x00'
04272019 04:52:18 [INFO]: b'TX:I)\xb9\x00\xd4\xa9\x83J\xc7Bh\x89\x81\x1d*6\x91\xc7CV]j\xbb\xad\x16'
04272019 04:52:19 [INFO]: b'RX:B\x00'
04272019 04:52:19 [INFO]: b'TX:M\x12\x83\xa1h\x00\xa1a\xce\x00\x89T@\xa1o\xce\x01\x12\xa8\x80-----'
04272019 04:52:19 [INFO]: b'RX:B\x00'
04272019 04:52:19 [INFO]: b'TX:I\x13 7\x92\xc6N\rI\x0e\xb4# M\x10>\xe2\xaaL\xbf1\xaa2\x82y'
04272019 04:52:19 [INFO]: b'RX:B\x00'
04272019 04:52:19 [ERROR]: Buffer overflow
04272019 04:52:19 [INFO]: b'TX:M\x12\x83\xa1h\x00\xa1a\xce\x00\x89T@\xa1o\xce\x01\x12\xa8\x80-----'
04272019 04:52:19 [INFO]: b'RX:B\x00'
04272019 04:52:20 [INFO]: b"TX:I\xf55j70\xab'\x1d\x8e\xa55KGN\x15\xb3\xe9P\xbd\xd9c\xf2\xa8\x02"
04272019 04:52:20 [INFO]: b'RX:B\x00'
04272019 04:52:20 [INFO]: b'TX:M\x15\x84\xa1r\xcd\x04\xb1\xa1t\xcd\x02\xba\xa1p\xcd\x14\xf3\xa1e\xcd\x04\x01--'
04272019 04:52:20 [INFO]: b'RX:B\x00'
04272019 04:52:20 [INFO]: b'TX:I\xb0\xa0\xdc\xa0\x03\xf8U\xf8\xd8\xf7\xa9j\xc2\x84\xae\xaeYy\x9d\xbf\x8a\xa2\xda['
04272019 04:52:20 [INFO]: b'RX:B\x00'
04272019 04:52:20 [INFO]: b'TX:M\x15\x84\xa1r\xcd\x04\xb1\xa1t\xcd\x02\xba\xa1p\xcd\x14\xf3\xa1e\xcd\x04\x01--'
04272019 04:52:21 [INFO]: b'RX:B\x00'
04272019 04:52:21 [INFO]: b'TX:I\x93\xcd<\x00y\xa7\x01\x8e\xd5&\x97\x18\xb1\xf4\xa9\x15)\xea\xb9\xa9\x952(%'
04272019 04:52:21 [INFO]: b'RX:B\x00'
04272019 04:52:21 [INFO]: b'TX:M\x12\x83\xa1h\x00\xa1a\xce\x00\x89T@\xa1o\xce\x01\x12\xa8\x80-----'
04272019 04:52:21 [INFO]: b'RX:B\x00'
04272019 04:52:21 [INFO]: b'TX:I\xb3\x90\x86P#h\xd8\x0c\x13\x90{\x8a\xbb\x15\xb9~\x10\x86\x19\xc6\xe1\xe9Y\xc0'
04272019 04:52:21 [INFO]: b'RX:B\x00'
04272019 04:52:21 [ERROR]: Buffer overflow
04272019 04:52:21 [INFO]: b'TX:M\x12\x83\xa1h\x00\xa1a\xce\x00\x89T@\xa1o\xce\x01\x12\xa8\x80-----'
04272019 04:52:22 [INFO]: b'RX:B\x00'
04272019 04:52:22 [INFO]: b'TX:IU\xcb+\x97\xb7\x97\x86\xc2\x91\xf3\x0fZ\xee<g\xe4n[\xd9\xee\xe5\x97\xee\x0e'
04272019 04:52:22 [INFO]: b'RX:B\x00'
04272019 04:52:22 [INFO]: b'TX:M\x12\x83\xa1h\x00\xa1a\xce\x00\x89T@\xa1o\xce\x01\x12\xa8\x80-----'
04272019 04:52:22 [INFO]: b'RX:B\x00'
04272019 04:52:22 [INFO]: b"TX:I\xf5\x9b\xa8\xfc\xd3pr\x05_\x83P>[\xc7\x82\xdb\x88'\x1d\xb2*\xa4\xb1e"
04272019 04:52:22 [INFO]: b'RX:B\x00'
04272019 04:52:23 [INFO]: b'TX:M\x15\x84\xa1r\xcd\x04\xb3\xa1t\xcd\x02\xba\xa1p\xcd\x14\xf5\xa1e\xcd\x04\x01--'
04272019 04:52:23 [INFO]: b'RX:B\x00'
04272019 04:52:23 [INFO]: b'TX:I\xf9\x14\x9a\x087}L\xcd\x95$L\xd1H\x1dz\x8a\x9d\xa2\xe7\xa5\r\t\x00q'
04272019 04:52:23 [INFO]: b'RX:B\x00'
04272019 04:52:23 [INFO]: b'TX:M\x15\x84\xa1r\xcd\x04\xb3\xa1t\xcd\x02\xba\xa1p\xcd\x14\xf5\xa1e\xcd\x04\x01--'
04272019 04:52:23 [INFO]: b'RX:B\x00'
04272019 04:52:23 [INFO]: b'TX:IJ\xc6\xa9\x9b\x16\xf3\t\xa2\x0e\xbf\x97\xa5O\xb7p\xac[gx\x1c\x11\xd0\xf5\x15'
04272019 04:52:24 [INFO]: b'RX:B\x00'
04272019 04:52:24 [ERROR]: Buffer overflow
04272019 04:52:24 [INFO]: b'TX:M\x15\x84\xa1r\xcd\x04\xb3\xa1t\xcd\x02\xba\xa1p\xcd\x14\xf4\xa1e\xcd\x04\x01--'
04272019 04:52:24 [INFO]: b'RX:B\x00'
04272019 04:52:24 [INFO]: b'TX:I\xb5\x0b\x89\x10\x15<VR\x85\x8e\xaaunT\x98\xedz\x96\xdd\xb2qKq\t'
04272019 04:52:24 [INFO]: b'RX:B\x00'
04272019 04:52:24 [INFO]: b'TX:M\x12\x83\xa1h\x00\xa1a\xce\x00\x89T@\xa1o\xce\x01\x12\xa8\x80-----'
04272019 04:52:24 [INFO]: b'RX:B\x00'
04272019 04:52:25 [INFO]: b'TX:I\xc1`3PFJ\xb7\xd6\x97-\xd1\xb2\xa9f_e\xcd@\xc8y\xe2\xac\xc2C'
04272019 04:52:25 [INFO]: b'RX:B\x00'
04272019 04:52:25 [INFO]: b'TX:M\x12\x83\xa1h\x00\xa1a\xce\x00\x89T@\xa1o\xce\x01\x12\xa8\x80-----'
04272019 04:52:25 [INFO]: b'RX:B\x00'
04272019 04:52:25 [INFO]: b'TX:I\x8fzsG\xedQc\xa1J\xe6L\xf1\x1eH\x15Ym\x99\x8eS\x07\xd4\x1a\xd8'
04272019 04:52:25 [INFO]: b'RX:B\x00'
04272019 04:52:25 [INFO]: b'TX:M\x15\x84\xa1r\xcd\x04\xb3\xa1t\xcd\x02\xba\xa1p\xcd\x14\xf4\xa1e\xcd\x04\x01--'
04272019 04:52:26 [INFO]: b'RX:B\x00'
04272019 04:52:26 [INFO]: b'TX:I\x96\x10\xd9\xe2\xa8<RE.\xe4\xaa\x89\x8dU}D\x16N\xa9\xe6I\xc6\x07\x02'
04272019 04:52:26 [INFO]: b'RX:B\x00'
04272019 04:52:26 [ERROR]: Buffer overflow
04272019 04:52:26 [INFO]: b'TX:M\x15\x84\xa1r\xcd\x04\xb3\xa1t\xcd\x02\xba\xa1p\xcd\x14\xf4\xa1e\xcd\x04\x01--'
04272019 04:52:26 [INFO]: b'RX:B\x00'
04272019 04:52:26 [INFO]: b'TX:I\x91W\x184\xf7\xba2.\xc20}\xe9\xd1\xaePz\x8a$\x8c\xe0\xd2C\xd0U'
04272019 04:52:26 [INFO]: b'RX:B\x00'
04272019 04:52:26 [INFO]: b'TX:M\x12\x83\xa1h\x00\xa1a\xce\x00\x89T@\xa1o\xce\x01\x12\xa8\x80-----'
04272019 04:52:27 [INFO]: b'RX:B\x00'
04272019 04:52:27 [INFO]: b'TX:I\x84\x00\xd4\x90Z\xb3\xc7\xb8\np\x80\xa9\xc6*,W:cB\xf3\xc0\xa7\x85\xe2'
04272019 04:52:27 [INFO]: b'RX:B\x00'
04272019 04:52:27 [INFO]: b'TX:M\x12\x83\xa1h\x00\xa1a\xce\x00\x89T@\xa1o\xce\x01\x12\xa8\x80-----'
04272019 04:52:27 [INFO]: b'RX:B\x00'
04272019 04:52:27 [INFO]: b'TX:I\x9e\xa8}*A\x1e\x01\xa7b\\\x8e"5Y\x86\x01\x0b\'\xa1\xe8\xd4l*p'
04272019 04:52:28 [INFO]: b'RX:B\x00'
04272019 04:52:28 [ERROR]: Buffer overflow
04272019 04:52:28 [INFO]: b'TX:M\x12\x83\xa1h\x00\xa1a\xce\x00\x89T@\xa1o\xce\x01\x12\xa8\x80-----'
04272019 04:52:28 [INFO]: b'RX:B\x00'
04272019 04:52:28 [INFO]: b'TX:IA\x04v\xa8\xd5:\x9fJ\xb8\x8e\x1dB\xcd\x9fg\x1dG\xf8\xd7b<\xc6Z\xd3'
04272019 04:52:28 [INFO]: b'RX:B\x00'
04272019 04:52:28 [INFO]: b'TX:M\x15\x84\xa1r\xcd\x04\xb3\xa1t\xcd\x02\xba\xa1p\xcd\x14\xf4\xa1e\xcd\x04\x01--'
04272019 04:52:28 [INFO]: b'RX:B\x00'
04272019 04:52:28 [INFO]: b'TX:I\xd9^\xe5T\xafU\xc1\xc7\xb7z\xd2\x9a\xd8\xf9\x87\x1c\x8c\xe6\xb3\xed!d\x9f\x8e'
04272019 04:52:29 [INFO]: b'RX:B\x00'
04272019 04:52:29 [INFO]: b'TX:M\x15\x84\xa1r\xcd\x04\xb2\xa1t\xcd\x02\xba\xa1p\xcd\x14\xf4\xa1e\xcd\x04\x01--'
04272019 04:52:29 [INFO]: b'RX:B\x00'
04272019 04:52:29 [INFO]: b"TX:IIS\xb4\x8e\xf5\xd3[\xc2'U\x04\x82\xdd\r\x12D^\xcc\xc4[S\x9c\x91R"
04272019 04:52:29 [INFO]: b'RX:B\x00'
04272019 04:52:29 [INFO]: b'TX:M\x12\x83\xa1h\x00\xa1a\xce\x00\x89T@\xa1o\xce\x01\x12\xa8\x80-----'
04272019 04:52:29 [INFO]: b'RX:B\x00'
04272019 04:52:30 [INFO]: b'TX:I5\xa8l\x128\x15\xb55\x98U\xf9z\xf7\xa4\x8e\xd3x\x1cT\x1a\\\xc4\x86\xd4'
04272019 04:52:30 [INFO]: b'RX:B\x00'
04272019 04:52:30 [ERROR]: Buffer overflow
04272019 04:52:30 [INFO]: b'TX:M\x12\x83\xa1h\x00\xa1a\xce\x00\x89T@\xa1o\xce\x01\x12\xa8\x80-----'
04272019 04:52:30 [INFO]: b'RX:B\x00'
04272019 04:52:30 [INFO]: b'TX:I3\x9e9\xc14(h[\xe5\xf5\xe4V\xd4vL\xb30\xdb\xda\xa2\x92\xc9\x95\xf0'
04272019 04:52:30 [INFO]: b'RX:B\x00'
04272019 04:52:30 [INFO]: b'TX:M\x15\x84\xa1r\xcd\x04\xb4\xa1t\xcd\x02\xba\xa1p\xcd\x14\xf4\xa1e\xcd\x04\x01--'
04272019 04:52:31 [INFO]: b'RX:B\x00'
04272019 04:52:31 [INFO]: b'TX:I\xc3\xa5V\xe1\xcc\xd6\xc4QH\xb2.\xd6\x18>\xf5\x14\xd6N\xad\xb9W+\xedZ'
04272019 04:52:31 [INFO]: b'RX:B\x00'
04272019 04:52:31 [INFO]: b'TX:M\x15\x84\xa1r\xcd\x04\xb4\xa1t\xcd\x02\xba\xa1p\xcd\x14\xf4\xa1e\xcd\x04\x01--'
04272019 04:52:31 [INFO]: b'RX:B\x00'
04272019 04:52:31 [INFO]: b'TX:IvZp\x9e\xf2(Y\tWa\x90\xa7\x07\x1e\xd9\xefR\xc9\x04\xb6\xd2\xb2\xc2\x8c'
04272019 04:52:32 [INFO]: b'RX:B\x00'
04272019 04:52:32 [INFO]: b'TX:M\x12\x83\xa1h\x00\xa1a\xce\x00\x89T@\xa1o\xce\x01\x12\xa8\x80-----'
04272019 04:52:32 [INFO]: b'RX:B\x00'
04272019 04:52:32 [INFO]: b'TX:Ib\x1cbAS\xcb\xd8\xd1V\xe8\xcc$-\x13\x83W\xa3\x91d\x1dy\xab\x92\xdb'
04272019 04:52:32 [INFO]: b'RX:B\x00'
04272019 04:52:32 [ERROR]: Buffer overflow
04272019 04:52:32 [INFO]: b'TX:M\x12\x83\xa1h\x00\xa1a\xce\x00\x89T@\xa1o\xce\x01\x12\xa8\x80-----'
04272019 04:52:32 [INFO]: b'RX:B\x00'
04272019 04:52:32 [INFO]: b'TX:I\xa4\xc0\x06\xb7h\xe4#9\x1d\x08\xf5\xaa\xef\xa6\xca\x98d!\x87\xb1\xa9\x94Q\xb4'
04272019 04:52:33 [INFO]: b'RX:B\x00'
04272019 04:52:33 [INFO]: b'TX:M\x12\x83\xa1h\x00\xa1a\xce\x00\x89T@\xa1o\xce\x01\x12\xa8\x80-----'
04272019 04:52:33 [INFO]: b'RX:B\x00'
04272019 04:52:33 [INFO]: b'TX:I+\xd8kG\x9a\x8d\xad\xc3u\x15em\xee\x07\x05\rH#\n3+\xaa\x8f\xd6'
04272019 04:52:33 [INFO]: b'RX:B\x00'
04272019 04:52:33 [INFO]: b'TX:M\x15\x84\xa1r\xcd\x04\xb5\xa1t\xcd\x02\xba\xa1p\xcd\x14\xf4\xa1e\xcd\x04\x01--'
04272019 04:52:33 [INFO]: b'RX:B\x00'
04272019 04:52:34 [INFO]: b'TX:I\xb3\xe57u\xa2\xd1\x96\xf6*\xc4\xe0S\xd2\xc5\xfb)&\xaf\x1b\xebx\x98\x88\xe1'
04272019 04:52:34 [INFO]: b'RX:B\x00'
04272019 04:52:34 [INFO]: b'TX:M\x12\x83\xa1h\x00\xa1a\xce\x00\x89T@\xa1o\xce\x01\x12\xa8\x80-----'
04272019 04:52:34 [INFO]: b'RX:B\x00'
04272019 04:52:34 [INFO]: b'TX:I20\xee\xfd*\xdd\xb3\xea\x1713\xc2\x89\x1e=\x00\x1c~=i\xf2\xb3\x9aU'
04272019 04:52:34 [INFO]: b'RX:B\x00'
04272019 04:52:34 [ERROR]: Buffer overflow
04272019 04:52:34 [INFO]: b'TX:M\x15\x84\xa1r\xcd\x04\xb9\xa1t\xcd\x02\xba\xa1p\xcd\x14\xf5\xa1e\xcd\x04\x01--'
04272019 04:52:35 [INFO]: b'RX:B\x00'
04272019 04:52:35 [INFO]: b'TX:I\xd2\xd8\x9fK\xb4\xf9\x02\xc9\x0b\xfdqZcBY\xce\x10\x12G8\xad}\x1f\xc2'
04272019 04:52:35 [INFO]: b'RX:B\x00'
04272019 04:52:35 [INFO]: b'TX:M\x12\x83\xa1h\x00\xa1a\xce\x00\x89T@\xa1o\xce\x01\x12\xa8\x80-----'
04272019 04:52:35 [INFO]: b'RX:B\x00'
04272019 04:52:35 [INFO]: b'TX:I\x1a\x95\xcd\xacW\x17WD$\x9d\x94\xf2\x07c]\xde\x97\xe1\xbb\r5\x02\xa4\x01'
04272019 04:52:35 [INFO]: b'RX:B\x00'
04272019 04:52:35 [INFO]: b'TX:M\x15\x84\xa1r\xcd\x04\xb9\xa1t\xcd\x02\xba\xa1p\xcd\x14\xf5\xa1e\xcd\x04\x01--'
04272019 04:52:36 [INFO]: b'RX:B\x00'
04272019 04:52:36 [INFO]: b'TX:I\x9b;\xbc\xc69l\x91\xc8>\xd5)\xa6r\xfbI\xca^\xe9\xe5\x13\xf8jx\x97'
04272019 04:52:36 [INFO]: b'RX:B\x00'
04272019 04:52:36 [INFO]: b'TX:M\x15\x84\xa1r\xcd\x04\xba\xa1t\xcd\x02\xba\xa1p\xcd\x14\xf5\xa1e\xcd\x04\x01--'
04272019 04:52:36 [INFO]: b'RX:B\x00'
04272019 04:52:36 [INFO]: b"TX:IyB\x07\xb8\xc5P\x93Kd's/\x1c\x9ezW\xb3\xf8\x8e\xee\xd2\xc3L\xf3"
04272019 04:52:36 [INFO]: b'RX:B\x00'
04272019 04:52:37 [ERROR]: Buffer overflow
04272019 04:52:37 [INFO]: b'TX:M\x15\x84\xa1r\xcd\x04\xbd\xa1t\xcd\x02\xba\xa1p\xcd\x14\xf4\xa1e\xcd\x04\x00--'
04272019 04:52:37 [INFO]: b'RX:B\x00'
04272019 04:52:37 [INFO]: b'TX:I.\x90\x08\x9f0\xee\xc7\xdd\xdc\xa7\x07\xe9\x9a\xf1k\x0f\x11]h\x1a\x91\xb8\x80G'
04272019 04:52:37 [INFO]: b'RX:B\x00'
04272019 04:52:37 [INFO]: b'TX:M\x12\x83\xa1h\x00\xa1a\xce\x00\x89T@\xa1o\xce\x01\x12\xa8\x80-----'
04272019 04:52:37 [INFO]: b'RX:B\x00'
04272019 04:52:37 [INFO]: b'TX:I#m1\xb2\xc87+)\xf5\xfc\x85idk\x17Q\xdd6y\xf5\xc5\x94\xb6\xad'
04272019 04:52:38 [INFO]: b'RX:B\x00'
04272019 04:52:38 [INFO]: b'TX:M\x12\x83\xa1h\x00\xa1a\xce\x00\x89T@\xa1o\xce\x01\x12\xa8\x80-----'
04272019 04:52:38 [INFO]: b'RX:B\x00'
04272019 04:52:38 [INFO]: b'TX:I\x89\x17\x83\xd1\x87CQ"d\x80H\x1e\xe6\xbb?!eB\x8e\xa1\x94\xf5\x06\xb3'
04272019 04:52:38 [INFO]: b'RX:B\x00'
04272019 04:52:38 [INFO]: b'TX:M\x15\x84\xa1r\xcd\x04\xbd\xa1t\xcd\x02\xba\xa1p\xcd\x14\xf4\xa1e\xcd\x04\x00--'
04272019 04:52:38 [INFO]: b'RX:B\x00'
04272019 04:52:39 [INFO]: b'TX:Io4?\x97}\xb8\xcf\xfb=\xebs\x9dN\xfb\x8dG\x86\xdcZ[\xdb2>\xcc'
04272019 04:52:39 [INFO]: b'RX:B\x00'
04272019 04:52:39 [ERROR]: Buffer overflow
04272019 04:52:39 [INFO]: b'TX:M\x15\x84\xa1r\xcd\x04\xbd\xa1t\xcd\x02\xba\xa1p\xcd\x14\xf5\xa1e\xcd\x04\x00--'
04272019 04:52:39 [INFO]: b'RX:B\x00'
04272019 04:52:39 [INFO]: b'TX:I\xbc\xb2\x0e\x8c\xc7\xae>\x82\xb7\xb4\xc1\n\xcf.\xc3\xbbq\xe7\xdb\xfc\xe6\xb9(\x91'
04272019 04:52:39 [INFO]: b'RX:B\x00'
04272019 04:52:39 [INFO]: b'TX:M\x12\x83\xa1h\x00\xa1a\xce\x00\x89T@\xa1o\xce\x01\x12\xa8\x80-----'
04272019 04:52:40 [INFO]: b'RX:B\x00'
04272019 04:52:40 [INFO]: b'TX:I\xe3\xb8PA\x1bs\xfc\xab\xa4\xd1.\x15\xae\xd1p\x13z\xedl\xf6n\xc6\x9b\xd4'
04272019 04:52:40 [INFO]: b'RX:B\x00'
04272019 04:52:40 [INFO]: b'TX:M\x12\x83\xa1h\x00\xa1a\xce\x00\x89T@\xa1o\xce\x01\x12\xa8\x80-----'
04272019 04:52:40 [INFO]: b'RX:B\x00'
04272019 04:52:40 [INFO]: b'TX:I\x87\xa1\xba\xb6\xd1H\xcc\x11\xb2:T\xabf7\xe1F3U"o"\xe1 8'
04272019 04:52:40 [INFO]: b'RX:B\x00'
04272019 04:52:41 [ERROR]: Buffer overflow
04272019 04:52:41 [INFO]: b'TX:M\x12\x83\xa1h\x00\xa1a\xce\x00\x89T@\xa1o\xce\x01\x12\xa8\x80-----'
04272019 04:52:41 [INFO]: b'RX:B\x00'
04272019 04:52:41 [INFO]: b'TX:I\\e\x8b\x1e\x99\xf7\xae\x86\xd0\xc3+r\x00^\xa0\x83\xde\xa7\x94|\xd63"\xb1'
04272019 04:52:41 [INFO]: b'RX:B\x00'
04272019 04:52:41 [INFO]: b'TX:M\x15\x84\xa1r\xcd\x04\xc1\xa1t\xcd\x02\xba\xa1p\xcd\x14\xf4\xa1e\xcd\x04\x00--'
04272019 04:52:41 [INFO]: b'RX:B\x00'
04272019 04:52:41 [INFO]: b'TX:Io\xb4\x02G|\x1a\xb9s\xa1\xb7\x96&\xd9\x90{\x8a\xea-\xb4\xb5\x9bk(\xc6'
04272019 04:52:42 [INFO]: b'RX:B\x00'
04272019 04:52:42 [INFO]: b'TX:M\x15\x84\xa1r\xcd\x04\xc2\xa1t\xcd\x02\xba\xa1p\xcd\x14\xf5\xa1e\xcd\x04\x00--'
04272019 04:52:42 [INFO]: b'RX:B\x00'
04272019 04:52:42 [INFO]: b"TX:I\x07'\xd6\xba+M$\x1bm\x92\x0c\x0f\xa5'\xa6\xe0\xa4\xe4\xec\x8f>\xd3\xbc5"
04272019 04:52:42 [INFO]: b'RX:B\x00'
04272019 04:52:42 [INFO]: b'TX:M\x12\x83\xa1h\x00\xa1a\xce\x00\x89T@\xa1o\xce\x01\x12\xa8\x80-----'
04272019 04:52:42 [INFO]: b'RX:B\x00'
04272019 04:52:42 [INFO]: b'TX:Isr\xc2Kh\xb7\xec\xeb\x9f\xe5]\x00\x8ei-\xe4\xb6\xfb\x04"R\xa41\x9a'
04272019 04:52:43 [INFO]: b'RX:B\x00'
04272019 04:52:43 [ERROR]: Buffer overflow
04272019 04:52:43 [INFO]: b'TX:M\x12\x83\xa1h\x00\xa1a\xce\x00\x89T@\xa1o\xce\x01\x12\xa8\x80-----'
04272019 04:52:43 [INFO]: b'RX:B\x00'
04272019 04:52:43 [INFO]: b'TX:I?\x98\xf1\xce\x0f\xd7\x06\xbbKkX\xad"\xf2\xe2@\xa398\xa6Me\x14\xd2'
04272019 04:52:43 [INFO]: b'RX:B\x00'
04272019 04:52:43 [INFO]: b'TX:M\x15\x84\xa1r\xcd\x04\xc2\xa1t\xcd\x02\xb9\xa1p\xcd\x14\xf4\xa1e\xcd\x04\x00--'
04272019 04:52:44 [INFO]: b'RX:B\x00'
04272019 04:52:44 [INFO]: b'TX:I\tIe\x90s\x955<\xea\xe6\xae\x94\xads\xcef\xd1\xe2`9\x02@9\x07'
04272019 04:52:44 [INFO]: b'RX:B\x00'
04272019 04:52:44 [INFO]: b'TX:M\x15\x84\xa1r\xcd\x04\xc4\xa1t\xcd\x02\xb9\xa1p\xcd\x14\xf5\xa1e\xcd\x04\x00--'
04272019 04:52:44 [INFO]: b'RX:B\x00'
04272019 04:52:44 [INFO]: b'TX:I\x82\x07\xa0\x07\xb5e[\xf8v]F\xf1\xa2\xb6V$s\xc0\xafB\xd5\xb4\xfb\x8b'
04272019 04:52:44 [INFO]: b'RX:B\x00'
04272019 04:52:44 [INFO]: b'TX:M\x12\x83\xa1h\x00\xa1a\xce\x00\x89T@\xa1o\xce\x01\x12\xa8\x80-----'
04272019 04:52:45 [INFO]: b'RX:B\x00'
04272019 04:52:45 [INFO]: b'TX:I\xd2\x14d\x84\x1fy\xa3\x03\xf5\xa7Xi\xbf\xd9\x1at\xf7#&O,\x9d\xa3\xe9'
04272019 04:52:45 [INFO]: b'RX:B\x00'
04272019 04:52:45 [ERROR]: Buffer overflow
04272019 04:52:45 [INFO]: b'TX:M\x12\x83\xa1h\x00\xa1a\xce\x00\x89T@\xa1o\xce\x01\x12\xa8\x80-----'
04272019 04:52:45 [INFO]: b'RX:B\x00'
04272019 04:52:45 [INFO]: b'TX:IP\xd9\nM\x1cl\x1e\x1d\x92\xd1\xd9n\x06\xc0=pG>\xbe\xd5\x04\xfe\x19\xd2'
04272019 04:52:45 [INFO]: b'RX:B\x00'
04272019 04:52:45 [INFO]: b'TX:M\x12\x83\xa1h\x00\xa1a\xce\x00\x89T@\xa1o\xce\x01\x12\xa8\x80-----'
04272019 04:52:46 [INFO]: b'RX:B\x00'
04272019 04:52:46 [INFO]: b'TX:Io\xa3f\xf36N\x1b\x05\x14\xe3?L\xd6\xbd\xb6\xa8d\xd1.\xe3\x94\xabL\xac'
04272019 04:52:46 [INFO]: b'RX:B\x00'
04272019 04:52:46 [INFO]: b'TX:M\x15\x84\xa1r\xcd\x04\xc4\xa1t\xcd\x02\xb9\xa1p\xcd\x14\xf5\xa1e\xcd\x04\x00--'
04272019 04:52:46 [INFO]: b'RX:B\x00'
04272019 04:52:46 [INFO]: b'TX:I\xbeS\xb3|\xcc3\xc8\xc7~\xff\x00\x9db\xb3[M;\x89\\\xa3\xbe\x18\x15_'
04272019 04:52:47 [INFO]: b'RX:B\x00'
04272019 04:52:47 [INFO]: b'TX:M\x15\x84\xa1r\xcd\x04\xc2\xa1t\xcd\x02\xb9\xa1p\xcd\x14\xf4\xa1e\xcd\x04\x00--'
04272019 04:52:47 [INFO]: b'RX:B\x00'
04272019 04:52:47 [INFO]: b'TX:I\xbak\x9er\x95\xaf\x16a:\xb2\xb5\xd3\x12_\x0bh6S\xa4\xabs,\xf0\x11'
04272019 04:52:47 [INFO]: b'RX:B\x00'
04272019 04:52:47 [ERROR]: Buffer overflow
04272019 04:52:47 [INFO]: b'TX:M\x15\x84\xa1r\xcd\x04\xc7\xa1t\xcd\x02\xb9\xa1p\xcd\x14\xf4\xa1e\xcd\x04\x00--'
04272019 04:52:47 [INFO]: b'RX:B\x00'
04272019 04:52:48 [INFO]: b'TX:I\x86\x05p\xca\xde\xf5\xdb\xe9\xba\x1e\x96\x96\xd6\xd7\xd6\x16\x91\xee\xdb\x83\xbb\x9fc\\'
04272019 04:52:48 [INFO]: b'RX:B\x00'
04272019 04:52:48 [INFO]: b'TX:M\x12\x83\xa1h\x00\xa1a\xce\x00\x89T@\xa1o\xce\x01\x12\xa8\x80-----'
04272019 04:52:48 [INFO]: b'RX:B\x00'
04272019 04:52:48 [INFO]: b"TX:Ie\xd3\x16\xb2\x99J\xa1!A\x12'\x1b\xb1\xc6H\xf5\xae\xdb\xc1\xed\xb7E;\xce"
04272019 04:52:48 [INFO]: b'RX:B\x00'
04272019 04:52:48 [INFO]: b'TX:M\x12\x83\xa1h\x00\xa1a\xce\x00\x89T@\xa1o\xce\x01\x12\xa8\x80-----'
04272019 04:52:49 [INFO]: b'RX:B\x00'
04272019 04:52:49 [INFO]: b'TX:I\x00l\xe4\xfd)F\xa3\x96\x8cT\xa6\xeaK\x96F\xc2\xaf\x97r\xca6\xec\xe3\xe5'
04272019 04:52:49 [INFO]: b'RX:B\x00'
04272019 04:52:49 [INFO]: b'TX:M\x15\x84\xa1r\xcd\x04\xc8\xa1t\xcd\x02\xb9\xa1p\xcd\x14\xf6\xa1e\xcd\x04\x00--'
04272019 04:52:49 [INFO]: b'RX:B\x00'
04272019 04:52:49 [INFO]: b'TX:I\x1d\x81\x18\xfe`~f\x99\xac\x99\xd7E\xbdkg)0\x85\x8a0\xea\x0e;U'
04272019 04:52:49 [INFO]: b'RX:B\x00'
04272019 04:52:49 [ERROR]: Buffer overflow
04272019 04:52:49 [INFO]: b'TX:M\x15\x84\xa1r\xcd\x04\xc6\xa1t\xcd\x02\xb9\xa1p\xcd\x14\xf4\xa1e\xcd\x04\x00--'
04272019 04:52:50 [INFO]: b'RX:B\x00'
04272019 04:52:50 [INFO]: b'TX:Ia!\x17\xb3\\s\xc2\r\xcb\x9fL\xe4V\xa1U\x96"\xa4\xe5]q\xf5\x06\xb6'
04272019 04:52:50 [INFO]: b'RX:B\x00'
04272019 04:52:50 [INFO]: b'TX:M\x12\x83\xa1h\x00\xa1a\xce\x00\x89T@\xa1o\xce\x01\x12\xa8\x80-----'
04272019 04:52:50 [INFO]: b'RX:B\x00'
04272019 04:52:50 [INFO]: b'TX:I\x8e\x8c\xeb\xa75QID\xf3=R\xc2\xf5<\x15e\xa7\xdd^\xab\xcd3\xfd\xa1'
04272019 04:52:51 [INFO]: b'TX:M\x12\x83\xa1h\x00\xa1a\xce\x00\x89T@\xa1o\xce\x01\x12\xa8\x80-----'
04272019 04:52:51 [INFO]: b'RX:B\x00'
04272019 04:52:51 [INFO]: b'TX:I\x8e\x8c\xeb\xa75QID\xf3=R\xc2\xf5<\x15e\xa7\xdd^\xab\xcd3\xfd\xa1'
04272019 04:52:51 [INFO]: b'RX:B\x00'
04272019 04:52:51 [ERROR]: Buffer overflow
04272019 04:52:51 [INFO]: b'TX:M\x12\x83\xa1h\x00\xa1a\xce\x00\x89T@\xa1o\xce\x01\x12\xa8\x80-----'
04272019 04:52:51 [INFO]: b'RX:B\x00'
04272019 04:52:51 [INFO]: b'TX:I\x14\xb1\xdc\xa8G\xdd\xe7\xae\t\xfd}\xab\xce\xa5\xb3\x99$\xf2\xaeQ\x94\xb0\xc8$'
04272019 04:52:52 [INFO]: b'RX:B\x00'
04272019 04:52:52 [INFO]: b'TX:M\x15\x84\xa1r\xcd\x04\xc9\xa1t\xcd\x02\xb9\xa1p\xcd\x14\xf5\xa1e\xcd\x04\x00--'
04272019 04:52:52 [INFO]: b'RX:B\x00'
04272019 04:52:52 [INFO]: b'TX:I~\xa2\xba\xbf\x18\xdc\xcbs}\x1a\x07\xc4\xb6\x91\x8bvL\xe0\x82\xa4\xe0\x8fb1'
04272019 04:52:52 [INFO]: b'RX:B\x00'
04272019 04:52:52 [INFO]: b'TX:M\x15\x84\xa1r\xcd\x04\xc8\xa1t\xcd\x02\xb9\xa1p\xcd\x14\xf5\xa1e\xcd\x04\x00--'
04272019 04:52:52 [INFO]: b'RX:B\x00'
04272019 04:52:53 [INFO]: b'TX:I\\\xfd\xc6\xa1qsi\x1c\x13\xae\xe7\x8c\x92\xae~\xf7\xd0\xd6\xb2*\x8b\xd15\xb0'
04272019 04:52:53 [INFO]: b'RX:B\x00'
04272019 04:52:53 [INFO]: b'TX:M\x12\x83\xa1h\x00\xa1a\xce\x00\x89T@\xa1o\xce\x01\x12\xa8\x80-----'
04272019 04:52:53 [INFO]: b'RX:B\x00'
04272019 04:52:53 [INFO]: b'TX:I\xd4\\T\xea\x17\x19$QElr1\xb3ip\xde\x90q\x89;2\xf7\xfa\xd6'
04272019 04:52:53 [INFO]: b'RX:B\x00'
04272019 04:52:53 [ERROR]: Buffer overflow
04272019 04:52:53 [INFO]: b'TX:M\x12\x83\xa1h\x00\xa1a\xce\x00\x89T@\xa1o\xce\x01\x12\xa8\x80-----'
04272019 04:52:54 [INFO]: b'RX:B\x00'
04272019 04:52:54 [INFO]: b'TX:ID\xda}\xce\x9br\x18\xaeTta\xc84QBz\x84Y\xa9$\xdev\xc7*'
04272019 04:52:54 [INFO]: b'RX:B\x00'
04272019 04:52:54 [INFO]: b'TX:M\x15\x84\xa1r\xcd\x04\xce\xa1t\xcd\x02\xb9\xa1p\xcd\x14\xf5\xa1e\xcd\x04\x00--'
04272019 04:52:54 [INFO]: b'RX:B\x00'
04272019 04:52:54 [INFO]: b'TX:I\x0f\xca\x06\xf1\xd4{\x1a\xdd\xd1.\xc4d+\xa1h\xf7\x0c\xe0\xf4\xa2\x8a\xb4\x82G'
04272019 04:52:54 [INFO]: b'RX:B\x00'
04272019 04:52:55 [INFO]: b'TX:M\x15\x84\xa1r\xcd\x04\xcd\xa1t\xcd\x02\xb9\xa1p\xcd\x14\xf4\xa1e\xcd\x04\x00--'
04272019 04:52:55 [INFO]: b'RX:B\x00'
04272019 04:52:55 [INFO]: b'TX:I\xa0\xe8\x97\x91\\N\x124\x0c\x9e\xbd\xc7\xd6\xba\xba(\xac+\xee\x8d\xb0\xbdB\x8a'
04272019 04:52:55 [INFO]: b'RX:B\x00'
04272019 04:52:55 [INFO]: b'TX:M\x12\x83\xa1h\x00\xa1a\xce\x00\x89T@\xa1o\xce\x01\x12\xa8\x80-----'
04272019 04:52:55 [INFO]: b'RX:B\x00'
04272019 04:52:55 [INFO]: b'TX:I(\xac\x0e\xb1\x93\x7f\xa9|\xfa\x1a\xcb\xd7\xcb\xff\x00c;F\x0f\xca\xbb\xb8=8'
04272019 04:52:56 [INFO]: b'RX:B\x00'
04272019 04:52:56 [ERROR]: Buffer overflow
04272019 04:52:56 [INFO]: b'TX:M\x12\x83\xa1h\x00\xa1a\xce\x00\x89T@\xa1o\xce\x01\x12\xa8\x80-----'
04272019 04:52:56 [INFO]: b'RX:B\x00'
04272019 04:52:56 [INFO]: b'TX:I\xa2\x8av\xd0\xe6\xaf\xb4\xbd\x0e\x12;\t\xae\xee\xe3\x82\xdf\x00\xed\n\x18\xf03\xeb'
04272019 04:52:56 [INFO]: b'RX:B\x00'
04272019 04:52:56 [INFO]: b'TX:M\x15\x84\xa1r\xcd\x04\xcd\xa1t\xcd\x02\xb9\xa1p\xcd\x14\xf4\xa1e\xcd\x04\x00--'
04272019 04:52:56 [INFO]: b'RX:B\x00'
04272019 04:52:56 [INFO]: b'TX:I\xf9\x9a\xdf_\r\xc7c{\x10\x99\xa2\x9a6e\x0f\xbd>\xf6z\xd1Ec8\xa6'
04272019 04:52:57 [INFO]: b'RX:B\x00'
04272019 04:52:57 [INFO]: b'TX:M\x15\x84\xa1r\xcd\x04\xce\xa1t\xcd\x02\xb9\xa1p\xcd\x14\xf5\xa1e\xcd\x04\x00--'
04272019 04:52:57 [INFO]: b'RX:B\x00'
04272019 04:52:57 [INFO]: b'TX:I\x8e\x18/q\xcb\xb3D\xda\xf6\x81\x04\x16\r%\xac[\x03\x10\xac\x80\xe4rj\x1b'
04272019 04:52:57 [INFO]: b'RX:B\x00'
04272019 04:52:57 [INFO]: b'TX:M\x12\x83\xa1h\x00\xa1a\xce\x00\x89T@\xa1o\xce\x01\x12\xa8\x80-----'
04272019 04:52:58 [INFO]: b'RX:B\x00'
04272019 04:52:58 [INFO]: b'TX:I\x12\x7f\xb2\x10\xc6\xe5\x10\xb3@\xf8\x1d8\xebE\x15\x9dE\xca\xdbEb \xa17'
04272019 04:52:58 [INFO]: b'RX:B\x00'
04272019 04:52:58 [ERROR]: Buffer overflow
04272019 04:52:58 [INFO]: b'TX:M\x15\x84\xa1r\xcd\x04\xcd\xa1t\xcd\x02\xb9\xa1p\xcd\x14\xf4\xa1e\xcd\x04\x00--'
04272019 04:52:58 [INFO]: b'RX:B\x00'
04272019 04:52:58 [INFO]: b'TX:I\xcb\xda\xe6\xdd\xb4\x12\xa8\x9c?\xccZ>\x1b\xfb\xdcu\xabZD\xdev\x9b\x179'
04272019 04:52:58 [INFO]: b'RX:B\x00'
04272019 04:52:58 [INFO]: b'TX:M\x12\x83\xa1h\x00\xa1a\xce\x00\x89T@\xa1o\xce\x01\x12\xa8\x80-----'
04272019 04:52:59 [INFO]: b'RX:B\x00'
04272019 04:52:59 [INFO]: b'TX:Id\xca\x1f\xc0\xe2\x8a+k\xfb\xcb\xd0\xde\x82\xe5\x9aK\xcf\xf4<\xaf\xe2\x05\xa7\xd9'
04272019 04:52:59 [INFO]: b'RX:B\x00'
04272019 04:52:59 [INFO]: b'TX:M\x12\x83\xa1h\x00\xa1a\xce\x00\x89T@\xa1o\xce\x01\x12\xa8\x80-----'
04272019 04:52:59 [INFO]: b'RX:B\x00'
04272019 04:52:59 [INFO]: b'TX:I|O$\xc0`I\xb6A\\\xfd\xd4l\xb2\x06\n\x13r\x83\xec}\xc5\x14Wt'
04272019 04:52:59 [INFO]: b'RX:B\x00'
04272019 04:53:00 [INFO]: b'TX:M\x15\x84\xa1r\xcd\x04\xcd\xa1t\xcd\x02\xb9\xa1p\xcd\x14\xf4\xa1e\xcd\x04\x00--'
04272019 04:53:00 [INFO]: b'RX:B\x00'
04272019 04:53:00 [INFO]: b'TX:Iu%\xe8\xed\xe6\xcf\xff\xd9----------------'
04272019 04:53:00 [INFO]: b'RX:B\x00'
04272019 04:53:00 [ERROR]: Buffer overflow
04272019 04:53:00 [INFO]: b'TX:M\x15\x84\xa1r\xcd\x04\xcc\xa1t\xcd\x02\xb9\xa1p\xcd\x14\xf5\xa1e\xcd\x04\x00--'
04272019 04:53:00 [INFO]: b'RX:B\x00'
04272019 04:53:01 [INFO]: b'TX:M\x12\x83\xa1h\x00\xa1a\xce\x00\x89T@\xa1o\xce\x01\x12\xa8\x80-----'
04272019 04:53:01 [INFO]: b'RX:B\x00'
04272019 04:53:01 [INFO]: b'TX:M\x12\x83\xa1h\x00\xa1a\xce\x00\x89T@\xa1o\xce\x01\x12\xa8\x80-----'
04272019 04:53:01 [INFO]: b'RX:B\x00'
04272019 04:53:01 [INFO]: b'TX:M\x15\x84\xa1r\xcd\x04\xcb\xa1t\xcd\x02\xb9\xa1p\xcd\x14\xf4\xa1e\xcd\x04\x00--'
04272019 04:53:01 [INFO]: b'RX:B\x00'
04272019 04:53:01 [INFO]: b'TX:M\x15\x84\xa1r\xcd\x04\xcb\xa1t\xcd\x02\xb9\xa1p\xcd\x14\xf5\xa1e\xcd\x04\x00--'
04272019 04:53:02 [INFO]: b'RX:B\x00'
04272019 04:53:02 [INFO]: b'TX:M\x12\x83\xa1h\x00\xa1a\xce\x00\x89T@\xa1o\xce\x01\x12\xa8\x80-----'
04272019 04:53:02 [INFO]: b'RX:B\x00'
04272019 04:53:02 [ERROR]: Buffer overflow
04272019 04:53:02 [INFO]: b'TX:M\x12\x83\xa1h\x00\xa1a\xce\x00\x89T@\xa1o\xce\x01\x12\xa8\x80-----'
04272019 04:53:02 [INFO]: b'RX:B\x00'
04272019 04:53:02 [INFO]: b'TX:M\x15\x84\xa1r\xcd\x04\xca\xa1t\xcd\x02\xb9\xa1p\xcd\x14\xf4\xa1e\xcd\x04\x00--'
04272019 04:53:03 [INFO]: b'RX:B\x00'
04272019 04:53:03 [INFO]: b'TX:M\x15\x84\xa1r\xcd\x04\xca\xa1t\xcd\x02\xb9\xa1p\xcd\x14\xf5\xa1e\xcd\x04\x00--'
04272019 04:53:03 [INFO]: b'RX:B\x00'
04272019 04:53:03 [INFO]: b'TX:M\x12\x83\xa1h\x00\xa1a\xce\x00\x89T@\xa1o\xce\x01\x12\xa8\x80-----'
04272019 04:53:03 [INFO]: b'RX:B\x00'
04272019 04:53:03 [INFO]: b'TX:M\x12\x83\xa1h\x00\xa1a\xce\x00\x89T@\xa1o\xce\x01\x12\xa8\x80-----'
04272019 04:53:04 [INFO]: b'RX:B\x00'
04272019 04:53:04 [INFO]: b'TX:M\x15\x84\xa1r\xcd\x04\xca\xa1t\xcd\x02\xb9\xa1p\xcd\x14\xf5\xa1e\xcd\x04\x00--'
04272019 04:53:04 [INFO]: b'RX:B\x00'
04272019 04:53:04 [INFO]: b'TX:M\x15\x84\xa1r\xcd\x04\xca\xa1t\xcd\x02\xb9\xa1p\xcd\x14\xf4\xa1e\xcd\x04\x00--'
04272019 04:53:04 [INFO]: b'RX:B\x00'
04272019 04:53:04 [INFO]: b'TX:M\x12\x83\xa1h\x00\xa1a\xce\x00\x89T@\xa1o\xce\x01\x12\xa8\x80-----'
04272019 04:53:04 [INFO]: b'RX:B\x00'
04272019 04:53:04 [INFO]: b'TX:M\x12\x83\xa1h\x00\xa1a\xce\x00\x89T@\xa1o\xce\x01\x12\xa8\x80-----'
04272019 04:53:05 [INFO]: b'RX:B\x00'
04272019 04:53:05 [INFO]: b'TX:M\x15\x84\xa1r\xcd\x04\xca\xa1t\xcd\x02\xb9\xa1p\xcd\x14\xf4\xa1e\xcd\x04\x00--'
04272019 04:53:05 [INFO]: b'RX:B\x00'
04272019 04:53:05 [INFO]: b'TX:M\x15\x84\xa1r\xcd\x04\xca\xa1t\xcd\x02\xb9\xa1p\xcd\x14\xf4\xa1e\xcd\x04\x00--'
04272019 04:53:05 [INFO]: b'RX:B\x00'
04272019 04:53:05 [INFO]: b'TX:M\x12\x83\xa1h\x00\xa1a\xce\x00\x89T@\xa1o\xce\x01\x12\xa8\x80-----'
04272019 04:53:06 [INFO]: b'RX:B\x00'
04272019 04:53:06 [ERROR]: Buffer overflow
04272019 04:53:06 [INFO]: b'TX:M\x12\x83\xa1h\x00\xa1a\xce\x00\x89T@\xa1o\xce\x01\x12\xa8\x80-----'
04272019 04:53:06 [INFO]: b'RX:B\x00'
04272019 04:53:06 [INFO]: b'TX:M\x15\x84\xa1r\xcd\x04\xc8\xa1t\xcd\x02\xb9\xa1p\xcd\x14\xf5\xa1e\xcd\x04\x00--'
04272019 04:53:06 [INFO]: b'RX:B\x00'
04272019 04:53:06 [INFO]: b'TX:M\x15\x84\xa1r\xcd\x04\xc8\xa1t\xcd\x02\xb9\xa1p\xcd\x14\xf4\xa1e\xcd\x04\x00--'
04272019 04:53:06 [INFO]: b'RX:B\x00'
04272019 04:53:06 [INFO]: b'TX:M\x12\x83\xa1h\x00\xa1a\xce\x00\x89T@\xa1o\xce\x01\x12\xa8\x80-----'
04272019 04:53:07 [INFO]: b'RX:B\x00'
04272019 04:53:07 [INFO]: b'TX:M\x12\x83\xa1h\x00\xa1a\xce\x00\x89T@\xa1o\xce\x01\x12\xa8\x80-----'
04272019 04:53:07 [INFO]: b'RX:B\x00'
04272019 04:53:07 [INFO]: b'TX:M\x15\x84\xa1r\xcd\x04\xc6\xa1t\xcd\x02\xb9\xa1p\xcd\x14\xf5\xa1e\xcd\x04\x00--'
04272019 04:53:07 [INFO]: b'RX:B\x00'
04272019 04:53:07 [INFO]: b'TX:M\x15\x84\xa1r\xcd\x04\xc6\xa1t\xcd\x02\xb9\xa1p\xcd\x14\xf5\xa1e\xcd\x04\x00--'
04272019 04:53:08 [INFO]: b'RX:B\x00'
04272019 04:53:08 [INFO]: b'TX:M\x12\x83\xa1h\x00\xa1a\xce\x00\x89T@\xa1o\xce\x01\x12\xa8\x80-----'
04272019 04:53:08 [INFO]: b'RX:B\x00'
04272019 04:53:08 [INFO]: b'TX:M\x12\x83\xa1h\x00\xa1a\xce\x00\x89T@\xa1o\xce\x01\x12\xa8\x80-----'
04272019 04:53:08 [INFO]: b'RX:B\x00'
04272019 04:53:08 [INFO]: b'TX:M\x15\x84\xa1r\xcd\x04\xc5\xa1t\xcd\x02\xb9\xa1p\xcd\x14\xf5\xa1e\xcd\x04\x00--'
04272019 04:53:08 [INFO]: b'RX:B\x00'
04272019 04:53:08 [INFO]: b'TX:M\x12\x83\xa1h\x00\xa1a\xce\x00\x89T@\xa1o\xce\x01\x12\xa8\x80-----'
04272019 04:53:09 [INFO]: b'RX:B\x00'
04272019 04:53:09 [INFO]: b'TX:M\x15\x84\xa1r\xcd\x04\xc6\xa1t\xcd\x02\xb9\xa1p\xcd\x14\xf5\xa1e\xcd\x04\x00--'
04272019 04:53:09 [INFO]: b'RX:B\x00'
04272019 04:53:09 [ERROR]: Buffer overflow
04272019 04:53:09 [INFO]: b'TX:M\x12\x83\xa1h\x00\xa1a\xce\x00\x89T@\xa1o\xce\x01\x12\xa8\x80-----'
04272019 04:53:09 [INFO]: b'RX:B\x00'
04272019 04:53:09 [INFO]: b'TX:M\x15\x84\xa1r\xcd\x04\xc4\xa1t\xcd\x02\xb9\xa1p\xcd\x14\xf5\xa1e\xcd\x04\x00--'
04272019 04:53:09 [INFO]: b'RX:B\x00'
04272019 04:53:10 [INFO]: b'TX:M\x12\x83\xa1h\x00\xa1a\xce\x00\x89T@\xa1o\xce\x01\x12\xa8\x80-----'
04272019 04:53:10 [INFO]: b'RX:B\x00'
04272019 04:53:10 [INFO]: b'TX:M\x15\x84\xa1r\xcd\x04\xc3\xa1t\xcd\x02\xb9\xa1p\xcd\x14\xf4\xa1e\xcd\x04\x00--'
04272019 04:53:11 [INFO]: b'RX:B\x00'
04272019 04:53:11 [INFO]: b'TX:M\x12\x83\xa1h\x00\xa1a\xce\x00\x89T@\xa1o\xce\x01\x12\xa8\x80-----'
04272019 04:53:11 [INFO]: b'RX:B\x00'
04272019 04:53:11 [INFO]: b'TX:M\x15\x84\xa1r\xcd\x04\xc3\xa1t\xcd\x02\xb9\xa1p\xcd\x14\xf4\xa1e\xcd\x04\x00--'
04272019 04:53:11 [INFO]: b'RX:B\x00'
04272019 04:53:11 [ERROR]: Buffer overflow
04272019 04:53:11 [INFO]: b'TX:M\x12\x83\xa1h\x00\xa1a\xce\x00\x89T@\xa1o\xce\x01\x12\xa8\x80-----'
04272019 04:53:12 [INFO]: b'RX:B\x00'
04272019 04:53:12 [INFO]: b'TX:M\x15\x84\xa1r\xcd\x04\xc4\xa1t\xcd\x02\xb9\xa1p\xcd\x14\xf4\xa1e\xcd\x04\x00--'
04272019 04:53:12 [INFO]: b'RX:B\x00'
04272019 04:53:12 [INFO]: b'TX:M\x12\x83\xa1h\x00\xa1a\xce\x00\x89T@\xa1o\xce\x01\x12\xa8\x80-----'
04272019 04:53:12 [INFO]: b'RX:B\x00'
04272019 04:53:12 [INFO]: b'TX:M\x15\x84\xa1r\xcd\x04\xc4\xa1t\xcd\x02\xb9\xa1p\xcd\x14\xf4\xa1e\xcd\x04\x00--'
04272019 04:53:13 [INFO]: b'RX:B\x00'
04272019 04:53:13 [INFO]: b'TX:M\x12\x83\xa1h\x00\xa1a\xce\x00\x89T@\xa1o\xce\x01\x12\xa8\x80-----'
04272019 04:53:13 [INFO]: b'RX:B\x00'
04272019 04:53:13 [INFO]: b'TX:M\x15\x84\xa1r\xcd\x04\xc4\xa1t\xcd\x02\xb9\xa1p\xcd\x14\xf5\xa1e\xcd\x04\x00--'
04272019 04:53:13 [INFO]: b'RX:B\x00'
04272019 04:53:13 [INFO]: b'TX:M\x12\x83\xa1h\x00\xa1a\xce\x00\x89T@\xa1o\xce\x01\x12\xa8\x80-----'
04272019 04:53:13 [INFO]: b'RX:B\x00'
04272019 04:53:13 [INFO]: b'TX:M\x15\x84\xa1r\xcd\x04\xc5\xa1t\xcd\x02\xb9\xa1p\xcd\x14\xf5\xa1e\xcd\x04\x00--'
04272019 04:53:14 [INFO]: b'RX:B\x00'
04272019 04:53:14 [INFO]: b'TX:M\x12\x83\xa1h\x00\xa1a\xce\x00\x89T@\xa1o\xce\x01\x12\xa8\x80-----'
04272019 04:53:14 [INFO]: b'RX:B\x00'
04272019 04:53:14 [INFO]: b'TX:M\x15\x84\xa1r\xcd\x04\xc5\xa1t\xcd\x02\xb9\xa1p\xcd\x14\xf5\xa1e\xcd\x04\x00--'
04272019 04:53:14 [INFO]: b'RX:B\x00'
04272019 04:53:14 [INFO]: b'TX:M\x12\x83\xa1h\x00\xa1a\xce\x00\x89T@\xa1o\xce\x01\x12\xa8\x80-----'
04272019 04:53:15 [INFO]: b'RX:B\x00'
04272019 04:53:15 [INFO]: b'TX:M\x15\x84\xa1r\xcd\x04\xc6\xa1t\xcd\x02\xb9\xa1p\xcd\x14\xf5\xa1e\xcd\x04\x00--'
04272019 04:53:15 [INFO]: b'RX:B\x00'
04272019 04:53:15 [ERROR]: Buffer overflow
04272019 04:53:15 [INFO]: b'TX:M\x12\x83\xa1h\x00\xa1a\xce\x00\x89T@\xa1o\xce\x01\x12\xa8\x80-----'
04272019 04:53:15 [INFO]: b'RX:B\x00'
04272019 04:53:15 [INFO]: b'TX:M\x15\x84\xa1r\xcd\x04\xc6\xa1t\xcd\x02\xb9\xa1p\xcd\x14\xf4\xa1e\xcd\x04\x00--'
04272019 04:53:15 [INFO]: b'RX:B\x00'
04272019 04:53:15 [INFO]: b'TX:M\x12\x83\xa1h\x00\xa1a\xce\x00\x89T@\xa1o\xce\x01\x12\xa8\x80-----'
04272019 04:53:16 [INFO]: b'RX:B\x00'
04272019 04:53:16 [INFO]: b'TX:M\x15\x84\xa1r\xcd\x04\xc7\xa1t\xcd\x02\xb9\xa1p\xcd\x14\xf5\xa1e\xcd\x04\x00--'
04272019 04:53:16 [INFO]: b'RX:B\x00'
04272019 04:53:16 [INFO]: b'TX:M\x12\x83\xa1h\x00\xa1a\xce\x00\x89T@\xa1o\xce\x01\x12\xa8\x80-----'
04272019 04:53:16 [INFO]: b'RX:B\x00'
04272019 04:53:16 [INFO]: b'TX:M\x15\x84\xa1r\xcd\x04\xc7\xa1t\xcd\x02\xb9\xa1p\xcd\x14\xf5\xa1e\xcd\x04\x00--'
04272019 04:53:17 [INFO]: b'RX:B\x00'
04272019 04:53:17 [INFO]: b'TX:M\x12\x83\xa1h\x00\xa1a\xce\x00\x89T@\xa1o\xce\x01\x12\xa8\x80-----'
04272019 04:53:17 [INFO]: b'RX:B\x00'
04272019 04:53:17 [INFO]: b'TX:M\x15\x84\xa1r\xcd\x04\xc9\xa1t\xcd\x02\xb8\xa1p\xcd\x14\xf5\xa1e\xcd\x04\x00--'
04272019 04:53:17 [INFO]: b'RX:B\x00'
04272019 04:53:17 [INFO]: b'TX:M\x12\x83\xa1h\x00\xa1a\xce\x00\x89T@\xa1o\xce\x01\x12\xa8\x80-----'
04272019 04:53:17 [INFO]: b'RX:B\x00'
04272019 04:53:17 [INFO]: b'TX:M\x15\x84\xa1r\xcd\x04\xc9\xa1t\xcd\x02\xb8\xa1p\xcd\x14\xf5\xa1e\xcd\x04\x00--'
04272019 04:53:18 [INFO]: b'RX:B\x00'
04272019 04:53:18 [INFO]: b'TX:M\x15\x84\xa1r\xcd\x04\xca\xa1t\xcd\x02\xb8\xa1p\xcd\x14\xf5\xa1e\xcd\x04\x00--'
04272019 04:53:18 [INFO]: b'RX:B\x00'
04272019 04:53:18 [INFO]: b'TX:M\x12\x83\xa1h\x00\xa1a\xce\x00\x89T@\xa1o\xce\x01\x12\xa8\x80-----'
04272019 04:53:18 [INFO]: b'RX:B\x00'
04272019 04:53:18 [ERROR]: Buffer overflow
04272019 04:53:18 [INFO]: b'TX:M\x12\x83\xa1h\x00\xa1a\xce\x00\x89T@\xa1o\xce\x01\x12\xa8\x80-----'
04272019 04:53:19 [INFO]: b'RX:B\x00'
04272019 04:53:19 [INFO]: b'TX:M\x15\x84\xa1r\xcd\x04\xc9\xa1t\xcd\x02\xb8\xa1p\xcd\x14\xf5\xa1e\xcd\x04\x00--'
04272019 04:53:19 [INFO]: b'RX:B\x00'
04272019 04:53:19 [INFO]: b'TX:M\x12\x83\xa1h\x00\xa1a\xce\x00\x89T@\xa1o\xce\x01\x12\xa8\x80-----'
04272019 04:53:19 [INFO]: b'RX:B\x00'
04272019 04:53:19 [INFO]: b'TX:M\x12\x83\xa1h\x00\xa1a\xce\x00\x89T@\xa1o\xce\x01\x12\xa8\x80-----'
04272019 04:53:19 [INFO]: b'RX:B\x00'
04272019 04:53:19 [INFO]: b'TX:M\x15\x84\xa1r\xcd\x04\xc9\xa1t\xcd\x02\xb8\xa1p\xcd\x14\xf5\xa1e\xcd\x04\x00--'
04272019 04:53:20 [INFO]: b'RX:B\x00'
04272019 04:53:20 [INFO]: b'TX:M\x12\x83\xa1h\x00\xa1a\xce\x00\x89T@\xa1o\xce\x01\x12\xa8\x80-----'
04272019 04:53:20 [INFO]: b'RX:B\x00'
04272019 04:53:20 [INFO]: b'TX:M\x15\x84\xa1r\xcd\x04\xca\xa1t\xcd\x02\xb8\xa1p\xcd\x14\xf5\xa1e\xcd\x04\x00--'
04272019 04:53:20 [INFO]: b'RX:B\x00'
04272019 04:53:20 [INFO]: b'TX:M\x15\x84\xa1r\xcd\x04\xca\xa1t\xcd\x02\xb8\xa1p\xcd\x14\xf5\xa1e\xcd\x04\x00--'
04272019 04:53:21 [INFO]: b'RX:B\x00'
04272019 04:53:21 [INFO]: b'TX:M\x12\x83\xa1h\x00\xa1a\xce\x00\x89T@\xa1o\xce\x01\x12\xa8\x80-----'
04272019 04:53:21 [INFO]: b'RX:B\x00'
04272019 04:53:21 [INFO]: b'TX:M\x15\x84\xa1r\xcd\x04\xc9\xa1t\xcd\x02\xb8\xa1p\xcd\x14\xf5\xa1e\xcd\x04\x00--'
04272019 04:53:21 [INFO]: b'RX:B\x00'
04272019 04:53:21 [INFO]: b'TX:M\x12\x83\xa1h\x00\xa1a\xce\x00\x89T@\xa1o\xce\x01\x12\xa8\x80-----'
04272019 04:53:21 [INFO]: b'RX:B\x00'
04272019 04:53:22 [INFO]: b'TX:M\x15\x84\xa1r\xcd\x04\xc8\xa1t\xcd\x02\xb8\xa1p\xcd\x14\xf5\xa1e\xcd\x04\x00--'
04272019 04:53:22 [INFO]: b'RX:B\x00'
04272019 04:53:22 [ERROR]: Buffer overflow
04272019 04:53:22 [INFO]: b'TX:M\x12\x83\xa1h\x00\xa1a\xce\x00\x89T@\xa1o\xce\x01\x12\xa8\x80-----'
04272019 04:53:22 [INFO]: b'RX:B\x00'
04272019 04:53:22 [INFO]: b'TX:M\x15\x84\xa1r\xcd\x04\xc9\xa1t\xcd\x02\xb8\xa1p\xcd\x14\xf5\xa1e\xcd\x04\x00--'
04272019 04:53:22 [INFO]: b'RX:B\x00'
04272019 04:53:22 [INFO]: b'TX:M\x12\x83\xa1h\x00\xa1a\xce\x00\x89T@\xa1o\xce\x01\x12\xa8\x80-----'
04272019 04:53:23 [INFO]: b'RX:B\x00'
04272019 04:53:23 [INFO]: b'TX:M\x12\x83\xa1h\x00\xa1a\xce\x00\x89T@\xa1o\xce\x01\x12\xa8\x80-----'
04272019 04:53:23 [INFO]: b'RX:B\x00'
04272019 04:53:23 [INFO]: b'TX:M\x15\x84\xa1r\xcd\x04\xca\xa1t\xcd\x02\xb8\xa1p\xcd\x14\xf5\xa1e\xcd\x04\x00--'
04272019 04:53:23 [INFO]: b'RX:B\x00'
04272019 04:53:23 [INFO]: b'TX:M\x12\x83\xa1h\x00\xa1a\xce\x00\x89T@\xa1o\xce\x01\x12\xa8\x80-----'
04272019 04:53:23 [INFO]: b'RX:B\x00'
04272019 04:53:24 [INFO]: b'TX:M\x15\x84\xa1r\xcd\x04\xca\xa1t\xcd\x02\xb8\xa1p\xcd\x14\xf5\xa1e\xcd\x04\x00--'
04272019 04:53:24 [INFO]: b'RX:B\x00'
04272019 04:53:24 [INFO]: b'TX:M\x12\x83\xa1h\x00\xa1a\xce\x00\x89T@\xa1o\xce\x01\x12\xa8\x80-----'
04272019 04:53:24 [INFO]: b'RX:B\x00'
04272019 04:53:24 [INFO]: b'TX:M\x15\x84\xa1r\xcd\x04\xcc\xa1t\xcd\x02\xb8\xa1p\xcd\x14\xf5\xa1e\xcd\x04\x00--'
04272019 04:53:24 [INFO]: b'RX:B\x00'
04272019 04:53:24 [INFO]: b'TX:M\x15\x84\xa1r\xcd\x04\xcc\xa1t\xcd\x02\xb8\xa1p\xcd\x14\xf5\xa1e\xcd\x04\x00--'
04272019 04:53:25 [INFO]: b'RX:B\x00'
04272019 04:53:25 [INFO]: b'TX:M\x12\x83\xa1h\x00\xa1a\xce\x00\x89T@\xa1o\xce\x01\x12\xa8\x80-----'
04272019 04:53:25 [INFO]: b'RX:B\x00'
04272019 04:53:25 [ERROR]: Buffer overflow
04272019 04:53:25 [INFO]: b'TX:M\x15\x84\xa1r\xcd\x04\xcb\xa1t\xcd\x02\xb8\xa1p\xcd\x14\xf5\xa1e\xcd\x04\x00--'
04272019 04:53:25 [INFO]: b'RX:B\x00'
04272019 04:53:25 [INFO]: b'TX:M\x12\x83\xa1h\x00\xa1a\xce\x00\x89T@\xa1o\xce\x01\x12\xa8\x80-----'
04272019 04:53:25 [INFO]: b'RX:B\x00'
04272019 04:53:26 [INFO]: b'TX:M\x15\x84\xa1r\xcd\x04\xcb\xa1t\xcd\x02\xb8\xa1p\xcd\x14\xf5\xa1e\xcd\x04\x00--'
04272019 04:53:26 [INFO]: b'RX:B\x00'
04272019 04:53:26 [INFO]: b'TX:M\x12\x83\xa1h\x00\xa1a\xce\x00\x89T@\xa1o\xce\x01\x12\xa8\x80-----'
04272019 04:53:26 [INFO]: b'RX:B\x00'
04272019 04:53:26 [INFO]: b'TX:M\x15\x84\xa1r\xcd\x04\xca\xa1t\xcd\x02\xb8\xa1p\xcd\x14\xf4\xa1e\xcd\x04\x00--'
04272019 04:53:26 [INFO]: b'RX:B\x00'
04272019 04:53:26 [INFO]: b'TX:M\x12\x83\xa1h\x00\xa1a\xce\x00\x89T@\xa1o\xce\x01\x12\xa8\x80-----'
04272019 04:53:27 [INFO]: b'RX:B\x00'
04272019 04:53:27 [INFO]: b'TX:M\x12\x83\xa1h\x00\xa1a\xce\x00\x89T@\xa1o\xce\x01\x12\xa8\x80-----'
04272019 04:53:27 [INFO]: b'RX:B\x00'
04272019 04:53:27 [INFO]: b'TX:M\x15\x84\xa1r\xcd\x04\xca\xa1t\xcd\x02\xb8\xa1p\xcd\x14\xf5\xa1e\xcd\x04\x00--'
04272019 04:53:27 [INFO]: b'RX:B\x00'
04272019 04:53:27 [INFO]: b'TX:M\x12\x83\xa1h\x00\xa1a\xce\x00\x89T@\xa1o\xce\x01\x12\xa8\x80-----'
04272019 04:53:28 [INFO]: b'RX:B\x00'
04272019 04:53:28 [INFO]: b'TX:M\x15\x84\xa1r\xcd\x04\xca\xa1t\xcd\x02\xb8\xa1p\xcd\x14\xf5\xa1e\xcd\x04\x00--'
04272019 04:53:28 [INFO]: b'RX:B\x00'
04272019 04:53:28 [INFO]: b'TX:M\x12\x83\xa1h\x00\xa1a\xce\x00\x89T@\xa1o\xce\x01\x12\xa8\x80-----'
04272019 04:53:28 [INFO]: b'RX:B\x00'
04272019 04:53:28 [ERROR]: Buffer overflow
04272019 04:53:28 [INFO]: b'TX:M\x12\x83\xa1h\x00\xa1a\xce\x00\x89T@\xa1o\xce\x01\x12\xa8\x80-----'
04272019 04:53:29 [INFO]: b'RX:B\x00'
04272019 04:53:29 [INFO]: b'TX:M\x15\x84\xa1r\xcd\x04\xcb\xa1t\xcd\x02\xb8\xa1p\xcd\x14\xf4\xa1e\xcd\x04\x00--'
04272019 04:53:29 [INFO]: b'RX:B\x00'
04272019 04:53:29 [INFO]: b'TX:M\x12\x83\xa1h\x00\xa1a\xce\x00\x89T@\xa1o\xce\x01\x12\xa8\x80-----'
04272019 04:53:29 [INFO]: b'RX:B\x00'
04272019 04:53:29 [INFO]: b'TX:M\x15\x84\xa1r\xcd\x04\xcb\xa1t\xcd\x02\xb8\xa1p\xcd\x14\xf5\xa1e\xcd\x04\x00--'
04272019 04:53:29 [INFO]: b'RX:B\x00'
04272019 04:53:29 [INFO]: b'TX:M\x12\x83\xa1h\x00\xa1a\xce\x00\x89T@\xa1o\xce\x01\x12\xa8\x80-----'
04272019 04:53:30 [INFO]: b'RX:B\x00'
04272019 04:53:30 [INFO]: b'TX:M\x15\x84\xa1r\xcd\x04\xcb\xa1t\xcd\x02\xb8\xa1p\xcd\x14\xf5\xa1e\xcd\x04\x00--'
04272019 04:53:30 [INFO]: b'RX:B\x00'
04272019 04:53:30 [INFO]: b'TX:M\x12\x83\xa1h\x00\xa1a\xce\x00\x89T@\xa1o\xce\x01\x12\xa8\x80-----'
04272019 04:53:30 [INFO]: b'RX:B\x00'
04272019 04:53:30 [INFO]: b'TX:M\x15\x84\xa1r\xcd\x04\xcb\xa1t\xcd\x02\xb8\xa1p\xcd\x14\xf5\xa1e\xcd\x04\x00--'
04272019 04:53:31 [INFO]: b'RX:B\x00'
04272019 04:53:31 [INFO]: b'TX:M\x12\x83\xa1h\x00\xa1a\xce\x00\x89T@\xa1o\xce\x01\x12\xa8\x80-----'
04272019 04:53:31 [INFO]: b'RX:B\x00'
04272019 04:53:31 [INFO]: b'TX:M\x15\x84\xa1r\xcd\x04\xcb\xa1t\xcd\x02\xb8\xa1p\xcd\x14\xf4\xa1e\xcd\x04\x00--'
04272019 04:53:31 [INFO]: b'RX:B\x00'
04272019 04:53:31 [INFO]: b'TX:M\x12\x83\xa1h\x00\xa1a\xce\x00\x89T@\xa1o\xce\x01\x12\xa8\x80-----'
04272019 04:53:31 [INFO]: b'RX:B\x00'
04272019 04:53:31 [ERROR]: Buffer overflow
04272019 04:53:32 [INFO]: b'TX:M\x12\x83\xa1h\x00\xa1a\xce\x00\x89T@\xa1o\xce\x01\x12\xa8\x80-----'
04272019 04:53:32 [INFO]: b'RX:B\x00'
04272019 04:53:32 [INFO]: b'TX:M\x15\x84\xa1r\xcd\x04\xcd\xa1t\xcd\x02\xb8\xa1p\xcd\x14\xf5\xa1e\xcd\x04\x00--'
04272019 04:53:32 [INFO]: b'RX:B\x00'
04272019 04:53:32 [INFO]: b'TX:M\x12\x83\xa1h\x00\xa1a\xce\x00\x89T@\xa1o\xce\x01\x12\xa8\x80-----'
04272019 04:53:32 [INFO]: b'RX:B\x00'
04272019 04:53:32 [INFO]: b'TX:M\x15\x84\xa1r\xcd\x04\xcc\xa1t\xcd\x02\xb8\xa1p\xcd\x14\xf4\xa1e\xcd\x04\x00--'
04272019 04:53:33 [INFO]: b'RX:B\x00'
04272019 04:53:33 [INFO]: b'TX:M\x15\x84\xa1r\xcd\x04\xcc\xa1t\xcd\x02\xb8\xa1p\xcd\x14\xf4\xa1e\xcd\x04\x00--'
04272019 04:53:33 [INFO]: b'RX:B\x00'
04272019 04:53:33 [INFO]: b'TX:M\x12\x83\xa1h\x00\xa1a\xce\x00\x89T@\xa1o\xce\x01\x12\xa8\x80-----'
04272019 04:53:33 [INFO]: b'RX:B\x00'
04272019 04:53:33 [INFO]: b'TX:M\x15\x84\xa1r\xcd\x04\xcc\xa1t\xcd\x02\xb8\xa1p\xcd\x14\xf4\xa1e\xcd\x04\x00--'
04272019 04:53:33 [INFO]: b'RX:B\x00'
04272019 04:53:34 [INFO]: b'TX:M\x12\x83\xa1h\x00\xa1a\xce\x00\x89T@\xa1o\xce\x01\x12\xa8\x80-----'
04272019 04:53:34 [INFO]: b'RX:B\x00'
04272019 04:53:34 [INFO]: b'TX:M\x15\x84\xa1r\xcd\x04\xcc\xa1t\xcd\x02\xb8\xa1p\xcd\x14\xf4\xa1e\xcd\x04\x00--'
04272019 04:53:34 [INFO]: b'RX:B\x00'
04272019 04:53:34 [INFO]: b'TX:M\x12\x83\xa1h\x00\xa1a\xce\x00\x89T@\xa1o\xce\x01\x12\xa8\x80-----'
04272019 04:53:34 [INFO]: b'RX:B\x00'
04272019 04:53:34 [INFO]: b'TX:M\x15\x84\xa1r\xcd\x04\xcb\xa1t\xcd\x02\xb8\xa1p\xcd\x14\xf5\xa1e\xcd\x04\x00--'
04272019 04:53:35 [INFO]: b'RX:B\x00'
04272019 04:53:35 [ERROR]: Buffer overflow
04272019 04:53:35 [INFO]: b'TX:M\x12\x83\xa1h\x00\xa1a\xce\x00\x89T@\xa1o\xce\x01\x12\xa8\x80-----'
04272019 04:53:35 [INFO]: b'RX:B\x00'
04272019 04:53:35 [INFO]: b'TX:M\x15\x84\xa1r\xcd\x04\xc6\xa1t\xcd\x02\xb8\xa1p\xcd\x14\xf4\xa1e\xcd\x04\x00--'
04272019 04:53:35 [INFO]: b'RX:B\x00'
04272019 04:53:35 [INFO]: b'TX:M\x12\x83\xa1h\x00\xa1a\xce\x00\x89T@\xa1o\xce\x01\x12\xa8\x80-----'
04272019 04:53:35 [INFO]: b'RX:B\x00'
04272019 04:53:36 [INFO]: b'TX:M\x15\x84\xa1r\xcd\x04\xc6\xa1t\xcd\x02\xb8\xa1p\xcd\x14\xf4\xa1e\xcd\x04\x00--'
04272019 04:53:36 [INFO]: b'RX:B\x00'
04272019 04:53:36 [INFO]: b'TX:M\x12\x83\xa1h\x00\xa1a\xce\x00\x89T@\xa1o\xce\x01\x12\xa8\x80-----'
04272019 04:53:36 [INFO]: b'RX:B\x00'
04272019 04:53:36 [INFO]: b'TX:M\x15\x84\xa1r\xcd\x04\xc8\xa1t\xcd\x02\xb8\xa1p\xcd\x14\xf4\xa1e\xcd\x04\x00--'
04272019 04:53:36 [INFO]: b'RX:B\x00'
04272019 04:53:36 [INFO]: b'TX:M\x12\x83\xa1h\x00\xa1a\xce\x00\x89T@\xa1o\xce\x01\x12\xa8\x80-----'
04272019 04:53:37 [INFO]: b'RX:B\x00'
04272019 04:53:37 [INFO]: b'TX:M\x15\x84\xa1r\xcd\x04\xc8\xa1t\xcd\x02\xb8\xa1p\xcd\x14\xf4\xa1e\xcd\x04\x00--'
04272019 04:53:37 [INFO]: b'RX:B\x00'
04272019 04:53:37 [INFO]: b'TX:M\x12\x83\xa1h\x00\xa1a\xce\x00\x89T@\xa1o\xce\x01\x12\xa8\x80-----'
04272019 04:53:37 [INFO]: b'RX:B\x00'
04272019 04:53:37 [INFO]: b'TX:M\x15\x84\xa1r\xcd\x04\xc8\xa1t\xcd\x02\xb8\xa1p\xcd\x14\xf5\xa1e\xcd\x04\x00--'
04272019 04:53:37 [INFO]: b'RX:B\x00'
04272019 04:53:38 [INFO]: b'TX:M\x12\x83\xa1h\x00\xa1a\xce\x00\x89T@\xa1o\xce\x01\x12\xa8\x80-----'
04272019 04:53:38 [INFO]: b'RX:B\x00'
04272019 04:53:38 [INFO]: b'TX:M\x15\x84\xa1r\xcd\x04\xc8\xa1t\xcd\x02\xb8\xa1p\xcd\x14\xf5\xa1e\xcd\x04\x00--'
                                                                                                                                                                                                                                                                                                                                                                                                                                                                                                                                                                                                                                                                                                                                                                                                                                                                                                                                                                                                                                                                                                                                                                                                                                                                                                                                                                                                                                                                                                                                                                                                                                                                                                                                                                                                                                                                                                                                                                                                                                                        