04272019 01:18:32 [ERROR]: negative seek position -2
04272019 01:18:32 [INFO]: b'TX:M\x15\x84\xa1e\xcd\x03\xe2\xa1t\xcd\x02\xbe\xa1r\xcd\x06\xf4\xa1p\xcd\x14\xfa--'
04272019 01:18:32 [INFO]: b'RX:B\x00'
04272019 01:18:32 [INFO]: b'TX:M\x15\x84\xa1e\xcd\x03\xe2\xa1t\xcd\x02\xbe\xa1r\xcd\x06\xf4\xa1p\xcd\x14\xfa--'
04272019 01:18:32 [INFO]: b'RX:B\x00'
04272019 01:18:32 [INFO]: b'TX:M\x15\x84\xa1e\xcd\x03\xe2\xa1t\xcd\x02\xbe\xa1r\xcd\x06\xf4\xa1p\xcd\x14\xfa--'
04272019 01:18:33 [INFO]: b'RX:B\x00'
04272019 01:18:33 [INFO]: b'TX:M\x15\x84\xa1e\xcd\x03\xe2\xa1t\xcd\x02\xbe\xa1r\xcd\x06\xf4\xa1p\xcd\x14\xfa--'
04272019 01:18:33 [INFO]: b'RX:B\x00'
04272019 01:18:33 [INFO]: b'TX:M\x15\x84\xa1e\xcd\x03\xe2\xa1t\xcd\x02\xbe\xa1r\xcd\x06\xf4\xa1p\xcd\x14\xfa--'
04272019 01:18:33 [INFO]: b'RX:B\x00'
04272019 01:18:34 [INFO]: b'TX:M\x12\x83\xa1h\x00\xa1a\xce\x00\x89T@\xa1o\xce\x01\x12\xa8\x80-----'
04272019 01:18:34 [INFO]: b'RX:B\x00'
04272019 01:18:34 [INFO]: b'TX:M\x12\x83\xa1h\x00\xa1a\xce\x00\x89T@\xa1o\xce\x01\x12\xa8\x80-----'
04272019 01:18:34 [INFO]: b'RX:B\x00'
04272019 01:18:34 [INFO]: b'TX:M\x12\x83\xa1h\x00\xa1a\xce\x00\x89T@\xa1o\xce\x01\x12\xa8\x80-----'
04272019 01:18:35 [INFO]: b'RX:B\x00'
04272019 01:18:35 [INFO]: b'TX:M\x12\x83\xa1h\x00\xa1a\xce\x00\x89T@\xa1o\xce\x01\x12\xa8\x80-----'
04272019 01:18:35 [INFO]: b'RX:B\x00'
04272019 01:18:35 [INFO]: b'TX:M\x12\x83\xa1h\x00\xa1a\xce\x00\x89T@\xa1o\xce\x01\x12\xa8\x80-----'
04272019 01:18:35 [INFO]: b'RX:B\x00'
04272019 01:18:35 [INFO]: b'TX:M\x15\x84\xa1e\xcd\x03\xe2\xa1t\xcd\x02\xbe\xa1r\xcd\x06\xf4\xa1p\xcd\x14\xfa--'
04272019 01:18:35 [INFO]: b'RX:B\x00'
04272019 01:18:36 [INFO]: b'TX:M\x12\x83\xa1h\x00\xa1a\xce\x00\x89T@\xa1o\xce\x01\x12\xa8\x80-----'
04272019 01:18:36 [INFO]: b'RX:B\x00'
04272019 01:18:36 [INFO]: b'TX:M\x15\x84\xa1e\xcd\x03\xe2\xa1t\xcd\x02\xbe\xa1r\xcd\x06\xf4\xa1p\xcd\x14\xfa--'
04272019 01:18:36 [INFO]: b'RX:B\x00'
04272019 01:18:36 [INFO]: b'TX:M\x12\x83\xa1h\x00\xa1a\xce\x00\x89T@\xa1o\xce\x01\x12\xa8\x80-----'
04272019 01:18:36 [INFO]: b'RX:B\x00'
04272019 01:18:36 [INFO]: b'TX:M\x12\x83\xa1h\x00\xa1a\xce\x00\x89T@\xa1o\xce\x01\x12\xa8\x80-----'
04272019 01:18:37 [INFO]: b'RX:B\x00'
04272019 01:18:37 [INFO]: b'TX:M\x15\x84\xa1e\xcd\x03\xe2\xa1t\xcd\x02\xbe\xa1r\xcd\x06\xf4\xa1p\xcd\x14\xfa--'
04272019 01:18:37 [INFO]: b'RX:B\x00'
04272019 01:18:37 [INFO]: b'TX:M\x12\x83\xa1h\x00\xa1a\xce\x00\x89T@\xa1o\xce\x01\x12\xa8\x80-----'
04272019 01:18:37 [INFO]: b'RX:B\x00'
04272019 01:18:37 [INFO]: b'TX:M\x15\x84\xa1e\xcd\x03\xe2\xa1t\xcd\x02\xbe\xa1r\xcd\x06\xf4\xa1p\xcd\x14\xfa--'
04272019 01:18:38 [INFO]: b'RX:B\x00'
04272019 01:18:38 [INFO]: b'TX:M\x15\x84\xa1e\xcd\x03\xe2\xa1t\xcd\x02\xbe\xa1r\xcd\x06\xf4\xa1p\xcd\x14\xfa--'
04272019 01:18:38 [INFO]: b'RX:B\x00'
04272019 01:18:38 [INFO]: b'TX:M\x12\x83\xa1h\x00\xa1a\xce\x00\x89T@\xa1o\xce\x01\x12\xa8\x80-----'
04272019 01:18:38 [INFO]: b'RX:B\x00'
04272019 01:18:38 [INFO]: b'TX:M\x15\x84\xa1e\xcd\x03\xe2\xa1t\xcd\x02\xbe\xa1r\xcd\x06\xf4\xa1p\xcd\x14\xfa--'
04272019 01:18:39 [INFO]: b'RX:B\x00'
04272019 01:18:39 [INFO]: b'TX:M\x12\x83\xa1h\x00\xa1a\xce\x00\x89T@\xa1o\xce\x01\x12\xa8\x80-----'
04272019 01:18:39 [INFO]: b'RX:B\x00'
04272019 01:18:39 [INFO]: b'TX:M\x15\x84\xa1e\xcd\x03\xe2\xa1t\xcd\x02\xbe\xa1r\xcd\x06\xf4\xa1p\xcd\x14\xfa--'
04272019 01:18:39 [INFO]: b'RX:B\x00'
04272019 01:18:39 [INFO]: b'TX:M\x12\x83\xa1h\x00\xa1a\xce\x00\x89T@\xa1o\xce\x01\x12\xa8\x80-----'
04272019 01:18:39 [INFO]: b'RX:B\x00'
04272019 01:18:40 [INFO]: b'TX:M\x15\x84\xa1e\xcd\x03\xe2\xa1t\xcd\x02\xbe\xa1r\xcd\x06\xf4\xa1p\xcd\x14\xfa--'
04272019 01:18:40 [INFO]: b'RX:B\x00'
04272019 01:18:40 [INFO]: b'TX:M\x12\x83\xa1h\x00\xa1a\xce\x00\x89T@\xa1o\xce\x01\x12\xa8\x80-----'
04272019 01:18:40 [INFO]: b'RX:B\x00'
04272019 01:18:40 [INFO]: b'TX:M\x15\x84\xa1e\xcd\x03\xe2\xa1t\xcd\x02\xbe\xa1r\xcd\x06\xf4\xa1p\xcd\x14\xfa--'
04272019 01:18:40 [INFO]: b'RX:B\x00'
04272019 01:18:40 [INFO]: b'TX:M\x12\x83\xa1h\x00\xa1a\xce\x00\x89T@\xa1o\xce\x01\x12\xa8\x80-----'
04272019 01:18:41 [INFO]: b'RX:B\x00'
04272019 01:18:41 [INFO]: b'TX:M\x15\x84\xa1e\xcd\x03\xe2\xa1t\xcd\x02\xbe\xa1r\xcd\x06\xf4\xa1p\xcd\x14\xfa--'
04272019 01:18:41 [INFO]: b'RX:B\x00'
04272019 01:18:41 [INFO]: b'TX:M\x12\x83\xa1h\x00\xa1a\xce\x00\x89T@\xa1o\xce\x01\x12\xa8\x80-----'
04272019 01:18:41 [INFO]: b'RX:B\x00'
04272019 01:18:41 [INFO]: b'TX:M\x15\x84\xa1e\xcd\x03\xe2\xa1t\xcd\x02\xbe\xa1r\xcd\x06\xf4\xa1p\xcd\x14\xfa--'
04272019 01:18:42 [INFO]: b'RX:B\x00'
04272019 01:18:42 [INFO]: b'TX:M\x12\x83\xa1h\x00\xa1a\xce\x00\x89T@\xa1o\xce\x01\x12\xa8\x80-----'
04272019 01:18:42 [INFO]: b'RX:B\x00'
04272019 01:18:42 [INFO]: b'TX:M\x15\x84\xa1e\xcd\x03\xe2\xa1t\xcd\x02\xbe\xa1r\xcd\x06\xf4\xa1p\xcd\x14\xfa--'
04272019 01:18:42 [INFO]: b'RX:B\x00'
04272019 01:18:42 [INFO]: b'TX:M\x12\x83\xa1h\x00\xa1a\xce\x00\x89T@\xa1o\xce\x01\x12\xa8\x80-----'
04272019 01:18:43 [INFO]: b'RX:B\x00'
04272019 01:18:43 [INFO]: b'TX:M\x15\x84\xa1e\xcd\x03\xe2\xa1t\xcd\x02\xbe\xa1r\xcd\x06\xf4\xa1p\xcd\x14\xfa--'
04272019 01:18:43 [INFO]: b'RX:B\x00'
04272019 01:18:43 [INFO]: b'TX:M\x12\x83\xa1h\x00\xa1a\xce\x00\x89T@\xa1o\xce\x01\x12\xa8\x80-----'
04272019 01:18:43 [INFO]: b'RX:B\x00'
04272019 01:18:43 [INFO]: b'TX:M\x15\x84\xa1e\xcd\x03\xe2\xa1t\xcd\x02\xbe\xa1r\xcd\x06\xf4\xa1p\xcd\x14\xfa--'
04272019 01:18:44 [INFO]: b'RX:B\x00'
04272019 01:18:44 [INFO]: b'TX:M\x12\x83\xa1h\x00\xa1a\xce\x00\x89T@\xa1o\xce\x01\x12\xa8\x80-----'
04272019 01:18:44 [INFO]: b'RX:B\x00'
04272019 01:18:44 [INFO]: b'TX:M\x15\x84\xa1e\xcd\x03\xe2\xa1t\xcd\x02\xbe\xa1r\xcd\x06\xf4\xa1p\xcd\x14\xfa--'
04272019 01:18:44 [INFO]: b'RX:B\x00'
04272019 01:18:44 [INFO]: b'TX:M\x12\x83\xa1h\x00\xa1a\xce\x00\x89T@\xa1o\xce\x01\x12\xa8\x80-----'
04272019 01:18:44 [INFO]: b'RX:B\x00'
04272019 01:18:45 [INFO]: b'TX:M\x15\x84\xa1e\xcd\x03\xe2\xa1t\xcd\x02\xbe\xa1r\xcd\x06\xf4\xa1p\xcd\x14\xfa--'
04272019 01:18:45 [INFO]: b'RX:B\x00'
04272019 01:18:45 [INFO]: b'TX:M\x12\x83\xa1h\x00\xa1a\xce\x00\x89T@\xa1o\xce\x01\x12\xa8\x80-----'
04272019 01:18:45 [INFO]: b'RX:B\x00'
04272019 01:18:45 [ERROR]: Buffer overflow
04272019 01:18:45 [INFO]: b'TX:M\x15\x84\xa1e\xcd\x03\xe2\xa1t\xcd\x02\xbe\xa1r\xcd\x06\xf4\xa1p\xcd\x14\xfa--'
04272019 01:18:45 [INFO]: b'RX:B\x00'
04272019 01:18:45 [INFO]: b'TX:M\x12\x83\xa1h\x00\xa1a\xce\x00\x89T@\xa1o\xce\x01\x12\xa8\x80-----'
04272019 01:18:46 [INFO]: b'RX:B\x00'
04272019 01:18:46 [INFO]: b'TX:M\x15\x84\xa1e\xcd\x03\xe2\xa1t\xcd\x02\xbe\xa1r\xcd\x06\xf4\xa1p\xcd\x14\xfa--'
04272019 01:18:46 [INFO]: b'RX:B\x00'
04272019 01:18:46 [INFO]: b'TX:M\x12\x83\xa1h\x00\xa1a\xce\x00\x89T@\xa1o\xce\x01\x12\xa8\x80-----'
04272019 01:18:46 [INFO]: b'RX:B\x00'
04272019 01:18:46 [INFO]: b'TX:M\x15\x84\xa1e\xcd\x03\xe2\xa1t\xcd\x02\xbe\xa1r\xcd\x06\xf4\xa1p\xcd\x14\xfa--'
04272019 01:18:47 [INFO]: b'RX:B\x00'
04272019 01:18:47 [INFO]: b'TX:M\x12\x83\xa1h\x00\xa1a\xce\x00\x89T@\xa1o\xce\x01\x12\xa8\x80-----'
04272019 01:18:47 [INFO]: b'RX:B\x00'
04272019 01:18:47 [INFO]: b'TX:M\x15\x84\xa1e\xcd\x03\xe2\xa1t\xcd\x02\xbe\xa1r\xcd\x06\xf4\xa1p\xcd\x14\xfa--'
04272019 01:18:47 [INFO]: b'RX:B\x00'
04272019 01:18:47 [INFO]: b'TX:M\x12\x83\xa1h\x00\xa1a\xce\x00\x89T@\xa1o\xce\x01\x12\xa8\x80-----'
04272019 01:18:48 [INFO]: b'RX:B\x00'
04272019 01:18:48 [INFO]: b'TX:M\x15\x84\xa1e\xcd\x03\xe2\xa1t\xcd\x02\xbe\xa1r\xcd\x06\xf4\xa1p\xcd\x14\xfa--'
04272019 01:18:48 [INFO]: b'RX:B\x00'
04272019 01:18:48 [INFO]: b'TX:M\x12\x83\xa1h\x00\xa1a\xce\x00\x89T@\xa1o\xce\x01\x12\xa8\x80-----'
04272019 01:18:48 [INFO]: b'RX:B\x00'
04272019 01:18:48 [ERROR]: Buffer overflow
04272019 01:18:48 [INFO]: b'TX:M\x12\x83\xa1h\x00\xa1a\xce\x00\x89T@\xa1o\xce\x01\x12\xa8\x80-----'
04272019 01:18:49 [INFO]: b'RX:B\x00'
04272019 01:18:49 [INFO]: b'TX:M\x15\x84\xa1e\xcd\x03\xe2\xa1t\xcd\x02\xbe\xa1r\xcd\x06\xf4\xa1p\xcd\x14\xfa--'
04272019 01:18:49 [INFO]: b'RX:B\x00'
04272019 01:18:49 [INFO]: b'TX:M\x12\x83\xa1h\x00\xa1a\xce\x00\x89T@\xa1o\xce\x01\x12\xa8\x80-----'
04272019 01:18:49 [INFO]: b'RX:B\x00'
04272019 01:18:49 [INFO]: b'TX:M\x15\x84\xa1e\xcd\x03\xe2\xa1t\xcd\x02\xbe\xa1r\xcd\x06\xf4\xa1p\xcd\x14\xfa--'
04272019 01:18:50 [INFO]: b'RX:B\x00'
04272019 01:18:50 [INFO]: b'TX:M\x12\x83\xa1h\x00\xa1a\xce\x00\x89T@\xa1o\xce\x01\x12\xa8\x80-----'
04272019 01:18:50 [INFO]: b'RX:B\x00'
04272019 01:18:50 [INFO]: b'TX:M\x15\x84\xa1e\xcd\x03\xe2\xa1t\xcd\x02\xbe\xa1r\xcd\x06\xf4\xa1p\xcd\x14\xfa--'
04272019 01:18:50 [INFO]: b'RX:B\x00'
04272019 01:18:50 [INFO]: b'TX:M\x12\x83\xa1h\x00\xa1a\xce\x00\x89T@\xa1o\xce\x01\x12\xa8\x80-----'
04272019 01:18:50 [INFO]: b'RX:B\x00'
04272019 01:18:51 [INFO]: b'TX:M\x15\x84\xa1e\xcd\x03\xe2\xa1t\xcd\x02\xbe\xa1r\xcd\x06\xf4\xa1p\xcd\x14\xfa--'
04272019 01:18:51 [INFO]: b'RX:T84000\x17'
04272019 01:18:51 [INFO]: CMD: T84277----

04272019 01:18:51 [ERROR]: [Errno 2] No such file or directory: '/home/pi/thermal/84277.txt'
04272019 01:18:51 [ERROR]: Buffer overflow
04272019 01:18:51 [INFO]: b'TX:M\x12\x83\xa1h\x00\xa1a\xce\x00\x89T@\xa1o\xce\x01\x12\xa8\x80-----'
04272019 01:18:51 [INFO]: b'RX:B\x00'
04272019 01:18:51 [INFO]: b'TX:M\x15\x84\xa1e\xcd\x03\xe6\xa1t\xcd\x02\xbd\xa1r\xcd\x06\xaa\xa1p\xcd\x14\xfa--'
04272019 01:18:51 [INFO]: b'RX:B\x00'
04272019 01:18:52 [INFO]: b'TX:M\x12\x83\xa1h\x00\xa1a\xce\x00\x89T@\xa1o\xce\x01\x12\xa8\x80-----'
04272019 01:18:52 [INFO]: b'RX:B\x00'
04272019 01:18:52 [INFO]: b'TX:M\x15\x84\xa1e\xcd\x03\xe6\xa1t\xcd\x02\xbd\xa1r\xcd\x06\xaa\xa1p\xcd\x14\xfa--'
04272019 01:18:52 [INFO]: b'RX:B\x00'
04272019 01:18:52 [INFO]: b'TX:M\x12\x83\xa1h\x00\xa1a\xce\x00\x89T@\xa1o\xce\x01\x12\xa8\x80-----'
04272019 01:18:52 [INFO]: b'RX:B\x00'
04272019 01:18:52 [INFO]: b'TX:M\x15\x84\xa1e\xcd\x03\xe6\xa1t\xcd\x02\xbd\xa1r\xcd\x06\xaa\xa1p\xcd\x14\xfa--'
04272019 01:18:53 [INFO]: b'RX:B\x00'
04272019 01:18:53 [INFO]: b'TX:M\x12\x83\xa1h\x00\xa1a\xce\x00\x89T@\xa1o\xce\x01\x12\xa8\x80-----'
04272019 01:18:53 [INFO]: b'RX:B\x00'
04272019 01:18:53 [INFO]: b'TX:M\x15\x84\xa1e\xcd\x03\xe6\xa1t\xcd\x02\xbd\xa1r\xcd\x06\xaa\xa1p\xcd\x14\xfa--'
04272019 01:18:53 [INFO]: b'RX:B\x00'
04272019 01:18:53 [INFO]: b'TX:M\x12\x83\xa1h\x00\xa1a\xce\x00\x89T@\xa1o\xce\x01\x12\xa8\x80-----'
04272019 01:18:54 [INFO]: b'RX:B\x00'
04272019 01:18:54 [INFO]: b'TX:M\x15\x84\xa1e\xcd\x03\xe6\xa1t\xcd\x02\xbd\xa1r\xcd\x06\xaa\xa1p\xcd\x14\xfa--'
04272019 01:18:54 [INFO]: b'RX:B\x00'
04272019 01:18:54 [INFO]: b'TX:M\x12\x83\xa1h\x00\xa1a\xce\x00\x89T@\xa1o\xce\x01\x12\xa8\x80-----'
04272019 01:18:54 [INFO]: b'RX:B\x00'
04272019 01:18:54 [ERROR]: Buffer overflow
04272019 01:18:54 [INFO]: b'TX:M\x15\x84\xa1e\xcd\x03\xe6\xa1t\xcd\x02\xbd\xa1r\xcd\x06\xaa\xa1p\xcd\x14\xfa--'
04272019 01:18:55 [INFO]: b'RX:B\x00'
04272019 01:18:55 [INFO]: b'TX:M\x12\x83\xa1h\x00\xa1a\xce\x00\x89T@\xa1o\xce\x01\x12\xa8\x80-----'
04272019 01:18:55 [INFO]: b'RX:B\x00'
04272019 01:18:55 [INFO]: b'TX:M\x15\x84\xa1e\xcd\x03\xe6\xa1t\xcd\x02\xbd\xa1r\xcd\x06\xaa\xa1p\xcd\x14\xfa--'
04272019 01:18:55 [INFO]: b'RX:B\x00'
04272019 01:18:55 [INFO]: b'TX:M\x12\x83\xa1h\x00\xa1a\xce\x00\x89T@\xa1o\xce\x01\x12\xa8\x80-----'
04272019 01:18:56 [INFO]: b'RX:B\x00'
04272019 01:18:56 [INFO]: b'TX:M\x15\x84\xa1e\xcd\x03\xe6\xa1t\xcd\x02\xbd\xa1r\xcd\x06\xaa\xa1p\xcd\x14\xfa--'
04272019 01:18:56 [INFO]: b'RX:B\x00'
04272019 01:18:56 [INFO]: b'TX:M\x12\x83\xa1h\x00\xa1a\xce\x00\x89T@\xa1o\xce\x01\x12\xa8\x80-----'
04272019 01:18:56 [INFO]: b'RX:B\x00'
04272019 01:18:56 [INFO]: b'TX:M\x15\x84\xa1e\xcd\x03\xe6\xa1t\xcd\x02\xbd\xa1r\xcd\x06\xaa\xa1p\xcd\x14\xfa--'
04272019 01:18:56 [INFO]: b'RX:B\x00'
04272019 01:18:57 [INFO]: b'TX:M\x15\x84\xa1e\xcd\x03\xe6\xa1t\xcd\x02\xbd\xa1r\xcd\x06\xaa\xa1p\xcd\x14\xfa--'
04272019 01:18:57 [INFO]: b'RX:B\x00'
04272019 01:18:57 [INFO]: b'TX:M\x12\x83\xa1h\x00\xa1a\xce\x00\x89T@\xa1o\xce\x01\x12\xa8\x80-----'
04272019 01:18:57 [INFO]: b'RX:B\x00'
04272019 01:18:57 [ERROR]: Buffer overflow
04272019 01:18:57 [INFO]: b'TX:M\x12\x83\xa1h\x00\xa1a\xce\x00\x89T@\xa1o\xce\x01\x12\xa8\x80-----'
04272019 01:18:57 [INFO]: b'RX:B\x00'
04272019 01:18:58 [INFO]: b'TX:M\x15\x84\xa1e\xcd\x03\xe6\xa1t\xcd\x02\xbd\xa1r\xcd\x06\xaa\xa1p\xcd\x14\xfa--'
04272019 01:18:58 [INFO]: b'RX:B\x00'
04272019 01:18:58 [INFO]: b'TX:M\x12\x83\xa1h\x00\xa1a\xce\x00\x89T@\xa1o\xce\x01\x12\xa8\x80-----'
04272019 01:18:58 [INFO]: b'RX:B\x00'
04272019 01:18:58 [INFO]: b'TX:M\x15\x84\xa1e\xcd\x03\xe6\xa1t\xcd\x02\xbd\xa1r\xcd\x06\xaa\xa1p\xcd\x14\xfa--'
04272019 01:18:58 [INFO]: b'RX:B\x00'
04272019 01:18:58 [INFO]: b'TX:M\x12\x83\xa1h\x00\xa1a\xce\x00\x89T@\xa1o\xce\x01\x12\xa8\x80-----'
04272019 01:18:59 [INFO]: b'RX:B\x00'
04272019 01:18:59 [INFO]: b'TX:M\x15\x84\xa1e\xcd\x03\xe6\xa1t\xcd\x02\xbd\xa1r\xcd\x06\xaa\xa1p\xcd\x14\xfa--'
04272019 01:18:59 [INFO]: b'RX:B\x00'
04272019 01:18:59 [INFO]: b'TX:M\x12\x83\xa1h\x00\xa1a\xce\x00\x89T@\xa1o\xce\x01\x12\xa8\x80-----'
04272019 01:18:59 [INFO]: b'RX:B\x00'
04272019 01:18:59 [INFO]: b'TX:M\x15\x84\xa1e\xcd\x03\xe6\xa1t\xcd\x02\xbc\xa1r\xcd\x06\xaa\xa1p\xcd\x14\xfa--'
04272019 01:19:00 [INFO]: b'RX:B\x00'
04272019 01:19:00 [INFO]: b'TX:M\x12\x83\xa1h\x00\xa1a\xce\x00\x89T@\xa1o\xce\x01\x12\xa8\x80-----'
04272019 01:19:00 [INFO]: b'RX:B\x00'
04272019 01:19:00 [INFO]: b'TX:M\x15\x84\xa1e\xcd\x03\xe6\xa1t\xcd\x02\xbc\xa1r\xcd\x06\xaa\xa1p\xcd\x14\xfa--'
04272019 01:19:00 [INFO]: b'RX:B\x00'
04272019 01:19:00 [INFO]: b'TX:M\x12\x83\xa1h\x00\xa1a\xce\x00\x89T@\xa1o\xce\x01\x12\xa8\x80-----'
04272019 01:19:01 [INFO]: b'RX:B\x00'
04272019 01:19:01 [INFO]: b'TX:M\x15\x84\xa1e\xcd\x03\xe6\xa1t\xcd\x02\xbc\xa1r\xcd\x06\xaa\xa1p\xcd\x14\xfa--'
04272019 01:19:01 [INFO]: b'RX:B\x00'
04272019 01:19:01 [ERROR]: Buffer overflow
04272019 01:19:01 [INFO]: b'TX:M\x15\x84\xa1e\xcd\x03\xe6\xa1t\xcd\x02\xbc\xa1r\xcd\x06\xaa\xa1p\xcd\x14\xfa--'
04272019 01:19:01 [INFO]: b'RX:B\x00'
04272019 01:19:01 [INFO]: b'TX:M\x12\x83\xa1h\x00\xa1a\xce\x00\x89T@\xa1o\xce\x01\x12\xa8\x80-----'
04272019 01:19:02 [INFO]: b'RX:B\x00'
04272019 01:19:02 [INFO]: b'TX:M\x12\x83\xa1h\x00\xa1a\xce\x00\x89T@\xa1o\xce\x01\x12\xa8\x80-----'
04272019 01:19:02 [INFO]: b'RX:B\x00'
04272019 01:19:02 [INFO]: b'TX:M\x12\x83\xa1h\x00\xa1a\xce\x00\x89T@\xa1o\xce\x01\x12\xa8\x80-----'
04272019 01:19:02 [INFO]: b'RX:B\x00'
04272019 01:19:02 [INFO]: b'TX:M\x15\x84\xa1e\xcd\x03\xe6\xa1t\xcd\x02\xbc\xa1r\xcd\x06\xaa\xa1p\xcd\x14\xfa--'
04272019 01:19:03 [INFO]: b'RX:B\x00'
04272019 01:19:03 [INFO]: b'TX:M\x12\x83\xa1h\x00\xa1a\xce\x00\x89T@\xa1o\xce\x01\x12\xa8\x80-----'
04272019 01:19:03 [INFO]: b'RX:B\x00'
04272019 01:19:03 [INFO]: b'TX:M\x15\x84\xa1e\xcd\x03\xe6\xa1t\xcd\x02\xbc\xa1r\xcd\x06\xaa\xa1p\xcd\x14\xfa--'
04272019 01:19:03 [INFO]: b'RX:B\x00'
04272019 01:19:03 [INFO]: b'TX:M\x15\x84\xa1e\xcd\x03\xe6\xa1t\xcd\x02\xbc\xa1r\xcd\x06\xaa\xa1p\xcd\x14\xfa--'
04272019 01:19:03 [INFO]: b'RX:B\x00'
04272019 01:19:04 [INFO]: b'TX:M\x12\x83\xa1h\x00\xa1a\xce\x00\x89T@\xa1o\xce\x01\x12\xa8\x80-----'
04272019 01:19:04 [INFO]: b'RX:B\x00'
04272019 01:19:04 [ERROR]: Buffer overflow
04272019 01:19:04 [INFO]: b'TX:M\x15\x84\xa1e\xcd\x03\xe6\xa1t\xcd\x02\xbc\xa1r\xcd\x06\xaa\xa1p\xcd\x14\xfa--'
04272019 01:19:04 [INFO]: b'RX:B\x00'
04272019 01:19:04 [INFO]: b'TX:M\x12\x83\xa1h\x00\xa1a\xce\x00\x89T@\xa1o\xce\x01\x12\xa8\x80-----'
04272019 01:19:04 [INFO]: b'RX:B\x00'
04272019 01:19:04 [INFO]: b'TX:M\x12\x83\xa1h\x00\xa1a\xce\x00\x89T@\xa1o\xce\x01\x12\xa8\x80-----'
04272019 01:19:05 [INFO]: b'RX:B\x00'
04272019 01:19:05 [INFO]: b'TX:M\x15\x84\xa1e\xcd\x03\xe6\xa1t\xcd\x02\xbc\xa1r\xcd\x06\xaa\xa1p\xcd\x14\xfa--'
04272019 01:19:05 [INFO]: b'RX:B\x00'
04272019 01:19:05 [INFO]: b'TX:M\x15\x84\xa1e\xcd\x03\xe6\xa1t\xcd\x02\xbc\xa1r\xcd\x06\xaa\xa1p\xcd\x14\xfa--'
04272019 01:19:05 [INFO]: b'RX:B\x00'
04272019 01:19:05 [INFO]: b'TX:M\x15\x84\xa1e\xcd\x03\xe6\xa1t\xcd\x02\xbc\xa1r\xcd\x06\xaa\xa1p\xcd\x14\xfa--'
04272019 01:19:06 [INFO]: b'RX:B\x00'
04272019 01:19:06 [INFO]: b'TX:M\x12\x83\xa1h\x00\xa1a\xce\x00\x89T@\xa1o\xce\x01\x12\xa8\x80-----'
04272019 01:19:06 [INFO]: b'RX:B\x00'
04272019 01:19:06 [INFO]: b'TX:M\x12\x83\xa1h\x00\xa1a\xce\x00\x89T@\xa1o\xce\x01\x12\xa8\x80-----'
04272019 01:19:06 [INFO]: b'RX:B\x00'
04272019 01:19:06 [INFO]: b'TX:M\x15\x84\xa1e\xcd\x03\xe6\xa1t\xcd\x02\xbc\xa1r\xcd\x06\xaa\xa1p\xcd\x14\xfa--'
04272019 01:19:07 [INFO]: b'RX:B\x00'
04272019 01:19:07 [INFO]: b'TX:M\x12\x83\xa1h\x00\xa1a\xce\x00\x89T@\xa1o\xce\x01\x12\xa8\x80-----'
04272019 01:19:07 [INFO]: b'RX:B\x00'
04272019 01:19:07 [INFO]: b'TX:M\x12\x83\xa1h\x00\xa1a\xce\x00\x89T@\xa1o\xce\x01\x12\xa8\x80-----'
04272019 01:19:07 [INFO]: b'RX:B\x00'
04272019 01:19:07 [ERROR]: Buffer overflow
04272019 01:19:07 [INFO]: b'TX:M\x12\x83\xa1h\x00\xa1a\xce\x00\x89T@\xa1o\xce\x01\x12\xa8\x80-----'
04272019 01:19:08 [INFO]: b'RX:B\x00'
04272019 01:19:08 [INFO]: b'TX:M\x12\x83\xa1h\x00\xa1a\xce\x00\x89T@\xa1o\xce\x01\x12\xa8\x80-----'
04272019 01:19:08 [INFO]: b'RX:B\x00'
04272019 01:19:08 [INFO]: b'TX:M\x15\x84\xa1e\xcd\x03\xee\xa1t\xcd\x02\xbc\xa1r\xcd\x06\x1c\xa1p\xcd\x14\xfa--'
04272019 01:19:08 [INFO]: b'RX:B\x00'
04272019 01:19:08 [INFO]: b'TX:M\x15\x84\xa1e\xcd\x03\xee\xa1t\xcd\x02\xbc\xa1r\xcd\x06\x1c\xa1p\xcd\x14\xfa--'
04272019 01:19:08 [INFO]: b'RX:B\x00'
04272019 01:19:09 [INFO]: b'TX:M\x12\x83\xa1h\x00\xa1a\xce\x00\x89T@\xa1o\xce\x01\x12\xa8\x80-----'
04272019 01:19:09 [INFO]: b'RX:B\x00'
04272019 01:19:09 [INFO]: b'TX:M\x12\x83\xa1h\x00\xa1a\xce\x00\x89T@\xa1o\xce\x01\x12\xa8\x80-----'
04272019 01:19:09 [INFO]: b'RX:B\x00'
04272019 01:19:09 [INFO]: b'TX:M\x15\x84\xa1e\xcd\x03\xee\xa1t\xcd\x02\xbc\xa1r\xcd\x06\x1c\xa1p\xcd\x14\xfa--'
04272019 01:19:09 [INFO]: b'RX:B\x00'
04272019 01:19:10 [INFO]: b'TX:M\x12\x83\xa1h\x00\xa1a\xce\x00\x89T@\xa1o\xce\x01\x12\xa8\x80-----'
04272019 01:19:10 [INFO]: b'RX:B\x00'
04272019 01:19:10 [INFO]: b'TX:M\x15\x84\xa1e\xcd\x03\xee\xa1t\xcd\x02\xbc\xa1r\xcd\x06\x1c\xa1p\xcd\x14\xfa--'
04272019 01:19:10 [INFO]: b'RX:B\x00'
04272019 01:19:10 [ERROR]: Buffer overflow
04272019 01:19:10 [INFO]: b'TX:M\x12\x83\xa1h\x00\xa1a\xce\x00\x89T@\xa1o\xce\x01\x12\xa8\x80-----'
04272019 01:19:10 [INFO]: b'RX:B\x00'
04272019 01:19:10 [INFO]: b'TX:M\x15\x84\xa1e\xcd\x03\xef\xa1t\xcd\x02\xbc\xa1r\xcd\x06\x11\xa1p\xcd\x14\xfa--'
04272019 01:19:11 [INFO]: b'RX:B\x00'
04272019 01:19:11 [INFO]: b'TX:M\x12\x83\xa1h\x00\xa1a\xce\x00\x89T@\xa1o\xce\x01\x12\xa8\x80-----'
04272019 01:19:11 [INFO]: b'RX:B\x00'
04272019 01:19:11 [INFO]: b'TX:M\x15\x84\xa1e\xcd\x03\xef\xa1t\xcd\x02\xbc\xa1r\xcd\x06\x11\xa1p\xcd\x14\xfa--'
04272019 01:19:11 [INFO]: b'RX:B\x00'
04272019 01:19:11 [INFO]: b'TX:M\x12\x83\xa1h\x00\xa1a\xce\x00\x89T@\xa1o\xce\x01\x12\xa8\x80-----'
04272019 01:19:12 [INFO]: b'RX:B\x00'
04272019 01:19:12 [INFO]: b'TX:M\x15\x84\xa1e\xcd\x03\xef\xa1t\xcd\x02\xbc\xa1r\xcd\x06\x11\xa1p\xcd\x14\xfa--'
04272019 01:19:12 [INFO]: b'RX:B\x00'
04272019 01:19:12 [INFO]: b'TX:M\x12\x83\xa1h\x00\xa1a\xce\x00\x89T@\xa1o\xce\x01\x12\xa8\x80-----'
04272019 01:19:12 [INFO]: b'RX:B\x00'
04272019 01:19:12 [INFO]: b'TX:M\x15\x84\xa1e\xcd\x03\xef\xa1t\xcd\x02\xbc\xa1r\xcd\x06\x11\xa1p\xcd\x14\xfa--'
04272019 01:19:13 [INFO]: b'RX:B\x00'
04272019 01:19:13 [INFO]: b'TX:M\x12\x83\xa1h\x00\xa1a\xce\x00\x89T@\xa1o\xce\x01\x12\xa8\x80-----'
04272019 01:19:13 [INFO]: b'RX:B\x00'
04272019 01:19:13 [INFO]: b'TX:M\x15\x84\xa1e\xcd\x03\xef\xa1t\xcd\x02\xbc\xa1r\xcd\x06\x11\xa1p\xcd\x14\xfa--'
04272019 01:19:13 [INFO]: b'RX:B\x00'
04272019 01:19:13 [ERROR]: Buffer overflow
04272019 01:19:13 [INFO]: b'TX:M\x15\x84\xa1e\xcd\x03\xef\xa1t\xcd\x02\xbc\xa1r\xcd\x06\x11\xa1p\xcd\x14\xfa--'
04272019 01:19:14 [INFO]: b'RX:B\x00'
04272019 01:19:14 [INFO]: b'TX:M\x12\x83\xa1h\x00\xa1a\xce\x00\x89T@\xa1o\xce\x01\x12\xa8\x80-----'
04272019 01:19:14 [INFO]: b'RX:B\x00'
04272019 01:19:14 [INFO]: b'TX:M\x15\x84\xa1e\xcd\x03\xef\xa1t\xcd\x02\xbc\xa1r\xcd\x06\x11\xa1p\xcd\x14\xfa--'
04272019 01:19:14 [INFO]: b'RX:B\x00'
04272019 01:19:14 [INFO]: b'TX:M\x12\x83\xa1h\x00\xa1a\xce\x00\x89T@\xa1o\xce\x01\x12\xa8\x80-----'
04272019 01:19:15 [INFO]: b'RX:B\x00'
04272019 01:19:15 [INFO]: b'TX:M\x12\x83\xa1h\x00\xa1a\xce\x00\x89T@\xa1o\xce\x01\x12\xa8\x80-----'
04272019 01:19:15 [INFO]: b'RX:B\x00'
04272019 01:19:15 [INFO]: b'TX:M\x15\x84\xa1e\xcd\x03\xef\xa1t\xcd\x02\xbc\xa1r\xcd\x06\x11\xa1p\xcd\x14\xfa--'
04272019 01:19:15 [INFO]: b'RX:B\x00'
04272019 01:19:15 [INFO]: b'TX:M\x12\x83\xa1h\x00\xa1a\xce\x00\x89T@\xa1o\xce\x01\x12\xa8\x80-----'
04272019 01:19:15 [INFO]: b'RX:B\x00'
04272019 01:19:16 [INFO]: b'TX:M\x15\x84\xa1e\xcd\x03\xef\xa1t\xcd\x02\xbc\xa1r\xcd\x06\x11\xa1p\xcd\x14\xfa--'
04272019 01:19:16 [INFO]: b'RX:B\x00'
04272019 01:19:16 [INFO]: b'TX:M\x12\x83\xa1h\x00\xa1a\xce\x00\x89T@\xa1o\xce\x01\x12\xa8\x80-----'
04272019 01:19:16 [INFO]: b'RX:B\x00'
04272019 01:19:16 [INFO]: b'TX:M\x15\x84\xa1e\xcd\x03\xef\xa1t\xcd\x02\xbc\xa1r\xcd\x06\x11\xa1p\xcd\x14\xfa--'
04272019 01:19:16 [INFO]: b'RX:B\x00'
04272019 01:19:16 [ERROR]: Buffer overflow
04272019 01:19:16 [INFO]: b'TX:M\x12\x83\xa1h\x00\xa1a\xce\x00\x89T@\xa1o\xce\x01\x12\xa8\x80-----'
04272019 01:19:17 [INFO]: b'RX:B\x00'
04272019 01:19:17 [INFO]: b'TX:M\x15\x84\xa1e\xcd\x03\xef\xa1t\xcd\x02\xbc\xa1r\xcd\x06\x11\xa1p\xcd\x14\xfa--'
04272019 01:19:17 [INFO]: b'RX:B\x00'
04272019 01:19:17 [INFO]: b'TX:M\x12\x83\xa1h\x00\xa1a\xce\x00\x89T@\xa1o\xce\x01\x12\xa8\x80-----'
04272019 01:19:17 [INFO]: b'RX:B\x00'
04272019 01:19:17 [INFO]: b'TX:M\x15\x84\xa1e\xcd\x03\xef\xa1t\xcd\x02\xbc\xa1r\xcd\x06\x11\xa1p\xcd\x14\xfa--'
04272019 01:19:18 [INFO]: b'RX:B\x00'
04272019 01:19:18 [INFO]: b'TX:M\x12\x83\xa1h\x00\xa1a\xce\x00\x89T@\xa1o\xce\x01\x12\xa8\x80-----'
04272019 01:19:18 [INFO]: b'RX:B\x00'
04272019 01:19:18 [INFO]: b'TX:M\x15\x84\xa1e\xcd\x03\xef\xa1t\xcd\x02\xbc\xa1r\xcd\x06\x11\xa1p\xcd\x14\xfa--'
04272019 01:19:18 [INFO]: b'RX:B\x00'
04272019 01:19:18 [INFO]: b'TX:M\x12\x83\xa1h\x00\xa1a\xce\x00\x89T@\xa1o\xce\x01\x12\xa8\x80-----'
04272019 01:19:19 [INFO]: b'RX:B\x00'
04272019 01:19:19 [INFO]: b'TX:M\x15\x84\xa1e\xcd\x03\xef\xa1t\xcd\x02\xbc\xa1r\xcd\x06\x11\xa1p\xcd\x14\xfa--'
04272019 01:19:19 [INFO]: b'RX:B\x00'
04272019 01:19:19 [INFO]: b'TX:M\x12\x83\xa1h\x00\xa1a\xce\x00\x89T@\xa1o\xce\x01\x12\xa8\x80-----'
04272019 01:19:19 [INFO]: b'RX:B\x00'
04272019 01:19:19 [INFO]: b'TX:M\x15\x84\xa1e\xcd\x03\xef\xa1t\xcd\x02\xbc\xa1r\xcd\x06\x11\xa1p\xcd\x14\xfa--'
04272019 01:19:20 [INFO]: b'RX:B\x00'
04272019 01:19:20 [ERROR]: Buffer overflow
04272019 01:19:20 [INFO]: b'TX:M\x12\x83\xa1h\x00\xa1a\xce\x00\x89T@\xa1o\xce\x01\x12\xa8\x80-----'
04272019 01:19:20 [INFO]: b'RX:B\x00'
04272019 01:19:20 [INFO]: b'TX:M\x15\x84\xa1e\xcd\x03\xef\xa1t\xcd\x02\xbc\xa1r\xcd\x06\x11\xa1p\xcd\x14\xfa--'
04272019 01:19:20 [INFO]: b'RX:B\x00'
04272019 01:19:20 [INFO]: b'TX:M\x12\x83\xa1h\x00\xa1a\xce\x00\x89T@\xa1o\xce\x01\x12\xa8\x80-----'
04272019 01:19:20 [INFO]: b'RX:B\x00'
04272019 01:19:21 [INFO]: b'TX:M\x15\x84\xa1e\xcd\x03\xef\xa1t\xcd\x02\xbc\xa1r\xcd\x06\x11\xa1p\xcd\x14\xfa--'
04272019 01:19:21 [INFO]: b'RX:B\x00'
04272019 01:19:21 [INFO]: b'TX:M\x12\x83\xa1h\x00\xa1a\xce\x00\x89T@\xa1o\xce\x01\x12\xa8\x80-----'
04272019 01:19:21 [INFO]: b'RX:B\x00'
04272019 01:19:21 [INFO]: b'TX:M\x15\x84\xa1e\xcd\x03\xef\xa1t\xcd\x02\xbc\xa1r\xcd\x06\x11\xa1p\xcd\x14\xfa--'
04272019 01:19:21 [INFO]: b'RX:B\x00'
04272019 01:19:21 [INFO]: b'TX:M\x12\x83\xa1h\x00\xa1a\xce\x00\x89T@\xa1o\xce\x01\x12\xa8\x80-----'
04272019 01:19:22 [INFO]: b'RX:B\x00'
04272019 01:19:22 [INFO]: b'TX:M\x15\x84\xa1e\xcd\x03\xef\xa1t\xcd\x02\xbc\xa1r\xcd\x06\x11\xa1p\xcd\x14\xfa--'
04272019 01:19:22 [INFO]: b'RX:B\x00'
04272019 01:19:22 [INFO]: b'TX:M\x15\x84\xa1e\xcd\x03\xef\xa1t\xcd\x02\xbc\xa1r\xcd\x06\x11\xa1p\xcd\x14\xfa--'
04272019 01:19:22 [INFO]: b'RX:B\x00'
04272019 01:19:22 [INFO]: b'TX:M\x12\x83\xa1h\x00\xa1a\xce\x00\x89T@\xa1o\xce\x01\x12\xa8\x80-----'
04272019 01:19:23 [INFO]: b'RX:B\x00'
04272019 01:19:23 [ERROR]: Buffer overflow
04272019 01:19:23 [INFO]: b'TX:M\x12\x83\xa1h\x00\xa1a\xce\x00\x89T@\xa1o\xce\x01\x12\xa8\x80-----'
04272019 01:19:23 [INFO]: b'RX:B\x00'
04272019 01:19:23 [INFO]: b'TX:M\x15\x84\xa1e\xcd\x03\xef\xa1t\xcd\x02\xbc\xa1r\xcd\x06\x11\xa1p\xcd\x14\xfa--'
04272019 01:19:23 [INFO]: b'RX:B\x00'
04272019 01:19:23 [INFO]: b'TX:M\x12\x83\xa1h\x00\xa1a\xce\x00\x89T@\xa1o\xce\x01\x12\xa8\x80-----'
04272019 01:19:24 [INFO]: b'RX:B\x00'
04272019 01:19:24 [INFO]: b'TX:M\x15\x84\xa1e\xcd\x03\xef\xa1t\xcd\x02\xbc\xa1r\xcd\x06\x11\xa1p\xcd\x14\xfa--'
04272019 01:19:24 [INFO]: b'RX:B\x00'
04272019 01:19:24 [INFO]: b'TX:M\x12\x83\xa1h\x00\xa1a\xce\x00\x89T@\xa1o\xce\x01\x12\xa8\x80-----'
04272019 01:19:24 [INFO]: b'RX:B\x00'
04272019 01:19:24 [INFO]: b'TX:M\x15\x84\xa1e\xcd\x03\xef\xa1t\xcd\x02\xbc\xa1r\xcd\x06\x11\xa1p\xcd\x14\xfa--'
04272019 01:19:24 [INFO]: b'RX:B\x00'
04272019 01:19:25 [INFO]: b'TX:M\x12\x83\xa1h\x00\xa1a\xce\x00\x89T@\xa1o\xce\x01\x12\xa8\x80-----'
04272019 01:19:25 [INFO]: b'RX:B\x00'
04272019 01:19:25 [INFO]: b'TX:M\x15\x84\xa1e\xcd\x03\xef\xa1t\xcd\x02\xbc\xa1r\xcd\x06\x11\xa1p\xcd\x14\xfa--'
04272019 01:19:25 [INFO]: b'RX:B\x00'
04272019 01:19:25 [INFO]: b'TX:M\x12\x83\xa1h\x00\xa1a\xce\x00\x89T@\xa1o\xce\x01\x12\xa8\x80-----'
04272019 01:19:25 [INFO]: b'RX:B\x00'
04272019 01:19:25 [INFO]: b'TX:M\x15\x84\xa1e\xcd\x03\xef\xa1t\xcd\x02\xbc\xa1r\xcd\x06\x11\xa1p\xcd\x14\xfa--'
04272019 01:19:26 [INFO]: b'RX:B\x00'
04272019 01:19:26 [ERROR]: Buffer overflow
04272019 01:19:26 [INFO]: b'TX:M\x12\x83\xa1h\x00\xa1a\xce\x00\x89T@\xa1o\xce\x01\x12\xa8\x80-----'
04272019 01:19:26 [INFO]: b'RX:B\x00'
04272019 01:19:26 [INFO]: b'TX:M\x15\x84\xa1e\xcd\x03\xef\xa1t\xcd\x02\xbc\xa1r\xcd\x06\x11\xa1p\xcd\x14\xfa--'
04272019 01:19:26 [INFO]: b'RX:B\x00'
04272019 01:19:26 [INFO]: b'TX:M\x12\x83\xa1h\x00\xa1a\xce\x00\x89T@\xa1o\xce\x01\x12\xa8\x80-----'
04272019 01:19:27 [INFO]: b'RX:B\x00'
04272019 01:19:27 [INFO]: b'TX:M\x15\x84\xa1e\xcd\x03\xef\xa1t\xcd\x02\xbc\xa1r\xcd\x06\x11\xa1p\xcd\x14\xfa--'
04272019 01:19:27 [INFO]: b'RX:B\x00'
04272019 01:19:27 [INFO]: b'TX:M\x12\x83\xa1h\x00\xa1a\xce\x00\x89T@\xa1o\xce\x01\x12\xa8\x80-----'
04272019 01:19:27 [INFO]: b'RX:B\x00'
04272019 01:19:27 [INFO]: b'TX:M\x15\x84\xa1e\xcd\x03\xef\xa1t\xcd\x02\xbc\xa1r\xcd\x06\x11\xa1p\xcd\x14\xfa--'
04272019 01:19:27 [INFO]: b'RX:B\x00'
04272019 01:19:28 [INFO]: b'TX:M\x12\x83\xa1h\x00\xa1a\xce\x00\x89T@\xa1o\xce\x01\x12\xa8\x80-----'
04272019 01:19:28 [INFO]: b'RX:B\x00'
04272019 01:19:28 [INFO]: b'TX:M\x15\x84\xa1e\xcd\x03\xef\xa1t\xcd\x02\xbc\xa1r\xcd\x06\x11\xa1p\xcd\x14\xfa--'
04272019 01:19:28 [INFO]: b'RX:B\x00'
04272019 01:19:28 [INFO]: b'TX:M\x12\x83\xa1h\x00\xa1a\xce\x00\x89T@\xa1o\xce\x01\x12\xa8\x80-----'
04272019 01:19:28 [INFO]: b'RX:B\x00'
04272019 01:19:28 [INFO]: b'TX:M\x15\x84\xa1e\xcd\x03\xef\xa1t\xcd\x02\xbc\xa1r\xcd\x06\x11\xa1p\xcd\x14\xfa--'
04272019 01:19:29 [INFO]: b'RX:B\x00'
04272019 01:19:29 [ERROR]: Buffer overflow
04272019 01:19:29 [INFO]: b'TX:M\x12\x83\xa1h\x00\xa1a\xce\x00\x89T@\xa1o\xce\x01\x12\xa8\x80-----'
04272019 01:19:29 [INFO]: b'RX:B\x00'
04272019 01:19:29 [INFO]: b'TX:M\x15\x84\xa1e\xcd\x03\xef\xa1t\xcd\x02\xbc\xa1r\xcd\x06\x11\xa1p\xcd\x14\xfa--'
04272019 01:19:29 [INFO]: b'RX:B\x00'
04272019 01:19:29 [INFO]: b'TX:M\x12\x83\xa1h\x00\xa1a\xce\x00\x89T@\xa1o\xce\x01\x12\xa8\x80-----'
04272019 01:19:30 [INFO]: b'RX:B\x00'
04272019 01:19:30 [INFO]: b'TX:M\x15\x84\xa1e\xcd\x03\xef\xa1t\xcd\x02\xbc\xa1r\xcd\x06\x11\xa1p\xcd\x14\xfa--'
04272019 01:19:30 [INFO]: b'RX:B\x00'
04272019 01:19:30 [INFO]: b'TX:M\x12\x83\xa1h\x00\xa1a\xce\x00\x89T@\xa1o\xce\x01\x12\xa8\x80-----'
04272019 01:19:30 [INFO]: b'RX:B\x00'
04272019 01:19:30 [INFO]: b'TX:M\x15\x84\xa1e\xcd\x03\xef\xa1t\xcd\x02\xbc\xa1r\xcd\x06\x11\xa1p\xcd\x14\xfa--'
04272019 01:19:31 [INFO]: b'RX:B\x00'
04272019 01:19:31 [INFO]: b'TX:M\x12\x83\xa1h\x00\xa1a\xce\x00\x89T@\xa1o\xce\x01\x12\xa8\x80-----'
04272019 01:19:31 [INFO]: b'RX:B\x00'
04272019 01:19:31 [INFO]: b'TX:M\x15\x84\xa1e\xcd\x03\xef\xa1t\xcd\x02\xbc\xa1r\xcd\x06\x11\xa1p\xcd\x14\xfa--'
04272019 01:19:31 [INFO]: b'RX:B\x00'
04272019 01:19:31 [INFO]: b'TX:M\x12\x83\xa1h\x00\xa1a\xce\x00\x89T@\xa1o\xce\x01\x12\xa8\x80-----'
04272019 01:19:31 [INFO]: b'RX:B\x00'
04272019 01:19:32 [INFO]: b'TX:M\x15\x84\xa1e\xcd\x03\xef\xa1t\xcd\x02\xbc\xa1r\xcd\x06\x11\xa1p\xcd\x14\xfa--'
04272019 01:19:32 [INFO]: b'RX:B\x00'
04272019 01:19:32 [ERROR]: Buffer overflow
04272019 01:19:32 [INFO]: b'TX:M\x12\x83\xa1h\x00\xa1a\xce\x00\x89T@\xa1o\xce\x01\x12\xa8\x80-----'
04272019 01:19:32 [INFO]: b'RX:B\x00'
04272019 01:19:32 [INFO]: b'TX:M\x15\x84\xa1e\xcd\x03\xef\xa1t\xcd\x02\xbc\xa1r\xcd\x06\x11\xa1p\xcd\x14\xfa--'
04272019 01:19:32 [INFO]: b'RX:B\x00'
04272019 01:19:32 [INFO]: b'TX:M\x12\x83\xa1h\x00\xa1a\xce\x00\x89T@\xa1o\xce\x01\x12\xa8\x80-----'
04272019 01:19:33 [INFO]: b'RX:B\x00'
04272019 01:19:33 [INFO]: b'TX:M\x15\x84\xa1e\xcd\x03\xef\xa1t\xcd\x02\xbc\xa1r\xcd\x06\x11\xa1p\xcd\x14\xfa--'
04272019 01:19:33 [INFO]: b'RX:B\x00'
04272019 01:19:33 [INFO]: b'TX:M\x12\x83\xa1h\x00\xa1a\xce\x00\x89T@\xa1o\xce\x01\x12\xa8\x80-----'
04272019 01:19:33 [INFO]: b'RX:B\x00'
04272019 01:19:33 [INFO]: b'TX:M\x15\x84\xa1e\xcd\x03\xef\xa1t\xcd\x02\xbc\xa1r\xcd\x06\x11\xa1p\xcd\x14\xfa--'
04272019 01:19:34 [INFO]: b'RX:B\x00'
04272019 01:19:34 [INFO]: b'TX:M\x12\x83\xa1h\x00\xa1a\xce\x00\x89T@\xa1o\xce\x01\x12\xa8\x80-----'
04272019 01:19:34 [INFO]: b'RX:B\x00'
04272019 01:19:34 [INFO]: b'TX:M\x15\x84\xa1e\xcd\x03\xef\xa1t\xcd\x02\xbc\xa1r\xcd\x06\x11\xa1p\xcd\x14\xfa--'
04272019 01:19:34 [INFO]: b'RX:B\x00'
04272019 01:19:34 [INFO]: b'TX:M\x12\x83\xa1h\x00\xa1a\xce\x00\x89T@\xa1o\xce\x01\x12\xa8\x80-----'
04272019 01:19:35 [INFO]: b'RX:B\x00'
04272019 01:19:35 [INFO]: b'TX:M\x15\x84\xa1e\xcd\x03\xef\xa1t\xcd\x02\xbc\xa1r\xcd\x06\x11\xa1p\xcd\x14\xfa--'
04272019 01:19:35 [INFO]: b'RX:B\x00'
04272019 01:19:35 [INFO]: b'TX:M\x12\x83\xa1h\x00\xa1a\xce\x00\x89T@\xa1o\xce\x01\x12\xa8\x80-----'
04272019 01:19:35 [INFO]: b'RX:B\x00'
04272019 01:19:35 [INFO]: b'TX:M\x15\x84\xa1e\xcd\x03\xef\xa1t\xcd\x02\xbc\xa1r\xcd\x06\x11\xa1p\xcd\x14\xfa--'
04272019 01:19:36 [INFO]: b'RX:B\x00'
04272019 01:19:36 [ERROR]: Buffer overflow
04272019 01:19:36 [INFO]: b'TX:M\x12\x83\xa1h\x00\xa1a\xce\x00\x89T@\xa1o\xce\x01\x12\xa8\x80-----'
04272019 01:19:36 [INFO]: b'RX:B\x00'
04272019 01:19:36 [INFO]: b'TX:M\x15\x84\xa1e\xcd\x03\xef\xa1t\xcd\x02\xbc\xa1r\xcd\x06\x11\xa1p\xcd\x14\xfa--'
04272019 01:19:36 [INFO]: b'RX:B\x00'
04272019 01:19:36 [INFO]: b'TX:M\x12\x83\xa1h\x00\xa1a\xce\x00\x89T@\xa1o\xce\x01\x12\xa8\x80-----'
04272019 01:19:36 [INFO]: b'RX:B\x00'
04272019 01:19:37 [INFO]: b'TX:M\x15\x84\xa1e\xcd\x03\xef\xa1t\xcd\x02\xbc\xa1r\xcd\x06\x11\xa1p\xcd\x14\xfa--'
04272019 01:19:37 [INFO]: b'RX:B\x00'
04272019 01:19:37 [INFO]: b'TX:M\x12\x83\xa1h\x00\xa1a\xce\x00\x89T@\xa1o\xce\x01\x12\xa8\x80-----'
04272019 01:19:37 [INFO]: b'RX:B\x00'
04272019 01:19:37 [INFO]: b'TX:M\x15\x84\xa1e\xcd\x03\xef\xa1t\xcd\x02\xbc\xa1r\xcd\x06\x11\xa1p\xcd\x14\xfa--'
04272019 01:19:37 [INFO]: b'RX:B\x00'
04272019 01:19:37 [INFO]: b'TX:M\x12\x83\xa1h\x00\xa1a\xce\x00\x89T@\xa1o\xce\x01\x12\xa8\x80-----'
04272019 01:19:38 [INFO]: b'RX:B\x00'
04272019 01:19:38 [INFO]: b'TX:M\x15\x84\xa1e\xcd\x03\xef\xa1t\xcd\x02\xbc\xa1r\xcd\x06\x11\xa1p\xcd\x14\xfa--'
04272019 01:19:38 [INFO]: b'RX:B\x00'
04272019 01:19:38 [INFO]: b'TX:M\x15\x84\xa1e\xcd\x03\xef\xa1t\xcd\x02\xbc\xa1r\xcd\x06\x11\xa1p\xcd\x14\xfa--'
04272019 01:19:38 [INFO]: b'RX:B\x00'
04272019 01:19:38 [ERROR]: Buffer overflow
04272019 01:19:38 [INFO]: b'TX:M\x15\x84\xa1e\xcd\x03\xef\xa1t\xcd\x02\xbc\xa1r\xcd\x06\x11\xa1p\xcd\x14\xfa--'
04272019 01:19:39 [INFO]: b'RX:B\x00'
04272019 01:19:39 [INFO]: b'TX:M\x12\x83\xa1h\x00\xa1a\xce\x00\x89T@\xa1o\xce\x01\x12\xa8\x80-----'
04272019 01:19:39 [INFO]: b'RX:B\x00'
04272019 01:19:39 [INFO]: b'TX:M\x15\x84\xa1e\xcd\x03\xef\xa1t\xcd\x02\xbc\xa1r\xcd\x06\x11\xa1p\xcd\x14\xfa--'
04272019 01:19:39 [INFO]: b'RX:B\x00'
04272019 01:19:39 [INFO]: b'TX:M\x12\x83\xa1h\x00\xa1a\xce\x00\x89T@\xa1o\xce\x01\x12\xa8\x80-----'
04272019 01:19:40 [INFO]: b'RX:B\x00'
04272019 01:19:40 [INFO]: b'TX:M\x15\x84\xa1e\xcd\x03\xef\xa1t\xcd\x02\xbc\xa1r\xcd\x06\x11\xa1p\xcd\x14\xfa--'
04272019 01:19:40 [INFO]: b'RX:B\x00'
04272019 01:19:40 [INFO]: b'TX:M\x12\x83\xa1h\x00\xa1a\xce\x00\x89T@\xa1o\xce\x01\x12\xa8\x80-----'
04272019 01:19:40 [INFO]: b'RX:B\x00'
04272019 01:19:40 [INFO]: b'TX:M\x15\x84\xa1e\xcd\x03\xef\xa1t\xcd\x02\xbc\xa1r\xcd\x06\x11\xa1p\xcd\x14\xfa--'
04272019 01:19:41 [INFO]: b'RX:B\x00'
04272019 01:19:41 [INFO]: b'TX:M\x15\x84\xa1e\xcd\x03\xef\xa1t\xcd\x02\xbc\xa1r\xcd\x06\x11\xa1p\xcd\x14\xfa--'
04272019 01:19:41 [INFO]: b'RX:B\x00'
04272019 01:19:41 [INFO]: b'TX:M\x12\x83\xa1h\x00\xa1a\xce\x00\x89T@\xa1o\xce\x01\x12\xa8\x80-----'
04272019 01:19:41 [INFO]: b'RX:B\x00'
04272019 01:19:41 [INFO]: b'TX:M\x12\x83\xa1h\x00\xa1a\xce\x00\x89T@\xa1o\xce\x01\x12\xa8\x80-----'
04272019 01:19:41 [INFO]: b'RX:B\x00'
04272019 01:19:42 [INFO]: b'TX:M\x15\x84\xa1e\xcd\x03\xef\xa1t\xcd\x02\xbc\xa1r\xcd\x06\x11\xa1p\xcd\x14\xfa--'
04272019 01:19:42 [INFO]: b'RX:B\x00'
04272019 01:19:42 [ERROR]: Buffer overflow
04272019 01:19:42 [INFO]: b'TX:M\x15\x84\xa1e\xcd\x03\xef\xa1t\xcd\x02\xbc\xa1r\xcd\x06\x11\xa1p\xcd\x14\xfa--'
04272019 01:19:42 [INFO]: b'RX:B\x00'
04272019 01:19:42 [INFO]: b'TX:M\x12\x83\xa1h\x00\xa1a\xce\x00\x89T@\xa1o\xce\x01\x12\xa8\x80-----'
04272019 01:19:42 [INFO]: b'RX:B\x00'
04272019 01:19:43 [INFO]: b'TX:M\x15\x84\xa1e\xcd\x03\xef\xa1t\xcd\x02\xbc\xa1r\xcd\x06\x11\xa1p\xcd\x14\xfa--'
04272019 01:19:43 [INFO]: b'RX:B\x00'
04272019 01:19:43 [INFO]: b'TX:M\x12\x83\xa1h\x00\xa1a\xce\x00\x89T@\xa1o\xce\x01\x12\xa8\x80-----'
04272019 01:19:43 [INFO]: b'RX:B\x00'
04272019 01:19:43 [INFO]: b'TX:M\x12\x83\xa1h\x00\xa1a\xce\x00\x89T@\xa1o\xce\x01\x12\xa8\x80-----'
04272019 01:19:43 [INFO]: b'RX:B\x00'
04272019 01:19:44 [INFO]: b'TX:M\x15\x84\xa1e\xcd\x03\xef\xa1t\xcd\x02\xbc\xa1r\xcd\x06\x11\xa1p\xcd\x14\xfa--'
04272019 01:19:44 [INFO]: b'RX:B\x00'
04272019 01:19:44 [INFO]: b'TX:M\x12\x83\xa1h\x00\xa1a\xce\x00\x89T@\xa1o\xce\x01\x12\xa8\x80-----'
04272019 01:19:44 [INFO]: b'RX:B\x00'
04272019 01:19:44 [INFO]: b'TX:M\x15\x84\xa1e\xcd\x03\xef\xa1t\xcd\x02\xbc\xa1r\xcd\x06\x11\xa1p\xcd\x14\xfa--'
04272019 01:19:44 [INFO]: b'RX:B\x00'
04272019 01:19:44 [INFO]: b'TX:M\x12\x83\xa1h\x00\xa1a\xce\x00\x89T@\xa1o\xce\x01\x12\xa8\x80-----'
04272019 01:19:45 [INFO]: b'RX:B\x00'
04272019 01:19:45 [INFO]: b'TX:M\x12\x83\xa1h\x00\xa1a\xce\x00\x89T@\xa1o\xce\x01\x12\xa8\x80-----'
04272019 01:19:45 [INFO]: b'RX:B\x00'
04272019 01:19:45 [ERROR]: Buffer overflow
04272019 01:19:45 [INFO]: b'TX:M\x15\x84\xa1e\xcd\x03\xef\xa1t\xcd\x02\xbc\xa1r\xcd\x06\x11\xa1p\xcd\x14\xfa--'
04272019 01:19:45 [INFO]: b'RX:B\x00'
04272019 01:19:45 [INFO]: b'TX:M\x12\x83\xa1h\x00\xa1a\xce\x00\x89T@\xa1o\xce\x01\x12\xa8\x80-----'
04272019 01:19:46 [INFO]: b'RX:B\x00'
04272019 01:19:46 [INFO]: b'TX:M\x15\x84\xa1e\xcd\x03\xef\xa1t\xcd\x02\xbc\xa1r\xcd\x06\x11\xa1p\xcd\x14\xfa--'
04272019 01:19:46 [INFO]: b'RX:B\x00'
04272019 01:19:46 [INFO]: b'TX:M\x12\x83\xa1h\x00\xa1a\xce\x00\x89T@\xa1o\xce\x01\x12\xa8\x80-----'
04272019 01:19:46 [INFO]: b'RX:B\x00'
04272019 01:19:46 [INFO]: b'TX:M\x15\x84\xa1e\xcd\x03\xef\xa1t\xcd\x02\xbc\xa1r\xcd\x06\x11\xa1p\xcd\x14\xfa--'
04272019 01:19:46 [INFO]: b'RX:B\x00'
04272019 01:19:47 [INFO]: b'TX:M\x12\x83\xa1h\x00\xa1a\xce\x00\x89T@\xa1o\xce\x01\x12\xa8\x80-----'
04272019 01:19:47 [INFO]: b'RX:B\x00'
04272019 01:19:47 [INFO]: b'TX:M\x15\x84\xa1e\xcd\x03\xef\xa1t\xcd\x02\xbc\xa1r\xcd\x06\x11\xa1p\xcd\x14\xfa--'
04272019 01:19:47 [INFO]: b'RX:B\x00'
04272019 01:19:47 [INFO]: b'TX:M\x15\x84\xa1e\xcd\x03\xef\xa1t\xcd\x02\xbc\xa1r\xcd\x06\x11\xa1p\xcd\x14\xfa--'
04272019 01:19:47 [INFO]: b'RX:B\x00'
04272019 01:19:47 [INFO]: b'TX:M\x12\x83\xa1h\x00\xa1a\xce\x00\x89T@\xa1o\xce\x01\x12\xa8\x80-----'
04272019 01:19:48 [INFO]: b'RX:B\x00'
04272019 01:19:48 [INFO]: b'TX:M\x15\x84\xa1e\xcd\x03\xef\xa1t\xcd\x02\xbc\xa1r\xcd\x06\x11\xa1p\xcd\x14\xfa--'
04272019 01:19:48 [INFO]: b'RX:B\x00'
04272019 01:19:48 [ERROR]: Buffer overflow
04272019 01:19:48 [INFO]: b'TX:M\x12\x83\xa1h\x00\xa1a\xce\x00\x89T@\xa1o\xce\x01\x12\xa8\x80-----'
04272019 01:19:48 [INFO]: b'RX:B\x00'
04272019 01:19:48 [INFO]: b'TX:M\x15\x84\xa1e\xcd\x03\xef\xa1t\xcd\x02\xbc\xa1r\xcd\x06\x11\xa1p\xcd\x14\xfa--'
04272019 01:19:48 [INFO]: b'RX:B\x00'
04272019 01:19:49 [INFO]: b'TX:M\x15\x84\xa1e\xcd\x03\xef\xa1t\xcd\x02\xbc\xa1r\xcd\x06\x11\xa1p\xcd\x14\xfa--'
04272019 01:19:49 [INFO]: b'RX:B\x00'
04272019 01:19:49 [INFO]: b'TX:M\x12\x83\xa1h\x00\xa1a\xce\x00\x89T@\xa1o\xce\x01\x12\xa8\x80-----'
04272019 01:19:49 [INFO]: b'RX:B\x00'
04272019 01:19:49 [INFO]: b'TX:M\x12\x83\xa1h\x00\xa1a\xce\x00\x89T@\xa1o\xce\x01\x12\xa8\x80-----'
04272019 01:19:49 [INFO]: b'RX:B\x00'
04272019 01:19:49 [INFO]: b'TX:M\x15\x84\xa1e\xcd\x03\xef\xa1t\xcd\x02\xbc\xa1r\xcd\x06\x11\xa1p\xcd\x14\xfa--'
04272019 01:19:50 [INFO]: b'RX:B\x00'
04272019 01:19:50 [INFO]: b'TX:M\x12\x83\xa1h\x00\xa1a\xce\x00\x89T@\xa1o\xce\x01\x12\xa8\x80-----'
04272019 01:19:50 [INFO]: b'RX:B\x00'
04272019 01:19:50 [INFO]: b'TX:M\x12\x83\xa1h\x00\xa1a\xce\x00\x89T@\xa1o\xce\x01\x12\xa8\x80-----'
04272019 01:19:50 [INFO]: b'RX:B\x00'
04272019 01:19:50 [INFO]: b'TX:M\x15\x84\xa1e\xcd\x03\xef\xa1t\xcd\x02\xbc\xa1r\xcd\x06\x11\xa1p\xcd\x14\xfa--'
04272019 01:19:50 [INFO]: b'RX:B\x00'
04272019 01:19:51 [INFO]: b'TX:M\x15\x84\xa1e\xcd\x03\xef\xa1t\xcd\x02\xbc\xa1r\xcd\x06\x11\xa1p\xcd\x14\xfa--'
04272019 01:19:51 [INFO]: b'RX:B\x00'
04272019 01:19:51 [INFO]: b'TX:M\x12\x83\xa1h\x00\xa1a\xce\x00\x89T@\xa1o\xce\x01\x12\xa8\x80-----'
04272019 01:19:51 [INFO]: b'RX:B\x00'
04272019 01:19:51 [INFO]: b'TX:M\x15\x84\xa1e\xcd\x03\xef\xa1t\xcd\x02\xbc\xa1r\xcd\x06\x11\xa1p\xcd\x14\xfa--'
04272019 01:19:51 [INFO]: b'RX:B\x00'
04272019 01:19:51 [ERROR]: Buffer overflow
04272019 01:19:51 [INFO]: b'TX:M\x12\x83\xa1h\x00\xa1a\xce\x00\x89T@\xa1o\xce\x01\x12\xa8\x80-----'
04272019 01:19:52 [INFO]: b'RX:B\x00'
04272019 01:19:52 [INFO]: b'TX:M\x12\x83\xa1h\x00\xa1a\xce\x00\x89T@\xa1o\xce\x01\x12\xa8\x80-----'
04272019 01:19:52 [INFO]: b'RX:B\x00'
04272019 01:19:52 [INFO]: b'TX:M\x15\x84\xa1e\xcd\x03\xef\xa1t\xcd\x02\xbc\xa1r\xcd\x06\x11\xa1p\xcd\x14\xfa--'
04272019 01:19:52 [INFO]: b'RX:B\x00'
04272019 01:19:52 [INFO]: b'TX:M\x15\x84\xa1e\xcd\x03\xef\xa1t\xcd\x02\xbc\xa1r\xcd\x06\x11\xa1p\xcd\x14\xfa--'
04272019 01:19:52 [INFO]: b'RX:B\x00'
04272019 01:19:53 [INFO]: b'TX:M\x12\x83\xa1h\x00\xa1a\xce\x00\x89T@\xa1o\xce\x01\x12\xa8\x80-----'
04272019 01:19:53 [INFO]: b'RX:B\x00'
04272019 01:19:53 [INFO]: b'TX:M\x15\x84\xa1e\xcd\x03\xef\xa1t\xcd\x02\xbc\xa1r\xcd\x06\x11\xa1p\xcd\x14\xfa--'
04272019 01:19:53 [INFO]: b'RX:B\x00'
04272019 01:19:53 [INFO]: b'TX:M\x12\x83\xa1h\x00\xa1a\xce\x00\x89T@\xa1o\xce\x01\x12\xa8\x80-----'
04272019 01:19:53 [INFO]: b'RX:B\x00'
04272019 01:19:53 [INFO]: b'TX:M\x15\x84\xa1e\xcd\x03\xef\xa1t\xcd\x02\xbc\xa1r\xcd\x06\x11\xa1p\xcd\x14\xfa--'
04272019 01:19:54 [INFO]: b'RX:B\x00'
04272019 01:19:54 [INFO]: b'TX:M\x12\x83\xa1h\x00\xa1a\xce\x00\x89T@\xa1o\xce\x01\x12\xa8\x80-----'
04272019 01:19:54 [INFO]: b'RX:B\x00'
04272019 01:19:54 [INFO]: b'TX:M\x15\x84\xa1e\xcd\x03\xef\xa1t\xcd\x02\xbc\xa1r\xcd\x06\x11\xa1p\xcd\x14\xfa--'
04272019 01:19:54 [INFO]: b'RX:B\x00'
04272019 01:19:54 [INFO]: b'TX:M\x12\x83\xa1h\x00\xa1a\xce\x00\x89T@\xa1o\xce\x01\x12\xa8\x80-----'
04272019 01:19:54 [INFO]: b'RX:B\x00'
04272019 01:19:55 [INFO]: b'TX:M\x15\x84\xa1e\xcd\x03\xef\xa1t\xcd\x02\xbc\xa1r\xcd\x06\x11\xa1p\xcd\x14\xfa--'
04272019 01:19:55 [INFO]: b'RX:B\x00'
04272019 01:19:55 [ERROR]: Buffer overflow
04272019 01:19:55 [INFO]: b'TX:M\x12\x83\xa1h\x00\xa1a\xce\x00\x89T@\xa1o\xce\x01\x12\xa8\x80-----'
04272019 01:19:55 [INFO]: b'RX:B\x00'
04272019 01:19:55 [INFO]: b'TX:M\x12\x83\xa1h\x00\xa1a\xce\x00\x89T@\xa1o\xce\x01\x12\xa8\x80-----'
04272019 01:19:55 [INFO]: b'RX:B\x00'
04272019 01:19:55 [INFO]: b'TX:M\x15\x84\xa1e\xcd\x03\xea\xa1t\xcd\x02\xbe\xa1r\xcd\x06h\xa1p\xcd\x14\xfa--'
04272019 01:19:56 [INFO]: b'RX:B\x00'
04272019 01:19:56 [INFO]: b'TX:M\x12\x83\xa1h\x00\xa1a\xce\x00\x89T@\xa1o\xce\x01\x12\xa8\x80-----'
04272019 01:19:56 [INFO]: b'RX:B\x00'
04272019 01:19:56 [INFO]: b'TX:M\x15\x84\xa1e\xcd\x03\xea\xa1t\xcd\x02\xbe\xa1r\xcd\x06i\xa1p\xcd\x14\xf9--'
04272019 01:19:56 [INFO]: b'RX:B\x00'
04272019 01:19:56 [INFO]: b'TX:M\x15\x84\xa1e\xcd\x03\xea\xa1t\xcd\x02\xbe\xa1r\xcd\x06i\xa1p\xcd\x14\xf9--'
04272019 01:19:56 [INFO]: b'RX:B\x00'
04272019 01:19:57 [INFO]: b'TX:M\x12\x83\xa1h\x00\xa1a\xce\x00\x89T@\xa1o\xce\x01\x12\xa8\x80-----'
04272019 01:19:57 [INFO]: b'RX:B\x00'
04272019 01:19:57 [INFO]: b'TX:M\x15\x84\xa1e\xcd\x03\xea\xa1t\xcd\x02\xbe\xa1r\xcd\x06j\xa1p\xcd\x14\xfa--'
04272019 01:19:57 [INFO]: b'RX:B\x00'
04272019 01:19:57 [INFO]: b'TX:M\x12\x83\xa1h\x00\xa1a\xce\x00\x89T@\xa1o\xce\x01\x12\xa8\x80-----'
04272019 01:19:57 [INFO]: b'RX:B\x00'
04272019 01:19:57 [INFO]: b'TX:M\x15\x84\xa1e\xcd\x03\xea\xa1t\xcd\x02\xbe\xa1r\xcd\x06j\xa1p\xcd\x14\xfa--'
04272019 01:19:58 [INFO]: b'RX:B\x00'
04272019 01:19:58 [INFO]: b'TX:M\x12\x83\xa1h\x00\xa1a\xce\x00\x89T@\xa1o\xce\x01\x12\xa8\x80-----'
04272019 01:19:58 [INFO]: b'RX:B\x00'
04272019 01:19:58 [INFO]: b'TX:M\x15\x84\xa1e\xcd\x03\xea\xa1t\xcd\x02\xbe\xa1r\xcd\x06j\xa1p\xcd\x14\xfb--'
04272019 01:19:58 [INFO]: b'RX:B\x00'
04272019 01:19:58 [ERROR]: Buffer overflow
04272019 01:19:58 [INFO]: b'TX:M\x12\x83\xa1h\x00\xa1a\xce\x00\x89T@\xa1o\xce\x01\x12\xa8\x80-----'
04272019 01:19:59 [INFO]: b'RX:B\x00'
04272019 01:19:59 [INFO]: b'TX:M\x15\x84\xa1e\xcd\x03\xea\xa1t\xcd\x02\xbe\xa1r\xcd\x06o\xa1p\xcd\x14\xfa--'
04272019 01:19:59 [INFO]: b'RX:B\x00'
04272019 01:19:59 [INFO]: b'TX:M\x12\x83\xa1h\x00\xa1a\xce\x00\x89T@\xa1o\xce\x01\x12\xa8\x80-----'
04272019 01:19:59 [INFO]: b'RX:B\x00'
04272019 01:19:59 [INFO]: b'TX:M\x12\x83\xa1h\x00\xa1a\xce\x00\x89T@\xa1o\xce\x01\x12\xa8\x80-----'
04272019 01:19:59 [INFO]: b'RX:B\x00'
04272019 01:19:59 [INFO]: b'TX:M\x15\x84\xa1e\xcd\x03\xea\xa1t\xcd\x02\xbe\xa1r\xcd\x06q\xa1p\xcd\x14\xf9--'
04272019 01:20:00 [INFO]: b'RX:B\x00'
04272019 01:20:00 [INFO]: b'TX:M\x12\x83\xa1h\x00\xa1a\xce\x00\x89T@\xa1o\xce\x01\x12\xa8\x80-----'
04272019 01:20:00 [INFO]: b'RX:B\x00'
04272019 01:20:00 [INFO]: b'TX:M\x15\x84\xa1e\xcd\x03\xea\xa1t\xcd\x02\xbe\xa1r\xcd\x06q\xa1p\xcd\x14\xf9--'
04272019 01:20:00 [INFO]: b'RX:B\x00'
04272019 01:20:00 [INFO]: b'TX:M\x12\x83\xa1h\x00\xa1a\xce\x00\x89T@\xa1o\xce\x01\x12\xa8\x80-----'
04272019 01:20:01 [INFO]: b'RX:B\x00'
04272019 01:20:01 [INFO]: b'TX:M\x15\x84\xa1e\xcd\x03\xea\xa1t\xcd\x02\xbe\xa1r\xcd\x06q\xa1p\xcd\x14\xf9--'
04272019 01:20:01 [INFO]: b'RX:B\x00'
04272019 01:20:01 [INFO]: b'TX:M\x15\x84\xa1e\xcd\x03\xea\xa1t\xcd\x02\xbe\xa1r\xcd\x06p\xa1p\xcd\x14\xfa--'
04272019 01:20:01 [INFO]: b'RX:B\x00'
04272019 01:20:01 [INFO]: b'TX:M\x12\x83\xa1h\x00\xa1a\xce\x00\x89T@\xa1o\xce\x01\x12\xa8\x80-----'
04272019 01:20:01 [INFO]: b'RX:B\x00'
04272019 01:20:01 [INFO]: b'TX:M\x15\x84\xa1e\xcd\x03\xea\xa1t\xcd\x02\xbe\xa1r\xcd\x06p\xa1p\xcd\x14\xfa--'
04272019 01:20:02 [INFO]: b'RX:B\x00'
04272019 01:20:02 [ERROR]: Buffer overflow
04272019 01:20:02 [INFO]: b'TX:M\x12\x83\xa1h\x00\xa1a\xce\x00\x89T@\xa1o\xce\x01\x12\xa8\x80-----'
04272019 01:20:02 [INFO]: b'RX:B\x00'
04272019 01:20:02 [INFO]: b'TX:M\x15\x84\xa1e\xcd\x03\xe9\xa1t\xcd\x02\xbe\xa1r\xcd\x06v\xa1p\xcd\x14\xfa--'
04272019 01:20:02 [INFO]: b'RX:B\x00'
04272019 01:20:02 [INFO]: b'TX:M\x12\x83\xa1h\x00\xa1a\xce\x00\x89T@\xa1o\xce\x01\x12\xa8\x80-----'
04272019 01:20:03 [INFO]: b'RX:B\x00'
04272019 01:20:03 [INFO]: b'TX:M\x15\x84\xa1e\xcd\x03\xe9\xa1t\xcd\x02\xbe\xa1r\xcd\x06v\xa1p\xcd\x14\xfa--'
04272019 01:20:03 [INFO]: b'RX:B\x00'
04272019 01:20:03 [INFO]: b'TX:M\x12\x83\xa1h\x00\xa1a\xce\x00\x89T@\xa1o\xce\x01\x12\xa8\x80-----'
04272019 01:20:03 [INFO]: b'RX:B\x00'
04272019 01:20:03 [INFO]: b'TX:M\x12\x83\xa1h\x00\xa1a\xce\x00\x89T@\xa1o\xce\x01\x12\xa8\x80-----'
04272019 01:20:03 [INFO]: b'RX:B\x00'
04272019 01:20:03 [INFO]: b'TX:M\x15\x84\xa1e\xcd\x03\xe9\xa1t\xcd\x02\xbe\xa1r\xcd\x06v\xa1p\xcd\x14\xfa--'
04272019 01:20:04 [INFO]: b'RX:B\x00'
04272019 01:20:04 [INFO]: b'TX:M\x12\x83\xa1h\x00\xa1a\xce\x00\x89T@\xa1o\xce\x01\x12\xa8\x80-----'
04272019 01:20:04 [INFO]: b'RX:B\x00'
04272019 01:20:04 [INFO]: b'TX:M\x15\x84\xa1e\xcd\x03\xe9\xa1t\xcd\x02\xbe\xa1r\xcd\x06v\xa1p\xcd\x14\xfa--'
04272019 01:20:04 [INFO]: b'RX:B\x00'
04272019 01:20:04 [INFO]: b'TX:M\x12\x83\xa1h\x00\xa1a\xce\x00\x89T@\xa1o\xce\x01\x12\xa8\x80-----'
04272019 01:20:05 [INFO]: b'RX:B\x00'
04272019 01:20:05 [INFO]: b'TX:M\x15\x84\xa1e\xcd\x03\xe9\xa1t\xcd\x02\xbe\xa1r\xcd\x06y\xa1p\xcd\x14\xfa--'
04272019 01:20:05 [INFO]: b'RX:B\x00'
04272019 01:20:05 [ERROR]: Buffer overflow
04272019 01:20:05 [INFO]: b'TX:M\x15\x84\xa1e\xcd\x03\xe9\xa1t\xcd\x02\xbe\xa1r\xcd\x06y\xa1p\xcd\x14\xfa--'
04272019 01:20:05 [INFO]: b'RX:B\x00'
04272019 01:20:05 [INFO]: b'TX:M\x12\x83\xa1h\x00\xa1a\xce\x00\x89T@\xa1o\xce\x01\x12\xa8\x80-----'
04272019 01:20:05 [INFO]: b'RX:B\x00'
04272019 01:20:05 [INFO]: b'TX:M\x15\x84\xa1e\xcd\x03\xe9\xa1t\xcd\x02\xbe\xa1r\xcd\x06y\xa1p\xcd\x14\xfa--'
04272019 01:20:06 [INFO]: b'RX:B\x00'
04272019 01:20:06 [INFO]: b'TX:M\x12\x83\xa1h\x00\xa1a\xce\x00\x89T@\xa1o\xce\x01\x12\xa8\x80-----'
04272019 01:20:06 [INFO]: b'RX:B\x00'
04272019 01:20:06 [INFO]: b'TX:M\x15\x84\xa1e\xcd\x03\xe9\xa1t\xcd\x02\xbe\xa1r\xcd\x06z\xa1p\xcd\x14\xf9--'
04272019 01:20:06 [INFO]: b'RX:B\x00'
04272019 01:20:06 [INFO]: b'TX:M\x12\x83\xa1h\x00\xa1a\xce\x00\x89T@\xa1o\xce\x01\x12\xa8\x80-----'
04272019 01:20:07 [INFO]: b'RX:B\x00'
04272019 01:20:07 [INFO]: b'TX:M\x15\x84\xa1e\xcd\x03\xe9\xa1t\xcd\x02\xbe\xa1r\xcd\x06z\xa1p\xcd\x14\xf9--'
04272019 01:20:07 [INFO]: b'RX:B\x00'
04272019 01:20:07 [INFO]: b'TX:M\x12\x83\xa1h\x00\xa1a\xce\x00\x89T@\xa1o\xce\x01\x12\xa8\x80-----'
04272019 01:20:07 [INFO]: b'RX:B\x00'
04272019 01:20:07 [INFO]: b'TX:M\x15\x84\xa1e\xcd\x03\xe9\xa1t\xcd\x02\xbe\xa1r\xcd\x06|\xa1p\xcd\x14\xfa--'
04272019 01:20:07 [INFO]: b'RX:B\x00'
04272019 01:20:07 [INFO]: b'TX:M\x12\x83\xa1h\x00\xa1a\xce\x00\x89T@\xa1o\xce\x01\x12\xa8\x80-----'
04272019 01:20:08 [INFO]: b'RX:B\x00'
04272019 01:20:08 [INFO]: b'TX:M\x12\x83\xa1h\x00\xa1a\xce\x00\x89T@\xa1o\xce\x01\x12\xa8\x80-----'
04272019 01:20:08 [INFO]: b'RX:B\x00'
04272019 01:20:08 [INFO]: b'TX:M\x15\x84\xa1e\xcd\x03\xe9\xa1t\xcd\x02\xbf\xa1r\xcd\x06}\xa1p\xcd\x14\xfa--'
04272019 01:20:08 [INFO]: b'RX:B\x00'
04272019 01:20:08 [ERROR]: Buffer overflow
04272019 01:20:09 [INFO]: b'TX:M\x15\x84\xa1e\xcd\x03\xe9\xa1t\xcd\x02\xbf\xa1r\xcd\x06~\xa1p\xcd\x14\xfa--'
04272019 01:20:09 [INFO]: b'RX:B\x00'
04272019 01:20:09 [INFO]: b'TX:M\x12\x83\xa1h\x00\xa1a\xce\x00\x89T@\xa1o\xce\x01\x12\xa8\x80-----'
04272019 01:20:09 [INFO]: b'RX:B\x00'
04272019 01:20:09 [INFO]: b'TX:M\x15\x84\xa1e\xcd\x03\xe9\xa1t\xcd\x02\xbe\xa1r\xcd\x06\x81\xa1p\xcd\x14\xf9--'
04272019 01:20:10 [INFO]: b'RX:B\x00'
04272019 01:20:10 [INFO]: b'TX:M\x12\x83\xa1h\x00\xa1a\xce\x00\x89T@\xa1o\xce\x01\x12\xa8\x80-----'
04272019 01:20:10 [INFO]: b'RX:B\x00'
04272019 01:20:10 [INFO]: b'TX:M\x15\x84\xa1e\xcd\x03\xe9\xa1t\xcd\x02\xbe\xa1r\xcd\x06\x81\xa1p\xcd\x14\xf9--'
04272019 01:20:10 [INFO]: b'RX:B\x00'
04272019 01:20:10 [INFO]: b'TX:M\x12\x83\xa1h\x00\xa1a\xce\x00\x89T@\xa1o\xce\x01\x12\xa8\x80-----'
04272019 01:20:10 [INFO]: b'RX:B\x00'
04272019 01:20:10 [INFO]: b'TX:M\x15\x84\xa1e\xcd\x03\xe9\xa1t\xcd\x02\xbf\xa1r\xcd\x06\x82\xa1p\xcd\x14\xfa--'
04272019 01:20:11 [INFO]: b'RX:B\x00'
04272019 01:20:11 [INFO]: b'TX:M\x12\x83\xa1h\x00\xa1a\xce\x00\x89T@\xa1o\xce\x01\x12\xa8\x80-----'
04272019 01:20:11 [INFO]: b'RX:B\x00'
04272019 01:20:11 [INFO]: b'TX:M\x15\x84\xa1e\xcd\x03\xe9\xa1t\xcd\x02\xbf\xa1r\xcd\x06\x82\xa1p\xcd\x14\xfa--'
04272019 01:20:11 [INFO]: b'RX:B\x00'
04272019 01:20:11 [ERROR]: Buffer overflow
04272019 01:20:11 [INFO]: b'TX:M\x15\x84\xa1e\xcd\x03\xe9\xa1t\xcd\x02\xbf\xa1r\xcd\x06\x82\xa1p\xcd\x14\xfa--'
04272019 01:20:12 [INFO]: b'RX:B\x00'
04272019 01:20:12 [INFO]: b'TX:M\x12\x83\xa1h\x00\xa1a\xce\x00\x89T@\xa1o\xce\x01\x12\xa8\x80-----'
04272019 01:20:12 [INFO]: b'RX:B\x00'
04272019 01:20:12 [INFO]: b'TX:M\x15\x84\xa1e\xcd\x03\xe9\xa1t\xcd\x02\xbf\xa1r\xcd\x06\x83\xa1p\xcd\x14\xfa--'
04272019 01:20:12 [INFO]: b'RX:B\x00'
04272019 01:20:12 [INFO]: b'TX:M\x15\x84\xa1e\xcd\x03\xe9\xa1t\xcd\x02\xbf\xa1r\xcd\x06\x82\xa1p\xcd\x14\xfa--'
04272019 01:20:12 [INFO]: b'RX:B\x00'
04272019 01:20:12 [INFO]: b'TX:M\x12\x83\xa1h\x00\xa1a\xce\x00\x89T@\xa1o\xce\x01\x12\xa8\x80-----'
04272019 01:20:13 [INFO]: b'RX:B\x00'
04272019 01:20:13 [INFO]: b'TX:M\x15\x84\xa1e\xcd\x03\xe9\xa1t\xcd\x02\xbf\xa1r\xcd\x06\x82\xa1p\xcd\x14\xfa--'
04272019 01:20:13 [INFO]: b'RX:B\x00'
04272019 01:20:13 [INFO]: b'TX:M\x12\x83\xa1h\x00\xa1a\xce\x00\x89T@\xa1o\xce\x01\x12\xa8\x80-----'
04272019 01:20:13 [INFO]: b'RX:B\x00'
04272019 01:20:13 [INFO]: b'TX:M\x15\x84\xa1e\xcd\x03\xe8\xa1t\xcd\x02\xbf\xa1r\xcd\x06\x84\xa1p\xcd\x14\xfa--'
04272019 01:20:14 [INFO]: b'RX:B\x00'
04272019 01:20:14 [INFO]: b'TX:M\x12\x83\xa1h\x00\xa1a\xce\x00\x89T@\xa1o\xce\x01\x12\xa8\x80-----'
04272019 01:20:14 [INFO]: b'RX:B\x00'
04272019 01:20:14 [INFO]: b'TX:M\x15\x84\xa1e\xcd\x03\xe8\xa1t\xcd\x02\xbf\xa1r\xcd\x06\x84\xa1p\xcd\x14\xfa--'
04272019 01:20:14 [INFO]: b'RX:B\x00'
04272019 01:20:14 [INFO]: b'TX:M\x12\x83\xa1h\x00\xa1a\xce\x00\x89T@\xa1o\xce\x01\x12\xa8\x80-----'
04272019 01:20:14 [INFO]: b'RX:B\x00'
04272019 01:20:14 [INFO]: b'TX:M\x15\x84\xa1e\xcd\x03\xe8\xa1t\xcd\x02\xbf\xa1r\xcd\x06\x86\xa1p\xcd\x14\xf9--'
04272019 01:20:15 [INFO]: b'RX:B\x00'
04272019 01:20:15 [ERROR]: Buffer overflow
04272019 01:20:15 [INFO]: b'TX:M\x15\x84\xa1e\xcd\x03\xe8\xa1t\xcd\x02\xbf\xa1r\xcd\x06\x86\xa1p\xcd\x14\xfa--'
04272019 01:20:15 [INFO]: b'RX:B\x00'
04272019 01:20:15 [INFO]: b'TX:M\x12\x83\xa1h\x00\xa1a\xce\x00\x89T@\xa1o\xce\x01\x12\xa8\x80-----'
04272019 01:20:15 [INFO]: b'RX:B\x00'
04272019 01:20:15 [INFO]: b'TX:M\x15\x84\xa1e\xcd\x03\xe8\xa1t\xcd\x02\xbf\xa1r\xcd\x06\x86\xa1p\xcd\x14\xfa--'
04272019 01:20:16 [INFO]: b'RX:B\x00'
04272019 01:20:16 [INFO]: b'TX:M\x15\x84\xa1e\xcd\x03\xe8\xa1t\xcd\x02\xbf\xa1r\xcd\x06\x89\xa1p\xcd\x14\xfa--'
04272019 01:20:16 [INFO]: b'RX:B\x00'
04272019 01:20:16 [INFO]: b'TX:M\x12\x83\xa1h\x00\xa1a\xce\x00\x89T@\xa1o\xce\x01\x12\xa8\x80-----'
04272019 01:20:16 [INFO]: b'RX:B\x00'
04272019 01:20:16 [INFO]: b'TX:M\x15\x84\xa1e\xcd\x03\xe8\xa1t\xcd\x02\xbf\xa1r\xcd\x06\x89\xa1p\xcd\x14\xfa--'
04272019 01:20:16 [INFO]: b'RX:B\x00'
04272019 01:20:16 [INFO]: b'TX:M\x12\x83\xa1h\x00\xa1a\xce\x00\x89T@\xa1o\xce\x01\x12\xa8\x80-----'
04272019 01:20:17 [INFO]: b'RX:B\x00'
04272019 01:20:17 [INFO]: b'TX:M\x15\x84\xa1e\xcd\x03\xe8\xa1t\xcd\x02\xbf\xa1r\xcd\x06\x89\xa1p\xcd\x14\xfa--'
04272019 01:20:17 [INFO]: b'RX:B\x00'
04272019 01:20:17 [INFO]: b'TX:M\x12\x83\xa1h\x00\xa1a\xce\x00\x89T@\xa1o\xce\x01\x12\xa8\x80-----'
04272019 01:20:17 [INFO]: b'RX:B\x00'
04272019 01:20:17 [INFO]: b'TX:M\x12\x83\xa1h\x00\xa1a\xce\x00\x89T@\xa1o\xce\x01\x12\xa8\x80-----'
04272019 01:20:18 [INFO]: b'RX:B\x00'
04272019 01:20:18 [INFO]: b'TX:M\x15\x84\xa1e\xcd\x03\xe8\xa1t\xcd\x02\xbf\xa1r\xcd\x06\x8a\xa1p\xcd\x14\xfa--'
04272019 01:20:18 [INFO]: b'RX:B\x00'
04272019 01:20:18 [INFO]: b'TX:M\x15\x84\xa1e\xcd\x03\xe8\xa1t\xcd\x02\xbf\xa1r\xcd\x06\x8a\xa1p\xcd\x14\xfa--'
04272019 01:20:18 [INFO]: b'RX:B\x00'
04272019 01:20:18 [ERROR]: Buffer overflow
04272019 01:20:18 [INFO]: b'TX:M\x12\x83\xa1h\x00\xa1a\xce\x00\x89T@\xa1o\xce\x01\x12\xa8\x80-----'
04272019 01:20:18 [INFO]: b'RX:B\x00'
04272019 01:20:18 [INFO]: b'TX:M\x12\x83\xa1h\x00\xa1a\xce\x00\x89T@\xa1o\xce\x01\x12\xa8\x80-----'
04272019 01:20:19 [INFO]: b'RX:B\x00'
04272019 01:20:19 [INFO]: b'TX:M\x15\x84\xa1e\xcd\x03\xeb\xa1t\xcd\x02\xbf\xa1r\xcd\x06U\xa1p\xcd\x14\xfa--'
04272019 01:20:19 [INFO]: b'RX:B\x00'
04272019 01:20:19 [INFO]: b'TX:M\x12\x83\xa1h\x00\xa1a\xce\x00\x89T@\xa1o\xce\x01\x12\xa8\x80-----'
04272019 01:20:19 [INFO]: b'RX:B\x00'
04272019 01:20:19 [INFO]: b'TX:M\x15\x84\xa1e\xcd\x03\xeb\xa1t\xcd\x02\xbf\xa1r\xcd\x06U\xa1p\xcd\x14\xf9--'
04272019 01:20:19 [INFO]: b'RX:B\x00'
04272019 01:20:20 [INFO]: b'TX:M\x12\x83\xa1h\x00\xa1a\xce\x00\x89T@\xa1o\xce\x01\x12\xa8\x80-----'
04272019 01:20:20 [INFO]: b'RX:B\x00'
04272019 01:20:20 [INFO]: b'TX:M\x15\x84\xa1e\xcd\x03\xec\xa1t\xcd\x02\xbf\xa1r\xcd\x06@\xa1p\xcd\x14\xf9--'
04272019 01:20:20 [INFO]: b'RX:B\x00'
04272019 01:20:20 [INFO]: b'TX:M\x12\x83\xa1h\x00\xa1a\xce\x00\x89T@\xa1o\xce\x01\x12\xa8\x80-----'
04272019 01:20:20 [INFO]: b'RX:B\x00'
04272019 01:20:20 [INFO]: b'TX:M\x15\x84\xa1e\xcd\x03\xed\xa1t\xcd\x02\xbf\xa1r\xcd\x06+\xa1p\xcd\x14\xfa--'
04272019 01:20:21 [INFO]: b'RX:B\x00'
04272019 01:20:21 [INFO]: b'TX:M\x12\x83\xa1h\x00\xa1a\xce\x00\x89T@\xa1o\xce\x01\x12\xa8\x80-----'
04272019 01:20:21 [INFO]: b'RX:B\x00'
04272019 01:20:21 [INFO]: b'TX:M\x15\x84\xa1e\xcd\x03\xed\xa1t\xcd\x02\xbf\xa1r\xcd\x06+\xa1p\xcd\x14\xfa--'
04272019 01:20:21 [INFO]: b'RX:B\x00'
04272019 01:20:21 [INFO]: b'TX:M\x12\x83\xa1h\x00\xa1a\xce\x00\x89T@\xa1o\xce\x01\x12\xa8\x80-----'
04272019 01:20:21 [INFO]: b'RX:B\x00'
04272019 01:20:22 [ERROR]: Buffer overflow
04272019 01:20:22 [INFO]: b'TX:M\x12\x83\xa1h\x00\xa1a\xce\x00\x89T@\xa1o\xce\x01\x12\xa8\x80-----'
04272019 01:20:22 [INFO]: b'RX:B\x00'
04272019 01:20:22 [INFO]: b'TX:M\x12\x83\xa1h\x00\xa1a\xce\x00\x89T@\xa1o\xce\x01\x12\xa8\x80-----'
04272019 01:20:22 [INFO]: b'RX:B\x00'
04272019 01:20:22 [INFO]: b'TX:M\x15\x84\xa1e\xcd\x03\xf1\xa1t\xcd\x02\xbf\xa1r\xcd\x05\xed\xa1p\xcd\x14\xfa--'
04272019 01:20:22 [INFO]: b'RX:B\x00'
04272019 01:20:22 [INFO]: b'TX:M\x12\x83\xa1h\x00\xa1a\xce\x00\x89T@\xa1o\xce\x01\x12\xa8\x80-----'
04272019 01:20:23 [INFO]: b'RX:B\x00'
04272019 01:20:23 [INFO]: b'TX:M\x15\x84\xa1e\xcd\x03\xf1\xa1t\xcd\x02\xbf\xa1r\xcd\x05\xde\xa1p\xcd\x14\xfa--'
04272019 01:20:23 [INFO]: b'RX:B\x00'
04272019 01:20:23 [INFO]: b'TX:M\x12\x83\xa1h\x00\xa1a\xce\x00\x89T@\xa1o\xce\x01\x12\xa8\x80-----'
04272019 01:20:23 [INFO]: b'RX:B\x00'
04272019 01:20:23 [INFO]: b'TX:M\x15\x84\xa1e\xcd\x03\xf2\xa1t\xcd\x02\xbf\xa1r\xcd\x05\xda\xa1p\xcd\x14\xfa--'
04272019 01:20:23 [INFO]: b'RX:B\x00'
04272019 01:20:24 [INFO]: b'TX:M\x12\x83\xa1h\x00\xa1a\xce\x00\x89T@\xa1o\xce\x01\x12\xa8\x80-----'
04272019 01:20:24 [INFO]: b'RX:B\x00'
04272019 01:20:24 [INFO]: b'TX:M\x15\x84\xa1e\xcd\x03\xf2\xa1t\xcd\x02\xbf\xa1r\xcd\x05\xda\xa1p\xcd\x14\xfa--'
04272019 01:20:24 [INFO]: b'RX:B\x00'
04272019 01:20:24 [INFO]: b'TX:M\x12\x83\xa1h\x00\xa1a\xce\x00\x89T@\xa1o\xce\x01\x12\xa8\x80-----'
04272019 01:20:24 [INFO]: b'RX:B\x00'
04272019 01:20:24 [INFO]: b'TX:M\x15\x84\xa1e\xcd\x03\xf2\xa1t\xcd\x02\xbf\xa1r\xcd\x05\xda\xa1p\xcd\x14\xfa--'
04272019 01:20:25 [INFO]: b'RX:B\x00'
04272019 01:20:25 [INFO]: b'TX:M\x12\x83\xa1h\x00\xa1a\xce\x00\x89T@\xa1o\xce\x01\x12\xa8\x80-----'
04272019 01:20:25 [INFO]: b'RX:B\x00'
04272019 01:20:25 [ERROR]: Buffer overflow
04272019 01:20:25 [INFO]: b'TX:M\x12\x83\xa1h\x00\xa1a\xce\x00\x89T@\xa1o\xce\x01\x12\xa8\x80-----'
04272019 01:20:25 [INFO]: b'RX:B\x00'
04272019 01:20:25 [INFO]: b'TX:M\x15\x84\xa1e\xcd\x03\xf4\xa1t\xcd\x02\xbf\xa1r\xcd\x05\xb4\xa1p\xcd\x14\xfa--'
04272019 01:20:25 [INFO]: b'RX:B\x00'
04272019 01:20:26 [INFO]: b'TX:M\x12\x83\xa1h\x00\xa1a\xce\x00\x89T@\xa1o\xce\x01\x12\xa8\x80-----'
04272019 01:20:26 [INFO]: b'RX:B\x00'
04272019 01:20:26 [INFO]: b'TX:M\x12\x83\xa1h\x00\xa1a\xce\x00\x89T@\xa1o\xce\x01\x12\xa8\x80-----'
04272019 01:20:26 [INFO]: b'RX:B\x00'
04272019 01:20:26 [INFO]: b'TX:M\x15\x84\xa1e\xcd\x03\xf4\xa1t\xcd\x02\xbf\xa1r\xcd\x05\xb4\xa1p\xcd\x14\xfa--'
04272019 01:20:26 [INFO]: b'RX:B\x00'
04272019 01:20:26 [INFO]: b'TX:M\x12\x83\xa1h\x00\xa1a\xce\x00\x89T@\xa1o\xce\x01\x12\xa8\x80-----'
04272019 01:20:27 [INFO]: b'RX:B\x00'
04272019 01:20:27 [INFO]: b'TX:M\x15\x84\xa1e\xcd\x03\xf5\xa1t\xcd\x02\xbf\xa1r\xcd\x05\xa4\xa1p\xcd\x14\xf9--'
04272019 01:20:27 [INFO]: b'RX:B\x00'
04272019 01:20:27 [INFO]: b'TX:M\x12\x83\xa1h\x00\xa1a\xce\x00\x89T@\xa1o\xce\x01\x12\xa8\x80-----'
04272019 01:20:27 [INFO]: b'RX:B\x00'
04272019 01:20:27 [INFO]: b'TX:M\x15\x84\xa1e\xcd\x03\xf5\xa1t\xcd\x02\xbf\xa1r\xcd\x05\x9c\xa1p\xcd\x14\xf9--'
04272019 01:20:27 [INFO]: b'RX:B\x00'
04272019 01:20:28 [INFO]: b'TX:M\x12\x83\xa1h\x00\xa1a\xce\x00\x89T@\xa1o\xce\x01\x12\xa8\x80-----'
04272019 01:20:28 [INFO]: b'RX:B\x00'
04272019 01:20:28 [INFO]: b'TX:M\x15\x84\xa1e\xcd\x03\xf5\xa1t\xcd\x02\xbf\xa1r\xcd\x05\x9c\xa1p\xcd\x14\xf9--'
04272019 01:20:28 [INFO]: b'RX:B\x00'
04272019 01:20:28 [INFO]: b'TX:M\x12\x83\xa1h\x00\xa1a\xce\x00\x89T@\xa1o\xce\x01\x12\xa8\x80-----'
04272019 01:20:28 [INFO]: b'RX:B\x00'
04272019 01:20:28 [ERROR]: Buffer overflow
04272019 01:20:28 [INFO]: b'TX:M\x12\x83\xa1h\x00\xa1a\xce\x00\x89T@\xa1o\xce\x01\x12\xa8\x80-----'
04272019 01:20:29 [INFO]: b'RX:B\x00'
04272019 01:20:29 [INFO]: b'TX:M\x12\x83\xa1h\x00\xa1a\xce\x00\x89T@\xa1o\xce\x01\x12\xa8\x80-----'
04272019 01:20:29 [INFO]: b'RX:B\x00'
04272019 01:20:29 [INFO]: b'TX:M\x15\x84\xa1e\xcd\x03\xf5\xa1t\xcd\x02\xbf\xa1r\xcd\x05\x98\xa1p\xcd\x14\xfb--'
04272019 01:20:29 [INFO]: b'RX:B\x00'
04272019 01:20:29 [INFO]: b'TX:M\x12\x83\xa1h\x00\xa1a\xce\x00\x89T@\xa1o\xce\x01\x12\xa8\x80-----'
04272019 01:20:29 [INFO]: b'RX:B\x00'
04272019 01:20:30 [INFO]: b'TX:M\x15\x84\xa1e\xcd\x03\xf4\xa1t\xcd\x02\xbf\xa1r\xcd\x05\xac\xa1p\xcd\x14\xfa--'
04272019 01:20:30 [INFO]: b'RX:B\x00'
04272019 01:20:30 [INFO]: b'TX:M\x12\x83\xa1h\x00\xa1a\xce\x00\x89T@\xa1o\xce\x01\x12\xa8\x80-----'
04272019 01:20:30 [INFO]: b'RX:B\x00'
04272019 01:20:30 [INFO]: b'TX:M\x15\x84\xa1e\xcd\x03\xf4\xa1t\xcd\x02\xbf\xa1r\xcd\x05\xac\xa1p\xcd\x14\xfa--'
04272019 01:20:30 [INFO]: b'RX:B\x00'
04272019 01:20:30 [INFO]: b'TX:M\x12\x83\xa1h\x00\xa1a\xce\x00\x89T@\xa1o\xce\x01\x12\xa8\x80-----'
04272019 01:20:31 [INFO]: b'RX:B\x00'
04272019 01:20:31 [INFO]: b'TX:M\x15\x84\xa1e\xcd\x03\xf3\xa1t\xcd\x02\xbf\xa1r\xcd\x05\xc6\xa1p\xcd\x14\xfa--'
04272019 01:20:31 [INFO]: b'TX:M\x12\x83\xa1h\x00\xa1a\xce\x00\x89T@\xa1o\xce\x01\x12\xa8\x80-----'
04272019 01:20:31 [INFO]: b'RX:B\x00'
04272019 01:20:31 [INFO]: b'TX:M\x15\x84\xa1e\xcd\x03\xf2\xa1t\xcd\x02\xbf\xa1r\xcd\x05\xd6\xa1p\xcd\x14\xfa--'
04272019 01:20:31 [INFO]: b'RX:B\x00'
04272019 01:20:31 [ERROR]: Buffer overflow
04272019 01:20:31 [INFO]: b'TX:M\x15\x84\xa1e\xcd\x03\xf1\xa1t\xcd\x02\xbf\xa1r\xcd\x05\xdf\xa1p\xcd\x14\xfa--'
04272019 01:20:32 [INFO]: b'RX:B\x00'
04272019 01:20:32 [INFO]: b'TX:M\x12\x83\xa1h\x00\xa1a\xce\x00\x89T@\xa1o\xce\x01\x12\xa8\x80-----'
04272019 01:20:32 [INFO]: b'RX:B\x00'
04272019 01:20:32 [INFO]: b'TX:M\x12\x83\xa1h\x00\xa1a\xce\x00\x89T@\xa1o\xce\x01\x12\xa8\x80-----'
04272019 01:20:32 [INFO]: b'RX:B\x00'
04272019 01:20:32 [INFO]: b'TX:M\x15\x84\xa1e\xcd\x03\xf1\xa1t\xcd\x02\xbf\xa1r\xcd\x05\xe7\xa1p\xcd\x14\xfa--'
04272019 01:20:33 [INFO]: b'RX:B\x00'
04272019 01:20:33 [INFO]: b'TX:M\x12\x83\xa1h\x00\xa1a\xce\x00\x89T@\xa1o\xce\x01\x12\xa8\x80-----'
04272019 01:20:33 [INFO]: b'RX:B\x00'
04272019 01:20:33 [INFO]: b'TX:M\x15\x84\xa1e\xcd\x03\xf1\xa1t\xcd\x02\xbf\xa1r\xcd\x05\xe7\xa1p\xcd\x14\xfa--'
04272019 01:20:33 [INFO]: b'RX:B\x00'
04272019 01:20:33 [INFO]: b'TX:M\x12\x83\xa1h\x00\xa1a\xce\x00\x89T@\xa1o\xce\x01\x12\xa8\x80-----'
04272019 01:20:33 [INFO]: b'RX:B\x00'
04272019 01:20:33 [INFO]: b'TX:M\x15\x84\xa1e\xcd\x03\xf1\xa1t\xcd\x02\xbf\xa1r\xcd\x05\xf1\xa1p\xcd\x14\xfa--'
04272019 01:20:34 [INFO]: b'RX:B\x00'
04272019 01:20:34 [INFO]: b'TX:M\x12\x83\xa1h\x00\xa1a\xce\x00\x89T@\xa1o\xce\x01\x12\xa8\x80-----'
04272019 01:20:34 [INFO]: b'RX:B\x00'
04272019 01:20:34 [INFO]: b'TX:M\x15\x84\xa1e\xcd\x03\xf1\xa1t\xcd\x02\xbf\xa1r\xcd\x05\xf1\xa1p\xcd\x14\xfa--'
04272019 01:20:34 [INFO]: b'RX:B\x00'
04272019 01:20:34 [INFO]: b'TX:M\x12\x83\xa1h\x00\xa1a\xce\x00\x89T@\xa1o\xce\x01\x12\xa8\x80-----'
04272019 01:20:35 [INFO]: b'RX:B\x00'
04272019 01:20:35 [INFO]: b'TX:M\x15\x84\xa1e\xcd\x03\xf0\xa1t\xcd\x02\xbf\xa1r\xcd\x05\xf3\xa1p\xcd\x14\xfa--'
04272019 01:20:35 [INFO]: b'RX:B\x00'
04272019 01:20:35 [ERROR]: Buffer overflow
04272019 01:20:35 [INFO]: b'TX:M\x15\x84\xa1e\xcd\x03\xf0\xa1t\xcd\x02\xbf\xa1r\xcd\x05\xfd\xa1p\xcd\x14\xfa--'
04272019 01:20:35 [INFO]: b'RX:B\x00'
04272019 01:20:35 [INFO]: b'TX:M\x12\x83\xa1h\x00\xa1a\xce\x00\x89T@\xa1o\xce\x01\x12\xa8\x80-----'
04272019 01:20:35 [INFO]: b'RX:B\x00'
04272019 01:20:36 [INFO]: b'TX:M\x12\x83\xa1h\x00\xa1a\xce\x00\x89T@\xa1o\xce\x01\x12\xa8\x80-----'
04272019 01:20:36 [INFO]: b'RX:B\x00'
04272019 01:20:36 [INFO]: b'TX:M\x15\x84\xa1e\xcd\x03\xf0\xa1t\xcd\x02\xbf\xa1r\xcd\x05\xfd\xa1p\xcd\x14\xfa--'
04272019 01:20:36 [INFO]: b'RX:B\x00'
04272019 01:20:36 [INFO]: b'TX:M\x12\x83\xa1h\x00\xa1a\xce\x00\x89T@\xa1o\xce\x01\x12\xa8\x80-----'
04272019 01:20:36 [INFO]: b'RX:B\x00'
04272019 01:20:36 [INFO]: b'TX:M\x15\x84\xa1e\xcd\x03\xf0\xa1t\xcd\x02\xbf\xa1r\xcd\x06\x00\xa1p\xcd\x14\xfa--'
04272019 01:20:37 [INFO]: b'RX:B\x00'
04272019 01:20:37 [INFO]: b'TX:M\x12\x83\xa1h\x00\xa1a\xce\x00\x89T@\xa1o\xce\x01\x12\xa8\x80-----'
04272019 01:20:37 [INFO]: b'RX:B\x00'
04272019 01:20:37 [INFO]: b'TX:M\x15\x84\xa1e\xcd\x03\xf0\xa1t\xcd\x02\xbf\xa1r\xcd\x06\x00\xa1p\xcd\x14\xfa--'
04272019 01:20:37 [INFO]: b'RX:B\x00'
04272019 01:20:37 [INFO]: b'TX:M\x12\x83\xa1h\x00\xa1a\xce\x00\x89T@\xa1o\xce\x01\x12\xa8\x80-----'
04272019 01:20:37 [INFO]: b'RX:B\x00'
04272019 01:20:38 [INFO]: b'TX:M\x15\x84\xa1e\xcd\x03\xf0\xa1t\xcd\x02\xbf\xa1r\xcd\x06\x01\xa1p\xcd\x14\xfa--'
04272019 01:20:38 [INFO]: b'RX:B\x00'
04272019 01:20:38 [INFO]: b'TX:M\x12\x83\xa1h\x00\xa1a\xce\x00\x89T@\xa1o\xce\x01\x12\xa8\x80-----'
04272019 01:20:38 [INFO]: b'RX:B\x00'
04272019 01:20:38 [INFO]: b'TX:M\x15\x84\xa1e\xcd\x03\xf0\xa1t\xcd\x02\xbf\xa1r\xcd\x06\x02\xa1p\xcd\x14\xfa--'
04272019 01:20:38 [INFO]: b'RX:B\x00'
04272019 01:20:38 [ERROR]: Buffer overflow
04272019 01:20:38 [INFO]: b'TX:M\x15\x84\xa1e\xcd\x03\xef\xa1t\xcd\x02\xbe\xa1r\xcd\x06\x0b\xa1p\xcd\x14\xfa--'
04272019 01:20:39 [INFO]: b'RX:B\x00'
04272019 01:20:39 [INFO]: b'TX:M\x12\x83\xa1h\x00\xa1a\xce\x00\x89T@\xa1o\xce\x01\x12\xa8\x80-----'
04272019 01:20:39 [INFO]: b'RX:B\x00'
04272019 01:20:39 [INFO]: b'TX:M\x12\x83\xa1h\x00\xa1a\xce\x00\x89T@\xa1o\xce\x01\x12\xa8\x80-----'
04272019 01:20:39 [INFO]: b'RX:B\x00'
04272019 01:20:39 [INFO]: b'TX:M\x15\x84\xa1e\xcd\x03\xef\xa1t\xcd\x02\xbe\xa1r\xcd\x06\r\xa1p\xcd\x14\xf9--'
04272019 01:20:39 [INFO]: b'RX:B\x00'
04272019 01:20:40 [INFO]: b'TX:M\x12\x83\xa1h\x00\xa1a\xce\x00\x89T@\xa1o\xce\x01\x12\xa8\x80-----'
04272019 01:20:40 [INFO]: b'RX:B\x00'
04272019 01:20:40 [INFO]: b'TX:M\x15\x84\xa1e\xcd\x03\xef\xa1t\xcd\x02\xbe\xa1r\xcd\x06\r\xa1p\xcd\x14\xf9--'
04272019 01:20:40 [INFO]: b'RX:B\x00'
04272019 01:20:40 [INFO]: b'TX:M\x12\x83\xa1h\x00\xa1a\xce\x00\x89T@\xa1o\xce\x01\x12\xa8\x80-----'
04272019 01:20:40 [INFO]: b'RX:B\x00'
04272019 01:20:40 [INFO]: b'TX:M\x15\x84\xa1e\xcd\x03\xef\xa1t\xcd\x02\xbe\xa1r\xcd\x06\x0f\xa1p\xcd\x14\xf9--'
04272019 01:20:41 [INFO]: b'RX:B\x00'
04272019 01:20:41 [INFO]: b'TX:M\x12\x83\xa1h\x00\xa1a\xce\x00\x89T@\xa1o\xce\x01\x12\xa8\x80-----'
04272019 01:20:41 [INFO]: b'RX:B\x00'
04272019 01:20:41 [INFO]: b'TX:M\x15\x84\xa1e\xcd\x03\xef\xa1t\xcd\x02\xbe\xa1r\xcd\x06\x0f\xa1p\xcd\x14\xfa--'
04272019 01:20:41 [INFO]: b'RX:B\x00'
04272019 01:20:41 [INFO]: b'TX:M\x12\x83\xa1h\x00\xa1a\xce\x00\x89T@\xa1o\xce\x01\x12\xa8\x80-----'
04272019 01:20:41 [INFO]: b'RX:B\x00'
04272019 01:20:42 [INFO]: b'TX:M\x15\x84\xa1e\xcd\x03\xef\xa1t\xcd\x02\xbe\xa1r\xcd\x06\x0f\xa1p\xcd\x14\xfa--'
04272019 01:20:42 [INFO]: b'RX:B\x00'
04272019 01:20:42 [ERROR]: Buffer overflow
04272019 01:20:42 [INFO]: b'TX:M\x12\x83\xa1h\x00\xa1a\xce\x00\x89T@\xa1o\xce\x01\x12\xa8\x80-----'
04272019 01:20:42 [INFO]: b'RX:B\x00'
04272019 01:20:42 [INFO]: b'TX:M\x15\x84\xa1e\xcd\x03\xee\xa1t\xcd\x02\xbe\xa1r\xcd\x06\x1a\xa1p\xcd\x14\xfa--'
04272019 01:20:42 [INFO]: b'RX:B\x00'
04272019 01:20:42 [INFO]: b'TX:M\x15\x84\xa1e\xcd\x03\xee\xa1t\xcd\x02\xbe\xa1r\xcd\x06\x1a\xa1p\xcd\x14\xfa--'
04272019 01:20:43 [INFO]: b'RX:B\x00'
04272019 01:20:43 [INFO]: b'TX:M\x12\x83\xa1h\x00\xa1a\xce\x00\x89T@\xa1o\xce\x01\x12\xa8\x80-----'
04272019 01:20:43 [INFO]: b'RX:B\x00'
04272019 01:20:43 [INFO]: b'TX:M\x12\x83\xa1h\x00\xa1a\xce\x00\x89T@\xa1o\xce\x01\x12\xa8\x80-----'
04272019 01:20:43 [INFO]: b'RX:B\x00'
04272019 01:20:43 [INFO]: b'TX:M\x15\x84\xa1e\xcd\x03\xee\xa1t\xcd\x02\xbe\xa1r\xcd\x06 \xa1p\xcd\x14\xfa--'
04272019 01:20:43 [INFO]: b'RX:B\x00'
04272019 01:20:44 [INFO]: b'TX:M\x15\x84\xa1e\xcd\x03\xee\xa1t\xcd\x02\xbe\xa1r\xcd\x06 \xa1p\xcd\x14\xfa--'
04272019 01:20:44 [INFO]: b'RX:B\x00'
04272019 01:20:44 [INFO]: b'TX:M\x12\x83\xa1h\x00\xa1a\xce\x00\x89T@\xa1o\xce\x01\x12\xa8\x80-----'
04272019 01:20:44 [INFO]: b'RX:B\x00'
04272019 01:20:44 [INFO]: b'TX:M\x12\x83\xa1h\x00\xa1a\xce\x00\x89T@\xa1o\xce\x01\x12\xa8\x80-----'
04272019 01:20:44 [INFO]: b'RX:B\x00'
04272019 01:20:44 [INFO]: b'TX:M\x15\x84\xa1e\xcd\x03\xee\xa1t\xcd\x02\xbe\xa1r\xcd\x06!\xa1p\xcd\x14\xfa--'
04272019 01:20:45 [INFO]: b'RX:B\x00'
04272019 01:20:45 [INFO]: b'TX:M\x12\x83\xa1h\x00\xa1a\xce\x00\x89T@\xa1o\xce\x01\x12\xa8\x80-----'
04272019 01:20:45 [INFO]: b'RX:B\x00'
04272019 01:20:45 [INFO]: b'TX:M\x15\x84\xa1e\xcd\x03\xee\xa1t\xcd\x02\xbe\xa1r\xcd\x06!\xa1p\xcd\x14\xfa--'
04272019 01:20:45 [INFO]: b'RX:B\x00'
04272019 01:20:45 [ERROR]: Buffer overflow
04272019 01:20:45 [INFO]: b'TX:M\x12\x83\xa1h\x00\xa1a\xce\x00\x89T@\xa1o\xce\x01\x12\xa8\x80-----'
